[0.052s] Invoking command in '/mnt/nova_ssd/workspaces/navigation/build/costmap_converter_msgs': CMAKE_PREFIX_PATH=/mnt/nova_ssd/workspaces/navigation/install/dwa_main:/mnt/nova_ssd/workspaces/navigation/install/dstar_main:/mnt/nova_ssd/workspaces/navigation/install/costmap_converter:/mnt/nova_ssd/workspaces/navigation/install/costmap_converter_msgs:/mnt/nova_ssd/workspaces/texttopoint_ws/install/point_publisher_pkg:/mnt/nova_ssd/workspaces/kiss-icp_ws/install/kiss_icp:/mnt/nova_ssd/workspaces/3d_lidar/src/ws_livox/install/livox_ros_driver2:/mnt/nova_ssd/workspaces/scout/install/scout_base:/mnt/nova_ssd/workspaces/pcl_ws/install/my_package:/mnt/nova_ssd/workspaces/pcl_ws/install/livox_tf:/opt/ros/humble:/mnt/nova_ssd/workspaces/scout/install/ugv_sdk:/mnt/nova_ssd/workspaces/scout/install/scout_msgs:/mnt/nova_ssd/workspaces/scout/install/scout_description:/mnt/nova_ssd/workspaces/octomap_ws/install/octomap_example:/mnt/nova_ssd/workspaces/pcl_ws/install/projected_pcl:/mnt/nova_ssd/workspaces/pcl_ws/install/pointcloud_to_laserscan:/mnt/nova_ssd/workspaces/pcl_ws/install/pcl_object_detection:/mnt/nova_ssd/workspaces/pcl_ws/install/pcl_filter /usr/bin/cmake --build /mnt/nova_ssd/workspaces/navigation/build/costmap_converter_msgs -- -j12 -l12
[0.164s] [  2%] Built target costmap_converter_msgs__cpp
[0.235s] [  2%] Built target ament_cmake_python_copy_costmap_converter_msgs
[0.295s] [ 12%] Built target costmap_converter_msgs__rosidl_typesupport_cpp
[0.779s] running egg_info
[0.781s] writing costmap_converter_msgs.egg-info/PKG-INFO
[0.781s] writing dependency_links to costmap_converter_msgs.egg-info/dependency_links.txt
[0.781s] writing top-level names to costmap_converter_msgs.egg-info/top_level.txt
[0.787s] reading manifest file 'costmap_converter_msgs.egg-info/SOURCES.txt'
[0.788s] writing manifest file 'costmap_converter_msgs.egg-info/SOURCES.txt'
[0.868s] [ 12%] Built target ament_cmake_python_build_costmap_converter_msgs_egg
[0.940s] [ 23%] Built target costmap_converter_msgs__rosidl_typesupport_introspection_cpp
[1.004s] [ 33%] Built target costmap_converter_msgs__rosidl_typesupport_fastrtps_cpp
[1.077s] [ 43%] Built target costmap_converter_msgs__rosidl_generator_c
[1.120s] [ 53%] Built target costmap_converter_msgs__rosidl_typesupport_introspection_c
[1.182s] [ 64%] Built target costmap_converter_msgs__rosidl_typesupport_fastrtps_c
[1.254s] [ 74%] Built target costmap_converter_msgs__rosidl_typesupport_c
[1.301s] [ 74%] Built target costmap_converter_msgs
[1.347s] [ 76%] Built target costmap_converter_msgs__py
[1.427s] [ 84%] Built target costmap_converter_msgs__rosidl_generator_py
[1.474s] [ 89%] Built target costmap_converter_msgs__rosidl_typesupport_fastrtps_c__pyext
[1.527s] [ 94%] Built target costmap_converter_msgs__rosidl_typesupport_c__pyext
[1.575s] [100%] Built target costmap_converter_msgs__rosidl_typesupport_introspection_c__pyext
[1.620s] Invoked command in '/mnt/nova_ssd/workspaces/navigation/build/costmap_converter_msgs' returned '0': CMAKE_PREFIX_PATH=/mnt/nova_ssd/workspaces/navigation/install/dwa_main:/mnt/nova_ssd/workspaces/navigation/install/dstar_main:/mnt/nova_ssd/workspaces/navigation/install/costmap_converter:/mnt/nova_ssd/workspaces/navigation/install/costmap_converter_msgs:/mnt/nova_ssd/workspaces/texttopoint_ws/install/point_publisher_pkg:/mnt/nova_ssd/workspaces/kiss-icp_ws/install/kiss_icp:/mnt/nova_ssd/workspaces/3d_lidar/src/ws_livox/install/livox_ros_driver2:/mnt/nova_ssd/workspaces/scout/install/scout_base:/mnt/nova_ssd/workspaces/pcl_ws/install/my_package:/mnt/nova_ssd/workspaces/pcl_ws/install/livox_tf:/opt/ros/humble:/mnt/nova_ssd/workspaces/scout/install/ugv_sdk:/mnt/nova_ssd/workspaces/scout/install/scout_msgs:/mnt/nova_ssd/workspaces/scout/install/scout_description:/mnt/nova_ssd/workspaces/octomap_ws/install/octomap_example:/mnt/nova_ssd/workspaces/pcl_ws/install/projected_pcl:/mnt/nova_ssd/workspaces/pcl_ws/install/pointcloud_to_laserscan:/mnt/nova_ssd/workspaces/pcl_ws/install/pcl_object_detection:/mnt/nova_ssd/workspaces/pcl_ws/install/pcl_filter /usr/bin/cmake --build /mnt/nova_ssd/workspaces/navigation/build/costmap_converter_msgs -- -j12 -l12
[2.055s] Invoking command in '/mnt/nova_ssd/workspaces/navigation/build/costmap_converter_msgs': CMAKE_PREFIX_PATH=/mnt/nova_ssd/workspaces/navigation/install/dwa_main:/mnt/nova_ssd/workspaces/navigation/install/dstar_main:/mnt/nova_ssd/workspaces/navigation/install/costmap_converter:/mnt/nova_ssd/workspaces/navigation/install/costmap_converter_msgs:/mnt/nova_ssd/workspaces/texttopoint_ws/install/point_publisher_pkg:/mnt/nova_ssd/workspaces/kiss-icp_ws/install/kiss_icp:/mnt/nova_ssd/workspaces/3d_lidar/src/ws_livox/install/livox_ros_driver2:/mnt/nova_ssd/workspaces/scout/install/scout_base:/mnt/nova_ssd/workspaces/pcl_ws/install/my_package:/mnt/nova_ssd/workspaces/pcl_ws/install/livox_tf:/opt/ros/humble:/mnt/nova_ssd/workspaces/scout/install/ugv_sdk:/mnt/nova_ssd/workspaces/scout/install/scout_msgs:/mnt/nova_ssd/workspaces/scout/install/scout_description:/mnt/nova_ssd/workspaces/octomap_ws/install/octomap_example:/mnt/nova_ssd/workspaces/pcl_ws/install/projected_pcl:/mnt/nova_ssd/workspaces/pcl_ws/install/pointcloud_to_laserscan:/mnt/nova_ssd/workspaces/pcl_ws/install/pcl_object_detection:/mnt/nova_ssd/workspaces/pcl_ws/install/pcl_filter /usr/bin/cmake --install /mnt/nova_ssd/workspaces/navigation/build/costmap_converter_msgs
[2.084s] -- Install configuration: ""
[2.084s] -- Up-to-date: /mnt/nova_ssd/workspaces/navigation/install/costmap_converter_msgs/share/ament_index/resource_index/rosidl_interfaces/costmap_converter_msgs
[2.085s] -- Up-to-date: /mnt/nova_ssd/workspaces/navigation/install/costmap_converter_msgs/include/costmap_converter_msgs/costmap_converter_msgs
[2.086s] -- Up-to-date: /mnt/nova_ssd/workspaces/navigation/install/costmap_converter_msgs/include/costmap_converter_msgs/costmap_converter_msgs/msg
[2.087s] -- Up-to-date: /mnt/nova_ssd/workspaces/navigation/install/costmap_converter_msgs/include/costmap_converter_msgs/costmap_converter_msgs/msg/obstacle_msg.h
[2.088s] -- Up-to-date: /mnt/nova_ssd/workspaces/navigation/install/costmap_converter_msgs/include/costmap_converter_msgs/costmap_converter_msgs/msg/detail
[2.088s] -- Up-to-date: /mnt/nova_ssd/workspaces/navigation/install/costmap_converter_msgs/include/costmap_converter_msgs/costmap_converter_msgs/msg/detail/obstacle_msg__functions.h
[2.089s] -- Up-to-date: /mnt/nova_ssd/workspaces/navigation/install/costmap_converter_msgs/include/costmap_converter_msgs/costmap_converter_msgs/msg/detail/obstacle_msg__struct.h
[2.089s] -- Up-to-date: /mnt/nova_ssd/workspaces/navigation/install/costmap_converter_msgs/include/costmap_converter_msgs/costmap_converter_msgs/msg/detail/obstacle_msg__functions.c
[2.090s] -- Up-to-date: /mnt/nova_ssd/workspaces/navigation/install/costmap_converter_msgs/include/costmap_converter_msgs/costmap_converter_msgs/msg/detail/obstacle_array_msg__functions.h
[2.091s] -- Up-to-date: /mnt/nova_ssd/workspaces/navigation/install/costmap_converter_msgs/include/costmap_converter_msgs/costmap_converter_msgs/msg/detail/obstacle_array_msg__struct.h
[2.091s] -- Up-to-date: /mnt/nova_ssd/workspaces/navigation/install/costmap_converter_msgs/include/costmap_converter_msgs/costmap_converter_msgs/msg/detail/obstacle_msg__type_support.h
[2.092s] -- Up-to-date: /mnt/nova_ssd/workspaces/navigation/install/costmap_converter_msgs/include/costmap_converter_msgs/costmap_converter_msgs/msg/detail/obstacle_array_msg__type_support.h
[2.093s] -- Up-to-date: /mnt/nova_ssd/workspaces/navigation/install/costmap_converter_msgs/include/costmap_converter_msgs/costmap_converter_msgs/msg/detail/obstacle_array_msg__functions.c
[2.093s] -- Up-to-date: /mnt/nova_ssd/workspaces/navigation/install/costmap_converter_msgs/include/costmap_converter_msgs/costmap_converter_msgs/msg/rosidl_generator_c__visibility_control.h
[2.094s] -- Up-to-date: /mnt/nova_ssd/workspaces/navigation/install/costmap_converter_msgs/include/costmap_converter_msgs/costmap_converter_msgs/msg/obstacle_array_msg.h
[2.095s] -- Up-to-date: /mnt/nova_ssd/workspaces/navigation/install/costmap_converter_msgs/share/costmap_converter_msgs/environment/library_path.sh
[2.095s] -- Up-to-date: /mnt/nova_ssd/workspaces/navigation/install/costmap_converter_msgs/share/costmap_converter_msgs/environment/library_path.dsv
[2.096s] -- Up-to-date: /mnt/nova_ssd/workspaces/navigation/install/costmap_converter_msgs/lib/libcostmap_converter_msgs__rosidl_generator_c.so
[2.097s] -- Up-to-date: /mnt/nova_ssd/workspaces/navigation/install/costmap_converter_msgs/include/costmap_converter_msgs/costmap_converter_msgs
[2.098s] -- Up-to-date: /mnt/nova_ssd/workspaces/navigation/install/costmap_converter_msgs/include/costmap_converter_msgs/costmap_converter_msgs/msg
[2.098s] -- Up-to-date: /mnt/nova_ssd/workspaces/navigation/install/costmap_converter_msgs/include/costmap_converter_msgs/costmap_converter_msgs/msg/detail
[2.099s] -- Up-to-date: /mnt/nova_ssd/workspaces/navigation/install/costmap_converter_msgs/include/costmap_converter_msgs/costmap_converter_msgs/msg/detail/obstacle_array_msg__rosidl_typesupport_fastrtps_c.h
[2.099s] -- Up-to-date: /mnt/nova_ssd/workspaces/navigation/install/costmap_converter_msgs/include/costmap_converter_msgs/costmap_converter_msgs/msg/detail/obstacle_msg__rosidl_typesupport_fastrtps_c.h
[2.099s] -- Up-to-date: /mnt/nova_ssd/workspaces/navigation/install/costmap_converter_msgs/include/costmap_converter_msgs/costmap_converter_msgs/msg/rosidl_typesupport_fastrtps_c__visibility_control.h
[2.099s] -- Up-to-date: /mnt/nova_ssd/workspaces/navigation/install/costmap_converter_msgs/lib/libcostmap_converter_msgs__rosidl_typesupport_fastrtps_c.so
[2.099s] -- Up-to-date: /mnt/nova_ssd/workspaces/navigation/install/costmap_converter_msgs/include/costmap_converter_msgs/costmap_converter_msgs
[2.099s] -- Up-to-date: /mnt/nova_ssd/workspaces/navigation/install/costmap_converter_msgs/include/costmap_converter_msgs/costmap_converter_msgs/msg
[2.099s] -- Up-to-date: /mnt/nova_ssd/workspaces/navigation/install/costmap_converter_msgs/include/costmap_converter_msgs/costmap_converter_msgs/msg/detail
[2.100s] -- Up-to-date: /mnt/nova_ssd/workspaces/navigation/install/costmap_converter_msgs/include/costmap_converter_msgs/costmap_converter_msgs/msg/detail/obstacle_msg__traits.hpp
[2.100s] -- Up-to-date: /mnt/nova_ssd/workspaces/navigation/install/costmap_converter_msgs/include/costmap_converter_msgs/costmap_converter_msgs/msg/detail/obstacle_msg__builder.hpp
[2.100s] -- Up-to-date: /mnt/nova_ssd/workspaces/navigation/install/costmap_converter_msgs/include/costmap_converter_msgs/costmap_converter_msgs/msg/detail/obstacle_array_msg__struct.hpp
[2.100s] -- Up-to-date: /mnt/nova_ssd/workspaces/navigation/install/costmap_converter_msgs/include/costmap_converter_msgs/costmap_converter_msgs/msg/detail/obstacle_array_msg__builder.hpp
[2.100s] -- Up-to-date: /mnt/nova_ssd/workspaces/navigation/install/costmap_converter_msgs/include/costmap_converter_msgs/costmap_converter_msgs/msg/detail/obstacle_msg__struct.hpp
[2.100s] -- Up-to-date: /mnt/nova_ssd/workspaces/navigation/install/costmap_converter_msgs/include/costmap_converter_msgs/costmap_converter_msgs/msg/detail/obstacle_array_msg__traits.hpp
[2.101s] -- Up-to-date: /mnt/nova_ssd/workspaces/navigation/install/costmap_converter_msgs/include/costmap_converter_msgs/costmap_converter_msgs/msg/obstacle_msg.hpp
[2.101s] -- Up-to-date: /mnt/nova_ssd/workspaces/navigation/install/costmap_converter_msgs/include/costmap_converter_msgs/costmap_converter_msgs/msg/obstacle_array_msg.hpp
[2.101s] -- Up-to-date: /mnt/nova_ssd/workspaces/navigation/install/costmap_converter_msgs/include/costmap_converter_msgs/costmap_converter_msgs
[2.101s] -- Up-to-date: /mnt/nova_ssd/workspaces/navigation/install/costmap_converter_msgs/include/costmap_converter_msgs/costmap_converter_msgs/msg
[2.101s] -- Up-to-date: /mnt/nova_ssd/workspaces/navigation/install/costmap_converter_msgs/include/costmap_converter_msgs/costmap_converter_msgs/msg/detail
[2.101s] -- Up-to-date: /mnt/nova_ssd/workspaces/navigation/install/costmap_converter_msgs/include/costmap_converter_msgs/costmap_converter_msgs/msg/detail/obstacle_array_msg__rosidl_typesupport_fastrtps_cpp.hpp
[2.101s] -- Up-to-date: /mnt/nova_ssd/workspaces/navigation/install/costmap_converter_msgs/include/costmap_converter_msgs/costmap_converter_msgs/msg/detail/obstacle_msg__rosidl_typesupport_fastrtps_cpp.hpp
[2.101s] -- Up-to-date: /mnt/nova_ssd/workspaces/navigation/install/costmap_converter_msgs/include/costmap_converter_msgs/costmap_converter_msgs/msg/detail/dds_fastrtps
[2.102s] -- Up-to-date: /mnt/nova_ssd/workspaces/navigation/install/costmap_converter_msgs/include/costmap_converter_msgs/costmap_converter_msgs/msg/rosidl_typesupport_fastrtps_cpp__visibility_control.h
[2.102s] -- Up-to-date: /mnt/nova_ssd/workspaces/navigation/install/costmap_converter_msgs/lib/libcostmap_converter_msgs__rosidl_typesupport_fastrtps_cpp.so
[2.102s] -- Up-to-date: /mnt/nova_ssd/workspaces/navigation/install/costmap_converter_msgs/include/costmap_converter_msgs/costmap_converter_msgs
[2.102s] -- Up-to-date: /mnt/nova_ssd/workspaces/navigation/install/costmap_converter_msgs/include/costmap_converter_msgs/costmap_converter_msgs/msg
[2.102s] -- Up-to-date: /mnt/nova_ssd/workspaces/navigation/install/costmap_converter_msgs/include/costmap_converter_msgs/costmap_converter_msgs/msg/detail
[2.102s] -- Up-to-date: /mnt/nova_ssd/workspaces/navigation/install/costmap_converter_msgs/include/costmap_converter_msgs/costmap_converter_msgs/msg/detail/obstacle_msg__rosidl_typesupport_introspection_c.h
[2.102s] -- Up-to-date: /mnt/nova_ssd/workspaces/navigation/install/costmap_converter_msgs/include/costmap_converter_msgs/costmap_converter_msgs/msg/detail/obstacle_msg__type_support.c
[2.102s] -- Up-to-date: /mnt/nova_ssd/workspaces/navigation/install/costmap_converter_msgs/include/costmap_converter_msgs/costmap_converter_msgs/msg/detail/obstacle_array_msg__rosidl_typesupport_introspection_c.h
[2.102s] -- Up-to-date: /mnt/nova_ssd/workspaces/navigation/install/costmap_converter_msgs/include/costmap_converter_msgs/costmap_converter_msgs/msg/detail/obstacle_array_msg__type_support.c
[2.102s] -- Up-to-date: /mnt/nova_ssd/workspaces/navigation/install/costmap_converter_msgs/include/costmap_converter_msgs/costmap_converter_msgs/msg/rosidl_typesupport_introspection_c__visibility_control.h
[2.103s] -- Up-to-date: /mnt/nova_ssd/workspaces/navigation/install/costmap_converter_msgs/lib/libcostmap_converter_msgs__rosidl_typesupport_introspection_c.so
[2.103s] -- Up-to-date: /mnt/nova_ssd/workspaces/navigation/install/costmap_converter_msgs/lib/libcostmap_converter_msgs__rosidl_typesupport_c.so
[2.103s] -- Up-to-date: /mnt/nova_ssd/workspaces/navigation/install/costmap_converter_msgs/include/costmap_converter_msgs/costmap_converter_msgs
[2.103s] -- Up-to-date: /mnt/nova_ssd/workspaces/navigation/install/costmap_converter_msgs/include/costmap_converter_msgs/costmap_converter_msgs/msg
[2.103s] -- Up-to-date: /mnt/nova_ssd/workspaces/navigation/install/costmap_converter_msgs/include/costmap_converter_msgs/costmap_converter_msgs/msg/detail
[2.103s] -- Up-to-date: /mnt/nova_ssd/workspaces/navigation/install/costmap_converter_msgs/include/costmap_converter_msgs/costmap_converter_msgs/msg/detail/obstacle_array_msg__type_support.cpp
[2.103s] -- Up-to-date: /mnt/nova_ssd/workspaces/navigation/install/costmap_converter_msgs/include/costmap_converter_msgs/costmap_converter_msgs/msg/detail/obstacle_msg__rosidl_typesupport_introspection_cpp.hpp
[2.103s] -- Up-to-date: /mnt/nova_ssd/workspaces/navigation/install/costmap_converter_msgs/include/costmap_converter_msgs/costmap_converter_msgs/msg/detail/obstacle_array_msg__rosidl_typesupport_introspection_cpp.hpp
[2.104s] -- Up-to-date: /mnt/nova_ssd/workspaces/navigation/install/costmap_converter_msgs/include/costmap_converter_msgs/costmap_converter_msgs/msg/detail/obstacle_msg__type_support.cpp
[2.104s] -- Up-to-date: /mnt/nova_ssd/workspaces/navigation/install/costmap_converter_msgs/lib/libcostmap_converter_msgs__rosidl_typesupport_introspection_cpp.so
[2.104s] -- Up-to-date: /mnt/nova_ssd/workspaces/navigation/install/costmap_converter_msgs/lib/libcostmap_converter_msgs__rosidl_typesupport_cpp.so
[2.104s] -- Up-to-date: /mnt/nova_ssd/workspaces/navigation/install/costmap_converter_msgs/share/costmap_converter_msgs/environment/pythonpath.sh
[2.104s] -- Up-to-date: /mnt/nova_ssd/workspaces/navigation/install/costmap_converter_msgs/share/costmap_converter_msgs/environment/pythonpath.dsv
[2.104s] -- Up-to-date: /mnt/nova_ssd/workspaces/navigation/install/costmap_converter_msgs/local/lib/python3.10/dist-packages/costmap_converter_msgs-0.1.2-py3.10.egg-info
[2.104s] -- Installing: /mnt/nova_ssd/workspaces/navigation/install/costmap_converter_msgs/local/lib/python3.10/dist-packages/costmap_converter_msgs-0.1.2-py3.10.egg-info/PKG-INFO
[2.104s] -- Installing: /mnt/nova_ssd/workspaces/navigation/install/costmap_converter_msgs/local/lib/python3.10/dist-packages/costmap_converter_msgs-0.1.2-py3.10.egg-info/dependency_links.txt
[2.114s] -- Installing: /mnt/nova_ssd/workspaces/navigation/install/costmap_converter_msgs/local/lib/python3.10/dist-packages/costmap_converter_msgs-0.1.2-py3.10.egg-info/SOURCES.txt
[2.115s] -- Installing: /mnt/nova_ssd/workspaces/navigation/install/costmap_converter_msgs/local/lib/python3.10/dist-packages/costmap_converter_msgs-0.1.2-py3.10.egg-info/top_level.txt
[2.115s] -- Up-to-date: /mnt/nova_ssd/workspaces/navigation/install/costmap_converter_msgs/local/lib/python3.10/dist-packages/costmap_converter_msgs
[2.115s] -- Up-to-date: /mnt/nova_ssd/workspaces/navigation/install/costmap_converter_msgs/local/lib/python3.10/dist-packages/costmap_converter_msgs/libcostmap_converter_msgs__rosidl_generator_py.so
[2.116s] -- Up-to-date: /mnt/nova_ssd/workspaces/navigation/install/costmap_converter_msgs/local/lib/python3.10/dist-packages/costmap_converter_msgs/_costmap_converter_msgs_s.ep.rosidl_typesupport_introspection_c.c
[2.116s] -- Up-to-date: /mnt/nova_ssd/workspaces/navigation/install/costmap_converter_msgs/local/lib/python3.10/dist-packages/costmap_converter_msgs/costmap_converter_msgs_s__rosidl_typesupport_fastrtps_c.cpython-310-aarch64-linux-gnu.so
[2.116s] -- Up-to-date: /mnt/nova_ssd/workspaces/navigation/install/costmap_converter_msgs/local/lib/python3.10/dist-packages/costmap_converter_msgs/costmap_converter_msgs_s__rosidl_typesupport_introspection_c.cpython-310-aarch64-linux-gnu.so
[2.116s] -- Up-to-date: /mnt/nova_ssd/workspaces/navigation/install/costmap_converter_msgs/local/lib/python3.10/dist-packages/costmap_converter_msgs/_costmap_converter_msgs_s.ep.rosidl_typesupport_c.c
[2.116s] -- Up-to-date: /mnt/nova_ssd/workspaces/navigation/install/costmap_converter_msgs/local/lib/python3.10/dist-packages/costmap_converter_msgs/msg
[2.116s] -- Up-to-date: /mnt/nova_ssd/workspaces/navigation/install/costmap_converter_msgs/local/lib/python3.10/dist-packages/costmap_converter_msgs/msg/_obstacle_array_msg_s.c
[2.116s] -- Up-to-date: /mnt/nova_ssd/workspaces/navigation/install/costmap_converter_msgs/local/lib/python3.10/dist-packages/costmap_converter_msgs/msg/_obstacle_array_msg.py
[2.116s] -- Up-to-date: /mnt/nova_ssd/workspaces/navigation/install/costmap_converter_msgs/local/lib/python3.10/dist-packages/costmap_converter_msgs/msg/_obstacle_msg_s.c
[2.116s] -- Up-to-date: /mnt/nova_ssd/workspaces/navigation/install/costmap_converter_msgs/local/lib/python3.10/dist-packages/costmap_converter_msgs/msg/_obstacle_msg.py
[2.117s] -- Up-to-date: /mnt/nova_ssd/workspaces/navigation/install/costmap_converter_msgs/local/lib/python3.10/dist-packages/costmap_converter_msgs/msg/__init__.py
[2.117s] -- Up-to-date: /mnt/nova_ssd/workspaces/navigation/install/costmap_converter_msgs/local/lib/python3.10/dist-packages/costmap_converter_msgs/costmap_converter_msgs_s__rosidl_typesupport_c.cpython-310-aarch64-linux-gnu.so
[2.117s] -- Up-to-date: /mnt/nova_ssd/workspaces/navigation/install/costmap_converter_msgs/local/lib/python3.10/dist-packages/costmap_converter_msgs/__init__.py
[2.117s] -- Up-to-date: /mnt/nova_ssd/workspaces/navigation/install/costmap_converter_msgs/local/lib/python3.10/dist-packages/costmap_converter_msgs/_costmap_converter_msgs_s.ep.rosidl_typesupport_fastrtps_c.c
[2.184s] Listing '/mnt/nova_ssd/workspaces/navigation/install/costmap_converter_msgs/local/lib/python3.10/dist-packages/costmap_converter_msgs'...
[2.185s] Listing '/mnt/nova_ssd/workspaces/navigation/install/costmap_converter_msgs/local/lib/python3.10/dist-packages/costmap_converter_msgs/msg'...
[2.196s] -- Up-to-date: /mnt/nova_ssd/workspaces/navigation/install/costmap_converter_msgs/local/lib/python3.10/dist-packages/costmap_converter_msgs/costmap_converter_msgs_s__rosidl_typesupport_fastrtps_c.cpython-310-aarch64-linux-gnu.so
[2.196s] -- Up-to-date: /mnt/nova_ssd/workspaces/navigation/install/costmap_converter_msgs/local/lib/python3.10/dist-packages/costmap_converter_msgs/costmap_converter_msgs_s__rosidl_typesupport_introspection_c.cpython-310-aarch64-linux-gnu.so
[2.196s] -- Up-to-date: /mnt/nova_ssd/workspaces/navigation/install/costmap_converter_msgs/local/lib/python3.10/dist-packages/costmap_converter_msgs/costmap_converter_msgs_s__rosidl_typesupport_c.cpython-310-aarch64-linux-gnu.so
[2.196s] -- Up-to-date: /mnt/nova_ssd/workspaces/navigation/install/costmap_converter_msgs/lib/libcostmap_converter_msgs__rosidl_generator_py.so
[2.197s] -- Up-to-date: /mnt/nova_ssd/workspaces/navigation/install/costmap_converter_msgs/share/costmap_converter_msgs/msg/ObstacleMsg.idl
[2.197s] -- Up-to-date: /mnt/nova_ssd/workspaces/navigation/install/costmap_converter_msgs/share/costmap_converter_msgs/msg/ObstacleArrayMsg.idl
[2.197s] -- Up-to-date: /mnt/nova_ssd/workspaces/navigation/install/costmap_converter_msgs/share/costmap_converter_msgs/msg/ObstacleMsg.msg
[2.197s] -- Up-to-date: /mnt/nova_ssd/workspaces/navigation/install/costmap_converter_msgs/share/costmap_converter_msgs/msg/ObstacleArrayMsg.msg
[2.197s] -- Up-to-date: /mnt/nova_ssd/workspaces/navigation/install/costmap_converter_msgs/share/ament_index/resource_index/package_run_dependencies/costmap_converter_msgs
[2.198s] -- Up-to-date: /mnt/nova_ssd/workspaces/navigation/install/costmap_converter_msgs/share/ament_index/resource_index/parent_prefix_path/costmap_converter_msgs
[2.198s] -- Up-to-date: /mnt/nova_ssd/workspaces/navigation/install/costmap_converter_msgs/share/costmap_converter_msgs/environment/ament_prefix_path.sh
[2.198s] -- Up-to-date: /mnt/nova_ssd/workspaces/navigation/install/costmap_converter_msgs/share/costmap_converter_msgs/environment/ament_prefix_path.dsv
[2.198s] -- Up-to-date: /mnt/nova_ssd/workspaces/navigation/install/costmap_converter_msgs/share/costmap_converter_msgs/environment/path.sh
[2.198s] -- Up-to-date: /mnt/nova_ssd/workspaces/navigation/install/costmap_converter_msgs/share/costmap_converter_msgs/environment/path.dsv
[2.199s] -- Up-to-date: /mnt/nova_ssd/workspaces/navigation/install/costmap_converter_msgs/share/costmap_converter_msgs/local_setup.bash
[2.199s] -- Up-to-date: /mnt/nova_ssd/workspaces/navigation/install/costmap_converter_msgs/share/costmap_converter_msgs/local_setup.sh
[2.199s] -- Up-to-date: /mnt/nova_ssd/workspaces/navigation/install/costmap_converter_msgs/share/costmap_converter_msgs/local_setup.zsh
[2.200s] -- Up-to-date: /mnt/nova_ssd/workspaces/navigation/install/costmap_converter_msgs/share/costmap_converter_msgs/local_setup.dsv
[2.200s] -- Installing: /mnt/nova_ssd/workspaces/navigation/install/costmap_converter_msgs/share/costmap_converter_msgs/package.dsv
[2.200s] -- Up-to-date: /mnt/nova_ssd/workspaces/navigation/install/costmap_converter_msgs/share/ament_index/resource_index/packages/costmap_converter_msgs
[2.200s] -- Up-to-date: /mnt/nova_ssd/workspaces/navigation/install/costmap_converter_msgs/share/costmap_converter_msgs/cmake/export_costmap_converter_msgs__rosidl_generator_cExport.cmake
[2.200s] -- Up-to-date: /mnt/nova_ssd/workspaces/navigation/install/costmap_converter_msgs/share/costmap_converter_msgs/cmake/export_costmap_converter_msgs__rosidl_generator_cExport-noconfig.cmake
[2.200s] -- Up-to-date: /mnt/nova_ssd/workspaces/navigation/install/costmap_converter_msgs/share/costmap_converter_msgs/cmake/export_costmap_converter_msgs__rosidl_typesupport_fastrtps_cExport.cmake
[2.201s] -- Up-to-date: /mnt/nova_ssd/workspaces/navigation/install/costmap_converter_msgs/share/costmap_converter_msgs/cmake/export_costmap_converter_msgs__rosidl_typesupport_fastrtps_cExport-noconfig.cmake
[2.201s] -- Up-to-date: /mnt/nova_ssd/workspaces/navigation/install/costmap_converter_msgs/share/costmap_converter_msgs/cmake/export_costmap_converter_msgs__rosidl_generator_cppExport.cmake
[2.201s] -- Up-to-date: /mnt/nova_ssd/workspaces/navigation/install/costmap_converter_msgs/share/costmap_converter_msgs/cmake/export_costmap_converter_msgs__rosidl_typesupport_fastrtps_cppExport.cmake
[2.201s] -- Up-to-date: /mnt/nova_ssd/workspaces/navigation/install/costmap_converter_msgs/share/costmap_converter_msgs/cmake/export_costmap_converter_msgs__rosidl_typesupport_fastrtps_cppExport-noconfig.cmake
[2.201s] -- Up-to-date: /mnt/nova_ssd/workspaces/navigation/install/costmap_converter_msgs/share/costmap_converter_msgs/cmake/costmap_converter_msgs__rosidl_typesupport_introspection_cExport.cmake
[2.201s] -- Up-to-date: /mnt/nova_ssd/workspaces/navigation/install/costmap_converter_msgs/share/costmap_converter_msgs/cmake/costmap_converter_msgs__rosidl_typesupport_introspection_cExport-noconfig.cmake
[2.201s] -- Up-to-date: /mnt/nova_ssd/workspaces/navigation/install/costmap_converter_msgs/share/costmap_converter_msgs/cmake/costmap_converter_msgs__rosidl_typesupport_cExport.cmake
[2.201s] -- Up-to-date: /mnt/nova_ssd/workspaces/navigation/install/costmap_converter_msgs/share/costmap_converter_msgs/cmake/costmap_converter_msgs__rosidl_typesupport_cExport-noconfig.cmake
[2.201s] -- Up-to-date: /mnt/nova_ssd/workspaces/navigation/install/costmap_converter_msgs/share/costmap_converter_msgs/cmake/costmap_converter_msgs__rosidl_typesupport_introspection_cppExport.cmake
[2.202s] -- Up-to-date: /mnt/nova_ssd/workspaces/navigation/install/costmap_converter_msgs/share/costmap_converter_msgs/cmake/costmap_converter_msgs__rosidl_typesupport_introspection_cppExport-noconfig.cmake
[2.202s] -- Up-to-date: /mnt/nova_ssd/workspaces/navigation/install/costmap_converter_msgs/share/costmap_converter_msgs/cmake/costmap_converter_msgs__rosidl_typesupport_cppExport.cmake
[2.202s] -- Up-to-date: /mnt/nova_ssd/workspaces/navigation/install/costmap_converter_msgs/share/costmap_converter_msgs/cmake/costmap_converter_msgs__rosidl_typesupport_cppExport-noconfig.cmake
[2.202s] -- Up-to-date: /mnt/nova_ssd/workspaces/navigation/install/costmap_converter_msgs/share/costmap_converter_msgs/cmake/export_costmap_converter_msgs__rosidl_generator_pyExport.cmake
[2.202s] -- Up-to-date: /mnt/nova_ssd/workspaces/navigation/install/costmap_converter_msgs/share/costmap_converter_msgs/cmake/export_costmap_converter_msgs__rosidl_generator_pyExport-noconfig.cmake
[2.202s] -- Up-to-date: /mnt/nova_ssd/workspaces/navigation/install/costmap_converter_msgs/share/costmap_converter_msgs/cmake/rosidl_cmake-extras.cmake
[2.202s] -- Up-to-date: /mnt/nova_ssd/workspaces/navigation/install/costmap_converter_msgs/share/costmap_converter_msgs/cmake/ament_cmake_export_dependencies-extras.cmake
[2.202s] -- Up-to-date: /mnt/nova_ssd/workspaces/navigation/install/costmap_converter_msgs/share/costmap_converter_msgs/cmake/ament_cmake_export_include_directories-extras.cmake
[2.202s] -- Up-to-date: /mnt/nova_ssd/workspaces/navigation/install/costmap_converter_msgs/share/costmap_converter_msgs/cmake/ament_cmake_export_libraries-extras.cmake
[2.202s] -- Up-to-date: /mnt/nova_ssd/workspaces/navigation/install/costmap_converter_msgs/share/costmap_converter_msgs/cmake/ament_cmake_export_targets-extras.cmake
[2.203s] -- Up-to-date: /mnt/nova_ssd/workspaces/navigation/install/costmap_converter_msgs/share/costmap_converter_msgs/cmake/rosidl_cmake_export_typesupport_targets-extras.cmake
[2.216s] -- Up-to-date: /mnt/nova_ssd/workspaces/navigation/install/costmap_converter_msgs/share/costmap_converter_msgs/cmake/rosidl_cmake_export_typesupport_libraries-extras.cmake
[2.217s] -- Up-to-date: /mnt/nova_ssd/workspaces/navigation/install/costmap_converter_msgs/share/costmap_converter_msgs/cmake/costmap_converter_msgsConfig.cmake
[2.217s] -- Up-to-date: /mnt/nova_ssd/workspaces/navigation/install/costmap_converter_msgs/share/costmap_converter_msgs/cmake/costmap_converter_msgsConfig-version.cmake
[2.218s] -- Up-to-date: /mnt/nova_ssd/workspaces/navigation/install/costmap_converter_msgs/share/costmap_converter_msgs/package.xml
[2.218s] Invoked command in '/mnt/nova_ssd/workspaces/navigation/build/costmap_converter_msgs' returned '0': CMAKE_PREFIX_PATH=/mnt/nova_ssd/workspaces/navigation/install/dwa_main:/mnt/nova_ssd/workspaces/navigation/install/dstar_main:/mnt/nova_ssd/workspaces/navigation/install/costmap_converter:/mnt/nova_ssd/workspaces/navigation/install/costmap_converter_msgs:/mnt/nova_ssd/workspaces/texttopoint_ws/install/point_publisher_pkg:/mnt/nova_ssd/workspaces/kiss-icp_ws/install/kiss_icp:/mnt/nova_ssd/workspaces/3d_lidar/src/ws_livox/install/livox_ros_driver2:/mnt/nova_ssd/workspaces/scout/install/scout_base:/mnt/nova_ssd/workspaces/pcl_ws/install/my_package:/mnt/nova_ssd/workspaces/pcl_ws/install/livox_tf:/opt/ros/humble:/mnt/nova_ssd/workspaces/scout/install/ugv_sdk:/mnt/nova_ssd/workspaces/scout/install/scout_msgs:/mnt/nova_ssd/workspaces/scout/install/scout_description:/mnt/nova_ssd/workspaces/octomap_ws/install/octomap_example:/mnt/nova_ssd/workspaces/pcl_ws/install/projected_pcl:/mnt/nova_ssd/workspaces/pcl_ws/install/pointcloud_to_laserscan:/mnt/nova_ssd/workspaces/pcl_ws/install/pcl_object_detection:/mnt/nova_ssd/workspaces/pcl_ws/install/pcl_filter /usr/bin/cmake --install /mnt/nova_ssd/workspaces/navigation/build/costmap_converter_msgs
