[0.176s] DEBUG:colcon:Command line arguments: ['/usr/bin/colcon', 'build']
[0.176s] DEBUG:colcon:Parsed command line arguments: Namespace(log_base=None, log_level=None, verb_name='build', build_base='build', install_base='install', merge_install=False, symlink_install=False, test_result_base=None, continue_on_error=False, executor='parallel', parallel_workers=12, event_handlers=None, ignore_user_meta=False, metas=['./colcon.meta'], base_paths=['.'], packages_ignore=None, packages_ignore_regex=None, paths=None, packages_up_to=None, packages_up_to_regex=None, packages_above=None, packages_above_and_dependencies=None, packages_above_depth=None, packages_select_by_dep=None, packages_skip_by_dep=None, packages_skip_up_to=None, packages_select_build_failed=False, packages_skip_build_finished=False, packages_select_test_failures=False, packages_skip_test_passed=False, packages_select=None, packages_skip=None, packages_select_regex=None, packages_skip_regex=None, packages_start=None, packages_end=None, allow_overriding=[], cmake_args=None, cmake_target=None, cmake_target_skip_unavailable=False, cmake_clean_cache=False, cmake_clean_first=False, cmake_force_configure=False, ament_cmake_args=None, catkin_cmake_args=None, catkin_skip_building_tests=False, mixin_files=None, mixin=None, verb_parser=<colcon_mixin.mixin.mixin_argument.MixinArgumentDecorator object at 0xffff7f8ee440>, verb_extension=<colcon_core.verb.build.BuildVerb object at 0xffff7fa02ad0>, main=<bound method BuildVerb.main of <colcon_core.verb.build.BuildVerb object at 0xffff7fa02ad0>>, mixin_verb=('build',))
[0.435s] Level 1:colcon.colcon_core.package_discovery:discover_packages(colcon_meta) check parameters
[0.436s] Level 1:colcon.colcon_core.package_discovery:discover_packages(recursive) check parameters
[0.436s] Level 1:colcon.colcon_core.package_discovery:discover_packages(ignore) check parameters
[0.436s] Level 1:colcon.colcon_core.package_discovery:discover_packages(path) check parameters
[0.436s] Level 1:colcon.colcon_core.package_discovery:discover_packages(colcon_meta) discover
[0.436s] Level 1:colcon.colcon_core.package_discovery:discover_packages(recursive) discover
[0.436s] INFO:colcon.colcon_core.package_discovery:Crawling recursively for packages in '/mnt/nova_ssd/workspaces/pcl_ws'
[0.436s] Level 1:colcon.colcon_core.package_identification:_identify(.) by extensions ['ignore', 'ignore_ament_install']
[0.437s] Level 1:colcon.colcon_core.package_identification:_identify(.) by extension 'ignore'
[0.437s] Level 1:colcon.colcon_core.package_identification:_identify(.) by extension 'ignore_ament_install'
[0.437s] Level 1:colcon.colcon_core.package_identification:_identify(.) by extensions ['colcon_pkg']
[0.437s] Level 1:colcon.colcon_core.package_identification:_identify(.) by extension 'colcon_pkg'
[0.437s] Level 1:colcon.colcon_core.package_identification:_identify(.) by extensions ['colcon_meta']
[0.437s] Level 1:colcon.colcon_core.package_identification:_identify(.) by extension 'colcon_meta'
[0.437s] Level 1:colcon.colcon_core.package_identification:_identify(.) by extensions ['ros']
[0.437s] Level 1:colcon.colcon_core.package_identification:_identify(.) by extension 'ros'
[0.455s] Level 1:colcon.colcon_core.package_identification:_identify(.) by extensions ['cmake', 'python']
[0.455s] Level 1:colcon.colcon_core.package_identification:_identify(.) by extension 'cmake'
[0.455s] Level 1:colcon.colcon_core.package_identification:_identify(.) by extension 'python'
[0.455s] Level 1:colcon.colcon_core.package_identification:_identify(.) by extensions ['python_setup_py']
[0.455s] Level 1:colcon.colcon_core.package_identification:_identify(.) by extension 'python_setup_py'
[0.456s] Level 1:colcon.colcon_core.package_identification:_identify(build) by extensions ['ignore', 'ignore_ament_install']
[0.456s] Level 1:colcon.colcon_core.package_identification:_identify(build) by extension 'ignore'
[0.456s] Level 1:colcon.colcon_core.package_identification:_identify(build) ignored
[0.456s] Level 1:colcon.colcon_core.package_identification:_identify(install) by extensions ['ignore', 'ignore_ament_install']
[0.456s] Level 1:colcon.colcon_core.package_identification:_identify(install) by extension 'ignore'
[0.456s] Level 1:colcon.colcon_core.package_identification:_identify(install) ignored
[0.456s] Level 1:colcon.colcon_core.package_identification:_identify(log) by extensions ['ignore', 'ignore_ament_install']
[0.457s] Level 1:colcon.colcon_core.package_identification:_identify(log) by extension 'ignore'
[0.457s] Level 1:colcon.colcon_core.package_identification:_identify(log) ignored
[0.457s] Level 1:colcon.colcon_core.package_identification:_identify(maps) by extensions ['ignore', 'ignore_ament_install']
[0.457s] Level 1:colcon.colcon_core.package_identification:_identify(maps) by extension 'ignore'
[0.457s] Level 1:colcon.colcon_core.package_identification:_identify(maps) by extension 'ignore_ament_install'
[0.457s] Level 1:colcon.colcon_core.package_identification:_identify(maps) by extensions ['colcon_pkg']
[0.457s] Level 1:colcon.colcon_core.package_identification:_identify(maps) by extension 'colcon_pkg'
[0.457s] Level 1:colcon.colcon_core.package_identification:_identify(maps) by extensions ['colcon_meta']
[0.457s] Level 1:colcon.colcon_core.package_identification:_identify(maps) by extension 'colcon_meta'
[0.457s] Level 1:colcon.colcon_core.package_identification:_identify(maps) by extensions ['ros']
[0.457s] Level 1:colcon.colcon_core.package_identification:_identify(maps) by extension 'ros'
[0.458s] Level 1:colcon.colcon_core.package_identification:_identify(maps) by extensions ['cmake', 'python']
[0.458s] Level 1:colcon.colcon_core.package_identification:_identify(maps) by extension 'cmake'
[0.458s] Level 1:colcon.colcon_core.package_identification:_identify(maps) by extension 'python'
[0.458s] Level 1:colcon.colcon_core.package_identification:_identify(maps) by extensions ['python_setup_py']
[0.458s] Level 1:colcon.colcon_core.package_identification:_identify(maps) by extension 'python_setup_py'
[0.458s] Level 1:colcon.colcon_core.package_identification:_identify(src) by extensions ['ignore', 'ignore_ament_install']
[0.458s] Level 1:colcon.colcon_core.package_identification:_identify(src) by extension 'ignore'
[0.458s] Level 1:colcon.colcon_core.package_identification:_identify(src) by extension 'ignore_ament_install'
[0.458s] Level 1:colcon.colcon_core.package_identification:_identify(src) by extensions ['colcon_pkg']
[0.458s] Level 1:colcon.colcon_core.package_identification:_identify(src) by extension 'colcon_pkg'
[0.458s] Level 1:colcon.colcon_core.package_identification:_identify(src) by extensions ['colcon_meta']
[0.458s] Level 1:colcon.colcon_core.package_identification:_identify(src) by extension 'colcon_meta'
[0.459s] Level 1:colcon.colcon_core.package_identification:_identify(src) by extensions ['ros']
[0.459s] Level 1:colcon.colcon_core.package_identification:_identify(src) by extension 'ros'
[0.459s] Level 1:colcon.colcon_core.package_identification:_identify(src) by extensions ['cmake', 'python']
[0.459s] Level 1:colcon.colcon_core.package_identification:_identify(src) by extension 'cmake'
[0.459s] Level 1:colcon.colcon_core.package_identification:_identify(src) by extension 'python'
[0.459s] Level 1:colcon.colcon_core.package_identification:_identify(src) by extensions ['python_setup_py']
[0.459s] Level 1:colcon.colcon_core.package_identification:_identify(src) by extension 'python_setup_py'
[0.459s] Level 1:colcon.colcon_core.package_identification:_identify(src/build) by extensions ['ignore', 'ignore_ament_install']
[0.459s] Level 1:colcon.colcon_core.package_identification:_identify(src/build) by extension 'ignore'
[0.459s] Level 1:colcon.colcon_core.package_identification:_identify(src/build) ignored
[0.459s] Level 1:colcon.colcon_core.package_identification:_identify(src/install) by extensions ['ignore', 'ignore_ament_install']
[0.460s] Level 1:colcon.colcon_core.package_identification:_identify(src/install) by extension 'ignore'
[0.460s] Level 1:colcon.colcon_core.package_identification:_identify(src/install) ignored
[0.460s] Level 1:colcon.colcon_core.package_identification:_identify(src/livox_tf) by extensions ['ignore', 'ignore_ament_install']
[0.460s] Level 1:colcon.colcon_core.package_identification:_identify(src/livox_tf) by extension 'ignore'
[0.460s] Level 1:colcon.colcon_core.package_identification:_identify(src/livox_tf) by extension 'ignore_ament_install'
[0.460s] Level 1:colcon.colcon_core.package_identification:_identify(src/livox_tf) by extensions ['colcon_pkg']
[0.460s] Level 1:colcon.colcon_core.package_identification:_identify(src/livox_tf) by extension 'colcon_pkg'
[0.460s] Level 1:colcon.colcon_core.package_identification:_identify(src/livox_tf) by extensions ['colcon_meta']
[0.460s] Level 1:colcon.colcon_core.package_identification:_identify(src/livox_tf) by extension 'colcon_meta'
[0.460s] Level 1:colcon.colcon_core.package_identification:_identify(src/livox_tf) by extensions ['ros']
[0.460s] Level 1:colcon.colcon_core.package_identification:_identify(src/livox_tf) by extension 'ros'
[0.464s] DEBUG:colcon.colcon_core.package_identification:Package 'src/livox_tf' with type 'ros.ament_python' and name 'livox_tf'
[0.464s] Level 1:colcon.colcon_core.package_identification:_identify(src/log) by extensions ['ignore', 'ignore_ament_install']
[0.464s] Level 1:colcon.colcon_core.package_identification:_identify(src/log) by extension 'ignore'
[0.464s] Level 1:colcon.colcon_core.package_identification:_identify(src/log) ignored
[0.465s] Level 1:colcon.colcon_core.package_identification:_identify(src/my_package) by extensions ['ignore', 'ignore_ament_install']
[0.465s] Level 1:colcon.colcon_core.package_identification:_identify(src/my_package) by extension 'ignore'
[0.465s] Level 1:colcon.colcon_core.package_identification:_identify(src/my_package) by extension 'ignore_ament_install'
[0.465s] Level 1:colcon.colcon_core.package_identification:_identify(src/my_package) by extensions ['colcon_pkg']
[0.465s] Level 1:colcon.colcon_core.package_identification:_identify(src/my_package) by extension 'colcon_pkg'
[0.465s] Level 1:colcon.colcon_core.package_identification:_identify(src/my_package) by extensions ['colcon_meta']
[0.465s] Level 1:colcon.colcon_core.package_identification:_identify(src/my_package) by extension 'colcon_meta'
[0.465s] Level 1:colcon.colcon_core.package_identification:_identify(src/my_package) by extensions ['ros']
[0.465s] Level 1:colcon.colcon_core.package_identification:_identify(src/my_package) by extension 'ros'
[0.466s] DEBUG:colcon.colcon_core.package_identification:Package 'src/my_package' with type 'ros.ament_python' and name 'my_package'
[0.466s] Level 1:colcon.colcon_core.package_identification:_identify(src/pcl_filter) by extensions ['ignore', 'ignore_ament_install']
[0.467s] Level 1:colcon.colcon_core.package_identification:_identify(src/pcl_filter) by extension 'ignore'
[0.467s] Level 1:colcon.colcon_core.package_identification:_identify(src/pcl_filter) by extension 'ignore_ament_install'
[0.467s] Level 1:colcon.colcon_core.package_identification:_identify(src/pcl_filter) by extensions ['colcon_pkg']
[0.467s] Level 1:colcon.colcon_core.package_identification:_identify(src/pcl_filter) by extension 'colcon_pkg'
[0.467s] Level 1:colcon.colcon_core.package_identification:_identify(src/pcl_filter) by extensions ['colcon_meta']
[0.467s] Level 1:colcon.colcon_core.package_identification:_identify(src/pcl_filter) by extension 'colcon_meta'
[0.467s] Level 1:colcon.colcon_core.package_identification:_identify(src/pcl_filter) by extensions ['ros']
[0.467s] Level 1:colcon.colcon_core.package_identification:_identify(src/pcl_filter) by extension 'ros'
[0.468s] DEBUG:colcon.colcon_core.package_identification:Package 'src/pcl_filter' with type 'ros.ament_cmake' and name 'pcl_filter'
[0.469s] Level 1:colcon.colcon_core.package_identification:_identify(src/pointcloud_to_laserscan) by extensions ['ignore', 'ignore_ament_install']
[0.469s] Level 1:colcon.colcon_core.package_identification:_identify(src/pointcloud_to_laserscan) by extension 'ignore'
[0.469s] Level 1:colcon.colcon_core.package_identification:_identify(src/pointcloud_to_laserscan) by extension 'ignore_ament_install'
[0.469s] Level 1:colcon.colcon_core.package_identification:_identify(src/pointcloud_to_laserscan) by extensions ['colcon_pkg']
[0.469s] Level 1:colcon.colcon_core.package_identification:_identify(src/pointcloud_to_laserscan) by extension 'colcon_pkg'
[0.469s] Level 1:colcon.colcon_core.package_identification:_identify(src/pointcloud_to_laserscan) by extensions ['colcon_meta']
[0.469s] Level 1:colcon.colcon_core.package_identification:_identify(src/pointcloud_to_laserscan) by extension 'colcon_meta'
[0.469s] Level 1:colcon.colcon_core.package_identification:_identify(src/pointcloud_to_laserscan) by extensions ['ros']
[0.469s] Level 1:colcon.colcon_core.package_identification:_identify(src/pointcloud_to_laserscan) by extension 'ros'
[0.471s] DEBUG:colcon.colcon_core.package_identification:Package 'src/pointcloud_to_laserscan' with type 'ros.ament_cmake' and name 'pointcloud_to_laserscan'
[0.471s] Level 1:colcon.colcon_core.package_identification:_identify(src/projected_pcl) by extensions ['ignore', 'ignore_ament_install']
[0.472s] Level 1:colcon.colcon_core.package_identification:_identify(src/projected_pcl) by extension 'ignore'
[0.472s] Level 1:colcon.colcon_core.package_identification:_identify(src/projected_pcl) by extension 'ignore_ament_install'
[0.472s] Level 1:colcon.colcon_core.package_identification:_identify(src/projected_pcl) by extensions ['colcon_pkg']
[0.472s] Level 1:colcon.colcon_core.package_identification:_identify(src/projected_pcl) by extension 'colcon_pkg'
[0.472s] Level 1:colcon.colcon_core.package_identification:_identify(src/projected_pcl) by extensions ['colcon_meta']
[0.472s] Level 1:colcon.colcon_core.package_identification:_identify(src/projected_pcl) by extension 'colcon_meta'
[0.472s] Level 1:colcon.colcon_core.package_identification:_identify(src/projected_pcl) by extensions ['ros']
[0.472s] Level 1:colcon.colcon_core.package_identification:_identify(src/projected_pcl) by extension 'ros'
[0.473s] DEBUG:colcon.colcon_core.package_identification:Package 'src/projected_pcl' with type 'ros.ament_cmake' and name 'projected_pcl'
[0.474s] Level 1:colcon.colcon_core.package_identification:_identify(src/ros2_pcl_object_detection) by extensions ['ignore', 'ignore_ament_install']
[0.474s] Level 1:colcon.colcon_core.package_identification:_identify(src/ros2_pcl_object_detection) by extension 'ignore'
[0.474s] Level 1:colcon.colcon_core.package_identification:_identify(src/ros2_pcl_object_detection) by extension 'ignore_ament_install'
[0.474s] Level 1:colcon.colcon_core.package_identification:_identify(src/ros2_pcl_object_detection) by extensions ['colcon_pkg']
[0.474s] Level 1:colcon.colcon_core.package_identification:_identify(src/ros2_pcl_object_detection) by extension 'colcon_pkg'
[0.474s] Level 1:colcon.colcon_core.package_identification:_identify(src/ros2_pcl_object_detection) by extensions ['colcon_meta']
[0.474s] Level 1:colcon.colcon_core.package_identification:_identify(src/ros2_pcl_object_detection) by extension 'colcon_meta'
[0.474s] Level 1:colcon.colcon_core.package_identification:_identify(src/ros2_pcl_object_detection) by extensions ['ros']
[0.474s] Level 1:colcon.colcon_core.package_identification:_identify(src/ros2_pcl_object_detection) by extension 'ros'
[0.476s] DEBUG:colcon.colcon_core.package_identification:Package 'src/ros2_pcl_object_detection' with type 'ros.ament_cmake' and name 'pcl_object_detection'
[0.476s] Level 1:colcon.colcon_core.package_discovery:discover_packages(recursive) using defaults
[0.476s] Level 1:colcon.colcon_core.package_discovery:discover_packages(ignore) discover
[0.476s] Level 1:colcon.colcon_core.package_discovery:discover_packages(ignore) using defaults
[0.476s] Level 1:colcon.colcon_core.package_discovery:discover_packages(path) discover
[0.477s] Level 1:colcon.colcon_core.package_discovery:discover_packages(path) using defaults
[0.531s] Level 1:colcon.colcon_core.package_discovery:discover_packages(prefix_path) check parameters
[0.532s] Level 1:colcon.colcon_core.package_discovery:discover_packages(prefix_path) discover
[0.535s] DEBUG:colcon.colcon_installed_package_information.package_discovery:Found 1 installed packages in /mnt/nova_ssd/workspaces/texttopoint_ws/install
[0.536s] DEBUG:colcon.colcon_installed_package_information.package_discovery:Found 1 installed packages in /mnt/nova_ssd/workspaces/kiss-icp_ws/install
[0.537s] DEBUG:colcon.colcon_installed_package_information.package_discovery:Found 1 installed packages in /mnt/nova_ssd/workspaces/3d_lidar/src/ws_livox/install
[0.537s] DEBUG:colcon.colcon_installed_package_information.package_discovery:Found 4 installed packages in /mnt/nova_ssd/workspaces/scout/install
[0.538s] DEBUG:colcon.colcon_installed_package_information.package_discovery:Found 4 installed packages in /mnt/nova_ssd/workspaces/navigation/install
[0.539s] DEBUG:colcon.colcon_installed_package_information.package_discovery:Found 1 installed packages in /mnt/nova_ssd/workspaces/octomap_ws/install
[0.540s] DEBUG:colcon.colcon_installed_package_information.package_discovery:Found 6 installed packages in /mnt/nova_ssd/workspaces/pcl_ws/install
[0.542s] DEBUG:colcon.colcon_installed_package_information.package_discovery:Found 363 installed packages in /opt/ros/humble
[0.544s] Level 1:colcon.colcon_core.package_discovery:discover_packages(prefix_path) using defaults
[0.614s] Level 5:colcon.colcon_core.verb:set package 'livox_tf' build argument 'cmake_args' from command line to 'None'
[0.614s] Level 5:colcon.colcon_core.verb:set package 'livox_tf' build argument 'cmake_target' from command line to 'None'
[0.614s] Level 5:colcon.colcon_core.verb:set package 'livox_tf' build argument 'cmake_target_skip_unavailable' from command line to 'False'
[0.614s] Level 5:colcon.colcon_core.verb:set package 'livox_tf' build argument 'cmake_clean_cache' from command line to 'False'
[0.614s] Level 5:colcon.colcon_core.verb:set package 'livox_tf' build argument 'cmake_clean_first' from command line to 'False'
[0.614s] Level 5:colcon.colcon_core.verb:set package 'livox_tf' build argument 'cmake_force_configure' from command line to 'False'
[0.614s] Level 5:colcon.colcon_core.verb:set package 'livox_tf' build argument 'ament_cmake_args' from command line to 'None'
[0.614s] Level 5:colcon.colcon_core.verb:set package 'livox_tf' build argument 'catkin_cmake_args' from command line to 'None'
[0.614s] Level 5:colcon.colcon_core.verb:set package 'livox_tf' build argument 'catkin_skip_building_tests' from command line to 'False'
[0.614s] DEBUG:colcon.colcon_core.verb:Building package 'livox_tf' with the following arguments: {'ament_cmake_args': None, 'build_base': '/mnt/nova_ssd/workspaces/pcl_ws/build/livox_tf', 'catkin_cmake_args': None, 'catkin_skip_building_tests': False, 'cmake_args': None, 'cmake_clean_cache': False, 'cmake_clean_first': False, 'cmake_force_configure': False, 'cmake_target': None, 'cmake_target_skip_unavailable': False, 'install_base': '/mnt/nova_ssd/workspaces/pcl_ws/install/livox_tf', 'merge_install': False, 'path': '/mnt/nova_ssd/workspaces/pcl_ws/src/livox_tf', 'symlink_install': False, 'test_result_base': None}
[0.615s] Level 5:colcon.colcon_core.verb:set package 'my_package' build argument 'cmake_args' from command line to 'None'
[0.615s] Level 5:colcon.colcon_core.verb:set package 'my_package' build argument 'cmake_target' from command line to 'None'
[0.615s] Level 5:colcon.colcon_core.verb:set package 'my_package' build argument 'cmake_target_skip_unavailable' from command line to 'False'
[0.615s] Level 5:colcon.colcon_core.verb:set package 'my_package' build argument 'cmake_clean_cache' from command line to 'False'
[0.615s] Level 5:colcon.colcon_core.verb:set package 'my_package' build argument 'cmake_clean_first' from command line to 'False'
[0.615s] Level 5:colcon.colcon_core.verb:set package 'my_package' build argument 'cmake_force_configure' from command line to 'False'
[0.615s] Level 5:colcon.colcon_core.verb:set package 'my_package' build argument 'ament_cmake_args' from command line to 'None'
[0.615s] Level 5:colcon.colcon_core.verb:set package 'my_package' build argument 'catkin_cmake_args' from command line to 'None'
[0.615s] Level 5:colcon.colcon_core.verb:set package 'my_package' build argument 'catkin_skip_building_tests' from command line to 'False'
[0.615s] DEBUG:colcon.colcon_core.verb:Building package 'my_package' with the following arguments: {'ament_cmake_args': None, 'build_base': '/mnt/nova_ssd/workspaces/pcl_ws/build/my_package', 'catkin_cmake_args': None, 'catkin_skip_building_tests': False, 'cmake_args': None, 'cmake_clean_cache': False, 'cmake_clean_first': False, 'cmake_force_configure': False, 'cmake_target': None, 'cmake_target_skip_unavailable': False, 'install_base': '/mnt/nova_ssd/workspaces/pcl_ws/install/my_package', 'merge_install': False, 'path': '/mnt/nova_ssd/workspaces/pcl_ws/src/my_package', 'symlink_install': False, 'test_result_base': None}
[0.616s] Level 5:colcon.colcon_core.verb:set package 'pcl_filter' build argument 'cmake_args' from command line to 'None'
[0.616s] Level 5:colcon.colcon_core.verb:set package 'pcl_filter' build argument 'cmake_target' from command line to 'None'
[0.616s] Level 5:colcon.colcon_core.verb:set package 'pcl_filter' build argument 'cmake_target_skip_unavailable' from command line to 'False'
[0.616s] Level 5:colcon.colcon_core.verb:set package 'pcl_filter' build argument 'cmake_clean_cache' from command line to 'False'
[0.616s] Level 5:colcon.colcon_core.verb:set package 'pcl_filter' build argument 'cmake_clean_first' from command line to 'False'
[0.616s] Level 5:colcon.colcon_core.verb:set package 'pcl_filter' build argument 'cmake_force_configure' from command line to 'False'
[0.616s] Level 5:colcon.colcon_core.verb:set package 'pcl_filter' build argument 'ament_cmake_args' from command line to 'None'
[0.616s] Level 5:colcon.colcon_core.verb:set package 'pcl_filter' build argument 'catkin_cmake_args' from command line to 'None'
[0.616s] Level 5:colcon.colcon_core.verb:set package 'pcl_filter' build argument 'catkin_skip_building_tests' from command line to 'False'
[0.616s] DEBUG:colcon.colcon_core.verb:Building package 'pcl_filter' with the following arguments: {'ament_cmake_args': None, 'build_base': '/mnt/nova_ssd/workspaces/pcl_ws/build/pcl_filter', 'catkin_cmake_args': None, 'catkin_skip_building_tests': False, 'cmake_args': None, 'cmake_clean_cache': False, 'cmake_clean_first': False, 'cmake_force_configure': False, 'cmake_target': None, 'cmake_target_skip_unavailable': False, 'install_base': '/mnt/nova_ssd/workspaces/pcl_ws/install/pcl_filter', 'merge_install': False, 'path': '/mnt/nova_ssd/workspaces/pcl_ws/src/pcl_filter', 'symlink_install': False, 'test_result_base': None}
[0.617s] Level 5:colcon.colcon_core.verb:set package 'pcl_object_detection' build argument 'cmake_args' from command line to 'None'
[0.617s] Level 5:colcon.colcon_core.verb:set package 'pcl_object_detection' build argument 'cmake_target' from command line to 'None'
[0.617s] Level 5:colcon.colcon_core.verb:set package 'pcl_object_detection' build argument 'cmake_target_skip_unavailable' from command line to 'False'
[0.617s] Level 5:colcon.colcon_core.verb:set package 'pcl_object_detection' build argument 'cmake_clean_cache' from command line to 'False'
[0.617s] Level 5:colcon.colcon_core.verb:set package 'pcl_object_detection' build argument 'cmake_clean_first' from command line to 'False'
[0.617s] Level 5:colcon.colcon_core.verb:set package 'pcl_object_detection' build argument 'cmake_force_configure' from command line to 'False'
[0.617s] Level 5:colcon.colcon_core.verb:set package 'pcl_object_detection' build argument 'ament_cmake_args' from command line to 'None'
[0.617s] Level 5:colcon.colcon_core.verb:set package 'pcl_object_detection' build argument 'catkin_cmake_args' from command line to 'None'
[0.617s] Level 5:colcon.colcon_core.verb:set package 'pcl_object_detection' build argument 'catkin_skip_building_tests' from command line to 'False'
[0.617s] DEBUG:colcon.colcon_core.verb:Building package 'pcl_object_detection' with the following arguments: {'ament_cmake_args': None, 'build_base': '/mnt/nova_ssd/workspaces/pcl_ws/build/pcl_object_detection', 'catkin_cmake_args': None, 'catkin_skip_building_tests': False, 'cmake_args': None, 'cmake_clean_cache': False, 'cmake_clean_first': False, 'cmake_force_configure': False, 'cmake_target': None, 'cmake_target_skip_unavailable': False, 'install_base': '/mnt/nova_ssd/workspaces/pcl_ws/install/pcl_object_detection', 'merge_install': False, 'path': '/mnt/nova_ssd/workspaces/pcl_ws/src/ros2_pcl_object_detection', 'symlink_install': False, 'test_result_base': None}
[0.618s] Level 5:colcon.colcon_core.verb:set package 'pointcloud_to_laserscan' build argument 'cmake_args' from command line to 'None'
[0.618s] Level 5:colcon.colcon_core.verb:set package 'pointcloud_to_laserscan' build argument 'cmake_target' from command line to 'None'
[0.618s] Level 5:colcon.colcon_core.verb:set package 'pointcloud_to_laserscan' build argument 'cmake_target_skip_unavailable' from command line to 'False'
[0.618s] Level 5:colcon.colcon_core.verb:set package 'pointcloud_to_laserscan' build argument 'cmake_clean_cache' from command line to 'False'
[0.618s] Level 5:colcon.colcon_core.verb:set package 'pointcloud_to_laserscan' build argument 'cmake_clean_first' from command line to 'False'
[0.618s] Level 5:colcon.colcon_core.verb:set package 'pointcloud_to_laserscan' build argument 'cmake_force_configure' from command line to 'False'
[0.618s] Level 5:colcon.colcon_core.verb:set package 'pointcloud_to_laserscan' build argument 'ament_cmake_args' from command line to 'None'
[0.618s] Level 5:colcon.colcon_core.verb:set package 'pointcloud_to_laserscan' build argument 'catkin_cmake_args' from command line to 'None'
[0.618s] Level 5:colcon.colcon_core.verb:set package 'pointcloud_to_laserscan' build argument 'catkin_skip_building_tests' from command line to 'False'
[0.618s] DEBUG:colcon.colcon_core.verb:Building package 'pointcloud_to_laserscan' with the following arguments: {'ament_cmake_args': None, 'build_base': '/mnt/nova_ssd/workspaces/pcl_ws/build/pointcloud_to_laserscan', 'catkin_cmake_args': None, 'catkin_skip_building_tests': False, 'cmake_args': None, 'cmake_clean_cache': False, 'cmake_clean_first': False, 'cmake_force_configure': False, 'cmake_target': None, 'cmake_target_skip_unavailable': False, 'install_base': '/mnt/nova_ssd/workspaces/pcl_ws/install/pointcloud_to_laserscan', 'merge_install': False, 'path': '/mnt/nova_ssd/workspaces/pcl_ws/src/pointcloud_to_laserscan', 'symlink_install': False, 'test_result_base': None}
[0.618s] Level 5:colcon.colcon_core.verb:set package 'projected_pcl' build argument 'cmake_args' from command line to 'None'
[0.619s] Level 5:colcon.colcon_core.verb:set package 'projected_pcl' build argument 'cmake_target' from command line to 'None'
[0.619s] Level 5:colcon.colcon_core.verb:set package 'projected_pcl' build argument 'cmake_target_skip_unavailable' from command line to 'False'
[0.619s] Level 5:colcon.colcon_core.verb:set package 'projected_pcl' build argument 'cmake_clean_cache' from command line to 'False'
[0.619s] Level 5:colcon.colcon_core.verb:set package 'projected_pcl' build argument 'cmake_clean_first' from command line to 'False'
[0.619s] Level 5:colcon.colcon_core.verb:set package 'projected_pcl' build argument 'cmake_force_configure' from command line to 'False'
[0.619s] Level 5:colcon.colcon_core.verb:set package 'projected_pcl' build argument 'ament_cmake_args' from command line to 'None'
[0.619s] Level 5:colcon.colcon_core.verb:set package 'projected_pcl' build argument 'catkin_cmake_args' from command line to 'None'
[0.619s] Level 5:colcon.colcon_core.verb:set package 'projected_pcl' build argument 'catkin_skip_building_tests' from command line to 'False'
[0.619s] DEBUG:colcon.colcon_core.verb:Building package 'projected_pcl' with the following arguments: {'ament_cmake_args': None, 'build_base': '/mnt/nova_ssd/workspaces/pcl_ws/build/projected_pcl', 'catkin_cmake_args': None, 'catkin_skip_building_tests': False, 'cmake_args': None, 'cmake_clean_cache': False, 'cmake_clean_first': False, 'cmake_force_configure': False, 'cmake_target': None, 'cmake_target_skip_unavailable': False, 'install_base': '/mnt/nova_ssd/workspaces/pcl_ws/install/projected_pcl', 'merge_install': False, 'path': '/mnt/nova_ssd/workspaces/pcl_ws/src/projected_pcl', 'symlink_install': False, 'test_result_base': None}
[0.619s] INFO:colcon.colcon_core.executor:Executing jobs using 'parallel' executor
[0.621s] DEBUG:colcon.colcon_parallel_executor.executor.parallel:run_until_complete
[0.622s] INFO:colcon.colcon_ros.task.ament_python.build:Building ROS package in '/mnt/nova_ssd/workspaces/pcl_ws/src/livox_tf' with build type 'ament_python'
[0.622s] Level 1:colcon.colcon_core.shell:create_environment_hook('livox_tf', 'ament_prefix_path')
[0.626s] INFO:colcon.colcon_core.plugin_system:Skipping extension 'colcon_core.shell.bat': Not used on non-Windows systems
[0.626s] INFO:colcon.colcon_core.shell:Creating environment hook '/mnt/nova_ssd/workspaces/pcl_ws/install/livox_tf/share/livox_tf/hook/ament_prefix_path.ps1'
[0.627s] INFO:colcon.colcon_core.shell:Creating environment descriptor '/mnt/nova_ssd/workspaces/pcl_ws/install/livox_tf/share/livox_tf/hook/ament_prefix_path.dsv'
[0.628s] INFO:colcon.colcon_core.shell:Creating environment hook '/mnt/nova_ssd/workspaces/pcl_ws/install/livox_tf/share/livox_tf/hook/ament_prefix_path.sh'
[0.630s] INFO:colcon.colcon_core.shell:Skip shell extension 'powershell' for command environment: Not usable outside of PowerShell
[0.630s] DEBUG:colcon.colcon_core.shell:Skip shell extension 'dsv' for command environment
[0.640s] INFO:colcon.colcon_ros.task.ament_python.build:Building ROS package in '/mnt/nova_ssd/workspaces/pcl_ws/src/my_package' with build type 'ament_python'
[0.641s] Level 1:colcon.colcon_core.shell:create_environment_hook('my_package', 'ament_prefix_path')
[0.641s] INFO:colcon.colcon_core.shell:Creating environment hook '/mnt/nova_ssd/workspaces/pcl_ws/install/my_package/share/my_package/hook/ament_prefix_path.ps1'
[0.642s] INFO:colcon.colcon_core.shell:Creating environment descriptor '/mnt/nova_ssd/workspaces/pcl_ws/install/my_package/share/my_package/hook/ament_prefix_path.dsv'
[0.643s] INFO:colcon.colcon_core.shell:Creating environment hook '/mnt/nova_ssd/workspaces/pcl_ws/install/my_package/share/my_package/hook/ament_prefix_path.sh'
[0.644s] INFO:colcon.colcon_core.shell:Skip shell extension 'powershell' for command environment: Not usable outside of PowerShell
[0.644s] DEBUG:colcon.colcon_core.shell:Skip shell extension 'dsv' for command environment
[0.654s] INFO:colcon.colcon_ros.task.ament_cmake.build:Building ROS package in '/mnt/nova_ssd/workspaces/pcl_ws/src/pcl_filter' with build type 'ament_cmake'
[0.654s] INFO:colcon.colcon_cmake.task.cmake.build:Building CMake package in '/mnt/nova_ssd/workspaces/pcl_ws/src/pcl_filter'
[0.655s] INFO:colcon.colcon_core.shell:Skip shell extension 'powershell' for command environment: Not usable outside of PowerShell
[0.655s] DEBUG:colcon.colcon_core.shell:Skip shell extension 'dsv' for command environment
[0.664s] INFO:colcon.colcon_ros.task.ament_cmake.build:Building ROS package in '/mnt/nova_ssd/workspaces/pcl_ws/src/ros2_pcl_object_detection' with build type 'ament_cmake'
[0.664s] INFO:colcon.colcon_cmake.task.cmake.build:Building CMake package in '/mnt/nova_ssd/workspaces/pcl_ws/src/ros2_pcl_object_detection'
[0.665s] INFO:colcon.colcon_core.shell:Skip shell extension 'powershell' for command environment: Not usable outside of PowerShell
[0.665s] DEBUG:colcon.colcon_core.shell:Skip shell extension 'dsv' for command environment
[0.674s] INFO:colcon.colcon_ros.task.ament_cmake.build:Building ROS package in '/mnt/nova_ssd/workspaces/pcl_ws/src/pointcloud_to_laserscan' with build type 'ament_cmake'
[0.674s] INFO:colcon.colcon_cmake.task.cmake.build:Building CMake package in '/mnt/nova_ssd/workspaces/pcl_ws/src/pointcloud_to_laserscan'
[0.675s] INFO:colcon.colcon_core.shell:Skip shell extension 'powershell' for command environment: Not usable outside of PowerShell
[0.675s] DEBUG:colcon.colcon_core.shell:Skip shell extension 'dsv' for command environment
[0.685s] INFO:colcon.colcon_ros.task.ament_cmake.build:Building ROS package in '/mnt/nova_ssd/workspaces/pcl_ws/src/projected_pcl' with build type 'ament_cmake'
[0.685s] INFO:colcon.colcon_cmake.task.cmake.build:Building CMake package in '/mnt/nova_ssd/workspaces/pcl_ws/src/projected_pcl'
[0.686s] INFO:colcon.colcon_core.shell:Skip shell extension 'powershell' for command environment: Not usable outside of PowerShell
[0.686s] DEBUG:colcon.colcon_core.shell:Skip shell extension 'dsv' for command environment
[1.104s] INFO:colcon.colcon_core.task.python.build:Building Python package in '/mnt/nova_ssd/workspaces/pcl_ws/src/livox_tf'
[1.105s] INFO:colcon.colcon_core.shell:Skip shell extension 'powershell' for command environment: Not usable outside of PowerShell
[1.105s] DEBUG:colcon.colcon_core.shell:Skip shell extension 'dsv' for command environment
[1.502s] INFO:colcon.colcon_core.task.python.build:Building Python package in '/mnt/nova_ssd/workspaces/pcl_ws/src/my_package'
[1.503s] INFO:colcon.colcon_core.shell:Skip shell extension 'powershell' for command environment: Not usable outside of PowerShell
[1.503s] DEBUG:colcon.colcon_core.shell:Skip shell extension 'dsv' for command environment
[1.529s] DEBUG:colcon.colcon_core.event_handler.log_command:Invoking command in '/mnt/nova_ssd/workspaces/pcl_ws/build/pcl_filter': CMAKE_PREFIX_PATH=/mnt/nova_ssd/workspaces/navigation/install/dwa_main:/mnt/nova_ssd/workspaces/navigation/install/dstar_main:/mnt/nova_ssd/workspaces/navigation/install/costmap_converter:/mnt/nova_ssd/workspaces/navigation/install/costmap_converter_msgs:/mnt/nova_ssd/workspaces/texttopoint_ws/install/point_publisher_pkg:/mnt/nova_ssd/workspaces/kiss-icp_ws/install/kiss_icp:/mnt/nova_ssd/workspaces/3d_lidar/src/ws_livox/install/livox_ros_driver2:/mnt/nova_ssd/workspaces/scout/install/scout_base:/mnt/nova_ssd/workspaces/pcl_ws/install/my_package:/mnt/nova_ssd/workspaces/pcl_ws/install/livox_tf:/opt/ros/humble:/mnt/nova_ssd/workspaces/scout/install/ugv_sdk:/mnt/nova_ssd/workspaces/scout/install/scout_msgs:/mnt/nova_ssd/workspaces/scout/install/scout_description:/mnt/nova_ssd/workspaces/octomap_ws/install/octomap_example:/mnt/nova_ssd/workspaces/pcl_ws/install/projected_pcl:/mnt/nova_ssd/workspaces/pcl_ws/install/pointcloud_to_laserscan:/mnt/nova_ssd/workspaces/pcl_ws/install/pcl_object_detection:/mnt/nova_ssd/workspaces/pcl_ws/install/pcl_filter /usr/bin/cmake --build /mnt/nova_ssd/workspaces/pcl_ws/build/pcl_filter -- -j12 -l12
[1.541s] DEBUG:colcon.colcon_core.event_handler.log_command:Invoking command in '/mnt/nova_ssd/workspaces/pcl_ws/build/pcl_object_detection': CMAKE_PREFIX_PATH=/mnt/nova_ssd/workspaces/navigation/install/dwa_main:/mnt/nova_ssd/workspaces/navigation/install/dstar_main:/mnt/nova_ssd/workspaces/navigation/install/costmap_converter:/mnt/nova_ssd/workspaces/navigation/install/costmap_converter_msgs:/mnt/nova_ssd/workspaces/texttopoint_ws/install/point_publisher_pkg:/mnt/nova_ssd/workspaces/kiss-icp_ws/install/kiss_icp:/mnt/nova_ssd/workspaces/3d_lidar/src/ws_livox/install/livox_ros_driver2:/mnt/nova_ssd/workspaces/scout/install/scout_base:/mnt/nova_ssd/workspaces/pcl_ws/install/my_package:/mnt/nova_ssd/workspaces/pcl_ws/install/livox_tf:/opt/ros/humble:/mnt/nova_ssd/workspaces/scout/install/ugv_sdk:/mnt/nova_ssd/workspaces/scout/install/scout_msgs:/mnt/nova_ssd/workspaces/scout/install/scout_description:/mnt/nova_ssd/workspaces/octomap_ws/install/octomap_example:/mnt/nova_ssd/workspaces/pcl_ws/install/projected_pcl:/mnt/nova_ssd/workspaces/pcl_ws/install/pointcloud_to_laserscan:/mnt/nova_ssd/workspaces/pcl_ws/install/pcl_object_detection:/mnt/nova_ssd/workspaces/pcl_ws/install/pcl_filter /usr/bin/cmake --build /mnt/nova_ssd/workspaces/pcl_ws/build/pcl_object_detection -- -j12 -l12
[1.548s] DEBUG:colcon.colcon_core.event_handler.log_command:Invoking command in '/mnt/nova_ssd/workspaces/pcl_ws/build/pointcloud_to_laserscan': CMAKE_PREFIX_PATH=/mnt/nova_ssd/workspaces/navigation/install/dwa_main:/mnt/nova_ssd/workspaces/navigation/install/dstar_main:/mnt/nova_ssd/workspaces/navigation/install/costmap_converter:/mnt/nova_ssd/workspaces/navigation/install/costmap_converter_msgs:/mnt/nova_ssd/workspaces/texttopoint_ws/install/point_publisher_pkg:/mnt/nova_ssd/workspaces/kiss-icp_ws/install/kiss_icp:/mnt/nova_ssd/workspaces/3d_lidar/src/ws_livox/install/livox_ros_driver2:/mnt/nova_ssd/workspaces/scout/install/scout_base:/mnt/nova_ssd/workspaces/pcl_ws/install/my_package:/mnt/nova_ssd/workspaces/pcl_ws/install/livox_tf:/opt/ros/humble:/mnt/nova_ssd/workspaces/scout/install/ugv_sdk:/mnt/nova_ssd/workspaces/scout/install/scout_msgs:/mnt/nova_ssd/workspaces/scout/install/scout_description:/mnt/nova_ssd/workspaces/octomap_ws/install/octomap_example:/mnt/nova_ssd/workspaces/pcl_ws/install/projected_pcl:/mnt/nova_ssd/workspaces/pcl_ws/install/pointcloud_to_laserscan:/mnt/nova_ssd/workspaces/pcl_ws/install/pcl_object_detection:/mnt/nova_ssd/workspaces/pcl_ws/install/pcl_filter /usr/bin/cmake --build /mnt/nova_ssd/workspaces/pcl_ws/build/pointcloud_to_laserscan -- -j12 -l12
[1.557s] DEBUG:colcon.colcon_core.event_handler.log_command:Invoking command in '/mnt/nova_ssd/workspaces/pcl_ws/build/projected_pcl': CMAKE_PREFIX_PATH=/mnt/nova_ssd/workspaces/navigation/install/dwa_main:/mnt/nova_ssd/workspaces/navigation/install/dstar_main:/mnt/nova_ssd/workspaces/navigation/install/costmap_converter:/mnt/nova_ssd/workspaces/navigation/install/costmap_converter_msgs:/mnt/nova_ssd/workspaces/texttopoint_ws/install/point_publisher_pkg:/mnt/nova_ssd/workspaces/kiss-icp_ws/install/kiss_icp:/mnt/nova_ssd/workspaces/3d_lidar/src/ws_livox/install/livox_ros_driver2:/mnt/nova_ssd/workspaces/scout/install/scout_base:/mnt/nova_ssd/workspaces/pcl_ws/install/my_package:/mnt/nova_ssd/workspaces/pcl_ws/install/livox_tf:/opt/ros/humble:/mnt/nova_ssd/workspaces/scout/install/ugv_sdk:/mnt/nova_ssd/workspaces/scout/install/scout_msgs:/mnt/nova_ssd/workspaces/scout/install/scout_description:/mnt/nova_ssd/workspaces/octomap_ws/install/octomap_example:/mnt/nova_ssd/workspaces/pcl_ws/install/projected_pcl:/mnt/nova_ssd/workspaces/pcl_ws/install/pointcloud_to_laserscan:/mnt/nova_ssd/workspaces/pcl_ws/install/pcl_object_detection:/mnt/nova_ssd/workspaces/pcl_ws/install/pcl_filter /usr/bin/cmake --build /mnt/nova_ssd/workspaces/pcl_ws/build/projected_pcl -- -j12 -l12
[1.659s] DEBUG:colcon.colcon_core.event_handler.log_command:Invoked command in '/mnt/nova_ssd/workspaces/pcl_ws/build/pcl_filter' returned '0': CMAKE_PREFIX_PATH=/mnt/nova_ssd/workspaces/navigation/install/dwa_main:/mnt/nova_ssd/workspaces/navigation/install/dstar_main:/mnt/nova_ssd/workspaces/navigation/install/costmap_converter:/mnt/nova_ssd/workspaces/navigation/install/costmap_converter_msgs:/mnt/nova_ssd/workspaces/texttopoint_ws/install/point_publisher_pkg:/mnt/nova_ssd/workspaces/kiss-icp_ws/install/kiss_icp:/mnt/nova_ssd/workspaces/3d_lidar/src/ws_livox/install/livox_ros_driver2:/mnt/nova_ssd/workspaces/scout/install/scout_base:/mnt/nova_ssd/workspaces/pcl_ws/install/my_package:/mnt/nova_ssd/workspaces/pcl_ws/install/livox_tf:/opt/ros/humble:/mnt/nova_ssd/workspaces/scout/install/ugv_sdk:/mnt/nova_ssd/workspaces/scout/install/scout_msgs:/mnt/nova_ssd/workspaces/scout/install/scout_description:/mnt/nova_ssd/workspaces/octomap_ws/install/octomap_example:/mnt/nova_ssd/workspaces/pcl_ws/install/projected_pcl:/mnt/nova_ssd/workspaces/pcl_ws/install/pointcloud_to_laserscan:/mnt/nova_ssd/workspaces/pcl_ws/install/pcl_object_detection:/mnt/nova_ssd/workspaces/pcl_ws/install/pcl_filter /usr/bin/cmake --build /mnt/nova_ssd/workspaces/pcl_ws/build/pcl_filter -- -j12 -l12
[1.694s] DEBUG:colcon.colcon_core.event_handler.log_command:Invoked command in '/mnt/nova_ssd/workspaces/pcl_ws/build/projected_pcl' returned '0': CMAKE_PREFIX_PATH=/mnt/nova_ssd/workspaces/navigation/install/dwa_main:/mnt/nova_ssd/workspaces/navigation/install/dstar_main:/mnt/nova_ssd/workspaces/navigation/install/costmap_converter:/mnt/nova_ssd/workspaces/navigation/install/costmap_converter_msgs:/mnt/nova_ssd/workspaces/texttopoint_ws/install/point_publisher_pkg:/mnt/nova_ssd/workspaces/kiss-icp_ws/install/kiss_icp:/mnt/nova_ssd/workspaces/3d_lidar/src/ws_livox/install/livox_ros_driver2:/mnt/nova_ssd/workspaces/scout/install/scout_base:/mnt/nova_ssd/workspaces/pcl_ws/install/my_package:/mnt/nova_ssd/workspaces/pcl_ws/install/livox_tf:/opt/ros/humble:/mnt/nova_ssd/workspaces/scout/install/ugv_sdk:/mnt/nova_ssd/workspaces/scout/install/scout_msgs:/mnt/nova_ssd/workspaces/scout/install/scout_description:/mnt/nova_ssd/workspaces/octomap_ws/install/octomap_example:/mnt/nova_ssd/workspaces/pcl_ws/install/projected_pcl:/mnt/nova_ssd/workspaces/pcl_ws/install/pointcloud_to_laserscan:/mnt/nova_ssd/workspaces/pcl_ws/install/pcl_object_detection:/mnt/nova_ssd/workspaces/pcl_ws/install/pcl_filter /usr/bin/cmake --build /mnt/nova_ssd/workspaces/pcl_ws/build/projected_pcl -- -j12 -l12
[1.717s] DEBUG:colcon.colcon_core.event_handler.log_command:Invoking command in '/mnt/nova_ssd/workspaces/pcl_ws/build/pcl_filter': CMAKE_PREFIX_PATH=/mnt/nova_ssd/workspaces/navigation/install/dwa_main:/mnt/nova_ssd/workspaces/navigation/install/dstar_main:/mnt/nova_ssd/workspaces/navigation/install/costmap_converter:/mnt/nova_ssd/workspaces/navigation/install/costmap_converter_msgs:/mnt/nova_ssd/workspaces/texttopoint_ws/install/point_publisher_pkg:/mnt/nova_ssd/workspaces/kiss-icp_ws/install/kiss_icp:/mnt/nova_ssd/workspaces/3d_lidar/src/ws_livox/install/livox_ros_driver2:/mnt/nova_ssd/workspaces/scout/install/scout_base:/mnt/nova_ssd/workspaces/pcl_ws/install/my_package:/mnt/nova_ssd/workspaces/pcl_ws/install/livox_tf:/opt/ros/humble:/mnt/nova_ssd/workspaces/scout/install/ugv_sdk:/mnt/nova_ssd/workspaces/scout/install/scout_msgs:/mnt/nova_ssd/workspaces/scout/install/scout_description:/mnt/nova_ssd/workspaces/octomap_ws/install/octomap_example:/mnt/nova_ssd/workspaces/pcl_ws/install/projected_pcl:/mnt/nova_ssd/workspaces/pcl_ws/install/pointcloud_to_laserscan:/mnt/nova_ssd/workspaces/pcl_ws/install/pcl_object_detection:/mnt/nova_ssd/workspaces/pcl_ws/install/pcl_filter /usr/bin/cmake --install /mnt/nova_ssd/workspaces/pcl_ws/build/pcl_filter
[1.743s] DEBUG:colcon.colcon_core.event_handler.log_command:Invoking command in '/mnt/nova_ssd/workspaces/pcl_ws/build/projected_pcl': CMAKE_PREFIX_PATH=/mnt/nova_ssd/workspaces/navigation/install/dwa_main:/mnt/nova_ssd/workspaces/navigation/install/dstar_main:/mnt/nova_ssd/workspaces/navigation/install/costmap_converter:/mnt/nova_ssd/workspaces/navigation/install/costmap_converter_msgs:/mnt/nova_ssd/workspaces/texttopoint_ws/install/point_publisher_pkg:/mnt/nova_ssd/workspaces/kiss-icp_ws/install/kiss_icp:/mnt/nova_ssd/workspaces/3d_lidar/src/ws_livox/install/livox_ros_driver2:/mnt/nova_ssd/workspaces/scout/install/scout_base:/mnt/nova_ssd/workspaces/pcl_ws/install/my_package:/mnt/nova_ssd/workspaces/pcl_ws/install/livox_tf:/opt/ros/humble:/mnt/nova_ssd/workspaces/scout/install/ugv_sdk:/mnt/nova_ssd/workspaces/scout/install/scout_msgs:/mnt/nova_ssd/workspaces/scout/install/scout_description:/mnt/nova_ssd/workspaces/octomap_ws/install/octomap_example:/mnt/nova_ssd/workspaces/pcl_ws/install/projected_pcl:/mnt/nova_ssd/workspaces/pcl_ws/install/pointcloud_to_laserscan:/mnt/nova_ssd/workspaces/pcl_ws/install/pcl_object_detection:/mnt/nova_ssd/workspaces/pcl_ws/install/pcl_filter /usr/bin/cmake --install /mnt/nova_ssd/workspaces/pcl_ws/build/projected_pcl
[1.752s] Level 1:colcon.colcon_core.environment:create_environment_scripts_only(pcl_filter)
[1.752s] DEBUG:colcon.colcon_core.event_handler.log_command:Invoked command in '/mnt/nova_ssd/workspaces/pcl_ws/build/pcl_filter' returned '0': CMAKE_PREFIX_PATH=/mnt/nova_ssd/workspaces/navigation/install/dwa_main:/mnt/nova_ssd/workspaces/navigation/install/dstar_main:/mnt/nova_ssd/workspaces/navigation/install/costmap_converter:/mnt/nova_ssd/workspaces/navigation/install/costmap_converter_msgs:/mnt/nova_ssd/workspaces/texttopoint_ws/install/point_publisher_pkg:/mnt/nova_ssd/workspaces/kiss-icp_ws/install/kiss_icp:/mnt/nova_ssd/workspaces/3d_lidar/src/ws_livox/install/livox_ros_driver2:/mnt/nova_ssd/workspaces/scout/install/scout_base:/mnt/nova_ssd/workspaces/pcl_ws/install/my_package:/mnt/nova_ssd/workspaces/pcl_ws/install/livox_tf:/opt/ros/humble:/mnt/nova_ssd/workspaces/scout/install/ugv_sdk:/mnt/nova_ssd/workspaces/scout/install/scout_msgs:/mnt/nova_ssd/workspaces/scout/install/scout_description:/mnt/nova_ssd/workspaces/octomap_ws/install/octomap_example:/mnt/nova_ssd/workspaces/pcl_ws/install/projected_pcl:/mnt/nova_ssd/workspaces/pcl_ws/install/pointcloud_to_laserscan:/mnt/nova_ssd/workspaces/pcl_ws/install/pcl_object_detection:/mnt/nova_ssd/workspaces/pcl_ws/install/pcl_filter /usr/bin/cmake --install /mnt/nova_ssd/workspaces/pcl_ws/build/pcl_filter
[1.756s] Level 1:colcon.colcon_core.environment:checking '/mnt/nova_ssd/workspaces/pcl_ws/install/pcl_filter' for CMake module files
[1.759s] Level 1:colcon.colcon_core.environment:checking '/mnt/nova_ssd/workspaces/pcl_ws/install/pcl_filter' for CMake config files
[1.761s] Level 1:colcon.colcon_core.shell:create_environment_hook('pcl_filter', 'cmake_prefix_path')
[1.762s] INFO:colcon.colcon_core.shell:Creating environment hook '/mnt/nova_ssd/workspaces/pcl_ws/install/pcl_filter/share/pcl_filter/hook/cmake_prefix_path.ps1'
[1.763s] INFO:colcon.colcon_core.shell:Creating environment descriptor '/mnt/nova_ssd/workspaces/pcl_ws/install/pcl_filter/share/pcl_filter/hook/cmake_prefix_path.dsv'
[1.764s] INFO:colcon.colcon_core.shell:Creating environment hook '/mnt/nova_ssd/workspaces/pcl_ws/install/pcl_filter/share/pcl_filter/hook/cmake_prefix_path.sh'
[1.765s] Level 1:colcon.colcon_core.environment:checking '/mnt/nova_ssd/workspaces/pcl_ws/install/pcl_filter/lib'
[1.765s] Level 1:colcon.colcon_core.environment:checking '/mnt/nova_ssd/workspaces/pcl_ws/install/pcl_filter/bin'
[1.765s] Level 1:colcon.colcon_core.environment:checking '/mnt/nova_ssd/workspaces/pcl_ws/install/pcl_filter/lib/pkgconfig/pcl_filter.pc'
[1.765s] Level 1:colcon.colcon_core.environment:checking '/mnt/nova_ssd/workspaces/pcl_ws/install/pcl_filter/lib/python3.10/site-packages'
[1.766s] Level 1:colcon.colcon_core.environment:checking '/mnt/nova_ssd/workspaces/pcl_ws/install/pcl_filter/bin'
[1.766s] INFO:colcon.colcon_core.shell:Creating package script '/mnt/nova_ssd/workspaces/pcl_ws/install/pcl_filter/share/pcl_filter/package.ps1'
[1.768s] INFO:colcon.colcon_core.shell:Creating package descriptor '/mnt/nova_ssd/workspaces/pcl_ws/install/pcl_filter/share/pcl_filter/package.dsv'
[1.768s] INFO:colcon.colcon_core.shell:Creating package script '/mnt/nova_ssd/workspaces/pcl_ws/install/pcl_filter/share/pcl_filter/package.sh'
[1.769s] INFO:colcon.colcon_core.shell:Creating package script '/mnt/nova_ssd/workspaces/pcl_ws/install/pcl_filter/share/pcl_filter/package.bash'
[1.770s] INFO:colcon.colcon_core.shell:Creating package script '/mnt/nova_ssd/workspaces/pcl_ws/install/pcl_filter/share/pcl_filter/package.zsh'
[1.771s] Level 1:colcon.colcon_core.environment:create_file_with_runtime_dependencies(/mnt/nova_ssd/workspaces/pcl_ws/install/pcl_filter/share/colcon-core/packages/pcl_filter)
[1.776s] DEBUG:colcon.colcon_core.event_handler.log_command:Invoked command in '/mnt/nova_ssd/workspaces/pcl_ws/build/pointcloud_to_laserscan' returned '0': CMAKE_PREFIX_PATH=/mnt/nova_ssd/workspaces/navigation/install/dwa_main:/mnt/nova_ssd/workspaces/navigation/install/dstar_main:/mnt/nova_ssd/workspaces/navigation/install/costmap_converter:/mnt/nova_ssd/workspaces/navigation/install/costmap_converter_msgs:/mnt/nova_ssd/workspaces/texttopoint_ws/install/point_publisher_pkg:/mnt/nova_ssd/workspaces/kiss-icp_ws/install/kiss_icp:/mnt/nova_ssd/workspaces/3d_lidar/src/ws_livox/install/livox_ros_driver2:/mnt/nova_ssd/workspaces/scout/install/scout_base:/mnt/nova_ssd/workspaces/pcl_ws/install/my_package:/mnt/nova_ssd/workspaces/pcl_ws/install/livox_tf:/opt/ros/humble:/mnt/nova_ssd/workspaces/scout/install/ugv_sdk:/mnt/nova_ssd/workspaces/scout/install/scout_msgs:/mnt/nova_ssd/workspaces/scout/install/scout_description:/mnt/nova_ssd/workspaces/octomap_ws/install/octomap_example:/mnt/nova_ssd/workspaces/pcl_ws/install/projected_pcl:/mnt/nova_ssd/workspaces/pcl_ws/install/pointcloud_to_laserscan:/mnt/nova_ssd/workspaces/pcl_ws/install/pcl_object_detection:/mnt/nova_ssd/workspaces/pcl_ws/install/pcl_filter /usr/bin/cmake --build /mnt/nova_ssd/workspaces/pcl_ws/build/pointcloud_to_laserscan -- -j12 -l12
[1.778s] Level 1:colcon.colcon_core.environment:create_environment_scripts_only(projected_pcl)
[1.778s] Level 1:colcon.colcon_core.environment:checking '/mnt/nova_ssd/workspaces/pcl_ws/install/projected_pcl' for CMake module files
[1.779s] Level 1:colcon.colcon_core.environment:checking '/mnt/nova_ssd/workspaces/pcl_ws/install/projected_pcl' for CMake config files
[1.780s] Level 1:colcon.colcon_core.shell:create_environment_hook('projected_pcl', 'cmake_prefix_path')
[1.780s] INFO:colcon.colcon_core.shell:Creating environment hook '/mnt/nova_ssd/workspaces/pcl_ws/install/projected_pcl/share/projected_pcl/hook/cmake_prefix_path.ps1'
[1.781s] INFO:colcon.colcon_core.shell:Creating environment descriptor '/mnt/nova_ssd/workspaces/pcl_ws/install/projected_pcl/share/projected_pcl/hook/cmake_prefix_path.dsv'
[1.782s] INFO:colcon.colcon_core.shell:Creating environment hook '/mnt/nova_ssd/workspaces/pcl_ws/install/projected_pcl/share/projected_pcl/hook/cmake_prefix_path.sh'
[1.782s] DEBUG:colcon.colcon_core.event_handler.log_command:Invoked command in '/mnt/nova_ssd/workspaces/pcl_ws/build/projected_pcl' returned '0': CMAKE_PREFIX_PATH=/mnt/nova_ssd/workspaces/navigation/install/dwa_main:/mnt/nova_ssd/workspaces/navigation/install/dstar_main:/mnt/nova_ssd/workspaces/navigation/install/costmap_converter:/mnt/nova_ssd/workspaces/navigation/install/costmap_converter_msgs:/mnt/nova_ssd/workspaces/texttopoint_ws/install/point_publisher_pkg:/mnt/nova_ssd/workspaces/kiss-icp_ws/install/kiss_icp:/mnt/nova_ssd/workspaces/3d_lidar/src/ws_livox/install/livox_ros_driver2:/mnt/nova_ssd/workspaces/scout/install/scout_base:/mnt/nova_ssd/workspaces/pcl_ws/install/my_package:/mnt/nova_ssd/workspaces/pcl_ws/install/livox_tf:/opt/ros/humble:/mnt/nova_ssd/workspaces/scout/install/ugv_sdk:/mnt/nova_ssd/workspaces/scout/install/scout_msgs:/mnt/nova_ssd/workspaces/scout/install/scout_description:/mnt/nova_ssd/workspaces/octomap_ws/install/octomap_example:/mnt/nova_ssd/workspaces/pcl_ws/install/projected_pcl:/mnt/nova_ssd/workspaces/pcl_ws/install/pointcloud_to_laserscan:/mnt/nova_ssd/workspaces/pcl_ws/install/pcl_object_detection:/mnt/nova_ssd/workspaces/pcl_ws/install/pcl_filter /usr/bin/cmake --install /mnt/nova_ssd/workspaces/pcl_ws/build/projected_pcl
[1.783s] Level 1:colcon.colcon_core.environment:checking '/mnt/nova_ssd/workspaces/pcl_ws/install/projected_pcl/lib'
[1.783s] Level 1:colcon.colcon_core.environment:checking '/mnt/nova_ssd/workspaces/pcl_ws/install/projected_pcl/bin'
[1.783s] Level 1:colcon.colcon_core.environment:checking '/mnt/nova_ssd/workspaces/pcl_ws/install/projected_pcl/lib/pkgconfig/projected_pcl.pc'
[1.784s] Level 1:colcon.colcon_core.environment:checking '/mnt/nova_ssd/workspaces/pcl_ws/install/projected_pcl/lib/python3.10/site-packages'
[1.784s] Level 1:colcon.colcon_core.environment:checking '/mnt/nova_ssd/workspaces/pcl_ws/install/projected_pcl/bin'
[1.785s] INFO:colcon.colcon_core.shell:Creating package script '/mnt/nova_ssd/workspaces/pcl_ws/install/projected_pcl/share/projected_pcl/package.ps1'
[1.785s] INFO:colcon.colcon_core.shell:Creating package descriptor '/mnt/nova_ssd/workspaces/pcl_ws/install/projected_pcl/share/projected_pcl/package.dsv'
[1.786s] INFO:colcon.colcon_core.shell:Creating package script '/mnt/nova_ssd/workspaces/pcl_ws/install/projected_pcl/share/projected_pcl/package.sh'
[1.787s] INFO:colcon.colcon_core.shell:Creating package script '/mnt/nova_ssd/workspaces/pcl_ws/install/projected_pcl/share/projected_pcl/package.bash'
[1.787s] INFO:colcon.colcon_core.shell:Creating package script '/mnt/nova_ssd/workspaces/pcl_ws/install/projected_pcl/share/projected_pcl/package.zsh'
[1.788s] Level 1:colcon.colcon_core.environment:create_file_with_runtime_dependencies(/mnt/nova_ssd/workspaces/pcl_ws/install/projected_pcl/share/colcon-core/packages/projected_pcl)
[1.815s] Level 1:colcon.colcon_core.environment:create_environment_scripts_only(pcl_filter)
[1.816s] Level 1:colcon.colcon_core.environment:checking '/mnt/nova_ssd/workspaces/pcl_ws/install/pcl_filter' for CMake module files
[1.817s] Level 1:colcon.colcon_core.environment:checking '/mnt/nova_ssd/workspaces/pcl_ws/install/pcl_filter' for CMake config files
[1.817s] Level 1:colcon.colcon_core.shell:create_environment_hook('pcl_filter', 'cmake_prefix_path')
[1.817s] INFO:colcon.colcon_core.shell:Creating environment hook '/mnt/nova_ssd/workspaces/pcl_ws/install/pcl_filter/share/pcl_filter/hook/cmake_prefix_path.ps1'
[1.818s] INFO:colcon.colcon_core.shell:Creating environment descriptor '/mnt/nova_ssd/workspaces/pcl_ws/install/pcl_filter/share/pcl_filter/hook/cmake_prefix_path.dsv'
[1.819s] INFO:colcon.colcon_core.shell:Creating environment hook '/mnt/nova_ssd/workspaces/pcl_ws/install/pcl_filter/share/pcl_filter/hook/cmake_prefix_path.sh'
[1.820s] Level 1:colcon.colcon_core.environment:checking '/mnt/nova_ssd/workspaces/pcl_ws/install/pcl_filter/lib'
[1.820s] Level 1:colcon.colcon_core.environment:checking '/mnt/nova_ssd/workspaces/pcl_ws/install/pcl_filter/bin'
[1.820s] Level 1:colcon.colcon_core.environment:checking '/mnt/nova_ssd/workspaces/pcl_ws/install/pcl_filter/lib/pkgconfig/pcl_filter.pc'
[1.820s] Level 1:colcon.colcon_core.environment:checking '/mnt/nova_ssd/workspaces/pcl_ws/install/pcl_filter/lib/python3.10/site-packages'
[1.820s] Level 1:colcon.colcon_core.environment:checking '/mnt/nova_ssd/workspaces/pcl_ws/install/pcl_filter/bin'
[1.821s] INFO:colcon.colcon_core.shell:Creating package script '/mnt/nova_ssd/workspaces/pcl_ws/install/pcl_filter/share/pcl_filter/package.ps1'
[1.822s] INFO:colcon.colcon_core.shell:Creating package descriptor '/mnt/nova_ssd/workspaces/pcl_ws/install/pcl_filter/share/pcl_filter/package.dsv'
[1.822s] INFO:colcon.colcon_core.shell:Creating package script '/mnt/nova_ssd/workspaces/pcl_ws/install/pcl_filter/share/pcl_filter/package.sh'
[1.823s] INFO:colcon.colcon_core.shell:Creating package script '/mnt/nova_ssd/workspaces/pcl_ws/install/pcl_filter/share/pcl_filter/package.bash'
[1.824s] INFO:colcon.colcon_core.shell:Creating package script '/mnt/nova_ssd/workspaces/pcl_ws/install/pcl_filter/share/pcl_filter/package.zsh'
[1.825s] Level 1:colcon.colcon_core.environment:create_file_with_runtime_dependencies(/mnt/nova_ssd/workspaces/pcl_ws/install/pcl_filter/share/colcon-core/packages/pcl_filter)
[1.827s] Level 1:colcon.colcon_core.environment:create_environment_scripts_only(projected_pcl)
[1.827s] Level 1:colcon.colcon_core.environment:checking '/mnt/nova_ssd/workspaces/pcl_ws/install/projected_pcl' for CMake module files
[1.828s] Level 1:colcon.colcon_core.environment:checking '/mnt/nova_ssd/workspaces/pcl_ws/install/projected_pcl' for CMake config files
[1.829s] Level 1:colcon.colcon_core.shell:create_environment_hook('projected_pcl', 'cmake_prefix_path')
[1.829s] INFO:colcon.colcon_core.shell:Creating environment hook '/mnt/nova_ssd/workspaces/pcl_ws/install/projected_pcl/share/projected_pcl/hook/cmake_prefix_path.ps1'
[1.831s] INFO:colcon.colcon_core.shell:Creating environment descriptor '/mnt/nova_ssd/workspaces/pcl_ws/install/projected_pcl/share/projected_pcl/hook/cmake_prefix_path.dsv'
[1.831s] INFO:colcon.colcon_core.shell:Creating environment hook '/mnt/nova_ssd/workspaces/pcl_ws/install/projected_pcl/share/projected_pcl/hook/cmake_prefix_path.sh'
[1.832s] Level 1:colcon.colcon_core.environment:checking '/mnt/nova_ssd/workspaces/pcl_ws/install/projected_pcl/lib'
[1.832s] Level 1:colcon.colcon_core.environment:checking '/mnt/nova_ssd/workspaces/pcl_ws/install/projected_pcl/bin'
[1.833s] Level 1:colcon.colcon_core.environment:checking '/mnt/nova_ssd/workspaces/pcl_ws/install/projected_pcl/lib/pkgconfig/projected_pcl.pc'
[1.833s] Level 1:colcon.colcon_core.environment:checking '/mnt/nova_ssd/workspaces/pcl_ws/install/projected_pcl/lib/python3.10/site-packages'
[1.833s] Level 1:colcon.colcon_core.environment:checking '/mnt/nova_ssd/workspaces/pcl_ws/install/projected_pcl/bin'
[1.834s] INFO:colcon.colcon_core.shell:Creating package script '/mnt/nova_ssd/workspaces/pcl_ws/install/projected_pcl/share/projected_pcl/package.ps1'
[1.835s] INFO:colcon.colcon_core.shell:Creating package descriptor '/mnt/nova_ssd/workspaces/pcl_ws/install/projected_pcl/share/projected_pcl/package.dsv'
[1.835s] INFO:colcon.colcon_core.shell:Creating package script '/mnt/nova_ssd/workspaces/pcl_ws/install/projected_pcl/share/projected_pcl/package.sh'
[1.836s] INFO:colcon.colcon_core.shell:Creating package script '/mnt/nova_ssd/workspaces/pcl_ws/install/projected_pcl/share/projected_pcl/package.bash'
[1.837s] INFO:colcon.colcon_core.shell:Creating package script '/mnt/nova_ssd/workspaces/pcl_ws/install/projected_pcl/share/projected_pcl/package.zsh'
[1.837s] Level 1:colcon.colcon_core.environment:create_file_with_runtime_dependencies(/mnt/nova_ssd/workspaces/pcl_ws/install/projected_pcl/share/colcon-core/packages/projected_pcl)
[1.842s] DEBUG:colcon.colcon_core.event_handler.log_command:Invoking command in '/mnt/nova_ssd/workspaces/pcl_ws/build/pointcloud_to_laserscan': CMAKE_PREFIX_PATH=/mnt/nova_ssd/workspaces/navigation/install/dwa_main:/mnt/nova_ssd/workspaces/navigation/install/dstar_main:/mnt/nova_ssd/workspaces/navigation/install/costmap_converter:/mnt/nova_ssd/workspaces/navigation/install/costmap_converter_msgs:/mnt/nova_ssd/workspaces/texttopoint_ws/install/point_publisher_pkg:/mnt/nova_ssd/workspaces/kiss-icp_ws/install/kiss_icp:/mnt/nova_ssd/workspaces/3d_lidar/src/ws_livox/install/livox_ros_driver2:/mnt/nova_ssd/workspaces/scout/install/scout_base:/mnt/nova_ssd/workspaces/pcl_ws/install/my_package:/mnt/nova_ssd/workspaces/pcl_ws/install/livox_tf:/opt/ros/humble:/mnt/nova_ssd/workspaces/scout/install/ugv_sdk:/mnt/nova_ssd/workspaces/scout/install/scout_msgs:/mnt/nova_ssd/workspaces/scout/install/scout_description:/mnt/nova_ssd/workspaces/octomap_ws/install/octomap_example:/mnt/nova_ssd/workspaces/pcl_ws/install/projected_pcl:/mnt/nova_ssd/workspaces/pcl_ws/install/pointcloud_to_laserscan:/mnt/nova_ssd/workspaces/pcl_ws/install/pcl_object_detection:/mnt/nova_ssd/workspaces/pcl_ws/install/pcl_filter /usr/bin/cmake --install /mnt/nova_ssd/workspaces/pcl_ws/build/pointcloud_to_laserscan
[1.900s] Level 1:colcon.colcon_core.environment:create_environment_scripts_only(pointcloud_to_laserscan)
[1.901s] Level 1:colcon.colcon_core.environment:checking '/mnt/nova_ssd/workspaces/pcl_ws/install/pointcloud_to_laserscan' for CMake module files
[1.902s] Level 1:colcon.colcon_core.environment:checking '/mnt/nova_ssd/workspaces/pcl_ws/install/pointcloud_to_laserscan' for CMake config files
[1.903s] DEBUG:colcon.colcon_core.event_handler.log_command:Invoked command in '/mnt/nova_ssd/workspaces/pcl_ws/build/pointcloud_to_laserscan' returned '0': CMAKE_PREFIX_PATH=/mnt/nova_ssd/workspaces/navigation/install/dwa_main:/mnt/nova_ssd/workspaces/navigation/install/dstar_main:/mnt/nova_ssd/workspaces/navigation/install/costmap_converter:/mnt/nova_ssd/workspaces/navigation/install/costmap_converter_msgs:/mnt/nova_ssd/workspaces/texttopoint_ws/install/point_publisher_pkg:/mnt/nova_ssd/workspaces/kiss-icp_ws/install/kiss_icp:/mnt/nova_ssd/workspaces/3d_lidar/src/ws_livox/install/livox_ros_driver2:/mnt/nova_ssd/workspaces/scout/install/scout_base:/mnt/nova_ssd/workspaces/pcl_ws/install/my_package:/mnt/nova_ssd/workspaces/pcl_ws/install/livox_tf:/opt/ros/humble:/mnt/nova_ssd/workspaces/scout/install/ugv_sdk:/mnt/nova_ssd/workspaces/scout/install/scout_msgs:/mnt/nova_ssd/workspaces/scout/install/scout_description:/mnt/nova_ssd/workspaces/octomap_ws/install/octomap_example:/mnt/nova_ssd/workspaces/pcl_ws/install/projected_pcl:/mnt/nova_ssd/workspaces/pcl_ws/install/pointcloud_to_laserscan:/mnt/nova_ssd/workspaces/pcl_ws/install/pcl_object_detection:/mnt/nova_ssd/workspaces/pcl_ws/install/pcl_filter /usr/bin/cmake --install /mnt/nova_ssd/workspaces/pcl_ws/build/pointcloud_to_laserscan
[1.904s] Level 1:colcon.colcon_core.shell:create_environment_hook('pointcloud_to_laserscan', 'cmake_prefix_path')
[1.905s] INFO:colcon.colcon_core.shell:Creating environment hook '/mnt/nova_ssd/workspaces/pcl_ws/install/pointcloud_to_laserscan/share/pointcloud_to_laserscan/hook/cmake_prefix_path.ps1'
[1.906s] INFO:colcon.colcon_core.shell:Creating environment descriptor '/mnt/nova_ssd/workspaces/pcl_ws/install/pointcloud_to_laserscan/share/pointcloud_to_laserscan/hook/cmake_prefix_path.dsv'
[1.906s] INFO:colcon.colcon_core.shell:Creating environment hook '/mnt/nova_ssd/workspaces/pcl_ws/install/pointcloud_to_laserscan/share/pointcloud_to_laserscan/hook/cmake_prefix_path.sh'
[1.907s] Level 1:colcon.colcon_core.environment:checking '/mnt/nova_ssd/workspaces/pcl_ws/install/pointcloud_to_laserscan/lib'
[1.908s] Level 1:colcon.colcon_core.shell:create_environment_hook('pointcloud_to_laserscan', 'ld_library_path_lib')
[1.908s] INFO:colcon.colcon_core.shell:Creating environment hook '/mnt/nova_ssd/workspaces/pcl_ws/install/pointcloud_to_laserscan/share/pointcloud_to_laserscan/hook/ld_library_path_lib.ps1'
[1.909s] INFO:colcon.colcon_core.shell:Creating environment descriptor '/mnt/nova_ssd/workspaces/pcl_ws/install/pointcloud_to_laserscan/share/pointcloud_to_laserscan/hook/ld_library_path_lib.dsv'
[1.909s] INFO:colcon.colcon_core.shell:Creating environment hook '/mnt/nova_ssd/workspaces/pcl_ws/install/pointcloud_to_laserscan/share/pointcloud_to_laserscan/hook/ld_library_path_lib.sh'
[1.910s] Level 1:colcon.colcon_core.environment:checking '/mnt/nova_ssd/workspaces/pcl_ws/install/pointcloud_to_laserscan/bin'
[1.910s] Level 1:colcon.colcon_core.environment:checking '/mnt/nova_ssd/workspaces/pcl_ws/install/pointcloud_to_laserscan/lib/pkgconfig/pointcloud_to_laserscan.pc'
[1.910s] Level 1:colcon.colcon_core.environment:checking '/mnt/nova_ssd/workspaces/pcl_ws/install/pointcloud_to_laserscan/lib/python3.10/site-packages'
[1.911s] Level 1:colcon.colcon_core.environment:checking '/mnt/nova_ssd/workspaces/pcl_ws/install/pointcloud_to_laserscan/bin'
[1.911s] INFO:colcon.colcon_core.shell:Creating package script '/mnt/nova_ssd/workspaces/pcl_ws/install/pointcloud_to_laserscan/share/pointcloud_to_laserscan/package.ps1'
[1.913s] INFO:colcon.colcon_core.shell:Creating package descriptor '/mnt/nova_ssd/workspaces/pcl_ws/install/pointcloud_to_laserscan/share/pointcloud_to_laserscan/package.dsv'
[1.913s] INFO:colcon.colcon_core.shell:Creating package script '/mnt/nova_ssd/workspaces/pcl_ws/install/pointcloud_to_laserscan/share/pointcloud_to_laserscan/package.sh'
[1.914s] INFO:colcon.colcon_core.shell:Creating package script '/mnt/nova_ssd/workspaces/pcl_ws/install/pointcloud_to_laserscan/share/pointcloud_to_laserscan/package.bash'
[1.915s] INFO:colcon.colcon_core.shell:Creating package script '/mnt/nova_ssd/workspaces/pcl_ws/install/pointcloud_to_laserscan/share/pointcloud_to_laserscan/package.zsh'
[1.915s] Level 1:colcon.colcon_core.environment:create_file_with_runtime_dependencies(/mnt/nova_ssd/workspaces/pcl_ws/install/pointcloud_to_laserscan/share/colcon-core/packages/pointcloud_to_laserscan)
[1.975s] Level 1:colcon.colcon_core.environment:create_environment_scripts_only(pointcloud_to_laserscan)
[1.975s] Level 1:colcon.colcon_core.environment:checking '/mnt/nova_ssd/workspaces/pcl_ws/install/pointcloud_to_laserscan' for CMake module files
[1.976s] Level 1:colcon.colcon_core.environment:checking '/mnt/nova_ssd/workspaces/pcl_ws/install/pointcloud_to_laserscan' for CMake config files
[1.977s] Level 1:colcon.colcon_core.shell:create_environment_hook('pointcloud_to_laserscan', 'cmake_prefix_path')
[1.977s] INFO:colcon.colcon_core.shell:Creating environment hook '/mnt/nova_ssd/workspaces/pcl_ws/install/pointcloud_to_laserscan/share/pointcloud_to_laserscan/hook/cmake_prefix_path.ps1'
[1.978s] INFO:colcon.colcon_core.shell:Creating environment descriptor '/mnt/nova_ssd/workspaces/pcl_ws/install/pointcloud_to_laserscan/share/pointcloud_to_laserscan/hook/cmake_prefix_path.dsv'
[1.979s] INFO:colcon.colcon_core.shell:Creating environment hook '/mnt/nova_ssd/workspaces/pcl_ws/install/pointcloud_to_laserscan/share/pointcloud_to_laserscan/hook/cmake_prefix_path.sh'
[1.980s] Level 1:colcon.colcon_core.environment:checking '/mnt/nova_ssd/workspaces/pcl_ws/install/pointcloud_to_laserscan/lib'
[1.980s] Level 1:colcon.colcon_core.shell:create_environment_hook('pointcloud_to_laserscan', 'ld_library_path_lib')
[1.980s] INFO:colcon.colcon_core.shell:Creating environment hook '/mnt/nova_ssd/workspaces/pcl_ws/install/pointcloud_to_laserscan/share/pointcloud_to_laserscan/hook/ld_library_path_lib.ps1'
[1.981s] INFO:colcon.colcon_core.shell:Creating environment descriptor '/mnt/nova_ssd/workspaces/pcl_ws/install/pointcloud_to_laserscan/share/pointcloud_to_laserscan/hook/ld_library_path_lib.dsv'
[1.981s] INFO:colcon.colcon_core.shell:Creating environment hook '/mnt/nova_ssd/workspaces/pcl_ws/install/pointcloud_to_laserscan/share/pointcloud_to_laserscan/hook/ld_library_path_lib.sh'
[1.982s] Level 1:colcon.colcon_core.environment:checking '/mnt/nova_ssd/workspaces/pcl_ws/install/pointcloud_to_laserscan/bin'
[1.982s] Level 1:colcon.colcon_core.environment:checking '/mnt/nova_ssd/workspaces/pcl_ws/install/pointcloud_to_laserscan/lib/pkgconfig/pointcloud_to_laserscan.pc'
[1.982s] Level 1:colcon.colcon_core.environment:checking '/mnt/nova_ssd/workspaces/pcl_ws/install/pointcloud_to_laserscan/lib/python3.10/site-packages'
[1.982s] Level 1:colcon.colcon_core.environment:checking '/mnt/nova_ssd/workspaces/pcl_ws/install/pointcloud_to_laserscan/bin'
[1.983s] INFO:colcon.colcon_core.shell:Creating package script '/mnt/nova_ssd/workspaces/pcl_ws/install/pointcloud_to_laserscan/share/pointcloud_to_laserscan/package.ps1'
[1.984s] INFO:colcon.colcon_core.shell:Creating package descriptor '/mnt/nova_ssd/workspaces/pcl_ws/install/pointcloud_to_laserscan/share/pointcloud_to_laserscan/package.dsv'
[1.985s] INFO:colcon.colcon_core.shell:Creating package script '/mnt/nova_ssd/workspaces/pcl_ws/install/pointcloud_to_laserscan/share/pointcloud_to_laserscan/package.sh'
[1.986s] INFO:colcon.colcon_core.shell:Creating package script '/mnt/nova_ssd/workspaces/pcl_ws/install/pointcloud_to_laserscan/share/pointcloud_to_laserscan/package.bash'
[1.986s] INFO:colcon.colcon_core.shell:Creating package script '/mnt/nova_ssd/workspaces/pcl_ws/install/pointcloud_to_laserscan/share/pointcloud_to_laserscan/package.zsh'
[1.987s] Level 1:colcon.colcon_core.environment:create_file_with_runtime_dependencies(/mnt/nova_ssd/workspaces/pcl_ws/install/pointcloud_to_laserscan/share/colcon-core/packages/pointcloud_to_laserscan)
[2.097s] DEBUG:colcon.colcon_core.event_handler.log_command:Invoking command in '/mnt/nova_ssd/workspaces/pcl_ws/src/my_package': PYTHONPATH=/mnt/nova_ssd/workspaces/pcl_ws/build/my_package/prefix_override:/usr/lib/python3/dist-packages/colcon_core/task/python/colcon_distutils_commands:/mnt/nova_ssd/workspaces/pcl_ws/install/my_package/lib/python3.10/site-packages:${PYTHONPATH} /usr/bin/python3 -W ignore:setup.py install is deprecated setup.py egg_info --egg-base ../../build/my_package build --build-base /mnt/nova_ssd/workspaces/pcl_ws/build/my_package/build install --record /mnt/nova_ssd/workspaces/pcl_ws/build/my_package/install.log --single-version-externally-managed install_data
[2.121s] DEBUG:colcon.colcon_core.event_handler.log_command:Invoking command in '/mnt/nova_ssd/workspaces/pcl_ws/src/livox_tf': PYTHONPATH=/mnt/nova_ssd/workspaces/pcl_ws/build/livox_tf/prefix_override:/usr/lib/python3/dist-packages/colcon_core/task/python/colcon_distutils_commands:/mnt/nova_ssd/workspaces/pcl_ws/install/livox_tf/lib/python3.10/site-packages:${PYTHONPATH} /usr/bin/python3 -W ignore:setup.py install is deprecated setup.py egg_info --egg-base ../../build/livox_tf build --build-base /mnt/nova_ssd/workspaces/pcl_ws/build/livox_tf/build install --record /mnt/nova_ssd/workspaces/pcl_ws/build/livox_tf/install.log --single-version-externally-managed install_data
[2.564s] Level 1:colcon.colcon_core.environment:checking '/mnt/nova_ssd/workspaces/pcl_ws/install/my_package' for CMake module files
[2.565s] Level 1:colcon.colcon_core.environment:checking '/mnt/nova_ssd/workspaces/pcl_ws/install/my_package' for CMake config files
[2.566s] Level 1:colcon.colcon_core.environment:checking '/mnt/nova_ssd/workspaces/pcl_ws/install/my_package/lib'
[2.566s] Level 1:colcon.colcon_core.environment:checking '/mnt/nova_ssd/workspaces/pcl_ws/install/my_package/bin'
[2.567s] Level 1:colcon.colcon_core.environment:checking '/mnt/nova_ssd/workspaces/pcl_ws/install/my_package/lib/pkgconfig/my_package.pc'
[2.567s] DEBUG:colcon.colcon_core.event_handler.log_command:Invoked command in '/mnt/nova_ssd/workspaces/pcl_ws/src/my_package' returned '0': PYTHONPATH=/mnt/nova_ssd/workspaces/pcl_ws/build/my_package/prefix_override:/usr/lib/python3/dist-packages/colcon_core/task/python/colcon_distutils_commands:/mnt/nova_ssd/workspaces/pcl_ws/install/my_package/lib/python3.10/site-packages:${PYTHONPATH} /usr/bin/python3 -W ignore:setup.py install is deprecated setup.py egg_info --egg-base ../../build/my_package build --build-base /mnt/nova_ssd/workspaces/pcl_ws/build/my_package/build install --record /mnt/nova_ssd/workspaces/pcl_ws/build/my_package/install.log --single-version-externally-managed install_data
[2.567s] Level 1:colcon.colcon_core.environment:checking '/mnt/nova_ssd/workspaces/pcl_ws/install/my_package/lib/python3.10/site-packages'
[2.568s] Level 1:colcon.colcon_core.shell:create_environment_hook('my_package', 'pythonpath')
[2.568s] INFO:colcon.colcon_core.shell:Creating environment hook '/mnt/nova_ssd/workspaces/pcl_ws/install/my_package/share/my_package/hook/pythonpath.ps1'
[2.569s] INFO:colcon.colcon_core.shell:Creating environment descriptor '/mnt/nova_ssd/workspaces/pcl_ws/install/my_package/share/my_package/hook/pythonpath.dsv'
[2.570s] INFO:colcon.colcon_core.shell:Creating environment hook '/mnt/nova_ssd/workspaces/pcl_ws/install/my_package/share/my_package/hook/pythonpath.sh'
[2.571s] Level 1:colcon.colcon_core.environment:checking '/mnt/nova_ssd/workspaces/pcl_ws/install/my_package/bin'
[2.571s] Level 1:colcon.colcon_core.environment:create_environment_scripts_only(my_package)
[2.572s] INFO:colcon.colcon_core.shell:Creating package script '/mnt/nova_ssd/workspaces/pcl_ws/install/my_package/share/my_package/package.ps1'
[2.573s] INFO:colcon.colcon_core.shell:Creating package descriptor '/mnt/nova_ssd/workspaces/pcl_ws/install/my_package/share/my_package/package.dsv'
[2.574s] INFO:colcon.colcon_core.shell:Creating package script '/mnt/nova_ssd/workspaces/pcl_ws/install/my_package/share/my_package/package.sh'
[2.575s] INFO:colcon.colcon_core.shell:Creating package script '/mnt/nova_ssd/workspaces/pcl_ws/install/my_package/share/my_package/package.bash'
[2.575s] INFO:colcon.colcon_core.shell:Creating package script '/mnt/nova_ssd/workspaces/pcl_ws/install/my_package/share/my_package/package.zsh'
[2.576s] Level 1:colcon.colcon_core.environment:create_file_with_runtime_dependencies(/mnt/nova_ssd/workspaces/pcl_ws/install/my_package/share/colcon-core/packages/my_package)
[2.600s] Level 1:colcon.colcon_core.environment:checking '/mnt/nova_ssd/workspaces/pcl_ws/install/livox_tf' for CMake module files
[2.601s] DEBUG:colcon.colcon_core.event_handler.log_command:Invoked command in '/mnt/nova_ssd/workspaces/pcl_ws/src/livox_tf' returned '0': PYTHONPATH=/mnt/nova_ssd/workspaces/pcl_ws/build/livox_tf/prefix_override:/usr/lib/python3/dist-packages/colcon_core/task/python/colcon_distutils_commands:/mnt/nova_ssd/workspaces/pcl_ws/install/livox_tf/lib/python3.10/site-packages:${PYTHONPATH} /usr/bin/python3 -W ignore:setup.py install is deprecated setup.py egg_info --egg-base ../../build/livox_tf build --build-base /mnt/nova_ssd/workspaces/pcl_ws/build/livox_tf/build install --record /mnt/nova_ssd/workspaces/pcl_ws/build/livox_tf/install.log --single-version-externally-managed install_data
[2.601s] Level 1:colcon.colcon_core.environment:checking '/mnt/nova_ssd/workspaces/pcl_ws/install/livox_tf' for CMake config files
[2.602s] Level 1:colcon.colcon_core.environment:checking '/mnt/nova_ssd/workspaces/pcl_ws/install/livox_tf/lib'
[2.603s] Level 1:colcon.colcon_core.environment:checking '/mnt/nova_ssd/workspaces/pcl_ws/install/livox_tf/bin'
[2.603s] Level 1:colcon.colcon_core.environment:checking '/mnt/nova_ssd/workspaces/pcl_ws/install/livox_tf/lib/pkgconfig/livox_tf.pc'
[2.603s] Level 1:colcon.colcon_core.environment:checking '/mnt/nova_ssd/workspaces/pcl_ws/install/livox_tf/lib/python3.10/site-packages'
[2.603s] Level 1:colcon.colcon_core.shell:create_environment_hook('livox_tf', 'pythonpath')
[2.604s] INFO:colcon.colcon_core.shell:Creating environment hook '/mnt/nova_ssd/workspaces/pcl_ws/install/livox_tf/share/livox_tf/hook/pythonpath.ps1'
[2.605s] INFO:colcon.colcon_core.shell:Creating environment descriptor '/mnt/nova_ssd/workspaces/pcl_ws/install/livox_tf/share/livox_tf/hook/pythonpath.dsv'
[2.605s] INFO:colcon.colcon_core.shell:Creating environment hook '/mnt/nova_ssd/workspaces/pcl_ws/install/livox_tf/share/livox_tf/hook/pythonpath.sh'
[2.606s] Level 1:colcon.colcon_core.environment:checking '/mnt/nova_ssd/workspaces/pcl_ws/install/livox_tf/bin'
[2.606s] Level 1:colcon.colcon_core.environment:create_environment_scripts_only(livox_tf)
[2.607s] INFO:colcon.colcon_core.shell:Creating package script '/mnt/nova_ssd/workspaces/pcl_ws/install/livox_tf/share/livox_tf/package.ps1'
[2.607s] INFO:colcon.colcon_core.shell:Creating package descriptor '/mnt/nova_ssd/workspaces/pcl_ws/install/livox_tf/share/livox_tf/package.dsv'
[2.608s] INFO:colcon.colcon_core.shell:Creating package script '/mnt/nova_ssd/workspaces/pcl_ws/install/livox_tf/share/livox_tf/package.sh'
[2.609s] INFO:colcon.colcon_core.shell:Creating package script '/mnt/nova_ssd/workspaces/pcl_ws/install/livox_tf/share/livox_tf/package.bash'
[2.609s] INFO:colcon.colcon_core.shell:Creating package script '/mnt/nova_ssd/workspaces/pcl_ws/install/livox_tf/share/livox_tf/package.zsh'
[2.610s] Level 1:colcon.colcon_core.environment:create_file_with_runtime_dependencies(/mnt/nova_ssd/workspaces/pcl_ws/install/livox_tf/share/colcon-core/packages/livox_tf)
[29.960s] DEBUG:colcon.colcon_core.event_handler.log_command:Invoked command in '/mnt/nova_ssd/workspaces/pcl_ws/build/pcl_object_detection' returned '0': CMAKE_PREFIX_PATH=/mnt/nova_ssd/workspaces/navigation/install/dwa_main:/mnt/nova_ssd/workspaces/navigation/install/dstar_main:/mnt/nova_ssd/workspaces/navigation/install/costmap_converter:/mnt/nova_ssd/workspaces/navigation/install/costmap_converter_msgs:/mnt/nova_ssd/workspaces/texttopoint_ws/install/point_publisher_pkg:/mnt/nova_ssd/workspaces/kiss-icp_ws/install/kiss_icp:/mnt/nova_ssd/workspaces/3d_lidar/src/ws_livox/install/livox_ros_driver2:/mnt/nova_ssd/workspaces/scout/install/scout_base:/mnt/nova_ssd/workspaces/pcl_ws/install/my_package:/mnt/nova_ssd/workspaces/pcl_ws/install/livox_tf:/opt/ros/humble:/mnt/nova_ssd/workspaces/scout/install/ugv_sdk:/mnt/nova_ssd/workspaces/scout/install/scout_msgs:/mnt/nova_ssd/workspaces/scout/install/scout_description:/mnt/nova_ssd/workspaces/octomap_ws/install/octomap_example:/mnt/nova_ssd/workspaces/pcl_ws/install/projected_pcl:/mnt/nova_ssd/workspaces/pcl_ws/install/pointcloud_to_laserscan:/mnt/nova_ssd/workspaces/pcl_ws/install/pcl_object_detection:/mnt/nova_ssd/workspaces/pcl_ws/install/pcl_filter /usr/bin/cmake --build /mnt/nova_ssd/workspaces/pcl_ws/build/pcl_object_detection -- -j12 -l12
[30.003s] DEBUG:colcon.colcon_core.event_handler.log_command:Invoking command in '/mnt/nova_ssd/workspaces/pcl_ws/build/pcl_object_detection': CMAKE_PREFIX_PATH=/mnt/nova_ssd/workspaces/navigation/install/dwa_main:/mnt/nova_ssd/workspaces/navigation/install/dstar_main:/mnt/nova_ssd/workspaces/navigation/install/costmap_converter:/mnt/nova_ssd/workspaces/navigation/install/costmap_converter_msgs:/mnt/nova_ssd/workspaces/texttopoint_ws/install/point_publisher_pkg:/mnt/nova_ssd/workspaces/kiss-icp_ws/install/kiss_icp:/mnt/nova_ssd/workspaces/3d_lidar/src/ws_livox/install/livox_ros_driver2:/mnt/nova_ssd/workspaces/scout/install/scout_base:/mnt/nova_ssd/workspaces/pcl_ws/install/my_package:/mnt/nova_ssd/workspaces/pcl_ws/install/livox_tf:/opt/ros/humble:/mnt/nova_ssd/workspaces/scout/install/ugv_sdk:/mnt/nova_ssd/workspaces/scout/install/scout_msgs:/mnt/nova_ssd/workspaces/scout/install/scout_description:/mnt/nova_ssd/workspaces/octomap_ws/install/octomap_example:/mnt/nova_ssd/workspaces/pcl_ws/install/projected_pcl:/mnt/nova_ssd/workspaces/pcl_ws/install/pointcloud_to_laserscan:/mnt/nova_ssd/workspaces/pcl_ws/install/pcl_object_detection:/mnt/nova_ssd/workspaces/pcl_ws/install/pcl_filter /usr/bin/cmake --install /mnt/nova_ssd/workspaces/pcl_ws/build/pcl_object_detection
[30.032s] Level 1:colcon.colcon_core.environment:create_environment_scripts_only(pcl_object_detection)
[30.033s] Level 1:colcon.colcon_core.environment:checking '/mnt/nova_ssd/workspaces/pcl_ws/install/pcl_object_detection' for CMake module files
[30.034s] DEBUG:colcon.colcon_core.event_handler.log_command:Invoked command in '/mnt/nova_ssd/workspaces/pcl_ws/build/pcl_object_detection' returned '0': CMAKE_PREFIX_PATH=/mnt/nova_ssd/workspaces/navigation/install/dwa_main:/mnt/nova_ssd/workspaces/navigation/install/dstar_main:/mnt/nova_ssd/workspaces/navigation/install/costmap_converter:/mnt/nova_ssd/workspaces/navigation/install/costmap_converter_msgs:/mnt/nova_ssd/workspaces/texttopoint_ws/install/point_publisher_pkg:/mnt/nova_ssd/workspaces/kiss-icp_ws/install/kiss_icp:/mnt/nova_ssd/workspaces/3d_lidar/src/ws_livox/install/livox_ros_driver2:/mnt/nova_ssd/workspaces/scout/install/scout_base:/mnt/nova_ssd/workspaces/pcl_ws/install/my_package:/mnt/nova_ssd/workspaces/pcl_ws/install/livox_tf:/opt/ros/humble:/mnt/nova_ssd/workspaces/scout/install/ugv_sdk:/mnt/nova_ssd/workspaces/scout/install/scout_msgs:/mnt/nova_ssd/workspaces/scout/install/scout_description:/mnt/nova_ssd/workspaces/octomap_ws/install/octomap_example:/mnt/nova_ssd/workspaces/pcl_ws/install/projected_pcl:/mnt/nova_ssd/workspaces/pcl_ws/install/pointcloud_to_laserscan:/mnt/nova_ssd/workspaces/pcl_ws/install/pcl_object_detection:/mnt/nova_ssd/workspaces/pcl_ws/install/pcl_filter /usr/bin/cmake --install /mnt/nova_ssd/workspaces/pcl_ws/build/pcl_object_detection
[30.034s] Level 1:colcon.colcon_core.environment:checking '/mnt/nova_ssd/workspaces/pcl_ws/install/pcl_object_detection' for CMake config files
[30.035s] Level 1:colcon.colcon_core.shell:create_environment_hook('pcl_object_detection', 'cmake_prefix_path')
[30.035s] INFO:colcon.colcon_core.shell:Creating environment hook '/mnt/nova_ssd/workspaces/pcl_ws/install/pcl_object_detection/share/pcl_object_detection/hook/cmake_prefix_path.ps1'
[30.036s] INFO:colcon.colcon_core.shell:Creating environment descriptor '/mnt/nova_ssd/workspaces/pcl_ws/install/pcl_object_detection/share/pcl_object_detection/hook/cmake_prefix_path.dsv'
[30.037s] INFO:colcon.colcon_core.shell:Creating environment hook '/mnt/nova_ssd/workspaces/pcl_ws/install/pcl_object_detection/share/pcl_object_detection/hook/cmake_prefix_path.sh'
[30.038s] Level 1:colcon.colcon_core.environment:checking '/mnt/nova_ssd/workspaces/pcl_ws/install/pcl_object_detection/lib'
[30.038s] Level 1:colcon.colcon_core.shell:create_environment_hook('pcl_object_detection', 'ld_library_path_lib')
[30.038s] INFO:colcon.colcon_core.shell:Creating environment hook '/mnt/nova_ssd/workspaces/pcl_ws/install/pcl_object_detection/share/pcl_object_detection/hook/ld_library_path_lib.ps1'
[30.039s] INFO:colcon.colcon_core.shell:Creating environment descriptor '/mnt/nova_ssd/workspaces/pcl_ws/install/pcl_object_detection/share/pcl_object_detection/hook/ld_library_path_lib.dsv'
[30.039s] INFO:colcon.colcon_core.shell:Creating environment hook '/mnt/nova_ssd/workspaces/pcl_ws/install/pcl_object_detection/share/pcl_object_detection/hook/ld_library_path_lib.sh'
[30.040s] Level 1:colcon.colcon_core.environment:checking '/mnt/nova_ssd/workspaces/pcl_ws/install/pcl_object_detection/bin'
[30.040s] Level 1:colcon.colcon_core.environment:checking '/mnt/nova_ssd/workspaces/pcl_ws/install/pcl_object_detection/lib/pkgconfig/pcl_object_detection.pc'
[30.040s] Level 1:colcon.colcon_core.environment:checking '/mnt/nova_ssd/workspaces/pcl_ws/install/pcl_object_detection/lib/python3.10/site-packages'
[30.041s] Level 1:colcon.colcon_core.environment:checking '/mnt/nova_ssd/workspaces/pcl_ws/install/pcl_object_detection/bin'
[30.041s] INFO:colcon.colcon_core.shell:Creating package script '/mnt/nova_ssd/workspaces/pcl_ws/install/pcl_object_detection/share/pcl_object_detection/package.ps1'
[30.042s] INFO:colcon.colcon_core.shell:Creating package descriptor '/mnt/nova_ssd/workspaces/pcl_ws/install/pcl_object_detection/share/pcl_object_detection/package.dsv'
[30.043s] INFO:colcon.colcon_core.shell:Creating package script '/mnt/nova_ssd/workspaces/pcl_ws/install/pcl_object_detection/share/pcl_object_detection/package.sh'
[30.043s] INFO:colcon.colcon_core.shell:Creating package script '/mnt/nova_ssd/workspaces/pcl_ws/install/pcl_object_detection/share/pcl_object_detection/package.bash'
[30.044s] INFO:colcon.colcon_core.shell:Creating package script '/mnt/nova_ssd/workspaces/pcl_ws/install/pcl_object_detection/share/pcl_object_detection/package.zsh'
[30.044s] Level 1:colcon.colcon_core.environment:create_file_with_runtime_dependencies(/mnt/nova_ssd/workspaces/pcl_ws/install/pcl_object_detection/share/colcon-core/packages/pcl_object_detection)
[30.085s] Level 1:colcon.colcon_core.environment:create_environment_scripts_only(pcl_object_detection)
[30.086s] Level 1:colcon.colcon_core.environment:checking '/mnt/nova_ssd/workspaces/pcl_ws/install/pcl_object_detection' for CMake module files
[30.087s] Level 1:colcon.colcon_core.environment:checking '/mnt/nova_ssd/workspaces/pcl_ws/install/pcl_object_detection' for CMake config files
[30.087s] Level 1:colcon.colcon_core.shell:create_environment_hook('pcl_object_detection', 'cmake_prefix_path')
[30.088s] INFO:colcon.colcon_core.shell:Creating environment hook '/mnt/nova_ssd/workspaces/pcl_ws/install/pcl_object_detection/share/pcl_object_detection/hook/cmake_prefix_path.ps1'
[30.089s] INFO:colcon.colcon_core.shell:Creating environment descriptor '/mnt/nova_ssd/workspaces/pcl_ws/install/pcl_object_detection/share/pcl_object_detection/hook/cmake_prefix_path.dsv'
[30.089s] INFO:colcon.colcon_core.shell:Creating environment hook '/mnt/nova_ssd/workspaces/pcl_ws/install/pcl_object_detection/share/pcl_object_detection/hook/cmake_prefix_path.sh'
[30.090s] Level 1:colcon.colcon_core.environment:checking '/mnt/nova_ssd/workspaces/pcl_ws/install/pcl_object_detection/lib'
[30.091s] Level 1:colcon.colcon_core.shell:create_environment_hook('pcl_object_detection', 'ld_library_path_lib')
[30.091s] INFO:colcon.colcon_core.shell:Creating environment hook '/mnt/nova_ssd/workspaces/pcl_ws/install/pcl_object_detection/share/pcl_object_detection/hook/ld_library_path_lib.ps1'
[30.092s] INFO:colcon.colcon_core.shell:Creating environment descriptor '/mnt/nova_ssd/workspaces/pcl_ws/install/pcl_object_detection/share/pcl_object_detection/hook/ld_library_path_lib.dsv'
[30.092s] INFO:colcon.colcon_core.shell:Creating environment hook '/mnt/nova_ssd/workspaces/pcl_ws/install/pcl_object_detection/share/pcl_object_detection/hook/ld_library_path_lib.sh'
[30.093s] Level 1:colcon.colcon_core.environment:checking '/mnt/nova_ssd/workspaces/pcl_ws/install/pcl_object_detection/bin'
[30.093s] Level 1:colcon.colcon_core.environment:checking '/mnt/nova_ssd/workspaces/pcl_ws/install/pcl_object_detection/lib/pkgconfig/pcl_object_detection.pc'
[30.093s] Level 1:colcon.colcon_core.environment:checking '/mnt/nova_ssd/workspaces/pcl_ws/install/pcl_object_detection/lib/python3.10/site-packages'
[30.093s] Level 1:colcon.colcon_core.environment:checking '/mnt/nova_ssd/workspaces/pcl_ws/install/pcl_object_detection/bin'
[30.094s] INFO:colcon.colcon_core.shell:Creating package script '/mnt/nova_ssd/workspaces/pcl_ws/install/pcl_object_detection/share/pcl_object_detection/package.ps1'
[30.095s] INFO:colcon.colcon_core.shell:Creating package descriptor '/mnt/nova_ssd/workspaces/pcl_ws/install/pcl_object_detection/share/pcl_object_detection/package.dsv'
[30.096s] INFO:colcon.colcon_core.shell:Creating package script '/mnt/nova_ssd/workspaces/pcl_ws/install/pcl_object_detection/share/pcl_object_detection/package.sh'
[30.096s] INFO:colcon.colcon_core.shell:Creating package script '/mnt/nova_ssd/workspaces/pcl_ws/install/pcl_object_detection/share/pcl_object_detection/package.bash'
[30.098s] INFO:colcon.colcon_core.shell:Creating package script '/mnt/nova_ssd/workspaces/pcl_ws/install/pcl_object_detection/share/pcl_object_detection/package.zsh'
[30.098s] Level 1:colcon.colcon_core.environment:create_file_with_runtime_dependencies(/mnt/nova_ssd/workspaces/pcl_ws/install/pcl_object_detection/share/colcon-core/packages/pcl_object_detection)
[30.099s] DEBUG:colcon.colcon_parallel_executor.executor.parallel:closing loop
[30.099s] DEBUG:colcon.colcon_parallel_executor.executor.parallel:loop closed
[30.100s] DEBUG:colcon.colcon_parallel_executor.executor.parallel:run_until_complete finished with '0'
[30.100s] DEBUG:colcon.colcon_core.event_reactor:joining thread
[30.109s] INFO:colcon.colcon_core.plugin_system:Skipping extension 'colcon_notification.desktop_notification.terminal_notifier': Not used on non-Darwin systems
[30.109s] INFO:colcon.colcon_core.plugin_system:Skipping extension 'colcon_notification.desktop_notification.win32': Not used on non-Windows systems
[30.109s] INFO:colcon.colcon_notification.desktop_notification:Sending desktop notification using 'notify2'
[30.129s] DEBUG:colcon.colcon_core.event_reactor:joined thread
[30.130s] INFO:colcon.colcon_core.shell:Creating prefix script '/mnt/nova_ssd/workspaces/pcl_ws/install/local_setup.ps1'
[30.132s] INFO:colcon.colcon_core.shell:Creating prefix util module '/mnt/nova_ssd/workspaces/pcl_ws/install/_local_setup_util_ps1.py'
[30.134s] INFO:colcon.colcon_core.shell:Creating prefix chain script '/mnt/nova_ssd/workspaces/pcl_ws/install/setup.ps1'
[30.137s] INFO:colcon.colcon_core.shell:Creating prefix script '/mnt/nova_ssd/workspaces/pcl_ws/install/local_setup.sh'
[30.138s] INFO:colcon.colcon_core.shell:Creating prefix util module '/mnt/nova_ssd/workspaces/pcl_ws/install/_local_setup_util_sh.py'
[30.139s] INFO:colcon.colcon_core.shell:Creating prefix chain script '/mnt/nova_ssd/workspaces/pcl_ws/install/setup.sh'
[30.142s] INFO:colcon.colcon_core.shell:Creating prefix script '/mnt/nova_ssd/workspaces/pcl_ws/install/local_setup.bash'
[30.143s] INFO:colcon.colcon_core.shell:Creating prefix chain script '/mnt/nova_ssd/workspaces/pcl_ws/install/setup.bash'
[30.146s] INFO:colcon.colcon_core.shell:Creating prefix script '/mnt/nova_ssd/workspaces/pcl_ws/install/local_setup.zsh'
[30.147s] INFO:colcon.colcon_core.shell:Creating prefix chain script '/mnt/nova_ssd/workspaces/pcl_ws/install/setup.zsh'
