[0.031s] Invoking command in '/mnt/nova_ssd/workspaces/navigation/build/dwa_main': CMAKE_PREFIX_PATH=/mnt/nova_ssd/workspaces/navigation/install/dwa_main:/mnt/nova_ssd/workspaces/navigation/install/dstar_main:/mnt/nova_ssd/workspaces/navigation/install/costmap_converter:/mnt/nova_ssd/workspaces/navigation/install/costmap_converter_msgs:/mnt/nova_ssd/workspaces/scout/install/scout_base:/opt/ros/humble:/mnt/nova_ssd/workspaces/scout/install/ugv_sdk:/mnt/nova_ssd/workspaces/scout/install/scout_msgs:/mnt/nova_ssd/workspaces/scout/install/scout_description /usr/bin/cmake --build /mnt/nova_ssd/workspaces/navigation/build/dwa_main -- -j12 -l12
[0.136s] [100%] Built target dwa_main
[0.169s] Invoked command in '/mnt/nova_ssd/workspaces/navigation/build/dwa_main' returned '0': CMAKE_PREFIX_PATH=/mnt/nova_ssd/workspaces/navigation/install/dwa_main:/mnt/nova_ssd/workspaces/navigation/install/dstar_main:/mnt/nova_ssd/workspaces/navigation/install/costmap_converter:/mnt/nova_ssd/workspaces/navigation/install/costmap_converter_msgs:/mnt/nova_ssd/workspaces/scout/install/scout_base:/opt/ros/humble:/mnt/nova_ssd/workspaces/scout/install/ugv_sdk:/mnt/nova_ssd/workspaces/scout/install/scout_msgs:/mnt/nova_ssd/workspaces/scout/install/scout_description /usr/bin/cmake --build /mnt/nova_ssd/workspaces/navigation/build/dwa_main -- -j12 -l12
[0.238s] Invoking command in '/mnt/nova_ssd/workspaces/navigation/build/dwa_main': CMAKE_PREFIX_PATH=/mnt/nova_ssd/workspaces/navigation/install/dwa_main:/mnt/nova_ssd/workspaces/navigation/install/dstar_main:/mnt/nova_ssd/workspaces/navigation/install/costmap_converter:/mnt/nova_ssd/workspaces/navigation/install/costmap_converter_msgs:/mnt/nova_ssd/workspaces/scout/install/scout_base:/opt/ros/humble:/mnt/nova_ssd/workspaces/scout/install/ugv_sdk:/mnt/nova_ssd/workspaces/scout/install/scout_msgs:/mnt/nova_ssd/workspaces/scout/install/scout_description /usr/bin/cmake --install /mnt/nova_ssd/workspaces/navigation/build/dwa_main
[0.251s] -- Install configuration: ""
[0.251s] -- Up-to-date: /mnt/nova_ssd/workspaces/navigation/install/dwa_main/lib/dwa_main/dwa_main
[0.251s] -- Up-to-date: /mnt/nova_ssd/workspaces/navigation/install/dwa_main/share/dwa_main//launch
[0.251s] -- Up-to-date: /mnt/nova_ssd/workspaces/navigation/install/dwa_main/share/dwa_main//launch/dwa_local_planner_launch.py
[0.252s] -- Up-to-date: /mnt/nova_ssd/workspaces/navigation/install/dwa_main/share/dwa_main//config
[0.252s] -- Up-to-date: /mnt/nova_ssd/workspaces/navigation/install/dwa_main/share/dwa_main//config/dwa_local_planner_params.yaml
[0.252s] -- Up-to-date: /mnt/nova_ssd/workspaces/navigation/install/dwa_main/share/ament_index/resource_index/package_run_dependencies/dwa_main
[0.252s] -- Up-to-date: /mnt/nova_ssd/workspaces/navigation/install/dwa_main/share/ament_index/resource_index/parent_prefix_path/dwa_main
[0.252s] -- Up-to-date: /mnt/nova_ssd/workspaces/navigation/install/dwa_main/share/dwa_main/environment/ament_prefix_path.sh
[0.252s] -- Up-to-date: /mnt/nova_ssd/workspaces/navigation/install/dwa_main/share/dwa_main/environment/ament_prefix_path.dsv
[0.252s] -- Up-to-date: /mnt/nova_ssd/workspaces/navigation/install/dwa_main/share/dwa_main/environment/path.sh
[0.252s] -- Up-to-date: /mnt/nova_ssd/workspaces/navigation/install/dwa_main/share/dwa_main/environment/path.dsv
[0.253s] -- Up-to-date: /mnt/nova_ssd/workspaces/navigation/install/dwa_main/share/dwa_main/local_setup.bash
[0.253s] -- Up-to-date: /mnt/nova_ssd/workspaces/navigation/install/dwa_main/share/dwa_main/local_setup.sh
[0.253s] -- Up-to-date: /mnt/nova_ssd/workspaces/navigation/install/dwa_main/share/dwa_main/local_setup.zsh
[0.253s] -- Up-to-date: /mnt/nova_ssd/workspaces/navigation/install/dwa_main/share/dwa_main/local_setup.dsv
[0.253s] -- Installing: /mnt/nova_ssd/workspaces/navigation/install/dwa_main/share/dwa_main/package.dsv
[0.253s] -- Up-to-date: /mnt/nova_ssd/workspaces/navigation/install/dwa_main/share/ament_index/resource_index/packages/dwa_main
[0.253s] -- Up-to-date: /mnt/nova_ssd/workspaces/navigation/install/dwa_main/share/dwa_main/cmake/dwa_mainConfig.cmake
[0.253s] -- Up-to-date: /mnt/nova_ssd/workspaces/navigation/install/dwa_main/share/dwa_main/cmake/dwa_mainConfig-version.cmake
[0.253s] -- Up-to-date: /mnt/nova_ssd/workspaces/navigation/install/dwa_main/share/dwa_main/package.xml
[0.256s] Invoked command in '/mnt/nova_ssd/workspaces/navigation/build/dwa_main' returned '0': CMAKE_PREFIX_PATH=/mnt/nova_ssd/workspaces/navigation/install/dwa_main:/mnt/nova_ssd/workspaces/navigation/install/dstar_main:/mnt/nova_ssd/workspaces/navigation/install/costmap_converter:/mnt/nova_ssd/workspaces/navigation/install/costmap_converter_msgs:/mnt/nova_ssd/workspaces/scout/install/scout_base:/opt/ros/humble:/mnt/nova_ssd/workspaces/scout/install/ugv_sdk:/mnt/nova_ssd/workspaces/scout/install/scout_msgs:/mnt/nova_ssd/workspaces/scout/install/scout_description /usr/bin/cmake --install /mnt/nova_ssd/workspaces/navigation/build/dwa_main
