[1.496s] Invoking command in '/mnt/nova_ssd/workspaces/ai_reconstruction_ws/src/ai_reconstruction': PYTHONPATH=/mnt/nova_ssd/workspaces/ai_reconstruction_ws/build/ai_reconstruction/prefix_override:/usr/lib/python3/dist-packages/colcon_core/task/python/colcon_distutils_commands:/mnt/nova_ssd/workspaces/ai_reconstruction_ws/install/ai_reconstruction/lib/python3.10/site-packages:${PYTHONPATH} /usr/bin/python3 -W ignore:setup.py install is deprecated setup.py egg_info --egg-base ../../build/ai_reconstruction build --build-base /mnt/nova_ssd/workspaces/ai_reconstruction_ws/build/ai_reconstruction/build install --record /mnt/nova_ssd/workspaces/ai_reconstruction_ws/build/ai_reconstruction/install.log --single-version-externally-managed install_data
[1.899s] running egg_info
[1.901s] writing ../../build/ai_reconstruction/ai_reconstruction.egg-info/PKG-INFO
[1.901s] writing dependency_links to ../../build/ai_reconstruction/ai_reconstruction.egg-info/dependency_links.txt
[1.901s] writing entry points to ../../build/ai_reconstruction/ai_reconstruction.egg-info/entry_points.txt
[1.902s] writing requirements to ../../build/ai_reconstruction/ai_reconstruction.egg-info/requires.txt
[1.903s] writing top-level names to ../../build/ai_reconstruction/ai_reconstruction.egg-info/top_level.txt
[1.908s] reading manifest file '../../build/ai_reconstruction/ai_reconstruction.egg-info/SOURCES.txt'
[1.908s] writing manifest file '../../build/ai_reconstruction/ai_reconstruction.egg-info/SOURCES.txt'
[1.908s] running build
[1.909s] running build_py
[1.909s] running install
[1.909s] running install_lib
[1.912s] running install_data
[1.912s] running install_egg_info
[1.915s] removing '/mnt/nova_ssd/workspaces/ai_reconstruction_ws/install/ai_reconstruction/lib/python3.10/site-packages/ai_reconstruction-0.0.0-py3.10.egg-info' (and everything under it)
[1.918s] Copying ../../build/ai_reconstruction/ai_reconstruction.egg-info to /mnt/nova_ssd/workspaces/ai_reconstruction_ws/install/ai_reconstruction/lib/python3.10/site-packages/ai_reconstruction-0.0.0-py3.10.egg-info
[1.919s] running install_scripts
[1.955s] Installing realsense script to /mnt/nova_ssd/workspaces/ai_reconstruction_ws/install/ai_reconstruction/lib/ai_reconstruction
[1.955s] writing list of installed files to '/mnt/nova_ssd/workspaces/ai_reconstruction_ws/build/ai_reconstruction/install.log'
[2.013s] Invoked command in '/mnt/nova_ssd/workspaces/ai_reconstruction_ws/src/ai_reconstruction' returned '0': PYTHONPATH=/mnt/nova_ssd/workspaces/ai_reconstruction_ws/build/ai_reconstruction/prefix_override:/usr/lib/python3/dist-packages/colcon_core/task/python/colcon_distutils_commands:/mnt/nova_ssd/workspaces/ai_reconstruction_ws/install/ai_reconstruction/lib/python3.10/site-packages:${PYTHONPATH} /usr/bin/python3 -W ignore:setup.py install is deprecated setup.py egg_info --egg-base ../../build/ai_reconstruction build --build-base /mnt/nova_ssd/workspaces/ai_reconstruction_ws/build/ai_reconstruction/build install --record /mnt/nova_ssd/workspaces/ai_reconstruction_ws/build/ai_reconstruction/install.log --single-version-externally-managed install_data
