[0.020s] Invoking command in '/mnt/nova_ssd/workspaces/scout/build/ugv_sdk': /usr/bin/cmake --build /mnt/nova_ssd/workspaces/scout/build/ugv_sdk -- -j12 -l12
[0.097s] -- Build package with cmake
[0.097s] -- Tests will not be built
[0.107s] -- Project will be installed to /mnt/nova_ssd/workspaces/scout/install/ugv_sdk with 'make install'
[0.107s] --  - To install LIB components to /mnt/nova_ssd/workspaces/scout/install/ugv_sdk/lib
[0.107s] --  - To install BIN components to /mnt/nova_ssd/workspaces/scout/install/ugv_sdk/bin
[0.108s] --  - To install INCLUDE components to /mnt/nova_ssd/workspaces/scout/install/ugv_sdk/include
[0.108s] --  - To install CMAKE components to /mnt/nova_ssd/workspaces/scout/install/ugv_sdk/share/cmake/ugv_sdk
[0.123s] -- Configuring done
[0.160s] -- Generating done
[0.164s] -- Build files have been written to: /mnt/nova_ssd/workspaces/scout/build/ugv_sdk
[0.211s] [35m[1mConsolidate compiler generated dependencies of target ugv_sdk[0m
[0.299s] [  7%] [32mBuilding CXX object CMakeFiles/ugv_sdk.dir/src/async_port/async_serial.cpp.o[0m
[0.300s] [  7%] [32mBuilding CXX object CMakeFiles/ugv_sdk.dir/src/async_port/async_can.cpp.o[0m
[0.301s] [ 14%] [32mBuilding CXX object CMakeFiles/ugv_sdk.dir/src/utilities/protocol_detector.cpp.o[0m
[0.301s] [ 14%] [32mBuilding CXX object CMakeFiles/ugv_sdk.dir/src/mobile_robot/scout_robot.cpp.o[0m
[0.304s] [ 21%] [32mBuilding CXX object CMakeFiles/ugv_sdk.dir/src/mobile_robot/hunter_robot.cpp.o[0m
[0.304s] [ 21%] [32mBuilding CXX object CMakeFiles/ugv_sdk.dir/src/mobile_robot/bunker_robot.cpp.o[0m
[0.306s] [ 32%] [32mBuilding CXX object CMakeFiles/ugv_sdk.dir/src/mobile_robot/titan_robot.cpp.o[0m
[0.306s] [ 32%] [32mBuilding CXX object CMakeFiles/ugv_sdk.dir/src/mobile_robot/ranger_robot.cpp.o[0m
[0.306s] [ 32%] [32mBuilding C object CMakeFiles/ugv_sdk.dir/src/protocol_v2/agilex_msg_parser_v2.c.o[0m
[0.311s] [ 35%] [32mBuilding C object CMakeFiles/ugv_sdk.dir/src/protocol_v1/agilex_msg_parser_v1.c.o[0m
[0.312s] [ 39%] [32mBuilding CXX object CMakeFiles/ugv_sdk.dir/src/protocol_v2/protocol_v2_parser.cpp.o[0m
[5.487s] [ 42%] [32m[1mLinking CXX static library lib/libugv_sdk.a[0m
[5.578s] [ 42%] Built target ugv_sdk
[5.591s] [35m[1mConsolidate compiler generated dependencies of target demo_bunker_robot[0m
[5.591s] [35m[1mConsolidate compiler generated dependencies of target demo_hunter_robot[0m
[5.592s] [35m[1mConsolidate compiler generated dependencies of target demo_tracer_robot[0m
[5.592s] [35m[1mConsolidate compiler generated dependencies of target demo_scout_mini_omni_robot[0m
[5.592s] [35m[1mConsolidate compiler generated dependencies of target demo_ranger_robot[0m
[5.592s] [35m[1mConsolidate compiler generated dependencies of target demo_protocol_detector[0m
[5.592s] [35m[1mConsolidate compiler generated dependencies of target demo_scout_robot[0m
[5.592s] [35m[1mConsolidate compiler generated dependencies of target demo_robot_version[0m
[5.608s] [ 46%] [32mBuilding CXX object sample/bunker_demo/CMakeFiles/demo_bunker_robot.dir/bunker_robot_demo.cpp.o[0m
[5.621s] [ 71%] [32mBuilding CXX object sample/scout_demo/CMakeFiles/demo_scout_robot.dir/scout_robot_demo.cpp.o[0m
[5.622s] [ 71%] [32mBuilding CXX object sample/utils_demo/CMakeFiles/demo_protocol_detector.dir/demo_protocol_detector.cpp.o[0m
[5.622s] [ 71%] [32mBuilding CXX object sample/utils_demo/CMakeFiles/demo_robot_version.dir/demo_robot_version.cpp.o[0m
[5.622s] [ 71%] [32mBuilding CXX object sample/tracer_demo/CMakeFiles/demo_tracer_robot.dir/tracer_robot_demo.cpp.o[0m
[5.622s] [ 71%] [32mBuilding CXX object sample/scout_demo/CMakeFiles/demo_scout_mini_omni_robot.dir/scout_mini_omni_demo.cpp.o[0m
[5.622s] [ 71%] [32mBuilding CXX object sample/ranger_demo/CMakeFiles/demo_ranger_robot.dir/ranger_robot_demo.cpp.o[0m
[5.622s] [ 71%] [32mBuilding CXX object sample/hunter_demo/CMakeFiles/demo_hunter_robot.dir/hunter_robot_demo.cpp.o[0m
[6.234s] [ 75%] [32m[1mLinking CXX executable ../../bin/demo_bunker_robot[0m
[6.388s] [ 75%] Built target demo_bunker_robot
[7.575s] [ 78%] [32m[1mLinking CXX executable ../../bin/demo_protocol_detector[0m
[7.601s] [ 82%] [32m[1mLinking CXX executable ../../bin/demo_robot_version[0m
[7.645s] [ 85%] [32m[1mLinking CXX executable ../../bin/demo_hunter_robot[0m
[7.705s] [ 85%] Built target demo_protocol_detector
[7.729s] [ 89%] [32m[1mLinking CXX executable ../../bin/demo_scout_mini_omni_robot[0m
[7.746s] [ 89%] Built target demo_robot_version
[7.782s] [ 92%] Built target demo_hunter_robot
[7.783s] [ 92%] [32m[1mLinking CXX executable ../../bin/demo_scout_robot[0m
[7.862s] [ 92%] Built target demo_scout_mini_omni_robot
[7.915s] [ 92%] Built target demo_scout_robot
[7.940s] [ 96%] [32m[1mLinking CXX executable ../../bin/demo_ranger_robot[0m
[8.074s] [ 96%] Built target demo_ranger_robot
[8.129s] [100%] [32m[1mLinking CXX executable ../../bin/demo_tracer_robot[0m
[8.250s] [100%] Built target demo_tracer_robot
