[0.189s] DEBUG:colcon:Command line arguments: ['/usr/bin/colcon', 'build']
[0.190s] DEBUG:colcon:Parsed command line arguments: Namespace(log_base=None, log_level=None, verb_name='build', build_base='build', install_base='install', merge_install=False, symlink_install=False, test_result_base=None, continue_on_error=False, executor='parallel', parallel_workers=12, event_handlers=None, ignore_user_meta=False, metas=['./colcon.meta'], base_paths=['.'], packages_ignore=None, packages_ignore_regex=None, paths=None, packages_up_to=None, packages_up_to_regex=None, packages_above=None, packages_above_and_dependencies=None, packages_above_depth=None, packages_select_by_dep=None, packages_skip_by_dep=None, packages_skip_up_to=None, packages_select_build_failed=False, packages_skip_build_finished=False, packages_select_test_failures=False, packages_skip_test_passed=False, packages_select=None, packages_skip=None, packages_select_regex=None, packages_skip_regex=None, packages_start=None, packages_end=None, allow_overriding=[], cmake_args=None, cmake_target=None, cmake_target_skip_unavailable=False, cmake_clean_cache=False, cmake_clean_first=False, cmake_force_configure=False, ament_cmake_args=None, catkin_cmake_args=None, catkin_skip_building_tests=False, mixin_files=None, mixin=None, verb_parser=<colcon_mixin.mixin.mixin_argument.MixinArgumentDecorator object at 0xffffb13620b0>, verb_extension=<colcon_core.verb.build.BuildVerb object at 0xffffb1482740>, main=<bound method BuildVerb.main of <colcon_core.verb.build.BuildVerb object at 0xffffb1482740>>, mixin_verb=('build',))
[0.456s] Level 1:colcon.colcon_core.package_discovery:discover_packages(colcon_meta) check parameters
[0.456s] Level 1:colcon.colcon_core.package_discovery:discover_packages(recursive) check parameters
[0.456s] Level 1:colcon.colcon_core.package_discovery:discover_packages(ignore) check parameters
[0.456s] Level 1:colcon.colcon_core.package_discovery:discover_packages(path) check parameters
[0.456s] Level 1:colcon.colcon_core.package_discovery:discover_packages(colcon_meta) discover
[0.456s] Level 1:colcon.colcon_core.package_discovery:discover_packages(recursive) discover
[0.457s] INFO:colcon.colcon_core.package_discovery:Crawling recursively for packages in '/mnt/nova_ssd/workspaces/navigation'
[0.457s] Level 1:colcon.colcon_core.package_identification:_identify(.) by extensions ['ignore', 'ignore_ament_install']
[0.457s] Level 1:colcon.colcon_core.package_identification:_identify(.) by extension 'ignore'
[0.457s] Level 1:colcon.colcon_core.package_identification:_identify(.) by extension 'ignore_ament_install'
[0.457s] Level 1:colcon.colcon_core.package_identification:_identify(.) by extensions ['colcon_pkg']
[0.457s] Level 1:colcon.colcon_core.package_identification:_identify(.) by extension 'colcon_pkg'
[0.458s] Level 1:colcon.colcon_core.package_identification:_identify(.) by extensions ['colcon_meta']
[0.458s] Level 1:colcon.colcon_core.package_identification:_identify(.) by extension 'colcon_meta'
[0.458s] Level 1:colcon.colcon_core.package_identification:_identify(.) by extensions ['ros']
[0.458s] Level 1:colcon.colcon_core.package_identification:_identify(.) by extension 'ros'
[0.476s] Level 1:colcon.colcon_core.package_identification:_identify(.) by extensions ['cmake', 'python']
[0.476s] Level 1:colcon.colcon_core.package_identification:_identify(.) by extension 'cmake'
[0.476s] Level 1:colcon.colcon_core.package_identification:_identify(.) by extension 'python'
[0.477s] Level 1:colcon.colcon_core.package_identification:_identify(.) by extensions ['python_setup_py']
[0.477s] Level 1:colcon.colcon_core.package_identification:_identify(.) by extension 'python_setup_py'
[0.477s] Level 1:colcon.colcon_core.package_identification:_identify(build) by extensions ['ignore', 'ignore_ament_install']
[0.477s] Level 1:colcon.colcon_core.package_identification:_identify(build) by extension 'ignore'
[0.477s] Level 1:colcon.colcon_core.package_identification:_identify(build) ignored
[0.477s] Level 1:colcon.colcon_core.package_identification:_identify(install) by extensions ['ignore', 'ignore_ament_install']
[0.478s] Level 1:colcon.colcon_core.package_identification:_identify(install) by extension 'ignore'
[0.478s] Level 1:colcon.colcon_core.package_identification:_identify(install) ignored
[0.478s] Level 1:colcon.colcon_core.package_identification:_identify(log) by extensions ['ignore', 'ignore_ament_install']
[0.478s] Level 1:colcon.colcon_core.package_identification:_identify(log) by extension 'ignore'
[0.478s] Level 1:colcon.colcon_core.package_identification:_identify(log) ignored
[0.478s] Level 1:colcon.colcon_core.package_identification:_identify(src) by extensions ['ignore', 'ignore_ament_install']
[0.479s] Level 1:colcon.colcon_core.package_identification:_identify(src) by extension 'ignore'
[0.479s] Level 1:colcon.colcon_core.package_identification:_identify(src) by extension 'ignore_ament_install'
[0.479s] Level 1:colcon.colcon_core.package_identification:_identify(src) by extensions ['colcon_pkg']
[0.479s] Level 1:colcon.colcon_core.package_identification:_identify(src) by extension 'colcon_pkg'
[0.479s] Level 1:colcon.colcon_core.package_identification:_identify(src) by extensions ['colcon_meta']
[0.479s] Level 1:colcon.colcon_core.package_identification:_identify(src) by extension 'colcon_meta'
[0.479s] Level 1:colcon.colcon_core.package_identification:_identify(src) by extensions ['ros']
[0.479s] Level 1:colcon.colcon_core.package_identification:_identify(src) by extension 'ros'
[0.479s] Level 1:colcon.colcon_core.package_identification:_identify(src) by extensions ['cmake', 'python']
[0.479s] Level 1:colcon.colcon_core.package_identification:_identify(src) by extension 'cmake'
[0.479s] Level 1:colcon.colcon_core.package_identification:_identify(src) by extension 'python'
[0.480s] Level 1:colcon.colcon_core.package_identification:_identify(src) by extensions ['python_setup_py']
[0.480s] Level 1:colcon.colcon_core.package_identification:_identify(src) by extension 'python_setup_py'
[0.480s] Level 1:colcon.colcon_core.package_identification:_identify(src/build) by extensions ['ignore', 'ignore_ament_install']
[0.480s] Level 1:colcon.colcon_core.package_identification:_identify(src/build) by extension 'ignore'
[0.480s] Level 1:colcon.colcon_core.package_identification:_identify(src/build) ignored
[0.480s] Level 1:colcon.colcon_core.package_identification:_identify(src/costmap_converter) by extensions ['ignore', 'ignore_ament_install']
[0.480s] Level 1:colcon.colcon_core.package_identification:_identify(src/costmap_converter) by extension 'ignore'
[0.480s] Level 1:colcon.colcon_core.package_identification:_identify(src/costmap_converter) by extension 'ignore_ament_install'
[0.481s] Level 1:colcon.colcon_core.package_identification:_identify(src/costmap_converter) by extensions ['colcon_pkg']
[0.481s] Level 1:colcon.colcon_core.package_identification:_identify(src/costmap_converter) by extension 'colcon_pkg'
[0.481s] Level 1:colcon.colcon_core.package_identification:_identify(src/costmap_converter) by extensions ['colcon_meta']
[0.481s] Level 1:colcon.colcon_core.package_identification:_identify(src/costmap_converter) by extension 'colcon_meta'
[0.481s] Level 1:colcon.colcon_core.package_identification:_identify(src/costmap_converter) by extensions ['ros']
[0.481s] Level 1:colcon.colcon_core.package_identification:_identify(src/costmap_converter) by extension 'ros'
[0.481s] Level 1:colcon.colcon_core.package_identification:_identify(src/costmap_converter) by extensions ['cmake', 'python']
[0.481s] Level 1:colcon.colcon_core.package_identification:_identify(src/costmap_converter) by extension 'cmake'
[0.481s] Level 1:colcon.colcon_core.package_identification:_identify(src/costmap_converter) by extension 'python'
[0.481s] Level 1:colcon.colcon_core.package_identification:_identify(src/costmap_converter) by extensions ['python_setup_py']
[0.481s] Level 1:colcon.colcon_core.package_identification:_identify(src/costmap_converter) by extension 'python_setup_py'
[0.481s] Level 1:colcon.colcon_core.package_identification:_identify(src/costmap_converter/costmap_converter) by extensions ['ignore', 'ignore_ament_install']
[0.482s] Level 1:colcon.colcon_core.package_identification:_identify(src/costmap_converter/costmap_converter) by extension 'ignore'
[0.482s] Level 1:colcon.colcon_core.package_identification:_identify(src/costmap_converter/costmap_converter) by extension 'ignore_ament_install'
[0.482s] Level 1:colcon.colcon_core.package_identification:_identify(src/costmap_converter/costmap_converter) by extensions ['colcon_pkg']
[0.482s] Level 1:colcon.colcon_core.package_identification:_identify(src/costmap_converter/costmap_converter) by extension 'colcon_pkg'
[0.482s] Level 1:colcon.colcon_core.package_identification:_identify(src/costmap_converter/costmap_converter) by extensions ['colcon_meta']
[0.482s] Level 1:colcon.colcon_core.package_identification:_identify(src/costmap_converter/costmap_converter) by extension 'colcon_meta'
[0.482s] Level 1:colcon.colcon_core.package_identification:_identify(src/costmap_converter/costmap_converter) by extensions ['ros']
[0.482s] Level 1:colcon.colcon_core.package_identification:_identify(src/costmap_converter/costmap_converter) by extension 'ros'
[0.487s] DEBUG:colcon.colcon_core.package_identification:Package 'src/costmap_converter/costmap_converter' with type 'ros.ament_cmake' and name 'costmap_converter'
[0.488s] Level 1:colcon.colcon_core.package_identification:_identify(src/costmap_converter/costmap_converter_msgs) by extensions ['ignore', 'ignore_ament_install']
[0.488s] Level 1:colcon.colcon_core.package_identification:_identify(src/costmap_converter/costmap_converter_msgs) by extension 'ignore'
[0.488s] Level 1:colcon.colcon_core.package_identification:_identify(src/costmap_converter/costmap_converter_msgs) by extension 'ignore_ament_install'
[0.488s] Level 1:colcon.colcon_core.package_identification:_identify(src/costmap_converter/costmap_converter_msgs) by extensions ['colcon_pkg']
[0.488s] Level 1:colcon.colcon_core.package_identification:_identify(src/costmap_converter/costmap_converter_msgs) by extension 'colcon_pkg'
[0.488s] Level 1:colcon.colcon_core.package_identification:_identify(src/costmap_converter/costmap_converter_msgs) by extensions ['colcon_meta']
[0.488s] Level 1:colcon.colcon_core.package_identification:_identify(src/costmap_converter/costmap_converter_msgs) by extension 'colcon_meta'
[0.488s] Level 1:colcon.colcon_core.package_identification:_identify(src/costmap_converter/costmap_converter_msgs) by extensions ['ros']
[0.488s] Level 1:colcon.colcon_core.package_identification:_identify(src/costmap_converter/costmap_converter_msgs) by extension 'ros'
[0.490s] DEBUG:colcon.colcon_core.package_identification:Package 'src/costmap_converter/costmap_converter_msgs' with type 'ros.ament_cmake' and name 'costmap_converter_msgs'
[0.490s] Level 1:colcon.colcon_core.package_identification:_identify(src/dstar_main) by extensions ['ignore', 'ignore_ament_install']
[0.490s] Level 1:colcon.colcon_core.package_identification:_identify(src/dstar_main) by extension 'ignore'
[0.490s] Level 1:colcon.colcon_core.package_identification:_identify(src/dstar_main) by extension 'ignore_ament_install'
[0.490s] Level 1:colcon.colcon_core.package_identification:_identify(src/dstar_main) by extensions ['colcon_pkg']
[0.490s] Level 1:colcon.colcon_core.package_identification:_identify(src/dstar_main) by extension 'colcon_pkg'
[0.490s] Level 1:colcon.colcon_core.package_identification:_identify(src/dstar_main) by extensions ['colcon_meta']
[0.490s] Level 1:colcon.colcon_core.package_identification:_identify(src/dstar_main) by extension 'colcon_meta'
[0.490s] Level 1:colcon.colcon_core.package_identification:_identify(src/dstar_main) by extensions ['ros']
[0.490s] Level 1:colcon.colcon_core.package_identification:_identify(src/dstar_main) by extension 'ros'
[0.492s] DEBUG:colcon.colcon_core.package_identification:Package 'src/dstar_main' with type 'ros.ament_cmake' and name 'dstar_main'
[0.493s] Level 1:colcon.colcon_core.package_identification:_identify(src/dwa_main) by extensions ['ignore', 'ignore_ament_install']
[0.493s] Level 1:colcon.colcon_core.package_identification:_identify(src/dwa_main) by extension 'ignore'
[0.493s] Level 1:colcon.colcon_core.package_identification:_identify(src/dwa_main) by extension 'ignore_ament_install'
[0.493s] Level 1:colcon.colcon_core.package_identification:_identify(src/dwa_main) by extensions ['colcon_pkg']
[0.493s] Level 1:colcon.colcon_core.package_identification:_identify(src/dwa_main) by extension 'colcon_pkg'
[0.493s] Level 1:colcon.colcon_core.package_identification:_identify(src/dwa_main) by extensions ['colcon_meta']
[0.493s] Level 1:colcon.colcon_core.package_identification:_identify(src/dwa_main) by extension 'colcon_meta'
[0.493s] Level 1:colcon.colcon_core.package_identification:_identify(src/dwa_main) by extensions ['ros']
[0.493s] Level 1:colcon.colcon_core.package_identification:_identify(src/dwa_main) by extension 'ros'
[0.494s] DEBUG:colcon.colcon_core.package_identification:Package 'src/dwa_main' with type 'ros.ament_cmake' and name 'dwa_main'
[0.494s] Level 1:colcon.colcon_core.package_identification:_identify(src/install) by extensions ['ignore', 'ignore_ament_install']
[0.494s] Level 1:colcon.colcon_core.package_identification:_identify(src/install) by extension 'ignore'
[0.495s] Level 1:colcon.colcon_core.package_identification:_identify(src/install) ignored
[0.495s] Level 1:colcon.colcon_core.package_identification:_identify(src/log) by extensions ['ignore', 'ignore_ament_install']
[0.495s] Level 1:colcon.colcon_core.package_identification:_identify(src/log) by extension 'ignore'
[0.495s] Level 1:colcon.colcon_core.package_identification:_identify(src/log) ignored
[0.495s] Level 1:colcon.colcon_core.package_discovery:discover_packages(recursive) using defaults
[0.495s] Level 1:colcon.colcon_core.package_discovery:discover_packages(ignore) discover
[0.495s] Level 1:colcon.colcon_core.package_discovery:discover_packages(ignore) using defaults
[0.495s] Level 1:colcon.colcon_core.package_discovery:discover_packages(path) discover
[0.495s] Level 1:colcon.colcon_core.package_discovery:discover_packages(path) using defaults
[0.529s] Level 1:colcon.colcon_core.package_discovery:discover_packages(prefix_path) check parameters
[0.530s] Level 1:colcon.colcon_core.package_discovery:discover_packages(prefix_path) discover
[0.533s] DEBUG:colcon.colcon_installed_package_information.package_discovery:Found 4 installed packages in /mnt/nova_ssd/workspaces/navigation/install
[0.535s] DEBUG:colcon.colcon_installed_package_information.package_discovery:Found 358 installed packages in /opt/ros/humble
[0.565s] Level 1:colcon.colcon_core.package_discovery:discover_packages(prefix_path) using defaults
[0.634s] Level 5:colcon.colcon_core.verb:set package 'costmap_converter_msgs' build argument 'cmake_args' from command line to 'None'
[0.634s] Level 5:colcon.colcon_core.verb:set package 'costmap_converter_msgs' build argument 'cmake_target' from command line to 'None'
[0.634s] Level 5:colcon.colcon_core.verb:set package 'costmap_converter_msgs' build argument 'cmake_target_skip_unavailable' from command line to 'False'
[0.634s] Level 5:colcon.colcon_core.verb:set package 'costmap_converter_msgs' build argument 'cmake_clean_cache' from command line to 'False'
[0.634s] Level 5:colcon.colcon_core.verb:set package 'costmap_converter_msgs' build argument 'cmake_clean_first' from command line to 'False'
[0.634s] Level 5:colcon.colcon_core.verb:set package 'costmap_converter_msgs' build argument 'cmake_force_configure' from command line to 'False'
[0.634s] Level 5:colcon.colcon_core.verb:set package 'costmap_converter_msgs' build argument 'ament_cmake_args' from command line to 'None'
[0.634s] Level 5:colcon.colcon_core.verb:set package 'costmap_converter_msgs' build argument 'catkin_cmake_args' from command line to 'None'
[0.634s] Level 5:colcon.colcon_core.verb:set package 'costmap_converter_msgs' build argument 'catkin_skip_building_tests' from command line to 'False'
[0.635s] DEBUG:colcon.colcon_core.verb:Building package 'costmap_converter_msgs' with the following arguments: {'ament_cmake_args': None, 'build_base': '/mnt/nova_ssd/workspaces/navigation/build/costmap_converter_msgs', 'catkin_cmake_args': None, 'catkin_skip_building_tests': False, 'cmake_args': None, 'cmake_clean_cache': False, 'cmake_clean_first': False, 'cmake_force_configure': False, 'cmake_target': None, 'cmake_target_skip_unavailable': False, 'install_base': '/mnt/nova_ssd/workspaces/navigation/install/costmap_converter_msgs', 'merge_install': False, 'path': '/mnt/nova_ssd/workspaces/navigation/src/costmap_converter/costmap_converter_msgs', 'symlink_install': False, 'test_result_base': None}
[0.635s] Level 5:colcon.colcon_core.verb:set package 'dstar_main' build argument 'cmake_args' from command line to 'None'
[0.635s] Level 5:colcon.colcon_core.verb:set package 'dstar_main' build argument 'cmake_target' from command line to 'None'
[0.635s] Level 5:colcon.colcon_core.verb:set package 'dstar_main' build argument 'cmake_target_skip_unavailable' from command line to 'False'
[0.635s] Level 5:colcon.colcon_core.verb:set package 'dstar_main' build argument 'cmake_clean_cache' from command line to 'False'
[0.635s] Level 5:colcon.colcon_core.verb:set package 'dstar_main' build argument 'cmake_clean_first' from command line to 'False'
[0.635s] Level 5:colcon.colcon_core.verb:set package 'dstar_main' build argument 'cmake_force_configure' from command line to 'False'
[0.636s] Level 5:colcon.colcon_core.verb:set package 'dstar_main' build argument 'ament_cmake_args' from command line to 'None'
[0.636s] Level 5:colcon.colcon_core.verb:set package 'dstar_main' build argument 'catkin_cmake_args' from command line to 'None'
[0.636s] Level 5:colcon.colcon_core.verb:set package 'dstar_main' build argument 'catkin_skip_building_tests' from command line to 'False'
[0.636s] DEBUG:colcon.colcon_core.verb:Building package 'dstar_main' with the following arguments: {'ament_cmake_args': None, 'build_base': '/mnt/nova_ssd/workspaces/navigation/build/dstar_main', 'catkin_cmake_args': None, 'catkin_skip_building_tests': False, 'cmake_args': None, 'cmake_clean_cache': False, 'cmake_clean_first': False, 'cmake_force_configure': False, 'cmake_target': None, 'cmake_target_skip_unavailable': False, 'install_base': '/mnt/nova_ssd/workspaces/navigation/install/dstar_main', 'merge_install': False, 'path': '/mnt/nova_ssd/workspaces/navigation/src/dstar_main', 'symlink_install': False, 'test_result_base': None}
[0.636s] Level 5:colcon.colcon_core.verb:set package 'dwa_main' build argument 'cmake_args' from command line to 'None'
[0.636s] Level 5:colcon.colcon_core.verb:set package 'dwa_main' build argument 'cmake_target' from command line to 'None'
[0.636s] Level 5:colcon.colcon_core.verb:set package 'dwa_main' build argument 'cmake_target_skip_unavailable' from command line to 'False'
[0.636s] Level 5:colcon.colcon_core.verb:set package 'dwa_main' build argument 'cmake_clean_cache' from command line to 'False'
[0.637s] Level 5:colcon.colcon_core.verb:set package 'dwa_main' build argument 'cmake_clean_first' from command line to 'False'
[0.637s] Level 5:colcon.colcon_core.verb:set package 'dwa_main' build argument 'cmake_force_configure' from command line to 'False'
[0.637s] Level 5:colcon.colcon_core.verb:set package 'dwa_main' build argument 'ament_cmake_args' from command line to 'None'
[0.637s] Level 5:colcon.colcon_core.verb:set package 'dwa_main' build argument 'catkin_cmake_args' from command line to 'None'
[0.637s] Level 5:colcon.colcon_core.verb:set package 'dwa_main' build argument 'catkin_skip_building_tests' from command line to 'False'
[0.637s] DEBUG:colcon.colcon_core.verb:Building package 'dwa_main' with the following arguments: {'ament_cmake_args': None, 'build_base': '/mnt/nova_ssd/workspaces/navigation/build/dwa_main', 'catkin_cmake_args': None, 'catkin_skip_building_tests': False, 'cmake_args': None, 'cmake_clean_cache': False, 'cmake_clean_first': False, 'cmake_force_configure': False, 'cmake_target': None, 'cmake_target_skip_unavailable': False, 'install_base': '/mnt/nova_ssd/workspaces/navigation/install/dwa_main', 'merge_install': False, 'path': '/mnt/nova_ssd/workspaces/navigation/src/dwa_main', 'symlink_install': False, 'test_result_base': None}
[0.637s] Level 5:colcon.colcon_core.verb:set package 'costmap_converter' build argument 'cmake_args' from command line to 'None'
[0.637s] Level 5:colcon.colcon_core.verb:set package 'costmap_converter' build argument 'cmake_target' from command line to 'None'
[0.637s] Level 5:colcon.colcon_core.verb:set package 'costmap_converter' build argument 'cmake_target_skip_unavailable' from command line to 'False'
[0.637s] Level 5:colcon.colcon_core.verb:set package 'costmap_converter' build argument 'cmake_clean_cache' from command line to 'False'
[0.637s] Level 5:colcon.colcon_core.verb:set package 'costmap_converter' build argument 'cmake_clean_first' from command line to 'False'
[0.637s] Level 5:colcon.colcon_core.verb:set package 'costmap_converter' build argument 'cmake_force_configure' from command line to 'False'
[0.638s] Level 5:colcon.colcon_core.verb:set package 'costmap_converter' build argument 'ament_cmake_args' from command line to 'None'
[0.638s] Level 5:colcon.colcon_core.verb:set package 'costmap_converter' build argument 'catkin_cmake_args' from command line to 'None'
[0.638s] Level 5:colcon.colcon_core.verb:set package 'costmap_converter' build argument 'catkin_skip_building_tests' from command line to 'False'
[0.638s] DEBUG:colcon.colcon_core.verb:Building package 'costmap_converter' with the following arguments: {'ament_cmake_args': None, 'build_base': '/mnt/nova_ssd/workspaces/navigation/build/costmap_converter', 'catkin_cmake_args': None, 'catkin_skip_building_tests': False, 'cmake_args': None, 'cmake_clean_cache': False, 'cmake_clean_first': False, 'cmake_force_configure': False, 'cmake_target': None, 'cmake_target_skip_unavailable': False, 'install_base': '/mnt/nova_ssd/workspaces/navigation/install/costmap_converter', 'merge_install': False, 'path': '/mnt/nova_ssd/workspaces/navigation/src/costmap_converter/costmap_converter', 'symlink_install': False, 'test_result_base': None}
[0.638s] INFO:colcon.colcon_core.executor:Executing jobs using 'parallel' executor
[0.640s] DEBUG:colcon.colcon_parallel_executor.executor.parallel:run_until_complete
[0.640s] INFO:colcon.colcon_ros.task.ament_cmake.build:Building ROS package in '/mnt/nova_ssd/workspaces/navigation/src/costmap_converter/costmap_converter_msgs' with build type 'ament_cmake'
[0.640s] INFO:colcon.colcon_cmake.task.cmake.build:Building CMake package in '/mnt/nova_ssd/workspaces/navigation/src/costmap_converter/costmap_converter_msgs'
[0.644s] INFO:colcon.colcon_core.plugin_system:Skipping extension 'colcon_core.shell.bat': Not used on non-Windows systems
[0.644s] INFO:colcon.colcon_core.shell:Skip shell extension 'powershell' for command environment: Not usable outside of PowerShell
[0.644s] DEBUG:colcon.colcon_core.shell:Skip shell extension 'dsv' for command environment
[0.650s] INFO:colcon.colcon_ros.task.ament_cmake.build:Building ROS package in '/mnt/nova_ssd/workspaces/navigation/src/dstar_main' with build type 'ament_cmake'
[0.651s] INFO:colcon.colcon_cmake.task.cmake.build:Building CMake package in '/mnt/nova_ssd/workspaces/navigation/src/dstar_main'
[0.651s] INFO:colcon.colcon_core.shell:Skip shell extension 'powershell' for command environment: Not usable outside of PowerShell
[0.651s] DEBUG:colcon.colcon_core.shell:Skip shell extension 'dsv' for command environment
[0.657s] INFO:colcon.colcon_ros.task.ament_cmake.build:Building ROS package in '/mnt/nova_ssd/workspaces/navigation/src/dwa_main' with build type 'ament_cmake'
[0.657s] INFO:colcon.colcon_cmake.task.cmake.build:Building CMake package in '/mnt/nova_ssd/workspaces/navigation/src/dwa_main'
[0.657s] INFO:colcon.colcon_core.shell:Skip shell extension 'powershell' for command environment: Not usable outside of PowerShell
[0.658s] DEBUG:colcon.colcon_core.shell:Skip shell extension 'dsv' for command environment
[0.671s] DEBUG:colcon.colcon_core.event_handler.log_command:Invoking command in '/mnt/nova_ssd/workspaces/navigation/build/costmap_converter_msgs': CMAKE_PREFIX_PATH=${CMAKE_PREFIX_PATH}:/opt/ros/humble /usr/bin/cmake --build /mnt/nova_ssd/workspaces/navigation/build/costmap_converter_msgs -- -j12 -l12
[0.679s] DEBUG:colcon.colcon_core.event_handler.log_command:Invoking command in '/mnt/nova_ssd/workspaces/navigation/build/dstar_main': CMAKE_PREFIX_PATH=${CMAKE_PREFIX_PATH}:/opt/ros/humble /usr/bin/cmake --build /mnt/nova_ssd/workspaces/navigation/build/dstar_main -- -j12 -l12
[0.684s] DEBUG:colcon.colcon_core.event_handler.log_command:Invoking command in '/mnt/nova_ssd/workspaces/navigation/build/dwa_main': CMAKE_PREFIX_PATH=${CMAKE_PREFIX_PATH}:/opt/ros/humble /usr/bin/cmake --build /mnt/nova_ssd/workspaces/navigation/build/dwa_main -- -j12 -l12
[0.791s] DEBUG:colcon.colcon_core.event_handler.log_command:Invoked command in '/mnt/nova_ssd/workspaces/navigation/build/dwa_main' returned '0': CMAKE_PREFIX_PATH=${CMAKE_PREFIX_PATH}:/opt/ros/humble /usr/bin/cmake --build /mnt/nova_ssd/workspaces/navigation/build/dwa_main -- -j12 -l12
[0.851s] DEBUG:colcon.colcon_core.event_handler.log_command:Invoking command in '/mnt/nova_ssd/workspaces/navigation/build/dwa_main': CMAKE_PREFIX_PATH=${CMAKE_PREFIX_PATH}:/opt/ros/humble /usr/bin/cmake --install /mnt/nova_ssd/workspaces/navigation/build/dwa_main
[0.870s] Level 1:colcon.colcon_core.environment:create_environment_scripts_only(dwa_main)
[0.876s] Level 1:colcon.colcon_core.environment:checking '/mnt/nova_ssd/workspaces/navigation/install/dwa_main' for CMake module files
[0.877s] DEBUG:colcon.colcon_core.event_handler.log_command:Invoked command in '/mnt/nova_ssd/workspaces/navigation/build/dwa_main' returned '0': CMAKE_PREFIX_PATH=${CMAKE_PREFIX_PATH}:/opt/ros/humble /usr/bin/cmake --install /mnt/nova_ssd/workspaces/navigation/build/dwa_main
[0.877s] Level 1:colcon.colcon_core.environment:checking '/mnt/nova_ssd/workspaces/navigation/install/dwa_main' for CMake config files
[0.878s] Level 1:colcon.colcon_core.shell:create_environment_hook('dwa_main', 'cmake_prefix_path')
[0.879s] INFO:colcon.colcon_core.shell:Creating environment hook '/mnt/nova_ssd/workspaces/navigation/install/dwa_main/share/dwa_main/hook/cmake_prefix_path.ps1'
[0.880s] INFO:colcon.colcon_core.shell:Creating environment descriptor '/mnt/nova_ssd/workspaces/navigation/install/dwa_main/share/dwa_main/hook/cmake_prefix_path.dsv'
[0.881s] INFO:colcon.colcon_core.shell:Creating environment hook '/mnt/nova_ssd/workspaces/navigation/install/dwa_main/share/dwa_main/hook/cmake_prefix_path.sh'
[0.882s] Level 1:colcon.colcon_core.environment:checking '/mnt/nova_ssd/workspaces/navigation/install/dwa_main/lib'
[0.883s] Level 1:colcon.colcon_core.environment:checking '/mnt/nova_ssd/workspaces/navigation/install/dwa_main/bin'
[0.883s] Level 1:colcon.colcon_core.environment:checking '/mnt/nova_ssd/workspaces/navigation/install/dwa_main/lib/pkgconfig/dwa_main.pc'
[0.883s] Level 1:colcon.colcon_core.environment:checking '/mnt/nova_ssd/workspaces/navigation/install/dwa_main/lib/python3.10/site-packages'
[0.883s] Level 1:colcon.colcon_core.environment:checking '/mnt/nova_ssd/workspaces/navigation/install/dwa_main/bin'
[0.884s] INFO:colcon.colcon_core.shell:Creating package script '/mnt/nova_ssd/workspaces/navigation/install/dwa_main/share/dwa_main/package.ps1'
[0.885s] INFO:colcon.colcon_core.shell:Creating package descriptor '/mnt/nova_ssd/workspaces/navigation/install/dwa_main/share/dwa_main/package.dsv'
[0.886s] INFO:colcon.colcon_core.shell:Creating package script '/mnt/nova_ssd/workspaces/navigation/install/dwa_main/share/dwa_main/package.sh'
[0.887s] INFO:colcon.colcon_core.shell:Creating package script '/mnt/nova_ssd/workspaces/navigation/install/dwa_main/share/dwa_main/package.bash'
[0.888s] INFO:colcon.colcon_core.shell:Creating package script '/mnt/nova_ssd/workspaces/navigation/install/dwa_main/share/dwa_main/package.zsh'
[0.889s] Level 1:colcon.colcon_core.environment:create_file_with_runtime_dependencies(/mnt/nova_ssd/workspaces/navigation/install/dwa_main/share/colcon-core/packages/dwa_main)
[0.940s] Level 1:colcon.colcon_core.environment:create_environment_scripts_only(dwa_main)
[0.941s] Level 1:colcon.colcon_core.environment:checking '/mnt/nova_ssd/workspaces/navigation/install/dwa_main' for CMake module files
[0.942s] Level 1:colcon.colcon_core.environment:checking '/mnt/nova_ssd/workspaces/navigation/install/dwa_main' for CMake config files
[0.943s] Level 1:colcon.colcon_core.shell:create_environment_hook('dwa_main', 'cmake_prefix_path')
[0.943s] INFO:colcon.colcon_core.shell:Creating environment hook '/mnt/nova_ssd/workspaces/navigation/install/dwa_main/share/dwa_main/hook/cmake_prefix_path.ps1'
[0.944s] INFO:colcon.colcon_core.shell:Creating environment descriptor '/mnt/nova_ssd/workspaces/navigation/install/dwa_main/share/dwa_main/hook/cmake_prefix_path.dsv'
[0.945s] INFO:colcon.colcon_core.shell:Creating environment hook '/mnt/nova_ssd/workspaces/navigation/install/dwa_main/share/dwa_main/hook/cmake_prefix_path.sh'
[0.946s] Level 1:colcon.colcon_core.environment:checking '/mnt/nova_ssd/workspaces/navigation/install/dwa_main/lib'
[0.947s] Level 1:colcon.colcon_core.environment:checking '/mnt/nova_ssd/workspaces/navigation/install/dwa_main/bin'
[0.947s] Level 1:colcon.colcon_core.environment:checking '/mnt/nova_ssd/workspaces/navigation/install/dwa_main/lib/pkgconfig/dwa_main.pc'
[0.947s] Level 1:colcon.colcon_core.environment:checking '/mnt/nova_ssd/workspaces/navigation/install/dwa_main/lib/python3.10/site-packages'
[0.948s] Level 1:colcon.colcon_core.environment:checking '/mnt/nova_ssd/workspaces/navigation/install/dwa_main/bin'
[0.949s] INFO:colcon.colcon_core.shell:Creating package script '/mnt/nova_ssd/workspaces/navigation/install/dwa_main/share/dwa_main/package.ps1'
[0.950s] INFO:colcon.colcon_core.shell:Creating package descriptor '/mnt/nova_ssd/workspaces/navigation/install/dwa_main/share/dwa_main/package.dsv'
[0.951s] INFO:colcon.colcon_core.shell:Creating package script '/mnt/nova_ssd/workspaces/navigation/install/dwa_main/share/dwa_main/package.sh'
[0.953s] INFO:colcon.colcon_core.shell:Creating package script '/mnt/nova_ssd/workspaces/navigation/install/dwa_main/share/dwa_main/package.bash'
[0.955s] INFO:colcon.colcon_core.shell:Creating package script '/mnt/nova_ssd/workspaces/navigation/install/dwa_main/share/dwa_main/package.zsh'
[0.956s] Level 1:colcon.colcon_core.environment:create_file_with_runtime_dependencies(/mnt/nova_ssd/workspaces/navigation/install/dwa_main/share/colcon-core/packages/dwa_main)
[1.280s] DEBUG:colcon.colcon_core.event_handler.log_command:Invoked command in '/mnt/nova_ssd/workspaces/navigation/build/costmap_converter_msgs' returned '0': CMAKE_PREFIX_PATH=${CMAKE_PREFIX_PATH}:/opt/ros/humble /usr/bin/cmake --build /mnt/nova_ssd/workspaces/navigation/build/costmap_converter_msgs -- -j12 -l12
[1.405s] DEBUG:colcon.colcon_core.event_handler.log_command:Invoking command in '/mnt/nova_ssd/workspaces/navigation/build/costmap_converter_msgs': CMAKE_PREFIX_PATH=${CMAKE_PREFIX_PATH}:/opt/ros/humble /usr/bin/cmake --install /mnt/nova_ssd/workspaces/navigation/build/costmap_converter_msgs
[1.496s] Level 1:colcon.colcon_core.environment:create_environment_scripts_only(costmap_converter_msgs)
[1.497s] Level 1:colcon.colcon_core.environment:checking '/mnt/nova_ssd/workspaces/navigation/install/costmap_converter_msgs' for CMake module files
[1.497s] DEBUG:colcon.colcon_core.event_handler.log_command:Invoked command in '/mnt/nova_ssd/workspaces/navigation/build/costmap_converter_msgs' returned '0': CMAKE_PREFIX_PATH=${CMAKE_PREFIX_PATH}:/opt/ros/humble /usr/bin/cmake --install /mnt/nova_ssd/workspaces/navigation/build/costmap_converter_msgs
[1.499s] Level 1:colcon.colcon_core.environment:checking '/mnt/nova_ssd/workspaces/navigation/install/costmap_converter_msgs' for CMake config files
[1.501s] Level 1:colcon.colcon_core.shell:create_environment_hook('costmap_converter_msgs', 'cmake_prefix_path')
[1.501s] INFO:colcon.colcon_core.shell:Creating environment hook '/mnt/nova_ssd/workspaces/navigation/install/costmap_converter_msgs/share/costmap_converter_msgs/hook/cmake_prefix_path.ps1'
[1.503s] INFO:colcon.colcon_core.shell:Creating environment descriptor '/mnt/nova_ssd/workspaces/navigation/install/costmap_converter_msgs/share/costmap_converter_msgs/hook/cmake_prefix_path.dsv'
[1.503s] INFO:colcon.colcon_core.shell:Creating environment hook '/mnt/nova_ssd/workspaces/navigation/install/costmap_converter_msgs/share/costmap_converter_msgs/hook/cmake_prefix_path.sh'
[1.505s] Level 1:colcon.colcon_core.environment:checking '/mnt/nova_ssd/workspaces/navigation/install/costmap_converter_msgs/lib'
[1.506s] Level 1:colcon.colcon_core.shell:create_environment_hook('costmap_converter_msgs', 'ld_library_path_lib')
[1.506s] INFO:colcon.colcon_core.shell:Creating environment hook '/mnt/nova_ssd/workspaces/navigation/install/costmap_converter_msgs/share/costmap_converter_msgs/hook/ld_library_path_lib.ps1'
[1.507s] INFO:colcon.colcon_core.shell:Creating environment descriptor '/mnt/nova_ssd/workspaces/navigation/install/costmap_converter_msgs/share/costmap_converter_msgs/hook/ld_library_path_lib.dsv'
[1.508s] INFO:colcon.colcon_core.shell:Creating environment hook '/mnt/nova_ssd/workspaces/navigation/install/costmap_converter_msgs/share/costmap_converter_msgs/hook/ld_library_path_lib.sh'
[1.509s] Level 1:colcon.colcon_core.environment:checking '/mnt/nova_ssd/workspaces/navigation/install/costmap_converter_msgs/bin'
[1.509s] Level 1:colcon.colcon_core.environment:checking '/mnt/nova_ssd/workspaces/navigation/install/costmap_converter_msgs/lib/pkgconfig/costmap_converter_msgs.pc'
[1.510s] Level 1:colcon.colcon_core.environment:checking '/mnt/nova_ssd/workspaces/navigation/install/costmap_converter_msgs/lib/python3.10/site-packages'
[1.510s] Level 1:colcon.colcon_core.environment:checking '/mnt/nova_ssd/workspaces/navigation/install/costmap_converter_msgs/bin'
[1.511s] INFO:colcon.colcon_core.shell:Creating package script '/mnt/nova_ssd/workspaces/navigation/install/costmap_converter_msgs/share/costmap_converter_msgs/package.ps1'
[1.513s] INFO:colcon.colcon_core.shell:Creating package descriptor '/mnt/nova_ssd/workspaces/navigation/install/costmap_converter_msgs/share/costmap_converter_msgs/package.dsv'
[1.514s] INFO:colcon.colcon_core.shell:Creating package script '/mnt/nova_ssd/workspaces/navigation/install/costmap_converter_msgs/share/costmap_converter_msgs/package.sh'
[1.514s] INFO:colcon.colcon_core.shell:Creating package script '/mnt/nova_ssd/workspaces/navigation/install/costmap_converter_msgs/share/costmap_converter_msgs/package.bash'
[1.515s] INFO:colcon.colcon_core.shell:Creating package script '/mnt/nova_ssd/workspaces/navigation/install/costmap_converter_msgs/share/costmap_converter_msgs/package.zsh'
[1.515s] Level 1:colcon.colcon_core.environment:create_file_with_runtime_dependencies(/mnt/nova_ssd/workspaces/navigation/install/costmap_converter_msgs/share/colcon-core/packages/costmap_converter_msgs)
[1.622s] Level 1:colcon.colcon_core.environment:create_environment_scripts_only(costmap_converter_msgs)
[1.622s] Level 1:colcon.colcon_core.environment:checking '/mnt/nova_ssd/workspaces/navigation/install/costmap_converter_msgs' for CMake module files
[1.623s] Level 1:colcon.colcon_core.environment:checking '/mnt/nova_ssd/workspaces/navigation/install/costmap_converter_msgs' for CMake config files
[1.624s] Level 1:colcon.colcon_core.shell:create_environment_hook('costmap_converter_msgs', 'cmake_prefix_path')
[1.625s] INFO:colcon.colcon_core.shell:Creating environment hook '/mnt/nova_ssd/workspaces/navigation/install/costmap_converter_msgs/share/costmap_converter_msgs/hook/cmake_prefix_path.ps1'
[1.626s] INFO:colcon.colcon_core.shell:Creating environment descriptor '/mnt/nova_ssd/workspaces/navigation/install/costmap_converter_msgs/share/costmap_converter_msgs/hook/cmake_prefix_path.dsv'
[1.627s] INFO:colcon.colcon_core.shell:Creating environment hook '/mnt/nova_ssd/workspaces/navigation/install/costmap_converter_msgs/share/costmap_converter_msgs/hook/cmake_prefix_path.sh'
[1.628s] Level 1:colcon.colcon_core.environment:checking '/mnt/nova_ssd/workspaces/navigation/install/costmap_converter_msgs/lib'
[1.628s] Level 1:colcon.colcon_core.shell:create_environment_hook('costmap_converter_msgs', 'ld_library_path_lib')
[1.628s] INFO:colcon.colcon_core.shell:Creating environment hook '/mnt/nova_ssd/workspaces/navigation/install/costmap_converter_msgs/share/costmap_converter_msgs/hook/ld_library_path_lib.ps1'
[1.629s] INFO:colcon.colcon_core.shell:Creating environment descriptor '/mnt/nova_ssd/workspaces/navigation/install/costmap_converter_msgs/share/costmap_converter_msgs/hook/ld_library_path_lib.dsv'
[1.630s] INFO:colcon.colcon_core.shell:Creating environment hook '/mnt/nova_ssd/workspaces/navigation/install/costmap_converter_msgs/share/costmap_converter_msgs/hook/ld_library_path_lib.sh'
[1.630s] Level 1:colcon.colcon_core.environment:checking '/mnt/nova_ssd/workspaces/navigation/install/costmap_converter_msgs/bin'
[1.630s] Level 1:colcon.colcon_core.environment:checking '/mnt/nova_ssd/workspaces/navigation/install/costmap_converter_msgs/lib/pkgconfig/costmap_converter_msgs.pc'
[1.631s] Level 1:colcon.colcon_core.environment:checking '/mnt/nova_ssd/workspaces/navigation/install/costmap_converter_msgs/lib/python3.10/site-packages'
[1.631s] Level 1:colcon.colcon_core.environment:checking '/mnt/nova_ssd/workspaces/navigation/install/costmap_converter_msgs/bin'
[1.632s] INFO:colcon.colcon_core.shell:Creating package script '/mnt/nova_ssd/workspaces/navigation/install/costmap_converter_msgs/share/costmap_converter_msgs/package.ps1'
[1.633s] INFO:colcon.colcon_core.shell:Creating package descriptor '/mnt/nova_ssd/workspaces/navigation/install/costmap_converter_msgs/share/costmap_converter_msgs/package.dsv'
[1.634s] INFO:colcon.colcon_core.shell:Creating package script '/mnt/nova_ssd/workspaces/navigation/install/costmap_converter_msgs/share/costmap_converter_msgs/package.sh'
[1.635s] INFO:colcon.colcon_core.shell:Creating package script '/mnt/nova_ssd/workspaces/navigation/install/costmap_converter_msgs/share/costmap_converter_msgs/package.bash'
[1.635s] INFO:colcon.colcon_core.shell:Creating package script '/mnt/nova_ssd/workspaces/navigation/install/costmap_converter_msgs/share/costmap_converter_msgs/package.zsh'
[1.636s] Level 1:colcon.colcon_core.environment:create_file_with_runtime_dependencies(/mnt/nova_ssd/workspaces/navigation/install/costmap_converter_msgs/share/colcon-core/packages/costmap_converter_msgs)
[1.637s] INFO:colcon.colcon_ros.task.ament_cmake.build:Building ROS package in '/mnt/nova_ssd/workspaces/navigation/src/costmap_converter/costmap_converter' with build type 'ament_cmake'
[1.637s] INFO:colcon.colcon_cmake.task.cmake.build:Building CMake package in '/mnt/nova_ssd/workspaces/navigation/src/costmap_converter/costmap_converter'
[1.638s] INFO:colcon.colcon_core.shell:Skip shell extension 'powershell' for command environment: Not usable outside of PowerShell
[1.638s] DEBUG:colcon.colcon_core.shell:Skip shell extension 'dsv' for command environment
[1.655s] DEBUG:colcon.colcon_core.event_handler.log_command:Invoking command in '/mnt/nova_ssd/workspaces/navigation/build/costmap_converter': CMAKE_PREFIX_PATH=/mnt/nova_ssd/workspaces/navigation/install/costmap_converter_msgs:/mnt/nova_ssd/workspaces/navigation/install/dwa_main:/mnt/nova_ssd/workspaces/navigation/install/dstar_main:/mnt/nova_ssd/workspaces/navigation/install/costmap_converter:/opt/ros/humble LD_LIBRARY_PATH=/mnt/nova_ssd/workspaces/navigation/install/costmap_converter_msgs/lib:/mnt/nova_ssd/workspaces/navigation/install/costmap_converter/lib:/opt/ros/humble/opt/rviz_ogre_vendor/lib:/opt/ros/humble/lib/aarch64-linux-gnu:/opt/ros/humble/lib /usr/bin/cmake --build /mnt/nova_ssd/workspaces/navigation/build/costmap_converter -- -j12 -l12
[1.853s] DEBUG:colcon.colcon_core.event_handler.log_command:Invoked command in '/mnt/nova_ssd/workspaces/navigation/build/costmap_converter' returned '0': CMAKE_PREFIX_PATH=/mnt/nova_ssd/workspaces/navigation/install/costmap_converter_msgs:/mnt/nova_ssd/workspaces/navigation/install/dwa_main:/mnt/nova_ssd/workspaces/navigation/install/dstar_main:/mnt/nova_ssd/workspaces/navigation/install/costmap_converter:/opt/ros/humble LD_LIBRARY_PATH=/mnt/nova_ssd/workspaces/navigation/install/costmap_converter_msgs/lib:/mnt/nova_ssd/workspaces/navigation/install/costmap_converter/lib:/opt/ros/humble/opt/rviz_ogre_vendor/lib:/opt/ros/humble/lib/aarch64-linux-gnu:/opt/ros/humble/lib /usr/bin/cmake --build /mnt/nova_ssd/workspaces/navigation/build/costmap_converter -- -j12 -l12
[1.930s] DEBUG:colcon.colcon_core.event_handler.log_command:Invoking command in '/mnt/nova_ssd/workspaces/navigation/build/costmap_converter': CMAKE_PREFIX_PATH=/mnt/nova_ssd/workspaces/navigation/install/costmap_converter_msgs:/mnt/nova_ssd/workspaces/navigation/install/dwa_main:/mnt/nova_ssd/workspaces/navigation/install/dstar_main:/mnt/nova_ssd/workspaces/navigation/install/costmap_converter:/opt/ros/humble LD_LIBRARY_PATH=/mnt/nova_ssd/workspaces/navigation/install/costmap_converter_msgs/lib:/mnt/nova_ssd/workspaces/navigation/install/costmap_converter/lib:/opt/ros/humble/opt/rviz_ogre_vendor/lib:/opt/ros/humble/lib/aarch64-linux-gnu:/opt/ros/humble/lib /usr/bin/cmake --install /mnt/nova_ssd/workspaces/navigation/build/costmap_converter
[1.951s] Level 1:colcon.colcon_core.environment:create_environment_scripts_only(costmap_converter)
[1.951s] DEBUG:colcon.colcon_core.event_handler.log_command:Invoked command in '/mnt/nova_ssd/workspaces/navigation/build/costmap_converter' returned '0': CMAKE_PREFIX_PATH=/mnt/nova_ssd/workspaces/navigation/install/costmap_converter_msgs:/mnt/nova_ssd/workspaces/navigation/install/dwa_main:/mnt/nova_ssd/workspaces/navigation/install/dstar_main:/mnt/nova_ssd/workspaces/navigation/install/costmap_converter:/opt/ros/humble LD_LIBRARY_PATH=/mnt/nova_ssd/workspaces/navigation/install/costmap_converter_msgs/lib:/mnt/nova_ssd/workspaces/navigation/install/costmap_converter/lib:/opt/ros/humble/opt/rviz_ogre_vendor/lib:/opt/ros/humble/lib/aarch64-linux-gnu:/opt/ros/humble/lib /usr/bin/cmake --install /mnt/nova_ssd/workspaces/navigation/build/costmap_converter
[1.952s] Level 1:colcon.colcon_core.environment:checking '/mnt/nova_ssd/workspaces/navigation/install/costmap_converter' for CMake module files
[1.954s] Level 1:colcon.colcon_core.environment:checking '/mnt/nova_ssd/workspaces/navigation/install/costmap_converter' for CMake config files
[1.955s] Level 1:colcon.colcon_core.shell:create_environment_hook('costmap_converter', 'cmake_prefix_path')
[1.955s] INFO:colcon.colcon_core.shell:Creating environment hook '/mnt/nova_ssd/workspaces/navigation/install/costmap_converter/share/costmap_converter/hook/cmake_prefix_path.ps1'
[1.956s] INFO:colcon.colcon_core.shell:Creating environment descriptor '/mnt/nova_ssd/workspaces/navigation/install/costmap_converter/share/costmap_converter/hook/cmake_prefix_path.dsv'
[1.957s] INFO:colcon.colcon_core.shell:Creating environment hook '/mnt/nova_ssd/workspaces/navigation/install/costmap_converter/share/costmap_converter/hook/cmake_prefix_path.sh'
[1.959s] Level 1:colcon.colcon_core.environment:checking '/mnt/nova_ssd/workspaces/navigation/install/costmap_converter/lib'
[1.959s] Level 1:colcon.colcon_core.shell:create_environment_hook('costmap_converter', 'ld_library_path_lib')
[1.960s] INFO:colcon.colcon_core.shell:Creating environment hook '/mnt/nova_ssd/workspaces/navigation/install/costmap_converter/share/costmap_converter/hook/ld_library_path_lib.ps1'
[1.962s] INFO:colcon.colcon_core.shell:Creating environment descriptor '/mnt/nova_ssd/workspaces/navigation/install/costmap_converter/share/costmap_converter/hook/ld_library_path_lib.dsv'
[1.963s] INFO:colcon.colcon_core.shell:Creating environment hook '/mnt/nova_ssd/workspaces/navigation/install/costmap_converter/share/costmap_converter/hook/ld_library_path_lib.sh'
[1.965s] Level 1:colcon.colcon_core.environment:checking '/mnt/nova_ssd/workspaces/navigation/install/costmap_converter/bin'
[1.965s] Level 1:colcon.colcon_core.shell:create_environment_hook('costmap_converter', 'path')
[1.966s] INFO:colcon.colcon_core.shell:Creating environment hook '/mnt/nova_ssd/workspaces/navigation/install/costmap_converter/share/costmap_converter/hook/path.ps1'
[1.967s] INFO:colcon.colcon_core.shell:Creating environment descriptor '/mnt/nova_ssd/workspaces/navigation/install/costmap_converter/share/costmap_converter/hook/path.dsv'
[1.967s] INFO:colcon.colcon_core.shell:Creating environment hook '/mnt/nova_ssd/workspaces/navigation/install/costmap_converter/share/costmap_converter/hook/path.sh'
[1.969s] Level 1:colcon.colcon_core.environment:checking '/mnt/nova_ssd/workspaces/navigation/install/costmap_converter/lib/pkgconfig/costmap_converter.pc'
[1.970s] Level 1:colcon.colcon_core.environment:checking '/mnt/nova_ssd/workspaces/navigation/install/costmap_converter/lib/python3.10/site-packages'
[1.971s] Level 1:colcon.colcon_core.environment:checking '/mnt/nova_ssd/workspaces/navigation/install/costmap_converter/bin'
[1.971s] Level 1:colcon.colcon_core.shell:create_environment_hook('costmap_converter', 'pythonscriptspath')
[1.972s] INFO:colcon.colcon_core.shell:Creating environment hook '/mnt/nova_ssd/workspaces/navigation/install/costmap_converter/share/costmap_converter/hook/pythonscriptspath.ps1'
[1.974s] INFO:colcon.colcon_core.shell:Creating environment descriptor '/mnt/nova_ssd/workspaces/navigation/install/costmap_converter/share/costmap_converter/hook/pythonscriptspath.dsv'
[1.975s] INFO:colcon.colcon_core.shell:Creating environment hook '/mnt/nova_ssd/workspaces/navigation/install/costmap_converter/share/costmap_converter/hook/pythonscriptspath.sh'
[1.977s] INFO:colcon.colcon_core.shell:Creating package script '/mnt/nova_ssd/workspaces/navigation/install/costmap_converter/share/costmap_converter/package.ps1'
[1.978s] INFO:colcon.colcon_core.shell:Creating package descriptor '/mnt/nova_ssd/workspaces/navigation/install/costmap_converter/share/costmap_converter/package.dsv'
[1.980s] INFO:colcon.colcon_core.shell:Creating package script '/mnt/nova_ssd/workspaces/navigation/install/costmap_converter/share/costmap_converter/package.sh'
[1.981s] INFO:colcon.colcon_core.shell:Creating package script '/mnt/nova_ssd/workspaces/navigation/install/costmap_converter/share/costmap_converter/package.bash'
[1.982s] INFO:colcon.colcon_core.shell:Creating package script '/mnt/nova_ssd/workspaces/navigation/install/costmap_converter/share/costmap_converter/package.zsh'
[1.983s] Level 1:colcon.colcon_core.environment:create_file_with_runtime_dependencies(/mnt/nova_ssd/workspaces/navigation/install/costmap_converter/share/colcon-core/packages/costmap_converter)
[2.066s] Level 1:colcon.colcon_core.environment:create_environment_scripts_only(costmap_converter)
[2.067s] Level 1:colcon.colcon_core.environment:checking '/mnt/nova_ssd/workspaces/navigation/install/costmap_converter' for CMake module files
[2.068s] Level 1:colcon.colcon_core.environment:checking '/mnt/nova_ssd/workspaces/navigation/install/costmap_converter' for CMake config files
[2.069s] Level 1:colcon.colcon_core.shell:create_environment_hook('costmap_converter', 'cmake_prefix_path')
[2.070s] INFO:colcon.colcon_core.shell:Creating environment hook '/mnt/nova_ssd/workspaces/navigation/install/costmap_converter/share/costmap_converter/hook/cmake_prefix_path.ps1'
[2.071s] INFO:colcon.colcon_core.shell:Creating environment descriptor '/mnt/nova_ssd/workspaces/navigation/install/costmap_converter/share/costmap_converter/hook/cmake_prefix_path.dsv'
[2.071s] INFO:colcon.colcon_core.shell:Creating environment hook '/mnt/nova_ssd/workspaces/navigation/install/costmap_converter/share/costmap_converter/hook/cmake_prefix_path.sh'
[2.072s] Level 1:colcon.colcon_core.environment:checking '/mnt/nova_ssd/workspaces/navigation/install/costmap_converter/lib'
[2.072s] Level 1:colcon.colcon_core.shell:create_environment_hook('costmap_converter', 'ld_library_path_lib')
[2.072s] INFO:colcon.colcon_core.shell:Creating environment hook '/mnt/nova_ssd/workspaces/navigation/install/costmap_converter/share/costmap_converter/hook/ld_library_path_lib.ps1'
[2.073s] INFO:colcon.colcon_core.shell:Creating environment descriptor '/mnt/nova_ssd/workspaces/navigation/install/costmap_converter/share/costmap_converter/hook/ld_library_path_lib.dsv'
[2.074s] INFO:colcon.colcon_core.shell:Creating environment hook '/mnt/nova_ssd/workspaces/navigation/install/costmap_converter/share/costmap_converter/hook/ld_library_path_lib.sh'
[2.074s] Level 1:colcon.colcon_core.environment:checking '/mnt/nova_ssd/workspaces/navigation/install/costmap_converter/bin'
[2.074s] Level 1:colcon.colcon_core.shell:create_environment_hook('costmap_converter', 'path')
[2.075s] INFO:colcon.colcon_core.shell:Creating environment hook '/mnt/nova_ssd/workspaces/navigation/install/costmap_converter/share/costmap_converter/hook/path.ps1'
[2.076s] INFO:colcon.colcon_core.shell:Creating environment descriptor '/mnt/nova_ssd/workspaces/navigation/install/costmap_converter/share/costmap_converter/hook/path.dsv'
[2.076s] INFO:colcon.colcon_core.shell:Creating environment hook '/mnt/nova_ssd/workspaces/navigation/install/costmap_converter/share/costmap_converter/hook/path.sh'
[2.077s] Level 1:colcon.colcon_core.environment:checking '/mnt/nova_ssd/workspaces/navigation/install/costmap_converter/lib/pkgconfig/costmap_converter.pc'
[2.077s] Level 1:colcon.colcon_core.environment:checking '/mnt/nova_ssd/workspaces/navigation/install/costmap_converter/lib/python3.10/site-packages'
[2.077s] Level 1:colcon.colcon_core.environment:checking '/mnt/nova_ssd/workspaces/navigation/install/costmap_converter/bin'
[2.077s] Level 1:colcon.colcon_core.shell:create_environment_hook('costmap_converter', 'pythonscriptspath')
[2.078s] INFO:colcon.colcon_core.shell:Creating environment hook '/mnt/nova_ssd/workspaces/navigation/install/costmap_converter/share/costmap_converter/hook/pythonscriptspath.ps1'
[2.079s] INFO:colcon.colcon_core.shell:Creating environment descriptor '/mnt/nova_ssd/workspaces/navigation/install/costmap_converter/share/costmap_converter/hook/pythonscriptspath.dsv'
[2.079s] INFO:colcon.colcon_core.shell:Creating environment hook '/mnt/nova_ssd/workspaces/navigation/install/costmap_converter/share/costmap_converter/hook/pythonscriptspath.sh'
[2.081s] INFO:colcon.colcon_core.shell:Creating package script '/mnt/nova_ssd/workspaces/navigation/install/costmap_converter/share/costmap_converter/package.ps1'
[2.082s] INFO:colcon.colcon_core.shell:Creating package descriptor '/mnt/nova_ssd/workspaces/navigation/install/costmap_converter/share/costmap_converter/package.dsv'
[2.082s] INFO:colcon.colcon_core.shell:Creating package script '/mnt/nova_ssd/workspaces/navigation/install/costmap_converter/share/costmap_converter/package.sh'
[2.083s] INFO:colcon.colcon_core.shell:Creating package script '/mnt/nova_ssd/workspaces/navigation/install/costmap_converter/share/costmap_converter/package.bash'
[2.084s] INFO:colcon.colcon_core.shell:Creating package script '/mnt/nova_ssd/workspaces/navigation/install/costmap_converter/share/costmap_converter/package.zsh'
[2.084s] Level 1:colcon.colcon_core.environment:create_file_with_runtime_dependencies(/mnt/nova_ssd/workspaces/navigation/install/costmap_converter/share/colcon-core/packages/costmap_converter)
[34.236s] DEBUG:colcon.colcon_core.event_handler.log_command:Invoked command in '/mnt/nova_ssd/workspaces/navigation/build/dstar_main' returned '0': CMAKE_PREFIX_PATH=${CMAKE_PREFIX_PATH}:/opt/ros/humble /usr/bin/cmake --build /mnt/nova_ssd/workspaces/navigation/build/dstar_main -- -j12 -l12
[34.288s] DEBUG:colcon.colcon_core.event_handler.log_command:Invoking command in '/mnt/nova_ssd/workspaces/navigation/build/dstar_main': CMAKE_PREFIX_PATH=${CMAKE_PREFIX_PATH}:/opt/ros/humble /usr/bin/cmake --install /mnt/nova_ssd/workspaces/navigation/build/dstar_main
[34.327s] Level 1:colcon.colcon_core.environment:create_environment_scripts_only(dstar_main)
[34.328s] Level 1:colcon.colcon_core.environment:checking '/mnt/nova_ssd/workspaces/navigation/install/dstar_main' for CMake module files
[34.329s] DEBUG:colcon.colcon_core.event_handler.log_command:Invoked command in '/mnt/nova_ssd/workspaces/navigation/build/dstar_main' returned '0': CMAKE_PREFIX_PATH=${CMAKE_PREFIX_PATH}:/opt/ros/humble /usr/bin/cmake --install /mnt/nova_ssd/workspaces/navigation/build/dstar_main
[34.330s] Level 1:colcon.colcon_core.environment:checking '/mnt/nova_ssd/workspaces/navigation/install/dstar_main' for CMake config files
[34.332s] Level 1:colcon.colcon_core.shell:create_environment_hook('dstar_main', 'cmake_prefix_path')
[34.333s] INFO:colcon.colcon_core.shell:Creating environment hook '/mnt/nova_ssd/workspaces/navigation/install/dstar_main/share/dstar_main/hook/cmake_prefix_path.ps1'
[34.334s] INFO:colcon.colcon_core.shell:Creating environment descriptor '/mnt/nova_ssd/workspaces/navigation/install/dstar_main/share/dstar_main/hook/cmake_prefix_path.dsv'
[34.335s] INFO:colcon.colcon_core.shell:Creating environment hook '/mnt/nova_ssd/workspaces/navigation/install/dstar_main/share/dstar_main/hook/cmake_prefix_path.sh'
[34.336s] Level 1:colcon.colcon_core.environment:checking '/mnt/nova_ssd/workspaces/navigation/install/dstar_main/lib'
[34.337s] Level 1:colcon.colcon_core.environment:checking '/mnt/nova_ssd/workspaces/navigation/install/dstar_main/bin'
[34.337s] Level 1:colcon.colcon_core.environment:checking '/mnt/nova_ssd/workspaces/navigation/install/dstar_main/lib/pkgconfig/dstar_main.pc'
[34.337s] Level 1:colcon.colcon_core.environment:checking '/mnt/nova_ssd/workspaces/navigation/install/dstar_main/lib/python3.10/site-packages'
[34.338s] Level 1:colcon.colcon_core.environment:checking '/mnt/nova_ssd/workspaces/navigation/install/dstar_main/bin'
[34.339s] INFO:colcon.colcon_core.shell:Creating package script '/mnt/nova_ssd/workspaces/navigation/install/dstar_main/share/dstar_main/package.ps1'
[34.341s] INFO:colcon.colcon_core.shell:Creating package descriptor '/mnt/nova_ssd/workspaces/navigation/install/dstar_main/share/dstar_main/package.dsv'
[34.343s] INFO:colcon.colcon_core.shell:Creating package script '/mnt/nova_ssd/workspaces/navigation/install/dstar_main/share/dstar_main/package.sh'
[34.344s] INFO:colcon.colcon_core.shell:Creating package script '/mnt/nova_ssd/workspaces/navigation/install/dstar_main/share/dstar_main/package.bash'
[34.345s] INFO:colcon.colcon_core.shell:Creating package script '/mnt/nova_ssd/workspaces/navigation/install/dstar_main/share/dstar_main/package.zsh'
[34.346s] Level 1:colcon.colcon_core.environment:create_file_with_runtime_dependencies(/mnt/nova_ssd/workspaces/navigation/install/dstar_main/share/colcon-core/packages/dstar_main)
[34.386s] Level 1:colcon.colcon_core.environment:create_environment_scripts_only(dstar_main)
[34.387s] Level 1:colcon.colcon_core.environment:checking '/mnt/nova_ssd/workspaces/navigation/install/dstar_main' for CMake module files
[34.388s] Level 1:colcon.colcon_core.environment:checking '/mnt/nova_ssd/workspaces/navigation/install/dstar_main' for CMake config files
[34.389s] Level 1:colcon.colcon_core.shell:create_environment_hook('dstar_main', 'cmake_prefix_path')
[34.389s] INFO:colcon.colcon_core.shell:Creating environment hook '/mnt/nova_ssd/workspaces/navigation/install/dstar_main/share/dstar_main/hook/cmake_prefix_path.ps1'
[34.390s] INFO:colcon.colcon_core.shell:Creating environment descriptor '/mnt/nova_ssd/workspaces/navigation/install/dstar_main/share/dstar_main/hook/cmake_prefix_path.dsv'
[34.391s] INFO:colcon.colcon_core.shell:Creating environment hook '/mnt/nova_ssd/workspaces/navigation/install/dstar_main/share/dstar_main/hook/cmake_prefix_path.sh'
[34.392s] Level 1:colcon.colcon_core.environment:checking '/mnt/nova_ssd/workspaces/navigation/install/dstar_main/lib'
[34.392s] Level 1:colcon.colcon_core.environment:checking '/mnt/nova_ssd/workspaces/navigation/install/dstar_main/bin'
[34.393s] Level 1:colcon.colcon_core.environment:checking '/mnt/nova_ssd/workspaces/navigation/install/dstar_main/lib/pkgconfig/dstar_main.pc'
[34.393s] Level 1:colcon.colcon_core.environment:checking '/mnt/nova_ssd/workspaces/navigation/install/dstar_main/lib/python3.10/site-packages'
[34.394s] Level 1:colcon.colcon_core.environment:checking '/mnt/nova_ssd/workspaces/navigation/install/dstar_main/bin'
[34.394s] INFO:colcon.colcon_core.shell:Creating package script '/mnt/nova_ssd/workspaces/navigation/install/dstar_main/share/dstar_main/package.ps1'
[34.395s] INFO:colcon.colcon_core.shell:Creating package descriptor '/mnt/nova_ssd/workspaces/navigation/install/dstar_main/share/dstar_main/package.dsv'
[34.396s] INFO:colcon.colcon_core.shell:Creating package script '/mnt/nova_ssd/workspaces/navigation/install/dstar_main/share/dstar_main/package.sh'
[34.397s] INFO:colcon.colcon_core.shell:Creating package script '/mnt/nova_ssd/workspaces/navigation/install/dstar_main/share/dstar_main/package.bash'
[34.398s] INFO:colcon.colcon_core.shell:Creating package script '/mnt/nova_ssd/workspaces/navigation/install/dstar_main/share/dstar_main/package.zsh'
[34.399s] Level 1:colcon.colcon_core.environment:create_file_with_runtime_dependencies(/mnt/nova_ssd/workspaces/navigation/install/dstar_main/share/colcon-core/packages/dstar_main)
[34.400s] DEBUG:colcon.colcon_parallel_executor.executor.parallel:closing loop
[34.400s] DEBUG:colcon.colcon_parallel_executor.executor.parallel:loop closed
[34.400s] DEBUG:colcon.colcon_parallel_executor.executor.parallel:run_until_complete finished with '0'
[34.401s] DEBUG:colcon.colcon_core.event_reactor:joining thread
[34.413s] INFO:colcon.colcon_core.plugin_system:Skipping extension 'colcon_notification.desktop_notification.terminal_notifier': Not used on non-Darwin systems
[34.413s] INFO:colcon.colcon_core.plugin_system:Skipping extension 'colcon_notification.desktop_notification.win32': Not used on non-Windows systems
[34.413s] INFO:colcon.colcon_notification.desktop_notification:Sending desktop notification using 'notify2'
[34.436s] DEBUG:colcon.colcon_core.event_reactor:joined thread
[34.437s] INFO:colcon.colcon_core.shell:Creating prefix script '/mnt/nova_ssd/workspaces/navigation/install/local_setup.ps1'
[34.440s] INFO:colcon.colcon_core.shell:Creating prefix util module '/mnt/nova_ssd/workspaces/navigation/install/_local_setup_util_ps1.py'
[34.444s] INFO:colcon.colcon_core.shell:Creating prefix chain script '/mnt/nova_ssd/workspaces/navigation/install/setup.ps1'
[34.447s] INFO:colcon.colcon_core.shell:Creating prefix script '/mnt/nova_ssd/workspaces/navigation/install/local_setup.sh'
[34.448s] INFO:colcon.colcon_core.shell:Creating prefix util module '/mnt/nova_ssd/workspaces/navigation/install/_local_setup_util_sh.py'
[34.449s] INFO:colcon.colcon_core.shell:Creating prefix chain script '/mnt/nova_ssd/workspaces/navigation/install/setup.sh'
[34.452s] INFO:colcon.colcon_core.shell:Creating prefix script '/mnt/nova_ssd/workspaces/navigation/install/local_setup.bash'
[34.453s] INFO:colcon.colcon_core.shell:Creating prefix chain script '/mnt/nova_ssd/workspaces/navigation/install/setup.bash'
[34.456s] INFO:colcon.colcon_core.shell:Creating prefix script '/mnt/nova_ssd/workspaces/navigation/install/local_setup.zsh'
[34.457s] INFO:colcon.colcon_core.shell:Creating prefix chain script '/mnt/nova_ssd/workspaces/navigation/install/setup.zsh'
