[0.026s] Invoking command in '/mnt/nova_ssd/workspaces/navigation/build/dstar_main': CMAKE_PREFIX_PATH=${CMAKE_PREFIX_PATH}:/opt/ros/humble /usr/bin/cmake --build /mnt/nova_ssd/workspaces/navigation/build/dstar_main -- -j12 -l12
[0.089s] [35m[1mConsolidate compiler generated dependencies of target dstar_main[0m
[0.150s] [ 50%] [32mBuilding CXX object CMakeFiles/dstar_main.dir/src/dstar_main.cpp.o[0m
[9.911s] In file included from [01m[K/mnt/nova_ssd/workspaces/navigation/src/dstar_main/src/dstar_main.cpp:2[m[K:
[9.911s] [01m[K/mnt/nova_ssd/workspaces/navigation/src/dstar_main/include/dstar_main/dstar_lct.hpp:[m[K In member function ‘[01m[Kvoid dstarNode::LinkCutTree::rotate(dstarNode::Nodeptr)[m[K’:
[9.911s] [01m[K/mnt/nova_ssd/workspaces/navigation/src/dstar_main/include/dstar_main/dstar_lct.hpp:12:13:[m[K [01;35m[Kwarning: [m[Kthis ‘[01m[Kif[m[K’ clause does not guard... [[01;35m[K]8;;https://gcc.gnu.org/onlinedocs/gcc/Warning-Options.html#index-Wmisleading-indentation-Wmisleading-indentation]8;;[m[K]
[9.911s]    12 |             [01;35m[Kif[m[K(!is_root(f)) ff->son[get_son(f)] = x; x -> father = ff;
[9.911s]       |             [01;35m[K^~[m[K
[9.911s] [01m[K/mnt/nova_ssd/workspaces/navigation/src/dstar_main/include/dstar_main/dstar_lct.hpp:12:54:[m[K [01;36m[Knote: [m[K...this statement, but the latter is misleadingly indented as if it were guarded by the ‘[01m[Kif[m[K’
[9.911s]    12 |             if(!is_root(f)) ff->son[get_son(f)] = x; [01;36m[Kx[m[K -> father = ff;
[9.912s]       |                                                      [01;36m[K^[m[K
[10.019s] [01m[K/mnt/nova_ssd/workspaces/navigation/src/dstar_main/src/dstar_main.cpp:[m[K In member function ‘[01m[Kgeometry_msgs::msg::Point dstarNode::transformPoint(const Point&, const string&, const string&, geometry_msgs::msg::TransformStamped)[m[K’:
[10.019s] [01m[K/mnt/nova_ssd/workspaces/navigation/src/dstar_main/src/dstar_main.cpp:273:112:[m[K [01;35m[Kwarning: [m[Kunused parameter ‘[01m[Ktarget_frame[m[K’ [[01;35m[K]8;;https://gcc.gnu.org/onlinedocs/gcc/Warning-Options.html#index-Wunused-parameter-Wunused-parameter]8;;[m[K]
[10.020s]   273 | geometry_msgs::msg::Point dstarNode::transformPoint(const geometry_msgs::msg::Point& point, [01;35m[Kconst std::string& target_frame[m[K, const std::string& source_frame, geometry_msgs::msg::TransformStamped transformStamped) {
[10.020s]       |                                                                                             [01;35m[K~~~~~~~~~~~~~~~~~~~^~~~~~~~~~~~[m[K
[40.637s] [100%] [32m[1mLinking CXX executable dstar_main[0m
[41.225s] [100%] Built target dstar_main
[41.243s] Invoked command in '/mnt/nova_ssd/workspaces/navigation/build/dstar_main' returned '0': CMAKE_PREFIX_PATH=${CMAKE_PREFIX_PATH}:/opt/ros/humble /usr/bin/cmake --build /mnt/nova_ssd/workspaces/navigation/build/dstar_main -- -j12 -l12
[41.288s] Invoking command in '/mnt/nova_ssd/workspaces/navigation/build/dstar_main': CMAKE_PREFIX_PATH=${CMAKE_PREFIX_PATH}:/opt/ros/humble /usr/bin/cmake --install /mnt/nova_ssd/workspaces/navigation/build/dstar_main
[41.300s] -- Install configuration: ""
[41.300s] -- Up-to-date: /mnt/nova_ssd/workspaces/navigation/install/dstar_main/share/dstar_main//launch
[41.300s] -- Up-to-date: /mnt/nova_ssd/workspaces/navigation/install/dstar_main/share/dstar_main//launch/dstar_main.launch.py
[41.301s] -- Up-to-date: /mnt/nova_ssd/workspaces/navigation/install/dstar_main/share/dstar_main//config
[41.301s] -- Up-to-date: /mnt/nova_ssd/workspaces/navigation/install/dstar_main/share/dstar_main//config/dstar_main.yaml
[41.301s] -- Installing: /mnt/nova_ssd/workspaces/navigation/install/dstar_main/lib/dstar_main/dstar_main
[41.305s] -- Set runtime path of "/mnt/nova_ssd/workspaces/navigation/install/dstar_main/lib/dstar_main/dstar_main" to ""
[41.306s] -- Up-to-date: /mnt/nova_ssd/workspaces/navigation/install/dstar_main/share/ament_index/resource_index/package_run_dependencies/dstar_main
[41.306s] -- Up-to-date: /mnt/nova_ssd/workspaces/navigation/install/dstar_main/share/ament_index/resource_index/parent_prefix_path/dstar_main
[41.306s] -- Up-to-date: /mnt/nova_ssd/workspaces/navigation/install/dstar_main/share/dstar_main/environment/ament_prefix_path.sh
[41.307s] -- Up-to-date: /mnt/nova_ssd/workspaces/navigation/install/dstar_main/share/dstar_main/environment/ament_prefix_path.dsv
[41.307s] -- Up-to-date: /mnt/nova_ssd/workspaces/navigation/install/dstar_main/share/dstar_main/environment/path.sh
[41.307s] -- Up-to-date: /mnt/nova_ssd/workspaces/navigation/install/dstar_main/share/dstar_main/environment/path.dsv
[41.308s] -- Up-to-date: /mnt/nova_ssd/workspaces/navigation/install/dstar_main/share/dstar_main/local_setup.bash
[41.308s] -- Up-to-date: /mnt/nova_ssd/workspaces/navigation/install/dstar_main/share/dstar_main/local_setup.sh
[41.309s] -- Up-to-date: /mnt/nova_ssd/workspaces/navigation/install/dstar_main/share/dstar_main/local_setup.zsh
[41.310s] -- Up-to-date: /mnt/nova_ssd/workspaces/navigation/install/dstar_main/share/dstar_main/local_setup.dsv
[41.310s] -- Installing: /mnt/nova_ssd/workspaces/navigation/install/dstar_main/share/dstar_main/package.dsv
[41.311s] -- Up-to-date: /mnt/nova_ssd/workspaces/navigation/install/dstar_main/share/ament_index/resource_index/packages/dstar_main
[41.313s] -- Up-to-date: /mnt/nova_ssd/workspaces/navigation/install/dstar_main/share/dstar_main/cmake/dstar_mainConfig.cmake
[41.313s] -- Up-to-date: /mnt/nova_ssd/workspaces/navigation/install/dstar_main/share/dstar_main/cmake/dstar_mainConfig-version.cmake
[41.313s] -- Up-to-date: /mnt/nova_ssd/workspaces/navigation/install/dstar_main/share/dstar_main/package.xml
[41.314s] Invoked command in '/mnt/nova_ssd/workspaces/navigation/build/dstar_main' returned '0': CMAKE_PREFIX_PATH=${CMAKE_PREFIX_PATH}:/opt/ros/humble /usr/bin/cmake --install /mnt/nova_ssd/workspaces/navigation/build/dstar_main
