[0.029s] Invoking command in '/mnt/nova_ssd/workspaces/kiss-icp_ws/build/kiss_icp': CMAKE_PREFIX_PATH=/mnt/nova_ssd/workspaces/kiss-icp_ws/install/kiss_icp:/mnt/nova_ssd/workspaces/navigation/install/dwa_main:/mnt/nova_ssd/workspaces/navigation/install/dstar_main:/mnt/nova_ssd/workspaces/navigation/install/costmap_converter:/mnt/nova_ssd/workspaces/navigation/install/costmap_converter_msgs:/mnt/nova_ssd/workspaces/3d_lidar/src/ws_livox/install/livox_ros_driver2:/mnt/nova_ssd/workspaces/scout/install/scout_base:/mnt/nova_ssd/workspaces/pcl_ws/install/pcl_filter:/mnt/nova_ssd/workspaces/pcl_ws/install/my_package:/mnt/nova_ssd/workspaces/pcl_ws/install/livox_tf:/opt/ros/humble:/mnt/nova_ssd/workspaces/scout/install/ugv_sdk:/mnt/nova_ssd/workspaces/scout/install/scout_msgs:/mnt/nova_ssd/workspaces/scout/install/scout_description:/mnt/nova_ssd/workspaces/lidarslam_ws/install/lidarslam:/mnt/nova_ssd/workspaces/lidarslam_ws/install/scanmatcher:/mnt/nova_ssd/workspaces/lidarslam_ws/install/graph_based_slam:/mnt/nova_ssd/workspaces/lidarslam_ws/install/ndt_omp_ros2:/mnt/nova_ssd/workspaces/lidarslam_ws/install/lidarslam_msgs:/mnt/nova_ssd/workspaces/octomap_ws/install/octomap_example:/mnt/nova_ssd/workspaces/pcl_ws/install/pointcloud_to_laserscan:/mnt/nova_ssd/workspaces/pcl_ws/install/pcl_object_detection /usr/bin/cmake --build /mnt/nova_ssd/workspaces/kiss-icp_ws/build/kiss_icp -- -j12 -l12
[0.130s] [ 42%] Built target kiss_icp_core
[0.170s] [ 57%] Built target kiss_icp_metrics
[0.191s] [35m[1mConsolidate compiler generated dependencies of target kiss_icp_pipeline[0m
[0.216s] [ 64%] [32mBuilding CXX object kiss_icp/pipeline/CMakeFiles/kiss_icp_pipeline.dir/KissICP.cpp.o[0m
[3.585s] [ 71%] [32m[1mLinking CXX static library libkiss_icp_pipeline.a[0m
[3.643s] [ 71%] Built target kiss_icp_pipeline
[3.691s] [ 85%] Built target kiss_icp_node
[3.713s] [35m[1mConsolidate compiler generated dependencies of target odometry_component[0m
[3.748s] [ 92%] [32mBuilding CXX object CMakeFiles/odometry_component.dir/src/OdometryServer.cpp.o[0m
[36.434s] [100%] [32m[1mLinking CXX shared library libodometry_component.so[0m
[36.746s] [100%] Built target odometry_component
[36.768s] Invoked command in '/mnt/nova_ssd/workspaces/kiss-icp_ws/build/kiss_icp' returned '0': CMAKE_PREFIX_PATH=/mnt/nova_ssd/workspaces/kiss-icp_ws/install/kiss_icp:/mnt/nova_ssd/workspaces/navigation/install/dwa_main:/mnt/nova_ssd/workspaces/navigation/install/dstar_main:/mnt/nova_ssd/workspaces/navigation/install/costmap_converter:/mnt/nova_ssd/workspaces/navigation/install/costmap_converter_msgs:/mnt/nova_ssd/workspaces/3d_lidar/src/ws_livox/install/livox_ros_driver2:/mnt/nova_ssd/workspaces/scout/install/scout_base:/mnt/nova_ssd/workspaces/pcl_ws/install/pcl_filter:/mnt/nova_ssd/workspaces/pcl_ws/install/my_package:/mnt/nova_ssd/workspaces/pcl_ws/install/livox_tf:/opt/ros/humble:/mnt/nova_ssd/workspaces/scout/install/ugv_sdk:/mnt/nova_ssd/workspaces/scout/install/scout_msgs:/mnt/nova_ssd/workspaces/scout/install/scout_description:/mnt/nova_ssd/workspaces/lidarslam_ws/install/lidarslam:/mnt/nova_ssd/workspaces/lidarslam_ws/install/scanmatcher:/mnt/nova_ssd/workspaces/lidarslam_ws/install/graph_based_slam:/mnt/nova_ssd/workspaces/lidarslam_ws/install/ndt_omp_ros2:/mnt/nova_ssd/workspaces/lidarslam_ws/install/lidarslam_msgs:/mnt/nova_ssd/workspaces/octomap_ws/install/octomap_example:/mnt/nova_ssd/workspaces/pcl_ws/install/pointcloud_to_laserscan:/mnt/nova_ssd/workspaces/pcl_ws/install/pcl_object_detection /usr/bin/cmake --build /mnt/nova_ssd/workspaces/kiss-icp_ws/build/kiss_icp -- -j12 -l12
[36.845s] Invoking command in '/mnt/nova_ssd/workspaces/kiss-icp_ws/build/kiss_icp': CMAKE_PREFIX_PATH=/mnt/nova_ssd/workspaces/kiss-icp_ws/install/kiss_icp:/mnt/nova_ssd/workspaces/navigation/install/dwa_main:/mnt/nova_ssd/workspaces/navigation/install/dstar_main:/mnt/nova_ssd/workspaces/navigation/install/costmap_converter:/mnt/nova_ssd/workspaces/navigation/install/costmap_converter_msgs:/mnt/nova_ssd/workspaces/3d_lidar/src/ws_livox/install/livox_ros_driver2:/mnt/nova_ssd/workspaces/scout/install/scout_base:/mnt/nova_ssd/workspaces/pcl_ws/install/pcl_filter:/mnt/nova_ssd/workspaces/pcl_ws/install/my_package:/mnt/nova_ssd/workspaces/pcl_ws/install/livox_tf:/opt/ros/humble:/mnt/nova_ssd/workspaces/scout/install/ugv_sdk:/mnt/nova_ssd/workspaces/scout/install/scout_msgs:/mnt/nova_ssd/workspaces/scout/install/scout_description:/mnt/nova_ssd/workspaces/lidarslam_ws/install/lidarslam:/mnt/nova_ssd/workspaces/lidarslam_ws/install/scanmatcher:/mnt/nova_ssd/workspaces/lidarslam_ws/install/graph_based_slam:/mnt/nova_ssd/workspaces/lidarslam_ws/install/ndt_omp_ros2:/mnt/nova_ssd/workspaces/lidarslam_ws/install/lidarslam_msgs:/mnt/nova_ssd/workspaces/octomap_ws/install/octomap_example:/mnt/nova_ssd/workspaces/pcl_ws/install/pointcloud_to_laserscan:/mnt/nova_ssd/workspaces/pcl_ws/install/pcl_object_detection /usr/bin/cmake --install /mnt/nova_ssd/workspaces/kiss-icp_ws/build/kiss_icp
[36.858s] -- Install configuration: "Release"
[36.859s] -- Up-to-date: /mnt/nova_ssd/workspaces/kiss-icp_ws/install/kiss_icp/lib/kiss_icp/kiss_icp_node
[36.859s] -- Installing: /mnt/nova_ssd/workspaces/kiss-icp_ws/install/kiss_icp/lib/libodometry_component.so
[36.865s] -- Set runtime path of "/mnt/nova_ssd/workspaces/kiss-icp_ws/install/kiss_icp/lib/libodometry_component.so" to ""
[36.865s] -- Up-to-date: /mnt/nova_ssd/workspaces/kiss-icp_ws/install/kiss_icp/share/kiss_icp//launch
[36.865s] -- Up-to-date: /mnt/nova_ssd/workspaces/kiss-icp_ws/install/kiss_icp/share/kiss_icp//launch/odometry.launch.py
[36.865s] -- Up-to-date: /mnt/nova_ssd/workspaces/kiss-icp_ws/install/kiss_icp/share/kiss_icp//rviz
[36.865s] -- Up-to-date: /mnt/nova_ssd/workspaces/kiss-icp_ws/install/kiss_icp/share/kiss_icp//rviz/kiss_icp.rviz
[36.866s] -- Up-to-date: /mnt/nova_ssd/workspaces/kiss-icp_ws/install/kiss_icp/share/ament_index/resource_index/package_run_dependencies/kiss_icp
[36.866s] -- Up-to-date: /mnt/nova_ssd/workspaces/kiss-icp_ws/install/kiss_icp/share/ament_index/resource_index/parent_prefix_path/kiss_icp
[36.866s] -- Up-to-date: /mnt/nova_ssd/workspaces/kiss-icp_ws/install/kiss_icp/share/kiss_icp/environment/ament_prefix_path.sh
[36.866s] -- Up-to-date: /mnt/nova_ssd/workspaces/kiss-icp_ws/install/kiss_icp/share/kiss_icp/environment/ament_prefix_path.dsv
[36.866s] -- Up-to-date: /mnt/nova_ssd/workspaces/kiss-icp_ws/install/kiss_icp/share/kiss_icp/environment/path.sh
[36.866s] -- Up-to-date: /mnt/nova_ssd/workspaces/kiss-icp_ws/install/kiss_icp/share/kiss_icp/environment/path.dsv
[36.866s] -- Up-to-date: /mnt/nova_ssd/workspaces/kiss-icp_ws/install/kiss_icp/share/kiss_icp/local_setup.bash
[36.866s] -- Up-to-date: /mnt/nova_ssd/workspaces/kiss-icp_ws/install/kiss_icp/share/kiss_icp/local_setup.sh
[36.866s] -- Up-to-date: /mnt/nova_ssd/workspaces/kiss-icp_ws/install/kiss_icp/share/kiss_icp/local_setup.zsh
[36.867s] -- Up-to-date: /mnt/nova_ssd/workspaces/kiss-icp_ws/install/kiss_icp/share/kiss_icp/local_setup.dsv
[36.867s] -- Installing: /mnt/nova_ssd/workspaces/kiss-icp_ws/install/kiss_icp/share/kiss_icp/package.dsv
[36.867s] -- Up-to-date: /mnt/nova_ssd/workspaces/kiss-icp_ws/install/kiss_icp/share/ament_index/resource_index/packages/kiss_icp
[36.867s] -- Up-to-date: /mnt/nova_ssd/workspaces/kiss-icp_ws/install/kiss_icp/share/ament_index/resource_index/rclcpp_components/kiss_icp
[36.867s] -- Up-to-date: /mnt/nova_ssd/workspaces/kiss-icp_ws/install/kiss_icp/share/kiss_icp/cmake/kiss_icpConfig.cmake
[36.867s] -- Up-to-date: /mnt/nova_ssd/workspaces/kiss-icp_ws/install/kiss_icp/share/kiss_icp/cmake/kiss_icpConfig-version.cmake
[36.867s] -- Up-to-date: /mnt/nova_ssd/workspaces/kiss-icp_ws/install/kiss_icp/share/kiss_icp/package.xml
[36.870s] Invoked command in '/mnt/nova_ssd/workspaces/kiss-icp_ws/build/kiss_icp' returned '0': CMAKE_PREFIX_PATH=/mnt/nova_ssd/workspaces/kiss-icp_ws/install/kiss_icp:/mnt/nova_ssd/workspaces/navigation/install/dwa_main:/mnt/nova_ssd/workspaces/navigation/install/dstar_main:/mnt/nova_ssd/workspaces/navigation/install/costmap_converter:/mnt/nova_ssd/workspaces/navigation/install/costmap_converter_msgs:/mnt/nova_ssd/workspaces/3d_lidar/src/ws_livox/install/livox_ros_driver2:/mnt/nova_ssd/workspaces/scout/install/scout_base:/mnt/nova_ssd/workspaces/pcl_ws/install/pcl_filter:/mnt/nova_ssd/workspaces/pcl_ws/install/my_package:/mnt/nova_ssd/workspaces/pcl_ws/install/livox_tf:/opt/ros/humble:/mnt/nova_ssd/workspaces/scout/install/ugv_sdk:/mnt/nova_ssd/workspaces/scout/install/scout_msgs:/mnt/nova_ssd/workspaces/scout/install/scout_description:/mnt/nova_ssd/workspaces/lidarslam_ws/install/lidarslam:/mnt/nova_ssd/workspaces/lidarslam_ws/install/scanmatcher:/mnt/nova_ssd/workspaces/lidarslam_ws/install/graph_based_slam:/mnt/nova_ssd/workspaces/lidarslam_ws/install/ndt_omp_ros2:/mnt/nova_ssd/workspaces/lidarslam_ws/install/lidarslam_msgs:/mnt/nova_ssd/workspaces/octomap_ws/install/octomap_example:/mnt/nova_ssd/workspaces/pcl_ws/install/pointcloud_to_laserscan:/mnt/nova_ssd/workspaces/pcl_ws/install/pcl_object_detection /usr/bin/cmake --install /mnt/nova_ssd/workspaces/kiss-icp_ws/build/kiss_icp
