[1.385s] Invoking command in '/mnt/nova_ssd/workspaces/pcl_ws/src/livox_tf': PYTHONPATH=/mnt/nova_ssd/workspaces/pcl_ws/build/livox_tf/prefix_override:/usr/lib/python3/dist-packages/colcon_core/task/python/colcon_distutils_commands:/mnt/nova_ssd/workspaces/pcl_ws/install/livox_tf/lib/python3.10/site-packages:${PYTHONPATH} /usr/bin/python3 -W ignore:setup.py install is deprecated setup.py egg_info --egg-base ../../build/livox_tf build --build-base /mnt/nova_ssd/workspaces/pcl_ws/build/livox_tf/build install --record /mnt/nova_ssd/workspaces/pcl_ws/build/livox_tf/install.log --single-version-externally-managed install_data
[1.832s] running egg_info
[1.833s] creating ../../build/livox_tf/livox_tf.egg-info
[1.833s] writing ../../build/livox_tf/livox_tf.egg-info/PKG-INFO
[1.834s] writing dependency_links to ../../build/livox_tf/livox_tf.egg-info/dependency_links.txt
[1.834s] writing entry points to ../../build/livox_tf/livox_tf.egg-info/entry_points.txt
[1.835s] writing requirements to ../../build/livox_tf/livox_tf.egg-info/requires.txt
[1.835s] writing top-level names to ../../build/livox_tf/livox_tf.egg-info/top_level.txt
[1.835s] writing manifest file '../../build/livox_tf/livox_tf.egg-info/SOURCES.txt'
[1.838s] reading manifest file '../../build/livox_tf/livox_tf.egg-info/SOURCES.txt'
[1.839s] writing manifest file '../../build/livox_tf/livox_tf.egg-info/SOURCES.txt'
[1.840s] running build
[1.840s] running build_py
[1.841s] creating /mnt/nova_ssd/workspaces/pcl_ws/build/livox_tf/build
[1.841s] creating /mnt/nova_ssd/workspaces/pcl_ws/build/livox_tf/build/lib
[1.842s] creating /mnt/nova_ssd/workspaces/pcl_ws/build/livox_tf/build/lib/livox_tf
[1.842s] copying livox_tf/livox_tf_node.py -> /mnt/nova_ssd/workspaces/pcl_ws/build/livox_tf/build/lib/livox_tf
[1.842s] copying livox_tf/__init__.py -> /mnt/nova_ssd/workspaces/pcl_ws/build/livox_tf/build/lib/livox_tf
[1.842s] running install
[1.843s] running install_lib
[1.844s] creating /mnt/nova_ssd/workspaces/pcl_ws/install/livox_tf/lib/python3.10/site-packages/livox_tf
[1.844s] copying /mnt/nova_ssd/workspaces/pcl_ws/build/livox_tf/build/lib/livox_tf/livox_tf_node.py -> /mnt/nova_ssd/workspaces/pcl_ws/install/livox_tf/lib/python3.10/site-packages/livox_tf
[1.845s] copying /mnt/nova_ssd/workspaces/pcl_ws/build/livox_tf/build/lib/livox_tf/__init__.py -> /mnt/nova_ssd/workspaces/pcl_ws/install/livox_tf/lib/python3.10/site-packages/livox_tf
[1.846s] byte-compiling /mnt/nova_ssd/workspaces/pcl_ws/install/livox_tf/lib/python3.10/site-packages/livox_tf/livox_tf_node.py to livox_tf_node.cpython-310.pyc
[1.847s] byte-compiling /mnt/nova_ssd/workspaces/pcl_ws/install/livox_tf/lib/python3.10/site-packages/livox_tf/__init__.py to __init__.cpython-310.pyc
[1.848s] running install_data
[1.848s] creating /mnt/nova_ssd/workspaces/pcl_ws/install/livox_tf/share/ament_index
[1.848s] creating /mnt/nova_ssd/workspaces/pcl_ws/install/livox_tf/share/ament_index/resource_index
[1.849s] creating /mnt/nova_ssd/workspaces/pcl_ws/install/livox_tf/share/ament_index/resource_index/packages
[1.849s] copying resource/livox_tf -> /mnt/nova_ssd/workspaces/pcl_ws/install/livox_tf/share/ament_index/resource_index/packages
[1.849s] copying package.xml -> /mnt/nova_ssd/workspaces/pcl_ws/install/livox_tf/share/livox_tf
[1.850s] running install_egg_info
[1.852s] Copying ../../build/livox_tf/livox_tf.egg-info to /mnt/nova_ssd/workspaces/pcl_ws/install/livox_tf/lib/python3.10/site-packages/livox_tf-0.0.0-py3.10.egg-info
[1.853s] running install_scripts
[1.891s] Installing livox_tf_node script to /mnt/nova_ssd/workspaces/pcl_ws/install/livox_tf/lib/livox_tf
[1.892s] writing list of installed files to '/mnt/nova_ssd/workspaces/pcl_ws/build/livox_tf/install.log'
[1.949s] Invoked command in '/mnt/nova_ssd/workspaces/pcl_ws/src/livox_tf' returned '0': PYTHONPATH=/mnt/nova_ssd/workspaces/pcl_ws/build/livox_tf/prefix_override:/usr/lib/python3/dist-packages/colcon_core/task/python/colcon_distutils_commands:/mnt/nova_ssd/workspaces/pcl_ws/install/livox_tf/lib/python3.10/site-packages:${PYTHONPATH} /usr/bin/python3 -W ignore:setup.py install is deprecated setup.py egg_info --egg-base ../../build/livox_tf build --build-base /mnt/nova_ssd/workspaces/pcl_ws/build/livox_tf/build install --record /mnt/nova_ssd/workspaces/pcl_ws/build/livox_tf/install.log --single-version-externally-managed install_data
