[0.036s] Invoking command in '/mnt/nova_ssd/workspaces/scout/build/scout_description': CMAKE_PREFIX_PATH=/mnt/nova_ssd/workspaces/texttopoint_ws/install/point_publisher_pkg:/mnt/nova_ssd/workspaces/navigation/install/dwa_main:/mnt/nova_ssd/workspaces/navigation/install/dstar_main:/mnt/nova_ssd/workspaces/navigation/install/costmap_converter:/mnt/nova_ssd/workspaces/navigation/install/costmap_converter_msgs:/mnt/nova_ssd/workspaces/kiss-icp_ws/install/kiss_icp:/mnt/nova_ssd/workspaces/3d_lidar/src/ws_livox/install/livox_ros_driver2:/mnt/nova_ssd/workspaces/scout/install/scout_base:/mnt/nova_ssd/workspaces/pcl_ws/install/pcl_filter:/mnt/nova_ssd/workspaces/pcl_ws/install/my_package:/mnt/nova_ssd/workspaces/pcl_ws/install/livox_tf:/opt/ros/humble:/mnt/nova_ssd/workspaces/scout/install/ugv_sdk:/mnt/nova_ssd/workspaces/scout/install/scout_msgs:/mnt/nova_ssd/workspaces/scout/install/scout_description:/mnt/nova_ssd/workspaces/octomap_ws/install/octomap_example:/mnt/nova_ssd/workspaces/pcl_ws/install/pointcloud_to_laserscan:/mnt/nova_ssd/workspaces/pcl_ws/install/pcl_object_detection /usr/bin/cmake --build /mnt/nova_ssd/workspaces/scout/build/scout_description -- -j12 -l12
[0.098s] Invoked command in '/mnt/nova_ssd/workspaces/scout/build/scout_description' returned '0': CMAKE_PREFIX_PATH=/mnt/nova_ssd/workspaces/texttopoint_ws/install/point_publisher_pkg:/mnt/nova_ssd/workspaces/navigation/install/dwa_main:/mnt/nova_ssd/workspaces/navigation/install/dstar_main:/mnt/nova_ssd/workspaces/navigation/install/costmap_converter:/mnt/nova_ssd/workspaces/navigation/install/costmap_converter_msgs:/mnt/nova_ssd/workspaces/kiss-icp_ws/install/kiss_icp:/mnt/nova_ssd/workspaces/3d_lidar/src/ws_livox/install/livox_ros_driver2:/mnt/nova_ssd/workspaces/scout/install/scout_base:/mnt/nova_ssd/workspaces/pcl_ws/install/pcl_filter:/mnt/nova_ssd/workspaces/pcl_ws/install/my_package:/mnt/nova_ssd/workspaces/pcl_ws/install/livox_tf:/opt/ros/humble:/mnt/nova_ssd/workspaces/scout/install/ugv_sdk:/mnt/nova_ssd/workspaces/scout/install/scout_msgs:/mnt/nova_ssd/workspaces/scout/install/scout_description:/mnt/nova_ssd/workspaces/octomap_ws/install/octomap_example:/mnt/nova_ssd/workspaces/pcl_ws/install/pointcloud_to_laserscan:/mnt/nova_ssd/workspaces/pcl_ws/install/pcl_object_detection /usr/bin/cmake --build /mnt/nova_ssd/workspaces/scout/build/scout_description -- -j12 -l12
[0.152s] Invoking command in '/mnt/nova_ssd/workspaces/scout/build/scout_description': CMAKE_PREFIX_PATH=/mnt/nova_ssd/workspaces/texttopoint_ws/install/point_publisher_pkg:/mnt/nova_ssd/workspaces/navigation/install/dwa_main:/mnt/nova_ssd/workspaces/navigation/install/dstar_main:/mnt/nova_ssd/workspaces/navigation/install/costmap_converter:/mnt/nova_ssd/workspaces/navigation/install/costmap_converter_msgs:/mnt/nova_ssd/workspaces/kiss-icp_ws/install/kiss_icp:/mnt/nova_ssd/workspaces/3d_lidar/src/ws_livox/install/livox_ros_driver2:/mnt/nova_ssd/workspaces/scout/install/scout_base:/mnt/nova_ssd/workspaces/pcl_ws/install/pcl_filter:/mnt/nova_ssd/workspaces/pcl_ws/install/my_package:/mnt/nova_ssd/workspaces/pcl_ws/install/livox_tf:/opt/ros/humble:/mnt/nova_ssd/workspaces/scout/install/ugv_sdk:/mnt/nova_ssd/workspaces/scout/install/scout_msgs:/mnt/nova_ssd/workspaces/scout/install/scout_description:/mnt/nova_ssd/workspaces/octomap_ws/install/octomap_example:/mnt/nova_ssd/workspaces/pcl_ws/install/pointcloud_to_laserscan:/mnt/nova_ssd/workspaces/pcl_ws/install/pcl_object_detection /usr/bin/cmake --install /mnt/nova_ssd/workspaces/scout/build/scout_description
[0.165s] -- Install configuration: ""
[0.165s] -- Up-to-date: /mnt/nova_ssd/workspaces/scout/install/scout_description/share/scout_description//launch
[0.165s] -- Up-to-date: /mnt/nova_ssd/workspaces/scout/install/scout_description/share/scout_description//launch/scout_base_description.launch.py
[0.165s] -- Up-to-date: /mnt/nova_ssd/workspaces/scout/install/scout_description/share/scout_description//urdf
[0.166s] -- Up-to-date: /mnt/nova_ssd/workspaces/scout/install/scout_description/share/scout_description//urdf/generate_urdf.sh
[0.166s] -- Up-to-date: /mnt/nova_ssd/workspaces/scout/install/scout_description/share/scout_description//urdf/scout_v2.xacro
[0.166s] -- Up-to-date: /mnt/nova_ssd/workspaces/scout/install/scout_description/share/scout_description//urdf/scout_v2.urdf
[0.166s] -- Up-to-date: /mnt/nova_ssd/workspaces/scout/install/scout_description/share/scout_description//urdf/scout_wheel_type2.xacro
[0.166s] -- Up-to-date: /mnt/nova_ssd/workspaces/scout/install/scout_description/share/scout_description//urdf/scout_wheel_type1.xacro
[0.166s] -- Up-to-date: /mnt/nova_ssd/workspaces/scout/install/scout_description/share/scout_description//meshes
[0.166s] -- Up-to-date: /mnt/nova_ssd/workspaces/scout/install/scout_description/share/scout_description//meshes/wheel_type2.dae
[0.166s] -- Up-to-date: /mnt/nova_ssd/workspaces/scout/install/scout_description/share/scout_description//meshes/base_link_full.dae
[0.167s] -- Up-to-date: /mnt/nova_ssd/workspaces/scout/install/scout_description/share/scout_description//meshes/hokuyo.dae
[0.167s] -- Up-to-date: /mnt/nova_ssd/workspaces/scout/install/scout_description/share/scout_description//meshes/wheel_type1.dae
[0.167s] -- Up-to-date: /mnt/nova_ssd/workspaces/scout/install/scout_description/share/scout_description//meshes/base_link.dae
[0.167s] -- Up-to-date: /mnt/nova_ssd/workspaces/scout/install/scout_description/share/ament_index/resource_index/package_run_dependencies/scout_description
[0.167s] -- Up-to-date: /mnt/nova_ssd/workspaces/scout/install/scout_description/share/ament_index/resource_index/parent_prefix_path/scout_description
[0.167s] -- Up-to-date: /mnt/nova_ssd/workspaces/scout/install/scout_description/share/scout_description/environment/ament_prefix_path.sh
[0.167s] -- Up-to-date: /mnt/nova_ssd/workspaces/scout/install/scout_description/share/scout_description/environment/ament_prefix_path.dsv
[0.167s] -- Up-to-date: /mnt/nova_ssd/workspaces/scout/install/scout_description/share/scout_description/environment/path.sh
[0.168s] -- Up-to-date: /mnt/nova_ssd/workspaces/scout/install/scout_description/share/scout_description/environment/path.dsv
[0.168s] -- Up-to-date: /mnt/nova_ssd/workspaces/scout/install/scout_description/share/scout_description/local_setup.bash
[0.168s] -- Up-to-date: /mnt/nova_ssd/workspaces/scout/install/scout_description/share/scout_description/local_setup.sh
[0.168s] -- Up-to-date: /mnt/nova_ssd/workspaces/scout/install/scout_description/share/scout_description/local_setup.zsh
[0.168s] -- Up-to-date: /mnt/nova_ssd/workspaces/scout/install/scout_description/share/scout_description/local_setup.dsv
[0.168s] -- Installing: /mnt/nova_ssd/workspaces/scout/install/scout_description/share/scout_description/package.dsv
[0.168s] -- Up-to-date: /mnt/nova_ssd/workspaces/scout/install/scout_description/share/ament_index/resource_index/packages/scout_description
[0.168s] -- Up-to-date: /mnt/nova_ssd/workspaces/scout/install/scout_description/share/scout_description/cmake/scout_descriptionConfig.cmake
[0.168s] -- Up-to-date: /mnt/nova_ssd/workspaces/scout/install/scout_description/share/scout_description/cmake/scout_descriptionConfig-version.cmake
[0.169s] -- Up-to-date: /mnt/nova_ssd/workspaces/scout/install/scout_description/share/scout_description/package.xml
[0.171s] Invoked command in '/mnt/nova_ssd/workspaces/scout/build/scout_description' returned '0': CMAKE_PREFIX_PATH=/mnt/nova_ssd/workspaces/texttopoint_ws/install/point_publisher_pkg:/mnt/nova_ssd/workspaces/navigation/install/dwa_main:/mnt/nova_ssd/workspaces/navigation/install/dstar_main:/mnt/nova_ssd/workspaces/navigation/install/costmap_converter:/mnt/nova_ssd/workspaces/navigation/install/costmap_converter_msgs:/mnt/nova_ssd/workspaces/kiss-icp_ws/install/kiss_icp:/mnt/nova_ssd/workspaces/3d_lidar/src/ws_livox/install/livox_ros_driver2:/mnt/nova_ssd/workspaces/scout/install/scout_base:/mnt/nova_ssd/workspaces/pcl_ws/install/pcl_filter:/mnt/nova_ssd/workspaces/pcl_ws/install/my_package:/mnt/nova_ssd/workspaces/pcl_ws/install/livox_tf:/opt/ros/humble:/mnt/nova_ssd/workspaces/scout/install/ugv_sdk:/mnt/nova_ssd/workspaces/scout/install/scout_msgs:/mnt/nova_ssd/workspaces/scout/install/scout_description:/mnt/nova_ssd/workspaces/octomap_ws/install/octomap_example:/mnt/nova_ssd/workspaces/pcl_ws/install/pointcloud_to_laserscan:/mnt/nova_ssd/workspaces/pcl_ws/install/pcl_object_detection /usr/bin/cmake --install /mnt/nova_ssd/workspaces/scout/build/scout_description
