[0.856s] Invoking command in '/mnt/nova_ssd/workspaces/pcl_ws/build/pcl_object_detection': CMAKE_PREFIX_PATH=/mnt/nova_ssd/workspaces/navigation/install/dwa_main:/mnt/nova_ssd/workspaces/navigation/install/dstar_main:/mnt/nova_ssd/workspaces/navigation/install/costmap_converter:/mnt/nova_ssd/workspaces/navigation/install/costmap_converter_msgs:/mnt/nova_ssd/workspaces/scout/install/scout_base:/opt/ros/humble:/mnt/nova_ssd/workspaces/scout/install/ugv_sdk:/mnt/nova_ssd/workspaces/scout/install/scout_msgs:/mnt/nova_ssd/workspaces/scout/install/scout_description /usr/bin/cmake --build /mnt/nova_ssd/workspaces/pcl_ws/build/pcl_object_detection -- -j12 -l12
[0.934s] [35m[1mConsolidate compiler generated dependencies of target pcl_object_detection[0m
[0.998s] [ 50%] Built target pcl_object_detection
[1.048s] [100%] Built target pcl_object_detection_node
[1.070s] Invoked command in '/mnt/nova_ssd/workspaces/pcl_ws/build/pcl_object_detection' returned '0': CMAKE_PREFIX_PATH=/mnt/nova_ssd/workspaces/navigation/install/dwa_main:/mnt/nova_ssd/workspaces/navigation/install/dstar_main:/mnt/nova_ssd/workspaces/navigation/install/costmap_converter:/mnt/nova_ssd/workspaces/navigation/install/costmap_converter_msgs:/mnt/nova_ssd/workspaces/scout/install/scout_base:/opt/ros/humble:/mnt/nova_ssd/workspaces/scout/install/ugv_sdk:/mnt/nova_ssd/workspaces/scout/install/scout_msgs:/mnt/nova_ssd/workspaces/scout/install/scout_description /usr/bin/cmake --build /mnt/nova_ssd/workspaces/pcl_ws/build/pcl_object_detection -- -j12 -l12
[1.126s] Invoking command in '/mnt/nova_ssd/workspaces/pcl_ws/build/pcl_object_detection': CMAKE_PREFIX_PATH=/mnt/nova_ssd/workspaces/navigation/install/dwa_main:/mnt/nova_ssd/workspaces/navigation/install/dstar_main:/mnt/nova_ssd/workspaces/navigation/install/costmap_converter:/mnt/nova_ssd/workspaces/navigation/install/costmap_converter_msgs:/mnt/nova_ssd/workspaces/scout/install/scout_base:/opt/ros/humble:/mnt/nova_ssd/workspaces/scout/install/ugv_sdk:/mnt/nova_ssd/workspaces/scout/install/scout_msgs:/mnt/nova_ssd/workspaces/scout/install/scout_description /usr/bin/cmake --install /mnt/nova_ssd/workspaces/pcl_ws/build/pcl_object_detection
[1.140s] -- Install configuration: ""
[1.140s] -- Up-to-date: /mnt/nova_ssd/workspaces/pcl_ws/install/pcl_object_detection/lib/libpcl_object_detection.so
[1.140s] -- Up-to-date: /mnt/nova_ssd/workspaces/pcl_ws/install/pcl_object_detection/lib/pcl_object_detection/pcl_object_detection_node
[1.140s] -- Up-to-date: /mnt/nova_ssd/workspaces/pcl_ws/install/pcl_object_detection/share/pcl_object_detection/launch
[1.140s] -- Up-to-date: /mnt/nova_ssd/workspaces/pcl_ws/install/pcl_object_detection/share/pcl_object_detection/launch/pcl_object_detection_launch.launch.py
[1.141s] -- Up-to-date: /mnt/nova_ssd/workspaces/pcl_ws/install/pcl_object_detection/share/ament_index/resource_index/package_run_dependencies/pcl_object_detection
[1.141s] -- Up-to-date: /mnt/nova_ssd/workspaces/pcl_ws/install/pcl_object_detection/share/ament_index/resource_index/parent_prefix_path/pcl_object_detection
[1.141s] -- Up-to-date: /mnt/nova_ssd/workspaces/pcl_ws/install/pcl_object_detection/share/pcl_object_detection/environment/ament_prefix_path.sh
[1.141s] -- Up-to-date: /mnt/nova_ssd/workspaces/pcl_ws/install/pcl_object_detection/share/pcl_object_detection/environment/ament_prefix_path.dsv
[1.141s] -- Up-to-date: /mnt/nova_ssd/workspaces/pcl_ws/install/pcl_object_detection/share/pcl_object_detection/environment/path.sh
[1.142s] -- Up-to-date: /mnt/nova_ssd/workspaces/pcl_ws/install/pcl_object_detection/share/pcl_object_detection/environment/path.dsv
[1.142s] -- Up-to-date: /mnt/nova_ssd/workspaces/pcl_ws/install/pcl_object_detection/share/pcl_object_detection/local_setup.bash
[1.142s] -- Up-to-date: /mnt/nova_ssd/workspaces/pcl_ws/install/pcl_object_detection/share/pcl_object_detection/local_setup.sh
[1.142s] -- Up-to-date: /mnt/nova_ssd/workspaces/pcl_ws/install/pcl_object_detection/share/pcl_object_detection/local_setup.zsh
[1.142s] -- Up-to-date: /mnt/nova_ssd/workspaces/pcl_ws/install/pcl_object_detection/share/pcl_object_detection/local_setup.dsv
[1.142s] -- Installing: /mnt/nova_ssd/workspaces/pcl_ws/install/pcl_object_detection/share/pcl_object_detection/package.dsv
[1.142s] -- Up-to-date: /mnt/nova_ssd/workspaces/pcl_ws/install/pcl_object_detection/share/ament_index/resource_index/packages/pcl_object_detection
[1.142s] -- Up-to-date: /mnt/nova_ssd/workspaces/pcl_ws/install/pcl_object_detection/share/ament_index/resource_index/rclcpp_components/pcl_object_detection
[1.143s] -- Up-to-date: /mnt/nova_ssd/workspaces/pcl_ws/install/pcl_object_detection/share/pcl_object_detection/cmake/pcl_object_detectionConfig.cmake
[1.143s] -- Up-to-date: /mnt/nova_ssd/workspaces/pcl_ws/install/pcl_object_detection/share/pcl_object_detection/cmake/pcl_object_detectionConfig-version.cmake
[1.143s] -- Up-to-date: /mnt/nova_ssd/workspaces/pcl_ws/install/pcl_object_detection/share/pcl_object_detection/package.xml
[1.145s] Invoked command in '/mnt/nova_ssd/workspaces/pcl_ws/build/pcl_object_detection' returned '0': CMAKE_PREFIX_PATH=/mnt/nova_ssd/workspaces/navigation/install/dwa_main:/mnt/nova_ssd/workspaces/navigation/install/dstar_main:/mnt/nova_ssd/workspaces/navigation/install/costmap_converter:/mnt/nova_ssd/workspaces/navigation/install/costmap_converter_msgs:/mnt/nova_ssd/workspaces/scout/install/scout_base:/opt/ros/humble:/mnt/nova_ssd/workspaces/scout/install/ugv_sdk:/mnt/nova_ssd/workspaces/scout/install/scout_msgs:/mnt/nova_ssd/workspaces/scout/install/scout_description /usr/bin/cmake --install /mnt/nova_ssd/workspaces/pcl_ws/build/pcl_object_detection
