[0.022s] Invoking command in '/mnt/nova_ssd/workspaces/navigation/build/dstar_main': CMAKE_PREFIX_PATH=${CMAKE_PREFIX_PATH}:/opt/ros/humble /usr/bin/cmake --build /mnt/nova_ssd/workspaces/navigation/build/dstar_main -- -j12 -l12
[0.101s] [35m[1mConsolidate compiler generated dependencies of target dstar_main[0m
[0.147s] [ 50%] [32mBuilding CXX object CMakeFiles/dstar_main.dir/src/dstar_main.cpp.o[0m
[0.584s] In file included from [01m[K/mnt/nova_ssd/workspaces/navigation/src/dstar_main/include/dstar_main/dstar_main.h:14[m[K,
[0.584s]                  from [01m[K/mnt/nova_ssd/workspaces/navigation/src/dstar_main/src/dstar_main.cpp:1[m[K:
[0.585s] [01m[K/opt/ros/humble/include/tf2_geometry_msgs/tf2_geometry_msgs/tf2_geometry_msgs.h:35:2:[m[K [01;35m[Kwarning: [m[K#warning This header is obsolete, please include tf2_geometry_msgs/tf2_geometry_msgs.hpp instead [[01;35m[K]8;;https://gcc.gnu.org/onlinedocs/gcc/Warning-Options.html#index-Wcpp-Wcpp]8;;[m[K]
[0.585s]    35 | #[01;35m[Kwarning[m[K This header is obsolete, please include tf2_geometry_msgs/tf2_geometry_msgs.hpp instead
[0.585s]       |  [01;35m[K^~~~~~~[m[K
[2.400s] [01m[K/mnt/nova_ssd/workspaces/navigation/src/dstar_main/src/dstar_main.cpp:375:2:[m[K [01;31m[Kerror: [m[Kunterminated argument list invoking macro "RCLCPP_INFO"
[2.401s]   375 | }
[2.401s]       |  [01;31m[K^[m[K
[9.904s] In file included from [01m[K/mnt/nova_ssd/workspaces/navigation/src/dstar_main/src/dstar_main.cpp:2[m[K:
[9.905s] [01m[K/mnt/nova_ssd/workspaces/navigation/src/dstar_main/include/dstar_main/dstar_lct.hpp:[m[K In member function ‘[01m[Kvoid dstarNode::LinkCutTree::rotate(dstarNode::Nodeptr)[m[K’:
[9.905s] [01m[K/mnt/nova_ssd/workspaces/navigation/src/dstar_main/include/dstar_main/dstar_lct.hpp:12:13:[m[K [01;35m[Kwarning: [m[Kthis ‘[01m[Kif[m[K’ clause does not guard... [[01;35m[K]8;;https://gcc.gnu.org/onlinedocs/gcc/Warning-Options.html#index-Wmisleading-indentation-Wmisleading-indentation]8;;[m[K]
[9.905s]    12 |             [01;35m[Kif[m[K(!is_root(f)) ff->son[get_son(f)] = x; x -> father = ff;
[9.905s]       |             [01;35m[K^~[m[K
[9.906s] [01m[K/mnt/nova_ssd/workspaces/navigation/src/dstar_main/include/dstar_main/dstar_lct.hpp:12:54:[m[K [01;36m[Knote: [m[K...this statement, but the latter is misleadingly indented as if it were guarded by the ‘[01m[Kif[m[K’
[9.906s]    12 |             if(!is_root(f)) ff->son[get_son(f)] = x; [01;36m[Kx[m[K -> father = ff;
[9.906s]       |                                                      [01;36m[K^[m[K
[10.005s] [01m[K/mnt/nova_ssd/workspaces/navigation/src/dstar_main/src/dstar_main.cpp:[m[K In member function ‘[01m[Kvoid dstarNode::dstar_update()[m[K’:
[10.006s] [01m[K/mnt/nova_ssd/workspaces/navigation/src/dstar_main/src/dstar_main.cpp:91:9:[m[K [01;31m[Kerror: [m[K‘[01m[KRCLCPP_INFO[m[K’ was not declared in this scope
[10.006s]    91 |         [01;31m[KRCLCPP_INFO[m[K(this->get_logger(), "dis_to_goal: %f, rhs: %f, size: %d", (*dstar_list.begin())->dis_to_goal, (*dstar_list.begin())->rhs, dstar_list.size();
[10.006s]       |         [01;31m[K^~~~~~~~~~~[m[K
[10.006s] [01m[K/mnt/nova_ssd/workspaces/navigation/src/dstar_main/src/dstar_main.cpp:91:20:[m[K [01;31m[Kerror: [m[Kexpected ‘[01m[K}[m[K’ at end of input
[10.006s]    91 |         RCLCPP_INFO[01;31m[K([m[Kthis->get_logger(), "dis_to_goal: %f, rhs: %f, size: %d", (*dstar_list.begin())->dis_to_goal, (*dstar_list.begin())->rhs, dstar_list.size();
[10.007s]       |                    [01;31m[K^[m[K
[10.007s] [01m[K/mnt/nova_ssd/workspaces/navigation/src/dstar_main/src/dstar_main.cpp:89:31:[m[K [01;36m[Knote: [m[Kto match this ‘[01m[K{[m[K’
[10.007s]    89 |     while(!dstar_list.empty())[01;36m[K{[m[K
[10.007s]       |                               [01;36m[K^[m[K
[10.007s] [01m[K/mnt/nova_ssd/workspaces/navigation/src/dstar_main/src/dstar_main.cpp:91:20:[m[K [01;31m[Kerror: [m[Kexpected ‘[01m[K}[m[K’ at end of input
[10.008s]    91 |         RCLCPP_INFO[01;31m[K([m[Kthis->get_logger(), "dis_to_goal: %f, rhs: %f, size: %d", (*dstar_list.begin())->dis_to_goal, (*dstar_list.begin())->rhs, dstar_list.size();
[10.008s]       |                    [01;31m[K^[m[K
[10.008s] [01m[K/mnt/nova_ssd/workspaces/navigation/src/dstar_main/src/dstar_main.cpp:87:31:[m[K [01;36m[Knote: [m[Kto match this ‘[01m[K{[m[K’
[10.008s]    87 | void dstarNode::dstar_update()[01;36m[K{[m[K
[10.009s]       |                               [01;36m[K^[m[K
[18.688s] gmake[2]: *** [CMakeFiles/dstar_main.dir/build.make:76: CMakeFiles/dstar_main.dir/src/dstar_main.cpp.o] Error 1
[18.688s] gmake[1]: *** [CMakeFiles/Makefile2:137: CMakeFiles/dstar_main.dir/all] Error 2
[18.689s] gmake: *** [Makefile:146: all] Error 2
[18.693s] Invoked command in '/mnt/nova_ssd/workspaces/navigation/build/dstar_main' returned '2': CMAKE_PREFIX_PATH=${CMAKE_PREFIX_PATH}:/opt/ros/humble /usr/bin/cmake --build /mnt/nova_ssd/workspaces/navigation/build/dstar_main -- -j12 -l12
