[0.911s] Invoking command in '/mnt/nova_ssd/workspaces/pcl_ws/build/projected_pcl': CMAKE_PREFIX_PATH=/mnt/nova_ssd/workspaces/navigation/install/dwa_main:/mnt/nova_ssd/workspaces/navigation/install/dstar_main:/mnt/nova_ssd/workspaces/navigation/install/costmap_converter:/mnt/nova_ssd/workspaces/navigation/install/costmap_converter_msgs:/mnt/nova_ssd/workspaces/texttopoint_ws/install/point_publisher_pkg:/mnt/nova_ssd/workspaces/kiss-icp_ws/install/kiss_icp:/mnt/nova_ssd/workspaces/3d_lidar/src/ws_livox/install/livox_ros_driver2:/mnt/nova_ssd/workspaces/scout/install/scout_base:/mnt/nova_ssd/workspaces/pcl_ws/install/my_package:/mnt/nova_ssd/workspaces/pcl_ws/install/livox_tf:/opt/ros/humble:/mnt/nova_ssd/workspaces/scout/install/ugv_sdk:/mnt/nova_ssd/workspaces/scout/install/scout_msgs:/mnt/nova_ssd/workspaces/scout/install/scout_description:/mnt/nova_ssd/workspaces/octomap_ws/install/octomap_example:/mnt/nova_ssd/workspaces/pcl_ws/install/projected_pcl:/mnt/nova_ssd/workspaces/pcl_ws/install/pointcloud_to_laserscan:/mnt/nova_ssd/workspaces/pcl_ws/install/pcl_object_detection:/mnt/nova_ssd/workspaces/pcl_ws/install/pcl_filter /usr/bin/cmake /mnt/nova_ssd/workspaces/pcl_ws/src/projected_pcl -DAMENT_CMAKE_SYMLINK_INSTALL=1 -DCMAKE_INSTALL_PREFIX=/mnt/nova_ssd/workspaces/pcl_ws/install/projected_pcl
[1.013s] -- The C compiler identification is GNU 11.4.0
[1.117s] -- The CXX compiler identification is GNU 11.4.0
[1.136s] -- Detecting C compiler ABI info
[1.284s] -- Detecting C compiler ABI info - done
[1.293s] -- Check for working C compiler: /usr/bin/cc - skipped
[1.293s] -- Detecting C compile features
[1.298s] -- Detecting C compile features - done
[1.309s] -- Detecting CXX compiler ABI info
[1.461s] -- Detecting CXX compiler ABI info - done
[1.473s] -- Check for working CXX compiler: /usr/bin/c++ - skipped
[1.473s] -- Detecting CXX compile features
[1.474s] -- Detecting CXX compile features - done
[1.492s] -- Found ament_cmake: 1.3.9 (/opt/ros/humble/share/ament_cmake/cmake)
[1.824s] -- Found Python3: /usr/bin/python3 (found version "3.10.12") found components: Interpreter 
[1.944s] -- Override CMake install command with custom implementation using symlinks instead of copying resources
[2.008s] -- Found rclcpp: 16.0.9 (/opt/ros/humble/share/rclcpp/cmake)
[2.110s] -- Found rosidl_generator_c: 3.1.5 (/opt/ros/humble/share/rosidl_generator_c/cmake)
[2.121s] -- Found rosidl_adapter: 3.1.5 (/opt/ros/humble/share/rosidl_adapter/cmake)
[2.142s] -- Found rosidl_generator_cpp: 3.1.5 (/opt/ros/humble/share/rosidl_generator_cpp/cmake)
[2.166s] -- Using all available rosidl_typesupport_c: rosidl_typesupport_fastrtps_c;rosidl_typesupport_introspection_c
[2.213s] -- Using all available rosidl_typesupport_cpp: rosidl_typesupport_fastrtps_cpp;rosidl_typesupport_introspection_cpp
[2.356s] -- Found rmw_implementation_cmake: 6.1.2 (/opt/ros/humble/share/rmw_implementation_cmake/cmake)
[2.361s] -- Found rmw_fastrtps_cpp: 6.2.6 (/opt/ros/humble/share/rmw_fastrtps_cpp/cmake)
[2.544s] -- Found OpenSSL: /usr/lib/aarch64-linux-gnu/libcrypto.so (found version "3.0.2")  
[2.601s] -- Found FastRTPS: /opt/ros/humble/include  
[2.682s] -- Using RMW implementation 'rmw_fastrtps_cpp' as default
[2.703s] -- Looking for pthread.h
[2.821s] -- Looking for pthread.h - found
[2.822s] -- Performing Test CMAKE_HAVE_LIBC_PTHREAD
[2.952s] -- Performing Test CMAKE_HAVE_LIBC_PTHREAD - Success
[2.953s] -- Found Threads: TRUE  
[3.175s] -- Found sensor_msgs: 4.2.4 (/opt/ros/humble/share/sensor_msgs/cmake)
[3.356s] -- Found pcl_conversions: 2.4.0 (/opt/ros/humble/share/pcl_conversions/cmake)
[3.547s] -- Found pcl_ros: 2.4.0 (/opt/ros/humble/share/pcl_ros/cmake)
[3.739s] -- Found eigen3_cmake_module: 0.1.1 (/opt/ros/humble/share/eigen3_cmake_module/cmake)
[3.739s] -- Found Eigen3: TRUE (found version "3.4.0") 
[3.739s] -- Ensuring Eigen3 include directory is part of orocos-kdl CMake target
[4.330s] -- Checking for module 'eigen3'
[4.376s] --   Found eigen3, version 3.4.0
[4.496s] -- Found Eigen: /usr/include/eigen3 (Required is at least version "3.1") 
[4.496s] -- Eigen found (include: /usr/include/eigen3, version: 3.4.0)
[4.567s] -- Checking for module 'flann'
[4.604s] --   Found flann, version 1.9.1
[4.741s] -- Found FLANN: /usr/lib/aarch64-linux-gnu/libflann_cpp.so  
[4.741s] -- FLANN found (include: /usr/include, lib: /usr/lib/aarch64-linux-gnu/libflann_cpp.so)
[6.987s] -- Checking for module 'libusb-1.0'
[7.030s] --   Found libusb-1.0, version 1.0.25
[7.162s] -- Found libusb: /usr/lib/aarch64-linux-gnu/libusb-1.0.so  
[7.164s] -- OpenNI found (version: 1.5.4.0, include: /usr/include/ni, lib: /usr/lib/libOpenNI.so;libusb::libusb)
[7.329s] -- OpenNI2 found (version: 2.2.0.33, include: /usr/include/openni2, lib: /usr/lib/aarch64-linux-gnu/libOpenNI2.so;libusb::libusb)
[7.683s] -- Eigen found (include: /usr/include/eigen3, version: 3.4.0)
[7.705s] -- OpenNI found (version: 1.5.4.0, include: /usr/include/ni, lib: /usr/lib/libOpenNI.so;libusb::libusb)
[7.726s] -- OpenNI2 found (version: 2.2.0.33, include: /usr/include/openni2, lib: /usr/lib/aarch64-linux-gnu/libOpenNI2.so;libusb::libusb)
[8.010s] -- Found Qhull version 8.0.2
[8.343s] -- OpenNI found (version: 1.5.4.0, include: /usr/include/ni, lib: /usr/lib/libOpenNI.so;libusb::libusb)
[8.674s] -- Found PCL_COMMON: /usr/lib/aarch64-linux-gnu/libpcl_common.so  
[8.679s] -- Found PCL_KDTREE: /usr/lib/aarch64-linux-gnu/libpcl_kdtree.so  
[8.683s] -- Found PCL_OCTREE: /usr/lib/aarch64-linux-gnu/libpcl_octree.so  
[8.686s] -- Found PCL_SEARCH: /usr/lib/aarch64-linux-gnu/libpcl_search.so  
[8.689s] -- Found PCL_SAMPLE_CONSENSUS: /usr/lib/aarch64-linux-gnu/libpcl_sample_consensus.so  
[8.693s] -- Found PCL_FILTERS: /usr/lib/aarch64-linux-gnu/libpcl_filters.so  
[8.696s] -- Found PCL_2D: /usr/include/pcl-1.12  
[8.696s] -- Found PCL_GEOMETRY: /usr/include/pcl-1.12  
[8.700s] -- Found PCL_IO: /usr/lib/aarch64-linux-gnu/libpcl_io.so  
[8.702s] -- Found PCL_FEATURES: /usr/lib/aarch64-linux-gnu/libpcl_features.so  
[8.705s] -- Found PCL_ML: /usr/lib/aarch64-linux-gnu/libpcl_ml.so  
[8.705s] -- Found PCL_SEGMENTATION: /usr/lib/aarch64-linux-gnu/libpcl_segmentation.so  
[8.707s] -- Found PCL_VISUALIZATION: /usr/lib/aarch64-linux-gnu/libpcl_visualization.so  
[8.709s] -- Found PCL_SURFACE: /usr/lib/aarch64-linux-gnu/libpcl_surface.so  
[8.710s] -- Found PCL_REGISTRATION: /usr/lib/aarch64-linux-gnu/libpcl_registration.so  
[8.712s] -- Found PCL_KEYPOINTS: /usr/lib/aarch64-linux-gnu/libpcl_keypoints.so  
[8.713s] -- Found PCL_TRACKING: /usr/lib/aarch64-linux-gnu/libpcl_tracking.so  
[8.715s] -- Found PCL_RECOGNITION: /usr/lib/aarch64-linux-gnu/libpcl_recognition.so  
[8.717s] -- Found PCL_STEREO: /usr/lib/aarch64-linux-gnu/libpcl_stereo.so  
[8.718s] -- Found PCL_APPS: /usr/lib/aarch64-linux-gnu/libpcl_apps.so  
[8.719s] -- Found PCL_IN_HAND_SCANNER: /usr/include/pcl-1.12  
[8.720s] -- Found PCL_MODELER: /usr/include/pcl-1.12  
[8.720s] -- Found PCL_POINT_CLOUD_EDITOR: /usr/include/pcl-1.12  
[8.722s] -- Found PCL_OUTOFCORE: /usr/lib/aarch64-linux-gnu/libpcl_outofcore.so  
[8.724s] -- Found PCL_PEOPLE: /usr/lib/aarch64-linux-gnu/libpcl_people.so  
[8.748s] -- Found tf2_sensor_msgs: 0.25.7 (/opt/ros/humble/share/tf2_sensor_msgs/cmake)
[8.978s] -- Found ament_lint_auto: 0.12.11 (/opt/ros/humble/share/ament_lint_auto/cmake)
[9.164s] -- Added test 'cppcheck' to perform static code analysis on C / C++ code
[9.167s] -- Configured cppcheck include dirs: 
[9.167s] -- Configured cppcheck exclude dirs and/or files: 
[9.169s] -- Added test 'lint_cmake' to check CMake code style
[9.171s] -- Added test 'uncrustify' to check C / C++ code style
[9.171s] -- Configured uncrustify additional arguments: 
[9.172s] -- Added test 'xmllint' to check XML markup files
[9.180s] -- Configuring done
[9.306s] -- Generating done
[9.313s] -- Build files have been written to: /mnt/nova_ssd/workspaces/pcl_ws/build/projected_pcl
[9.367s] Invoked command in '/mnt/nova_ssd/workspaces/pcl_ws/build/projected_pcl' returned '0': CMAKE_PREFIX_PATH=/mnt/nova_ssd/workspaces/navigation/install/dwa_main:/mnt/nova_ssd/workspaces/navigation/install/dstar_main:/mnt/nova_ssd/workspaces/navigation/install/costmap_converter:/mnt/nova_ssd/workspaces/navigation/install/costmap_converter_msgs:/mnt/nova_ssd/workspaces/texttopoint_ws/install/point_publisher_pkg:/mnt/nova_ssd/workspaces/kiss-icp_ws/install/kiss_icp:/mnt/nova_ssd/workspaces/3d_lidar/src/ws_livox/install/livox_ros_driver2:/mnt/nova_ssd/workspaces/scout/install/scout_base:/mnt/nova_ssd/workspaces/pcl_ws/install/my_package:/mnt/nova_ssd/workspaces/pcl_ws/install/livox_tf:/opt/ros/humble:/mnt/nova_ssd/workspaces/scout/install/ugv_sdk:/mnt/nova_ssd/workspaces/scout/install/scout_msgs:/mnt/nova_ssd/workspaces/scout/install/scout_description:/mnt/nova_ssd/workspaces/octomap_ws/install/octomap_example:/mnt/nova_ssd/workspaces/pcl_ws/install/projected_pcl:/mnt/nova_ssd/workspaces/pcl_ws/install/pointcloud_to_laserscan:/mnt/nova_ssd/workspaces/pcl_ws/install/pcl_object_detection:/mnt/nova_ssd/workspaces/pcl_ws/install/pcl_filter /usr/bin/cmake /mnt/nova_ssd/workspaces/pcl_ws/src/projected_pcl -DAMENT_CMAKE_SYMLINK_INSTALL=1 -DCMAKE_INSTALL_PREFIX=/mnt/nova_ssd/workspaces/pcl_ws/install/projected_pcl
[9.368s] Invoking command in '/mnt/nova_ssd/workspaces/pcl_ws/build/projected_pcl': CMAKE_PREFIX_PATH=/mnt/nova_ssd/workspaces/navigation/install/dwa_main:/mnt/nova_ssd/workspaces/navigation/install/dstar_main:/mnt/nova_ssd/workspaces/navigation/install/costmap_converter:/mnt/nova_ssd/workspaces/navigation/install/costmap_converter_msgs:/mnt/nova_ssd/workspaces/texttopoint_ws/install/point_publisher_pkg:/mnt/nova_ssd/workspaces/kiss-icp_ws/install/kiss_icp:/mnt/nova_ssd/workspaces/3d_lidar/src/ws_livox/install/livox_ros_driver2:/mnt/nova_ssd/workspaces/scout/install/scout_base:/mnt/nova_ssd/workspaces/pcl_ws/install/my_package:/mnt/nova_ssd/workspaces/pcl_ws/install/livox_tf:/opt/ros/humble:/mnt/nova_ssd/workspaces/scout/install/ugv_sdk:/mnt/nova_ssd/workspaces/scout/install/scout_msgs:/mnt/nova_ssd/workspaces/scout/install/scout_description:/mnt/nova_ssd/workspaces/octomap_ws/install/octomap_example:/mnt/nova_ssd/workspaces/pcl_ws/install/projected_pcl:/mnt/nova_ssd/workspaces/pcl_ws/install/pointcloud_to_laserscan:/mnt/nova_ssd/workspaces/pcl_ws/install/pcl_object_detection:/mnt/nova_ssd/workspaces/pcl_ws/install/pcl_filter /usr/bin/cmake --build /mnt/nova_ssd/workspaces/pcl_ws/build/projected_pcl -- -j12 -l12
[9.526s] [ 50%] [32mBuilding CXX object CMakeFiles/projected_pcl_node.dir/src/projected_pcl_node.cpp.o[0m
[33.663s] [100%] [32m[1mLinking CXX executable projected_pcl_node[0m
[35.754s] [100%] Built target projected_pcl_node
[35.775s] Invoked command in '/mnt/nova_ssd/workspaces/pcl_ws/build/projected_pcl' returned '0': CMAKE_PREFIX_PATH=/mnt/nova_ssd/workspaces/navigation/install/dwa_main:/mnt/nova_ssd/workspaces/navigation/install/dstar_main:/mnt/nova_ssd/workspaces/navigation/install/costmap_converter:/mnt/nova_ssd/workspaces/navigation/install/costmap_converter_msgs:/mnt/nova_ssd/workspaces/texttopoint_ws/install/point_publisher_pkg:/mnt/nova_ssd/workspaces/kiss-icp_ws/install/kiss_icp:/mnt/nova_ssd/workspaces/3d_lidar/src/ws_livox/install/livox_ros_driver2:/mnt/nova_ssd/workspaces/scout/install/scout_base:/mnt/nova_ssd/workspaces/pcl_ws/install/my_package:/mnt/nova_ssd/workspaces/pcl_ws/install/livox_tf:/opt/ros/humble:/mnt/nova_ssd/workspaces/scout/install/ugv_sdk:/mnt/nova_ssd/workspaces/scout/install/scout_msgs:/mnt/nova_ssd/workspaces/scout/install/scout_description:/mnt/nova_ssd/workspaces/octomap_ws/install/octomap_example:/mnt/nova_ssd/workspaces/pcl_ws/install/projected_pcl:/mnt/nova_ssd/workspaces/pcl_ws/install/pointcloud_to_laserscan:/mnt/nova_ssd/workspaces/pcl_ws/install/pcl_object_detection:/mnt/nova_ssd/workspaces/pcl_ws/install/pcl_filter /usr/bin/cmake --build /mnt/nova_ssd/workspaces/pcl_ws/build/projected_pcl -- -j12 -l12
[35.829s] Invoking command in '/mnt/nova_ssd/workspaces/pcl_ws/build/projected_pcl': CMAKE_PREFIX_PATH=/mnt/nova_ssd/workspaces/navigation/install/dwa_main:/mnt/nova_ssd/workspaces/navigation/install/dstar_main:/mnt/nova_ssd/workspaces/navigation/install/costmap_converter:/mnt/nova_ssd/workspaces/navigation/install/costmap_converter_msgs:/mnt/nova_ssd/workspaces/texttopoint_ws/install/point_publisher_pkg:/mnt/nova_ssd/workspaces/kiss-icp_ws/install/kiss_icp:/mnt/nova_ssd/workspaces/3d_lidar/src/ws_livox/install/livox_ros_driver2:/mnt/nova_ssd/workspaces/scout/install/scout_base:/mnt/nova_ssd/workspaces/pcl_ws/install/my_package:/mnt/nova_ssd/workspaces/pcl_ws/install/livox_tf:/opt/ros/humble:/mnt/nova_ssd/workspaces/scout/install/ugv_sdk:/mnt/nova_ssd/workspaces/scout/install/scout_msgs:/mnt/nova_ssd/workspaces/scout/install/scout_description:/mnt/nova_ssd/workspaces/octomap_ws/install/octomap_example:/mnt/nova_ssd/workspaces/pcl_ws/install/projected_pcl:/mnt/nova_ssd/workspaces/pcl_ws/install/pointcloud_to_laserscan:/mnt/nova_ssd/workspaces/pcl_ws/install/pcl_object_detection:/mnt/nova_ssd/workspaces/pcl_ws/install/pcl_filter /usr/bin/cmake --install /mnt/nova_ssd/workspaces/pcl_ws/build/projected_pcl
[35.844s] -- Install configuration: ""
[35.845s] -- Execute custom install script
[35.846s] -- Symlinking: /mnt/nova_ssd/workspaces/pcl_ws/install/projected_pcl/lib/projected_pcl/projected_pcl_node
[35.861s] -- Symlinking: /mnt/nova_ssd/workspaces/pcl_ws/install/projected_pcl/share/ament_index/resource_index/package_run_dependencies/projected_pcl
[35.877s] -- Symlinking: /mnt/nova_ssd/workspaces/pcl_ws/install/projected_pcl/share/ament_index/resource_index/parent_prefix_path/projected_pcl
[35.892s] -- Symlinking: /mnt/nova_ssd/workspaces/pcl_ws/install/projected_pcl/share/projected_pcl/environment/ament_prefix_path.sh
[35.910s] -- Symlinking: /mnt/nova_ssd/workspaces/pcl_ws/install/projected_pcl/share/projected_pcl/environment/ament_prefix_path.dsv
[35.930s] -- Symlinking: /mnt/nova_ssd/workspaces/pcl_ws/install/projected_pcl/share/projected_pcl/environment/path.sh
[35.946s] -- Symlinking: /mnt/nova_ssd/workspaces/pcl_ws/install/projected_pcl/share/projected_pcl/environment/path.dsv
[35.964s] -- Symlinking: /mnt/nova_ssd/workspaces/pcl_ws/install/projected_pcl/share/projected_pcl/local_setup.bash
[35.980s] -- Symlinking: /mnt/nova_ssd/workspaces/pcl_ws/install/projected_pcl/share/projected_pcl/local_setup.sh
[35.995s] -- Symlinking: /mnt/nova_ssd/workspaces/pcl_ws/install/projected_pcl/share/projected_pcl/local_setup.zsh
[36.008s] -- Symlinking: /mnt/nova_ssd/workspaces/pcl_ws/install/projected_pcl/share/projected_pcl/local_setup.dsv
[36.025s] -- Symlinking: /mnt/nova_ssd/workspaces/pcl_ws/install/projected_pcl/share/projected_pcl/package.dsv
[36.041s] -- Symlinking: /mnt/nova_ssd/workspaces/pcl_ws/install/projected_pcl/share/ament_index/resource_index/packages/projected_pcl
[36.055s] -- Symlinking: /mnt/nova_ssd/workspaces/pcl_ws/install/projected_pcl/share/projected_pcl/cmake/projected_pclConfig.cmake
[36.072s] -- Symlinking: /mnt/nova_ssd/workspaces/pcl_ws/install/projected_pcl/share/projected_pcl/cmake/projected_pclConfig-version.cmake
[36.086s] -- Symlinking: /mnt/nova_ssd/workspaces/pcl_ws/install/projected_pcl/share/projected_pcl/package.xml
[36.107s] Invoked command in '/mnt/nova_ssd/workspaces/pcl_ws/build/projected_pcl' returned '0': CMAKE_PREFIX_PATH=/mnt/nova_ssd/workspaces/navigation/install/dwa_main:/mnt/nova_ssd/workspaces/navigation/install/dstar_main:/mnt/nova_ssd/workspaces/navigation/install/costmap_converter:/mnt/nova_ssd/workspaces/navigation/install/costmap_converter_msgs:/mnt/nova_ssd/workspaces/texttopoint_ws/install/point_publisher_pkg:/mnt/nova_ssd/workspaces/kiss-icp_ws/install/kiss_icp:/mnt/nova_ssd/workspaces/3d_lidar/src/ws_livox/install/livox_ros_driver2:/mnt/nova_ssd/workspaces/scout/install/scout_base:/mnt/nova_ssd/workspaces/pcl_ws/install/my_package:/mnt/nova_ssd/workspaces/pcl_ws/install/livox_tf:/opt/ros/humble:/mnt/nova_ssd/workspaces/scout/install/ugv_sdk:/mnt/nova_ssd/workspaces/scout/install/scout_msgs:/mnt/nova_ssd/workspaces/scout/install/scout_description:/mnt/nova_ssd/workspaces/octomap_ws/install/octomap_example:/mnt/nova_ssd/workspaces/pcl_ws/install/projected_pcl:/mnt/nova_ssd/workspaces/pcl_ws/install/pointcloud_to_laserscan:/mnt/nova_ssd/workspaces/pcl_ws/install/pcl_object_detection:/mnt/nova_ssd/workspaces/pcl_ws/install/pcl_filter /usr/bin/cmake --install /mnt/nova_ssd/workspaces/pcl_ws/build/projected_pcl
