[0.026s] Invoking command in '/mnt/nova_ssd/workspaces/scout/build/scout_base': CMAKE_PREFIX_PATH=/opt/ros/humble:/mnt/nova_ssd/workspaces/scout/install/ugv_sdk:/mnt/nova_ssd/workspaces/scout/install/scout_msgs:/mnt/nova_ssd/workspaces/scout/install/scout_base:/mnt/nova_ssd/workspaces/scout/install/scout_description /usr/bin/cmake --build /mnt/nova_ssd/workspaces/scout/build/scout_base -- -j12 -l12
[0.124s] [100%] Built target scout_base_node
[0.144s] Invoked command in '/mnt/nova_ssd/workspaces/scout/build/scout_base' returned '0': CMAKE_PREFIX_PATH=/opt/ros/humble:/mnt/nova_ssd/workspaces/scout/install/ugv_sdk:/mnt/nova_ssd/workspaces/scout/install/scout_msgs:/mnt/nova_ssd/workspaces/scout/install/scout_base:/mnt/nova_ssd/workspaces/scout/install/scout_description /usr/bin/cmake --build /mnt/nova_ssd/workspaces/scout/build/scout_base -- -j12 -l12
[0.188s] Invoking command in '/mnt/nova_ssd/workspaces/scout/build/scout_base': CMAKE_PREFIX_PATH=/opt/ros/humble:/mnt/nova_ssd/workspaces/scout/install/ugv_sdk:/mnt/nova_ssd/workspaces/scout/install/scout_msgs:/mnt/nova_ssd/workspaces/scout/install/scout_base:/mnt/nova_ssd/workspaces/scout/install/scout_description /usr/bin/cmake --install /mnt/nova_ssd/workspaces/scout/build/scout_base
[0.199s] -- Install configuration: ""
[0.200s] -- Up-to-date: /mnt/nova_ssd/workspaces/scout/install/scout_base/lib/scout_base/scout_base_node
[0.200s] -- Up-to-date: /mnt/nova_ssd/workspaces/scout/install/scout_base/share/scout_base//launch
[0.200s] -- Up-to-date: /mnt/nova_ssd/workspaces/scout/install/scout_base/share/scout_base//launch/scout_mini_omni_base.launch.py
[0.200s] -- Installing: /mnt/nova_ssd/workspaces/scout/install/scout_base/share/scout_base//launch/scout_mini_base.launch.py
[0.200s] -- Up-to-date: /mnt/nova_ssd/workspaces/scout/install/scout_base/share/scout_base//launch/scout_base.launch.py
[0.201s] -- Up-to-date: /mnt/nova_ssd/workspaces/scout/install/scout_base/share/ament_index/resource_index/package_run_dependencies/scout_base
[0.201s] -- Up-to-date: /mnt/nova_ssd/workspaces/scout/install/scout_base/share/ament_index/resource_index/parent_prefix_path/scout_base
[0.201s] -- Up-to-date: /mnt/nova_ssd/workspaces/scout/install/scout_base/share/scout_base/environment/ament_prefix_path.sh
[0.201s] -- Up-to-date: /mnt/nova_ssd/workspaces/scout/install/scout_base/share/scout_base/environment/ament_prefix_path.dsv
[0.201s] -- Up-to-date: /mnt/nova_ssd/workspaces/scout/install/scout_base/share/scout_base/environment/path.sh
[0.201s] -- Up-to-date: /mnt/nova_ssd/workspaces/scout/install/scout_base/share/scout_base/environment/path.dsv
[0.201s] -- Up-to-date: /mnt/nova_ssd/workspaces/scout/install/scout_base/share/scout_base/local_setup.bash
[0.201s] -- Up-to-date: /mnt/nova_ssd/workspaces/scout/install/scout_base/share/scout_base/local_setup.sh
[0.202s] -- Up-to-date: /mnt/nova_ssd/workspaces/scout/install/scout_base/share/scout_base/local_setup.zsh
[0.202s] -- Up-to-date: /mnt/nova_ssd/workspaces/scout/install/scout_base/share/scout_base/local_setup.dsv
[0.202s] -- Installing: /mnt/nova_ssd/workspaces/scout/install/scout_base/share/scout_base/package.dsv
[0.202s] -- Up-to-date: /mnt/nova_ssd/workspaces/scout/install/scout_base/share/ament_index/resource_index/packages/scout_base
[0.202s] -- Up-to-date: /mnt/nova_ssd/workspaces/scout/install/scout_base/share/scout_base/cmake/scout_baseConfig.cmake
[0.202s] -- Up-to-date: /mnt/nova_ssd/workspaces/scout/install/scout_base/share/scout_base/cmake/scout_baseConfig-version.cmake
[0.202s] -- Up-to-date: /mnt/nova_ssd/workspaces/scout/install/scout_base/share/scout_base/package.xml
[0.205s] Invoked command in '/mnt/nova_ssd/workspaces/scout/build/scout_base' returned '0': CMAKE_PREFIX_PATH=/opt/ros/humble:/mnt/nova_ssd/workspaces/scout/install/ugv_sdk:/mnt/nova_ssd/workspaces/scout/install/scout_msgs:/mnt/nova_ssd/workspaces/scout/install/scout_base:/mnt/nova_ssd/workspaces/scout/install/scout_description /usr/bin/cmake --install /mnt/nova_ssd/workspaces/scout/build/scout_base
