[0.031s] Invoking command in '/mnt/nova_ssd/workspaces/navigation/build/costmap_converter_msgs': CMAKE_PREFIX_PATH=${CMAKE_PREFIX_PATH}:/opt/ros/humble /usr/bin/cmake --build /mnt/nova_ssd/workspaces/navigation/build/costmap_converter_msgs -- -j12 -l12
[0.111s] [ 10%] Built target costmap_converter_msgs__rosidl_generator_c
[0.115s] [ 12%] Built target costmap_converter_msgs__cpp
[0.128s] [ 12%] Built target ament_cmake_python_copy_costmap_converter_msgs
[0.166s] [ 23%] Built target costmap_converter_msgs__rosidl_typesupport_c
[0.166s] [ 33%] Built target costmap_converter_msgs__rosidl_typesupport_fastrtps_cpp
[0.166s] [ 48%] Built target costmap_converter_msgs__rosidl_typesupport_introspection_c
[0.166s] [ 56%] Built target costmap_converter_msgs__rosidl_typesupport_cpp
[0.166s] [ 64%] Built target costmap_converter_msgs__rosidl_typesupport_introspection_cpp
[0.168s] [ 74%] Built target costmap_converter_msgs__rosidl_typesupport_fastrtps_c
[0.199s] [ 74%] Built target costmap_converter_msgs
[0.239s] [ 76%] Built target costmap_converter_msgs__py
[0.284s] [ 84%] Built target costmap_converter_msgs__rosidl_generator_py
[0.322s] [ 89%] Built target costmap_converter_msgs__rosidl_typesupport_c__pyext
[0.326s] [ 94%] Built target costmap_converter_msgs__rosidl_typesupport_fastrtps_c__pyext
[0.338s] [100%] Built target costmap_converter_msgs__rosidl_typesupport_introspection_c__pyext
[0.570s] running egg_info
[0.572s] writing costmap_converter_msgs.egg-info/PKG-INFO
[0.572s] writing dependency_links to costmap_converter_msgs.egg-info/dependency_links.txt
[0.573s] writing top-level names to costmap_converter_msgs.egg-info/top_level.txt
[0.581s] reading manifest file 'costmap_converter_msgs.egg-info/SOURCES.txt'
[0.581s] writing manifest file 'costmap_converter_msgs.egg-info/SOURCES.txt'
[0.645s] [100%] Built target ament_cmake_python_build_costmap_converter_msgs_egg
[0.667s] Invoked command in '/mnt/nova_ssd/workspaces/navigation/build/costmap_converter_msgs' returned '0': CMAKE_PREFIX_PATH=${CMAKE_PREFIX_PATH}:/opt/ros/humble /usr/bin/cmake --build /mnt/nova_ssd/workspaces/navigation/build/costmap_converter_msgs -- -j12 -l12
[0.784s] Invoking command in '/mnt/nova_ssd/workspaces/navigation/build/costmap_converter_msgs': CMAKE_PREFIX_PATH=${CMAKE_PREFIX_PATH}:/opt/ros/humble /usr/bin/cmake --install /mnt/nova_ssd/workspaces/navigation/build/costmap_converter_msgs
[0.799s] -- Install configuration: ""
[0.800s] -- Up-to-date: /mnt/nova_ssd/workspaces/navigation/install/costmap_converter_msgs/share/ament_index/resource_index/rosidl_interfaces/costmap_converter_msgs
[0.800s] -- Up-to-date: /mnt/nova_ssd/workspaces/navigation/install/costmap_converter_msgs/include/costmap_converter_msgs/costmap_converter_msgs
[0.800s] -- Up-to-date: /mnt/nova_ssd/workspaces/navigation/install/costmap_converter_msgs/include/costmap_converter_msgs/costmap_converter_msgs/msg
[0.800s] -- Up-to-date: /mnt/nova_ssd/workspaces/navigation/install/costmap_converter_msgs/include/costmap_converter_msgs/costmap_converter_msgs/msg/obstacle_msg.h
[0.800s] -- Up-to-date: /mnt/nova_ssd/workspaces/navigation/install/costmap_converter_msgs/include/costmap_converter_msgs/costmap_converter_msgs/msg/detail
[0.800s] -- Up-to-date: /mnt/nova_ssd/workspaces/navigation/install/costmap_converter_msgs/include/costmap_converter_msgs/costmap_converter_msgs/msg/detail/obstacle_msg__functions.h
[0.800s] -- Up-to-date: /mnt/nova_ssd/workspaces/navigation/install/costmap_converter_msgs/include/costmap_converter_msgs/costmap_converter_msgs/msg/detail/obstacle_msg__struct.h
[0.801s] -- Up-to-date: /mnt/nova_ssd/workspaces/navigation/install/costmap_converter_msgs/include/costmap_converter_msgs/costmap_converter_msgs/msg/detail/obstacle_msg__functions.c
[0.801s] -- Up-to-date: /mnt/nova_ssd/workspaces/navigation/install/costmap_converter_msgs/include/costmap_converter_msgs/costmap_converter_msgs/msg/detail/obstacle_array_msg__functions.h
[0.801s] -- Up-to-date: /mnt/nova_ssd/workspaces/navigation/install/costmap_converter_msgs/include/costmap_converter_msgs/costmap_converter_msgs/msg/detail/obstacle_array_msg__struct.h
[0.801s] -- Up-to-date: /mnt/nova_ssd/workspaces/navigation/install/costmap_converter_msgs/include/costmap_converter_msgs/costmap_converter_msgs/msg/detail/obstacle_msg__type_support.h
[0.801s] -- Up-to-date: /mnt/nova_ssd/workspaces/navigation/install/costmap_converter_msgs/include/costmap_converter_msgs/costmap_converter_msgs/msg/detail/obstacle_array_msg__type_support.h
[0.802s] -- Up-to-date: /mnt/nova_ssd/workspaces/navigation/install/costmap_converter_msgs/include/costmap_converter_msgs/costmap_converter_msgs/msg/detail/obstacle_array_msg__functions.c
[0.802s] -- Up-to-date: /mnt/nova_ssd/workspaces/navigation/install/costmap_converter_msgs/include/costmap_converter_msgs/costmap_converter_msgs/msg/rosidl_generator_c__visibility_control.h
[0.802s] -- Up-to-date: /mnt/nova_ssd/workspaces/navigation/install/costmap_converter_msgs/include/costmap_converter_msgs/costmap_converter_msgs/msg/obstacle_array_msg.h
[0.802s] -- Up-to-date: /mnt/nova_ssd/workspaces/navigation/install/costmap_converter_msgs/share/costmap_converter_msgs/environment/library_path.sh
[0.802s] -- Up-to-date: /mnt/nova_ssd/workspaces/navigation/install/costmap_converter_msgs/share/costmap_converter_msgs/environment/library_path.dsv
[0.802s] -- Up-to-date: /mnt/nova_ssd/workspaces/navigation/install/costmap_converter_msgs/lib/libcostmap_converter_msgs__rosidl_generator_c.so
[0.802s] -- Up-to-date: /mnt/nova_ssd/workspaces/navigation/install/costmap_converter_msgs/include/costmap_converter_msgs/costmap_converter_msgs
[0.802s] -- Up-to-date: /mnt/nova_ssd/workspaces/navigation/install/costmap_converter_msgs/include/costmap_converter_msgs/costmap_converter_msgs/msg
[0.803s] -- Up-to-date: /mnt/nova_ssd/workspaces/navigation/install/costmap_converter_msgs/include/costmap_converter_msgs/costmap_converter_msgs/msg/detail
[0.803s] -- Up-to-date: /mnt/nova_ssd/workspaces/navigation/install/costmap_converter_msgs/include/costmap_converter_msgs/costmap_converter_msgs/msg/detail/obstacle_array_msg__rosidl_typesupport_fastrtps_c.h
[0.803s] -- Up-to-date: /mnt/nova_ssd/workspaces/navigation/install/costmap_converter_msgs/include/costmap_converter_msgs/costmap_converter_msgs/msg/detail/obstacle_msg__rosidl_typesupport_fastrtps_c.h
[0.803s] -- Up-to-date: /mnt/nova_ssd/workspaces/navigation/install/costmap_converter_msgs/include/costmap_converter_msgs/costmap_converter_msgs/msg/rosidl_typesupport_fastrtps_c__visibility_control.h
[0.803s] -- Up-to-date: /mnt/nova_ssd/workspaces/navigation/install/costmap_converter_msgs/lib/libcostmap_converter_msgs__rosidl_typesupport_fastrtps_c.so
[0.803s] -- Up-to-date: /mnt/nova_ssd/workspaces/navigation/install/costmap_converter_msgs/include/costmap_converter_msgs/costmap_converter_msgs
[0.803s] -- Up-to-date: /mnt/nova_ssd/workspaces/navigation/install/costmap_converter_msgs/include/costmap_converter_msgs/costmap_converter_msgs/msg
[0.803s] -- Up-to-date: /mnt/nova_ssd/workspaces/navigation/install/costmap_converter_msgs/include/costmap_converter_msgs/costmap_converter_msgs/msg/detail
[0.804s] -- Up-to-date: /mnt/nova_ssd/workspaces/navigation/install/costmap_converter_msgs/include/costmap_converter_msgs/costmap_converter_msgs/msg/detail/obstacle_msg__traits.hpp
[0.804s] -- Up-to-date: /mnt/nova_ssd/workspaces/navigation/install/costmap_converter_msgs/include/costmap_converter_msgs/costmap_converter_msgs/msg/detail/obstacle_msg__builder.hpp
[0.804s] -- Up-to-date: /mnt/nova_ssd/workspaces/navigation/install/costmap_converter_msgs/include/costmap_converter_msgs/costmap_converter_msgs/msg/detail/obstacle_array_msg__struct.hpp
[0.804s] -- Up-to-date: /mnt/nova_ssd/workspaces/navigation/install/costmap_converter_msgs/include/costmap_converter_msgs/costmap_converter_msgs/msg/detail/obstacle_array_msg__builder.hpp
[0.804s] -- Up-to-date: /mnt/nova_ssd/workspaces/navigation/install/costmap_converter_msgs/include/costmap_converter_msgs/costmap_converter_msgs/msg/detail/obstacle_msg__struct.hpp
[0.804s] -- Up-to-date: /mnt/nova_ssd/workspaces/navigation/install/costmap_converter_msgs/include/costmap_converter_msgs/costmap_converter_msgs/msg/detail/obstacle_array_msg__traits.hpp
[0.804s] -- Up-to-date: /mnt/nova_ssd/workspaces/navigation/install/costmap_converter_msgs/include/costmap_converter_msgs/costmap_converter_msgs/msg/obstacle_msg.hpp
[0.804s] -- Up-to-date: /mnt/nova_ssd/workspaces/navigation/install/costmap_converter_msgs/include/costmap_converter_msgs/costmap_converter_msgs/msg/obstacle_array_msg.hpp
[0.804s] -- Up-to-date: /mnt/nova_ssd/workspaces/navigation/install/costmap_converter_msgs/include/costmap_converter_msgs/costmap_converter_msgs
[0.805s] -- Up-to-date: /mnt/nova_ssd/workspaces/navigation/install/costmap_converter_msgs/include/costmap_converter_msgs/costmap_converter_msgs/msg
[0.805s] -- Up-to-date: /mnt/nova_ssd/workspaces/navigation/install/costmap_converter_msgs/include/costmap_converter_msgs/costmap_converter_msgs/msg/detail
[0.805s] -- Up-to-date: /mnt/nova_ssd/workspaces/navigation/install/costmap_converter_msgs/include/costmap_converter_msgs/costmap_converter_msgs/msg/detail/obstacle_array_msg__rosidl_typesupport_fastrtps_cpp.hpp
[0.805s] -- Up-to-date: /mnt/nova_ssd/workspaces/navigation/install/costmap_converter_msgs/include/costmap_converter_msgs/costmap_converter_msgs/msg/detail/obstacle_msg__rosidl_typesupport_fastrtps_cpp.hpp
[0.805s] -- Up-to-date: /mnt/nova_ssd/workspaces/navigation/install/costmap_converter_msgs/include/costmap_converter_msgs/costmap_converter_msgs/msg/detail/dds_fastrtps
[0.805s] -- Up-to-date: /mnt/nova_ssd/workspaces/navigation/install/costmap_converter_msgs/include/costmap_converter_msgs/costmap_converter_msgs/msg/rosidl_typesupport_fastrtps_cpp__visibility_control.h
[0.805s] -- Up-to-date: /mnt/nova_ssd/workspaces/navigation/install/costmap_converter_msgs/lib/libcostmap_converter_msgs__rosidl_typesupport_fastrtps_cpp.so
[0.805s] -- Up-to-date: /mnt/nova_ssd/workspaces/navigation/install/costmap_converter_msgs/include/costmap_converter_msgs/costmap_converter_msgs
[0.806s] -- Up-to-date: /mnt/nova_ssd/workspaces/navigation/install/costmap_converter_msgs/include/costmap_converter_msgs/costmap_converter_msgs/msg
[0.806s] -- Up-to-date: /mnt/nova_ssd/workspaces/navigation/install/costmap_converter_msgs/include/costmap_converter_msgs/costmap_converter_msgs/msg/detail
[0.806s] -- Up-to-date: /mnt/nova_ssd/workspaces/navigation/install/costmap_converter_msgs/include/costmap_converter_msgs/costmap_converter_msgs/msg/detail/obstacle_msg__rosidl_typesupport_introspection_c.h
[0.806s] -- Up-to-date: /mnt/nova_ssd/workspaces/navigation/install/costmap_converter_msgs/include/costmap_converter_msgs/costmap_converter_msgs/msg/detail/obstacle_msg__type_support.c
[0.806s] -- Up-to-date: /mnt/nova_ssd/workspaces/navigation/install/costmap_converter_msgs/include/costmap_converter_msgs/costmap_converter_msgs/msg/detail/obstacle_array_msg__rosidl_typesupport_introspection_c.h
[0.806s] -- Up-to-date: /mnt/nova_ssd/workspaces/navigation/install/costmap_converter_msgs/include/costmap_converter_msgs/costmap_converter_msgs/msg/detail/obstacle_array_msg__type_support.c
[0.806s] -- Up-to-date: /mnt/nova_ssd/workspaces/navigation/install/costmap_converter_msgs/include/costmap_converter_msgs/costmap_converter_msgs/msg/rosidl_typesupport_introspection_c__visibility_control.h
[0.806s] -- Up-to-date: /mnt/nova_ssd/workspaces/navigation/install/costmap_converter_msgs/lib/libcostmap_converter_msgs__rosidl_typesupport_introspection_c.so
[0.806s] -- Up-to-date: /mnt/nova_ssd/workspaces/navigation/install/costmap_converter_msgs/lib/libcostmap_converter_msgs__rosidl_typesupport_c.so
[0.806s] -- Up-to-date: /mnt/nova_ssd/workspaces/navigation/install/costmap_converter_msgs/include/costmap_converter_msgs/costmap_converter_msgs
[0.806s] -- Up-to-date: /mnt/nova_ssd/workspaces/navigation/install/costmap_converter_msgs/include/costmap_converter_msgs/costmap_converter_msgs/msg
[0.807s] -- Up-to-date: /mnt/nova_ssd/workspaces/navigation/install/costmap_converter_msgs/include/costmap_converter_msgs/costmap_converter_msgs/msg/detail
[0.807s] -- Up-to-date: /mnt/nova_ssd/workspaces/navigation/install/costmap_converter_msgs/include/costmap_converter_msgs/costmap_converter_msgs/msg/detail/obstacle_array_msg__type_support.cpp
[0.807s] -- Up-to-date: /mnt/nova_ssd/workspaces/navigation/install/costmap_converter_msgs/include/costmap_converter_msgs/costmap_converter_msgs/msg/detail/obstacle_msg__rosidl_typesupport_introspection_cpp.hpp
[0.807s] -- Up-to-date: /mnt/nova_ssd/workspaces/navigation/install/costmap_converter_msgs/include/costmap_converter_msgs/costmap_converter_msgs/msg/detail/obstacle_array_msg__rosidl_typesupport_introspection_cpp.hpp
[0.807s] -- Up-to-date: /mnt/nova_ssd/workspaces/navigation/install/costmap_converter_msgs/include/costmap_converter_msgs/costmap_converter_msgs/msg/detail/obstacle_msg__type_support.cpp
[0.807s] -- Up-to-date: /mnt/nova_ssd/workspaces/navigation/install/costmap_converter_msgs/lib/libcostmap_converter_msgs__rosidl_typesupport_introspection_cpp.so
[0.808s] -- Up-to-date: /mnt/nova_ssd/workspaces/navigation/install/costmap_converter_msgs/lib/libcostmap_converter_msgs__rosidl_typesupport_cpp.so
[0.808s] -- Up-to-date: /mnt/nova_ssd/workspaces/navigation/install/costmap_converter_msgs/share/costmap_converter_msgs/environment/pythonpath.sh
[0.808s] -- Up-to-date: /mnt/nova_ssd/workspaces/navigation/install/costmap_converter_msgs/share/costmap_converter_msgs/environment/pythonpath.dsv
[0.808s] -- Up-to-date: /mnt/nova_ssd/workspaces/navigation/install/costmap_converter_msgs/local/lib/python3.10/dist-packages/costmap_converter_msgs-0.1.2-py3.10.egg-info
[0.808s] -- Installing: /mnt/nova_ssd/workspaces/navigation/install/costmap_converter_msgs/local/lib/python3.10/dist-packages/costmap_converter_msgs-0.1.2-py3.10.egg-info/PKG-INFO
[0.808s] -- Installing: /mnt/nova_ssd/workspaces/navigation/install/costmap_converter_msgs/local/lib/python3.10/dist-packages/costmap_converter_msgs-0.1.2-py3.10.egg-info/dependency_links.txt
[0.808s] -- Installing: /mnt/nova_ssd/workspaces/navigation/install/costmap_converter_msgs/local/lib/python3.10/dist-packages/costmap_converter_msgs-0.1.2-py3.10.egg-info/SOURCES.txt
[0.808s] -- Installing: /mnt/nova_ssd/workspaces/navigation/install/costmap_converter_msgs/local/lib/python3.10/dist-packages/costmap_converter_msgs-0.1.2-py3.10.egg-info/top_level.txt
[0.808s] -- Up-to-date: /mnt/nova_ssd/workspaces/navigation/install/costmap_converter_msgs/local/lib/python3.10/dist-packages/costmap_converter_msgs
[0.809s] -- Up-to-date: /mnt/nova_ssd/workspaces/navigation/install/costmap_converter_msgs/local/lib/python3.10/dist-packages/costmap_converter_msgs/libcostmap_converter_msgs__rosidl_generator_py.so
[0.809s] -- Up-to-date: /mnt/nova_ssd/workspaces/navigation/install/costmap_converter_msgs/local/lib/python3.10/dist-packages/costmap_converter_msgs/_costmap_converter_msgs_s.ep.rosidl_typesupport_introspection_c.c
[0.809s] -- Up-to-date: /mnt/nova_ssd/workspaces/navigation/install/costmap_converter_msgs/local/lib/python3.10/dist-packages/costmap_converter_msgs/costmap_converter_msgs_s__rosidl_typesupport_fastrtps_c.cpython-310-aarch64-linux-gnu.so
[0.809s] -- Up-to-date: /mnt/nova_ssd/workspaces/navigation/install/costmap_converter_msgs/local/lib/python3.10/dist-packages/costmap_converter_msgs/costmap_converter_msgs_s__rosidl_typesupport_introspection_c.cpython-310-aarch64-linux-gnu.so
[0.809s] -- Up-to-date: /mnt/nova_ssd/workspaces/navigation/install/costmap_converter_msgs/local/lib/python3.10/dist-packages/costmap_converter_msgs/_costmap_converter_msgs_s.ep.rosidl_typesupport_c.c
[0.809s] -- Up-to-date: /mnt/nova_ssd/workspaces/navigation/install/costmap_converter_msgs/local/lib/python3.10/dist-packages/costmap_converter_msgs/msg
[0.809s] -- Up-to-date: /mnt/nova_ssd/workspaces/navigation/install/costmap_converter_msgs/local/lib/python3.10/dist-packages/costmap_converter_msgs/msg/_obstacle_array_msg_s.c
[0.809s] -- Up-to-date: /mnt/nova_ssd/workspaces/navigation/install/costmap_converter_msgs/local/lib/python3.10/dist-packages/costmap_converter_msgs/msg/_obstacle_array_msg.py
[0.809s] -- Up-to-date: /mnt/nova_ssd/workspaces/navigation/install/costmap_converter_msgs/local/lib/python3.10/dist-packages/costmap_converter_msgs/msg/_obstacle_msg_s.c
[0.809s] -- Up-to-date: /mnt/nova_ssd/workspaces/navigation/install/costmap_converter_msgs/local/lib/python3.10/dist-packages/costmap_converter_msgs/msg/_obstacle_msg.py
[0.809s] -- Up-to-date: /mnt/nova_ssd/workspaces/navigation/install/costmap_converter_msgs/local/lib/python3.10/dist-packages/costmap_converter_msgs/msg/__init__.py
[0.810s] -- Up-to-date: /mnt/nova_ssd/workspaces/navigation/install/costmap_converter_msgs/local/lib/python3.10/dist-packages/costmap_converter_msgs/costmap_converter_msgs_s__rosidl_typesupport_c.cpython-310-aarch64-linux-gnu.so
[0.810s] -- Up-to-date: /mnt/nova_ssd/workspaces/navigation/install/costmap_converter_msgs/local/lib/python3.10/dist-packages/costmap_converter_msgs/__init__.py
[0.810s] -- Up-to-date: /mnt/nova_ssd/workspaces/navigation/install/costmap_converter_msgs/local/lib/python3.10/dist-packages/costmap_converter_msgs/_costmap_converter_msgs_s.ep.rosidl_typesupport_fastrtps_c.c
[0.861s] Listing '/mnt/nova_ssd/workspaces/navigation/install/costmap_converter_msgs/local/lib/python3.10/dist-packages/costmap_converter_msgs'...
[0.861s] Listing '/mnt/nova_ssd/workspaces/navigation/install/costmap_converter_msgs/local/lib/python3.10/dist-packages/costmap_converter_msgs/msg'...
[0.872s] -- Up-to-date: /mnt/nova_ssd/workspaces/navigation/install/costmap_converter_msgs/local/lib/python3.10/dist-packages/costmap_converter_msgs/costmap_converter_msgs_s__rosidl_typesupport_fastrtps_c.cpython-310-aarch64-linux-gnu.so
[0.872s] -- Up-to-date: /mnt/nova_ssd/workspaces/navigation/install/costmap_converter_msgs/local/lib/python3.10/dist-packages/costmap_converter_msgs/costmap_converter_msgs_s__rosidl_typesupport_introspection_c.cpython-310-aarch64-linux-gnu.so
[0.873s] -- Up-to-date: /mnt/nova_ssd/workspaces/navigation/install/costmap_converter_msgs/local/lib/python3.10/dist-packages/costmap_converter_msgs/costmap_converter_msgs_s__rosidl_typesupport_c.cpython-310-aarch64-linux-gnu.so
[0.873s] -- Up-to-date: /mnt/nova_ssd/workspaces/navigation/install/costmap_converter_msgs/lib/libcostmap_converter_msgs__rosidl_generator_py.so
[0.873s] -- Up-to-date: /mnt/nova_ssd/workspaces/navigation/install/costmap_converter_msgs/share/costmap_converter_msgs/msg/ObstacleMsg.idl
[0.874s] -- Up-to-date: /mnt/nova_ssd/workspaces/navigation/install/costmap_converter_msgs/share/costmap_converter_msgs/msg/ObstacleArrayMsg.idl
[0.874s] -- Up-to-date: /mnt/nova_ssd/workspaces/navigation/install/costmap_converter_msgs/share/costmap_converter_msgs/msg/ObstacleMsg.msg
[0.874s] -- Up-to-date: /mnt/nova_ssd/workspaces/navigation/install/costmap_converter_msgs/share/costmap_converter_msgs/msg/ObstacleArrayMsg.msg
[0.874s] -- Up-to-date: /mnt/nova_ssd/workspaces/navigation/install/costmap_converter_msgs/share/ament_index/resource_index/package_run_dependencies/costmap_converter_msgs
[0.874s] -- Up-to-date: /mnt/nova_ssd/workspaces/navigation/install/costmap_converter_msgs/share/ament_index/resource_index/parent_prefix_path/costmap_converter_msgs
[0.874s] -- Up-to-date: /mnt/nova_ssd/workspaces/navigation/install/costmap_converter_msgs/share/costmap_converter_msgs/environment/ament_prefix_path.sh
[0.874s] -- Up-to-date: /mnt/nova_ssd/workspaces/navigation/install/costmap_converter_msgs/share/costmap_converter_msgs/environment/ament_prefix_path.dsv
[0.874s] -- Up-to-date: /mnt/nova_ssd/workspaces/navigation/install/costmap_converter_msgs/share/costmap_converter_msgs/environment/path.sh
[0.874s] -- Up-to-date: /mnt/nova_ssd/workspaces/navigation/install/costmap_converter_msgs/share/costmap_converter_msgs/environment/path.dsv
[0.875s] -- Up-to-date: /mnt/nova_ssd/workspaces/navigation/install/costmap_converter_msgs/share/costmap_converter_msgs/local_setup.bash
[0.875s] -- Up-to-date: /mnt/nova_ssd/workspaces/navigation/install/costmap_converter_msgs/share/costmap_converter_msgs/local_setup.sh
[0.875s] -- Up-to-date: /mnt/nova_ssd/workspaces/navigation/install/costmap_converter_msgs/share/costmap_converter_msgs/local_setup.zsh
[0.875s] -- Up-to-date: /mnt/nova_ssd/workspaces/navigation/install/costmap_converter_msgs/share/costmap_converter_msgs/local_setup.dsv
[0.875s] -- Installing: /mnt/nova_ssd/workspaces/navigation/install/costmap_converter_msgs/share/costmap_converter_msgs/package.dsv
[0.875s] -- Up-to-date: /mnt/nova_ssd/workspaces/navigation/install/costmap_converter_msgs/share/ament_index/resource_index/packages/costmap_converter_msgs
[0.876s] -- Up-to-date: /mnt/nova_ssd/workspaces/navigation/install/costmap_converter_msgs/share/costmap_converter_msgs/cmake/export_costmap_converter_msgs__rosidl_generator_cExport.cmake
[0.876s] -- Up-to-date: /mnt/nova_ssd/workspaces/navigation/install/costmap_converter_msgs/share/costmap_converter_msgs/cmake/export_costmap_converter_msgs__rosidl_generator_cExport-noconfig.cmake
[0.876s] -- Up-to-date: /mnt/nova_ssd/workspaces/navigation/install/costmap_converter_msgs/share/costmap_converter_msgs/cmake/export_costmap_converter_msgs__rosidl_typesupport_fastrtps_cExport.cmake
[0.876s] -- Up-to-date: /mnt/nova_ssd/workspaces/navigation/install/costmap_converter_msgs/share/costmap_converter_msgs/cmake/export_costmap_converter_msgs__rosidl_typesupport_fastrtps_cExport-noconfig.cmake
[0.876s] -- Up-to-date: /mnt/nova_ssd/workspaces/navigation/install/costmap_converter_msgs/share/costmap_converter_msgs/cmake/export_costmap_converter_msgs__rosidl_generator_cppExport.cmake
[0.876s] -- Up-to-date: /mnt/nova_ssd/workspaces/navigation/install/costmap_converter_msgs/share/costmap_converter_msgs/cmake/export_costmap_converter_msgs__rosidl_typesupport_fastrtps_cppExport.cmake
[0.877s] -- Up-to-date: /mnt/nova_ssd/workspaces/navigation/install/costmap_converter_msgs/share/costmap_converter_msgs/cmake/export_costmap_converter_msgs__rosidl_typesupport_fastrtps_cppExport-noconfig.cmake
[0.877s] -- Up-to-date: /mnt/nova_ssd/workspaces/navigation/install/costmap_converter_msgs/share/costmap_converter_msgs/cmake/costmap_converter_msgs__rosidl_typesupport_introspection_cExport.cmake
[0.877s] -- Up-to-date: /mnt/nova_ssd/workspaces/navigation/install/costmap_converter_msgs/share/costmap_converter_msgs/cmake/costmap_converter_msgs__rosidl_typesupport_introspection_cExport-noconfig.cmake
[0.877s] -- Up-to-date: /mnt/nova_ssd/workspaces/navigation/install/costmap_converter_msgs/share/costmap_converter_msgs/cmake/costmap_converter_msgs__rosidl_typesupport_cExport.cmake
[0.877s] -- Up-to-date: /mnt/nova_ssd/workspaces/navigation/install/costmap_converter_msgs/share/costmap_converter_msgs/cmake/costmap_converter_msgs__rosidl_typesupport_cExport-noconfig.cmake
[0.877s] -- Up-to-date: /mnt/nova_ssd/workspaces/navigation/install/costmap_converter_msgs/share/costmap_converter_msgs/cmake/costmap_converter_msgs__rosidl_typesupport_introspection_cppExport.cmake
[0.877s] -- Up-to-date: /mnt/nova_ssd/workspaces/navigation/install/costmap_converter_msgs/share/costmap_converter_msgs/cmake/costmap_converter_msgs__rosidl_typesupport_introspection_cppExport-noconfig.cmake
[0.877s] -- Up-to-date: /mnt/nova_ssd/workspaces/navigation/install/costmap_converter_msgs/share/costmap_converter_msgs/cmake/costmap_converter_msgs__rosidl_typesupport_cppExport.cmake
[0.877s] -- Up-to-date: /mnt/nova_ssd/workspaces/navigation/install/costmap_converter_msgs/share/costmap_converter_msgs/cmake/costmap_converter_msgs__rosidl_typesupport_cppExport-noconfig.cmake
[0.878s] -- Up-to-date: /mnt/nova_ssd/workspaces/navigation/install/costmap_converter_msgs/share/costmap_converter_msgs/cmake/export_costmap_converter_msgs__rosidl_generator_pyExport.cmake
[0.878s] -- Up-to-date: /mnt/nova_ssd/workspaces/navigation/install/costmap_converter_msgs/share/costmap_converter_msgs/cmake/export_costmap_converter_msgs__rosidl_generator_pyExport-noconfig.cmake
[0.878s] -- Up-to-date: /mnt/nova_ssd/workspaces/navigation/install/costmap_converter_msgs/share/costmap_converter_msgs/cmake/rosidl_cmake-extras.cmake
[0.878s] -- Up-to-date: /mnt/nova_ssd/workspaces/navigation/install/costmap_converter_msgs/share/costmap_converter_msgs/cmake/ament_cmake_export_dependencies-extras.cmake
[0.878s] -- Up-to-date: /mnt/nova_ssd/workspaces/navigation/install/costmap_converter_msgs/share/costmap_converter_msgs/cmake/ament_cmake_export_include_directories-extras.cmake
[0.878s] -- Up-to-date: /mnt/nova_ssd/workspaces/navigation/install/costmap_converter_msgs/share/costmap_converter_msgs/cmake/ament_cmake_export_libraries-extras.cmake
[0.878s] -- Up-to-date: /mnt/nova_ssd/workspaces/navigation/install/costmap_converter_msgs/share/costmap_converter_msgs/cmake/ament_cmake_export_targets-extras.cmake
[0.878s] -- Up-to-date: /mnt/nova_ssd/workspaces/navigation/install/costmap_converter_msgs/share/costmap_converter_msgs/cmake/rosidl_cmake_export_typesupport_targets-extras.cmake
[0.878s] -- Up-to-date: /mnt/nova_ssd/workspaces/navigation/install/costmap_converter_msgs/share/costmap_converter_msgs/cmake/rosidl_cmake_export_typesupport_libraries-extras.cmake
[0.878s] -- Up-to-date: /mnt/nova_ssd/workspaces/navigation/install/costmap_converter_msgs/share/costmap_converter_msgs/cmake/costmap_converter_msgsConfig.cmake
[0.878s] -- Up-to-date: /mnt/nova_ssd/workspaces/navigation/install/costmap_converter_msgs/share/costmap_converter_msgs/cmake/costmap_converter_msgsConfig-version.cmake
[0.879s] -- Up-to-date: /mnt/nova_ssd/workspaces/navigation/install/costmap_converter_msgs/share/costmap_converter_msgs/package.xml
[0.887s] Invoked command in '/mnt/nova_ssd/workspaces/navigation/build/costmap_converter_msgs' returned '0': CMAKE_PREFIX_PATH=${CMAKE_PREFIX_PATH}:/opt/ros/humble /usr/bin/cmake --install /mnt/nova_ssd/workspaces/navigation/build/costmap_converter_msgs
