[0.023s] Invoking command in '/mnt/nova_ssd/workspaces/scout/build/scout_base': AMENT_PREFIX_PATH=/mnt/nova_ssd/workspaces/scout/install/scout_msgs:${AMENT_PREFIX_PATH} CMAKE_PREFIX_PATH=/opt/ros/humble:/mnt/nova_ssd/workspaces/scout/install/ugv_sdk:/mnt/nova_ssd/workspaces/scout/install/scout_msgs LD_LIBRARY_PATH=/mnt/nova_ssd/workspaces/scout/install/scout_msgs/lib:${LD_LIBRARY_PATH} PKG_CONFIG_PATH=/mnt/nova_ssd/workspaces/scout/install/ugv_sdk/lib/aarch64-linux-gnu/pkgconfig:/mnt/nova_ssd/workspaces/scout/install/ugv_sdk/lib/pkgconfig PYTHONPATH=/mnt/nova_ssd/workspaces/scout/install/scout_msgs/local/lib/python3.10/dist-packages:${PYTHONPATH} ROS_PACKAGE_PATH=/mnt/nova_ssd/workspaces/scout/install/ugv_sdk/share /usr/bin/cmake --build /mnt/nova_ssd/workspaces/scout/build/scout_base -- -j12 -l12
[0.091s] -- Found ament_cmake: 1.3.9 (/opt/ros/humble/share/ament_cmake/cmake)
[0.310s] -- Found rclcpp: 16.0.9 (/opt/ros/humble/share/rclcpp/cmake)
[0.375s] -- Found rosidl_generator_c: 3.1.5 (/opt/ros/humble/share/rosidl_generator_c/cmake)
[0.379s] -- Found rosidl_adapter: 3.1.5 (/opt/ros/humble/share/rosidl_adapter/cmake)
[0.388s] -- Found rosidl_generator_cpp: 3.1.5 (/opt/ros/humble/share/rosidl_generator_cpp/cmake)
[0.404s] -- Using all available rosidl_typesupport_c: rosidl_typesupport_fastrtps_c;rosidl_typesupport_introspection_c
[0.425s] -- Using all available rosidl_typesupport_cpp: rosidl_typesupport_fastrtps_cpp;rosidl_typesupport_introspection_cpp
[0.525s] -- Found rmw_implementation_cmake: 6.1.2 (/opt/ros/humble/share/rmw_implementation_cmake/cmake)
[0.530s] -- Found rmw_fastrtps_cpp: 6.2.6 (/opt/ros/humble/share/rmw_fastrtps_cpp/cmake)
[0.717s] -- Using RMW implementation 'rmw_fastrtps_cpp' as default
[0.936s] -- Found geometry_msgs: 4.2.4 (/opt/ros/humble/share/geometry_msgs/cmake)
[0.997s] -- Found nav_msgs: 4.2.4 (/opt/ros/humble/share/nav_msgs/cmake)
[1.107s] -- Found sensor_msgs: 4.2.4 (/opt/ros/humble/share/sensor_msgs/cmake)
[1.217s] -- Found tf2: 0.25.7 (/opt/ros/humble/share/tf2/cmake)
[1.231s] -- Found tf2_ros: 0.25.7 (/opt/ros/humble/share/tf2_ros/cmake)
[1.677s] -- Found tf2_geometry_msgs: 0.25.7 (/opt/ros/humble/share/tf2_geometry_msgs/cmake)
[1.685s] -- Found eigen3_cmake_module: 0.1.1 (/opt/ros/humble/share/eigen3_cmake_module/cmake)
[1.687s] -- Ensuring Eigen3 include directory is part of orocos-kdl CMake target
[1.699s] -- Found scout_msgs: 0.1.0 (/mnt/nova_ssd/workspaces/scout/install/scout_msgs/share/scout_msgs/cmake)
[1.773s] -- Found ament_lint_auto: 0.12.11 (/opt/ros/humble/share/ament_lint_auto/cmake)
[1.886s] -- Added test 'copyright' to check source files copyright and LICENSE
[1.887s] -- Added test 'cppcheck' to perform static code analysis on C / C++ code
[1.888s] -- Configured cppcheck include dirs: /mnt/nova_ssd/workspaces/scout/src/scout_ros2/scout_base/include
[1.888s] -- Configured cppcheck exclude dirs and/or files: 
[1.889s] -- Added test 'cpplint' to check C / C++ code against the Google style
[1.889s] -- Configured cpplint exclude dirs and/or files: 
[1.889s] -- Added test 'flake8' to check Python code syntax and style conventions
[1.890s] -- Added test 'lint_cmake' to check CMake code style
[1.890s] -- Added test 'pep257' to check Python code against some of the docstring style conventions in PEP 257
[1.891s] -- Added test 'uncrustify' to check C / C++ code style
[1.891s] -- Configured uncrustify additional arguments: 
[1.892s] -- Added test 'xmllint' to check XML markup files
[1.893s] -- Configuring done
[1.918s] -- Generating done
[1.921s] -- Build files have been written to: /mnt/nova_ssd/workspaces/scout/build/scout_base
[1.973s] [35m[1mConsolidate compiler generated dependencies of target scout_base_node[0m
[2.042s] [ 33%] [32mBuilding CXX object CMakeFiles/scout_base_node.dir/src/scout_base_ros.cpp.o[0m
[2.044s] [ 66%] [32mBuilding CXX object CMakeFiles/scout_base_node.dir/src/scout_base_node.cpp.o[0m
[26.167s] [100%] [32m[1mLinking CXX executable scout_base_node[0m
[27.582s] [100%] Built target scout_base_node
[27.606s] Invoked command in '/mnt/nova_ssd/workspaces/scout/build/scout_base' returned '0': AMENT_PREFIX_PATH=/mnt/nova_ssd/workspaces/scout/install/scout_msgs:${AMENT_PREFIX_PATH} CMAKE_PREFIX_PATH=/opt/ros/humble:/mnt/nova_ssd/workspaces/scout/install/ugv_sdk:/mnt/nova_ssd/workspaces/scout/install/scout_msgs LD_LIBRARY_PATH=/mnt/nova_ssd/workspaces/scout/install/scout_msgs/lib:${LD_LIBRARY_PATH} PKG_CONFIG_PATH=/mnt/nova_ssd/workspaces/scout/install/ugv_sdk/lib/aarch64-linux-gnu/pkgconfig:/mnt/nova_ssd/workspaces/scout/install/ugv_sdk/lib/pkgconfig PYTHONPATH=/mnt/nova_ssd/workspaces/scout/install/scout_msgs/local/lib/python3.10/dist-packages:${PYTHONPATH} ROS_PACKAGE_PATH=/mnt/nova_ssd/workspaces/scout/install/ugv_sdk/share /usr/bin/cmake --build /mnt/nova_ssd/workspaces/scout/build/scout_base -- -j12 -l12
[27.655s] Invoking command in '/mnt/nova_ssd/workspaces/scout/build/scout_base': AMENT_PREFIX_PATH=/mnt/nova_ssd/workspaces/scout/install/scout_msgs:${AMENT_PREFIX_PATH} CMAKE_PREFIX_PATH=/opt/ros/humble:/mnt/nova_ssd/workspaces/scout/install/ugv_sdk:/mnt/nova_ssd/workspaces/scout/install/scout_msgs LD_LIBRARY_PATH=/mnt/nova_ssd/workspaces/scout/install/scout_msgs/lib:${LD_LIBRARY_PATH} PKG_CONFIG_PATH=/mnt/nova_ssd/workspaces/scout/install/ugv_sdk/lib/aarch64-linux-gnu/pkgconfig:/mnt/nova_ssd/workspaces/scout/install/ugv_sdk/lib/pkgconfig PYTHONPATH=/mnt/nova_ssd/workspaces/scout/install/scout_msgs/local/lib/python3.10/dist-packages:${PYTHONPATH} ROS_PACKAGE_PATH=/mnt/nova_ssd/workspaces/scout/install/ugv_sdk/share /usr/bin/cmake --install /mnt/nova_ssd/workspaces/scout/build/scout_base
[27.667s] -- Install configuration: ""
[27.667s] -- Installing: /mnt/nova_ssd/workspaces/scout/install/scout_base/lib/scout_base/scout_base_node
[27.680s] -- Set runtime path of "/mnt/nova_ssd/workspaces/scout/install/scout_base/lib/scout_base/scout_base_node" to ""
[27.681s] -- Up-to-date: /mnt/nova_ssd/workspaces/scout/install/scout_base/share/scout_base//launch
[27.681s] -- Installing: /mnt/nova_ssd/workspaces/scout/install/scout_base/share/scout_base//launch/scout_mini_omni_base.launch.py
[27.681s] -- Installing: /mnt/nova_ssd/workspaces/scout/install/scout_base/share/scout_base//launch/scout_mini_base.launch.py
[27.681s] -- Installing: /mnt/nova_ssd/workspaces/scout/install/scout_base/share/scout_base//launch/scout_base.launch.py
[27.681s] -- Installing: /mnt/nova_ssd/workspaces/scout/install/scout_base/share/ament_index/resource_index/package_run_dependencies/scout_base
[27.681s] -- Installing: /mnt/nova_ssd/workspaces/scout/install/scout_base/share/ament_index/resource_index/parent_prefix_path/scout_base
[27.681s] -- Installing: /mnt/nova_ssd/workspaces/scout/install/scout_base/share/scout_base/environment/ament_prefix_path.sh
[27.682s] -- Installing: /mnt/nova_ssd/workspaces/scout/install/scout_base/share/scout_base/environment/ament_prefix_path.dsv
[27.682s] -- Installing: /mnt/nova_ssd/workspaces/scout/install/scout_base/share/scout_base/environment/path.sh
[27.682s] -- Installing: /mnt/nova_ssd/workspaces/scout/install/scout_base/share/scout_base/environment/path.dsv
[27.683s] -- Installing: /mnt/nova_ssd/workspaces/scout/install/scout_base/share/scout_base/local_setup.bash
[27.683s] -- Installing: /mnt/nova_ssd/workspaces/scout/install/scout_base/share/scout_base/local_setup.sh
[27.683s] -- Installing: /mnt/nova_ssd/workspaces/scout/install/scout_base/share/scout_base/local_setup.zsh
[27.683s] -- Installing: /mnt/nova_ssd/workspaces/scout/install/scout_base/share/scout_base/local_setup.dsv
[27.683s] -- Installing: /mnt/nova_ssd/workspaces/scout/install/scout_base/share/scout_base/package.dsv
[27.683s] -- Installing: /mnt/nova_ssd/workspaces/scout/install/scout_base/share/ament_index/resource_index/packages/scout_base
[27.684s] -- Installing: /mnt/nova_ssd/workspaces/scout/install/scout_base/share/scout_base/cmake/scout_baseConfig.cmake
[27.684s] -- Installing: /mnt/nova_ssd/workspaces/scout/install/scout_base/share/scout_base/cmake/scout_baseConfig-version.cmake
[27.684s] -- Installing: /mnt/nova_ssd/workspaces/scout/install/scout_base/share/scout_base/package.xml
[27.689s] Invoked command in '/mnt/nova_ssd/workspaces/scout/build/scout_base' returned '0': AMENT_PREFIX_PATH=/mnt/nova_ssd/workspaces/scout/install/scout_msgs:${AMENT_PREFIX_PATH} CMAKE_PREFIX_PATH=/opt/ros/humble:/mnt/nova_ssd/workspaces/scout/install/ugv_sdk:/mnt/nova_ssd/workspaces/scout/install/scout_msgs LD_LIBRARY_PATH=/mnt/nova_ssd/workspaces/scout/install/scout_msgs/lib:${LD_LIBRARY_PATH} PKG_CONFIG_PATH=/mnt/nova_ssd/workspaces/scout/install/ugv_sdk/lib/aarch64-linux-gnu/pkgconfig:/mnt/nova_ssd/workspaces/scout/install/ugv_sdk/lib/pkgconfig PYTHONPATH=/mnt/nova_ssd/workspaces/scout/install/scout_msgs/local/lib/python3.10/dist-packages:${PYTHONPATH} ROS_PACKAGE_PATH=/mnt/nova_ssd/workspaces/scout/install/ugv_sdk/share /usr/bin/cmake --install /mnt/nova_ssd/workspaces/scout/build/scout_base
