[0.194s] DEBUG:colcon:Command line arguments: ['/usr/bin/colcon', 'build']
[0.195s] DEBUG:colcon:Parsed command line arguments: Namespace(log_base=None, log_level=None, verb_name='build', build_base='build', install_base='install', merge_install=False, symlink_install=False, test_result_base=None, continue_on_error=False, executor='parallel', parallel_workers=12, event_handlers=None, ignore_user_meta=False, metas=['./colcon.meta'], base_paths=['.'], packages_ignore=None, packages_ignore_regex=None, paths=None, packages_up_to=None, packages_up_to_regex=None, packages_above=None, packages_above_and_dependencies=None, packages_above_depth=None, packages_select_by_dep=None, packages_skip_by_dep=None, packages_skip_up_to=None, packages_select_build_failed=False, packages_skip_build_finished=False, packages_select_test_failures=False, packages_skip_test_passed=False, packages_select=None, packages_skip=None, packages_select_regex=None, packages_skip_regex=None, packages_start=None, packages_end=None, allow_overriding=[], cmake_args=None, cmake_target=None, cmake_target_skip_unavailable=False, cmake_clean_cache=False, cmake_clean_first=False, cmake_force_configure=False, ament_cmake_args=None, catkin_cmake_args=None, catkin_skip_building_tests=False, mixin_files=None, mixin=None, verb_parser=<colcon_mixin.mixin.mixin_argument.MixinArgumentDecorator object at 0xffff80956a40>, verb_extension=<colcon_core.verb.build.BuildVerb object at 0xffff80a6f160>, main=<bound method BuildVerb.main of <colcon_core.verb.build.BuildVerb object at 0xffff80a6f160>>, mixin_verb=('build',))
[0.465s] Level 1:colcon.colcon_core.package_discovery:discover_packages(colcon_meta) check parameters
[0.466s] Level 1:colcon.colcon_core.package_discovery:discover_packages(recursive) check parameters
[0.467s] Level 1:colcon.colcon_core.package_discovery:discover_packages(ignore) check parameters
[0.467s] Level 1:colcon.colcon_core.package_discovery:discover_packages(path) check parameters
[0.467s] Level 1:colcon.colcon_core.package_discovery:discover_packages(colcon_meta) discover
[0.468s] Level 1:colcon.colcon_core.package_discovery:discover_packages(recursive) discover
[0.468s] INFO:colcon.colcon_core.package_discovery:Crawling recursively for packages in '/mnt/nova_ssd/workspaces/ai_reconstruction_ws'
[0.468s] Level 1:colcon.colcon_core.package_identification:_identify(.) by extensions ['ignore', 'ignore_ament_install']
[0.469s] Level 1:colcon.colcon_core.package_identification:_identify(.) by extension 'ignore'
[0.470s] Level 1:colcon.colcon_core.package_identification:_identify(.) by extension 'ignore_ament_install'
[0.470s] Level 1:colcon.colcon_core.package_identification:_identify(.) by extensions ['colcon_pkg']
[0.470s] Level 1:colcon.colcon_core.package_identification:_identify(.) by extension 'colcon_pkg'
[0.471s] Level 1:colcon.colcon_core.package_identification:_identify(.) by extensions ['colcon_meta']
[0.471s] Level 1:colcon.colcon_core.package_identification:_identify(.) by extension 'colcon_meta'
[0.471s] Level 1:colcon.colcon_core.package_identification:_identify(.) by extensions ['ros']
[0.472s] Level 1:colcon.colcon_core.package_identification:_identify(.) by extension 'ros'
[0.492s] Level 1:colcon.colcon_core.package_identification:_identify(.) by extensions ['cmake', 'python']
[0.492s] Level 1:colcon.colcon_core.package_identification:_identify(.) by extension 'cmake'
[0.493s] Level 1:colcon.colcon_core.package_identification:_identify(.) by extension 'python'
[0.493s] Level 1:colcon.colcon_core.package_identification:_identify(.) by extensions ['python_setup_py']
[0.493s] Level 1:colcon.colcon_core.package_identification:_identify(.) by extension 'python_setup_py'
[0.494s] Level 1:colcon.colcon_core.package_identification:_identify(build) by extensions ['ignore', 'ignore_ament_install']
[0.494s] Level 1:colcon.colcon_core.package_identification:_identify(build) by extension 'ignore'
[0.495s] Level 1:colcon.colcon_core.package_identification:_identify(build) ignored
[0.495s] Level 1:colcon.colcon_core.package_identification:_identify(install) by extensions ['ignore', 'ignore_ament_install']
[0.496s] Level 1:colcon.colcon_core.package_identification:_identify(install) by extension 'ignore'
[0.496s] Level 1:colcon.colcon_core.package_identification:_identify(install) ignored
[0.496s] Level 1:colcon.colcon_core.package_identification:_identify(log) by extensions ['ignore', 'ignore_ament_install']
[0.497s] Level 1:colcon.colcon_core.package_identification:_identify(log) by extension 'ignore'
[0.497s] Level 1:colcon.colcon_core.package_identification:_identify(log) ignored
[0.498s] Level 1:colcon.colcon_core.package_identification:_identify(our_dataset) by extensions ['ignore', 'ignore_ament_install']
[0.498s] Level 1:colcon.colcon_core.package_identification:_identify(our_dataset) by extension 'ignore'
[0.498s] Level 1:colcon.colcon_core.package_identification:_identify(our_dataset) by extension 'ignore_ament_install'
[0.499s] Level 1:colcon.colcon_core.package_identification:_identify(our_dataset) by extensions ['colcon_pkg']
[0.499s] Level 1:colcon.colcon_core.package_identification:_identify(our_dataset) by extension 'colcon_pkg'
[0.499s] Level 1:colcon.colcon_core.package_identification:_identify(our_dataset) by extensions ['colcon_meta']
[0.499s] Level 1:colcon.colcon_core.package_identification:_identify(our_dataset) by extension 'colcon_meta'
[0.500s] Level 1:colcon.colcon_core.package_identification:_identify(our_dataset) by extensions ['ros']
[0.500s] Level 1:colcon.colcon_core.package_identification:_identify(our_dataset) by extension 'ros'
[0.500s] Level 1:colcon.colcon_core.package_identification:_identify(our_dataset) by extensions ['cmake', 'python']
[0.500s] Level 1:colcon.colcon_core.package_identification:_identify(our_dataset) by extension 'cmake'
[0.501s] Level 1:colcon.colcon_core.package_identification:_identify(our_dataset) by extension 'python'
[0.501s] Level 1:colcon.colcon_core.package_identification:_identify(our_dataset) by extensions ['python_setup_py']
[0.501s] Level 1:colcon.colcon_core.package_identification:_identify(our_dataset) by extension 'python_setup_py'
[0.501s] Level 1:colcon.colcon_core.package_identification:_identify(our_dataset/depth) by extensions ['ignore', 'ignore_ament_install']
[0.502s] Level 1:colcon.colcon_core.package_identification:_identify(our_dataset/depth) by extension 'ignore'
[0.502s] Level 1:colcon.colcon_core.package_identification:_identify(our_dataset/depth) by extension 'ignore_ament_install'
[0.502s] Level 1:colcon.colcon_core.package_identification:_identify(our_dataset/depth) by extensions ['colcon_pkg']
[0.502s] Level 1:colcon.colcon_core.package_identification:_identify(our_dataset/depth) by extension 'colcon_pkg'
[0.502s] Level 1:colcon.colcon_core.package_identification:_identify(our_dataset/depth) by extensions ['colcon_meta']
[0.503s] Level 1:colcon.colcon_core.package_identification:_identify(our_dataset/depth) by extension 'colcon_meta'
[0.503s] Level 1:colcon.colcon_core.package_identification:_identify(our_dataset/depth) by extensions ['ros']
[0.503s] Level 1:colcon.colcon_core.package_identification:_identify(our_dataset/depth) by extension 'ros'
[0.504s] Level 1:colcon.colcon_core.package_identification:_identify(our_dataset/depth) by extensions ['cmake', 'python']
[0.504s] Level 1:colcon.colcon_core.package_identification:_identify(our_dataset/depth) by extension 'cmake'
[0.505s] Level 1:colcon.colcon_core.package_identification:_identify(our_dataset/depth) by extension 'python'
[0.505s] Level 1:colcon.colcon_core.package_identification:_identify(our_dataset/depth) by extensions ['python_setup_py']
[0.505s] Level 1:colcon.colcon_core.package_identification:_identify(our_dataset/depth) by extension 'python_setup_py'
[0.506s] Level 1:colcon.colcon_core.package_identification:_identify(our_dataset/rgb) by extensions ['ignore', 'ignore_ament_install']
[0.506s] Level 1:colcon.colcon_core.package_identification:_identify(our_dataset/rgb) by extension 'ignore'
[0.506s] Level 1:colcon.colcon_core.package_identification:_identify(our_dataset/rgb) by extension 'ignore_ament_install'
[0.507s] Level 1:colcon.colcon_core.package_identification:_identify(our_dataset/rgb) by extensions ['colcon_pkg']
[0.507s] Level 1:colcon.colcon_core.package_identification:_identify(our_dataset/rgb) by extension 'colcon_pkg'
[0.507s] Level 1:colcon.colcon_core.package_identification:_identify(our_dataset/rgb) by extensions ['colcon_meta']
[0.508s] Level 1:colcon.colcon_core.package_identification:_identify(our_dataset/rgb) by extension 'colcon_meta'
[0.508s] Level 1:colcon.colcon_core.package_identification:_identify(our_dataset/rgb) by extensions ['ros']
[0.508s] Level 1:colcon.colcon_core.package_identification:_identify(our_dataset/rgb) by extension 'ros'
[0.509s] Level 1:colcon.colcon_core.package_identification:_identify(our_dataset/rgb) by extensions ['cmake', 'python']
[0.509s] Level 1:colcon.colcon_core.package_identification:_identify(our_dataset/rgb) by extension 'cmake'
[0.509s] Level 1:colcon.colcon_core.package_identification:_identify(our_dataset/rgb) by extension 'python'
[0.509s] Level 1:colcon.colcon_core.package_identification:_identify(our_dataset/rgb) by extensions ['python_setup_py']
[0.509s] Level 1:colcon.colcon_core.package_identification:_identify(our_dataset/rgb) by extension 'python_setup_py'
[0.510s] Level 1:colcon.colcon_core.package_identification:_identify(src) by extensions ['ignore', 'ignore_ament_install']
[0.510s] Level 1:colcon.colcon_core.package_identification:_identify(src) by extension 'ignore'
[0.510s] Level 1:colcon.colcon_core.package_identification:_identify(src) by extension 'ignore_ament_install'
[0.510s] Level 1:colcon.colcon_core.package_identification:_identify(src) by extensions ['colcon_pkg']
[0.511s] Level 1:colcon.colcon_core.package_identification:_identify(src) by extension 'colcon_pkg'
[0.511s] Level 1:colcon.colcon_core.package_identification:_identify(src) by extensions ['colcon_meta']
[0.511s] Level 1:colcon.colcon_core.package_identification:_identify(src) by extension 'colcon_meta'
[0.511s] Level 1:colcon.colcon_core.package_identification:_identify(src) by extensions ['ros']
[0.511s] Level 1:colcon.colcon_core.package_identification:_identify(src) by extension 'ros'
[0.512s] Level 1:colcon.colcon_core.package_identification:_identify(src) by extensions ['cmake', 'python']
[0.512s] Level 1:colcon.colcon_core.package_identification:_identify(src) by extension 'cmake'
[0.512s] Level 1:colcon.colcon_core.package_identification:_identify(src) by extension 'python'
[0.512s] Level 1:colcon.colcon_core.package_identification:_identify(src) by extensions ['python_setup_py']
[0.512s] Level 1:colcon.colcon_core.package_identification:_identify(src) by extension 'python_setup_py'
[0.512s] Level 1:colcon.colcon_core.package_identification:_identify(src/ai_reconstruction) by extensions ['ignore', 'ignore_ament_install']
[0.513s] Level 1:colcon.colcon_core.package_identification:_identify(src/ai_reconstruction) by extension 'ignore'
[0.513s] Level 1:colcon.colcon_core.package_identification:_identify(src/ai_reconstruction) by extension 'ignore_ament_install'
[0.513s] Level 1:colcon.colcon_core.package_identification:_identify(src/ai_reconstruction) by extensions ['colcon_pkg']
[0.513s] Level 1:colcon.colcon_core.package_identification:_identify(src/ai_reconstruction) by extension 'colcon_pkg'
[0.513s] Level 1:colcon.colcon_core.package_identification:_identify(src/ai_reconstruction) by extensions ['colcon_meta']
[0.513s] Level 1:colcon.colcon_core.package_identification:_identify(src/ai_reconstruction) by extension 'colcon_meta'
[0.513s] Level 1:colcon.colcon_core.package_identification:_identify(src/ai_reconstruction) by extensions ['ros']
[0.513s] Level 1:colcon.colcon_core.package_identification:_identify(src/ai_reconstruction) by extension 'ros'
[0.517s] DEBUG:colcon.colcon_core.package_identification:Package 'src/ai_reconstruction' with type 'ros.ament_python' and name 'ai_reconstruction'
[0.517s] Level 1:colcon.colcon_core.package_identification:_identify(src/robot_position_listener) by extensions ['ignore', 'ignore_ament_install']
[0.517s] Level 1:colcon.colcon_core.package_identification:_identify(src/robot_position_listener) by extension 'ignore'
[0.518s] Level 1:colcon.colcon_core.package_identification:_identify(src/robot_position_listener) by extension 'ignore_ament_install'
[0.518s] Level 1:colcon.colcon_core.package_identification:_identify(src/robot_position_listener) by extensions ['colcon_pkg']
[0.518s] Level 1:colcon.colcon_core.package_identification:_identify(src/robot_position_listener) by extension 'colcon_pkg'
[0.518s] Level 1:colcon.colcon_core.package_identification:_identify(src/robot_position_listener) by extensions ['colcon_meta']
[0.518s] Level 1:colcon.colcon_core.package_identification:_identify(src/robot_position_listener) by extension 'colcon_meta'
[0.518s] Level 1:colcon.colcon_core.package_identification:_identify(src/robot_position_listener) by extensions ['ros']
[0.518s] Level 1:colcon.colcon_core.package_identification:_identify(src/robot_position_listener) by extension 'ros'
[0.519s] DEBUG:colcon.colcon_core.package_identification:Package 'src/robot_position_listener' with type 'ros.ament_python' and name 'robot_position_listener'
[0.519s] Level 1:colcon.colcon_core.package_discovery:discover_packages(recursive) using defaults
[0.520s] Level 1:colcon.colcon_core.package_discovery:discover_packages(ignore) discover
[0.520s] Level 1:colcon.colcon_core.package_discovery:discover_packages(ignore) using defaults
[0.520s] Level 1:colcon.colcon_core.package_discovery:discover_packages(path) discover
[0.520s] Level 1:colcon.colcon_core.package_discovery:discover_packages(path) using defaults
[0.553s] Level 1:colcon.colcon_core.package_discovery:discover_packages(prefix_path) check parameters
[0.554s] Level 1:colcon.colcon_core.package_discovery:discover_packages(prefix_path) discover
[0.558s] DEBUG:colcon.colcon_installed_package_information.package_discovery:Found 2 installed packages in /mnt/nova_ssd/workspaces/ai_reconstruction_ws/install
[0.559s] DEBUG:colcon.colcon_installed_package_information.package_discovery:Found 1 installed packages in /mnt/nova_ssd/workspaces/texttopoint_ws/install
[0.560s] DEBUG:colcon.colcon_installed_package_information.package_discovery:Found 1 installed packages in /mnt/nova_ssd/workspaces/kiss-icp_ws/install
[0.561s] DEBUG:colcon.colcon_installed_package_information.package_discovery:Found 1 installed packages in /mnt/nova_ssd/workspaces/3d_lidar/src/ws_livox/install
[0.562s] DEBUG:colcon.colcon_installed_package_information.package_discovery:Found 4 installed packages in /mnt/nova_ssd/workspaces/scout/install
[0.564s] DEBUG:colcon.colcon_installed_package_information.package_discovery:Found 4 installed packages in /mnt/nova_ssd/workspaces/navigation/install
[0.565s] DEBUG:colcon.colcon_installed_package_information.package_discovery:Found 1 installed packages in /mnt/nova_ssd/workspaces/octomap_ws/install
[0.566s] DEBUG:colcon.colcon_installed_package_information.package_discovery:Found 6 installed packages in /mnt/nova_ssd/workspaces/pcl_ws/install
[0.569s] DEBUG:colcon.colcon_installed_package_information.package_discovery:Found 366 installed packages in /opt/ros/humble
[0.594s] Level 1:colcon.colcon_core.package_discovery:discover_packages(prefix_path) using defaults
[0.665s] Level 5:colcon.colcon_core.verb:set package 'ai_reconstruction' build argument 'cmake_args' from command line to 'None'
[0.665s] Level 5:colcon.colcon_core.verb:set package 'ai_reconstruction' build argument 'cmake_target' from command line to 'None'
[0.665s] Level 5:colcon.colcon_core.verb:set package 'ai_reconstruction' build argument 'cmake_target_skip_unavailable' from command line to 'False'
[0.665s] Level 5:colcon.colcon_core.verb:set package 'ai_reconstruction' build argument 'cmake_clean_cache' from command line to 'False'
[0.665s] Level 5:colcon.colcon_core.verb:set package 'ai_reconstruction' build argument 'cmake_clean_first' from command line to 'False'
[0.665s] Level 5:colcon.colcon_core.verb:set package 'ai_reconstruction' build argument 'cmake_force_configure' from command line to 'False'
[0.665s] Level 5:colcon.colcon_core.verb:set package 'ai_reconstruction' build argument 'ament_cmake_args' from command line to 'None'
[0.665s] Level 5:colcon.colcon_core.verb:set package 'ai_reconstruction' build argument 'catkin_cmake_args' from command line to 'None'
[0.665s] Level 5:colcon.colcon_core.verb:set package 'ai_reconstruction' build argument 'catkin_skip_building_tests' from command line to 'False'
[0.665s] DEBUG:colcon.colcon_core.verb:Building package 'ai_reconstruction' with the following arguments: {'ament_cmake_args': None, 'build_base': '/mnt/nova_ssd/workspaces/ai_reconstruction_ws/build/ai_reconstruction', 'catkin_cmake_args': None, 'catkin_skip_building_tests': False, 'cmake_args': None, 'cmake_clean_cache': False, 'cmake_clean_first': False, 'cmake_force_configure': False, 'cmake_target': None, 'cmake_target_skip_unavailable': False, 'install_base': '/mnt/nova_ssd/workspaces/ai_reconstruction_ws/install/ai_reconstruction', 'merge_install': False, 'path': '/mnt/nova_ssd/workspaces/ai_reconstruction_ws/src/ai_reconstruction', 'symlink_install': False, 'test_result_base': None}
[0.666s] Level 5:colcon.colcon_core.verb:set package 'robot_position_listener' build argument 'cmake_args' from command line to 'None'
[0.666s] Level 5:colcon.colcon_core.verb:set package 'robot_position_listener' build argument 'cmake_target' from command line to 'None'
[0.666s] Level 5:colcon.colcon_core.verb:set package 'robot_position_listener' build argument 'cmake_target_skip_unavailable' from command line to 'False'
[0.666s] Level 5:colcon.colcon_core.verb:set package 'robot_position_listener' build argument 'cmake_clean_cache' from command line to 'False'
[0.667s] Level 5:colcon.colcon_core.verb:set package 'robot_position_listener' build argument 'cmake_clean_first' from command line to 'False'
[0.667s] Level 5:colcon.colcon_core.verb:set package 'robot_position_listener' build argument 'cmake_force_configure' from command line to 'False'
[0.667s] Level 5:colcon.colcon_core.verb:set package 'robot_position_listener' build argument 'ament_cmake_args' from command line to 'None'
[0.667s] Level 5:colcon.colcon_core.verb:set package 'robot_position_listener' build argument 'catkin_cmake_args' from command line to 'None'
[0.667s] Level 5:colcon.colcon_core.verb:set package 'robot_position_listener' build argument 'catkin_skip_building_tests' from command line to 'False'
[0.667s] DEBUG:colcon.colcon_core.verb:Building package 'robot_position_listener' with the following arguments: {'ament_cmake_args': None, 'build_base': '/mnt/nova_ssd/workspaces/ai_reconstruction_ws/build/robot_position_listener', 'catkin_cmake_args': None, 'catkin_skip_building_tests': False, 'cmake_args': None, 'cmake_clean_cache': False, 'cmake_clean_first': False, 'cmake_force_configure': False, 'cmake_target': None, 'cmake_target_skip_unavailable': False, 'install_base': '/mnt/nova_ssd/workspaces/ai_reconstruction_ws/install/robot_position_listener', 'merge_install': False, 'path': '/mnt/nova_ssd/workspaces/ai_reconstruction_ws/src/robot_position_listener', 'symlink_install': False, 'test_result_base': None}
[0.668s] INFO:colcon.colcon_core.executor:Executing jobs using 'parallel' executor
[0.669s] DEBUG:colcon.colcon_parallel_executor.executor.parallel:run_until_complete
[0.670s] INFO:colcon.colcon_ros.task.ament_python.build:Building ROS package in '/mnt/nova_ssd/workspaces/ai_reconstruction_ws/src/ai_reconstruction' with build type 'ament_python'
[0.670s] Level 1:colcon.colcon_core.shell:create_environment_hook('ai_reconstruction', 'ament_prefix_path')
[0.674s] INFO:colcon.colcon_core.plugin_system:Skipping extension 'colcon_core.shell.bat': Not used on non-Windows systems
[0.674s] INFO:colcon.colcon_core.shell:Creating environment hook '/mnt/nova_ssd/workspaces/ai_reconstruction_ws/install/ai_reconstruction/share/ai_reconstruction/hook/ament_prefix_path.ps1'
[0.676s] INFO:colcon.colcon_core.shell:Creating environment descriptor '/mnt/nova_ssd/workspaces/ai_reconstruction_ws/install/ai_reconstruction/share/ai_reconstruction/hook/ament_prefix_path.dsv'
[0.676s] INFO:colcon.colcon_core.shell:Creating environment hook '/mnt/nova_ssd/workspaces/ai_reconstruction_ws/install/ai_reconstruction/share/ai_reconstruction/hook/ament_prefix_path.sh'
[0.678s] INFO:colcon.colcon_core.shell:Skip shell extension 'powershell' for command environment: Not usable outside of PowerShell
[0.678s] DEBUG:colcon.colcon_core.shell:Skip shell extension 'dsv' for command environment
[0.691s] INFO:colcon.colcon_ros.task.ament_python.build:Building ROS package in '/mnt/nova_ssd/workspaces/ai_reconstruction_ws/src/robot_position_listener' with build type 'ament_python'
[0.691s] Level 1:colcon.colcon_core.shell:create_environment_hook('robot_position_listener', 'ament_prefix_path')
[0.692s] INFO:colcon.colcon_core.shell:Creating environment hook '/mnt/nova_ssd/workspaces/ai_reconstruction_ws/install/robot_position_listener/share/robot_position_listener/hook/ament_prefix_path.ps1'
[0.693s] INFO:colcon.colcon_core.shell:Creating environment descriptor '/mnt/nova_ssd/workspaces/ai_reconstruction_ws/install/robot_position_listener/share/robot_position_listener/hook/ament_prefix_path.dsv'
[0.694s] INFO:colcon.colcon_core.shell:Creating environment hook '/mnt/nova_ssd/workspaces/ai_reconstruction_ws/install/robot_position_listener/share/robot_position_listener/hook/ament_prefix_path.sh'
[0.695s] INFO:colcon.colcon_core.shell:Skip shell extension 'powershell' for command environment: Not usable outside of PowerShell
[0.695s] DEBUG:colcon.colcon_core.shell:Skip shell extension 'dsv' for command environment
[1.152s] INFO:colcon.colcon_core.task.python.build:Building Python package in '/mnt/nova_ssd/workspaces/ai_reconstruction_ws/src/ai_reconstruction'
[1.153s] INFO:colcon.colcon_core.shell:Skip shell extension 'powershell' for command environment: Not usable outside of PowerShell
[1.153s] DEBUG:colcon.colcon_core.shell:Skip shell extension 'dsv' for command environment
[1.604s] INFO:colcon.colcon_core.task.python.build:Building Python package in '/mnt/nova_ssd/workspaces/ai_reconstruction_ws/src/robot_position_listener'
[1.605s] INFO:colcon.colcon_core.shell:Skip shell extension 'powershell' for command environment: Not usable outside of PowerShell
[1.605s] DEBUG:colcon.colcon_core.shell:Skip shell extension 'dsv' for command environment
[2.201s] DEBUG:colcon.colcon_core.event_handler.log_command:Invoking command in '/mnt/nova_ssd/workspaces/ai_reconstruction_ws/src/robot_position_listener': PYTHONPATH=/mnt/nova_ssd/workspaces/ai_reconstruction_ws/build/robot_position_listener/prefix_override:/usr/lib/python3/dist-packages/colcon_core/task/python/colcon_distutils_commands:/mnt/nova_ssd/workspaces/ai_reconstruction_ws/install/robot_position_listener/lib/python3.10/site-packages:${PYTHONPATH} /usr/bin/python3 -W ignore:setup.py install is deprecated setup.py egg_info --egg-base ../../build/robot_position_listener build --build-base /mnt/nova_ssd/workspaces/ai_reconstruction_ws/build/robot_position_listener/build install --record /mnt/nova_ssd/workspaces/ai_reconstruction_ws/build/robot_position_listener/install.log --single-version-externally-managed install_data
[2.256s] DEBUG:colcon.colcon_core.event_handler.log_command:Invoking command in '/mnt/nova_ssd/workspaces/ai_reconstruction_ws/src/ai_reconstruction': PYTHONPATH=/mnt/nova_ssd/workspaces/ai_reconstruction_ws/build/ai_reconstruction/prefix_override:/usr/lib/python3/dist-packages/colcon_core/task/python/colcon_distutils_commands:/mnt/nova_ssd/workspaces/ai_reconstruction_ws/install/ai_reconstruction/lib/python3.10/site-packages:${PYTHONPATH} /usr/bin/python3 -W ignore:setup.py install is deprecated setup.py egg_info --egg-base ../../build/ai_reconstruction build --build-base /mnt/nova_ssd/workspaces/ai_reconstruction_ws/build/ai_reconstruction/build install --record /mnt/nova_ssd/workspaces/ai_reconstruction_ws/build/ai_reconstruction/install.log --single-version-externally-managed install_data
[2.730s] DEBUG:colcon.colcon_core.event_handler.log_command:Invoked command in '/mnt/nova_ssd/workspaces/ai_reconstruction_ws/src/robot_position_listener' returned '0': PYTHONPATH=/mnt/nova_ssd/workspaces/ai_reconstruction_ws/build/robot_position_listener/prefix_override:/usr/lib/python3/dist-packages/colcon_core/task/python/colcon_distutils_commands:/mnt/nova_ssd/workspaces/ai_reconstruction_ws/install/robot_position_listener/lib/python3.10/site-packages:${PYTHONPATH} /usr/bin/python3 -W ignore:setup.py install is deprecated setup.py egg_info --egg-base ../../build/robot_position_listener build --build-base /mnt/nova_ssd/workspaces/ai_reconstruction_ws/build/robot_position_listener/build install --record /mnt/nova_ssd/workspaces/ai_reconstruction_ws/build/robot_position_listener/install.log --single-version-externally-managed install_data
[2.734s] Level 1:colcon.colcon_core.environment:checking '/mnt/nova_ssd/workspaces/ai_reconstruction_ws/install/robot_position_listener' for CMake module files
[2.735s] Level 1:colcon.colcon_core.environment:checking '/mnt/nova_ssd/workspaces/ai_reconstruction_ws/install/robot_position_listener' for CMake config files
[2.736s] Level 1:colcon.colcon_core.environment:checking '/mnt/nova_ssd/workspaces/ai_reconstruction_ws/install/robot_position_listener/lib'
[2.737s] Level 1:colcon.colcon_core.environment:checking '/mnt/nova_ssd/workspaces/ai_reconstruction_ws/install/robot_position_listener/bin'
[2.737s] Level 1:colcon.colcon_core.environment:checking '/mnt/nova_ssd/workspaces/ai_reconstruction_ws/install/robot_position_listener/lib/pkgconfig/robot_position_listener.pc'
[2.737s] Level 1:colcon.colcon_core.environment:checking '/mnt/nova_ssd/workspaces/ai_reconstruction_ws/install/robot_position_listener/lib/python3.10/site-packages'
[2.737s] Level 1:colcon.colcon_core.shell:create_environment_hook('robot_position_listener', 'pythonpath')
[2.738s] INFO:colcon.colcon_core.shell:Creating environment hook '/mnt/nova_ssd/workspaces/ai_reconstruction_ws/install/robot_position_listener/share/robot_position_listener/hook/pythonpath.ps1'
[2.739s] INFO:colcon.colcon_core.shell:Creating environment descriptor '/mnt/nova_ssd/workspaces/ai_reconstruction_ws/install/robot_position_listener/share/robot_position_listener/hook/pythonpath.dsv'
[2.739s] INFO:colcon.colcon_core.shell:Creating environment hook '/mnt/nova_ssd/workspaces/ai_reconstruction_ws/install/robot_position_listener/share/robot_position_listener/hook/pythonpath.sh'
[2.740s] Level 1:colcon.colcon_core.environment:checking '/mnt/nova_ssd/workspaces/ai_reconstruction_ws/install/robot_position_listener/bin'
[2.740s] Level 1:colcon.colcon_core.environment:create_environment_scripts_only(robot_position_listener)
[2.741s] INFO:colcon.colcon_core.shell:Creating package script '/mnt/nova_ssd/workspaces/ai_reconstruction_ws/install/robot_position_listener/share/robot_position_listener/package.ps1'
[2.742s] INFO:colcon.colcon_core.shell:Creating package descriptor '/mnt/nova_ssd/workspaces/ai_reconstruction_ws/install/robot_position_listener/share/robot_position_listener/package.dsv'
[2.743s] INFO:colcon.colcon_core.shell:Creating package script '/mnt/nova_ssd/workspaces/ai_reconstruction_ws/install/robot_position_listener/share/robot_position_listener/package.sh'
[2.744s] INFO:colcon.colcon_core.shell:Creating package script '/mnt/nova_ssd/workspaces/ai_reconstruction_ws/install/robot_position_listener/share/robot_position_listener/package.bash'
[2.745s] INFO:colcon.colcon_core.shell:Creating package script '/mnt/nova_ssd/workspaces/ai_reconstruction_ws/install/robot_position_listener/share/robot_position_listener/package.zsh'
[2.746s] Level 1:colcon.colcon_core.environment:create_file_with_runtime_dependencies(/mnt/nova_ssd/workspaces/ai_reconstruction_ws/install/robot_position_listener/share/colcon-core/packages/robot_position_listener)
[2.791s] Level 1:colcon.colcon_core.environment:checking '/mnt/nova_ssd/workspaces/ai_reconstruction_ws/install/ai_reconstruction' for CMake module files
[2.792s] Level 1:colcon.colcon_core.environment:checking '/mnt/nova_ssd/workspaces/ai_reconstruction_ws/install/ai_reconstruction' for CMake config files
[2.793s] DEBUG:colcon.colcon_core.event_handler.log_command:Invoked command in '/mnt/nova_ssd/workspaces/ai_reconstruction_ws/src/ai_reconstruction' returned '0': PYTHONPATH=/mnt/nova_ssd/workspaces/ai_reconstruction_ws/build/ai_reconstruction/prefix_override:/usr/lib/python3/dist-packages/colcon_core/task/python/colcon_distutils_commands:/mnt/nova_ssd/workspaces/ai_reconstruction_ws/install/ai_reconstruction/lib/python3.10/site-packages:${PYTHONPATH} /usr/bin/python3 -W ignore:setup.py install is deprecated setup.py egg_info --egg-base ../../build/ai_reconstruction build --build-base /mnt/nova_ssd/workspaces/ai_reconstruction_ws/build/ai_reconstruction/build install --record /mnt/nova_ssd/workspaces/ai_reconstruction_ws/build/ai_reconstruction/install.log --single-version-externally-managed install_data
[2.793s] Level 1:colcon.colcon_core.environment:checking '/mnt/nova_ssd/workspaces/ai_reconstruction_ws/install/ai_reconstruction/lib'
[2.794s] Level 1:colcon.colcon_core.environment:checking '/mnt/nova_ssd/workspaces/ai_reconstruction_ws/install/ai_reconstruction/bin'
[2.794s] Level 1:colcon.colcon_core.environment:checking '/mnt/nova_ssd/workspaces/ai_reconstruction_ws/install/ai_reconstruction/lib/pkgconfig/ai_reconstruction.pc'
[2.794s] Level 1:colcon.colcon_core.environment:checking '/mnt/nova_ssd/workspaces/ai_reconstruction_ws/install/ai_reconstruction/lib/python3.10/site-packages'
[2.794s] Level 1:colcon.colcon_core.shell:create_environment_hook('ai_reconstruction', 'pythonpath')
[2.795s] INFO:colcon.colcon_core.shell:Creating environment hook '/mnt/nova_ssd/workspaces/ai_reconstruction_ws/install/ai_reconstruction/share/ai_reconstruction/hook/pythonpath.ps1'
[2.795s] INFO:colcon.colcon_core.shell:Creating environment descriptor '/mnt/nova_ssd/workspaces/ai_reconstruction_ws/install/ai_reconstruction/share/ai_reconstruction/hook/pythonpath.dsv'
[2.796s] INFO:colcon.colcon_core.shell:Creating environment hook '/mnt/nova_ssd/workspaces/ai_reconstruction_ws/install/ai_reconstruction/share/ai_reconstruction/hook/pythonpath.sh'
[2.797s] Level 1:colcon.colcon_core.environment:checking '/mnt/nova_ssd/workspaces/ai_reconstruction_ws/install/ai_reconstruction/bin'
[2.797s] Level 1:colcon.colcon_core.environment:create_environment_scripts_only(ai_reconstruction)
[2.797s] INFO:colcon.colcon_core.shell:Creating package script '/mnt/nova_ssd/workspaces/ai_reconstruction_ws/install/ai_reconstruction/share/ai_reconstruction/package.ps1'
[2.798s] INFO:colcon.colcon_core.shell:Creating package descriptor '/mnt/nova_ssd/workspaces/ai_reconstruction_ws/install/ai_reconstruction/share/ai_reconstruction/package.dsv'
[2.799s] INFO:colcon.colcon_core.shell:Creating package script '/mnt/nova_ssd/workspaces/ai_reconstruction_ws/install/ai_reconstruction/share/ai_reconstruction/package.sh'
[2.799s] INFO:colcon.colcon_core.shell:Creating package script '/mnt/nova_ssd/workspaces/ai_reconstruction_ws/install/ai_reconstruction/share/ai_reconstruction/package.bash'
[2.800s] INFO:colcon.colcon_core.shell:Creating package script '/mnt/nova_ssd/workspaces/ai_reconstruction_ws/install/ai_reconstruction/share/ai_reconstruction/package.zsh'
[2.800s] Level 1:colcon.colcon_core.environment:create_file_with_runtime_dependencies(/mnt/nova_ssd/workspaces/ai_reconstruction_ws/install/ai_reconstruction/share/colcon-core/packages/ai_reconstruction)
[2.801s] DEBUG:colcon.colcon_parallel_executor.executor.parallel:closing loop
[2.801s] DEBUG:colcon.colcon_parallel_executor.executor.parallel:loop closed
[2.802s] DEBUG:colcon.colcon_parallel_executor.executor.parallel:run_until_complete finished with '0'
[2.802s] DEBUG:colcon.colcon_core.event_reactor:joining thread
[2.811s] INFO:colcon.colcon_core.plugin_system:Skipping extension 'colcon_notification.desktop_notification.terminal_notifier': Not used on non-Darwin systems
[2.811s] INFO:colcon.colcon_core.plugin_system:Skipping extension 'colcon_notification.desktop_notification.win32': Not used on non-Windows systems
[2.811s] INFO:colcon.colcon_notification.desktop_notification:Sending desktop notification using 'notify2'
[2.845s] DEBUG:colcon.colcon_core.event_reactor:joined thread
[2.845s] INFO:colcon.colcon_core.shell:Creating prefix script '/mnt/nova_ssd/workspaces/ai_reconstruction_ws/install/local_setup.ps1'
[2.847s] INFO:colcon.colcon_core.shell:Creating prefix util module '/mnt/nova_ssd/workspaces/ai_reconstruction_ws/install/_local_setup_util_ps1.py'
[2.849s] INFO:colcon.colcon_core.shell:Creating prefix chain script '/mnt/nova_ssd/workspaces/ai_reconstruction_ws/install/setup.ps1'
[2.853s] INFO:colcon.colcon_core.shell:Creating prefix script '/mnt/nova_ssd/workspaces/ai_reconstruction_ws/install/local_setup.sh'
[2.854s] INFO:colcon.colcon_core.shell:Creating prefix util module '/mnt/nova_ssd/workspaces/ai_reconstruction_ws/install/_local_setup_util_sh.py'
[2.854s] INFO:colcon.colcon_core.shell:Creating prefix chain script '/mnt/nova_ssd/workspaces/ai_reconstruction_ws/install/setup.sh'
[2.858s] INFO:colcon.colcon_core.shell:Creating prefix script '/mnt/nova_ssd/workspaces/ai_reconstruction_ws/install/local_setup.bash'
[2.859s] INFO:colcon.colcon_core.shell:Creating prefix chain script '/mnt/nova_ssd/workspaces/ai_reconstruction_ws/install/setup.bash'
[2.863s] INFO:colcon.colcon_core.shell:Creating prefix script '/mnt/nova_ssd/workspaces/ai_reconstruction_ws/install/local_setup.zsh'
[2.868s] INFO:colcon.colcon_core.shell:Creating prefix chain script '/mnt/nova_ssd/workspaces/ai_reconstruction_ws/install/setup.zsh'
