[0.024s] Invoking command in '/mnt/nova_ssd/workspaces/scout/build/scout_msgs': CMAKE_PREFIX_PATH=/mnt/nova_ssd/workspaces/scout/install/scout_base:/opt/ros/humble:/mnt/nova_ssd/workspaces/scout/install/ugv_sdk:/mnt/nova_ssd/workspaces/scout/install/scout_msgs:/mnt/nova_ssd/workspaces/scout/install/scout_description /usr/bin/cmake --build /mnt/nova_ssd/workspaces/scout/build/scout_msgs -- -j12 -l12
[0.083s] [35m[1mConsolidate compiler generated dependencies of target scout_msgs__rosidl_generator_c[0m
[0.095s] [  1%] Built target scout_msgs__cpp
[0.102s] [ 12%] Built target scout_msgs__rosidl_generator_c
[0.109s] [ 12%] Built target ament_cmake_python_copy_scout_msgs
[0.113s] [35m[1mConsolidate compiler generated dependencies of target scout_msgs__rosidl_typesupport_fastrtps_cpp[0m
[0.113s] [35m[1mConsolidate compiler generated dependencies of target scout_msgs__rosidl_typesupport_cpp[0m
[0.114s] [35m[1mConsolidate compiler generated dependencies of target scout_msgs__rosidl_typesupport_introspection_cpp[0m
[0.117s] [35m[1mConsolidate compiler generated dependencies of target scout_msgs__rosidl_typesupport_c[0m
[0.118s] [35m[1mConsolidate compiler generated dependencies of target scout_msgs__rosidl_typesupport_introspection_c[0m
[0.119s] [35m[1mConsolidate compiler generated dependencies of target scout_msgs__rosidl_typesupport_fastrtps_c[0m
[0.141s] [ 23%] Built target scout_msgs__rosidl_typesupport_c
[0.143s] [ 34%] Built target scout_msgs__rosidl_typesupport_fastrtps_cpp
[0.144s] [ 46%] Built target scout_msgs__rosidl_typesupport_cpp
[0.146s] [ 58%] Built target scout_msgs__rosidl_typesupport_introspection_cpp
[0.146s] [ 68%] Built target scout_msgs__rosidl_typesupport_fastrtps_c
[0.149s] [ 79%] Built target scout_msgs__rosidl_typesupport_introspection_c
[0.179s] [ 79%] Built target scout_msgs
[0.212s] [ 80%] Built target scout_msgs__py
[0.234s] [35m[1mConsolidate compiler generated dependencies of target scout_msgs__rosidl_generator_py[0m
[0.260s] [ 90%] Built target scout_msgs__rosidl_generator_py
[0.274s] [35m[1mConsolidate compiler generated dependencies of target scout_msgs__rosidl_typesupport_introspection_c__pyext[0m
[0.275s] [35m[1mConsolidate compiler generated dependencies of target scout_msgs__rosidl_typesupport_fastrtps_c__pyext[0m
[0.276s] [35m[1mConsolidate compiler generated dependencies of target scout_msgs__rosidl_typesupport_c__pyext[0m
[0.293s] [ 95%] Built target scout_msgs__rosidl_typesupport_fastrtps_c__pyext
[0.293s] [ 96%] Built target scout_msgs__rosidl_typesupport_introspection_c__pyext
[0.296s] [100%] Built target scout_msgs__rosidl_typesupport_c__pyext
[0.476s] running egg_info
[0.477s] writing scout_msgs.egg-info/PKG-INFO
[0.478s] writing dependency_links to scout_msgs.egg-info/dependency_links.txt
[0.478s] writing top-level names to scout_msgs.egg-info/top_level.txt
[0.481s] reading manifest file 'scout_msgs.egg-info/SOURCES.txt'
[0.482s] writing manifest file 'scout_msgs.egg-info/SOURCES.txt'
[0.533s] [100%] Built target ament_cmake_python_build_scout_msgs_egg
[0.554s] Invoked command in '/mnt/nova_ssd/workspaces/scout/build/scout_msgs' returned '0': CMAKE_PREFIX_PATH=/mnt/nova_ssd/workspaces/scout/install/scout_base:/opt/ros/humble:/mnt/nova_ssd/workspaces/scout/install/ugv_sdk:/mnt/nova_ssd/workspaces/scout/install/scout_msgs:/mnt/nova_ssd/workspaces/scout/install/scout_description /usr/bin/cmake --build /mnt/nova_ssd/workspaces/scout/build/scout_msgs -- -j12 -l12
[0.777s] Invoking command in '/mnt/nova_ssd/workspaces/scout/build/scout_msgs': CMAKE_PREFIX_PATH=/mnt/nova_ssd/workspaces/scout/install/scout_base:/opt/ros/humble:/mnt/nova_ssd/workspaces/scout/install/ugv_sdk:/mnt/nova_ssd/workspaces/scout/install/scout_msgs:/mnt/nova_ssd/workspaces/scout/install/scout_description /usr/bin/cmake --install /mnt/nova_ssd/workspaces/scout/build/scout_msgs
[0.791s] -- Install configuration: ""
[0.791s] -- Up-to-date: /mnt/nova_ssd/workspaces/scout/install/scout_msgs/share/ament_index/resource_index/rosidl_interfaces/scout_msgs
[0.792s] -- Up-to-date: /mnt/nova_ssd/workspaces/scout/install/scout_msgs/include/scout_msgs/scout_msgs
[0.792s] -- Up-to-date: /mnt/nova_ssd/workspaces/scout/install/scout_msgs/include/scout_msgs/scout_msgs/msg
[0.792s] -- Up-to-date: /mnt/nova_ssd/workspaces/scout/install/scout_msgs/include/scout_msgs/scout_msgs/msg/scout_actuator_state.h
[0.793s] -- Up-to-date: /mnt/nova_ssd/workspaces/scout/install/scout_msgs/include/scout_msgs/scout_msgs/msg/scout_light_cmd.h
[0.793s] -- Up-to-date: /mnt/nova_ssd/workspaces/scout/install/scout_msgs/include/scout_msgs/scout_msgs/msg/detail
[0.793s] -- Up-to-date: /mnt/nova_ssd/workspaces/scout/install/scout_msgs/include/scout_msgs/scout_msgs/msg/detail/scout_actuator_state__type_support.h
[0.794s] -- Up-to-date: /mnt/nova_ssd/workspaces/scout/install/scout_msgs/include/scout_msgs/scout_msgs/msg/detail/scout_actuator_state__functions.h
[0.794s] -- Up-to-date: /mnt/nova_ssd/workspaces/scout/install/scout_msgs/include/scout_msgs/scout_msgs/msg/detail/scout_light_state__struct.h
[0.795s] -- Up-to-date: /mnt/nova_ssd/workspaces/scout/install/scout_msgs/include/scout_msgs/scout_msgs/msg/detail/scout_light_cmd__functions.h
[0.795s] -- Up-to-date: /mnt/nova_ssd/workspaces/scout/install/scout_msgs/include/scout_msgs/scout_msgs/msg/detail/scout_light_state__functions.c
[0.795s] -- Up-to-date: /mnt/nova_ssd/workspaces/scout/install/scout_msgs/include/scout_msgs/scout_msgs/msg/detail/scout_rc_state__functions.c
[0.796s] -- Up-to-date: /mnt/nova_ssd/workspaces/scout/install/scout_msgs/include/scout_msgs/scout_msgs/msg/detail/scout_light_state__functions.h
[0.796s] -- Up-to-date: /mnt/nova_ssd/workspaces/scout/install/scout_msgs/include/scout_msgs/scout_msgs/msg/detail/scout_light_state__type_support.h
[0.796s] -- Up-to-date: /mnt/nova_ssd/workspaces/scout/install/scout_msgs/include/scout_msgs/scout_msgs/msg/detail/scout_rc_state__type_support.h
[0.797s] -- Up-to-date: /mnt/nova_ssd/workspaces/scout/install/scout_msgs/include/scout_msgs/scout_msgs/msg/detail/scout_actuator_state__struct.h
[0.797s] -- Up-to-date: /mnt/nova_ssd/workspaces/scout/install/scout_msgs/include/scout_msgs/scout_msgs/msg/detail/scout_status__type_support.h
[0.797s] -- Up-to-date: /mnt/nova_ssd/workspaces/scout/install/scout_msgs/include/scout_msgs/scout_msgs/msg/detail/scout_light_cmd__functions.c
[0.798s] -- Up-to-date: /mnt/nova_ssd/workspaces/scout/install/scout_msgs/include/scout_msgs/scout_msgs/msg/detail/scout_actuator_state__functions.c
[0.798s] -- Up-to-date: /mnt/nova_ssd/workspaces/scout/install/scout_msgs/include/scout_msgs/scout_msgs/msg/detail/scout_light_cmd__type_support.h
[0.798s] -- Up-to-date: /mnt/nova_ssd/workspaces/scout/install/scout_msgs/include/scout_msgs/scout_msgs/msg/detail/scout_status__struct.h
[0.799s] -- Up-to-date: /mnt/nova_ssd/workspaces/scout/install/scout_msgs/include/scout_msgs/scout_msgs/msg/detail/scout_rc_state__functions.h
[0.799s] -- Up-to-date: /mnt/nova_ssd/workspaces/scout/install/scout_msgs/include/scout_msgs/scout_msgs/msg/detail/scout_status__functions.c
[0.799s] -- Up-to-date: /mnt/nova_ssd/workspaces/scout/install/scout_msgs/include/scout_msgs/scout_msgs/msg/detail/scout_rc_state__struct.h
[0.800s] -- Up-to-date: /mnt/nova_ssd/workspaces/scout/install/scout_msgs/include/scout_msgs/scout_msgs/msg/detail/scout_status__functions.h
[0.800s] -- Up-to-date: /mnt/nova_ssd/workspaces/scout/install/scout_msgs/include/scout_msgs/scout_msgs/msg/detail/scout_light_cmd__struct.h
[0.801s] -- Up-to-date: /mnt/nova_ssd/workspaces/scout/install/scout_msgs/include/scout_msgs/scout_msgs/msg/scout_rc_state.h
[0.801s] -- Up-to-date: /mnt/nova_ssd/workspaces/scout/install/scout_msgs/include/scout_msgs/scout_msgs/msg/scout_status.h
[0.801s] -- Up-to-date: /mnt/nova_ssd/workspaces/scout/install/scout_msgs/include/scout_msgs/scout_msgs/msg/scout_light_state.h
[0.801s] -- Up-to-date: /mnt/nova_ssd/workspaces/scout/install/scout_msgs/include/scout_msgs/scout_msgs/msg/rosidl_generator_c__visibility_control.h
[0.801s] -- Up-to-date: /mnt/nova_ssd/workspaces/scout/install/scout_msgs/share/scout_msgs/environment/library_path.sh
[0.802s] -- Up-to-date: /mnt/nova_ssd/workspaces/scout/install/scout_msgs/share/scout_msgs/environment/library_path.dsv
[0.802s] -- Up-to-date: /mnt/nova_ssd/workspaces/scout/install/scout_msgs/lib/libscout_msgs__rosidl_generator_c.so
[0.802s] -- Up-to-date: /mnt/nova_ssd/workspaces/scout/install/scout_msgs/include/scout_msgs/scout_msgs
[0.802s] -- Up-to-date: /mnt/nova_ssd/workspaces/scout/install/scout_msgs/include/scout_msgs/scout_msgs/msg
[0.803s] -- Up-to-date: /mnt/nova_ssd/workspaces/scout/install/scout_msgs/include/scout_msgs/scout_msgs/msg/detail
[0.803s] -- Up-to-date: /mnt/nova_ssd/workspaces/scout/install/scout_msgs/include/scout_msgs/scout_msgs/msg/detail/scout_rc_state__rosidl_typesupport_fastrtps_c.h
[0.803s] -- Up-to-date: /mnt/nova_ssd/workspaces/scout/install/scout_msgs/include/scout_msgs/scout_msgs/msg/detail/scout_status__rosidl_typesupport_fastrtps_c.h
[0.803s] -- Up-to-date: /mnt/nova_ssd/workspaces/scout/install/scout_msgs/include/scout_msgs/scout_msgs/msg/detail/scout_light_state__rosidl_typesupport_fastrtps_c.h
[0.803s] -- Up-to-date: /mnt/nova_ssd/workspaces/scout/install/scout_msgs/include/scout_msgs/scout_msgs/msg/detail/scout_actuator_state__rosidl_typesupport_fastrtps_c.h
[0.804s] -- Up-to-date: /mnt/nova_ssd/workspaces/scout/install/scout_msgs/include/scout_msgs/scout_msgs/msg/detail/scout_light_cmd__rosidl_typesupport_fastrtps_c.h
[0.804s] -- Up-to-date: /mnt/nova_ssd/workspaces/scout/install/scout_msgs/include/scout_msgs/scout_msgs/msg/rosidl_typesupport_fastrtps_c__visibility_control.h
[0.804s] -- Up-to-date: /mnt/nova_ssd/workspaces/scout/install/scout_msgs/lib/libscout_msgs__rosidl_typesupport_fastrtps_c.so
[0.804s] -- Up-to-date: /mnt/nova_ssd/workspaces/scout/install/scout_msgs/include/scout_msgs/scout_msgs
[0.805s] -- Up-to-date: /mnt/nova_ssd/workspaces/scout/install/scout_msgs/include/scout_msgs/scout_msgs/msg
[0.805s] -- Up-to-date: /mnt/nova_ssd/workspaces/scout/install/scout_msgs/include/scout_msgs/scout_msgs/msg/scout_actuator_state.hpp
[0.805s] -- Up-to-date: /mnt/nova_ssd/workspaces/scout/install/scout_msgs/include/scout_msgs/scout_msgs/msg/detail
[0.805s] -- Up-to-date: /mnt/nova_ssd/workspaces/scout/install/scout_msgs/include/scout_msgs/scout_msgs/msg/detail/scout_light_state__struct.hpp
[0.805s] -- Up-to-date: /mnt/nova_ssd/workspaces/scout/install/scout_msgs/include/scout_msgs/scout_msgs/msg/detail/scout_rc_state__traits.hpp
[0.806s] -- Up-to-date: /mnt/nova_ssd/workspaces/scout/install/scout_msgs/include/scout_msgs/scout_msgs/msg/detail/scout_rc_state__struct.hpp
[0.806s] -- Up-to-date: /mnt/nova_ssd/workspaces/scout/install/scout_msgs/include/scout_msgs/scout_msgs/msg/detail/scout_rc_state__builder.hpp
[0.806s] -- Up-to-date: /mnt/nova_ssd/workspaces/scout/install/scout_msgs/include/scout_msgs/scout_msgs/msg/detail/scout_light_cmd__struct.hpp
[0.806s] -- Up-to-date: /mnt/nova_ssd/workspaces/scout/install/scout_msgs/include/scout_msgs/scout_msgs/msg/detail/scout_light_cmd__builder.hpp
[0.806s] -- Up-to-date: /mnt/nova_ssd/workspaces/scout/install/scout_msgs/include/scout_msgs/scout_msgs/msg/detail/scout_status__struct.hpp
[0.807s] -- Up-to-date: /mnt/nova_ssd/workspaces/scout/install/scout_msgs/include/scout_msgs/scout_msgs/msg/detail/scout_light_state__traits.hpp
[0.807s] -- Up-to-date: /mnt/nova_ssd/workspaces/scout/install/scout_msgs/include/scout_msgs/scout_msgs/msg/detail/scout_actuator_state__builder.hpp
[0.807s] -- Up-to-date: /mnt/nova_ssd/workspaces/scout/install/scout_msgs/include/scout_msgs/scout_msgs/msg/detail/scout_light_cmd__traits.hpp
[0.807s] -- Up-to-date: /mnt/nova_ssd/workspaces/scout/install/scout_msgs/include/scout_msgs/scout_msgs/msg/detail/scout_status__builder.hpp
[0.808s] -- Up-to-date: /mnt/nova_ssd/workspaces/scout/install/scout_msgs/include/scout_msgs/scout_msgs/msg/detail/scout_light_state__builder.hpp
[0.808s] -- Up-to-date: /mnt/nova_ssd/workspaces/scout/install/scout_msgs/include/scout_msgs/scout_msgs/msg/detail/scout_status__traits.hpp
[0.808s] -- Up-to-date: /mnt/nova_ssd/workspaces/scout/install/scout_msgs/include/scout_msgs/scout_msgs/msg/detail/scout_actuator_state__traits.hpp
[0.808s] -- Up-to-date: /mnt/nova_ssd/workspaces/scout/install/scout_msgs/include/scout_msgs/scout_msgs/msg/detail/scout_actuator_state__struct.hpp
[0.808s] -- Up-to-date: /mnt/nova_ssd/workspaces/scout/install/scout_msgs/include/scout_msgs/scout_msgs/msg/scout_rc_state.hpp
[0.809s] -- Up-to-date: /mnt/nova_ssd/workspaces/scout/install/scout_msgs/include/scout_msgs/scout_msgs/msg/scout_light_state.hpp
[0.809s] -- Up-to-date: /mnt/nova_ssd/workspaces/scout/install/scout_msgs/include/scout_msgs/scout_msgs/msg/scout_status.hpp
[0.809s] -- Up-to-date: /mnt/nova_ssd/workspaces/scout/install/scout_msgs/include/scout_msgs/scout_msgs/msg/scout_light_cmd.hpp
[0.809s] -- Up-to-date: /mnt/nova_ssd/workspaces/scout/install/scout_msgs/include/scout_msgs/scout_msgs
[0.809s] -- Up-to-date: /mnt/nova_ssd/workspaces/scout/install/scout_msgs/include/scout_msgs/scout_msgs/msg
[0.810s] -- Up-to-date: /mnt/nova_ssd/workspaces/scout/install/scout_msgs/include/scout_msgs/scout_msgs/msg/detail
[0.810s] -- Up-to-date: /mnt/nova_ssd/workspaces/scout/install/scout_msgs/include/scout_msgs/scout_msgs/msg/detail/scout_rc_state__rosidl_typesupport_fastrtps_cpp.hpp
[0.810s] -- Up-to-date: /mnt/nova_ssd/workspaces/scout/install/scout_msgs/include/scout_msgs/scout_msgs/msg/detail/scout_light_cmd__rosidl_typesupport_fastrtps_cpp.hpp
[0.810s] -- Up-to-date: /mnt/nova_ssd/workspaces/scout/install/scout_msgs/include/scout_msgs/scout_msgs/msg/detail/dds_fastrtps
[0.811s] -- Up-to-date: /mnt/nova_ssd/workspaces/scout/install/scout_msgs/include/scout_msgs/scout_msgs/msg/detail/scout_light_state__rosidl_typesupport_fastrtps_cpp.hpp
[0.811s] -- Up-to-date: /mnt/nova_ssd/workspaces/scout/install/scout_msgs/include/scout_msgs/scout_msgs/msg/detail/scout_status__rosidl_typesupport_fastrtps_cpp.hpp
[0.811s] -- Up-to-date: /mnt/nova_ssd/workspaces/scout/install/scout_msgs/include/scout_msgs/scout_msgs/msg/detail/scout_actuator_state__rosidl_typesupport_fastrtps_cpp.hpp
[0.811s] -- Up-to-date: /mnt/nova_ssd/workspaces/scout/install/scout_msgs/include/scout_msgs/scout_msgs/msg/rosidl_typesupport_fastrtps_cpp__visibility_control.h
[0.811s] -- Up-to-date: /mnt/nova_ssd/workspaces/scout/install/scout_msgs/lib/libscout_msgs__rosidl_typesupport_fastrtps_cpp.so
[0.812s] -- Up-to-date: /mnt/nova_ssd/workspaces/scout/install/scout_msgs/include/scout_msgs/scout_msgs
[0.812s] -- Up-to-date: /mnt/nova_ssd/workspaces/scout/install/scout_msgs/include/scout_msgs/scout_msgs/msg
[0.812s] -- Up-to-date: /mnt/nova_ssd/workspaces/scout/install/scout_msgs/include/scout_msgs/scout_msgs/msg/detail
[0.812s] -- Up-to-date: /mnt/nova_ssd/workspaces/scout/install/scout_msgs/include/scout_msgs/scout_msgs/msg/detail/scout_rc_state__rosidl_typesupport_introspection_c.h
[0.812s] -- Up-to-date: /mnt/nova_ssd/workspaces/scout/install/scout_msgs/include/scout_msgs/scout_msgs/msg/detail/scout_light_cmd__type_support.c
[0.813s] -- Up-to-date: /mnt/nova_ssd/workspaces/scout/install/scout_msgs/include/scout_msgs/scout_msgs/msg/detail/scout_actuator_state__rosidl_typesupport_introspection_c.h
[0.813s] -- Up-to-date: /mnt/nova_ssd/workspaces/scout/install/scout_msgs/include/scout_msgs/scout_msgs/msg/detail/scout_light_cmd__rosidl_typesupport_introspection_c.h
[0.813s] -- Up-to-date: /mnt/nova_ssd/workspaces/scout/install/scout_msgs/include/scout_msgs/scout_msgs/msg/detail/scout_light_state__type_support.c
[0.813s] -- Up-to-date: /mnt/nova_ssd/workspaces/scout/install/scout_msgs/include/scout_msgs/scout_msgs/msg/detail/scout_light_state__rosidl_typesupport_introspection_c.h
[0.814s] -- Up-to-date: /mnt/nova_ssd/workspaces/scout/install/scout_msgs/include/scout_msgs/scout_msgs/msg/detail/scout_status__type_support.c
[0.814s] -- Up-to-date: /mnt/nova_ssd/workspaces/scout/install/scout_msgs/include/scout_msgs/scout_msgs/msg/detail/scout_status__rosidl_typesupport_introspection_c.h
[0.814s] -- Up-to-date: /mnt/nova_ssd/workspaces/scout/install/scout_msgs/include/scout_msgs/scout_msgs/msg/detail/scout_rc_state__type_support.c
[0.814s] -- Up-to-date: /mnt/nova_ssd/workspaces/scout/install/scout_msgs/include/scout_msgs/scout_msgs/msg/detail/scout_actuator_state__type_support.c
[0.815s] -- Up-to-date: /mnt/nova_ssd/workspaces/scout/install/scout_msgs/include/scout_msgs/scout_msgs/msg/rosidl_typesupport_introspection_c__visibility_control.h
[0.815s] -- Up-to-date: /mnt/nova_ssd/workspaces/scout/install/scout_msgs/lib/libscout_msgs__rosidl_typesupport_introspection_c.so
[0.815s] -- Up-to-date: /mnt/nova_ssd/workspaces/scout/install/scout_msgs/lib/libscout_msgs__rosidl_typesupport_c.so
[0.815s] -- Up-to-date: /mnt/nova_ssd/workspaces/scout/install/scout_msgs/include/scout_msgs/scout_msgs
[0.815s] -- Up-to-date: /mnt/nova_ssd/workspaces/scout/install/scout_msgs/include/scout_msgs/scout_msgs/msg
[0.816s] -- Up-to-date: /mnt/nova_ssd/workspaces/scout/install/scout_msgs/include/scout_msgs/scout_msgs/msg/detail
[0.816s] -- Up-to-date: /mnt/nova_ssd/workspaces/scout/install/scout_msgs/include/scout_msgs/scout_msgs/msg/detail/scout_light_state__type_support.cpp
[0.816s] -- Up-to-date: /mnt/nova_ssd/workspaces/scout/install/scout_msgs/include/scout_msgs/scout_msgs/msg/detail/scout_actuator_state__type_support.cpp
[0.816s] -- Up-to-date: /mnt/nova_ssd/workspaces/scout/install/scout_msgs/include/scout_msgs/scout_msgs/msg/detail/scout_status__type_support.cpp
[0.816s] -- Up-to-date: /mnt/nova_ssd/workspaces/scout/install/scout_msgs/include/scout_msgs/scout_msgs/msg/detail/scout_status__rosidl_typesupport_introspection_cpp.hpp
[0.817s] -- Up-to-date: /mnt/nova_ssd/workspaces/scout/install/scout_msgs/include/scout_msgs/scout_msgs/msg/detail/scout_rc_state__type_support.cpp
[0.817s] -- Up-to-date: /mnt/nova_ssd/workspaces/scout/install/scout_msgs/include/scout_msgs/scout_msgs/msg/detail/scout_light_cmd__rosidl_typesupport_introspection_cpp.hpp
[0.817s] -- Up-to-date: /mnt/nova_ssd/workspaces/scout/install/scout_msgs/include/scout_msgs/scout_msgs/msg/detail/scout_light_state__rosidl_typesupport_introspection_cpp.hpp
[0.817s] -- Up-to-date: /mnt/nova_ssd/workspaces/scout/install/scout_msgs/include/scout_msgs/scout_msgs/msg/detail/scout_actuator_state__rosidl_typesupport_introspection_cpp.hpp
[0.817s] -- Up-to-date: /mnt/nova_ssd/workspaces/scout/install/scout_msgs/include/scout_msgs/scout_msgs/msg/detail/scout_rc_state__rosidl_typesupport_introspection_cpp.hpp
[0.818s] -- Up-to-date: /mnt/nova_ssd/workspaces/scout/install/scout_msgs/include/scout_msgs/scout_msgs/msg/detail/scout_light_cmd__type_support.cpp
[0.818s] -- Up-to-date: /mnt/nova_ssd/workspaces/scout/install/scout_msgs/lib/libscout_msgs__rosidl_typesupport_introspection_cpp.so
[0.818s] -- Up-to-date: /mnt/nova_ssd/workspaces/scout/install/scout_msgs/lib/libscout_msgs__rosidl_typesupport_cpp.so
[0.818s] -- Up-to-date: /mnt/nova_ssd/workspaces/scout/install/scout_msgs/share/scout_msgs/environment/pythonpath.sh
[0.819s] -- Up-to-date: /mnt/nova_ssd/workspaces/scout/install/scout_msgs/share/scout_msgs/environment/pythonpath.dsv
[0.819s] -- Up-to-date: /mnt/nova_ssd/workspaces/scout/install/scout_msgs/local/lib/python3.10/dist-packages/scout_msgs-0.1.0-py3.10.egg-info
[0.819s] -- Installing: /mnt/nova_ssd/workspaces/scout/install/scout_msgs/local/lib/python3.10/dist-packages/scout_msgs-0.1.0-py3.10.egg-info/PKG-INFO
[0.819s] -- Installing: /mnt/nova_ssd/workspaces/scout/install/scout_msgs/local/lib/python3.10/dist-packages/scout_msgs-0.1.0-py3.10.egg-info/dependency_links.txt
[0.819s] -- Installing: /mnt/nova_ssd/workspaces/scout/install/scout_msgs/local/lib/python3.10/dist-packages/scout_msgs-0.1.0-py3.10.egg-info/SOURCES.txt
[0.820s] -- Installing: /mnt/nova_ssd/workspaces/scout/install/scout_msgs/local/lib/python3.10/dist-packages/scout_msgs-0.1.0-py3.10.egg-info/top_level.txt
[0.820s] -- Up-to-date: /mnt/nova_ssd/workspaces/scout/install/scout_msgs/local/lib/python3.10/dist-packages/scout_msgs
[0.820s] -- Up-to-date: /mnt/nova_ssd/workspaces/scout/install/scout_msgs/local/lib/python3.10/dist-packages/scout_msgs/libscout_msgs__rosidl_generator_py.so
[0.820s] -- Up-to-date: /mnt/nova_ssd/workspaces/scout/install/scout_msgs/local/lib/python3.10/dist-packages/scout_msgs/_scout_msgs_s.ep.rosidl_typesupport_introspection_c.c
[0.821s] -- Up-to-date: /mnt/nova_ssd/workspaces/scout/install/scout_msgs/local/lib/python3.10/dist-packages/scout_msgs/scout_msgs_s__rosidl_typesupport_introspection_c.cpython-310-aarch64-linux-gnu.so
[0.821s] -- Up-to-date: /mnt/nova_ssd/workspaces/scout/install/scout_msgs/local/lib/python3.10/dist-packages/scout_msgs/_scout_msgs_s.ep.rosidl_typesupport_fastrtps_c.c
[0.821s] -- Up-to-date: /mnt/nova_ssd/workspaces/scout/install/scout_msgs/local/lib/python3.10/dist-packages/scout_msgs/msg
[0.821s] -- Up-to-date: /mnt/nova_ssd/workspaces/scout/install/scout_msgs/local/lib/python3.10/dist-packages/scout_msgs/msg/_scout_light_cmd_s.c
[0.821s] -- Up-to-date: /mnt/nova_ssd/workspaces/scout/install/scout_msgs/local/lib/python3.10/dist-packages/scout_msgs/msg/_scout_actuator_state.py
[0.822s] -- Up-to-date: /mnt/nova_ssd/workspaces/scout/install/scout_msgs/local/lib/python3.10/dist-packages/scout_msgs/msg/_scout_light_state.py
[0.822s] -- Up-to-date: /mnt/nova_ssd/workspaces/scout/install/scout_msgs/local/lib/python3.10/dist-packages/scout_msgs/msg/_scout_light_cmd.py
[0.822s] -- Up-to-date: /mnt/nova_ssd/workspaces/scout/install/scout_msgs/local/lib/python3.10/dist-packages/scout_msgs/msg/_scout_light_state_s.c
[0.822s] -- Up-to-date: /mnt/nova_ssd/workspaces/scout/install/scout_msgs/local/lib/python3.10/dist-packages/scout_msgs/msg/_scout_status_s.c
[0.822s] -- Up-to-date: /mnt/nova_ssd/workspaces/scout/install/scout_msgs/local/lib/python3.10/dist-packages/scout_msgs/msg/_scout_actuator_state_s.c
[0.823s] -- Up-to-date: /mnt/nova_ssd/workspaces/scout/install/scout_msgs/local/lib/python3.10/dist-packages/scout_msgs/msg/_scout_rc_state.py
[0.823s] -- Up-to-date: /mnt/nova_ssd/workspaces/scout/install/scout_msgs/local/lib/python3.10/dist-packages/scout_msgs/msg/_scout_status.py
[0.823s] -- Up-to-date: /mnt/nova_ssd/workspaces/scout/install/scout_msgs/local/lib/python3.10/dist-packages/scout_msgs/msg/_scout_rc_state_s.c
[0.823s] -- Up-to-date: /mnt/nova_ssd/workspaces/scout/install/scout_msgs/local/lib/python3.10/dist-packages/scout_msgs/msg/__init__.py
[0.824s] -- Up-to-date: /mnt/nova_ssd/workspaces/scout/install/scout_msgs/local/lib/python3.10/dist-packages/scout_msgs/_scout_msgs_s.ep.rosidl_typesupport_c.c
[0.824s] -- Up-to-date: /mnt/nova_ssd/workspaces/scout/install/scout_msgs/local/lib/python3.10/dist-packages/scout_msgs/scout_msgs_s__rosidl_typesupport_c.cpython-310-aarch64-linux-gnu.so
[0.824s] -- Up-to-date: /mnt/nova_ssd/workspaces/scout/install/scout_msgs/local/lib/python3.10/dist-packages/scout_msgs/scout_msgs_s__rosidl_typesupport_fastrtps_c.cpython-310-aarch64-linux-gnu.so
[0.824s] -- Up-to-date: /mnt/nova_ssd/workspaces/scout/install/scout_msgs/local/lib/python3.10/dist-packages/scout_msgs/__init__.py
[0.848s] Listing '/mnt/nova_ssd/workspaces/scout/install/scout_msgs/local/lib/python3.10/dist-packages/scout_msgs'...
[0.848s] Listing '/mnt/nova_ssd/workspaces/scout/install/scout_msgs/local/lib/python3.10/dist-packages/scout_msgs/msg'...
[0.855s] -- Up-to-date: /mnt/nova_ssd/workspaces/scout/install/scout_msgs/local/lib/python3.10/dist-packages/scout_msgs/scout_msgs_s__rosidl_typesupport_fastrtps_c.cpython-310-aarch64-linux-gnu.so
[0.855s] -- Up-to-date: /mnt/nova_ssd/workspaces/scout/install/scout_msgs/local/lib/python3.10/dist-packages/scout_msgs/scout_msgs_s__rosidl_typesupport_introspection_c.cpython-310-aarch64-linux-gnu.so
[0.856s] -- Up-to-date: /mnt/nova_ssd/workspaces/scout/install/scout_msgs/local/lib/python3.10/dist-packages/scout_msgs/scout_msgs_s__rosidl_typesupport_c.cpython-310-aarch64-linux-gnu.so
[0.856s] -- Up-to-date: /mnt/nova_ssd/workspaces/scout/install/scout_msgs/lib/libscout_msgs__rosidl_generator_py.so
[0.857s] -- Up-to-date: /mnt/nova_ssd/workspaces/scout/install/scout_msgs/share/scout_msgs/msg/ScoutActuatorState.idl
[0.857s] -- Up-to-date: /mnt/nova_ssd/workspaces/scout/install/scout_msgs/share/scout_msgs/msg/ScoutLightCmd.idl
[0.857s] -- Up-to-date: /mnt/nova_ssd/workspaces/scout/install/scout_msgs/share/scout_msgs/msg/ScoutLightState.idl
[0.858s] -- Up-to-date: /mnt/nova_ssd/workspaces/scout/install/scout_msgs/share/scout_msgs/msg/ScoutRCState.idl
[0.858s] -- Up-to-date: /mnt/nova_ssd/workspaces/scout/install/scout_msgs/share/scout_msgs/msg/ScoutStatus.idl
[0.858s] -- Up-to-date: /mnt/nova_ssd/workspaces/scout/install/scout_msgs/share/scout_msgs/msg/ScoutActuatorState.msg
[0.859s] -- Up-to-date: /mnt/nova_ssd/workspaces/scout/install/scout_msgs/share/scout_msgs/msg/ScoutLightCmd.msg
[0.859s] -- Up-to-date: /mnt/nova_ssd/workspaces/scout/install/scout_msgs/share/scout_msgs/msg/ScoutLightState.msg
[0.859s] -- Up-to-date: /mnt/nova_ssd/workspaces/scout/install/scout_msgs/share/scout_msgs/msg/ScoutRCState.msg
[0.860s] -- Up-to-date: /mnt/nova_ssd/workspaces/scout/install/scout_msgs/share/scout_msgs/msg/ScoutStatus.msg
[0.860s] -- Up-to-date: /mnt/nova_ssd/workspaces/scout/install/scout_msgs/share/ament_index/resource_index/package_run_dependencies/scout_msgs
[0.861s] -- Up-to-date: /mnt/nova_ssd/workspaces/scout/install/scout_msgs/share/ament_index/resource_index/parent_prefix_path/scout_msgs
[0.861s] -- Up-to-date: /mnt/nova_ssd/workspaces/scout/install/scout_msgs/share/scout_msgs/environment/ament_prefix_path.sh
[0.861s] -- Up-to-date: /mnt/nova_ssd/workspaces/scout/install/scout_msgs/share/scout_msgs/environment/ament_prefix_path.dsv
[0.862s] -- Up-to-date: /mnt/nova_ssd/workspaces/scout/install/scout_msgs/share/scout_msgs/environment/path.sh
[0.862s] -- Up-to-date: /mnt/nova_ssd/workspaces/scout/install/scout_msgs/share/scout_msgs/environment/path.dsv
[0.862s] -- Up-to-date: /mnt/nova_ssd/workspaces/scout/install/scout_msgs/share/scout_msgs/local_setup.bash
[0.862s] -- Up-to-date: /mnt/nova_ssd/workspaces/scout/install/scout_msgs/share/scout_msgs/local_setup.sh
[0.863s] -- Up-to-date: /mnt/nova_ssd/workspaces/scout/install/scout_msgs/share/scout_msgs/local_setup.zsh
[0.863s] -- Up-to-date: /mnt/nova_ssd/workspaces/scout/install/scout_msgs/share/scout_msgs/local_setup.dsv
[0.863s] -- Installing: /mnt/nova_ssd/workspaces/scout/install/scout_msgs/share/scout_msgs/package.dsv
[0.863s] -- Up-to-date: /mnt/nova_ssd/workspaces/scout/install/scout_msgs/share/ament_index/resource_index/packages/scout_msgs
[0.864s] -- Up-to-date: /mnt/nova_ssd/workspaces/scout/install/scout_msgs/share/scout_msgs/cmake/export_scout_msgs__rosidl_generator_cExport.cmake
[0.864s] -- Up-to-date: /mnt/nova_ssd/workspaces/scout/install/scout_msgs/share/scout_msgs/cmake/export_scout_msgs__rosidl_generator_cExport-noconfig.cmake
[0.864s] -- Up-to-date: /mnt/nova_ssd/workspaces/scout/install/scout_msgs/share/scout_msgs/cmake/export_scout_msgs__rosidl_typesupport_fastrtps_cExport.cmake
[0.864s] -- Up-to-date: /mnt/nova_ssd/workspaces/scout/install/scout_msgs/share/scout_msgs/cmake/export_scout_msgs__rosidl_typesupport_fastrtps_cExport-noconfig.cmake
[0.864s] -- Up-to-date: /mnt/nova_ssd/workspaces/scout/install/scout_msgs/share/scout_msgs/cmake/export_scout_msgs__rosidl_generator_cppExport.cmake
[0.865s] -- Up-to-date: /mnt/nova_ssd/workspaces/scout/install/scout_msgs/share/scout_msgs/cmake/export_scout_msgs__rosidl_typesupport_fastrtps_cppExport.cmake
[0.865s] -- Up-to-date: /mnt/nova_ssd/workspaces/scout/install/scout_msgs/share/scout_msgs/cmake/export_scout_msgs__rosidl_typesupport_fastrtps_cppExport-noconfig.cmake
[0.868s] -- Up-to-date: /mnt/nova_ssd/workspaces/scout/install/scout_msgs/share/scout_msgs/cmake/scout_msgs__rosidl_typesupport_introspection_cExport.cmake
[0.869s] -- Up-to-date: /mnt/nova_ssd/workspaces/scout/install/scout_msgs/share/scout_msgs/cmake/scout_msgs__rosidl_typesupport_introspection_cExport-noconfig.cmake
[0.870s] -- Up-to-date: /mnt/nova_ssd/workspaces/scout/install/scout_msgs/share/scout_msgs/cmake/scout_msgs__rosidl_typesupport_cExport.cmake
[0.870s] -- Up-to-date: /mnt/nova_ssd/workspaces/scout/install/scout_msgs/share/scout_msgs/cmake/scout_msgs__rosidl_typesupport_cExport-noconfig.cmake
[0.871s] -- Up-to-date: /mnt/nova_ssd/workspaces/scout/install/scout_msgs/share/scout_msgs/cmake/scout_msgs__rosidl_typesupport_introspection_cppExport.cmake
[0.871s] -- Up-to-date: /mnt/nova_ssd/workspaces/scout/install/scout_msgs/share/scout_msgs/cmake/scout_msgs__rosidl_typesupport_introspection_cppExport-noconfig.cmake
[0.872s] -- Up-to-date: /mnt/nova_ssd/workspaces/scout/install/scout_msgs/share/scout_msgs/cmake/scout_msgs__rosidl_typesupport_cppExport.cmake
[0.872s] -- Up-to-date: /mnt/nova_ssd/workspaces/scout/install/scout_msgs/share/scout_msgs/cmake/scout_msgs__rosidl_typesupport_cppExport-noconfig.cmake
[0.872s] -- Up-to-date: /mnt/nova_ssd/workspaces/scout/install/scout_msgs/share/scout_msgs/cmake/export_scout_msgs__rosidl_generator_pyExport.cmake
[0.873s] -- Up-to-date: /mnt/nova_ssd/workspaces/scout/install/scout_msgs/share/scout_msgs/cmake/export_scout_msgs__rosidl_generator_pyExport-noconfig.cmake
[0.873s] -- Up-to-date: /mnt/nova_ssd/workspaces/scout/install/scout_msgs/share/scout_msgs/cmake/rosidl_cmake-extras.cmake
[0.874s] -- Up-to-date: /mnt/nova_ssd/workspaces/scout/install/scout_msgs/share/scout_msgs/cmake/ament_cmake_export_dependencies-extras.cmake
[0.874s] -- Up-to-date: /mnt/nova_ssd/workspaces/scout/install/scout_msgs/share/scout_msgs/cmake/ament_cmake_export_include_directories-extras.cmake
[0.875s] -- Up-to-date: /mnt/nova_ssd/workspaces/scout/install/scout_msgs/share/scout_msgs/cmake/ament_cmake_export_libraries-extras.cmake
[0.875s] -- Up-to-date: /mnt/nova_ssd/workspaces/scout/install/scout_msgs/share/scout_msgs/cmake/ament_cmake_export_targets-extras.cmake
[0.876s] -- Up-to-date: /mnt/nova_ssd/workspaces/scout/install/scout_msgs/share/scout_msgs/cmake/rosidl_cmake_export_typesupport_targets-extras.cmake
[0.876s] -- Up-to-date: /mnt/nova_ssd/workspaces/scout/install/scout_msgs/share/scout_msgs/cmake/rosidl_cmake_export_typesupport_libraries-extras.cmake
[0.876s] -- Up-to-date: /mnt/nova_ssd/workspaces/scout/install/scout_msgs/share/scout_msgs/cmake/scout_msgsConfig.cmake
[0.877s] -- Up-to-date: /mnt/nova_ssd/workspaces/scout/install/scout_msgs/share/scout_msgs/cmake/scout_msgsConfig-version.cmake
[0.877s] -- Up-to-date: /mnt/nova_ssd/workspaces/scout/install/scout_msgs/share/scout_msgs/package.xml
[0.878s] Invoked command in '/mnt/nova_ssd/workspaces/scout/build/scout_msgs' returned '0': CMAKE_PREFIX_PATH=/mnt/nova_ssd/workspaces/scout/install/scout_base:/opt/ros/humble:/mnt/nova_ssd/workspaces/scout/install/ugv_sdk:/mnt/nova_ssd/workspaces/scout/install/scout_msgs:/mnt/nova_ssd/workspaces/scout/install/scout_description /usr/bin/cmake --install /mnt/nova_ssd/workspaces/scout/build/scout_msgs
