[0.165s] DEBUG:colcon:Command line arguments: ['/usr/bin/colcon', 'build']
[0.165s] DEBUG:colcon:Parsed command line arguments: Namespace(log_base=None, log_level=None, verb_name='build', build_base='build', install_base='install', merge_install=False, symlink_install=False, test_result_base=None, continue_on_error=False, executor='parallel', parallel_workers=12, event_handlers=None, ignore_user_meta=False, metas=['./colcon.meta'], base_paths=['.'], packages_ignore=None, packages_ignore_regex=None, paths=None, packages_up_to=None, packages_up_to_regex=None, packages_above=None, packages_above_and_dependencies=None, packages_above_depth=None, packages_select_by_dep=None, packages_skip_by_dep=None, packages_skip_up_to=None, packages_select_build_failed=False, packages_skip_build_finished=False, packages_select_test_failures=False, packages_skip_test_passed=False, packages_select=None, packages_skip=None, packages_select_regex=None, packages_skip_regex=None, packages_start=None, packages_end=None, allow_overriding=[], cmake_args=None, cmake_target=None, cmake_target_skip_unavailable=False, cmake_clean_cache=False, cmake_clean_first=False, cmake_force_configure=False, ament_cmake_args=None, catkin_cmake_args=None, catkin_skip_building_tests=False, mixin_files=None, mixin=None, verb_parser=<colcon_mixin.mixin.mixin_argument.MixinArgumentDecorator object at 0xffffa57654b0>, verb_extension=<colcon_core.verb.build.BuildVerb object at 0xffffa5764f70>, main=<bound method BuildVerb.main of <colcon_core.verb.build.BuildVerb object at 0xffffa5764f70>>, mixin_verb=('build',))
[0.403s] Level 1:colcon.colcon_core.package_discovery:discover_packages(colcon_meta) check parameters
[0.403s] Level 1:colcon.colcon_core.package_discovery:discover_packages(recursive) check parameters
[0.403s] Level 1:colcon.colcon_core.package_discovery:discover_packages(ignore) check parameters
[0.403s] Level 1:colcon.colcon_core.package_discovery:discover_packages(path) check parameters
[0.403s] Level 1:colcon.colcon_core.package_discovery:discover_packages(colcon_meta) discover
[0.403s] Level 1:colcon.colcon_core.package_discovery:discover_packages(recursive) discover
[0.403s] INFO:colcon.colcon_core.package_discovery:Crawling recursively for packages in '/mnt/nova_ssd/workspaces/scout'
[0.403s] Level 1:colcon.colcon_core.package_identification:_identify(.) by extensions ['ignore', 'ignore_ament_install']
[0.404s] Level 1:colcon.colcon_core.package_identification:_identify(.) by extension 'ignore'
[0.404s] Level 1:colcon.colcon_core.package_identification:_identify(.) by extension 'ignore_ament_install'
[0.404s] Level 1:colcon.colcon_core.package_identification:_identify(.) by extensions ['colcon_pkg']
[0.404s] Level 1:colcon.colcon_core.package_identification:_identify(.) by extension 'colcon_pkg'
[0.404s] Level 1:colcon.colcon_core.package_identification:_identify(.) by extensions ['colcon_meta']
[0.404s] Level 1:colcon.colcon_core.package_identification:_identify(.) by extension 'colcon_meta'
[0.404s] Level 1:colcon.colcon_core.package_identification:_identify(.) by extensions ['ros']
[0.404s] Level 1:colcon.colcon_core.package_identification:_identify(.) by extension 'ros'
[0.419s] Level 1:colcon.colcon_core.package_identification:_identify(.) by extensions ['cmake', 'python']
[0.419s] Level 1:colcon.colcon_core.package_identification:_identify(.) by extension 'cmake'
[0.420s] Level 1:colcon.colcon_core.package_identification:_identify(.) by extension 'python'
[0.420s] Level 1:colcon.colcon_core.package_identification:_identify(.) by extensions ['python_setup_py']
[0.420s] Level 1:colcon.colcon_core.package_identification:_identify(.) by extension 'python_setup_py'
[0.420s] Level 1:colcon.colcon_core.package_identification:_identify(build) by extensions ['ignore', 'ignore_ament_install']
[0.420s] Level 1:colcon.colcon_core.package_identification:_identify(build) by extension 'ignore'
[0.420s] Level 1:colcon.colcon_core.package_identification:_identify(build) ignored
[0.420s] Level 1:colcon.colcon_core.package_identification:_identify(install) by extensions ['ignore', 'ignore_ament_install']
[0.421s] Level 1:colcon.colcon_core.package_identification:_identify(install) by extension 'ignore'
[0.421s] Level 1:colcon.colcon_core.package_identification:_identify(install) ignored
[0.421s] Level 1:colcon.colcon_core.package_identification:_identify(log) by extensions ['ignore', 'ignore_ament_install']
[0.421s] Level 1:colcon.colcon_core.package_identification:_identify(log) by extension 'ignore'
[0.421s] Level 1:colcon.colcon_core.package_identification:_identify(log) ignored
[0.421s] Level 1:colcon.colcon_core.package_identification:_identify(src) by extensions ['ignore', 'ignore_ament_install']
[0.421s] Level 1:colcon.colcon_core.package_identification:_identify(src) by extension 'ignore'
[0.421s] Level 1:colcon.colcon_core.package_identification:_identify(src) by extension 'ignore_ament_install'
[0.421s] Level 1:colcon.colcon_core.package_identification:_identify(src) by extensions ['colcon_pkg']
[0.421s] Level 1:colcon.colcon_core.package_identification:_identify(src) by extension 'colcon_pkg'
[0.421s] Level 1:colcon.colcon_core.package_identification:_identify(src) by extensions ['colcon_meta']
[0.421s] Level 1:colcon.colcon_core.package_identification:_identify(src) by extension 'colcon_meta'
[0.422s] Level 1:colcon.colcon_core.package_identification:_identify(src) by extensions ['ros']
[0.422s] Level 1:colcon.colcon_core.package_identification:_identify(src) by extension 'ros'
[0.422s] Level 1:colcon.colcon_core.package_identification:_identify(src) by extensions ['cmake', 'python']
[0.422s] Level 1:colcon.colcon_core.package_identification:_identify(src) by extension 'cmake'
[0.422s] Level 1:colcon.colcon_core.package_identification:_identify(src) by extension 'python'
[0.422s] Level 1:colcon.colcon_core.package_identification:_identify(src) by extensions ['python_setup_py']
[0.422s] Level 1:colcon.colcon_core.package_identification:_identify(src) by extension 'python_setup_py'
[0.422s] Level 1:colcon.colcon_core.package_identification:_identify(src/scout_ros2) by extensions ['ignore', 'ignore_ament_install']
[0.422s] Level 1:colcon.colcon_core.package_identification:_identify(src/scout_ros2) by extension 'ignore'
[0.422s] Level 1:colcon.colcon_core.package_identification:_identify(src/scout_ros2) by extension 'ignore_ament_install'
[0.422s] Level 1:colcon.colcon_core.package_identification:_identify(src/scout_ros2) by extensions ['colcon_pkg']
[0.422s] Level 1:colcon.colcon_core.package_identification:_identify(src/scout_ros2) by extension 'colcon_pkg'
[0.422s] Level 1:colcon.colcon_core.package_identification:_identify(src/scout_ros2) by extensions ['colcon_meta']
[0.422s] Level 1:colcon.colcon_core.package_identification:_identify(src/scout_ros2) by extension 'colcon_meta'
[0.423s] Level 1:colcon.colcon_core.package_identification:_identify(src/scout_ros2) by extensions ['ros']
[0.423s] Level 1:colcon.colcon_core.package_identification:_identify(src/scout_ros2) by extension 'ros'
[0.423s] Level 1:colcon.colcon_core.package_identification:_identify(src/scout_ros2) by extensions ['cmake', 'python']
[0.423s] Level 1:colcon.colcon_core.package_identification:_identify(src/scout_ros2) by extension 'cmake'
[0.423s] Level 1:colcon.colcon_core.package_identification:_identify(src/scout_ros2) by extension 'python'
[0.423s] Level 1:colcon.colcon_core.package_identification:_identify(src/scout_ros2) by extensions ['python_setup_py']
[0.423s] Level 1:colcon.colcon_core.package_identification:_identify(src/scout_ros2) by extension 'python_setup_py'
[0.423s] Level 1:colcon.colcon_core.package_identification:_identify(src/scout_ros2/scout_base) by extensions ['ignore', 'ignore_ament_install']
[0.423s] Level 1:colcon.colcon_core.package_identification:_identify(src/scout_ros2/scout_base) by extension 'ignore'
[0.423s] Level 1:colcon.colcon_core.package_identification:_identify(src/scout_ros2/scout_base) by extension 'ignore_ament_install'
[0.423s] Level 1:colcon.colcon_core.package_identification:_identify(src/scout_ros2/scout_base) by extensions ['colcon_pkg']
[0.423s] Level 1:colcon.colcon_core.package_identification:_identify(src/scout_ros2/scout_base) by extension 'colcon_pkg'
[0.423s] Level 1:colcon.colcon_core.package_identification:_identify(src/scout_ros2/scout_base) by extensions ['colcon_meta']
[0.424s] Level 1:colcon.colcon_core.package_identification:_identify(src/scout_ros2/scout_base) by extension 'colcon_meta'
[0.424s] Level 1:colcon.colcon_core.package_identification:_identify(src/scout_ros2/scout_base) by extensions ['ros']
[0.424s] Level 1:colcon.colcon_core.package_identification:_identify(src/scout_ros2/scout_base) by extension 'ros'
[0.428s] DEBUG:colcon.colcon_core.package_identification:Package 'src/scout_ros2/scout_base' with type 'ros.ament_cmake' and name 'scout_base'
[0.428s] Level 1:colcon.colcon_core.package_identification:_identify(src/scout_ros2/scout_description) by extensions ['ignore', 'ignore_ament_install']
[0.428s] Level 1:colcon.colcon_core.package_identification:_identify(src/scout_ros2/scout_description) by extension 'ignore'
[0.428s] Level 1:colcon.colcon_core.package_identification:_identify(src/scout_ros2/scout_description) by extension 'ignore_ament_install'
[0.428s] Level 1:colcon.colcon_core.package_identification:_identify(src/scout_ros2/scout_description) by extensions ['colcon_pkg']
[0.428s] Level 1:colcon.colcon_core.package_identification:_identify(src/scout_ros2/scout_description) by extension 'colcon_pkg'
[0.428s] Level 1:colcon.colcon_core.package_identification:_identify(src/scout_ros2/scout_description) by extensions ['colcon_meta']
[0.429s] Level 1:colcon.colcon_core.package_identification:_identify(src/scout_ros2/scout_description) by extension 'colcon_meta'
[0.429s] Level 1:colcon.colcon_core.package_identification:_identify(src/scout_ros2/scout_description) by extensions ['ros']
[0.429s] Level 1:colcon.colcon_core.package_identification:_identify(src/scout_ros2/scout_description) by extension 'ros'
[0.429s] DEBUG:colcon.colcon_core.package_identification:Package 'src/scout_ros2/scout_description' with type 'ros.ament_cmake' and name 'scout_description'
[0.429s] Level 1:colcon.colcon_core.package_identification:_identify(src/scout_ros2/scout_msgs) by extensions ['ignore', 'ignore_ament_install']
[0.430s] Level 1:colcon.colcon_core.package_identification:_identify(src/scout_ros2/scout_msgs) by extension 'ignore'
[0.430s] Level 1:colcon.colcon_core.package_identification:_identify(src/scout_ros2/scout_msgs) by extension 'ignore_ament_install'
[0.430s] Level 1:colcon.colcon_core.package_identification:_identify(src/scout_ros2/scout_msgs) by extensions ['colcon_pkg']
[0.430s] Level 1:colcon.colcon_core.package_identification:_identify(src/scout_ros2/scout_msgs) by extension 'colcon_pkg'
[0.430s] Level 1:colcon.colcon_core.package_identification:_identify(src/scout_ros2/scout_msgs) by extensions ['colcon_meta']
[0.430s] Level 1:colcon.colcon_core.package_identification:_identify(src/scout_ros2/scout_msgs) by extension 'colcon_meta'
[0.430s] Level 1:colcon.colcon_core.package_identification:_identify(src/scout_ros2/scout_msgs) by extensions ['ros']
[0.430s] Level 1:colcon.colcon_core.package_identification:_identify(src/scout_ros2/scout_msgs) by extension 'ros'
[0.431s] DEBUG:colcon.colcon_core.package_identification:Package 'src/scout_ros2/scout_msgs' with type 'ros.ament_cmake' and name 'scout_msgs'
[0.431s] Level 1:colcon.colcon_core.package_identification:_identify(src/ugv_sdk) by extensions ['ignore', 'ignore_ament_install']
[0.431s] Level 1:colcon.colcon_core.package_identification:_identify(src/ugv_sdk) by extension 'ignore'
[0.431s] Level 1:colcon.colcon_core.package_identification:_identify(src/ugv_sdk) by extension 'ignore_ament_install'
[0.431s] Level 1:colcon.colcon_core.package_identification:_identify(src/ugv_sdk) by extensions ['colcon_pkg']
[0.431s] Level 1:colcon.colcon_core.package_identification:_identify(src/ugv_sdk) by extension 'colcon_pkg'
[0.431s] Level 1:colcon.colcon_core.package_identification:_identify(src/ugv_sdk) by extensions ['colcon_meta']
[0.431s] Level 1:colcon.colcon_core.package_identification:_identify(src/ugv_sdk) by extension 'colcon_meta'
[0.432s] Level 1:colcon.colcon_core.package_identification:_identify(src/ugv_sdk) by extensions ['ros']
[0.432s] Level 1:colcon.colcon_core.package_identification:_identify(src/ugv_sdk) by extension 'ros'
[0.432s] DEBUG:colcon.colcon_core.package_identification:Package 'src/ugv_sdk' with type 'ros.catkin' and name 'ugv_sdk'
[0.432s] Level 1:colcon.colcon_core.package_discovery:discover_packages(recursive) using defaults
[0.432s] Level 1:colcon.colcon_core.package_discovery:discover_packages(ignore) discover
[0.432s] Level 1:colcon.colcon_core.package_discovery:discover_packages(ignore) using defaults
[0.432s] Level 1:colcon.colcon_core.package_discovery:discover_packages(path) discover
[0.432s] Level 1:colcon.colcon_core.package_discovery:discover_packages(path) using defaults
[0.480s] Level 1:colcon.colcon_core.package_discovery:discover_packages(prefix_path) check parameters
[0.480s] Level 1:colcon.colcon_core.package_discovery:discover_packages(prefix_path) discover
[0.484s] DEBUG:colcon.colcon_installed_package_information.package_discovery:Found 308 installed packages in /opt/ros/humble
[0.486s] Level 1:colcon.colcon_core.package_discovery:discover_packages(prefix_path) using defaults
[0.542s] Level 5:colcon.colcon_core.verb:set package 'scout_description' build argument 'cmake_args' from command line to 'None'
[0.542s] Level 5:colcon.colcon_core.verb:set package 'scout_description' build argument 'cmake_target' from command line to 'None'
[0.542s] Level 5:colcon.colcon_core.verb:set package 'scout_description' build argument 'cmake_target_skip_unavailable' from command line to 'False'
[0.542s] Level 5:colcon.colcon_core.verb:set package 'scout_description' build argument 'cmake_clean_cache' from command line to 'False'
[0.543s] Level 5:colcon.colcon_core.verb:set package 'scout_description' build argument 'cmake_clean_first' from command line to 'False'
[0.543s] Level 5:colcon.colcon_core.verb:set package 'scout_description' build argument 'cmake_force_configure' from command line to 'False'
[0.543s] Level 5:colcon.colcon_core.verb:set package 'scout_description' build argument 'ament_cmake_args' from command line to 'None'
[0.543s] Level 5:colcon.colcon_core.verb:set package 'scout_description' build argument 'catkin_cmake_args' from command line to 'None'
[0.543s] Level 5:colcon.colcon_core.verb:set package 'scout_description' build argument 'catkin_skip_building_tests' from command line to 'False'
[0.543s] DEBUG:colcon.colcon_core.verb:Building package 'scout_description' with the following arguments: {'ament_cmake_args': None, 'build_base': '/mnt/nova_ssd/workspaces/scout/build/scout_description', 'catkin_cmake_args': None, 'catkin_skip_building_tests': False, 'cmake_args': None, 'cmake_clean_cache': False, 'cmake_clean_first': False, 'cmake_force_configure': False, 'cmake_target': None, 'cmake_target_skip_unavailable': False, 'install_base': '/mnt/nova_ssd/workspaces/scout/install/scout_description', 'merge_install': False, 'path': '/mnt/nova_ssd/workspaces/scout/src/scout_ros2/scout_description', 'symlink_install': False, 'test_result_base': None}
[0.543s] Level 5:colcon.colcon_core.verb:set package 'scout_msgs' build argument 'cmake_args' from command line to 'None'
[0.543s] Level 5:colcon.colcon_core.verb:set package 'scout_msgs' build argument 'cmake_target' from command line to 'None'
[0.543s] Level 5:colcon.colcon_core.verb:set package 'scout_msgs' build argument 'cmake_target_skip_unavailable' from command line to 'False'
[0.543s] Level 5:colcon.colcon_core.verb:set package 'scout_msgs' build argument 'cmake_clean_cache' from command line to 'False'
[0.543s] Level 5:colcon.colcon_core.verb:set package 'scout_msgs' build argument 'cmake_clean_first' from command line to 'False'
[0.543s] Level 5:colcon.colcon_core.verb:set package 'scout_msgs' build argument 'cmake_force_configure' from command line to 'False'
[0.543s] Level 5:colcon.colcon_core.verb:set package 'scout_msgs' build argument 'ament_cmake_args' from command line to 'None'
[0.543s] Level 5:colcon.colcon_core.verb:set package 'scout_msgs' build argument 'catkin_cmake_args' from command line to 'None'
[0.543s] Level 5:colcon.colcon_core.verb:set package 'scout_msgs' build argument 'catkin_skip_building_tests' from command line to 'False'
[0.544s] DEBUG:colcon.colcon_core.verb:Building package 'scout_msgs' with the following arguments: {'ament_cmake_args': None, 'build_base': '/mnt/nova_ssd/workspaces/scout/build/scout_msgs', 'catkin_cmake_args': None, 'catkin_skip_building_tests': False, 'cmake_args': None, 'cmake_clean_cache': False, 'cmake_clean_first': False, 'cmake_force_configure': False, 'cmake_target': None, 'cmake_target_skip_unavailable': False, 'install_base': '/mnt/nova_ssd/workspaces/scout/install/scout_msgs', 'merge_install': False, 'path': '/mnt/nova_ssd/workspaces/scout/src/scout_ros2/scout_msgs', 'symlink_install': False, 'test_result_base': None}
[0.544s] Level 5:colcon.colcon_core.verb:set package 'ugv_sdk' build argument 'cmake_args' from command line to 'None'
[0.544s] Level 5:colcon.colcon_core.verb:set package 'ugv_sdk' build argument 'cmake_target' from command line to 'None'
[0.544s] Level 5:colcon.colcon_core.verb:set package 'ugv_sdk' build argument 'cmake_target_skip_unavailable' from command line to 'False'
[0.544s] Level 5:colcon.colcon_core.verb:set package 'ugv_sdk' build argument 'cmake_clean_cache' from command line to 'False'
[0.544s] Level 5:colcon.colcon_core.verb:set package 'ugv_sdk' build argument 'cmake_clean_first' from command line to 'False'
[0.544s] Level 5:colcon.colcon_core.verb:set package 'ugv_sdk' build argument 'cmake_force_configure' from command line to 'False'
[0.544s] Level 5:colcon.colcon_core.verb:set package 'ugv_sdk' build argument 'ament_cmake_args' from command line to 'None'
[0.544s] Level 5:colcon.colcon_core.verb:set package 'ugv_sdk' build argument 'catkin_cmake_args' from command line to 'None'
[0.544s] Level 5:colcon.colcon_core.verb:set package 'ugv_sdk' build argument 'catkin_skip_building_tests' from command line to 'False'
[0.544s] DEBUG:colcon.colcon_core.verb:Building package 'ugv_sdk' with the following arguments: {'ament_cmake_args': None, 'build_base': '/mnt/nova_ssd/workspaces/scout/build/ugv_sdk', 'catkin_cmake_args': None, 'catkin_skip_building_tests': False, 'cmake_args': None, 'cmake_clean_cache': False, 'cmake_clean_first': False, 'cmake_force_configure': False, 'cmake_target': None, 'cmake_target_skip_unavailable': False, 'install_base': '/mnt/nova_ssd/workspaces/scout/install/ugv_sdk', 'merge_install': False, 'path': '/mnt/nova_ssd/workspaces/scout/src/ugv_sdk', 'symlink_install': False, 'test_result_base': None}
[0.545s] Level 5:colcon.colcon_core.verb:set package 'scout_base' build argument 'cmake_args' from command line to 'None'
[0.545s] Level 5:colcon.colcon_core.verb:set package 'scout_base' build argument 'cmake_target' from command line to 'None'
[0.545s] Level 5:colcon.colcon_core.verb:set package 'scout_base' build argument 'cmake_target_skip_unavailable' from command line to 'False'
[0.545s] Level 5:colcon.colcon_core.verb:set package 'scout_base' build argument 'cmake_clean_cache' from command line to 'False'
[0.545s] Level 5:colcon.colcon_core.verb:set package 'scout_base' build argument 'cmake_clean_first' from command line to 'False'
[0.545s] Level 5:colcon.colcon_core.verb:set package 'scout_base' build argument 'cmake_force_configure' from command line to 'False'
[0.545s] Level 5:colcon.colcon_core.verb:set package 'scout_base' build argument 'ament_cmake_args' from command line to 'None'
[0.545s] Level 5:colcon.colcon_core.verb:set package 'scout_base' build argument 'catkin_cmake_args' from command line to 'None'
[0.545s] Level 5:colcon.colcon_core.verb:set package 'scout_base' build argument 'catkin_skip_building_tests' from command line to 'False'
[0.545s] DEBUG:colcon.colcon_core.verb:Building package 'scout_base' with the following arguments: {'ament_cmake_args': None, 'build_base': '/mnt/nova_ssd/workspaces/scout/build/scout_base', 'catkin_cmake_args': None, 'catkin_skip_building_tests': False, 'cmake_args': None, 'cmake_clean_cache': False, 'cmake_clean_first': False, 'cmake_force_configure': False, 'cmake_target': None, 'cmake_target_skip_unavailable': False, 'install_base': '/mnt/nova_ssd/workspaces/scout/install/scout_base', 'merge_install': False, 'path': '/mnt/nova_ssd/workspaces/scout/src/scout_ros2/scout_base', 'symlink_install': False, 'test_result_base': None}
[0.545s] INFO:colcon.colcon_core.executor:Executing jobs using 'parallel' executor
[0.547s] DEBUG:colcon.colcon_parallel_executor.executor.parallel:run_until_complete
[0.547s] INFO:colcon.colcon_ros.task.ament_cmake.build:Building ROS package in '/mnt/nova_ssd/workspaces/scout/src/scout_ros2/scout_msgs' with build type 'ament_cmake'
[0.548s] INFO:colcon.colcon_cmake.task.cmake.build:Building CMake package in '/mnt/nova_ssd/workspaces/scout/src/scout_ros2/scout_msgs'
[0.551s] INFO:colcon.colcon_core.plugin_system:Skipping extension 'colcon_core.shell.bat': Not used on non-Windows systems
[0.551s] INFO:colcon.colcon_core.shell:Skip shell extension 'powershell' for command environment: Not usable outside of PowerShell
[0.551s] DEBUG:colcon.colcon_core.shell:Skip shell extension 'dsv' for command environment
[0.556s] INFO:colcon.colcon_ros.task.catkin.build:Building ROS package in '/mnt/nova_ssd/workspaces/scout/src/ugv_sdk' with build type 'catkin'
[0.556s] INFO:colcon.colcon_cmake.task.cmake.build:Building CMake package in '/mnt/nova_ssd/workspaces/scout/src/ugv_sdk'
[0.556s] INFO:colcon.colcon_core.shell:Skip shell extension 'powershell' for command environment: Not usable outside of PowerShell
[0.556s] DEBUG:colcon.colcon_core.shell:Skip shell extension 'dsv' for command environment
[0.560s] INFO:colcon.colcon_ros.task.ament_cmake.build:Building ROS package in '/mnt/nova_ssd/workspaces/scout/src/scout_ros2/scout_description' with build type 'ament_cmake'
[0.560s] INFO:colcon.colcon_cmake.task.cmake.build:Building CMake package in '/mnt/nova_ssd/workspaces/scout/src/scout_ros2/scout_description'
[0.561s] INFO:colcon.colcon_core.shell:Skip shell extension 'powershell' for command environment: Not usable outside of PowerShell
[0.561s] DEBUG:colcon.colcon_core.shell:Skip shell extension 'dsv' for command environment
[0.572s] DEBUG:colcon.colcon_core.event_handler.log_command:Invoking command in '/mnt/nova_ssd/workspaces/scout/build/scout_msgs': CMAKE_PREFIX_PATH=/opt/ros/humble /usr/bin/cmake --build /mnt/nova_ssd/workspaces/scout/build/scout_msgs -- -j12 -l12
[0.577s] DEBUG:colcon.colcon_core.event_handler.log_command:Invoking command in '/mnt/nova_ssd/workspaces/scout/build/ugv_sdk': /usr/bin/cmake --build /mnt/nova_ssd/workspaces/scout/build/ugv_sdk -- -j12 -l12
[0.582s] DEBUG:colcon.colcon_core.event_handler.log_command:Invoking command in '/mnt/nova_ssd/workspaces/scout/build/scout_description': CMAKE_PREFIX_PATH=/opt/ros/humble /usr/bin/cmake --build /mnt/nova_ssd/workspaces/scout/build/scout_description -- -j12 -l12
[0.626s] DEBUG:colcon.colcon_core.event_handler.log_command:Invoked command in '/mnt/nova_ssd/workspaces/scout/build/scout_description' returned '0': CMAKE_PREFIX_PATH=/opt/ros/humble /usr/bin/cmake --build /mnt/nova_ssd/workspaces/scout/build/scout_description -- -j12 -l12
[0.671s] DEBUG:colcon.colcon_core.event_handler.log_command:Invoking command in '/mnt/nova_ssd/workspaces/scout/build/scout_description': CMAKE_PREFIX_PATH=/opt/ros/humble /usr/bin/cmake --install /mnt/nova_ssd/workspaces/scout/build/scout_description
[0.690s] Level 1:colcon.colcon_core.environment:create_environment_scripts_only(scout_description)
[0.693s] Level 1:colcon.colcon_core.environment:checking '/mnt/nova_ssd/workspaces/scout/install/scout_description' for CMake module files
[0.694s] Level 1:colcon.colcon_core.environment:checking '/mnt/nova_ssd/workspaces/scout/install/scout_description' for CMake config files
[0.695s] Level 1:colcon.colcon_core.shell:create_environment_hook('scout_description', 'cmake_prefix_path')
[0.695s] INFO:colcon.colcon_core.shell:Creating environment hook '/mnt/nova_ssd/workspaces/scout/install/scout_description/share/scout_description/hook/cmake_prefix_path.ps1'
[0.696s] DEBUG:colcon.colcon_core.event_handler.log_command:Invoked command in '/mnt/nova_ssd/workspaces/scout/build/scout_description' returned '0': CMAKE_PREFIX_PATH=/opt/ros/humble /usr/bin/cmake --install /mnt/nova_ssd/workspaces/scout/build/scout_description
[0.697s] INFO:colcon.colcon_core.shell:Creating environment descriptor '/mnt/nova_ssd/workspaces/scout/install/scout_description/share/scout_description/hook/cmake_prefix_path.dsv'
[0.698s] INFO:colcon.colcon_core.shell:Creating environment hook '/mnt/nova_ssd/workspaces/scout/install/scout_description/share/scout_description/hook/cmake_prefix_path.sh'
[0.700s] Level 1:colcon.colcon_core.environment:checking '/mnt/nova_ssd/workspaces/scout/install/scout_description/bin'
[0.701s] Level 1:colcon.colcon_core.environment:checking '/mnt/nova_ssd/workspaces/scout/install/scout_description/lib/pkgconfig/scout_description.pc'
[0.701s] Level 1:colcon.colcon_core.environment:checking '/mnt/nova_ssd/workspaces/scout/install/scout_description/lib/python3.10/site-packages'
[0.701s] Level 1:colcon.colcon_core.environment:checking '/mnt/nova_ssd/workspaces/scout/install/scout_description/bin'
[0.702s] INFO:colcon.colcon_core.shell:Creating package script '/mnt/nova_ssd/workspaces/scout/install/scout_description/share/scout_description/package.ps1'
[0.703s] INFO:colcon.colcon_core.shell:Creating package descriptor '/mnt/nova_ssd/workspaces/scout/install/scout_description/share/scout_description/package.dsv'
[0.704s] INFO:colcon.colcon_core.shell:Creating package script '/mnt/nova_ssd/workspaces/scout/install/scout_description/share/scout_description/package.sh'
[0.706s] INFO:colcon.colcon_core.shell:Creating package script '/mnt/nova_ssd/workspaces/scout/install/scout_description/share/scout_description/package.bash'
[0.708s] INFO:colcon.colcon_core.shell:Creating package script '/mnt/nova_ssd/workspaces/scout/install/scout_description/share/scout_description/package.zsh'
[0.709s] Level 1:colcon.colcon_core.environment:create_file_with_runtime_dependencies(/mnt/nova_ssd/workspaces/scout/install/scout_description/share/colcon-core/packages/scout_description)
[0.735s] Level 1:colcon.colcon_core.environment:create_environment_scripts_only(scout_description)
[0.736s] Level 1:colcon.colcon_core.environment:checking '/mnt/nova_ssd/workspaces/scout/install/scout_description' for CMake module files
[0.737s] Level 1:colcon.colcon_core.environment:checking '/mnt/nova_ssd/workspaces/scout/install/scout_description' for CMake config files
[0.737s] Level 1:colcon.colcon_core.shell:create_environment_hook('scout_description', 'cmake_prefix_path')
[0.738s] INFO:colcon.colcon_core.shell:Creating environment hook '/mnt/nova_ssd/workspaces/scout/install/scout_description/share/scout_description/hook/cmake_prefix_path.ps1'
[0.738s] INFO:colcon.colcon_core.shell:Creating environment descriptor '/mnt/nova_ssd/workspaces/scout/install/scout_description/share/scout_description/hook/cmake_prefix_path.dsv'
[0.739s] INFO:colcon.colcon_core.shell:Creating environment hook '/mnt/nova_ssd/workspaces/scout/install/scout_description/share/scout_description/hook/cmake_prefix_path.sh'
[0.740s] Level 1:colcon.colcon_core.environment:checking '/mnt/nova_ssd/workspaces/scout/install/scout_description/bin'
[0.740s] Level 1:colcon.colcon_core.environment:checking '/mnt/nova_ssd/workspaces/scout/install/scout_description/lib/pkgconfig/scout_description.pc'
[0.741s] Level 1:colcon.colcon_core.environment:checking '/mnt/nova_ssd/workspaces/scout/install/scout_description/lib/python3.10/site-packages'
[0.741s] Level 1:colcon.colcon_core.environment:checking '/mnt/nova_ssd/workspaces/scout/install/scout_description/bin'
[0.742s] INFO:colcon.colcon_core.shell:Creating package script '/mnt/nova_ssd/workspaces/scout/install/scout_description/share/scout_description/package.ps1'
[0.743s] INFO:colcon.colcon_core.shell:Creating package descriptor '/mnt/nova_ssd/workspaces/scout/install/scout_description/share/scout_description/package.dsv'
[0.744s] INFO:colcon.colcon_core.shell:Creating package script '/mnt/nova_ssd/workspaces/scout/install/scout_description/share/scout_description/package.sh'
[0.744s] INFO:colcon.colcon_core.shell:Creating package script '/mnt/nova_ssd/workspaces/scout/install/scout_description/share/scout_description/package.bash'
[0.745s] INFO:colcon.colcon_core.shell:Creating package script '/mnt/nova_ssd/workspaces/scout/install/scout_description/share/scout_description/package.zsh'
[0.746s] Level 1:colcon.colcon_core.environment:create_file_with_runtime_dependencies(/mnt/nova_ssd/workspaces/scout/install/scout_description/share/colcon-core/packages/scout_description)
[0.749s] DEBUG:colcon.colcon_core.event_handler.log_command:Invoked command in '/mnt/nova_ssd/workspaces/scout/build/ugv_sdk' returned '0': /usr/bin/cmake --build /mnt/nova_ssd/workspaces/scout/build/ugv_sdk -- -j12 -l12
[0.868s] DEBUG:colcon.colcon_core.event_handler.log_command:Invoking command in '/mnt/nova_ssd/workspaces/scout/build/ugv_sdk': /usr/bin/cmake --install /mnt/nova_ssd/workspaces/scout/build/ugv_sdk
[0.888s] DEBUG:colcon.colcon_core.event_handler.log_command:Invoked command in '/mnt/nova_ssd/workspaces/scout/build/ugv_sdk' returned '0': /usr/bin/cmake --install /mnt/nova_ssd/workspaces/scout/build/ugv_sdk
[0.940s] Level 1:colcon.colcon_core.shell:create_environment_hook('ugv_sdk', 'ros_package_path')
[0.941s] INFO:colcon.colcon_core.shell:Creating environment hook '/mnt/nova_ssd/workspaces/scout/install/ugv_sdk/share/ugv_sdk/hook/ros_package_path.ps1'
[0.942s] INFO:colcon.colcon_core.shell:Creating environment descriptor '/mnt/nova_ssd/workspaces/scout/install/ugv_sdk/share/ugv_sdk/hook/ros_package_path.dsv'
[0.942s] INFO:colcon.colcon_core.shell:Creating environment hook '/mnt/nova_ssd/workspaces/scout/install/ugv_sdk/share/ugv_sdk/hook/ros_package_path.sh'
[0.944s] Level 1:colcon.colcon_core.shell:create_environment_hook('ugv_sdk', 'pkg_config_path')
[0.944s] INFO:colcon.colcon_core.shell:Creating environment hook '/mnt/nova_ssd/workspaces/scout/install/ugv_sdk/share/ugv_sdk/hook/pkg_config_path.ps1'
[0.945s] INFO:colcon.colcon_core.shell:Creating environment descriptor '/mnt/nova_ssd/workspaces/scout/install/ugv_sdk/share/ugv_sdk/hook/pkg_config_path.dsv'
[0.946s] INFO:colcon.colcon_core.shell:Creating environment hook '/mnt/nova_ssd/workspaces/scout/install/ugv_sdk/share/ugv_sdk/hook/pkg_config_path.sh'
[0.951s] Level 1:colcon.colcon_core.shell:create_environment_hook('ugv_sdk', 'pkg_config_path_multiarch')
[0.951s] INFO:colcon.colcon_core.shell:Creating environment hook '/mnt/nova_ssd/workspaces/scout/install/ugv_sdk/share/ugv_sdk/hook/pkg_config_path_multiarch.ps1'
[0.952s] INFO:colcon.colcon_core.shell:Creating environment descriptor '/mnt/nova_ssd/workspaces/scout/install/ugv_sdk/share/ugv_sdk/hook/pkg_config_path_multiarch.dsv'
[0.952s] INFO:colcon.colcon_core.shell:Creating environment hook '/mnt/nova_ssd/workspaces/scout/install/ugv_sdk/share/ugv_sdk/hook/pkg_config_path_multiarch.sh'
[0.954s] Level 1:colcon.colcon_core.environment:create_environment_scripts_only(ugv_sdk)
[0.955s] Level 1:colcon.colcon_core.environment:checking '/mnt/nova_ssd/workspaces/scout/install/ugv_sdk' for CMake module files
[0.956s] Level 1:colcon.colcon_core.environment:checking '/mnt/nova_ssd/workspaces/scout/install/ugv_sdk' for CMake config files
[0.956s] Level 1:colcon.colcon_core.shell:create_environment_hook('ugv_sdk', 'cmake_prefix_path')
[0.957s] INFO:colcon.colcon_core.shell:Creating environment hook '/mnt/nova_ssd/workspaces/scout/install/ugv_sdk/share/ugv_sdk/hook/cmake_prefix_path.ps1'
[0.958s] INFO:colcon.colcon_core.shell:Creating environment descriptor '/mnt/nova_ssd/workspaces/scout/install/ugv_sdk/share/ugv_sdk/hook/cmake_prefix_path.dsv'
[0.959s] INFO:colcon.colcon_core.shell:Creating environment hook '/mnt/nova_ssd/workspaces/scout/install/ugv_sdk/share/ugv_sdk/hook/cmake_prefix_path.sh'
[0.961s] Level 1:colcon.colcon_core.environment:checking '/mnt/nova_ssd/workspaces/scout/install/ugv_sdk/lib'
[0.962s] Level 1:colcon.colcon_core.environment:checking '/mnt/nova_ssd/workspaces/scout/install/ugv_sdk/bin'
[0.962s] Level 1:colcon.colcon_core.environment:checking '/mnt/nova_ssd/workspaces/scout/install/ugv_sdk/lib/pkgconfig/ugv_sdk.pc'
[0.963s] Level 1:colcon.colcon_core.environment:checking '/mnt/nova_ssd/workspaces/scout/install/ugv_sdk/lib/python3.10/site-packages'
[0.963s] Level 1:colcon.colcon_core.environment:checking '/mnt/nova_ssd/workspaces/scout/install/ugv_sdk/bin'
[0.964s] INFO:colcon.colcon_core.shell:Creating package script '/mnt/nova_ssd/workspaces/scout/install/ugv_sdk/share/ugv_sdk/package.ps1'
[0.966s] INFO:colcon.colcon_core.shell:Creating package descriptor '/mnt/nova_ssd/workspaces/scout/install/ugv_sdk/share/ugv_sdk/package.dsv'
[0.968s] INFO:colcon.colcon_core.shell:Creating package script '/mnt/nova_ssd/workspaces/scout/install/ugv_sdk/share/ugv_sdk/package.sh'
[0.969s] INFO:colcon.colcon_core.shell:Creating package script '/mnt/nova_ssd/workspaces/scout/install/ugv_sdk/share/ugv_sdk/package.bash'
[0.970s] INFO:colcon.colcon_core.shell:Creating package script '/mnt/nova_ssd/workspaces/scout/install/ugv_sdk/share/ugv_sdk/package.zsh'
[0.970s] Level 1:colcon.colcon_core.environment:create_file_with_runtime_dependencies(/mnt/nova_ssd/workspaces/scout/install/ugv_sdk/share/colcon-core/packages/ugv_sdk)
[1.082s] DEBUG:colcon.colcon_core.event_handler.log_command:Invoked command in '/mnt/nova_ssd/workspaces/scout/build/scout_msgs' returned '0': CMAKE_PREFIX_PATH=/opt/ros/humble /usr/bin/cmake --build /mnt/nova_ssd/workspaces/scout/build/scout_msgs -- -j12 -l12
[1.286s] DEBUG:colcon.colcon_core.event_handler.log_command:Invoking command in '/mnt/nova_ssd/workspaces/scout/build/scout_msgs': CMAKE_PREFIX_PATH=/opt/ros/humble /usr/bin/cmake --install /mnt/nova_ssd/workspaces/scout/build/scout_msgs
[1.378s] Level 1:colcon.colcon_core.environment:create_environment_scripts_only(scout_msgs)
[1.379s] Level 1:colcon.colcon_core.environment:checking '/mnt/nova_ssd/workspaces/scout/install/scout_msgs' for CMake module files
[1.385s] Level 1:colcon.colcon_core.environment:checking '/mnt/nova_ssd/workspaces/scout/install/scout_msgs' for CMake config files
[1.389s] DEBUG:colcon.colcon_core.event_handler.log_command:Invoked command in '/mnt/nova_ssd/workspaces/scout/build/scout_msgs' returned '0': CMAKE_PREFIX_PATH=/opt/ros/humble /usr/bin/cmake --install /mnt/nova_ssd/workspaces/scout/build/scout_msgs
[1.390s] Level 1:colcon.colcon_core.shell:create_environment_hook('scout_msgs', 'cmake_prefix_path')
[1.391s] INFO:colcon.colcon_core.shell:Creating environment hook '/mnt/nova_ssd/workspaces/scout/install/scout_msgs/share/scout_msgs/hook/cmake_prefix_path.ps1'
[1.392s] INFO:colcon.colcon_core.shell:Creating environment descriptor '/mnt/nova_ssd/workspaces/scout/install/scout_msgs/share/scout_msgs/hook/cmake_prefix_path.dsv'
[1.393s] INFO:colcon.colcon_core.shell:Creating environment hook '/mnt/nova_ssd/workspaces/scout/install/scout_msgs/share/scout_msgs/hook/cmake_prefix_path.sh'
[1.395s] Level 1:colcon.colcon_core.environment:checking '/mnt/nova_ssd/workspaces/scout/install/scout_msgs/lib'
[1.395s] Level 1:colcon.colcon_core.shell:create_environment_hook('scout_msgs', 'ld_library_path_lib')
[1.396s] INFO:colcon.colcon_core.shell:Creating environment hook '/mnt/nova_ssd/workspaces/scout/install/scout_msgs/share/scout_msgs/hook/ld_library_path_lib.ps1'
[1.397s] INFO:colcon.colcon_core.shell:Creating environment descriptor '/mnt/nova_ssd/workspaces/scout/install/scout_msgs/share/scout_msgs/hook/ld_library_path_lib.dsv'
[1.398s] INFO:colcon.colcon_core.shell:Creating environment hook '/mnt/nova_ssd/workspaces/scout/install/scout_msgs/share/scout_msgs/hook/ld_library_path_lib.sh'
[1.399s] Level 1:colcon.colcon_core.environment:checking '/mnt/nova_ssd/workspaces/scout/install/scout_msgs/bin'
[1.400s] Level 1:colcon.colcon_core.environment:checking '/mnt/nova_ssd/workspaces/scout/install/scout_msgs/lib/pkgconfig/scout_msgs.pc'
[1.400s] Level 1:colcon.colcon_core.environment:checking '/mnt/nova_ssd/workspaces/scout/install/scout_msgs/lib/python3.10/site-packages'
[1.401s] Level 1:colcon.colcon_core.environment:checking '/mnt/nova_ssd/workspaces/scout/install/scout_msgs/bin'
[1.402s] INFO:colcon.colcon_core.shell:Creating package script '/mnt/nova_ssd/workspaces/scout/install/scout_msgs/share/scout_msgs/package.ps1'
[1.404s] INFO:colcon.colcon_core.shell:Creating package descriptor '/mnt/nova_ssd/workspaces/scout/install/scout_msgs/share/scout_msgs/package.dsv'
[1.405s] INFO:colcon.colcon_core.shell:Creating package script '/mnt/nova_ssd/workspaces/scout/install/scout_msgs/share/scout_msgs/package.sh'
[1.407s] INFO:colcon.colcon_core.shell:Creating package script '/mnt/nova_ssd/workspaces/scout/install/scout_msgs/share/scout_msgs/package.bash'
[1.408s] INFO:colcon.colcon_core.shell:Creating package script '/mnt/nova_ssd/workspaces/scout/install/scout_msgs/share/scout_msgs/package.zsh'
[1.409s] Level 1:colcon.colcon_core.environment:create_file_with_runtime_dependencies(/mnt/nova_ssd/workspaces/scout/install/scout_msgs/share/colcon-core/packages/scout_msgs)
[1.596s] Level 1:colcon.colcon_core.environment:create_environment_scripts_only(scout_msgs)
[1.597s] Level 1:colcon.colcon_core.environment:checking '/mnt/nova_ssd/workspaces/scout/install/scout_msgs' for CMake module files
[1.598s] Level 1:colcon.colcon_core.environment:checking '/mnt/nova_ssd/workspaces/scout/install/scout_msgs' for CMake config files
[1.599s] Level 1:colcon.colcon_core.shell:create_environment_hook('scout_msgs', 'cmake_prefix_path')
[1.599s] INFO:colcon.colcon_core.shell:Creating environment hook '/mnt/nova_ssd/workspaces/scout/install/scout_msgs/share/scout_msgs/hook/cmake_prefix_path.ps1'
[1.601s] INFO:colcon.colcon_core.shell:Creating environment descriptor '/mnt/nova_ssd/workspaces/scout/install/scout_msgs/share/scout_msgs/hook/cmake_prefix_path.dsv'
[1.602s] INFO:colcon.colcon_core.shell:Creating environment hook '/mnt/nova_ssd/workspaces/scout/install/scout_msgs/share/scout_msgs/hook/cmake_prefix_path.sh'
[1.603s] Level 1:colcon.colcon_core.environment:checking '/mnt/nova_ssd/workspaces/scout/install/scout_msgs/lib'
[1.604s] Level 1:colcon.colcon_core.shell:create_environment_hook('scout_msgs', 'ld_library_path_lib')
[1.604s] INFO:colcon.colcon_core.shell:Creating environment hook '/mnt/nova_ssd/workspaces/scout/install/scout_msgs/share/scout_msgs/hook/ld_library_path_lib.ps1'
[1.606s] INFO:colcon.colcon_core.shell:Creating environment descriptor '/mnt/nova_ssd/workspaces/scout/install/scout_msgs/share/scout_msgs/hook/ld_library_path_lib.dsv'
[1.606s] INFO:colcon.colcon_core.shell:Creating environment hook '/mnt/nova_ssd/workspaces/scout/install/scout_msgs/share/scout_msgs/hook/ld_library_path_lib.sh'
[1.608s] Level 1:colcon.colcon_core.environment:checking '/mnt/nova_ssd/workspaces/scout/install/scout_msgs/bin'
[1.608s] Level 1:colcon.colcon_core.environment:checking '/mnt/nova_ssd/workspaces/scout/install/scout_msgs/lib/pkgconfig/scout_msgs.pc'
[1.609s] Level 1:colcon.colcon_core.environment:checking '/mnt/nova_ssd/workspaces/scout/install/scout_msgs/lib/python3.10/site-packages'
[1.610s] Level 1:colcon.colcon_core.environment:checking '/mnt/nova_ssd/workspaces/scout/install/scout_msgs/bin'
[1.611s] INFO:colcon.colcon_core.shell:Creating package script '/mnt/nova_ssd/workspaces/scout/install/scout_msgs/share/scout_msgs/package.ps1'
[1.612s] INFO:colcon.colcon_core.shell:Creating package descriptor '/mnt/nova_ssd/workspaces/scout/install/scout_msgs/share/scout_msgs/package.dsv'
[1.614s] INFO:colcon.colcon_core.shell:Creating package script '/mnt/nova_ssd/workspaces/scout/install/scout_msgs/share/scout_msgs/package.sh'
[1.615s] INFO:colcon.colcon_core.shell:Creating package script '/mnt/nova_ssd/workspaces/scout/install/scout_msgs/share/scout_msgs/package.bash'
[1.617s] INFO:colcon.colcon_core.shell:Creating package script '/mnt/nova_ssd/workspaces/scout/install/scout_msgs/share/scout_msgs/package.zsh'
[1.618s] Level 1:colcon.colcon_core.environment:create_file_with_runtime_dependencies(/mnt/nova_ssd/workspaces/scout/install/scout_msgs/share/colcon-core/packages/scout_msgs)
[1.619s] INFO:colcon.colcon_ros.task.ament_cmake.build:Building ROS package in '/mnt/nova_ssd/workspaces/scout/src/scout_ros2/scout_base' with build type 'ament_cmake'
[1.619s] INFO:colcon.colcon_cmake.task.cmake.build:Building CMake package in '/mnt/nova_ssd/workspaces/scout/src/scout_ros2/scout_base'
[1.620s] INFO:colcon.colcon_core.shell:Skip shell extension 'powershell' for command environment: Not usable outside of PowerShell
[1.621s] DEBUG:colcon.colcon_core.shell:Skip shell extension 'dsv' for command environment
[1.644s] DEBUG:colcon.colcon_core.event_handler.log_command:Invoking command in '/mnt/nova_ssd/workspaces/scout/build/scout_base': AMENT_PREFIX_PATH=/mnt/nova_ssd/workspaces/scout/install/scout_msgs:${AMENT_PREFIX_PATH} CMAKE_PREFIX_PATH=/opt/ros/humble:/mnt/nova_ssd/workspaces/scout/install/ugv_sdk:/mnt/nova_ssd/workspaces/scout/install/scout_msgs LD_LIBRARY_PATH=/mnt/nova_ssd/workspaces/scout/install/scout_msgs/lib:${LD_LIBRARY_PATH} PKG_CONFIG_PATH=/mnt/nova_ssd/workspaces/scout/install/ugv_sdk/lib/aarch64-linux-gnu/pkgconfig:/mnt/nova_ssd/workspaces/scout/install/ugv_sdk/lib/pkgconfig PYTHONPATH=/mnt/nova_ssd/workspaces/scout/install/scout_msgs/local/lib/python3.10/dist-packages:${PYTHONPATH} ROS_PACKAGE_PATH=/mnt/nova_ssd/workspaces/scout/install/ugv_sdk/share /usr/bin/cmake --build /mnt/nova_ssd/workspaces/scout/build/scout_base -- -j12 -l12
[2.090s] DEBUG:colcon.colcon_core.event_handler.log_command:Invoked command in '/mnt/nova_ssd/workspaces/scout/build/scout_base' returned '2': AMENT_PREFIX_PATH=/mnt/nova_ssd/workspaces/scout/install/scout_msgs:${AMENT_PREFIX_PATH} CMAKE_PREFIX_PATH=/opt/ros/humble:/mnt/nova_ssd/workspaces/scout/install/ugv_sdk:/mnt/nova_ssd/workspaces/scout/install/scout_msgs LD_LIBRARY_PATH=/mnt/nova_ssd/workspaces/scout/install/scout_msgs/lib:${LD_LIBRARY_PATH} PKG_CONFIG_PATH=/mnt/nova_ssd/workspaces/scout/install/ugv_sdk/lib/aarch64-linux-gnu/pkgconfig:/mnt/nova_ssd/workspaces/scout/install/ugv_sdk/lib/pkgconfig PYTHONPATH=/mnt/nova_ssd/workspaces/scout/install/scout_msgs/local/lib/python3.10/dist-packages:${PYTHONPATH} ROS_PACKAGE_PATH=/mnt/nova_ssd/workspaces/scout/install/ugv_sdk/share /usr/bin/cmake --build /mnt/nova_ssd/workspaces/scout/build/scout_base -- -j12 -l12
[2.129s] Level 1:colcon.colcon_core.environment:create_environment_scripts_only(scout_base)
[2.130s] Level 1:colcon.colcon_core.environment:checking '/mnt/nova_ssd/workspaces/scout/install/scout_base' for CMake module files
[2.132s] Level 1:colcon.colcon_core.environment:checking '/mnt/nova_ssd/workspaces/scout/install/scout_base' for CMake config files
[2.133s] Level 1:colcon.colcon_core.environment:checking '/mnt/nova_ssd/workspaces/scout/install/scout_base/bin'
[2.133s] Level 1:colcon.colcon_core.environment:checking '/mnt/nova_ssd/workspaces/scout/install/scout_base/lib/pkgconfig/scout_base.pc'
[2.134s] Level 1:colcon.colcon_core.environment:checking '/mnt/nova_ssd/workspaces/scout/install/scout_base/lib/python3.10/site-packages'
[2.135s] Level 1:colcon.colcon_core.environment:checking '/mnt/nova_ssd/workspaces/scout/install/scout_base/bin'
[2.135s] INFO:colcon.colcon_core.shell:Creating package script '/mnt/nova_ssd/workspaces/scout/install/scout_base/share/scout_base/package.ps1'
[2.137s] INFO:colcon.colcon_core.shell:Creating package descriptor '/mnt/nova_ssd/workspaces/scout/install/scout_base/share/scout_base/package.dsv'
[2.138s] INFO:colcon.colcon_core.shell:Creating package script '/mnt/nova_ssd/workspaces/scout/install/scout_base/share/scout_base/package.sh'
[2.140s] INFO:colcon.colcon_core.shell:Creating package script '/mnt/nova_ssd/workspaces/scout/install/scout_base/share/scout_base/package.bash'
[2.141s] INFO:colcon.colcon_core.shell:Creating package script '/mnt/nova_ssd/workspaces/scout/install/scout_base/share/scout_base/package.zsh'
[2.142s] Level 1:colcon.colcon_core.environment:create_file_with_runtime_dependencies(/mnt/nova_ssd/workspaces/scout/install/scout_base/share/colcon-core/packages/scout_base)
[2.153s] DEBUG:colcon.colcon_parallel_executor.executor.parallel:closing loop
[2.153s] DEBUG:colcon.colcon_parallel_executor.executor.parallel:loop closed
[2.154s] DEBUG:colcon.colcon_parallel_executor.executor.parallel:run_until_complete finished with '2'
[2.154s] DEBUG:colcon.colcon_core.event_reactor:joining thread
[2.171s] INFO:colcon.colcon_core.plugin_system:Skipping extension 'colcon_notification.desktop_notification.terminal_notifier': Not used on non-Darwin systems
[2.171s] INFO:colcon.colcon_core.plugin_system:Skipping extension 'colcon_notification.desktop_notification.win32': Not used on non-Windows systems
[2.171s] INFO:colcon.colcon_notification.desktop_notification:Sending desktop notification using 'notify2'
[2.217s] DEBUG:colcon.colcon_core.event_reactor:joined thread
[2.218s] INFO:colcon.colcon_core.shell:Creating prefix script '/mnt/nova_ssd/workspaces/scout/install/local_setup.ps1'
[2.220s] INFO:colcon.colcon_core.shell:Creating prefix util module '/mnt/nova_ssd/workspaces/scout/install/_local_setup_util_ps1.py'
[2.223s] INFO:colcon.colcon_core.shell:Creating prefix chain script '/mnt/nova_ssd/workspaces/scout/install/setup.ps1'
[2.225s] INFO:colcon.colcon_core.shell:Creating prefix script '/mnt/nova_ssd/workspaces/scout/install/local_setup.sh'
[2.226s] INFO:colcon.colcon_core.shell:Creating prefix util module '/mnt/nova_ssd/workspaces/scout/install/_local_setup_util_sh.py'
[2.227s] INFO:colcon.colcon_core.shell:Creating prefix chain script '/mnt/nova_ssd/workspaces/scout/install/setup.sh'
[2.229s] INFO:colcon.colcon_core.shell:Creating prefix script '/mnt/nova_ssd/workspaces/scout/install/local_setup.bash'
[2.230s] INFO:colcon.colcon_core.shell:Creating prefix chain script '/mnt/nova_ssd/workspaces/scout/install/setup.bash'
[2.232s] INFO:colcon.colcon_core.shell:Creating prefix script '/mnt/nova_ssd/workspaces/scout/install/local_setup.zsh'
[2.233s] INFO:colcon.colcon_core.shell:Creating prefix chain script '/mnt/nova_ssd/workspaces/scout/install/setup.zsh'
