[35m[1mConsolidate compiler generated dependencies of target dwa_main[0m
[ 50%] Built target dstar_main
[100%] Built target dwa_main
-- Install configuration: ""
-- Up-to-date: /mnt/nova_ssd/workspaces/navigation/install/dstar_main/share/dstar_main//launch
-- Up-to-date: /mnt/nova_ssd/workspaces/navigation/install/dstar_main/share/dstar_main//launch/dstar_main.launch.py
-- Up-to-date: /mnt/nova_ssd/workspaces/navigation/install/dstar_main/share/dstar_main//launch/dwa_main.launch.py
-- Up-to-date: /mnt/nova_ssd/workspaces/navigation/install/dstar_main/share/dstar_main//config
-- Installing: /mnt/nova_ssd/workspaces/navigation/install/dstar_main/share/dstar_main//config/dstar_main.yaml
-- Up-to-date: /mnt/nova_ssd/workspaces/navigation/install/dstar_main/share/dstar_main//config/dwa_main.yaml
-- Up-to-date: /mnt/nova_ssd/workspaces/navigation/install/dstar_main/lib/dstar_main/dstar_main
-- Up-to-date: /mnt/nova_ssd/workspaces/navigation/install/dstar_main/lib/dstar_main/dwa_main
-- Up-to-date: /mnt/nova_ssd/workspaces/navigation/install/dstar_main/share/ament_index/resource_index/package_run_dependencies/dstar_main
-- Up-to-date: /mnt/nova_ssd/workspaces/navigation/install/dstar_main/share/ament_index/resource_index/parent_prefix_path/dstar_main
-- Up-to-date: /mnt/nova_ssd/workspaces/navigation/install/dstar_main/share/dstar_main/environment/ament_prefix_path.sh
-- Up-to-date: /mnt/nova_ssd/workspaces/navigation/install/dstar_main/share/dstar_main/environment/ament_prefix_path.dsv
-- Up-to-date: /mnt/nova_ssd/workspaces/navigation/install/dstar_main/share/dstar_main/environment/path.sh
-- Up-to-date: /mnt/nova_ssd/workspaces/navigation/install/dstar_main/share/dstar_main/environment/path.dsv
-- Up-to-date: /mnt/nova_ssd/workspaces/navigation/install/dstar_main/share/dstar_main/local_setup.bash
-- Up-to-date: /mnt/nova_ssd/workspaces/navigation/install/dstar_main/share/dstar_main/local_setup.sh
-- Up-to-date: /mnt/nova_ssd/workspaces/navigation/install/dstar_main/share/dstar_main/local_setup.zsh
-- Up-to-date: /mnt/nova_ssd/workspaces/navigation/install/dstar_main/share/dstar_main/local_setup.dsv
-- Installing: /mnt/nova_ssd/workspaces/navigation/install/dstar_main/share/dstar_main/package.dsv
-- Up-to-date: /mnt/nova_ssd/workspaces/navigation/install/dstar_main/share/ament_index/resource_index/packages/dstar_main
-- Up-to-date: /mnt/nova_ssd/workspaces/navigation/install/dstar_main/share/dstar_main/cmake/dstar_mainConfig.cmake
-- Up-to-date: /mnt/nova_ssd/workspaces/navigation/install/dstar_main/share/dstar_main/cmake/dstar_mainConfig-version.cmake
-- Up-to-date: /mnt/nova_ssd/workspaces/navigation/install/dstar_main/share/dstar_main/package.xml
