[1.543s] Invoking command in '/mnt/nova_ssd/workspaces/pcl_ws/src/my_package': PYTHONPATH=/mnt/nova_ssd/workspaces/pcl_ws/build/my_package/prefix_override:/usr/lib/python3/dist-packages/colcon_core/task/python/colcon_distutils_commands:/mnt/nova_ssd/workspaces/pcl_ws/install/my_package/lib/python3.10/site-packages:${PYTHONPATH} /usr/bin/python3 -W ignore:setup.py install is deprecated setup.py egg_info --egg-base ../../build/my_package build --build-base /mnt/nova_ssd/workspaces/pcl_ws/build/my_package/build install --record /mnt/nova_ssd/workspaces/pcl_ws/build/my_package/install.log --single-version-externally-managed install_data
[1.934s] running egg_info
[1.935s] writing ../../build/my_package/my_package.egg-info/PKG-INFO
[1.935s] writing dependency_links to ../../build/my_package/my_package.egg-info/dependency_links.txt
[1.936s] writing entry points to ../../build/my_package/my_package.egg-info/entry_points.txt
[1.937s] writing requirements to ../../build/my_package/my_package.egg-info/requires.txt
[1.937s] writing top-level names to ../../build/my_package/my_package.egg-info/top_level.txt
[1.940s] reading manifest file '../../build/my_package/my_package.egg-info/SOURCES.txt'
[1.941s] writing manifest file '../../build/my_package/my_package.egg-info/SOURCES.txt'
[1.941s] running build
[1.941s] running build_py
[1.941s] running install
[1.942s] running install_lib
[1.944s] running install_data
[1.944s] running install_egg_info
[1.947s] removing '/mnt/nova_ssd/workspaces/pcl_ws/install/my_package/lib/python3.10/site-packages/my_package-0.0.0-py3.10.egg-info' (and everything under it)
[1.947s] Copying ../../build/my_package/my_package.egg-info to /mnt/nova_ssd/workspaces/pcl_ws/install/my_package/lib/python3.10/site-packages/my_package-0.0.0-py3.10.egg-info
[1.949s] running install_scripts
[1.981s] Installing my_node script to /mnt/nova_ssd/workspaces/pcl_ws/install/my_package/lib/my_package
[1.982s] writing list of installed files to '/mnt/nova_ssd/workspaces/pcl_ws/build/my_package/install.log'
[2.033s] Invoked command in '/mnt/nova_ssd/workspaces/pcl_ws/src/my_package' returned '0': PYTHONPATH=/mnt/nova_ssd/workspaces/pcl_ws/build/my_package/prefix_override:/usr/lib/python3/dist-packages/colcon_core/task/python/colcon_distutils_commands:/mnt/nova_ssd/workspaces/pcl_ws/install/my_package/lib/python3.10/site-packages:${PYTHONPATH} /usr/bin/python3 -W ignore:setup.py install is deprecated setup.py egg_info --egg-base ../../build/my_package build --build-base /mnt/nova_ssd/workspaces/pcl_ws/build/my_package/build install --record /mnt/nova_ssd/workspaces/pcl_ws/build/my_package/install.log --single-version-externally-managed install_data
