[2.636s] Invoking command in '/mnt/nova_ssd/workspaces/pcl_ws/src/my_package': PYTHONPATH=/mnt/nova_ssd/workspaces/pcl_ws/build/my_package/prefix_override:/usr/lib/python3/dist-packages/colcon_core/task/python/colcon_distutils_commands:/mnt/nova_ssd/workspaces/pcl_ws/install/my_package/lib/python3.10/site-packages:${PYTHONPATH} /usr/bin/python3 -W ignore:setup.py install is deprecated setup.py egg_info --egg-base ../../build/my_package build --build-base /mnt/nova_ssd/workspaces/pcl_ws/build/my_package/build install --record /mnt/nova_ssd/workspaces/pcl_ws/build/my_package/install.log --single-version-externally-managed install_data
[3.117s] running egg_info
[3.118s] writing ../../build/my_package/my_package.egg-info/PKG-INFO
[3.119s] writing dependency_links to ../../build/my_package/my_package.egg-info/dependency_links.txt
[3.119s] writing entry points to ../../build/my_package/my_package.egg-info/entry_points.txt
[3.119s] writing requirements to ../../build/my_package/my_package.egg-info/requires.txt
[3.120s] writing top-level names to ../../build/my_package/my_package.egg-info/top_level.txt
[3.123s] reading manifest file '../../build/my_package/my_package.egg-info/SOURCES.txt'
[3.126s] writing manifest file '../../build/my_package/my_package.egg-info/SOURCES.txt'
[3.126s] running build
[3.126s] running build_py
[3.126s] running install
[3.127s] running install_lib
[3.130s] running install_data
[3.130s] running install_egg_info
[3.133s] removing '/mnt/nova_ssd/workspaces/pcl_ws/install/my_package/lib/python3.10/site-packages/my_package-0.0.0-py3.10.egg-info' (and everything under it)
[3.133s] Copying ../../build/my_package/my_package.egg-info to /mnt/nova_ssd/workspaces/pcl_ws/install/my_package/lib/python3.10/site-packages/my_package-0.0.0-py3.10.egg-info
[3.136s] running install_scripts
[3.185s] Installing my_node script to /mnt/nova_ssd/workspaces/pcl_ws/install/my_package/lib/my_package
[3.187s] writing list of installed files to '/mnt/nova_ssd/workspaces/pcl_ws/build/my_package/install.log'
[3.270s] Invoked command in '/mnt/nova_ssd/workspaces/pcl_ws/src/my_package' returned '0': PYTHONPATH=/mnt/nova_ssd/workspaces/pcl_ws/build/my_package/prefix_override:/usr/lib/python3/dist-packages/colcon_core/task/python/colcon_distutils_commands:/mnt/nova_ssd/workspaces/pcl_ws/install/my_package/lib/python3.10/site-packages:${PYTHONPATH} /usr/bin/python3 -W ignore:setup.py install is deprecated setup.py egg_info --egg-base ../../build/my_package build --build-base /mnt/nova_ssd/workspaces/pcl_ws/build/my_package/build install --record /mnt/nova_ssd/workspaces/pcl_ws/build/my_package/install.log --single-version-externally-managed install_data
