[0.033s] Invoking command in '/mnt/nova_ssd/workspaces/navigation/build/dstar_main': CMAKE_PREFIX_PATH=/mnt/nova_ssd/workspaces/octomap_ws/install/octomap_example:/mnt/nova_ssd/workspaces/3d_lidar/src/ws_livox/install/livox_ros_driver2:/mnt/nova_ssd/workspaces/pcl_ws/install/pointcloud_to_laserscan:/mnt/nova_ssd/workspaces/pcl_ws/install/pcl_object_detection:/mnt/nova_ssd/workspaces/navigation/install/dwa_main:/mnt/nova_ssd/workspaces/navigation/install/dstar_main:/mnt/nova_ssd/workspaces/navigation/install/costmap_converter:/mnt/nova_ssd/workspaces/navigation/install/costmap_converter_msgs:/mnt/nova_ssd/workspaces/scout/install/scout_base:/mnt/nova_ssd/workspaces/pcl_ws/install/pcl_filter:/mnt/nova_ssd/workspaces/pcl_ws/install/my_package:/mnt/nova_ssd/workspaces/pcl_ws/install/livox_tf:/opt/ros/humble:/mnt/nova_ssd/workspaces/scout/install/ugv_sdk:/mnt/nova_ssd/workspaces/scout/install/scout_msgs:/mnt/nova_ssd/workspaces/scout/install/scout_description /usr/bin/cmake --build /mnt/nova_ssd/workspaces/navigation/build/dstar_main -- -j12 -l12
[0.203s] [ 50%] Built target dstar_main
[0.235s] [35m[1mConsolidate compiler generated dependencies of target dwa_main[0m
[0.297s] [ 75%] [32mBuilding CXX object CMakeFiles/dwa_main.dir/src/dwa_main.cpp.o[0m
[12.081s] [01m[K/mnt/nova_ssd/workspaces/navigation/src/dstar_main/src/dwa_main.cpp:[m[K In member function ‘[01m[Kgeometry_msgs::msg::Point dwaNode::transformPoint(const Point&, const string&, const string&, geometry_msgs::msg::TransformStamped)[m[K’:
[12.081s] [01m[K/mnt/nova_ssd/workspaces/navigation/src/dstar_main/src/dwa_main.cpp:113:110:[m[K [01;35m[Kwarning: [m[Kunused parameter ‘[01m[Ktarget_frame[m[K’ [[01;35m[K]8;;https://gcc.gnu.org/onlinedocs/gcc/Warning-Options.html#index-Wunused-parameter-Wunused-parameter]8;;[m[K]
[12.081s]   113 | (const geometry_msgs::msg::Point& point, [01;35m[Kconst std::string& target_frame[m[K, const std::string& source_frame, geometry_msgs::msg::TransformStamped transformStamped) {
[12.081s]       |                                          [01;35m[K~~~~~~~~~~~~~~~~~~~^~~~~~~~~~~~[m[K
[12.082s] 
[36.400s] [100%] [32m[1mLinking CXX executable dwa_main[0m
[37.352s] [100%] Built target dwa_main
[37.376s] Invoked command in '/mnt/nova_ssd/workspaces/navigation/build/dstar_main' returned '0': CMAKE_PREFIX_PATH=/mnt/nova_ssd/workspaces/octomap_ws/install/octomap_example:/mnt/nova_ssd/workspaces/3d_lidar/src/ws_livox/install/livox_ros_driver2:/mnt/nova_ssd/workspaces/pcl_ws/install/pointcloud_to_laserscan:/mnt/nova_ssd/workspaces/pcl_ws/install/pcl_object_detection:/mnt/nova_ssd/workspaces/navigation/install/dwa_main:/mnt/nova_ssd/workspaces/navigation/install/dstar_main:/mnt/nova_ssd/workspaces/navigation/install/costmap_converter:/mnt/nova_ssd/workspaces/navigation/install/costmap_converter_msgs:/mnt/nova_ssd/workspaces/scout/install/scout_base:/mnt/nova_ssd/workspaces/pcl_ws/install/pcl_filter:/mnt/nova_ssd/workspaces/pcl_ws/install/my_package:/mnt/nova_ssd/workspaces/pcl_ws/install/livox_tf:/opt/ros/humble:/mnt/nova_ssd/workspaces/scout/install/ugv_sdk:/mnt/nova_ssd/workspaces/scout/install/scout_msgs:/mnt/nova_ssd/workspaces/scout/install/scout_description /usr/bin/cmake --build /mnt/nova_ssd/workspaces/navigation/build/dstar_main -- -j12 -l12
[37.444s] Invoking command in '/mnt/nova_ssd/workspaces/navigation/build/dstar_main': CMAKE_PREFIX_PATH=/mnt/nova_ssd/workspaces/octomap_ws/install/octomap_example:/mnt/nova_ssd/workspaces/3d_lidar/src/ws_livox/install/livox_ros_driver2:/mnt/nova_ssd/workspaces/pcl_ws/install/pointcloud_to_laserscan:/mnt/nova_ssd/workspaces/pcl_ws/install/pcl_object_detection:/mnt/nova_ssd/workspaces/navigation/install/dwa_main:/mnt/nova_ssd/workspaces/navigation/install/dstar_main:/mnt/nova_ssd/workspaces/navigation/install/costmap_converter:/mnt/nova_ssd/workspaces/navigation/install/costmap_converter_msgs:/mnt/nova_ssd/workspaces/scout/install/scout_base:/mnt/nova_ssd/workspaces/pcl_ws/install/pcl_filter:/mnt/nova_ssd/workspaces/pcl_ws/install/my_package:/mnt/nova_ssd/workspaces/pcl_ws/install/livox_tf:/opt/ros/humble:/mnt/nova_ssd/workspaces/scout/install/ugv_sdk:/mnt/nova_ssd/workspaces/scout/install/scout_msgs:/mnt/nova_ssd/workspaces/scout/install/scout_description /usr/bin/cmake --install /mnt/nova_ssd/workspaces/navigation/build/dstar_main
[37.456s] -- Install configuration: ""
[37.457s] -- Up-to-date: /mnt/nova_ssd/workspaces/navigation/install/dstar_main/share/dstar_main//launch
[37.457s] -- Up-to-date: /mnt/nova_ssd/workspaces/navigation/install/dstar_main/share/dstar_main//launch/dstar_main.launch.py
[37.457s] -- Installing: /mnt/nova_ssd/workspaces/navigation/install/dstar_main/share/dstar_main//launch/dwa_main.launch.py
[37.457s] -- Up-to-date: /mnt/nova_ssd/workspaces/navigation/install/dstar_main/share/dstar_main//config
[37.459s] -- Up-to-date: /mnt/nova_ssd/workspaces/navigation/install/dstar_main/share/dstar_main//config/dstar_main.yaml
[37.459s] -- Installing: /mnt/nova_ssd/workspaces/navigation/install/dstar_main/share/dstar_main//config/dwa_main.yaml
[37.459s] -- Up-to-date: /mnt/nova_ssd/workspaces/navigation/install/dstar_main/lib/dstar_main/dstar_main
[37.459s] -- Installing: /mnt/nova_ssd/workspaces/navigation/install/dstar_main/lib/dstar_main/dwa_main
[37.464s] -- Set runtime path of "/mnt/nova_ssd/workspaces/navigation/install/dstar_main/lib/dstar_main/dwa_main" to ""
[37.464s] -- Up-to-date: /mnt/nova_ssd/workspaces/navigation/install/dstar_main/share/ament_index/resource_index/package_run_dependencies/dstar_main
[37.464s] -- Up-to-date: /mnt/nova_ssd/workspaces/navigation/install/dstar_main/share/ament_index/resource_index/parent_prefix_path/dstar_main
[37.464s] -- Up-to-date: /mnt/nova_ssd/workspaces/navigation/install/dstar_main/share/dstar_main/environment/ament_prefix_path.sh
[37.464s] -- Up-to-date: /mnt/nova_ssd/workspaces/navigation/install/dstar_main/share/dstar_main/environment/ament_prefix_path.dsv
[37.465s] -- Up-to-date: /mnt/nova_ssd/workspaces/navigation/install/dstar_main/share/dstar_main/environment/path.sh
[37.465s] -- Up-to-date: /mnt/nova_ssd/workspaces/navigation/install/dstar_main/share/dstar_main/environment/path.dsv
[37.465s] -- Up-to-date: /mnt/nova_ssd/workspaces/navigation/install/dstar_main/share/dstar_main/local_setup.bash
[37.465s] -- Up-to-date: /mnt/nova_ssd/workspaces/navigation/install/dstar_main/share/dstar_main/local_setup.sh
[37.465s] -- Up-to-date: /mnt/nova_ssd/workspaces/navigation/install/dstar_main/share/dstar_main/local_setup.zsh
[37.465s] -- Up-to-date: /mnt/nova_ssd/workspaces/navigation/install/dstar_main/share/dstar_main/local_setup.dsv
[37.465s] -- Installing: /mnt/nova_ssd/workspaces/navigation/install/dstar_main/share/dstar_main/package.dsv
[37.465s] -- Up-to-date: /mnt/nova_ssd/workspaces/navigation/install/dstar_main/share/ament_index/resource_index/packages/dstar_main
[37.466s] -- Up-to-date: /mnt/nova_ssd/workspaces/navigation/install/dstar_main/share/dstar_main/cmake/dstar_mainConfig.cmake
[37.466s] -- Up-to-date: /mnt/nova_ssd/workspaces/navigation/install/dstar_main/share/dstar_main/cmake/dstar_mainConfig-version.cmake
[37.466s] -- Up-to-date: /mnt/nova_ssd/workspaces/navigation/install/dstar_main/share/dstar_main/package.xml
[37.470s] Invoked command in '/mnt/nova_ssd/workspaces/navigation/build/dstar_main' returned '0': CMAKE_PREFIX_PATH=/mnt/nova_ssd/workspaces/octomap_ws/install/octomap_example:/mnt/nova_ssd/workspaces/3d_lidar/src/ws_livox/install/livox_ros_driver2:/mnt/nova_ssd/workspaces/pcl_ws/install/pointcloud_to_laserscan:/mnt/nova_ssd/workspaces/pcl_ws/install/pcl_object_detection:/mnt/nova_ssd/workspaces/navigation/install/dwa_main:/mnt/nova_ssd/workspaces/navigation/install/dstar_main:/mnt/nova_ssd/workspaces/navigation/install/costmap_converter:/mnt/nova_ssd/workspaces/navigation/install/costmap_converter_msgs:/mnt/nova_ssd/workspaces/scout/install/scout_base:/mnt/nova_ssd/workspaces/pcl_ws/install/pcl_filter:/mnt/nova_ssd/workspaces/pcl_ws/install/my_package:/mnt/nova_ssd/workspaces/pcl_ws/install/livox_tf:/opt/ros/humble:/mnt/nova_ssd/workspaces/scout/install/ugv_sdk:/mnt/nova_ssd/workspaces/scout/install/scout_msgs:/mnt/nova_ssd/workspaces/scout/install/scout_description /usr/bin/cmake --install /mnt/nova_ssd/workspaces/navigation/build/dstar_main
