[1.554s] Invoking command in '/mnt/nova_ssd/workspaces/ai_reconstruction_ws/src/robot_position_listener': PYTHONPATH=/mnt/nova_ssd/workspaces/ai_reconstruction_ws/build/robot_position_listener/prefix_override:/usr/lib/python3/dist-packages/colcon_core/task/python/colcon_distutils_commands:/mnt/nova_ssd/workspaces/ai_reconstruction_ws/install/robot_position_listener/lib/python3.10/site-packages:${PYTHONPATH} /usr/bin/python3 -W ignore:setup.py install is deprecated setup.py egg_info --egg-base ../../build/robot_position_listener build --build-base /mnt/nova_ssd/workspaces/ai_reconstruction_ws/build/robot_position_listener/build install --record /mnt/nova_ssd/workspaces/ai_reconstruction_ws/build/robot_position_listener/install.log --single-version-externally-managed install_data
[1.941s] running egg_info
[1.943s] writing ../../build/robot_position_listener/robot_position_listener.egg-info/PKG-INFO
[1.944s] writing dependency_links to ../../build/robot_position_listener/robot_position_listener.egg-info/dependency_links.txt
[1.945s] writing entry points to ../../build/robot_position_listener/robot_position_listener.egg-info/entry_points.txt
[1.946s] writing requirements to ../../build/robot_position_listener/robot_position_listener.egg-info/requires.txt
[1.946s] writing top-level names to ../../build/robot_position_listener/robot_position_listener.egg-info/top_level.txt
[1.949s] reading manifest file '../../build/robot_position_listener/robot_position_listener.egg-info/SOURCES.txt'
[1.951s] writing manifest file '../../build/robot_position_listener/robot_position_listener.egg-info/SOURCES.txt'
[1.951s] running build
[1.952s] running build_py
[1.953s] running install
[1.956s] running install_lib
[1.956s] running install_data
[1.957s] running install_egg_info
[1.959s] removing '/mnt/nova_ssd/workspaces/ai_reconstruction_ws/install/robot_position_listener/lib/python3.10/site-packages/robot_position_listener-0.0.0-py3.10.egg-info' (and everything under it)
[1.967s] Copying ../../build/robot_position_listener/robot_position_listener.egg-info to /mnt/nova_ssd/workspaces/ai_reconstruction_ws/install/robot_position_listener/lib/python3.10/site-packages/robot_position_listener-0.0.0-py3.10.egg-info
[1.968s] running install_scripts
[2.003s] Installing position_listener script to /mnt/nova_ssd/workspaces/ai_reconstruction_ws/install/robot_position_listener/lib/robot_position_listener
[2.003s] writing list of installed files to '/mnt/nova_ssd/workspaces/ai_reconstruction_ws/build/robot_position_listener/install.log'
[2.075s] Invoked command in '/mnt/nova_ssd/workspaces/ai_reconstruction_ws/src/robot_position_listener' returned '0': PYTHONPATH=/mnt/nova_ssd/workspaces/ai_reconstruction_ws/build/robot_position_listener/prefix_override:/usr/lib/python3/dist-packages/colcon_core/task/python/colcon_distutils_commands:/mnt/nova_ssd/workspaces/ai_reconstruction_ws/install/robot_position_listener/lib/python3.10/site-packages:${PYTHONPATH} /usr/bin/python3 -W ignore:setup.py install is deprecated setup.py egg_info --egg-base ../../build/robot_position_listener build --build-base /mnt/nova_ssd/workspaces/ai_reconstruction_ws/build/robot_position_listener/build install --record /mnt/nova_ssd/workspaces/ai_reconstruction_ws/build/robot_position_listener/install.log --single-version-externally-managed install_data
