[0.052s] Invoking command in '/mnt/nova_ssd/workspaces/navigation/build/costmap_converter': CMAKE_PREFIX_PATH=/mnt/nova_ssd/workspaces/navigation/install/costmap_converter_msgs:/mnt/nova_ssd/workspaces/navigation/install/dwa_main:/mnt/nova_ssd/workspaces/navigation/install/dstar_main:/mnt/nova_ssd/workspaces/navigation/install/costmap_converter:/mnt/nova_ssd/workspaces/texttopoint_ws/install/point_publisher_pkg:/mnt/nova_ssd/workspaces/kiss-icp_ws/install/kiss_icp:/mnt/nova_ssd/workspaces/3d_lidar/src/ws_livox/install/livox_ros_driver2:/mnt/nova_ssd/workspaces/scout/install/scout_base:/mnt/nova_ssd/workspaces/pcl_ws/install/my_package:/mnt/nova_ssd/workspaces/pcl_ws/install/livox_tf:/opt/ros/humble:/mnt/nova_ssd/workspaces/scout/install/ugv_sdk:/mnt/nova_ssd/workspaces/scout/install/scout_msgs:/mnt/nova_ssd/workspaces/scout/install/scout_description:/mnt/nova_ssd/workspaces/octomap_ws/install/octomap_example:/mnt/nova_ssd/workspaces/pcl_ws/install/projected_pcl:/mnt/nova_ssd/workspaces/pcl_ws/install/pointcloud_to_laserscan:/mnt/nova_ssd/workspaces/pcl_ws/install/pcl_object_detection:/mnt/nova_ssd/workspaces/pcl_ws/install/pcl_filter LD_LIBRARY_PATH=/mnt/nova_ssd/workspaces/navigation/install/costmap_converter_msgs/lib:/mnt/nova_ssd/workspaces/navigation/install/costmap_converter/lib:/mnt/nova_ssd/workspaces/kiss-icp_ws/install/kiss_icp/lib:/mnt/nova_ssd/workspaces/3d_lidar/src/ws_livox/install/livox_ros_driver2/lib:/mnt/nova_ssd/workspaces/scout/install/scout_msgs/lib:/mnt/nova_ssd/workspaces/pcl_ws/install/pointcloud_to_laserscan/lib:/mnt/nova_ssd/workspaces/pcl_ws/install/pcl_object_detection/lib:/opt/ros/humble/opt/rviz_ogre_vendor/lib:/opt/ros/humble/lib/aarch64-linux-gnu:/opt/ros/humble/lib:/usr/local/lib:/usr/local/lib /usr/bin/cmake --build /mnt/nova_ssd/workspaces/navigation/build/costmap_converter -- -j12 -l12
[0.226s] [ 57%] Built target costmap_converter
[0.313s] [ 68%] Built target gtest
[0.366s] [ 78%] Built target standalone_converter
[0.419s] [ 89%] Built target gtest_main
[0.504s] [100%] Built target test_costmap_polygons
[0.550s] Invoked command in '/mnt/nova_ssd/workspaces/navigation/build/costmap_converter' returned '0': CMAKE_PREFIX_PATH=/mnt/nova_ssd/workspaces/navigation/install/costmap_converter_msgs:/mnt/nova_ssd/workspaces/navigation/install/dwa_main:/mnt/nova_ssd/workspaces/navigation/install/dstar_main:/mnt/nova_ssd/workspaces/navigation/install/costmap_converter:/mnt/nova_ssd/workspaces/texttopoint_ws/install/point_publisher_pkg:/mnt/nova_ssd/workspaces/kiss-icp_ws/install/kiss_icp:/mnt/nova_ssd/workspaces/3d_lidar/src/ws_livox/install/livox_ros_driver2:/mnt/nova_ssd/workspaces/scout/install/scout_base:/mnt/nova_ssd/workspaces/pcl_ws/install/my_package:/mnt/nova_ssd/workspaces/pcl_ws/install/livox_tf:/opt/ros/humble:/mnt/nova_ssd/workspaces/scout/install/ugv_sdk:/mnt/nova_ssd/workspaces/scout/install/scout_msgs:/mnt/nova_ssd/workspaces/scout/install/scout_description:/mnt/nova_ssd/workspaces/octomap_ws/install/octomap_example:/mnt/nova_ssd/workspaces/pcl_ws/install/projected_pcl:/mnt/nova_ssd/workspaces/pcl_ws/install/pointcloud_to_laserscan:/mnt/nova_ssd/workspaces/pcl_ws/install/pcl_object_detection:/mnt/nova_ssd/workspaces/pcl_ws/install/pcl_filter LD_LIBRARY_PATH=/mnt/nova_ssd/workspaces/navigation/install/costmap_converter_msgs/lib:/mnt/nova_ssd/workspaces/navigation/install/costmap_converter/lib:/mnt/nova_ssd/workspaces/kiss-icp_ws/install/kiss_icp/lib:/mnt/nova_ssd/workspaces/3d_lidar/src/ws_livox/install/livox_ros_driver2/lib:/mnt/nova_ssd/workspaces/scout/install/scout_msgs/lib:/mnt/nova_ssd/workspaces/pcl_ws/install/pointcloud_to_laserscan/lib:/mnt/nova_ssd/workspaces/pcl_ws/install/pcl_object_detection/lib:/opt/ros/humble/opt/rviz_ogre_vendor/lib:/opt/ros/humble/lib/aarch64-linux-gnu:/opt/ros/humble/lib:/usr/local/lib:/usr/local/lib /usr/bin/cmake --build /mnt/nova_ssd/workspaces/navigation/build/costmap_converter -- -j12 -l12
[0.815s] Invoking command in '/mnt/nova_ssd/workspaces/navigation/build/costmap_converter': CMAKE_PREFIX_PATH=/mnt/nova_ssd/workspaces/navigation/install/costmap_converter_msgs:/mnt/nova_ssd/workspaces/navigation/install/dwa_main:/mnt/nova_ssd/workspaces/navigation/install/dstar_main:/mnt/nova_ssd/workspaces/navigation/install/costmap_converter:/mnt/nova_ssd/workspaces/texttopoint_ws/install/point_publisher_pkg:/mnt/nova_ssd/workspaces/kiss-icp_ws/install/kiss_icp:/mnt/nova_ssd/workspaces/3d_lidar/src/ws_livox/install/livox_ros_driver2:/mnt/nova_ssd/workspaces/scout/install/scout_base:/mnt/nova_ssd/workspaces/pcl_ws/install/my_package:/mnt/nova_ssd/workspaces/pcl_ws/install/livox_tf:/opt/ros/humble:/mnt/nova_ssd/workspaces/scout/install/ugv_sdk:/mnt/nova_ssd/workspaces/scout/install/scout_msgs:/mnt/nova_ssd/workspaces/scout/install/scout_description:/mnt/nova_ssd/workspaces/octomap_ws/install/octomap_example:/mnt/nova_ssd/workspaces/pcl_ws/install/projected_pcl:/mnt/nova_ssd/workspaces/pcl_ws/install/pointcloud_to_laserscan:/mnt/nova_ssd/workspaces/pcl_ws/install/pcl_object_detection:/mnt/nova_ssd/workspaces/pcl_ws/install/pcl_filter LD_LIBRARY_PATH=/mnt/nova_ssd/workspaces/navigation/install/costmap_converter_msgs/lib:/mnt/nova_ssd/workspaces/navigation/install/costmap_converter/lib:/mnt/nova_ssd/workspaces/kiss-icp_ws/install/kiss_icp/lib:/mnt/nova_ssd/workspaces/3d_lidar/src/ws_livox/install/livox_ros_driver2/lib:/mnt/nova_ssd/workspaces/scout/install/scout_msgs/lib:/mnt/nova_ssd/workspaces/pcl_ws/install/pointcloud_to_laserscan/lib:/mnt/nova_ssd/workspaces/pcl_ws/install/pcl_object_detection/lib:/opt/ros/humble/opt/rviz_ogre_vendor/lib:/opt/ros/humble/lib/aarch64-linux-gnu:/opt/ros/humble/lib:/usr/local/lib:/usr/local/lib /usr/bin/cmake --install /mnt/nova_ssd/workspaces/navigation/build/costmap_converter
[0.828s] -- Install configuration: "Release"
[0.828s] -- Up-to-date: /mnt/nova_ssd/workspaces/navigation/install/costmap_converter/lib/libcostmap_converter.so
[0.828s] -- Up-to-date: /mnt/nova_ssd/workspaces/navigation/install/costmap_converter/bin/standalone_converter
[0.829s] -- Up-to-date: /mnt/nova_ssd/workspaces/navigation/install/costmap_converter/include/
[0.829s] -- Up-to-date: /mnt/nova_ssd/workspaces/navigation/install/costmap_converter/include//costmap_converter
[0.829s] -- Up-to-date: /mnt/nova_ssd/workspaces/navigation/install/costmap_converter/include//costmap_converter/costmap_to_lines_ransac.h
[0.829s] -- Up-to-date: /mnt/nova_ssd/workspaces/navigation/install/costmap_converter/include//costmap_converter/misc.h
[0.829s] -- Up-to-date: /mnt/nova_ssd/workspaces/navigation/install/costmap_converter/include//costmap_converter/costmap_to_polygons_concave.h
[0.829s] -- Up-to-date: /mnt/nova_ssd/workspaces/navigation/install/costmap_converter/include//costmap_converter/costmap_converter_interface.h
[0.829s] -- Up-to-date: /mnt/nova_ssd/workspaces/navigation/install/costmap_converter/include//costmap_converter/costmap_to_lines_convex_hull.h
[0.829s] -- Up-to-date: /mnt/nova_ssd/workspaces/navigation/install/costmap_converter/include//costmap_converter/costmap_to_dynamic_obstacles
[0.829s] -- Up-to-date: /mnt/nova_ssd/workspaces/navigation/install/costmap_converter/include//costmap_converter/costmap_to_dynamic_obstacles/blob_detector.h
[0.829s] -- Up-to-date: /mnt/nova_ssd/workspaces/navigation/install/costmap_converter/include//costmap_converter/costmap_to_dynamic_obstacles/multitarget_tracker
[0.830s] -- Up-to-date: /mnt/nova_ssd/workspaces/navigation/install/costmap_converter/include//costmap_converter/costmap_to_dynamic_obstacles/multitarget_tracker/README.md
[0.830s] -- Up-to-date: /mnt/nova_ssd/workspaces/navigation/install/costmap_converter/include//costmap_converter/costmap_to_dynamic_obstacles/multitarget_tracker/Ctracker.h
[0.830s] -- Up-to-date: /mnt/nova_ssd/workspaces/navigation/install/costmap_converter/include//costmap_converter/costmap_to_dynamic_obstacles/multitarget_tracker/Kalman.h
[0.830s] -- Up-to-date: /mnt/nova_ssd/workspaces/navigation/install/costmap_converter/include//costmap_converter/costmap_to_dynamic_obstacles/multitarget_tracker/HungarianAlg.h
[0.830s] -- Up-to-date: /mnt/nova_ssd/workspaces/navigation/install/costmap_converter/include//costmap_converter/costmap_to_dynamic_obstacles/multitarget_tracker/defines.h
[0.830s] -- Up-to-date: /mnt/nova_ssd/workspaces/navigation/install/costmap_converter/include//costmap_converter/costmap_to_dynamic_obstacles/background_subtractor.h
[0.830s] -- Up-to-date: /mnt/nova_ssd/workspaces/navigation/install/costmap_converter/include//costmap_converter/costmap_to_dynamic_obstacles/costmap_to_dynamic_obstacles.h
[0.830s] -- Up-to-date: /mnt/nova_ssd/workspaces/navigation/install/costmap_converter/include//costmap_converter/costmap_to_polygons.h
[0.831s] -- Up-to-date: /mnt/nova_ssd/workspaces/navigation/install/costmap_converter/share/costmap_converter/environment/library_path.sh
[0.831s] -- Up-to-date: /mnt/nova_ssd/workspaces/navigation/install/costmap_converter/share/costmap_converter/environment/library_path.dsv
[0.831s] -- Up-to-date: /mnt/nova_ssd/workspaces/navigation/install/costmap_converter/share/costmap_converter/costmap_converter_plugins.xml
[0.831s] -- Up-to-date: /mnt/nova_ssd/workspaces/navigation/install/costmap_converter/share/ament_index/resource_index/package_run_dependencies/costmap_converter
[0.831s] -- Up-to-date: /mnt/nova_ssd/workspaces/navigation/install/costmap_converter/share/ament_index/resource_index/parent_prefix_path/costmap_converter
[0.831s] -- Up-to-date: /mnt/nova_ssd/workspaces/navigation/install/costmap_converter/share/costmap_converter/environment/ament_prefix_path.sh
[0.831s] -- Up-to-date: /mnt/nova_ssd/workspaces/navigation/install/costmap_converter/share/costmap_converter/environment/ament_prefix_path.dsv
[0.832s] -- Up-to-date: /mnt/nova_ssd/workspaces/navigation/install/costmap_converter/share/costmap_converter/environment/path.sh
[0.832s] -- Up-to-date: /mnt/nova_ssd/workspaces/navigation/install/costmap_converter/share/costmap_converter/environment/path.dsv
[0.832s] -- Up-to-date: /mnt/nova_ssd/workspaces/navigation/install/costmap_converter/share/costmap_converter/local_setup.bash
[0.832s] -- Up-to-date: /mnt/nova_ssd/workspaces/navigation/install/costmap_converter/share/costmap_converter/local_setup.sh
[0.832s] -- Up-to-date: /mnt/nova_ssd/workspaces/navigation/install/costmap_converter/share/costmap_converter/local_setup.zsh
[0.832s] -- Up-to-date: /mnt/nova_ssd/workspaces/navigation/install/costmap_converter/share/costmap_converter/local_setup.dsv
[0.832s] -- Installing: /mnt/nova_ssd/workspaces/navigation/install/costmap_converter/share/costmap_converter/package.dsv
[0.832s] -- Up-to-date: /mnt/nova_ssd/workspaces/navigation/install/costmap_converter/share/ament_index/resource_index/packages/costmap_converter
[0.832s] -- Up-to-date: /mnt/nova_ssd/workspaces/navigation/install/costmap_converter/share/ament_index/resource_index/costmap_converter__pluginlib__plugin/costmap_converter
[0.833s] -- Up-to-date: /mnt/nova_ssd/workspaces/navigation/install/costmap_converter/share/costmap_converter/cmake/ament_cmake_export_include_directories-extras.cmake
[0.833s] -- Up-to-date: /mnt/nova_ssd/workspaces/navigation/install/costmap_converter/share/costmap_converter/cmake/ament_cmake_export_libraries-extras.cmake
[0.833s] -- Up-to-date: /mnt/nova_ssd/workspaces/navigation/install/costmap_converter/share/costmap_converter/cmake/ament_cmake_export_dependencies-extras.cmake
[0.833s] -- Up-to-date: /mnt/nova_ssd/workspaces/navigation/install/costmap_converter/share/costmap_converter/cmake/costmap_converterConfig.cmake
[0.836s] -- Up-to-date: /mnt/nova_ssd/workspaces/navigation/install/costmap_converter/share/costmap_converter/cmake/costmap_converterConfig-version.cmake
[0.836s] -- Up-to-date: /mnt/nova_ssd/workspaces/navigation/install/costmap_converter/share/costmap_converter/package.xml
[0.842s] Invoked command in '/mnt/nova_ssd/workspaces/navigation/build/costmap_converter' returned '0': CMAKE_PREFIX_PATH=/mnt/nova_ssd/workspaces/navigation/install/costmap_converter_msgs:/mnt/nova_ssd/workspaces/navigation/install/dwa_main:/mnt/nova_ssd/workspaces/navigation/install/dstar_main:/mnt/nova_ssd/workspaces/navigation/install/costmap_converter:/mnt/nova_ssd/workspaces/texttopoint_ws/install/point_publisher_pkg:/mnt/nova_ssd/workspaces/kiss-icp_ws/install/kiss_icp:/mnt/nova_ssd/workspaces/3d_lidar/src/ws_livox/install/livox_ros_driver2:/mnt/nova_ssd/workspaces/scout/install/scout_base:/mnt/nova_ssd/workspaces/pcl_ws/install/my_package:/mnt/nova_ssd/workspaces/pcl_ws/install/livox_tf:/opt/ros/humble:/mnt/nova_ssd/workspaces/scout/install/ugv_sdk:/mnt/nova_ssd/workspaces/scout/install/scout_msgs:/mnt/nova_ssd/workspaces/scout/install/scout_description:/mnt/nova_ssd/workspaces/octomap_ws/install/octomap_example:/mnt/nova_ssd/workspaces/pcl_ws/install/projected_pcl:/mnt/nova_ssd/workspaces/pcl_ws/install/pointcloud_to_laserscan:/mnt/nova_ssd/workspaces/pcl_ws/install/pcl_object_detection:/mnt/nova_ssd/workspaces/pcl_ws/install/pcl_filter LD_LIBRARY_PATH=/mnt/nova_ssd/workspaces/navigation/install/costmap_converter_msgs/lib:/mnt/nova_ssd/workspaces/navigation/install/costmap_converter/lib:/mnt/nova_ssd/workspaces/kiss-icp_ws/install/kiss_icp/lib:/mnt/nova_ssd/workspaces/3d_lidar/src/ws_livox/install/livox_ros_driver2/lib:/mnt/nova_ssd/workspaces/scout/install/scout_msgs/lib:/mnt/nova_ssd/workspaces/pcl_ws/install/pointcloud_to_laserscan/lib:/mnt/nova_ssd/workspaces/pcl_ws/install/pcl_object_detection/lib:/opt/ros/humble/opt/rviz_ogre_vendor/lib:/opt/ros/humble/lib/aarch64-linux-gnu:/opt/ros/humble/lib:/usr/local/lib:/usr/local/lib /usr/bin/cmake --install /mnt/nova_ssd/workspaces/navigation/build/costmap_converter
