[0.014s] Invoking command in '/mnt/nova_ssd/workspaces/navigation/src/build/dwa_main': CMAKE_PREFIX_PATH=/opt/ros/humble /usr/bin/cmake --build /mnt/nova_ssd/workspaces/navigation/src/build/dwa_main -- -j12 -l12
[0.070s] [35m[1mConsolidate compiler generated dependencies of target dwa_main[0m
[0.102s] [ 50%] [32mBuilding CXX object CMakeFiles/dwa_main.dir/src/dwa_local_planner.cpp.o[0m
[22.303s] [100%] [32m[1mLinking CXX executable dwa_main[0m
[23.630s] [100%] Built target dwa_main
[23.649s] Invoked command in '/mnt/nova_ssd/workspaces/navigation/src/build/dwa_main' returned '0': CMAKE_PREFIX_PATH=/opt/ros/humble /usr/bin/cmake --build /mnt/nova_ssd/workspaces/navigation/src/build/dwa_main -- -j12 -l12
[23.700s] Invoking command in '/mnt/nova_ssd/workspaces/navigation/src/build/dwa_main': CMAKE_PREFIX_PATH=/opt/ros/humble /usr/bin/cmake --install /mnt/nova_ssd/workspaces/navigation/src/build/dwa_main
[23.712s] -- Install configuration: ""
[23.712s] -- Installing: /mnt/nova_ssd/workspaces/navigation/src/install/dwa_main/lib/dwa_main/dwa_main
[23.725s] -- Set runtime path of "/mnt/nova_ssd/workspaces/navigation/src/install/dwa_main/lib/dwa_main/dwa_main" to ""
[23.725s] -- Installing: /mnt/nova_ssd/workspaces/navigation/src/install/dwa_main/share/dwa_main//launch
[23.725s] -- Installing: /mnt/nova_ssd/workspaces/navigation/src/install/dwa_main/share/dwa_main//launch/dwa_local_planner_params.yaml
[23.725s] -- Installing: /mnt/nova_ssd/workspaces/navigation/src/install/dwa_main/share/dwa_main//launch/dwa_local_planner_launch.py
[23.725s] -- Installing: /mnt/nova_ssd/workspaces/navigation/src/install/dwa_main/share/dwa_main//config
[23.725s] -- Installing: /mnt/nova_ssd/workspaces/navigation/src/install/dwa_main/share/ament_index/resource_index/package_run_dependencies/dwa_main
[23.726s] -- Installing: /mnt/nova_ssd/workspaces/navigation/src/install/dwa_main/share/ament_index/resource_index/parent_prefix_path/dwa_main
[23.726s] -- Installing: /mnt/nova_ssd/workspaces/navigation/src/install/dwa_main/share/dwa_main/environment/ament_prefix_path.sh
[23.726s] -- Installing: /mnt/nova_ssd/workspaces/navigation/src/install/dwa_main/share/dwa_main/environment/ament_prefix_path.dsv
[23.726s] -- Installing: /mnt/nova_ssd/workspaces/navigation/src/install/dwa_main/share/dwa_main/environment/path.sh
[23.727s] -- Installing: /mnt/nova_ssd/workspaces/navigation/src/install/dwa_main/share/dwa_main/environment/path.dsv
[23.727s] -- Installing: /mnt/nova_ssd/workspaces/navigation/src/install/dwa_main/share/dwa_main/local_setup.bash
[23.727s] -- Installing: /mnt/nova_ssd/workspaces/navigation/src/install/dwa_main/share/dwa_main/local_setup.sh
[23.727s] -- Installing: /mnt/nova_ssd/workspaces/navigation/src/install/dwa_main/share/dwa_main/local_setup.zsh
[23.727s] -- Installing: /mnt/nova_ssd/workspaces/navigation/src/install/dwa_main/share/dwa_main/local_setup.dsv
[23.728s] -- Installing: /mnt/nova_ssd/workspaces/navigation/src/install/dwa_main/share/dwa_main/package.dsv
[23.728s] -- Installing: /mnt/nova_ssd/workspaces/navigation/src/install/dwa_main/share/ament_index/resource_index/packages/dwa_main
[23.728s] -- Installing: /mnt/nova_ssd/workspaces/navigation/src/install/dwa_main/share/dwa_main/cmake/dwa_mainConfig.cmake
[23.728s] -- Installing: /mnt/nova_ssd/workspaces/navigation/src/install/dwa_main/share/dwa_main/cmake/dwa_mainConfig-version.cmake
[23.729s] -- Installing: /mnt/nova_ssd/workspaces/navigation/src/install/dwa_main/share/dwa_main/package.xml
[23.732s] Invoked command in '/mnt/nova_ssd/workspaces/navigation/src/build/dwa_main' returned '0': CMAKE_PREFIX_PATH=/opt/ros/humble /usr/bin/cmake --install /mnt/nova_ssd/workspaces/navigation/src/build/dwa_main
