[0.031s] Invoking command in '/mnt/nova_ssd/workspaces/scout/build/scout_description': CMAKE_PREFIX_PATH=/opt/ros/humble /usr/bin/cmake --build /mnt/nova_ssd/workspaces/scout/build/scout_description -- -j12 -l12
[0.087s] Invoked command in '/mnt/nova_ssd/workspaces/scout/build/scout_description' returned '0': CMAKE_PREFIX_PATH=/opt/ros/humble /usr/bin/cmake --build /mnt/nova_ssd/workspaces/scout/build/scout_description -- -j12 -l12
[0.137s] Invoking command in '/mnt/nova_ssd/workspaces/scout/build/scout_description': CMAKE_PREFIX_PATH=/opt/ros/humble /usr/bin/cmake --install /mnt/nova_ssd/workspaces/scout/build/scout_description
[0.161s] -- Install configuration: ""
[0.162s] -- Up-to-date: /mnt/nova_ssd/workspaces/scout/install/scout_description/share/scout_description//launch
[0.164s] -- Up-to-date: /mnt/nova_ssd/workspaces/scout/install/scout_description/share/scout_description//launch/scout_base_description.launch.py
[0.164s] -- Up-to-date: /mnt/nova_ssd/workspaces/scout/install/scout_description/share/scout_description//urdf
[0.164s] -- Up-to-date: /mnt/nova_ssd/workspaces/scout/install/scout_description/share/scout_description//urdf/generate_urdf.sh
[0.164s] -- Up-to-date: /mnt/nova_ssd/workspaces/scout/install/scout_description/share/scout_description//urdf/scout_v2.xacro
[0.164s] -- Up-to-date: /mnt/nova_ssd/workspaces/scout/install/scout_description/share/scout_description//urdf/scout_v2.urdf
[0.165s] -- Up-to-date: /mnt/nova_ssd/workspaces/scout/install/scout_description/share/scout_description//urdf/scout_wheel_type2.xacro
[0.165s] -- Up-to-date: /mnt/nova_ssd/workspaces/scout/install/scout_description/share/scout_description//urdf/scout_wheel_type1.xacro
[0.165s] -- Up-to-date: /mnt/nova_ssd/workspaces/scout/install/scout_description/share/scout_description//meshes
[0.165s] -- Up-to-date: /mnt/nova_ssd/workspaces/scout/install/scout_description/share/scout_description//meshes/wheel_type2.dae
[0.165s] -- Up-to-date: /mnt/nova_ssd/workspaces/scout/install/scout_description/share/scout_description//meshes/base_link_full.dae
[0.165s] -- Up-to-date: /mnt/nova_ssd/workspaces/scout/install/scout_description/share/scout_description//meshes/hokuyo.dae
[0.165s] -- Up-to-date: /mnt/nova_ssd/workspaces/scout/install/scout_description/share/scout_description//meshes/wheel_type1.dae
[0.165s] -- Up-to-date: /mnt/nova_ssd/workspaces/scout/install/scout_description/share/scout_description//meshes/base_link.dae
[0.165s] -- Up-to-date: /mnt/nova_ssd/workspaces/scout/install/scout_description/share/ament_index/resource_index/package_run_dependencies/scout_description
[0.165s] -- Up-to-date: /mnt/nova_ssd/workspaces/scout/install/scout_description/share/ament_index/resource_index/parent_prefix_path/scout_description
[0.166s] -- Up-to-date: /mnt/nova_ssd/workspaces/scout/install/scout_description/share/scout_description/environment/ament_prefix_path.sh
[0.166s] -- Up-to-date: /mnt/nova_ssd/workspaces/scout/install/scout_description/share/scout_description/environment/ament_prefix_path.dsv
[0.166s] -- Up-to-date: /mnt/nova_ssd/workspaces/scout/install/scout_description/share/scout_description/environment/path.sh
[0.166s] -- Up-to-date: /mnt/nova_ssd/workspaces/scout/install/scout_description/share/scout_description/environment/path.dsv
[0.172s] -- Up-to-date: /mnt/nova_ssd/workspaces/scout/install/scout_description/share/scout_description/local_setup.bash
[0.173s] -- Up-to-date: /mnt/nova_ssd/workspaces/scout/install/scout_description/share/scout_description/local_setup.sh
[0.173s] -- Up-to-date: /mnt/nova_ssd/workspaces/scout/install/scout_description/share/scout_description/local_setup.zsh
[0.173s] -- Up-to-date: /mnt/nova_ssd/workspaces/scout/install/scout_description/share/scout_description/local_setup.dsv
[0.173s] -- Installing: /mnt/nova_ssd/workspaces/scout/install/scout_description/share/scout_description/package.dsv
[0.173s] -- Up-to-date: /mnt/nova_ssd/workspaces/scout/install/scout_description/share/ament_index/resource_index/packages/scout_description
[0.173s] -- Up-to-date: /mnt/nova_ssd/workspaces/scout/install/scout_description/share/scout_description/cmake/scout_descriptionConfig.cmake
[0.173s] -- Up-to-date: /mnt/nova_ssd/workspaces/scout/install/scout_description/share/scout_description/cmake/scout_descriptionConfig-version.cmake
[0.174s] -- Up-to-date: /mnt/nova_ssd/workspaces/scout/install/scout_description/share/scout_description/package.xml
[0.174s] Invoked command in '/mnt/nova_ssd/workspaces/scout/build/scout_description' returned '0': CMAKE_PREFIX_PATH=/opt/ros/humble /usr/bin/cmake --install /mnt/nova_ssd/workspaces/scout/build/scout_description
