[0.024s] Invoking command in '/mnt/nova_ssd/workspaces/navigation/build/dstar_main': CMAKE_PREFIX_PATH=/opt/ros/humble /usr/bin/cmake --build /mnt/nova_ssd/workspaces/navigation/build/dstar_main -- -j12 -l12
[0.098s] [35m[1mConsolidate compiler generated dependencies of target dstar_main[0m
[0.141s] [ 50%] [32mBuilding CXX object CMakeFiles/dstar_main.dir/src/dstar_main.cpp.o[0m
[0.562s] In file included from [01m[K/mnt/nova_ssd/workspaces/navigation/src/dstar_main/include/dstar_main/dstar_main.h:14[m[K,
[0.562s]                  from [01m[K/mnt/nova_ssd/workspaces/navigation/src/dstar_main/src/dstar_main.cpp:1[m[K:
[0.562s] [01m[K/opt/ros/humble/include/tf2_geometry_msgs/tf2_geometry_msgs/tf2_geometry_msgs.h:35:2:[m[K [01;35m[Kwarning: [m[K#warning This header is obsolete, please include tf2_geometry_msgs/tf2_geometry_msgs.hpp instead [[01;35m[K]8;;https://gcc.gnu.org/onlinedocs/gcc/Warning-Options.html#index-Wcpp-Wcpp]8;;[m[K]
[0.563s]    35 | #[01;35m[Kwarning[m[K This header is obsolete, please include tf2_geometry_msgs/tf2_geometry_msgs.hpp instead
[0.563s]       |  [01;35m[K^~~~~~~[m[K
[8.892s] In file included from [01m[K/mnt/nova_ssd/workspaces/navigation/src/dstar_main/src/dstar_main.cpp:2[m[K:
[8.893s] [01m[K/mnt/nova_ssd/workspaces/navigation/src/dstar_main/include/dstar_main/dstar_lct.hpp:[m[K In member function ‘[01m[Kvoid dstarNode::LinkCutTree::rotate(dstarNode::Nodeptr)[m[K’:
[8.893s] [01m[K/mnt/nova_ssd/workspaces/navigation/src/dstar_main/include/dstar_main/dstar_lct.hpp:12:13:[m[K [01;35m[Kwarning: [m[Kthis ‘[01m[Kif[m[K’ clause does not guard... [[01;35m[K]8;;https://gcc.gnu.org/onlinedocs/gcc/Warning-Options.html#index-Wmisleading-indentation-Wmisleading-indentation]8;;[m[K]
[8.893s]    12 |             [01;35m[Kif[m[K(!is_root(f)) ff->son[get_son(f)] = x; x -> father = ff;
[8.894s]       |             [01;35m[K^~[m[K
[8.894s] [01m[K/mnt/nova_ssd/workspaces/navigation/src/dstar_main/include/dstar_main/dstar_lct.hpp:12:54:[m[K [01;36m[Knote: [m[K...this statement, but the latter is misleadingly indented as if it were guarded by the ‘[01m[Kif[m[K’
[8.894s]    12 |             if(!is_root(f)) ff->son[get_son(f)] = x; [01;36m[Kx[m[K -> father = ff;
[8.894s]       |                                                      [01;36m[K^[m[K
[8.984s] [01m[K/mnt/nova_ssd/workspaces/navigation/src/dstar_main/src/dstar_main.cpp:[m[K In member function ‘[01m[Kvoid dstarNode::dstar_update()[m[K’:
[8.984s] [01m[K/mnt/nova_ssd/workspaces/navigation/src/dstar_main/src/dstar_main.cpp:53:17:[m[K [01;31m[Kerror: [m[K‘[01m[Kdstar_update_node[m[K’ was not declared in this scope; did you mean ‘[01m[Kdstar_update[m[K’?
[8.985s]    53 |                 [01;31m[Kdstar_update_node[m[K(node_map[nx][ny]);
[8.985s]       |                 [01;31m[K^~~~~~~~~~~~~~~~~[m[K
[8.985s]       |                 [32m[Kdstar_update[m[K
[9.017s] [01m[K/mnt/nova_ssd/workspaces/navigation/src/dstar_main/src/dstar_main.cpp:63:17:[m[K [01;31m[Kerror: [m[K‘[01m[Kdstar_update_node[m[K’ was not declared in this scope; did you mean ‘[01m[Kdstar_update[m[K’?
[9.017s]    63 |                 [01;31m[Kdstar_update_node[m[K(node_map[nx][ny]);
[9.017s]       |                 [01;31m[K^~~~~~~~~~~~~~~~~[m[K
[9.018s]       |                 [32m[Kdstar_update[m[K
[9.030s] [01m[K/mnt/nova_ssd/workspaces/navigation/src/dstar_main/src/dstar_main.cpp:[m[K At global scope:
[9.030s] [01m[K/mnt/nova_ssd/workspaces/navigation/src/dstar_main/src/dstar_main.cpp:94:6:[m[K [01;31m[Kerror: [m[Kno declaration matches ‘[01m[Kvoid dstarNode::solve_goal_msg()[m[K’
[9.030s]    94 | void [01;31m[KdstarNode[m[K::solve_goal_msg(){
[9.030s]       |      [01;31m[K^~~~~~~~~[m[K
[9.031s] [01m[K/mnt/nova_ssd/workspaces/navigation/src/dstar_main/src/dstar_main.cpp:94:6:[m[K [01;36m[Knote: [m[Kno functions named ‘[01m[Kvoid dstarNode::solve_goal_msg()[m[K’
[9.031s] In file included from [01m[K/mnt/nova_ssd/workspaces/navigation/src/dstar_main/src/dstar_main.cpp:1[m[K:
[9.031s] [01m[K/mnt/nova_ssd/workspaces/navigation/src/dstar_main/include/dstar_main/dstar_main.h:35:7:[m[K [01;36m[Knote: [m[K‘[01m[Kclass dstarNode[m[K’ defined here
[9.031s]    35 | class [01;36m[KdstarNode[m[K : public rclcpp::Node{
[9.032s]       |       [01;36m[K^~~~~~~~~[m[K
[9.063s] [01m[K/mnt/nova_ssd/workspaces/navigation/src/dstar_main/src/dstar_main.cpp:[m[K In function ‘[01m[Kvoid solve_current_pose()[m[K’:
[9.063s] [01m[K/mnt/nova_ssd/workspaces/navigation/src/dstar_main/src/dstar_main.cpp:169:68:[m[K [01;31m[Kerror: [m[K‘[01m[Krobot_frame[m[K’ was not declared in this scope
[9.063s]   169 |     geometry_msgs::msg::TransformStamped transform = get_transform([01;31m[Krobot_frame[m[K, map_topic);
[9.064s]       |                                                                    [01;31m[K^~~~~~~~~~~[m[K
[9.080s] [01m[K/mnt/nova_ssd/workspaces/navigation/src/dstar_main/src/dstar_main.cpp:169:81:[m[K [01;31m[Kerror: [m[K‘[01m[Kmap_topic[m[K’ was not declared in this scope
[9.080s]   169 |     geometry_msgs::msg::TransformStamped transform = get_transform(robot_frame, [01;31m[Kmap_topic[m[K);
[9.080s]       |                                                                                 [01;31m[K^~~~~~~~~[m[K
[9.097s] [01m[K/mnt/nova_ssd/workspaces/navigation/src/dstar_main/src/dstar_main.cpp:169:54:[m[K [01;31m[Kerror: [m[K‘[01m[Kget_transform[m[K’ was not declared in this scope; did you mean ‘[01m[Ktransform[m[K’?
[9.098s]   169 |     geometry_msgs::msg::TransformStamped transform = [01;31m[Kget_transform[m[K(robot_frame, map_topic);
[9.098s]       |                                                      [01;31m[K^~~~~~~~~~~~~[m[K
[9.098s]       |                                                      [32m[Ktransform[m[K
[9.115s] [01m[K/mnt/nova_ssd/workspaces/navigation/src/dstar_main/src/dstar_main.cpp:174:51:[m[K [01;31m[Kerror: [m[K‘[01m[KtransformPoint[m[K’ was not declared in this scope; did you mean ‘[01m[Ktransformed_point[m[K’?
[9.115s]   174 |     geometry_msgs::msg::Point transformed_point = [01;31m[KtransformPoint[m[K(point, map_topic, robot_frame);
[9.115s]       |                                                   [01;31m[K^~~~~~~~~~~~~~[m[K
[9.115s]       |                                                   [32m[Ktransformed_point[m[K
[9.134s] [01m[K/mnt/nova_ssd/workspaces/navigation/src/dstar_main/src/dstar_main.cpp:175:42:[m[K [01;31m[Kerror: [m[K‘[01m[Kglobal_ori_x[m[K’ was not declared in this scope
[9.134s]   175 |     int x = round((transformed_point.x - [01;31m[Kglobal_ori_x[m[K) / global_resolution);
[9.135s]       |                                          [01;31m[K^~~~~~~~~~~~[m[K
[9.161s] [01m[K/mnt/nova_ssd/workspaces/navigation/src/dstar_main/src/dstar_main.cpp:175:58:[m[K [01;31m[Kerror: [m[K‘[01m[Kglobal_resolution[m[K’ was not declared in this scope
[9.161s]   175 |     int x = round((transformed_point.x - global_ori_x) / [01;31m[Kglobal_resolution[m[K);
[9.161s]       |                                                          [01;31m[K^~~~~~~~~~~~~~~~~[m[K
[9.181s] [01m[K/mnt/nova_ssd/workspaces/navigation/src/dstar_main/src/dstar_main.cpp:176:42:[m[K [01;31m[Kerror: [m[K‘[01m[Kglobal_ori_y[m[K’ was not declared in this scope
[9.181s]   176 |     int y = round((transformed_point.y - [01;31m[Kglobal_ori_y[m[K) / global_resolution);
[9.181s]       |                                          [01;31m[K^~~~~~~~~~~~[m[K
[9.201s] [01m[K/mnt/nova_ssd/workspaces/navigation/src/dstar_main/src/dstar_main.cpp:177:22:[m[K [01;31m[Kerror: [m[K‘[01m[Kglobal_width[m[K’ was not declared in this scope
[9.201s]   177 |     if(x < 0 || x >= [01;31m[Kglobal_width[m[K || y < 0 || y >= global_height || (x == start_node -> x && y == start_node -> y))return;
[9.201s]       |                      [01;31m[K^~~~~~~~~~~~[m[K
[9.221s] [01m[K/mnt/nova_ssd/workspaces/navigation/src/dstar_main/src/dstar_main.cpp:177:52:[m[K [01;31m[Kerror: [m[K‘[01m[Kglobal_height[m[K’ was not declared in this scope
[9.222s]   177 |     if(x < 0 || x >= global_width || y < 0 || y >= [01;31m[Kglobal_height[m[K || (x == start_node -> x && y == start_node -> y))return;
[9.222s]       |                                                    [01;31m[K^~~~~~~~~~~~~[m[K
[9.236s] [01m[K/mnt/nova_ssd/workspaces/navigation/src/dstar_main/src/dstar_main.cpp:177:75:[m[K [01;31m[Kerror: [m[K‘[01m[Kstart_node[m[K’ was not declared in this scope
[9.237s]   177 |     if(x < 0 || x >= global_width || y < 0 || y >= global_height || (x == [01;31m[Kstart_node[m[K -> x && y == start_node -> y))return;
[9.237s]       |                                                                           [01;31m[K^~~~~~~~~~[m[K
[9.251s] [01m[K/mnt/nova_ssd/workspaces/navigation/src/dstar_main/src/dstar_main.cpp:178:5:[m[K [01;31m[Kerror: [m[K‘[01m[Kstart_node[m[K’ was not declared in this scope
[9.251s]   178 |     [01;31m[Kstart_node[m[K = node_map[x][y];
[9.252s]       |     [01;31m[K^~~~~~~~~~[m[K
[9.265s] [01m[K/mnt/nova_ssd/workspaces/navigation/src/dstar_main/src/dstar_main.cpp:178:18:[m[K [01;31m[Kerror: [m[K‘[01m[Knode_map[m[K’ was not declared in this scope
[9.265s]   178 |     start_node = [01;31m[Knode_map[m[K[x][y];
[9.265s]       |                  [01;31m[K^~~~~~~~[m[K
[9.292s] [01m[K/mnt/nova_ssd/workspaces/navigation/src/dstar_main/src/dstar_main.cpp:[m[K In member function ‘[01m[Kvoid dstarNode::dstar_callback()[m[K’:
[9.293s] [01m[K/mnt/nova_ssd/workspaces/navigation/src/dstar_main/src/dstar_main.cpp:222:9:[m[K [01;31m[Kerror: [m[K‘[01m[Ksolve_goal_msg[m[K’ was not declared in this scope; did you mean ‘[01m[Ksolve_grid_msg[m[K’?
[9.293s]   222 |         [01;31m[Ksolve_goal_msg[m[K();
[9.293s]       |         [01;31m[K^~~~~~~~~~~~~~[m[K
[9.293s]       |         [32m[Ksolve_grid_msg[m[K
[17.019s] gmake[2]: *** [CMakeFiles/dstar_main.dir/build.make:76: CMakeFiles/dstar_main.dir/src/dstar_main.cpp.o] Error 1
[17.020s] gmake[1]: *** [CMakeFiles/Makefile2:137: CMakeFiles/dstar_main.dir/all] Error 2
[17.020s] gmake: *** [Makefile:146: all] Error 2
[17.025s] Invoked command in '/mnt/nova_ssd/workspaces/navigation/build/dstar_main' returned '2': CMAKE_PREFIX_PATH=/opt/ros/humble /usr/bin/cmake --build /mnt/nova_ssd/workspaces/navigation/build/dstar_main -- -j12 -l12
