[0.154s] DEBUG:colcon:Command line arguments: ['/usr/bin/colcon', 'build']
[0.155s] DEBUG:colcon:Parsed command line arguments: Namespace(log_base=None, log_level=None, verb_name='build', build_base='build', install_base='install', merge_install=False, symlink_install=False, test_result_base=None, continue_on_error=False, executor='parallel', parallel_workers=12, event_handlers=None, ignore_user_meta=False, metas=['./colcon.meta'], base_paths=['.'], packages_ignore=None, packages_ignore_regex=None, paths=None, packages_up_to=None, packages_up_to_regex=None, packages_above=None, packages_above_and_dependencies=None, packages_above_depth=None, packages_select_by_dep=None, packages_skip_by_dep=None, packages_skip_up_to=None, packages_select_build_failed=False, packages_skip_build_finished=False, packages_select_test_failures=False, packages_skip_test_passed=False, packages_select=None, packages_skip=None, packages_select_regex=None, packages_skip_regex=None, packages_start=None, packages_end=None, allow_overriding=[], cmake_args=None, cmake_target=None, cmake_target_skip_unavailable=False, cmake_clean_cache=False, cmake_clean_first=False, cmake_force_configure=False, ament_cmake_args=None, catkin_cmake_args=None, catkin_skip_building_tests=False, mixin_files=None, mixin=None, verb_parser=<colcon_mixin.mixin.mixin_argument.MixinArgumentDecorator object at 0xffffb54b1d80>, verb_extension=<colcon_core.verb.build.BuildVerb object at 0xffffb54b1810>, main=<bound method BuildVerb.main of <colcon_core.verb.build.BuildVerb object at 0xffffb54b1810>>, mixin_verb=('build',))
[0.395s] Level 1:colcon.colcon_core.package_discovery:discover_packages(colcon_meta) check parameters
[0.395s] Level 1:colcon.colcon_core.package_discovery:discover_packages(recursive) check parameters
[0.395s] Level 1:colcon.colcon_core.package_discovery:discover_packages(ignore) check parameters
[0.395s] Level 1:colcon.colcon_core.package_discovery:discover_packages(path) check parameters
[0.395s] Level 1:colcon.colcon_core.package_discovery:discover_packages(colcon_meta) discover
[0.395s] Level 1:colcon.colcon_core.package_discovery:discover_packages(recursive) discover
[0.395s] INFO:colcon.colcon_core.package_discovery:Crawling recursively for packages in '/mnt/nova_ssd/workspaces/scout'
[0.396s] Level 1:colcon.colcon_core.package_identification:_identify(.) by extensions ['ignore', 'ignore_ament_install']
[0.396s] Level 1:colcon.colcon_core.package_identification:_identify(.) by extension 'ignore'
[0.396s] Level 1:colcon.colcon_core.package_identification:_identify(.) by extension 'ignore_ament_install'
[0.396s] Level 1:colcon.colcon_core.package_identification:_identify(.) by extensions ['colcon_pkg']
[0.396s] Level 1:colcon.colcon_core.package_identification:_identify(.) by extension 'colcon_pkg'
[0.396s] Level 1:colcon.colcon_core.package_identification:_identify(.) by extensions ['colcon_meta']
[0.396s] Level 1:colcon.colcon_core.package_identification:_identify(.) by extension 'colcon_meta'
[0.396s] Level 1:colcon.colcon_core.package_identification:_identify(.) by extensions ['ros']
[0.396s] Level 1:colcon.colcon_core.package_identification:_identify(.) by extension 'ros'
[0.411s] Level 1:colcon.colcon_core.package_identification:_identify(.) by extensions ['cmake', 'python']
[0.411s] Level 1:colcon.colcon_core.package_identification:_identify(.) by extension 'cmake'
[0.412s] Level 1:colcon.colcon_core.package_identification:_identify(.) by extension 'python'
[0.412s] Level 1:colcon.colcon_core.package_identification:_identify(.) by extensions ['python_setup_py']
[0.412s] Level 1:colcon.colcon_core.package_identification:_identify(.) by extension 'python_setup_py'
[0.412s] Level 1:colcon.colcon_core.package_identification:_identify(build) by extensions ['ignore', 'ignore_ament_install']
[0.412s] Level 1:colcon.colcon_core.package_identification:_identify(build) by extension 'ignore'
[0.412s] Level 1:colcon.colcon_core.package_identification:_identify(build) ignored
[0.412s] Level 1:colcon.colcon_core.package_identification:_identify(install) by extensions ['ignore', 'ignore_ament_install']
[0.413s] Level 1:colcon.colcon_core.package_identification:_identify(install) by extension 'ignore'
[0.413s] Level 1:colcon.colcon_core.package_identification:_identify(install) ignored
[0.413s] Level 1:colcon.colcon_core.package_identification:_identify(log) by extensions ['ignore', 'ignore_ament_install']
[0.413s] Level 1:colcon.colcon_core.package_identification:_identify(log) by extension 'ignore'
[0.413s] Level 1:colcon.colcon_core.package_identification:_identify(log) ignored
[0.413s] Level 1:colcon.colcon_core.package_identification:_identify(src) by extensions ['ignore', 'ignore_ament_install']
[0.413s] Level 1:colcon.colcon_core.package_identification:_identify(src) by extension 'ignore'
[0.413s] Level 1:colcon.colcon_core.package_identification:_identify(src) by extension 'ignore_ament_install'
[0.413s] Level 1:colcon.colcon_core.package_identification:_identify(src) by extensions ['colcon_pkg']
[0.413s] Level 1:colcon.colcon_core.package_identification:_identify(src) by extension 'colcon_pkg'
[0.414s] Level 1:colcon.colcon_core.package_identification:_identify(src) by extensions ['colcon_meta']
[0.414s] Level 1:colcon.colcon_core.package_identification:_identify(src) by extension 'colcon_meta'
[0.414s] Level 1:colcon.colcon_core.package_identification:_identify(src) by extensions ['ros']
[0.414s] Level 1:colcon.colcon_core.package_identification:_identify(src) by extension 'ros'
[0.414s] Level 1:colcon.colcon_core.package_identification:_identify(src) by extensions ['cmake', 'python']
[0.414s] Level 1:colcon.colcon_core.package_identification:_identify(src) by extension 'cmake'
[0.414s] Level 1:colcon.colcon_core.package_identification:_identify(src) by extension 'python'
[0.414s] Level 1:colcon.colcon_core.package_identification:_identify(src) by extensions ['python_setup_py']
[0.414s] Level 1:colcon.colcon_core.package_identification:_identify(src) by extension 'python_setup_py'
[0.414s] Level 1:colcon.colcon_core.package_identification:_identify(src/scout_ros2) by extensions ['ignore', 'ignore_ament_install']
[0.414s] Level 1:colcon.colcon_core.package_identification:_identify(src/scout_ros2) by extension 'ignore'
[0.414s] Level 1:colcon.colcon_core.package_identification:_identify(src/scout_ros2) by extension 'ignore_ament_install'
[0.415s] Level 1:colcon.colcon_core.package_identification:_identify(src/scout_ros2) by extensions ['colcon_pkg']
[0.415s] Level 1:colcon.colcon_core.package_identification:_identify(src/scout_ros2) by extension 'colcon_pkg'
[0.415s] Level 1:colcon.colcon_core.package_identification:_identify(src/scout_ros2) by extensions ['colcon_meta']
[0.415s] Level 1:colcon.colcon_core.package_identification:_identify(src/scout_ros2) by extension 'colcon_meta'
[0.415s] Level 1:colcon.colcon_core.package_identification:_identify(src/scout_ros2) by extensions ['ros']
[0.415s] Level 1:colcon.colcon_core.package_identification:_identify(src/scout_ros2) by extension 'ros'
[0.415s] Level 1:colcon.colcon_core.package_identification:_identify(src/scout_ros2) by extensions ['cmake', 'python']
[0.415s] Level 1:colcon.colcon_core.package_identification:_identify(src/scout_ros2) by extension 'cmake'
[0.415s] Level 1:colcon.colcon_core.package_identification:_identify(src/scout_ros2) by extension 'python'
[0.415s] Level 1:colcon.colcon_core.package_identification:_identify(src/scout_ros2) by extensions ['python_setup_py']
[0.415s] Level 1:colcon.colcon_core.package_identification:_identify(src/scout_ros2) by extension 'python_setup_py'
[0.415s] Level 1:colcon.colcon_core.package_identification:_identify(src/scout_ros2/scout_base) by extensions ['ignore', 'ignore_ament_install']
[0.415s] Level 1:colcon.colcon_core.package_identification:_identify(src/scout_ros2/scout_base) by extension 'ignore'
[0.416s] Level 1:colcon.colcon_core.package_identification:_identify(src/scout_ros2/scout_base) by extension 'ignore_ament_install'
[0.416s] Level 1:colcon.colcon_core.package_identification:_identify(src/scout_ros2/scout_base) by extensions ['colcon_pkg']
[0.416s] Level 1:colcon.colcon_core.package_identification:_identify(src/scout_ros2/scout_base) by extension 'colcon_pkg'
[0.416s] Level 1:colcon.colcon_core.package_identification:_identify(src/scout_ros2/scout_base) by extensions ['colcon_meta']
[0.416s] Level 1:colcon.colcon_core.package_identification:_identify(src/scout_ros2/scout_base) by extension 'colcon_meta'
[0.416s] Level 1:colcon.colcon_core.package_identification:_identify(src/scout_ros2/scout_base) by extensions ['ros']
[0.416s] Level 1:colcon.colcon_core.package_identification:_identify(src/scout_ros2/scout_base) by extension 'ros'
[0.420s] DEBUG:colcon.colcon_core.package_identification:Package 'src/scout_ros2/scout_base' with type 'ros.ament_cmake' and name 'scout_base'
[0.420s] Level 1:colcon.colcon_core.package_identification:_identify(src/scout_ros2/scout_description) by extensions ['ignore', 'ignore_ament_install']
[0.420s] Level 1:colcon.colcon_core.package_identification:_identify(src/scout_ros2/scout_description) by extension 'ignore'
[0.421s] Level 1:colcon.colcon_core.package_identification:_identify(src/scout_ros2/scout_description) by extension 'ignore_ament_install'
[0.421s] Level 1:colcon.colcon_core.package_identification:_identify(src/scout_ros2/scout_description) by extensions ['colcon_pkg']
[0.421s] Level 1:colcon.colcon_core.package_identification:_identify(src/scout_ros2/scout_description) by extension 'colcon_pkg'
[0.421s] Level 1:colcon.colcon_core.package_identification:_identify(src/scout_ros2/scout_description) by extensions ['colcon_meta']
[0.421s] Level 1:colcon.colcon_core.package_identification:_identify(src/scout_ros2/scout_description) by extension 'colcon_meta'
[0.421s] Level 1:colcon.colcon_core.package_identification:_identify(src/scout_ros2/scout_description) by extensions ['ros']
[0.421s] Level 1:colcon.colcon_core.package_identification:_identify(src/scout_ros2/scout_description) by extension 'ros'
[0.422s] DEBUG:colcon.colcon_core.package_identification:Package 'src/scout_ros2/scout_description' with type 'ros.ament_cmake' and name 'scout_description'
[0.422s] Level 1:colcon.colcon_core.package_identification:_identify(src/scout_ros2/scout_msgs) by extensions ['ignore', 'ignore_ament_install']
[0.422s] Level 1:colcon.colcon_core.package_identification:_identify(src/scout_ros2/scout_msgs) by extension 'ignore'
[0.422s] Level 1:colcon.colcon_core.package_identification:_identify(src/scout_ros2/scout_msgs) by extension 'ignore_ament_install'
[0.422s] Level 1:colcon.colcon_core.package_identification:_identify(src/scout_ros2/scout_msgs) by extensions ['colcon_pkg']
[0.422s] Level 1:colcon.colcon_core.package_identification:_identify(src/scout_ros2/scout_msgs) by extension 'colcon_pkg'
[0.422s] Level 1:colcon.colcon_core.package_identification:_identify(src/scout_ros2/scout_msgs) by extensions ['colcon_meta']
[0.422s] Level 1:colcon.colcon_core.package_identification:_identify(src/scout_ros2/scout_msgs) by extension 'colcon_meta'
[0.422s] Level 1:colcon.colcon_core.package_identification:_identify(src/scout_ros2/scout_msgs) by extensions ['ros']
[0.422s] Level 1:colcon.colcon_core.package_identification:_identify(src/scout_ros2/scout_msgs) by extension 'ros'
[0.423s] DEBUG:colcon.colcon_core.package_identification:Package 'src/scout_ros2/scout_msgs' with type 'ros.ament_cmake' and name 'scout_msgs'
[0.423s] Level 1:colcon.colcon_core.package_identification:_identify(src/ugv_sdk) by extensions ['ignore', 'ignore_ament_install']
[0.423s] Level 1:colcon.colcon_core.package_identification:_identify(src/ugv_sdk) by extension 'ignore'
[0.423s] Level 1:colcon.colcon_core.package_identification:_identify(src/ugv_sdk) by extension 'ignore_ament_install'
[0.424s] Level 1:colcon.colcon_core.package_identification:_identify(src/ugv_sdk) by extensions ['colcon_pkg']
[0.424s] Level 1:colcon.colcon_core.package_identification:_identify(src/ugv_sdk) by extension 'colcon_pkg'
[0.424s] Level 1:colcon.colcon_core.package_identification:_identify(src/ugv_sdk) by extensions ['colcon_meta']
[0.424s] Level 1:colcon.colcon_core.package_identification:_identify(src/ugv_sdk) by extension 'colcon_meta'
[0.424s] Level 1:colcon.colcon_core.package_identification:_identify(src/ugv_sdk) by extensions ['ros']
[0.424s] Level 1:colcon.colcon_core.package_identification:_identify(src/ugv_sdk) by extension 'ros'
[0.425s] DEBUG:colcon.colcon_core.package_identification:Package 'src/ugv_sdk' with type 'ros.catkin' and name 'ugv_sdk'
[0.425s] Level 1:colcon.colcon_core.package_discovery:discover_packages(recursive) using defaults
[0.425s] Level 1:colcon.colcon_core.package_discovery:discover_packages(ignore) discover
[0.425s] Level 1:colcon.colcon_core.package_discovery:discover_packages(ignore) using defaults
[0.425s] Level 1:colcon.colcon_core.package_discovery:discover_packages(path) discover
[0.425s] Level 1:colcon.colcon_core.package_discovery:discover_packages(path) using defaults
[0.473s] Level 1:colcon.colcon_core.package_discovery:discover_packages(prefix_path) check parameters
[0.473s] Level 1:colcon.colcon_core.package_discovery:discover_packages(prefix_path) discover
[0.476s] DEBUG:colcon.colcon_installed_package_information.package_discovery:Found 4 installed packages in /mnt/nova_ssd/workspaces/scout/install
[0.477s] DEBUG:colcon.colcon_installed_package_information.package_discovery:Found 352 installed packages in /opt/ros/humble
[0.480s] Level 1:colcon.colcon_core.package_discovery:discover_packages(prefix_path) using defaults
[0.541s] Level 5:colcon.colcon_core.verb:set package 'scout_description' build argument 'cmake_args' from command line to 'None'
[0.541s] Level 5:colcon.colcon_core.verb:set package 'scout_description' build argument 'cmake_target' from command line to 'None'
[0.542s] Level 5:colcon.colcon_core.verb:set package 'scout_description' build argument 'cmake_target_skip_unavailable' from command line to 'False'
[0.542s] Level 5:colcon.colcon_core.verb:set package 'scout_description' build argument 'cmake_clean_cache' from command line to 'False'
[0.542s] Level 5:colcon.colcon_core.verb:set package 'scout_description' build argument 'cmake_clean_first' from command line to 'False'
[0.542s] Level 5:colcon.colcon_core.verb:set package 'scout_description' build argument 'cmake_force_configure' from command line to 'False'
[0.542s] Level 5:colcon.colcon_core.verb:set package 'scout_description' build argument 'ament_cmake_args' from command line to 'None'
[0.542s] Level 5:colcon.colcon_core.verb:set package 'scout_description' build argument 'catkin_cmake_args' from command line to 'None'
[0.542s] Level 5:colcon.colcon_core.verb:set package 'scout_description' build argument 'catkin_skip_building_tests' from command line to 'False'
[0.542s] DEBUG:colcon.colcon_core.verb:Building package 'scout_description' with the following arguments: {'ament_cmake_args': None, 'build_base': '/mnt/nova_ssd/workspaces/scout/build/scout_description', 'catkin_cmake_args': None, 'catkin_skip_building_tests': False, 'cmake_args': None, 'cmake_clean_cache': False, 'cmake_clean_first': False, 'cmake_force_configure': False, 'cmake_target': None, 'cmake_target_skip_unavailable': False, 'install_base': '/mnt/nova_ssd/workspaces/scout/install/scout_description', 'merge_install': False, 'path': '/mnt/nova_ssd/workspaces/scout/src/scout_ros2/scout_description', 'symlink_install': False, 'test_result_base': None}
[0.542s] Level 5:colcon.colcon_core.verb:set package 'scout_msgs' build argument 'cmake_args' from command line to 'None'
[0.542s] Level 5:colcon.colcon_core.verb:set package 'scout_msgs' build argument 'cmake_target' from command line to 'None'
[0.543s] Level 5:colcon.colcon_core.verb:set package 'scout_msgs' build argument 'cmake_target_skip_unavailable' from command line to 'False'
[0.543s] Level 5:colcon.colcon_core.verb:set package 'scout_msgs' build argument 'cmake_clean_cache' from command line to 'False'
[0.543s] Level 5:colcon.colcon_core.verb:set package 'scout_msgs' build argument 'cmake_clean_first' from command line to 'False'
[0.543s] Level 5:colcon.colcon_core.verb:set package 'scout_msgs' build argument 'cmake_force_configure' from command line to 'False'
[0.543s] Level 5:colcon.colcon_core.verb:set package 'scout_msgs' build argument 'ament_cmake_args' from command line to 'None'
[0.543s] Level 5:colcon.colcon_core.verb:set package 'scout_msgs' build argument 'catkin_cmake_args' from command line to 'None'
[0.543s] Level 5:colcon.colcon_core.verb:set package 'scout_msgs' build argument 'catkin_skip_building_tests' from command line to 'False'
[0.543s] DEBUG:colcon.colcon_core.verb:Building package 'scout_msgs' with the following arguments: {'ament_cmake_args': None, 'build_base': '/mnt/nova_ssd/workspaces/scout/build/scout_msgs', 'catkin_cmake_args': None, 'catkin_skip_building_tests': False, 'cmake_args': None, 'cmake_clean_cache': False, 'cmake_clean_first': False, 'cmake_force_configure': False, 'cmake_target': None, 'cmake_target_skip_unavailable': False, 'install_base': '/mnt/nova_ssd/workspaces/scout/install/scout_msgs', 'merge_install': False, 'path': '/mnt/nova_ssd/workspaces/scout/src/scout_ros2/scout_msgs', 'symlink_install': False, 'test_result_base': None}
[0.543s] Level 5:colcon.colcon_core.verb:set package 'ugv_sdk' build argument 'cmake_args' from command line to 'None'
[0.543s] Level 5:colcon.colcon_core.verb:set package 'ugv_sdk' build argument 'cmake_target' from command line to 'None'
[0.543s] Level 5:colcon.colcon_core.verb:set package 'ugv_sdk' build argument 'cmake_target_skip_unavailable' from command line to 'False'
[0.543s] Level 5:colcon.colcon_core.verb:set package 'ugv_sdk' build argument 'cmake_clean_cache' from command line to 'False'
[0.543s] Level 5:colcon.colcon_core.verb:set package 'ugv_sdk' build argument 'cmake_clean_first' from command line to 'False'
[0.543s] Level 5:colcon.colcon_core.verb:set package 'ugv_sdk' build argument 'cmake_force_configure' from command line to 'False'
[0.544s] Level 5:colcon.colcon_core.verb:set package 'ugv_sdk' build argument 'ament_cmake_args' from command line to 'None'
[0.544s] Level 5:colcon.colcon_core.verb:set package 'ugv_sdk' build argument 'catkin_cmake_args' from command line to 'None'
[0.544s] Level 5:colcon.colcon_core.verb:set package 'ugv_sdk' build argument 'catkin_skip_building_tests' from command line to 'False'
[0.544s] DEBUG:colcon.colcon_core.verb:Building package 'ugv_sdk' with the following arguments: {'ament_cmake_args': None, 'build_base': '/mnt/nova_ssd/workspaces/scout/build/ugv_sdk', 'catkin_cmake_args': None, 'catkin_skip_building_tests': False, 'cmake_args': None, 'cmake_clean_cache': False, 'cmake_clean_first': False, 'cmake_force_configure': False, 'cmake_target': None, 'cmake_target_skip_unavailable': False, 'install_base': '/mnt/nova_ssd/workspaces/scout/install/ugv_sdk', 'merge_install': False, 'path': '/mnt/nova_ssd/workspaces/scout/src/ugv_sdk', 'symlink_install': False, 'test_result_base': None}
[0.544s] Level 5:colcon.colcon_core.verb:set package 'scout_base' build argument 'cmake_args' from command line to 'None'
[0.544s] Level 5:colcon.colcon_core.verb:set package 'scout_base' build argument 'cmake_target' from command line to 'None'
[0.544s] Level 5:colcon.colcon_core.verb:set package 'scout_base' build argument 'cmake_target_skip_unavailable' from command line to 'False'
[0.544s] Level 5:colcon.colcon_core.verb:set package 'scout_base' build argument 'cmake_clean_cache' from command line to 'False'
[0.544s] Level 5:colcon.colcon_core.verb:set package 'scout_base' build argument 'cmake_clean_first' from command line to 'False'
[0.544s] Level 5:colcon.colcon_core.verb:set package 'scout_base' build argument 'cmake_force_configure' from command line to 'False'
[0.544s] Level 5:colcon.colcon_core.verb:set package 'scout_base' build argument 'ament_cmake_args' from command line to 'None'
[0.544s] Level 5:colcon.colcon_core.verb:set package 'scout_base' build argument 'catkin_cmake_args' from command line to 'None'
[0.544s] Level 5:colcon.colcon_core.verb:set package 'scout_base' build argument 'catkin_skip_building_tests' from command line to 'False'
[0.544s] DEBUG:colcon.colcon_core.verb:Building package 'scout_base' with the following arguments: {'ament_cmake_args': None, 'build_base': '/mnt/nova_ssd/workspaces/scout/build/scout_base', 'catkin_cmake_args': None, 'catkin_skip_building_tests': False, 'cmake_args': None, 'cmake_clean_cache': False, 'cmake_clean_first': False, 'cmake_force_configure': False, 'cmake_target': None, 'cmake_target_skip_unavailable': False, 'install_base': '/mnt/nova_ssd/workspaces/scout/install/scout_base', 'merge_install': False, 'path': '/mnt/nova_ssd/workspaces/scout/src/scout_ros2/scout_base', 'symlink_install': False, 'test_result_base': None}
[0.545s] INFO:colcon.colcon_core.executor:Executing jobs using 'parallel' executor
[0.546s] DEBUG:colcon.colcon_parallel_executor.executor.parallel:run_until_complete
[0.547s] INFO:colcon.colcon_ros.task.ament_cmake.build:Building ROS package in '/mnt/nova_ssd/workspaces/scout/src/scout_ros2/scout_msgs' with build type 'ament_cmake'
[0.547s] INFO:colcon.colcon_cmake.task.cmake.build:Building CMake package in '/mnt/nova_ssd/workspaces/scout/src/scout_ros2/scout_msgs'
[0.550s] INFO:colcon.colcon_core.plugin_system:Skipping extension 'colcon_core.shell.bat': Not used on non-Windows systems
[0.551s] INFO:colcon.colcon_core.shell:Skip shell extension 'powershell' for command environment: Not usable outside of PowerShell
[0.551s] DEBUG:colcon.colcon_core.shell:Skip shell extension 'dsv' for command environment
[0.556s] INFO:colcon.colcon_ros.task.catkin.build:Building ROS package in '/mnt/nova_ssd/workspaces/scout/src/ugv_sdk' with build type 'catkin'
[0.557s] INFO:colcon.colcon_cmake.task.cmake.build:Building CMake package in '/mnt/nova_ssd/workspaces/scout/src/ugv_sdk'
[0.557s] INFO:colcon.colcon_core.shell:Skip shell extension 'powershell' for command environment: Not usable outside of PowerShell
[0.557s] DEBUG:colcon.colcon_core.shell:Skip shell extension 'dsv' for command environment
[0.562s] INFO:colcon.colcon_ros.task.ament_cmake.build:Building ROS package in '/mnt/nova_ssd/workspaces/scout/src/scout_ros2/scout_description' with build type 'ament_cmake'
[0.562s] INFO:colcon.colcon_cmake.task.cmake.build:Building CMake package in '/mnt/nova_ssd/workspaces/scout/src/scout_ros2/scout_description'
[0.562s] INFO:colcon.colcon_core.shell:Skip shell extension 'powershell' for command environment: Not usable outside of PowerShell
[0.562s] DEBUG:colcon.colcon_core.shell:Skip shell extension 'dsv' for command environment
[0.576s] DEBUG:colcon.colcon_core.event_handler.log_command:Invoking command in '/mnt/nova_ssd/workspaces/scout/build/scout_msgs': CMAKE_PREFIX_PATH=/mnt/nova_ssd/workspaces/scout/install/scout_base:/opt/ros/humble:/mnt/nova_ssd/workspaces/scout/install/ugv_sdk:/mnt/nova_ssd/workspaces/scout/install/scout_msgs:/mnt/nova_ssd/workspaces/scout/install/scout_description /usr/bin/cmake --build /mnt/nova_ssd/workspaces/scout/build/scout_msgs -- -j12 -l12
[0.581s] DEBUG:colcon.colcon_core.event_handler.log_command:Invoking command in '/mnt/nova_ssd/workspaces/scout/build/ugv_sdk': /usr/bin/cmake --build /mnt/nova_ssd/workspaces/scout/build/ugv_sdk -- -j12 -l12
[0.587s] DEBUG:colcon.colcon_core.event_handler.log_command:Invoking command in '/mnt/nova_ssd/workspaces/scout/build/scout_description': CMAKE_PREFIX_PATH=/mnt/nova_ssd/workspaces/scout/install/scout_base:/opt/ros/humble:/mnt/nova_ssd/workspaces/scout/install/ugv_sdk:/mnt/nova_ssd/workspaces/scout/install/scout_msgs:/mnt/nova_ssd/workspaces/scout/install/scout_description /usr/bin/cmake --build /mnt/nova_ssd/workspaces/scout/build/scout_description -- -j12 -l12
[0.634s] DEBUG:colcon.colcon_core.event_handler.log_command:Invoked command in '/mnt/nova_ssd/workspaces/scout/build/scout_description' returned '0': CMAKE_PREFIX_PATH=/mnt/nova_ssd/workspaces/scout/install/scout_base:/opt/ros/humble:/mnt/nova_ssd/workspaces/scout/install/ugv_sdk:/mnt/nova_ssd/workspaces/scout/install/scout_msgs:/mnt/nova_ssd/workspaces/scout/install/scout_description /usr/bin/cmake --build /mnt/nova_ssd/workspaces/scout/build/scout_description -- -j12 -l12
[0.679s] DEBUG:colcon.colcon_core.event_handler.log_command:Invoking command in '/mnt/nova_ssd/workspaces/scout/build/scout_description': CMAKE_PREFIX_PATH=/mnt/nova_ssd/workspaces/scout/install/scout_base:/opt/ros/humble:/mnt/nova_ssd/workspaces/scout/install/ugv_sdk:/mnt/nova_ssd/workspaces/scout/install/scout_msgs:/mnt/nova_ssd/workspaces/scout/install/scout_description /usr/bin/cmake --install /mnt/nova_ssd/workspaces/scout/build/scout_description
[0.698s] Level 1:colcon.colcon_core.environment:create_environment_scripts_only(scout_description)
[0.702s] Level 1:colcon.colcon_core.environment:checking '/mnt/nova_ssd/workspaces/scout/install/scout_description' for CMake module files
[0.703s] Level 1:colcon.colcon_core.environment:checking '/mnt/nova_ssd/workspaces/scout/install/scout_description' for CMake config files
[0.704s] DEBUG:colcon.colcon_core.event_handler.log_command:Invoked command in '/mnt/nova_ssd/workspaces/scout/build/scout_description' returned '0': CMAKE_PREFIX_PATH=/mnt/nova_ssd/workspaces/scout/install/scout_base:/opt/ros/humble:/mnt/nova_ssd/workspaces/scout/install/ugv_sdk:/mnt/nova_ssd/workspaces/scout/install/scout_msgs:/mnt/nova_ssd/workspaces/scout/install/scout_description /usr/bin/cmake --install /mnt/nova_ssd/workspaces/scout/build/scout_description
[0.705s] Level 1:colcon.colcon_core.shell:create_environment_hook('scout_description', 'cmake_prefix_path')
[0.705s] INFO:colcon.colcon_core.shell:Creating environment hook '/mnt/nova_ssd/workspaces/scout/install/scout_description/share/scout_description/hook/cmake_prefix_path.ps1'
[0.708s] INFO:colcon.colcon_core.shell:Creating environment descriptor '/mnt/nova_ssd/workspaces/scout/install/scout_description/share/scout_description/hook/cmake_prefix_path.dsv'
[0.709s] INFO:colcon.colcon_core.shell:Creating environment hook '/mnt/nova_ssd/workspaces/scout/install/scout_description/share/scout_description/hook/cmake_prefix_path.sh'
[0.711s] Level 1:colcon.colcon_core.environment:checking '/mnt/nova_ssd/workspaces/scout/install/scout_description/bin'
[0.712s] Level 1:colcon.colcon_core.environment:checking '/mnt/nova_ssd/workspaces/scout/install/scout_description/lib/pkgconfig/scout_description.pc'
[0.712s] Level 1:colcon.colcon_core.environment:checking '/mnt/nova_ssd/workspaces/scout/install/scout_description/lib/python3.10/site-packages'
[0.713s] Level 1:colcon.colcon_core.environment:checking '/mnt/nova_ssd/workspaces/scout/install/scout_description/bin'
[0.713s] INFO:colcon.colcon_core.shell:Creating package script '/mnt/nova_ssd/workspaces/scout/install/scout_description/share/scout_description/package.ps1'
[0.715s] INFO:colcon.colcon_core.shell:Creating package descriptor '/mnt/nova_ssd/workspaces/scout/install/scout_description/share/scout_description/package.dsv'
[0.717s] INFO:colcon.colcon_core.shell:Creating package script '/mnt/nova_ssd/workspaces/scout/install/scout_description/share/scout_description/package.sh'
[0.718s] INFO:colcon.colcon_core.shell:Creating package script '/mnt/nova_ssd/workspaces/scout/install/scout_description/share/scout_description/package.bash'
[0.721s] INFO:colcon.colcon_core.shell:Creating package script '/mnt/nova_ssd/workspaces/scout/install/scout_description/share/scout_description/package.zsh'
[0.722s] Level 1:colcon.colcon_core.environment:create_file_with_runtime_dependencies(/mnt/nova_ssd/workspaces/scout/install/scout_description/share/colcon-core/packages/scout_description)
[0.741s] DEBUG:colcon.colcon_core.event_handler.log_command:Invoked command in '/mnt/nova_ssd/workspaces/scout/build/ugv_sdk' returned '0': /usr/bin/cmake --build /mnt/nova_ssd/workspaces/scout/build/ugv_sdk -- -j12 -l12
[0.753s] Level 1:colcon.colcon_core.environment:create_environment_scripts_only(scout_description)
[0.753s] Level 1:colcon.colcon_core.environment:checking '/mnt/nova_ssd/workspaces/scout/install/scout_description' for CMake module files
[0.754s] Level 1:colcon.colcon_core.environment:checking '/mnt/nova_ssd/workspaces/scout/install/scout_description' for CMake config files
[0.754s] Level 1:colcon.colcon_core.shell:create_environment_hook('scout_description', 'cmake_prefix_path')
[0.755s] INFO:colcon.colcon_core.shell:Creating environment hook '/mnt/nova_ssd/workspaces/scout/install/scout_description/share/scout_description/hook/cmake_prefix_path.ps1'
[0.755s] INFO:colcon.colcon_core.shell:Creating environment descriptor '/mnt/nova_ssd/workspaces/scout/install/scout_description/share/scout_description/hook/cmake_prefix_path.dsv'
[0.756s] INFO:colcon.colcon_core.shell:Creating environment hook '/mnt/nova_ssd/workspaces/scout/install/scout_description/share/scout_description/hook/cmake_prefix_path.sh'
[0.757s] Level 1:colcon.colcon_core.environment:checking '/mnt/nova_ssd/workspaces/scout/install/scout_description/bin'
[0.757s] Level 1:colcon.colcon_core.environment:checking '/mnt/nova_ssd/workspaces/scout/install/scout_description/lib/pkgconfig/scout_description.pc'
[0.757s] Level 1:colcon.colcon_core.environment:checking '/mnt/nova_ssd/workspaces/scout/install/scout_description/lib/python3.10/site-packages'
[0.758s] Level 1:colcon.colcon_core.environment:checking '/mnt/nova_ssd/workspaces/scout/install/scout_description/bin'
[0.758s] INFO:colcon.colcon_core.shell:Creating package script '/mnt/nova_ssd/workspaces/scout/install/scout_description/share/scout_description/package.ps1'
[0.759s] INFO:colcon.colcon_core.shell:Creating package descriptor '/mnt/nova_ssd/workspaces/scout/install/scout_description/share/scout_description/package.dsv'
[0.759s] INFO:colcon.colcon_core.shell:Creating package script '/mnt/nova_ssd/workspaces/scout/install/scout_description/share/scout_description/package.sh'
[0.760s] INFO:colcon.colcon_core.shell:Creating package script '/mnt/nova_ssd/workspaces/scout/install/scout_description/share/scout_description/package.bash'
[0.761s] INFO:colcon.colcon_core.shell:Creating package script '/mnt/nova_ssd/workspaces/scout/install/scout_description/share/scout_description/package.zsh'
[0.761s] Level 1:colcon.colcon_core.environment:create_file_with_runtime_dependencies(/mnt/nova_ssd/workspaces/scout/install/scout_description/share/colcon-core/packages/scout_description)
[0.888s] DEBUG:colcon.colcon_core.event_handler.log_command:Invoking command in '/mnt/nova_ssd/workspaces/scout/build/ugv_sdk': /usr/bin/cmake --install /mnt/nova_ssd/workspaces/scout/build/ugv_sdk
[0.909s] DEBUG:colcon.colcon_core.event_handler.log_command:Invoked command in '/mnt/nova_ssd/workspaces/scout/build/ugv_sdk' returned '0': /usr/bin/cmake --install /mnt/nova_ssd/workspaces/scout/build/ugv_sdk
[0.973s] Level 1:colcon.colcon_core.shell:create_environment_hook('ugv_sdk', 'ros_package_path')
[0.974s] INFO:colcon.colcon_core.shell:Creating environment hook '/mnt/nova_ssd/workspaces/scout/install/ugv_sdk/share/ugv_sdk/hook/ros_package_path.ps1'
[0.975s] INFO:colcon.colcon_core.shell:Creating environment descriptor '/mnt/nova_ssd/workspaces/scout/install/ugv_sdk/share/ugv_sdk/hook/ros_package_path.dsv'
[0.977s] INFO:colcon.colcon_core.shell:Creating environment hook '/mnt/nova_ssd/workspaces/scout/install/ugv_sdk/share/ugv_sdk/hook/ros_package_path.sh'
[0.978s] Level 1:colcon.colcon_core.shell:create_environment_hook('ugv_sdk', 'pkg_config_path')
[0.979s] INFO:colcon.colcon_core.shell:Creating environment hook '/mnt/nova_ssd/workspaces/scout/install/ugv_sdk/share/ugv_sdk/hook/pkg_config_path.ps1'
[0.980s] INFO:colcon.colcon_core.shell:Creating environment descriptor '/mnt/nova_ssd/workspaces/scout/install/ugv_sdk/share/ugv_sdk/hook/pkg_config_path.dsv'
[0.982s] INFO:colcon.colcon_core.shell:Creating environment hook '/mnt/nova_ssd/workspaces/scout/install/ugv_sdk/share/ugv_sdk/hook/pkg_config_path.sh'
[0.986s] Level 1:colcon.colcon_core.shell:create_environment_hook('ugv_sdk', 'pkg_config_path_multiarch')
[0.986s] INFO:colcon.colcon_core.shell:Creating environment hook '/mnt/nova_ssd/workspaces/scout/install/ugv_sdk/share/ugv_sdk/hook/pkg_config_path_multiarch.ps1'
[0.987s] INFO:colcon.colcon_core.shell:Creating environment descriptor '/mnt/nova_ssd/workspaces/scout/install/ugv_sdk/share/ugv_sdk/hook/pkg_config_path_multiarch.dsv'
[0.988s] INFO:colcon.colcon_core.shell:Creating environment hook '/mnt/nova_ssd/workspaces/scout/install/ugv_sdk/share/ugv_sdk/hook/pkg_config_path_multiarch.sh'
[0.990s] Level 1:colcon.colcon_core.environment:create_environment_scripts_only(ugv_sdk)
[0.990s] Level 1:colcon.colcon_core.environment:checking '/mnt/nova_ssd/workspaces/scout/install/ugv_sdk' for CMake module files
[0.991s] Level 1:colcon.colcon_core.environment:checking '/mnt/nova_ssd/workspaces/scout/install/ugv_sdk' for CMake config files
[0.991s] Level 1:colcon.colcon_core.shell:create_environment_hook('ugv_sdk', 'cmake_prefix_path')
[0.991s] INFO:colcon.colcon_core.shell:Creating environment hook '/mnt/nova_ssd/workspaces/scout/install/ugv_sdk/share/ugv_sdk/hook/cmake_prefix_path.ps1'
[0.992s] INFO:colcon.colcon_core.shell:Creating environment descriptor '/mnt/nova_ssd/workspaces/scout/install/ugv_sdk/share/ugv_sdk/hook/cmake_prefix_path.dsv'
[0.993s] INFO:colcon.colcon_core.shell:Creating environment hook '/mnt/nova_ssd/workspaces/scout/install/ugv_sdk/share/ugv_sdk/hook/cmake_prefix_path.sh'
[0.994s] Level 1:colcon.colcon_core.environment:checking '/mnt/nova_ssd/workspaces/scout/install/ugv_sdk/lib'
[0.994s] Level 1:colcon.colcon_core.environment:checking '/mnt/nova_ssd/workspaces/scout/install/ugv_sdk/bin'
[0.994s] Level 1:colcon.colcon_core.environment:checking '/mnt/nova_ssd/workspaces/scout/install/ugv_sdk/lib/pkgconfig/ugv_sdk.pc'
[0.995s] Level 1:colcon.colcon_core.environment:checking '/mnt/nova_ssd/workspaces/scout/install/ugv_sdk/lib/python3.10/site-packages'
[0.995s] Level 1:colcon.colcon_core.environment:checking '/mnt/nova_ssd/workspaces/scout/install/ugv_sdk/bin'
[0.996s] INFO:colcon.colcon_core.shell:Creating package script '/mnt/nova_ssd/workspaces/scout/install/ugv_sdk/share/ugv_sdk/package.ps1'
[0.997s] INFO:colcon.colcon_core.shell:Creating package descriptor '/mnt/nova_ssd/workspaces/scout/install/ugv_sdk/share/ugv_sdk/package.dsv'
[0.998s] INFO:colcon.colcon_core.shell:Creating package script '/mnt/nova_ssd/workspaces/scout/install/ugv_sdk/share/ugv_sdk/package.sh'
[0.999s] INFO:colcon.colcon_core.shell:Creating package script '/mnt/nova_ssd/workspaces/scout/install/ugv_sdk/share/ugv_sdk/package.bash'
[1.000s] INFO:colcon.colcon_core.shell:Creating package script '/mnt/nova_ssd/workspaces/scout/install/ugv_sdk/share/ugv_sdk/package.zsh'
[1.000s] Level 1:colcon.colcon_core.environment:create_file_with_runtime_dependencies(/mnt/nova_ssd/workspaces/scout/install/ugv_sdk/share/colcon-core/packages/ugv_sdk)
[1.105s] DEBUG:colcon.colcon_core.event_handler.log_command:Invoked command in '/mnt/nova_ssd/workspaces/scout/build/scout_msgs' returned '0': CMAKE_PREFIX_PATH=/mnt/nova_ssd/workspaces/scout/install/scout_base:/opt/ros/humble:/mnt/nova_ssd/workspaces/scout/install/ugv_sdk:/mnt/nova_ssd/workspaces/scout/install/scout_msgs:/mnt/nova_ssd/workspaces/scout/install/scout_description /usr/bin/cmake --build /mnt/nova_ssd/workspaces/scout/build/scout_msgs -- -j12 -l12
[1.343s] DEBUG:colcon.colcon_core.event_handler.log_command:Invoking command in '/mnt/nova_ssd/workspaces/scout/build/scout_msgs': CMAKE_PREFIX_PATH=/mnt/nova_ssd/workspaces/scout/install/scout_base:/opt/ros/humble:/mnt/nova_ssd/workspaces/scout/install/ugv_sdk:/mnt/nova_ssd/workspaces/scout/install/scout_msgs:/mnt/nova_ssd/workspaces/scout/install/scout_description /usr/bin/cmake --install /mnt/nova_ssd/workspaces/scout/build/scout_msgs
[1.435s] Level 1:colcon.colcon_core.environment:create_environment_scripts_only(scout_msgs)
[1.435s] Level 1:colcon.colcon_core.environment:checking '/mnt/nova_ssd/workspaces/scout/install/scout_msgs' for CMake module files
[1.436s] DEBUG:colcon.colcon_core.event_handler.log_command:Invoked command in '/mnt/nova_ssd/workspaces/scout/build/scout_msgs' returned '0': CMAKE_PREFIX_PATH=/mnt/nova_ssd/workspaces/scout/install/scout_base:/opt/ros/humble:/mnt/nova_ssd/workspaces/scout/install/ugv_sdk:/mnt/nova_ssd/workspaces/scout/install/scout_msgs:/mnt/nova_ssd/workspaces/scout/install/scout_description /usr/bin/cmake --install /mnt/nova_ssd/workspaces/scout/build/scout_msgs
[1.437s] Level 1:colcon.colcon_core.environment:checking '/mnt/nova_ssd/workspaces/scout/install/scout_msgs' for CMake config files
[1.438s] Level 1:colcon.colcon_core.shell:create_environment_hook('scout_msgs', 'cmake_prefix_path')
[1.439s] INFO:colcon.colcon_core.shell:Creating environment hook '/mnt/nova_ssd/workspaces/scout/install/scout_msgs/share/scout_msgs/hook/cmake_prefix_path.ps1'
[1.440s] INFO:colcon.colcon_core.shell:Creating environment descriptor '/mnt/nova_ssd/workspaces/scout/install/scout_msgs/share/scout_msgs/hook/cmake_prefix_path.dsv'
[1.440s] INFO:colcon.colcon_core.shell:Creating environment hook '/mnt/nova_ssd/workspaces/scout/install/scout_msgs/share/scout_msgs/hook/cmake_prefix_path.sh'
[1.441s] Level 1:colcon.colcon_core.environment:checking '/mnt/nova_ssd/workspaces/scout/install/scout_msgs/lib'
[1.441s] Level 1:colcon.colcon_core.shell:create_environment_hook('scout_msgs', 'ld_library_path_lib')
[1.442s] INFO:colcon.colcon_core.shell:Creating environment hook '/mnt/nova_ssd/workspaces/scout/install/scout_msgs/share/scout_msgs/hook/ld_library_path_lib.ps1'
[1.442s] INFO:colcon.colcon_core.shell:Creating environment descriptor '/mnt/nova_ssd/workspaces/scout/install/scout_msgs/share/scout_msgs/hook/ld_library_path_lib.dsv'
[1.443s] INFO:colcon.colcon_core.shell:Creating environment hook '/mnt/nova_ssd/workspaces/scout/install/scout_msgs/share/scout_msgs/hook/ld_library_path_lib.sh'
[1.443s] Level 1:colcon.colcon_core.environment:checking '/mnt/nova_ssd/workspaces/scout/install/scout_msgs/bin'
[1.444s] Level 1:colcon.colcon_core.environment:checking '/mnt/nova_ssd/workspaces/scout/install/scout_msgs/lib/pkgconfig/scout_msgs.pc'
[1.444s] Level 1:colcon.colcon_core.environment:checking '/mnt/nova_ssd/workspaces/scout/install/scout_msgs/lib/python3.10/site-packages'
[1.444s] Level 1:colcon.colcon_core.environment:checking '/mnt/nova_ssd/workspaces/scout/install/scout_msgs/bin'
[1.445s] INFO:colcon.colcon_core.shell:Creating package script '/mnt/nova_ssd/workspaces/scout/install/scout_msgs/share/scout_msgs/package.ps1'
[1.446s] INFO:colcon.colcon_core.shell:Creating package descriptor '/mnt/nova_ssd/workspaces/scout/install/scout_msgs/share/scout_msgs/package.dsv'
[1.446s] INFO:colcon.colcon_core.shell:Creating package script '/mnt/nova_ssd/workspaces/scout/install/scout_msgs/share/scout_msgs/package.sh'
[1.447s] INFO:colcon.colcon_core.shell:Creating package script '/mnt/nova_ssd/workspaces/scout/install/scout_msgs/share/scout_msgs/package.bash'
[1.448s] INFO:colcon.colcon_core.shell:Creating package script '/mnt/nova_ssd/workspaces/scout/install/scout_msgs/share/scout_msgs/package.zsh'
[1.448s] Level 1:colcon.colcon_core.environment:create_file_with_runtime_dependencies(/mnt/nova_ssd/workspaces/scout/install/scout_msgs/share/colcon-core/packages/scout_msgs)
[1.610s] Level 1:colcon.colcon_core.environment:create_environment_scripts_only(scout_msgs)
[1.610s] Level 1:colcon.colcon_core.environment:checking '/mnt/nova_ssd/workspaces/scout/install/scout_msgs' for CMake module files
[1.611s] Level 1:colcon.colcon_core.environment:checking '/mnt/nova_ssd/workspaces/scout/install/scout_msgs' for CMake config files
[1.612s] Level 1:colcon.colcon_core.shell:create_environment_hook('scout_msgs', 'cmake_prefix_path')
[1.612s] INFO:colcon.colcon_core.shell:Creating environment hook '/mnt/nova_ssd/workspaces/scout/install/scout_msgs/share/scout_msgs/hook/cmake_prefix_path.ps1'
[1.613s] INFO:colcon.colcon_core.shell:Creating environment descriptor '/mnt/nova_ssd/workspaces/scout/install/scout_msgs/share/scout_msgs/hook/cmake_prefix_path.dsv'
[1.614s] INFO:colcon.colcon_core.shell:Creating environment hook '/mnt/nova_ssd/workspaces/scout/install/scout_msgs/share/scout_msgs/hook/cmake_prefix_path.sh'
[1.615s] Level 1:colcon.colcon_core.environment:checking '/mnt/nova_ssd/workspaces/scout/install/scout_msgs/lib'
[1.615s] Level 1:colcon.colcon_core.shell:create_environment_hook('scout_msgs', 'ld_library_path_lib')
[1.615s] INFO:colcon.colcon_core.shell:Creating environment hook '/mnt/nova_ssd/workspaces/scout/install/scout_msgs/share/scout_msgs/hook/ld_library_path_lib.ps1'
[1.615s] INFO:colcon.colcon_core.shell:Creating environment descriptor '/mnt/nova_ssd/workspaces/scout/install/scout_msgs/share/scout_msgs/hook/ld_library_path_lib.dsv'
[1.616s] INFO:colcon.colcon_core.shell:Creating environment hook '/mnt/nova_ssd/workspaces/scout/install/scout_msgs/share/scout_msgs/hook/ld_library_path_lib.sh'
[1.616s] Level 1:colcon.colcon_core.environment:checking '/mnt/nova_ssd/workspaces/scout/install/scout_msgs/bin'
[1.617s] Level 1:colcon.colcon_core.environment:checking '/mnt/nova_ssd/workspaces/scout/install/scout_msgs/lib/pkgconfig/scout_msgs.pc'
[1.617s] Level 1:colcon.colcon_core.environment:checking '/mnt/nova_ssd/workspaces/scout/install/scout_msgs/lib/python3.10/site-packages'
[1.617s] Level 1:colcon.colcon_core.environment:checking '/mnt/nova_ssd/workspaces/scout/install/scout_msgs/bin'
[1.618s] INFO:colcon.colcon_core.shell:Creating package script '/mnt/nova_ssd/workspaces/scout/install/scout_msgs/share/scout_msgs/package.ps1'
[1.618s] INFO:colcon.colcon_core.shell:Creating package descriptor '/mnt/nova_ssd/workspaces/scout/install/scout_msgs/share/scout_msgs/package.dsv'
[1.619s] INFO:colcon.colcon_core.shell:Creating package script '/mnt/nova_ssd/workspaces/scout/install/scout_msgs/share/scout_msgs/package.sh'
[1.620s] INFO:colcon.colcon_core.shell:Creating package script '/mnt/nova_ssd/workspaces/scout/install/scout_msgs/share/scout_msgs/package.bash'
[1.620s] INFO:colcon.colcon_core.shell:Creating package script '/mnt/nova_ssd/workspaces/scout/install/scout_msgs/share/scout_msgs/package.zsh'
[1.621s] Level 1:colcon.colcon_core.environment:create_file_with_runtime_dependencies(/mnt/nova_ssd/workspaces/scout/install/scout_msgs/share/colcon-core/packages/scout_msgs)
[1.621s] INFO:colcon.colcon_ros.task.ament_cmake.build:Building ROS package in '/mnt/nova_ssd/workspaces/scout/src/scout_ros2/scout_base' with build type 'ament_cmake'
[1.622s] INFO:colcon.colcon_cmake.task.cmake.build:Building CMake package in '/mnt/nova_ssd/workspaces/scout/src/scout_ros2/scout_base'
[1.622s] INFO:colcon.colcon_core.shell:Skip shell extension 'powershell' for command environment: Not usable outside of PowerShell
[1.622s] DEBUG:colcon.colcon_core.shell:Skip shell extension 'dsv' for command environment
[1.640s] DEBUG:colcon.colcon_core.event_handler.log_command:Invoking command in '/mnt/nova_ssd/workspaces/scout/build/scout_base': CMAKE_PREFIX_PATH=/opt/ros/humble:/mnt/nova_ssd/workspaces/scout/install/ugv_sdk:/mnt/nova_ssd/workspaces/scout/install/scout_msgs:/mnt/nova_ssd/workspaces/scout/install/scout_base:/mnt/nova_ssd/workspaces/scout/install/scout_description /usr/bin/cmake --build /mnt/nova_ssd/workspaces/scout/build/scout_base -- -j12 -l12
[1.765s] DEBUG:colcon.colcon_core.event_handler.log_command:Invoked command in '/mnt/nova_ssd/workspaces/scout/build/scout_base' returned '0': CMAKE_PREFIX_PATH=/opt/ros/humble:/mnt/nova_ssd/workspaces/scout/install/ugv_sdk:/mnt/nova_ssd/workspaces/scout/install/scout_msgs:/mnt/nova_ssd/workspaces/scout/install/scout_base:/mnt/nova_ssd/workspaces/scout/install/scout_description /usr/bin/cmake --build /mnt/nova_ssd/workspaces/scout/build/scout_base -- -j12 -l12
[1.805s] DEBUG:colcon.colcon_core.event_handler.log_command:Invoking command in '/mnt/nova_ssd/workspaces/scout/build/scout_base': CMAKE_PREFIX_PATH=/opt/ros/humble:/mnt/nova_ssd/workspaces/scout/install/ugv_sdk:/mnt/nova_ssd/workspaces/scout/install/scout_msgs:/mnt/nova_ssd/workspaces/scout/install/scout_base:/mnt/nova_ssd/workspaces/scout/install/scout_description /usr/bin/cmake --install /mnt/nova_ssd/workspaces/scout/build/scout_base
[1.824s] Level 1:colcon.colcon_core.environment:create_environment_scripts_only(scout_base)
[1.824s] Level 1:colcon.colcon_core.environment:checking '/mnt/nova_ssd/workspaces/scout/install/scout_base' for CMake module files
[1.825s] DEBUG:colcon.colcon_core.event_handler.log_command:Invoked command in '/mnt/nova_ssd/workspaces/scout/build/scout_base' returned '0': CMAKE_PREFIX_PATH=/opt/ros/humble:/mnt/nova_ssd/workspaces/scout/install/ugv_sdk:/mnt/nova_ssd/workspaces/scout/install/scout_msgs:/mnt/nova_ssd/workspaces/scout/install/scout_base:/mnt/nova_ssd/workspaces/scout/install/scout_description /usr/bin/cmake --install /mnt/nova_ssd/workspaces/scout/build/scout_base
[1.826s] Level 1:colcon.colcon_core.environment:checking '/mnt/nova_ssd/workspaces/scout/install/scout_base' for CMake config files
[1.826s] Level 1:colcon.colcon_core.shell:create_environment_hook('scout_base', 'cmake_prefix_path')
[1.827s] INFO:colcon.colcon_core.shell:Creating environment hook '/mnt/nova_ssd/workspaces/scout/install/scout_base/share/scout_base/hook/cmake_prefix_path.ps1'
[1.827s] INFO:colcon.colcon_core.shell:Creating environment descriptor '/mnt/nova_ssd/workspaces/scout/install/scout_base/share/scout_base/hook/cmake_prefix_path.dsv'
[1.828s] INFO:colcon.colcon_core.shell:Creating environment hook '/mnt/nova_ssd/workspaces/scout/install/scout_base/share/scout_base/hook/cmake_prefix_path.sh'
[1.829s] Level 1:colcon.colcon_core.environment:checking '/mnt/nova_ssd/workspaces/scout/install/scout_base/lib'
[1.829s] Level 1:colcon.colcon_core.environment:checking '/mnt/nova_ssd/workspaces/scout/install/scout_base/bin'
[1.829s] Level 1:colcon.colcon_core.environment:checking '/mnt/nova_ssd/workspaces/scout/install/scout_base/lib/pkgconfig/scout_base.pc'
[1.829s] Level 1:colcon.colcon_core.environment:checking '/mnt/nova_ssd/workspaces/scout/install/scout_base/lib/python3.10/site-packages'
[1.830s] Level 1:colcon.colcon_core.environment:checking '/mnt/nova_ssd/workspaces/scout/install/scout_base/bin'
[1.830s] INFO:colcon.colcon_core.shell:Creating package script '/mnt/nova_ssd/workspaces/scout/install/scout_base/share/scout_base/package.ps1'
[1.831s] INFO:colcon.colcon_core.shell:Creating package descriptor '/mnt/nova_ssd/workspaces/scout/install/scout_base/share/scout_base/package.dsv'
[1.831s] INFO:colcon.colcon_core.shell:Creating package script '/mnt/nova_ssd/workspaces/scout/install/scout_base/share/scout_base/package.sh'
[1.832s] INFO:colcon.colcon_core.shell:Creating package script '/mnt/nova_ssd/workspaces/scout/install/scout_base/share/scout_base/package.bash'
[1.832s] INFO:colcon.colcon_core.shell:Creating package script '/mnt/nova_ssd/workspaces/scout/install/scout_base/share/scout_base/package.zsh'
[1.833s] Level 1:colcon.colcon_core.environment:create_file_with_runtime_dependencies(/mnt/nova_ssd/workspaces/scout/install/scout_base/share/colcon-core/packages/scout_base)
[1.873s] Level 1:colcon.colcon_core.environment:create_environment_scripts_only(scout_base)
[1.874s] Level 1:colcon.colcon_core.environment:checking '/mnt/nova_ssd/workspaces/scout/install/scout_base' for CMake module files
[1.874s] Level 1:colcon.colcon_core.environment:checking '/mnt/nova_ssd/workspaces/scout/install/scout_base' for CMake config files
[1.875s] Level 1:colcon.colcon_core.shell:create_environment_hook('scout_base', 'cmake_prefix_path')
[1.875s] INFO:colcon.colcon_core.shell:Creating environment hook '/mnt/nova_ssd/workspaces/scout/install/scout_base/share/scout_base/hook/cmake_prefix_path.ps1'
[1.876s] INFO:colcon.colcon_core.shell:Creating environment descriptor '/mnt/nova_ssd/workspaces/scout/install/scout_base/share/scout_base/hook/cmake_prefix_path.dsv'
[1.876s] INFO:colcon.colcon_core.shell:Creating environment hook '/mnt/nova_ssd/workspaces/scout/install/scout_base/share/scout_base/hook/cmake_prefix_path.sh'
[1.877s] Level 1:colcon.colcon_core.environment:checking '/mnt/nova_ssd/workspaces/scout/install/scout_base/lib'
[1.877s] Level 1:colcon.colcon_core.environment:checking '/mnt/nova_ssd/workspaces/scout/install/scout_base/bin'
[1.877s] Level 1:colcon.colcon_core.environment:checking '/mnt/nova_ssd/workspaces/scout/install/scout_base/lib/pkgconfig/scout_base.pc'
[1.878s] Level 1:colcon.colcon_core.environment:checking '/mnt/nova_ssd/workspaces/scout/install/scout_base/lib/python3.10/site-packages'
[1.878s] Level 1:colcon.colcon_core.environment:checking '/mnt/nova_ssd/workspaces/scout/install/scout_base/bin'
[1.879s] INFO:colcon.colcon_core.shell:Creating package script '/mnt/nova_ssd/workspaces/scout/install/scout_base/share/scout_base/package.ps1'
[1.879s] INFO:colcon.colcon_core.shell:Creating package descriptor '/mnt/nova_ssd/workspaces/scout/install/scout_base/share/scout_base/package.dsv'
[1.880s] INFO:colcon.colcon_core.shell:Creating package script '/mnt/nova_ssd/workspaces/scout/install/scout_base/share/scout_base/package.sh'
[1.881s] INFO:colcon.colcon_core.shell:Creating package script '/mnt/nova_ssd/workspaces/scout/install/scout_base/share/scout_base/package.bash'
[1.882s] INFO:colcon.colcon_core.shell:Creating package script '/mnt/nova_ssd/workspaces/scout/install/scout_base/share/scout_base/package.zsh'
[1.882s] Level 1:colcon.colcon_core.environment:create_file_with_runtime_dependencies(/mnt/nova_ssd/workspaces/scout/install/scout_base/share/colcon-core/packages/scout_base)
[1.883s] DEBUG:colcon.colcon_parallel_executor.executor.parallel:closing loop
[1.883s] DEBUG:colcon.colcon_parallel_executor.executor.parallel:loop closed
[1.884s] DEBUG:colcon.colcon_parallel_executor.executor.parallel:run_until_complete finished with '0'
[1.884s] DEBUG:colcon.colcon_core.event_reactor:joining thread
[1.901s] INFO:colcon.colcon_core.plugin_system:Skipping extension 'colcon_notification.desktop_notification.terminal_notifier': Not used on non-Darwin systems
[1.901s] INFO:colcon.colcon_core.plugin_system:Skipping extension 'colcon_notification.desktop_notification.win32': Not used on non-Windows systems
[1.901s] INFO:colcon.colcon_notification.desktop_notification:Sending desktop notification using 'notify2'
[1.931s] DEBUG:colcon.colcon_core.event_reactor:joined thread
[1.931s] INFO:colcon.colcon_core.shell:Creating prefix script '/mnt/nova_ssd/workspaces/scout/install/local_setup.ps1'
[1.933s] INFO:colcon.colcon_core.shell:Creating prefix util module '/mnt/nova_ssd/workspaces/scout/install/_local_setup_util_ps1.py'
[1.935s] INFO:colcon.colcon_core.shell:Creating prefix chain script '/mnt/nova_ssd/workspaces/scout/install/setup.ps1'
[1.936s] INFO:colcon.colcon_core.shell:Creating prefix script '/mnt/nova_ssd/workspaces/scout/install/local_setup.sh'
[1.937s] INFO:colcon.colcon_core.shell:Creating prefix util module '/mnt/nova_ssd/workspaces/scout/install/_local_setup_util_sh.py'
[1.938s] INFO:colcon.colcon_core.shell:Creating prefix chain script '/mnt/nova_ssd/workspaces/scout/install/setup.sh'
[1.940s] INFO:colcon.colcon_core.shell:Creating prefix script '/mnt/nova_ssd/workspaces/scout/install/local_setup.bash'
[1.940s] INFO:colcon.colcon_core.shell:Creating prefix chain script '/mnt/nova_ssd/workspaces/scout/install/setup.bash'
[1.942s] INFO:colcon.colcon_core.shell:Creating prefix script '/mnt/nova_ssd/workspaces/scout/install/local_setup.zsh'
[1.943s] INFO:colcon.colcon_core.shell:Creating prefix chain script '/mnt/nova_ssd/workspaces/scout/install/setup.zsh'
