[1.440s] Invoking command in '/mnt/nova_ssd/workspaces/pcl_ws/src/livox_tf': PYTHONPATH=/mnt/nova_ssd/workspaces/pcl_ws/build/livox_tf/prefix_override:/usr/lib/python3/dist-packages/colcon_core/task/python/colcon_distutils_commands:/mnt/nova_ssd/workspaces/pcl_ws/install/livox_tf/lib/python3.10/site-packages:${PYTHONPATH} /usr/bin/python3 -W ignore:setup.py install is deprecated setup.py egg_info --egg-base ../../build/livox_tf build --build-base /mnt/nova_ssd/workspaces/pcl_ws/build/livox_tf/build install --record /mnt/nova_ssd/workspaces/pcl_ws/build/livox_tf/install.log --single-version-externally-managed install_data
[1.811s] running egg_info
[1.812s] writing ../../build/livox_tf/livox_tf.egg-info/PKG-INFO
[1.813s] writing dependency_links to ../../build/livox_tf/livox_tf.egg-info/dependency_links.txt
[1.814s] writing entry points to ../../build/livox_tf/livox_tf.egg-info/entry_points.txt
[1.814s] writing requirements to ../../build/livox_tf/livox_tf.egg-info/requires.txt
[1.814s] writing top-level names to ../../build/livox_tf/livox_tf.egg-info/top_level.txt
[1.816s] reading manifest file '../../build/livox_tf/livox_tf.egg-info/SOURCES.txt'
[1.817s] writing manifest file '../../build/livox_tf/livox_tf.egg-info/SOURCES.txt'
[1.817s] running build
[1.818s] running build_py
[1.818s] copying livox_tf/livox_tf_node.py -> /mnt/nova_ssd/workspaces/pcl_ws/build/livox_tf/build/lib/livox_tf
[1.818s] running install
[1.818s] running install_lib
[1.821s] copying /mnt/nova_ssd/workspaces/pcl_ws/build/livox_tf/build/lib/livox_tf/livox_tf_node.py -> /mnt/nova_ssd/workspaces/pcl_ws/install/livox_tf/lib/python3.10/site-packages/livox_tf
[1.821s] byte-compiling /mnt/nova_ssd/workspaces/pcl_ws/install/livox_tf/lib/python3.10/site-packages/livox_tf/livox_tf_node.py to livox_tf_node.cpython-310.pyc
[1.822s] running install_data
[1.822s] running install_egg_info
[1.826s] removing '/mnt/nova_ssd/workspaces/pcl_ws/install/livox_tf/lib/python3.10/site-packages/livox_tf-0.0.0-py3.10.egg-info' (and everything under it)
[1.826s] Copying ../../build/livox_tf/livox_tf.egg-info to /mnt/nova_ssd/workspaces/pcl_ws/install/livox_tf/lib/python3.10/site-packages/livox_tf-0.0.0-py3.10.egg-info
[1.827s] running install_scripts
[1.861s] Installing livox_tf_node script to /mnt/nova_ssd/workspaces/pcl_ws/install/livox_tf/lib/livox_tf
[1.861s] writing list of installed files to '/mnt/nova_ssd/workspaces/pcl_ws/build/livox_tf/install.log'
[1.935s] Invoked command in '/mnt/nova_ssd/workspaces/pcl_ws/src/livox_tf' returned '0': PYTHONPATH=/mnt/nova_ssd/workspaces/pcl_ws/build/livox_tf/prefix_override:/usr/lib/python3/dist-packages/colcon_core/task/python/colcon_distutils_commands:/mnt/nova_ssd/workspaces/pcl_ws/install/livox_tf/lib/python3.10/site-packages:${PYTHONPATH} /usr/bin/python3 -W ignore:setup.py install is deprecated setup.py egg_info --egg-base ../../build/livox_tf build --build-base /mnt/nova_ssd/workspaces/pcl_ws/build/livox_tf/build install --record /mnt/nova_ssd/workspaces/pcl_ws/build/livox_tf/install.log --single-version-externally-managed install_data
