[0.023s] Invoking command in '/mnt/nova_ssd/workspaces/scout/build/scout_msgs': CMAKE_PREFIX_PATH=/opt/ros/humble /usr/bin/cmake --build /mnt/nova_ssd/workspaces/scout/build/scout_msgs -- -j12 -l12
[0.095s] [  4%] Built target scout_msgs__cpp
[0.095s] [ 12%] Built target scout_msgs__rosidl_generator_c
[0.109s] [ 12%] Built target ament_cmake_python_copy_scout_msgs
[0.127s] [ 23%] Built target scout_msgs__rosidl_typesupport_c
[0.129s] [ 34%] Built target scout_msgs__rosidl_typesupport_fastrtps_c
[0.130s] [ 46%] Built target scout_msgs__rosidl_typesupport_introspection_c
[0.137s] [ 57%] Built target scout_msgs__rosidl_typesupport_introspection_cpp
[0.138s] [ 68%] Built target scout_msgs__rosidl_typesupport_fastrtps_cpp
[0.143s] [ 79%] Built target scout_msgs__rosidl_typesupport_cpp
[0.169s] [ 79%] Built target scout_msgs
[0.200s] [ 80%] Built target scout_msgs__py
[0.237s] [ 90%] Built target scout_msgs__rosidl_generator_py
[0.269s] [ 93%] Built target scout_msgs__rosidl_typesupport_c__pyext
[0.269s] [ 96%] Built target scout_msgs__rosidl_typesupport_introspection_c__pyext
[0.270s] [100%] Built target scout_msgs__rosidl_typesupport_fastrtps_c__pyext
[0.463s] running egg_info
[0.464s] writing scout_msgs.egg-info/PKG-INFO
[0.464s] writing dependency_links to scout_msgs.egg-info/dependency_links.txt
[0.465s] writing top-level names to scout_msgs.egg-info/top_level.txt
[0.468s] reading manifest file 'scout_msgs.egg-info/SOURCES.txt'
[0.469s] writing manifest file 'scout_msgs.egg-info/SOURCES.txt'
[0.519s] [100%] Built target ament_cmake_python_build_scout_msgs_egg
[0.541s] Invoked command in '/mnt/nova_ssd/workspaces/scout/build/scout_msgs' returned '0': CMAKE_PREFIX_PATH=/opt/ros/humble /usr/bin/cmake --build /mnt/nova_ssd/workspaces/scout/build/scout_msgs -- -j12 -l12
[0.751s] Invoking command in '/mnt/nova_ssd/workspaces/scout/build/scout_msgs': CMAKE_PREFIX_PATH=/opt/ros/humble /usr/bin/cmake --install /mnt/nova_ssd/workspaces/scout/build/scout_msgs
[0.764s] -- Install configuration: ""
[0.764s] -- Up-to-date: /mnt/nova_ssd/workspaces/scout/install/scout_msgs/share/ament_index/resource_index/rosidl_interfaces/scout_msgs
[0.765s] -- Up-to-date: /mnt/nova_ssd/workspaces/scout/install/scout_msgs/include/scout_msgs/scout_msgs
[0.765s] -- Up-to-date: /mnt/nova_ssd/workspaces/scout/install/scout_msgs/include/scout_msgs/scout_msgs/msg
[0.765s] -- Up-to-date: /mnt/nova_ssd/workspaces/scout/install/scout_msgs/include/scout_msgs/scout_msgs/msg/scout_rc_state.h
[0.766s] -- Up-to-date: /mnt/nova_ssd/workspaces/scout/install/scout_msgs/include/scout_msgs/scout_msgs/msg/scout_status.h
[0.766s] -- Up-to-date: /mnt/nova_ssd/workspaces/scout/install/scout_msgs/include/scout_msgs/scout_msgs/msg/detail
[0.766s] -- Up-to-date: /mnt/nova_ssd/workspaces/scout/install/scout_msgs/include/scout_msgs/scout_msgs/msg/detail/scout_status__functions.c
[0.767s] -- Up-to-date: /mnt/nova_ssd/workspaces/scout/install/scout_msgs/include/scout_msgs/scout_msgs/msg/detail/scout_actuator_state__functions.h
[0.767s] -- Up-to-date: /mnt/nova_ssd/workspaces/scout/install/scout_msgs/include/scout_msgs/scout_msgs/msg/detail/scout_rc_state__type_support.h
[0.768s] -- Up-to-date: /mnt/nova_ssd/workspaces/scout/install/scout_msgs/include/scout_msgs/scout_msgs/msg/detail/scout_actuator_state__type_support.h
[0.768s] -- Up-to-date: /mnt/nova_ssd/workspaces/scout/install/scout_msgs/include/scout_msgs/scout_msgs/msg/detail/scout_light_cmd__functions.h
[0.769s] -- Up-to-date: /mnt/nova_ssd/workspaces/scout/install/scout_msgs/include/scout_msgs/scout_msgs/msg/detail/scout_rc_state__struct.h
[0.769s] -- Up-to-date: /mnt/nova_ssd/workspaces/scout/install/scout_msgs/include/scout_msgs/scout_msgs/msg/detail/scout_actuator_state__struct.h
[0.769s] -- Up-to-date: /mnt/nova_ssd/workspaces/scout/install/scout_msgs/include/scout_msgs/scout_msgs/msg/detail/scout_rc_state__functions.h
[0.770s] -- Up-to-date: /mnt/nova_ssd/workspaces/scout/install/scout_msgs/include/scout_msgs/scout_msgs/msg/detail/scout_light_cmd__struct.h
[0.770s] -- Up-to-date: /mnt/nova_ssd/workspaces/scout/install/scout_msgs/include/scout_msgs/scout_msgs/msg/detail/scout_light_state__struct.h
[0.770s] -- Up-to-date: /mnt/nova_ssd/workspaces/scout/install/scout_msgs/include/scout_msgs/scout_msgs/msg/detail/scout_status__struct.h
[0.771s] -- Up-to-date: /mnt/nova_ssd/workspaces/scout/install/scout_msgs/include/scout_msgs/scout_msgs/msg/detail/scout_status__type_support.h
[0.771s] -- Up-to-date: /mnt/nova_ssd/workspaces/scout/install/scout_msgs/include/scout_msgs/scout_msgs/msg/detail/scout_light_state__type_support.h
[0.771s] -- Up-to-date: /mnt/nova_ssd/workspaces/scout/install/scout_msgs/include/scout_msgs/scout_msgs/msg/detail/scout_rc_state__functions.c
[0.772s] -- Up-to-date: /mnt/nova_ssd/workspaces/scout/install/scout_msgs/include/scout_msgs/scout_msgs/msg/detail/scout_light_cmd__type_support.h
[0.772s] -- Up-to-date: /mnt/nova_ssd/workspaces/scout/install/scout_msgs/include/scout_msgs/scout_msgs/msg/detail/scout_actuator_state__functions.c
[0.772s] -- Up-to-date: /mnt/nova_ssd/workspaces/scout/install/scout_msgs/include/scout_msgs/scout_msgs/msg/detail/scout_light_state__functions.h
[0.773s] -- Up-to-date: /mnt/nova_ssd/workspaces/scout/install/scout_msgs/include/scout_msgs/scout_msgs/msg/detail/scout_light_state__functions.c
[0.773s] -- Up-to-date: /mnt/nova_ssd/workspaces/scout/install/scout_msgs/include/scout_msgs/scout_msgs/msg/detail/scout_light_cmd__functions.c
[0.773s] -- Up-to-date: /mnt/nova_ssd/workspaces/scout/install/scout_msgs/include/scout_msgs/scout_msgs/msg/detail/scout_status__functions.h
[0.774s] -- Up-to-date: /mnt/nova_ssd/workspaces/scout/install/scout_msgs/include/scout_msgs/scout_msgs/msg/scout_actuator_state.h
[0.774s] -- Up-to-date: /mnt/nova_ssd/workspaces/scout/install/scout_msgs/include/scout_msgs/scout_msgs/msg/scout_light_state.h
[0.774s] -- Up-to-date: /mnt/nova_ssd/workspaces/scout/install/scout_msgs/include/scout_msgs/scout_msgs/msg/scout_light_cmd.h
[0.774s] -- Up-to-date: /mnt/nova_ssd/workspaces/scout/install/scout_msgs/include/scout_msgs/scout_msgs/msg/rosidl_generator_c__visibility_control.h
[0.775s] -- Up-to-date: /mnt/nova_ssd/workspaces/scout/install/scout_msgs/share/scout_msgs/environment/library_path.sh
[0.775s] -- Up-to-date: /mnt/nova_ssd/workspaces/scout/install/scout_msgs/share/scout_msgs/environment/library_path.dsv
[0.775s] -- Up-to-date: /mnt/nova_ssd/workspaces/scout/install/scout_msgs/lib/libscout_msgs__rosidl_generator_c.so
[0.775s] -- Up-to-date: /mnt/nova_ssd/workspaces/scout/install/scout_msgs/include/scout_msgs/scout_msgs
[0.775s] -- Up-to-date: /mnt/nova_ssd/workspaces/scout/install/scout_msgs/include/scout_msgs/scout_msgs/msg
[0.776s] -- Up-to-date: /mnt/nova_ssd/workspaces/scout/install/scout_msgs/include/scout_msgs/scout_msgs/msg/rosidl_typesupport_fastrtps_c__visibility_control.h
[0.776s] -- Up-to-date: /mnt/nova_ssd/workspaces/scout/install/scout_msgs/include/scout_msgs/scout_msgs/msg/detail
[0.776s] -- Up-to-date: /mnt/nova_ssd/workspaces/scout/install/scout_msgs/include/scout_msgs/scout_msgs/msg/detail/scout_actuator_state__rosidl_typesupport_fastrtps_c.h
[0.776s] -- Up-to-date: /mnt/nova_ssd/workspaces/scout/install/scout_msgs/include/scout_msgs/scout_msgs/msg/detail/scout_light_state__rosidl_typesupport_fastrtps_c.h
[0.777s] -- Up-to-date: /mnt/nova_ssd/workspaces/scout/install/scout_msgs/include/scout_msgs/scout_msgs/msg/detail/scout_status__rosidl_typesupport_fastrtps_c.h
[0.777s] -- Up-to-date: /mnt/nova_ssd/workspaces/scout/install/scout_msgs/include/scout_msgs/scout_msgs/msg/detail/scout_rc_state__rosidl_typesupport_fastrtps_c.h
[0.777s] -- Up-to-date: /mnt/nova_ssd/workspaces/scout/install/scout_msgs/include/scout_msgs/scout_msgs/msg/detail/scout_light_cmd__rosidl_typesupport_fastrtps_c.h
[0.777s] -- Up-to-date: /mnt/nova_ssd/workspaces/scout/install/scout_msgs/lib/libscout_msgs__rosidl_typesupport_fastrtps_c.so
[0.777s] -- Up-to-date: /mnt/nova_ssd/workspaces/scout/install/scout_msgs/include/scout_msgs/scout_msgs
[0.778s] -- Up-to-date: /mnt/nova_ssd/workspaces/scout/install/scout_msgs/include/scout_msgs/scout_msgs/msg
[0.778s] -- Up-to-date: /mnt/nova_ssd/workspaces/scout/install/scout_msgs/include/scout_msgs/scout_msgs/msg/scout_rc_state.hpp
[0.778s] -- Up-to-date: /mnt/nova_ssd/workspaces/scout/install/scout_msgs/include/scout_msgs/scout_msgs/msg/scout_status.hpp
[0.778s] -- Up-to-date: /mnt/nova_ssd/workspaces/scout/install/scout_msgs/include/scout_msgs/scout_msgs/msg/detail
[0.778s] -- Up-to-date: /mnt/nova_ssd/workspaces/scout/install/scout_msgs/include/scout_msgs/scout_msgs/msg/detail/scout_light_state__struct.hpp
[0.779s] -- Up-to-date: /mnt/nova_ssd/workspaces/scout/install/scout_msgs/include/scout_msgs/scout_msgs/msg/detail/scout_status__struct.hpp
[0.779s] -- Up-to-date: /mnt/nova_ssd/workspaces/scout/install/scout_msgs/include/scout_msgs/scout_msgs/msg/detail/scout_actuator_state__builder.hpp
[0.779s] -- Up-to-date: /mnt/nova_ssd/workspaces/scout/install/scout_msgs/include/scout_msgs/scout_msgs/msg/detail/scout_light_state__traits.hpp
[0.779s] -- Up-to-date: /mnt/nova_ssd/workspaces/scout/install/scout_msgs/include/scout_msgs/scout_msgs/msg/detail/scout_actuator_state__traits.hpp
[0.780s] -- Up-to-date: /mnt/nova_ssd/workspaces/scout/install/scout_msgs/include/scout_msgs/scout_msgs/msg/detail/scout_light_cmd__struct.hpp
[0.780s] -- Up-to-date: /mnt/nova_ssd/workspaces/scout/install/scout_msgs/include/scout_msgs/scout_msgs/msg/detail/scout_light_cmd__builder.hpp
[0.780s] -- Up-to-date: /mnt/nova_ssd/workspaces/scout/install/scout_msgs/include/scout_msgs/scout_msgs/msg/detail/scout_rc_state__builder.hpp
[0.780s] -- Up-to-date: /mnt/nova_ssd/workspaces/scout/install/scout_msgs/include/scout_msgs/scout_msgs/msg/detail/scout_light_state__builder.hpp
[0.781s] -- Up-to-date: /mnt/nova_ssd/workspaces/scout/install/scout_msgs/include/scout_msgs/scout_msgs/msg/detail/scout_light_cmd__traits.hpp
[0.781s] -- Up-to-date: /mnt/nova_ssd/workspaces/scout/install/scout_msgs/include/scout_msgs/scout_msgs/msg/detail/scout_status__builder.hpp
[0.781s] -- Up-to-date: /mnt/nova_ssd/workspaces/scout/install/scout_msgs/include/scout_msgs/scout_msgs/msg/detail/scout_actuator_state__struct.hpp
[0.781s] -- Up-to-date: /mnt/nova_ssd/workspaces/scout/install/scout_msgs/include/scout_msgs/scout_msgs/msg/detail/scout_rc_state__struct.hpp
[0.781s] -- Up-to-date: /mnt/nova_ssd/workspaces/scout/install/scout_msgs/include/scout_msgs/scout_msgs/msg/detail/scout_status__traits.hpp
[0.782s] -- Up-to-date: /mnt/nova_ssd/workspaces/scout/install/scout_msgs/include/scout_msgs/scout_msgs/msg/detail/scout_rc_state__traits.hpp
[0.782s] -- Up-to-date: /mnt/nova_ssd/workspaces/scout/install/scout_msgs/include/scout_msgs/scout_msgs/msg/scout_light_cmd.hpp
[0.782s] -- Up-to-date: /mnt/nova_ssd/workspaces/scout/install/scout_msgs/include/scout_msgs/scout_msgs/msg/scout_actuator_state.hpp
[0.782s] -- Up-to-date: /mnt/nova_ssd/workspaces/scout/install/scout_msgs/include/scout_msgs/scout_msgs/msg/scout_light_state.hpp
[0.782s] -- Up-to-date: /mnt/nova_ssd/workspaces/scout/install/scout_msgs/include/scout_msgs/scout_msgs
[0.783s] -- Up-to-date: /mnt/nova_ssd/workspaces/scout/install/scout_msgs/include/scout_msgs/scout_msgs/msg
[0.783s] -- Up-to-date: /mnt/nova_ssd/workspaces/scout/install/scout_msgs/include/scout_msgs/scout_msgs/msg/detail
[0.783s] -- Up-to-date: /mnt/nova_ssd/workspaces/scout/install/scout_msgs/include/scout_msgs/scout_msgs/msg/detail/scout_light_state__rosidl_typesupport_fastrtps_cpp.hpp
[0.783s] -- Up-to-date: /mnt/nova_ssd/workspaces/scout/install/scout_msgs/include/scout_msgs/scout_msgs/msg/detail/scout_actuator_state__rosidl_typesupport_fastrtps_cpp.hpp
[0.784s] -- Up-to-date: /mnt/nova_ssd/workspaces/scout/install/scout_msgs/include/scout_msgs/scout_msgs/msg/detail/scout_rc_state__rosidl_typesupport_fastrtps_cpp.hpp
[0.784s] -- Up-to-date: /mnt/nova_ssd/workspaces/scout/install/scout_msgs/include/scout_msgs/scout_msgs/msg/detail/dds_fastrtps
[0.784s] -- Up-to-date: /mnt/nova_ssd/workspaces/scout/install/scout_msgs/include/scout_msgs/scout_msgs/msg/detail/scout_status__rosidl_typesupport_fastrtps_cpp.hpp
[0.784s] -- Up-to-date: /mnt/nova_ssd/workspaces/scout/install/scout_msgs/include/scout_msgs/scout_msgs/msg/detail/scout_light_cmd__rosidl_typesupport_fastrtps_cpp.hpp
[0.784s] -- Up-to-date: /mnt/nova_ssd/workspaces/scout/install/scout_msgs/include/scout_msgs/scout_msgs/msg/rosidl_typesupport_fastrtps_cpp__visibility_control.h
[0.785s] -- Up-to-date: /mnt/nova_ssd/workspaces/scout/install/scout_msgs/lib/libscout_msgs__rosidl_typesupport_fastrtps_cpp.so
[0.785s] -- Up-to-date: /mnt/nova_ssd/workspaces/scout/install/scout_msgs/include/scout_msgs/scout_msgs
[0.785s] -- Up-to-date: /mnt/nova_ssd/workspaces/scout/install/scout_msgs/include/scout_msgs/scout_msgs/msg
[0.785s] -- Up-to-date: /mnt/nova_ssd/workspaces/scout/install/scout_msgs/include/scout_msgs/scout_msgs/msg/rosidl_typesupport_introspection_c__visibility_control.h
[0.786s] -- Up-to-date: /mnt/nova_ssd/workspaces/scout/install/scout_msgs/include/scout_msgs/scout_msgs/msg/detail
[0.786s] -- Up-to-date: /mnt/nova_ssd/workspaces/scout/install/scout_msgs/include/scout_msgs/scout_msgs/msg/detail/scout_actuator_state__type_support.c
[0.786s] -- Up-to-date: /mnt/nova_ssd/workspaces/scout/install/scout_msgs/include/scout_msgs/scout_msgs/msg/detail/scout_rc_state__type_support.c
[0.786s] -- Up-to-date: /mnt/nova_ssd/workspaces/scout/install/scout_msgs/include/scout_msgs/scout_msgs/msg/detail/scout_light_state__rosidl_typesupport_introspection_c.h
[0.786s] -- Up-to-date: /mnt/nova_ssd/workspaces/scout/install/scout_msgs/include/scout_msgs/scout_msgs/msg/detail/scout_status__type_support.c
[0.787s] -- Up-to-date: /mnt/nova_ssd/workspaces/scout/install/scout_msgs/include/scout_msgs/scout_msgs/msg/detail/scout_actuator_state__rosidl_typesupport_introspection_c.h
[0.787s] -- Up-to-date: /mnt/nova_ssd/workspaces/scout/install/scout_msgs/include/scout_msgs/scout_msgs/msg/detail/scout_status__rosidl_typesupport_introspection_c.h
[0.787s] -- Up-to-date: /mnt/nova_ssd/workspaces/scout/install/scout_msgs/include/scout_msgs/scout_msgs/msg/detail/scout_light_state__type_support.c
[0.787s] -- Up-to-date: /mnt/nova_ssd/workspaces/scout/install/scout_msgs/include/scout_msgs/scout_msgs/msg/detail/scout_rc_state__rosidl_typesupport_introspection_c.h
[0.788s] -- Up-to-date: /mnt/nova_ssd/workspaces/scout/install/scout_msgs/include/scout_msgs/scout_msgs/msg/detail/scout_light_cmd__type_support.c
[0.788s] -- Up-to-date: /mnt/nova_ssd/workspaces/scout/install/scout_msgs/include/scout_msgs/scout_msgs/msg/detail/scout_light_cmd__rosidl_typesupport_introspection_c.h
[0.788s] -- Up-to-date: /mnt/nova_ssd/workspaces/scout/install/scout_msgs/lib/libscout_msgs__rosidl_typesupport_introspection_c.so
[0.788s] -- Up-to-date: /mnt/nova_ssd/workspaces/scout/install/scout_msgs/lib/libscout_msgs__rosidl_typesupport_c.so
[0.788s] -- Up-to-date: /mnt/nova_ssd/workspaces/scout/install/scout_msgs/include/scout_msgs/scout_msgs
[0.789s] -- Up-to-date: /mnt/nova_ssd/workspaces/scout/install/scout_msgs/include/scout_msgs/scout_msgs/msg
[0.789s] -- Up-to-date: /mnt/nova_ssd/workspaces/scout/install/scout_msgs/include/scout_msgs/scout_msgs/msg/detail
[0.789s] -- Up-to-date: /mnt/nova_ssd/workspaces/scout/install/scout_msgs/include/scout_msgs/scout_msgs/msg/detail/scout_light_cmd__rosidl_typesupport_introspection_cpp.hpp
[0.789s] -- Up-to-date: /mnt/nova_ssd/workspaces/scout/install/scout_msgs/include/scout_msgs/scout_msgs/msg/detail/scout_status__type_support.cpp
[0.789s] -- Up-to-date: /mnt/nova_ssd/workspaces/scout/install/scout_msgs/include/scout_msgs/scout_msgs/msg/detail/scout_light_state__type_support.cpp
[0.790s] -- Up-to-date: /mnt/nova_ssd/workspaces/scout/install/scout_msgs/include/scout_msgs/scout_msgs/msg/detail/scout_rc_state__rosidl_typesupport_introspection_cpp.hpp
[0.790s] -- Up-to-date: /mnt/nova_ssd/workspaces/scout/install/scout_msgs/include/scout_msgs/scout_msgs/msg/detail/scout_rc_state__type_support.cpp
[0.790s] -- Up-to-date: /mnt/nova_ssd/workspaces/scout/install/scout_msgs/include/scout_msgs/scout_msgs/msg/detail/scout_actuator_state__type_support.cpp
[0.790s] -- Up-to-date: /mnt/nova_ssd/workspaces/scout/install/scout_msgs/include/scout_msgs/scout_msgs/msg/detail/scout_light_cmd__type_support.cpp
[0.791s] -- Up-to-date: /mnt/nova_ssd/workspaces/scout/install/scout_msgs/include/scout_msgs/scout_msgs/msg/detail/scout_actuator_state__rosidl_typesupport_introspection_cpp.hpp
[0.791s] -- Up-to-date: /mnt/nova_ssd/workspaces/scout/install/scout_msgs/include/scout_msgs/scout_msgs/msg/detail/scout_light_state__rosidl_typesupport_introspection_cpp.hpp
[0.791s] -- Up-to-date: /mnt/nova_ssd/workspaces/scout/install/scout_msgs/include/scout_msgs/scout_msgs/msg/detail/scout_status__rosidl_typesupport_introspection_cpp.hpp
[0.791s] -- Up-to-date: /mnt/nova_ssd/workspaces/scout/install/scout_msgs/lib/libscout_msgs__rosidl_typesupport_introspection_cpp.so
[0.791s] -- Up-to-date: /mnt/nova_ssd/workspaces/scout/install/scout_msgs/lib/libscout_msgs__rosidl_typesupport_cpp.so
[0.792s] -- Up-to-date: /mnt/nova_ssd/workspaces/scout/install/scout_msgs/share/scout_msgs/environment/pythonpath.sh
[0.792s] -- Up-to-date: /mnt/nova_ssd/workspaces/scout/install/scout_msgs/share/scout_msgs/environment/pythonpath.dsv
[0.792s] -- Up-to-date: /mnt/nova_ssd/workspaces/scout/install/scout_msgs/local/lib/python3.10/dist-packages/scout_msgs-0.1.0-py3.10.egg-info
[0.792s] -- Installing: /mnt/nova_ssd/workspaces/scout/install/scout_msgs/local/lib/python3.10/dist-packages/scout_msgs-0.1.0-py3.10.egg-info/top_level.txt
[0.792s] -- Installing: /mnt/nova_ssd/workspaces/scout/install/scout_msgs/local/lib/python3.10/dist-packages/scout_msgs-0.1.0-py3.10.egg-info/SOURCES.txt
[0.793s] -- Installing: /mnt/nova_ssd/workspaces/scout/install/scout_msgs/local/lib/python3.10/dist-packages/scout_msgs-0.1.0-py3.10.egg-info/dependency_links.txt
[0.793s] -- Installing: /mnt/nova_ssd/workspaces/scout/install/scout_msgs/local/lib/python3.10/dist-packages/scout_msgs-0.1.0-py3.10.egg-info/PKG-INFO
[0.793s] -- Up-to-date: /mnt/nova_ssd/workspaces/scout/install/scout_msgs/local/lib/python3.10/dist-packages/scout_msgs
[0.793s] -- Up-to-date: /mnt/nova_ssd/workspaces/scout/install/scout_msgs/local/lib/python3.10/dist-packages/scout_msgs/scout_msgs_s__rosidl_typesupport_introspection_c.cpython-310-aarch64-linux-gnu.so
[0.794s] -- Up-to-date: /mnt/nova_ssd/workspaces/scout/install/scout_msgs/local/lib/python3.10/dist-packages/scout_msgs/libscout_msgs__rosidl_generator_py.so
[0.794s] -- Up-to-date: /mnt/nova_ssd/workspaces/scout/install/scout_msgs/local/lib/python3.10/dist-packages/scout_msgs/_scout_msgs_s.ep.rosidl_typesupport_fastrtps_c.c
[0.794s] -- Up-to-date: /mnt/nova_ssd/workspaces/scout/install/scout_msgs/local/lib/python3.10/dist-packages/scout_msgs/_scout_msgs_s.ep.rosidl_typesupport_introspection_c.c
[0.794s] -- Up-to-date: /mnt/nova_ssd/workspaces/scout/install/scout_msgs/local/lib/python3.10/dist-packages/scout_msgs/msg
[0.794s] -- Up-to-date: /mnt/nova_ssd/workspaces/scout/install/scout_msgs/local/lib/python3.10/dist-packages/scout_msgs/msg/_scout_actuator_state_s.c
[0.795s] -- Up-to-date: /mnt/nova_ssd/workspaces/scout/install/scout_msgs/local/lib/python3.10/dist-packages/scout_msgs/msg/_scout_light_state_s.c
[0.795s] -- Up-to-date: /mnt/nova_ssd/workspaces/scout/install/scout_msgs/local/lib/python3.10/dist-packages/scout_msgs/msg/_scout_light_cmd.py
[0.795s] -- Up-to-date: /mnt/nova_ssd/workspaces/scout/install/scout_msgs/local/lib/python3.10/dist-packages/scout_msgs/msg/_scout_light_state.py
[0.795s] -- Up-to-date: /mnt/nova_ssd/workspaces/scout/install/scout_msgs/local/lib/python3.10/dist-packages/scout_msgs/msg/_scout_actuator_state.py
[0.796s] -- Up-to-date: /mnt/nova_ssd/workspaces/scout/install/scout_msgs/local/lib/python3.10/dist-packages/scout_msgs/msg/_scout_rc_state_s.c
[0.796s] -- Up-to-date: /mnt/nova_ssd/workspaces/scout/install/scout_msgs/local/lib/python3.10/dist-packages/scout_msgs/msg/__init__.py
[0.796s] -- Up-to-date: /mnt/nova_ssd/workspaces/scout/install/scout_msgs/local/lib/python3.10/dist-packages/scout_msgs/msg/_scout_light_cmd_s.c
[0.796s] -- Up-to-date: /mnt/nova_ssd/workspaces/scout/install/scout_msgs/local/lib/python3.10/dist-packages/scout_msgs/msg/_scout_status.py
[0.796s] -- Up-to-date: /mnt/nova_ssd/workspaces/scout/install/scout_msgs/local/lib/python3.10/dist-packages/scout_msgs/msg/_scout_rc_state.py
[0.797s] -- Up-to-date: /mnt/nova_ssd/workspaces/scout/install/scout_msgs/local/lib/python3.10/dist-packages/scout_msgs/msg/_scout_status_s.c
[0.797s] -- Up-to-date: /mnt/nova_ssd/workspaces/scout/install/scout_msgs/local/lib/python3.10/dist-packages/scout_msgs/scout_msgs_s__rosidl_typesupport_fastrtps_c.cpython-310-aarch64-linux-gnu.so
[0.797s] -- Up-to-date: /mnt/nova_ssd/workspaces/scout/install/scout_msgs/local/lib/python3.10/dist-packages/scout_msgs/scout_msgs_s__rosidl_typesupport_c.cpython-310-aarch64-linux-gnu.so
[0.797s] -- Up-to-date: /mnt/nova_ssd/workspaces/scout/install/scout_msgs/local/lib/python3.10/dist-packages/scout_msgs/__init__.py
[0.797s] -- Up-to-date: /mnt/nova_ssd/workspaces/scout/install/scout_msgs/local/lib/python3.10/dist-packages/scout_msgs/_scout_msgs_s.ep.rosidl_typesupport_c.c
[0.820s] Listing '/mnt/nova_ssd/workspaces/scout/install/scout_msgs/local/lib/python3.10/dist-packages/scout_msgs'...
[0.821s] Listing '/mnt/nova_ssd/workspaces/scout/install/scout_msgs/local/lib/python3.10/dist-packages/scout_msgs/msg'...
[0.828s] -- Up-to-date: /mnt/nova_ssd/workspaces/scout/install/scout_msgs/local/lib/python3.10/dist-packages/scout_msgs/scout_msgs_s__rosidl_typesupport_fastrtps_c.cpython-310-aarch64-linux-gnu.so
[0.828s] -- Up-to-date: /mnt/nova_ssd/workspaces/scout/install/scout_msgs/local/lib/python3.10/dist-packages/scout_msgs/scout_msgs_s__rosidl_typesupport_introspection_c.cpython-310-aarch64-linux-gnu.so
[0.828s] -- Up-to-date: /mnt/nova_ssd/workspaces/scout/install/scout_msgs/local/lib/python3.10/dist-packages/scout_msgs/scout_msgs_s__rosidl_typesupport_c.cpython-310-aarch64-linux-gnu.so
[0.829s] -- Up-to-date: /mnt/nova_ssd/workspaces/scout/install/scout_msgs/lib/libscout_msgs__rosidl_generator_py.so
[0.829s] -- Up-to-date: /mnt/nova_ssd/workspaces/scout/install/scout_msgs/share/scout_msgs/msg/ScoutActuatorState.idl
[0.830s] -- Up-to-date: /mnt/nova_ssd/workspaces/scout/install/scout_msgs/share/scout_msgs/msg/ScoutLightCmd.idl
[0.830s] -- Up-to-date: /mnt/nova_ssd/workspaces/scout/install/scout_msgs/share/scout_msgs/msg/ScoutLightState.idl
[0.830s] -- Up-to-date: /mnt/nova_ssd/workspaces/scout/install/scout_msgs/share/scout_msgs/msg/ScoutRCState.idl
[0.831s] -- Up-to-date: /mnt/nova_ssd/workspaces/scout/install/scout_msgs/share/scout_msgs/msg/ScoutStatus.idl
[0.831s] -- Up-to-date: /mnt/nova_ssd/workspaces/scout/install/scout_msgs/share/scout_msgs/msg/ScoutActuatorState.msg
[0.831s] -- Up-to-date: /mnt/nova_ssd/workspaces/scout/install/scout_msgs/share/scout_msgs/msg/ScoutLightCmd.msg
[0.832s] -- Up-to-date: /mnt/nova_ssd/workspaces/scout/install/scout_msgs/share/scout_msgs/msg/ScoutLightState.msg
[0.832s] -- Up-to-date: /mnt/nova_ssd/workspaces/scout/install/scout_msgs/share/scout_msgs/msg/ScoutRCState.msg
[0.833s] -- Up-to-date: /mnt/nova_ssd/workspaces/scout/install/scout_msgs/share/scout_msgs/msg/ScoutStatus.msg
[0.833s] -- Up-to-date: /mnt/nova_ssd/workspaces/scout/install/scout_msgs/share/ament_index/resource_index/package_run_dependencies/scout_msgs
[0.833s] -- Up-to-date: /mnt/nova_ssd/workspaces/scout/install/scout_msgs/share/ament_index/resource_index/parent_prefix_path/scout_msgs
[0.833s] -- Up-to-date: /mnt/nova_ssd/workspaces/scout/install/scout_msgs/share/scout_msgs/environment/ament_prefix_path.sh
[0.834s] -- Up-to-date: /mnt/nova_ssd/workspaces/scout/install/scout_msgs/share/scout_msgs/environment/ament_prefix_path.dsv
[0.834s] -- Up-to-date: /mnt/nova_ssd/workspaces/scout/install/scout_msgs/share/scout_msgs/environment/path.sh
[0.834s] -- Up-to-date: /mnt/nova_ssd/workspaces/scout/install/scout_msgs/share/scout_msgs/environment/path.dsv
[0.834s] -- Up-to-date: /mnt/nova_ssd/workspaces/scout/install/scout_msgs/share/scout_msgs/local_setup.bash
[0.834s] -- Up-to-date: /mnt/nova_ssd/workspaces/scout/install/scout_msgs/share/scout_msgs/local_setup.sh
[0.835s] -- Up-to-date: /mnt/nova_ssd/workspaces/scout/install/scout_msgs/share/scout_msgs/local_setup.zsh
[0.835s] -- Up-to-date: /mnt/nova_ssd/workspaces/scout/install/scout_msgs/share/scout_msgs/local_setup.dsv
[0.835s] -- Installing: /mnt/nova_ssd/workspaces/scout/install/scout_msgs/share/scout_msgs/package.dsv
[0.836s] -- Up-to-date: /mnt/nova_ssd/workspaces/scout/install/scout_msgs/share/ament_index/resource_index/packages/scout_msgs
[0.836s] -- Up-to-date: /mnt/nova_ssd/workspaces/scout/install/scout_msgs/share/scout_msgs/cmake/export_scout_msgs__rosidl_generator_cExport.cmake
[0.838s] -- Up-to-date: /mnt/nova_ssd/workspaces/scout/install/scout_msgs/share/scout_msgs/cmake/export_scout_msgs__rosidl_generator_cExport-noconfig.cmake
[0.840s] -- Up-to-date: /mnt/nova_ssd/workspaces/scout/install/scout_msgs/share/scout_msgs/cmake/export_scout_msgs__rosidl_typesupport_fastrtps_cExport.cmake
[0.840s] -- Up-to-date: /mnt/nova_ssd/workspaces/scout/install/scout_msgs/share/scout_msgs/cmake/export_scout_msgs__rosidl_typesupport_fastrtps_cExport-noconfig.cmake
[0.840s] -- Up-to-date: /mnt/nova_ssd/workspaces/scout/install/scout_msgs/share/scout_msgs/cmake/export_scout_msgs__rosidl_generator_cppExport.cmake
[0.841s] -- Up-to-date: /mnt/nova_ssd/workspaces/scout/install/scout_msgs/share/scout_msgs/cmake/export_scout_msgs__rosidl_typesupport_fastrtps_cppExport.cmake
[0.841s] -- Up-to-date: /mnt/nova_ssd/workspaces/scout/install/scout_msgs/share/scout_msgs/cmake/export_scout_msgs__rosidl_typesupport_fastrtps_cppExport-noconfig.cmake
[0.842s] -- Up-to-date: /mnt/nova_ssd/workspaces/scout/install/scout_msgs/share/scout_msgs/cmake/scout_msgs__rosidl_typesupport_introspection_cExport.cmake
[0.842s] -- Up-to-date: /mnt/nova_ssd/workspaces/scout/install/scout_msgs/share/scout_msgs/cmake/scout_msgs__rosidl_typesupport_introspection_cExport-noconfig.cmake
[0.842s] -- Up-to-date: /mnt/nova_ssd/workspaces/scout/install/scout_msgs/share/scout_msgs/cmake/scout_msgs__rosidl_typesupport_cExport.cmake
[0.843s] -- Up-to-date: /mnt/nova_ssd/workspaces/scout/install/scout_msgs/share/scout_msgs/cmake/scout_msgs__rosidl_typesupport_cExport-noconfig.cmake
[0.843s] -- Up-to-date: /mnt/nova_ssd/workspaces/scout/install/scout_msgs/share/scout_msgs/cmake/scout_msgs__rosidl_typesupport_introspection_cppExport.cmake
[0.844s] -- Up-to-date: /mnt/nova_ssd/workspaces/scout/install/scout_msgs/share/scout_msgs/cmake/scout_msgs__rosidl_typesupport_introspection_cppExport-noconfig.cmake
[0.844s] -- Up-to-date: /mnt/nova_ssd/workspaces/scout/install/scout_msgs/share/scout_msgs/cmake/scout_msgs__rosidl_typesupport_cppExport.cmake
[0.845s] -- Up-to-date: /mnt/nova_ssd/workspaces/scout/install/scout_msgs/share/scout_msgs/cmake/scout_msgs__rosidl_typesupport_cppExport-noconfig.cmake
[0.845s] -- Up-to-date: /mnt/nova_ssd/workspaces/scout/install/scout_msgs/share/scout_msgs/cmake/export_scout_msgs__rosidl_generator_pyExport.cmake
[0.846s] -- Up-to-date: /mnt/nova_ssd/workspaces/scout/install/scout_msgs/share/scout_msgs/cmake/export_scout_msgs__rosidl_generator_pyExport-noconfig.cmake
[0.846s] -- Up-to-date: /mnt/nova_ssd/workspaces/scout/install/scout_msgs/share/scout_msgs/cmake/rosidl_cmake-extras.cmake
[0.847s] -- Up-to-date: /mnt/nova_ssd/workspaces/scout/install/scout_msgs/share/scout_msgs/cmake/ament_cmake_export_dependencies-extras.cmake
[0.847s] -- Up-to-date: /mnt/nova_ssd/workspaces/scout/install/scout_msgs/share/scout_msgs/cmake/ament_cmake_export_include_directories-extras.cmake
[0.847s] -- Up-to-date: /mnt/nova_ssd/workspaces/scout/install/scout_msgs/share/scout_msgs/cmake/ament_cmake_export_libraries-extras.cmake
[0.848s] -- Up-to-date: /mnt/nova_ssd/workspaces/scout/install/scout_msgs/share/scout_msgs/cmake/ament_cmake_export_targets-extras.cmake
[0.848s] -- Up-to-date: /mnt/nova_ssd/workspaces/scout/install/scout_msgs/share/scout_msgs/cmake/rosidl_cmake_export_typesupport_targets-extras.cmake
[0.849s] -- Up-to-date: /mnt/nova_ssd/workspaces/scout/install/scout_msgs/share/scout_msgs/cmake/rosidl_cmake_export_typesupport_libraries-extras.cmake
[0.849s] -- Up-to-date: /mnt/nova_ssd/workspaces/scout/install/scout_msgs/share/scout_msgs/cmake/scout_msgsConfig.cmake
[0.849s] -- Up-to-date: /mnt/nova_ssd/workspaces/scout/install/scout_msgs/share/scout_msgs/cmake/scout_msgsConfig-version.cmake
[0.850s] -- Up-to-date: /mnt/nova_ssd/workspaces/scout/install/scout_msgs/share/scout_msgs/package.xml
[0.850s] Invoked command in '/mnt/nova_ssd/workspaces/scout/build/scout_msgs' returned '0': CMAKE_PREFIX_PATH=/opt/ros/humble /usr/bin/cmake --install /mnt/nova_ssd/workspaces/scout/build/scout_msgs
