[0.023s] Invoking command in '/mnt/nova_ssd/workspaces/navigation/build/dwa_main': CMAKE_PREFIX_PATH=/opt/ros/humble /usr/bin/cmake --build /mnt/nova_ssd/workspaces/navigation/build/dwa_main -- -j12 -l12
[0.091s] [100%] Built target dwa_main
[0.108s] Invoked command in '/mnt/nova_ssd/workspaces/navigation/build/dwa_main' returned '0': CMAKE_PREFIX_PATH=/opt/ros/humble /usr/bin/cmake --build /mnt/nova_ssd/workspaces/navigation/build/dwa_main -- -j12 -l12
[0.153s] Invoking command in '/mnt/nova_ssd/workspaces/navigation/build/dwa_main': CMAKE_PREFIX_PATH=/opt/ros/humble /usr/bin/cmake --install /mnt/nova_ssd/workspaces/navigation/build/dwa_main
[0.161s] -- Install configuration: ""
[0.161s] -- Up-to-date: /mnt/nova_ssd/workspaces/navigation/install/dwa_main/lib/dwa_main/dwa_main
[0.162s] -- Up-to-date: /mnt/nova_ssd/workspaces/navigation/install/dwa_main/share/dwa_main//launch
[0.162s] -- Up-to-date: /mnt/nova_ssd/workspaces/navigation/install/dwa_main/share/dwa_main//launch/dwa_local_planner_launch.py
[0.162s] -- Up-to-date: /mnt/nova_ssd/workspaces/navigation/install/dwa_main/share/dwa_main//config
[0.162s] -- Installing: /mnt/nova_ssd/workspaces/navigation/install/dwa_main/share/dwa_main//config/dwa_local_planner_params.yaml
[0.162s] -- Up-to-date: /mnt/nova_ssd/workspaces/navigation/install/dwa_main/share/ament_index/resource_index/package_run_dependencies/dwa_main
[0.162s] -- Up-to-date: /mnt/nova_ssd/workspaces/navigation/install/dwa_main/share/ament_index/resource_index/parent_prefix_path/dwa_main
[0.163s] -- Up-to-date: /mnt/nova_ssd/workspaces/navigation/install/dwa_main/share/dwa_main/environment/ament_prefix_path.sh
[0.163s] -- Up-to-date: /mnt/nova_ssd/workspaces/navigation/install/dwa_main/share/dwa_main/environment/ament_prefix_path.dsv
[0.163s] -- Up-to-date: /mnt/nova_ssd/workspaces/navigation/install/dwa_main/share/dwa_main/environment/path.sh
[0.163s] -- Up-to-date: /mnt/nova_ssd/workspaces/navigation/install/dwa_main/share/dwa_main/environment/path.dsv
[0.163s] -- Up-to-date: /mnt/nova_ssd/workspaces/navigation/install/dwa_main/share/dwa_main/local_setup.bash
[0.163s] -- Up-to-date: /mnt/nova_ssd/workspaces/navigation/install/dwa_main/share/dwa_main/local_setup.sh
[0.164s] -- Up-to-date: /mnt/nova_ssd/workspaces/navigation/install/dwa_main/share/dwa_main/local_setup.zsh
[0.164s] -- Up-to-date: /mnt/nova_ssd/workspaces/navigation/install/dwa_main/share/dwa_main/local_setup.dsv
[0.164s] -- Installing: /mnt/nova_ssd/workspaces/navigation/install/dwa_main/share/dwa_main/package.dsv
[0.164s] -- Up-to-date: /mnt/nova_ssd/workspaces/navigation/install/dwa_main/share/ament_index/resource_index/packages/dwa_main
[0.164s] -- Up-to-date: /mnt/nova_ssd/workspaces/navigation/install/dwa_main/share/dwa_main/cmake/dwa_mainConfig.cmake
[0.164s] -- Up-to-date: /mnt/nova_ssd/workspaces/navigation/install/dwa_main/share/dwa_main/cmake/dwa_mainConfig-version.cmake
[0.164s] -- Up-to-date: /mnt/nova_ssd/workspaces/navigation/install/dwa_main/share/dwa_main/package.xml
[0.168s] Invoked command in '/mnt/nova_ssd/workspaces/navigation/build/dwa_main' returned '0': CMAKE_PREFIX_PATH=/opt/ros/humble /usr/bin/cmake --install /mnt/nova_ssd/workspaces/navigation/build/dwa_main
