[1.247s] Invoking command in '/mnt/nova_ssd/workspaces/pcl_ws/build/pointcloud_to_laserscan': CMAKE_PREFIX_PATH=/mnt/nova_ssd/workspaces/pcl_ws/install/pointcloud_to_laserscan:/mnt/nova_ssd/workspaces/pcl_ws/install/pcl_object_detection:/mnt/nova_ssd/workspaces/navigation/install/dwa_main:/mnt/nova_ssd/workspaces/navigation/install/dstar_main:/mnt/nova_ssd/workspaces/navigation/install/costmap_converter:/mnt/nova_ssd/workspaces/navigation/install/costmap_converter_msgs:/mnt/nova_ssd/workspaces/scout/install/scout_base:/mnt/nova_ssd/workspaces/pcl_ws/install/pcl_filter:/mnt/nova_ssd/workspaces/pcl_ws/install/my_package:/mnt/nova_ssd/workspaces/pcl_ws/install/livox_tf:/opt/ros/humble:/mnt/nova_ssd/workspaces/scout/install/ugv_sdk:/mnt/nova_ssd/workspaces/scout/install/scout_msgs:/mnt/nova_ssd/workspaces/scout/install/scout_description /usr/bin/cmake --build /mnt/nova_ssd/workspaces/pcl_ws/build/pointcloud_to_laserscan -- -j12 -l12
[1.337s] [ 20%] Built target laserscan_to_pointcloud
[1.340s] [ 40%] Built target laserscan_to_pointcloud_node
[1.343s] [ 60%] Built target pointcloud_to_laserscan_node
[1.394s] [ 80%] Built target pointcloud_to_laserscan
[1.441s] [100%] Built target dummy_pointcloud_publisher
[1.459s] Invoked command in '/mnt/nova_ssd/workspaces/pcl_ws/build/pointcloud_to_laserscan' returned '0': CMAKE_PREFIX_PATH=/mnt/nova_ssd/workspaces/pcl_ws/install/pointcloud_to_laserscan:/mnt/nova_ssd/workspaces/pcl_ws/install/pcl_object_detection:/mnt/nova_ssd/workspaces/navigation/install/dwa_main:/mnt/nova_ssd/workspaces/navigation/install/dstar_main:/mnt/nova_ssd/workspaces/navigation/install/costmap_converter:/mnt/nova_ssd/workspaces/navigation/install/costmap_converter_msgs:/mnt/nova_ssd/workspaces/scout/install/scout_base:/mnt/nova_ssd/workspaces/pcl_ws/install/pcl_filter:/mnt/nova_ssd/workspaces/pcl_ws/install/my_package:/mnt/nova_ssd/workspaces/pcl_ws/install/livox_tf:/opt/ros/humble:/mnt/nova_ssd/workspaces/scout/install/ugv_sdk:/mnt/nova_ssd/workspaces/scout/install/scout_msgs:/mnt/nova_ssd/workspaces/scout/install/scout_description /usr/bin/cmake --build /mnt/nova_ssd/workspaces/pcl_ws/build/pointcloud_to_laserscan -- -j12 -l12
[1.561s] Invoking command in '/mnt/nova_ssd/workspaces/pcl_ws/build/pointcloud_to_laserscan': CMAKE_PREFIX_PATH=/mnt/nova_ssd/workspaces/pcl_ws/install/pointcloud_to_laserscan:/mnt/nova_ssd/workspaces/pcl_ws/install/pcl_object_detection:/mnt/nova_ssd/workspaces/navigation/install/dwa_main:/mnt/nova_ssd/workspaces/navigation/install/dstar_main:/mnt/nova_ssd/workspaces/navigation/install/costmap_converter:/mnt/nova_ssd/workspaces/navigation/install/costmap_converter_msgs:/mnt/nova_ssd/workspaces/scout/install/scout_base:/mnt/nova_ssd/workspaces/pcl_ws/install/pcl_filter:/mnt/nova_ssd/workspaces/pcl_ws/install/my_package:/mnt/nova_ssd/workspaces/pcl_ws/install/livox_tf:/opt/ros/humble:/mnt/nova_ssd/workspaces/scout/install/ugv_sdk:/mnt/nova_ssd/workspaces/scout/install/scout_msgs:/mnt/nova_ssd/workspaces/scout/install/scout_description /usr/bin/cmake --install /mnt/nova_ssd/workspaces/pcl_ws/build/pointcloud_to_laserscan
[1.573s] -- Install configuration: ""
[1.574s] -- Up-to-date: /mnt/nova_ssd/workspaces/pcl_ws/install/pointcloud_to_laserscan/lib/pointcloud_to_laserscan/laserscan_to_pointcloud_node
[1.575s] -- Up-to-date: /mnt/nova_ssd/workspaces/pcl_ws/install/pointcloud_to_laserscan/lib/pointcloud_to_laserscan/pointcloud_to_laserscan_node
[1.576s] -- Up-to-date: /mnt/nova_ssd/workspaces/pcl_ws/install/pointcloud_to_laserscan/include
[1.576s] -- Up-to-date: /mnt/nova_ssd/workspaces/pcl_ws/install/pointcloud_to_laserscan/include/pointcloud_to_laserscan
[1.577s] -- Up-to-date: /mnt/nova_ssd/workspaces/pcl_ws/install/pointcloud_to_laserscan/include/pointcloud_to_laserscan/laserscan_to_pointcloud_node.hpp
[1.577s] -- Up-to-date: /mnt/nova_ssd/workspaces/pcl_ws/install/pointcloud_to_laserscan/include/pointcloud_to_laserscan/pointcloud_to_laserscan_node.hpp
[1.578s] -- Up-to-date: /mnt/nova_ssd/workspaces/pcl_ws/install/pointcloud_to_laserscan/include/pointcloud_to_laserscan/visibility_control.h
[1.584s] -- Up-to-date: /mnt/nova_ssd/workspaces/pcl_ws/install/pointcloud_to_laserscan/share/pointcloud_to_laserscan/environment/library_path.sh
[1.585s] -- Up-to-date: /mnt/nova_ssd/workspaces/pcl_ws/install/pointcloud_to_laserscan/share/pointcloud_to_laserscan/environment/library_path.dsv
[1.586s] -- Up-to-date: /mnt/nova_ssd/workspaces/pcl_ws/install/pointcloud_to_laserscan/lib/liblaserscan_to_pointcloud.so
[1.587s] -- Up-to-date: /mnt/nova_ssd/workspaces/pcl_ws/install/pointcloud_to_laserscan/lib/libpointcloud_to_laserscan.so
[1.588s] -- Up-to-date: /mnt/nova_ssd/workspaces/pcl_ws/install/pointcloud_to_laserscan/lib/pointcloud_to_laserscan/dummy_pointcloud_publisher
[1.589s] -- Up-to-date: /mnt/nova_ssd/workspaces/pcl_ws/install/pointcloud_to_laserscan/share/pointcloud_to_laserscan/launch
[1.590s] -- Up-to-date: /mnt/nova_ssd/workspaces/pcl_ws/install/pointcloud_to_laserscan/share/pointcloud_to_laserscan/launch/sample_pointcloud_to_laserscan_launch.py
[1.590s] -- Up-to-date: /mnt/nova_ssd/workspaces/pcl_ws/install/pointcloud_to_laserscan/share/pointcloud_to_laserscan/launch/sample_laserscan_to_pointcloud_launch.py
[1.591s] -- Up-to-date: /mnt/nova_ssd/workspaces/pcl_ws/install/pointcloud_to_laserscan/share/ament_index/resource_index/package_run_dependencies/pointcloud_to_laserscan
[1.591s] -- Up-to-date: /mnt/nova_ssd/workspaces/pcl_ws/install/pointcloud_to_laserscan/share/ament_index/resource_index/parent_prefix_path/pointcloud_to_laserscan
[1.592s] -- Up-to-date: /mnt/nova_ssd/workspaces/pcl_ws/install/pointcloud_to_laserscan/share/pointcloud_to_laserscan/environment/ament_prefix_path.sh
[1.592s] -- Up-to-date: /mnt/nova_ssd/workspaces/pcl_ws/install/pointcloud_to_laserscan/share/pointcloud_to_laserscan/environment/ament_prefix_path.dsv
[1.593s] -- Up-to-date: /mnt/nova_ssd/workspaces/pcl_ws/install/pointcloud_to_laserscan/share/pointcloud_to_laserscan/environment/path.sh
[1.594s] -- Up-to-date: /mnt/nova_ssd/workspaces/pcl_ws/install/pointcloud_to_laserscan/share/pointcloud_to_laserscan/environment/path.dsv
[1.594s] -- Up-to-date: /mnt/nova_ssd/workspaces/pcl_ws/install/pointcloud_to_laserscan/share/pointcloud_to_laserscan/local_setup.bash
[1.595s] -- Up-to-date: /mnt/nova_ssd/workspaces/pcl_ws/install/pointcloud_to_laserscan/share/pointcloud_to_laserscan/local_setup.sh
[1.595s] -- Up-to-date: /mnt/nova_ssd/workspaces/pcl_ws/install/pointcloud_to_laserscan/share/pointcloud_to_laserscan/local_setup.zsh
[1.596s] -- Up-to-date: /mnt/nova_ssd/workspaces/pcl_ws/install/pointcloud_to_laserscan/share/pointcloud_to_laserscan/local_setup.dsv
[1.596s] -- Installing: /mnt/nova_ssd/workspaces/pcl_ws/install/pointcloud_to_laserscan/share/pointcloud_to_laserscan/package.dsv
[1.598s] -- Up-to-date: /mnt/nova_ssd/workspaces/pcl_ws/install/pointcloud_to_laserscan/share/ament_index/resource_index/packages/pointcloud_to_laserscan
[1.598s] -- Up-to-date: /mnt/nova_ssd/workspaces/pcl_ws/install/pointcloud_to_laserscan/share/ament_index/resource_index/rclcpp_components/pointcloud_to_laserscan
[1.598s] -- Up-to-date: /mnt/nova_ssd/workspaces/pcl_ws/install/pointcloud_to_laserscan/share/pointcloud_to_laserscan/cmake/ament_cmake_export_dependencies-extras.cmake
[1.598s] -- Up-to-date: /mnt/nova_ssd/workspaces/pcl_ws/install/pointcloud_to_laserscan/share/pointcloud_to_laserscan/cmake/ament_cmake_export_include_directories-extras.cmake
[1.598s] -- Up-to-date: /mnt/nova_ssd/workspaces/pcl_ws/install/pointcloud_to_laserscan/share/pointcloud_to_laserscan/cmake/ament_cmake_export_libraries-extras.cmake
[1.598s] -- Up-to-date: /mnt/nova_ssd/workspaces/pcl_ws/install/pointcloud_to_laserscan/share/pointcloud_to_laserscan/cmake/pointcloud_to_laserscanConfig.cmake
[1.599s] -- Up-to-date: /mnt/nova_ssd/workspaces/pcl_ws/install/pointcloud_to_laserscan/share/pointcloud_to_laserscan/cmake/pointcloud_to_laserscanConfig-version.cmake
[1.599s] -- Up-to-date: /mnt/nova_ssd/workspaces/pcl_ws/install/pointcloud_to_laserscan/share/pointcloud_to_laserscan/package.xml
[1.602s] Invoked command in '/mnt/nova_ssd/workspaces/pcl_ws/build/pointcloud_to_laserscan' returned '0': CMAKE_PREFIX_PATH=/mnt/nova_ssd/workspaces/pcl_ws/install/pointcloud_to_laserscan:/mnt/nova_ssd/workspaces/pcl_ws/install/pcl_object_detection:/mnt/nova_ssd/workspaces/navigation/install/dwa_main:/mnt/nova_ssd/workspaces/navigation/install/dstar_main:/mnt/nova_ssd/workspaces/navigation/install/costmap_converter:/mnt/nova_ssd/workspaces/navigation/install/costmap_converter_msgs:/mnt/nova_ssd/workspaces/scout/install/scout_base:/mnt/nova_ssd/workspaces/pcl_ws/install/pcl_filter:/mnt/nova_ssd/workspaces/pcl_ws/install/my_package:/mnt/nova_ssd/workspaces/pcl_ws/install/livox_tf:/opt/ros/humble:/mnt/nova_ssd/workspaces/scout/install/ugv_sdk:/mnt/nova_ssd/workspaces/scout/install/scout_msgs:/mnt/nova_ssd/workspaces/scout/install/scout_description /usr/bin/cmake --install /mnt/nova_ssd/workspaces/pcl_ws/build/pointcloud_to_laserscan
