[0.025s] Invoking command in '/mnt/nova_ssd/workspaces/scout/build/scout_msgs': CMAKE_PREFIX_PATH=/opt/ros/humble /usr/bin/cmake --build /mnt/nova_ssd/workspaces/scout/build/scout_msgs -- -j12 -l12
[0.062s] -- Found ament_cmake: 1.3.9 (/opt/ros/humble/share/ament_cmake/cmake)
[0.289s] -- Found builtin_interfaces: 1.2.1 (/opt/ros/humble/share/builtin_interfaces/cmake)
[0.348s] -- Found rosidl_generator_c: 3.1.5 (/opt/ros/humble/share/rosidl_generator_c/cmake)
[0.353s] -- Found rosidl_adapter: 3.1.5 (/opt/ros/humble/share/rosidl_adapter/cmake)
[0.368s] -- Found rosidl_generator_cpp: 3.1.5 (/opt/ros/humble/share/rosidl_generator_cpp/cmake)
[0.393s] -- Using all available rosidl_typesupport_c: rosidl_typesupport_fastrtps_c;rosidl_typesupport_introspection_c
[0.426s] -- Using all available rosidl_typesupport_cpp: rosidl_typesupport_fastrtps_cpp;rosidl_typesupport_introspection_cpp
[0.456s] -- Found rosidl_default_generators: 1.2.0 (/opt/ros/humble/share/rosidl_default_generators/cmake)
[0.470s] -- Found std_msgs: 4.2.4 (/opt/ros/humble/share/std_msgs/cmake)
[1.032s] -- Found ament_cmake_ros: 0.10.0 (/opt/ros/humble/share/ament_cmake_ros/cmake)
[1.744s] -- Using all available rosidl_typesupport_c: rosidl_typesupport_fastrtps_c;rosidl_typesupport_introspection_c
[2.019s] -- Using all available rosidl_typesupport_cpp: rosidl_typesupport_fastrtps_cpp;rosidl_typesupport_introspection_cpp
[2.065s] -- Found python_cmake_module: 0.10.0 (/opt/ros/humble/share/python_cmake_module/cmake)
[2.111s] -- Using PYTHON_EXECUTABLE: /usr/bin/python3
[2.111s] -- Using PYTHON_INCLUDE_DIRS: /usr/include/python3.10
[2.111s] -- Using PYTHON_LIBRARIES: /usr/lib/aarch64-linux-gnu/libpython3.10.so
[2.181s] -- Found ament_lint_auto: 0.12.11 (/opt/ros/humble/share/ament_lint_auto/cmake)
[2.211s] -- Added test 'copyright' to check source files copyright and LICENSE
[2.215s] -- Added test 'lint_cmake' to check CMake code style
[2.217s] -- Added test 'xmllint' to check XML markup files
[2.219s] -- Configuring done
[2.281s] -- Generating done
[2.285s] -- Build files have been written to: /mnt/nova_ssd/workspaces/scout/build/scout_msgs
[2.333s] [35m[1mConsolidate compiler generated dependencies of target scout_msgs__rosidl_generator_c[0m
[2.346s] [  1%] Built target scout_msgs__cpp
[2.352s] [  4%] [32mBuilding C object CMakeFiles/scout_msgs__rosidl_generator_c.dir/rosidl_generator_c/scout_msgs/msg/detail/scout_light_cmd__functions.c.o[0m
[2.352s] [  4%] [32mBuilding C object CMakeFiles/scout_msgs__rosidl_generator_c.dir/rosidl_generator_c/scout_msgs/msg/detail/scout_actuator_state__functions.c.o[0m
[2.352s] [  6%] [32mBuilding C object CMakeFiles/scout_msgs__rosidl_generator_c.dir/rosidl_generator_c/scout_msgs/msg/detail/scout_light_state__functions.c.o[0m
[2.353s] [  7%] [32mBuilding C object CMakeFiles/scout_msgs__rosidl_generator_c.dir/rosidl_generator_c/scout_msgs/msg/detail/scout_rc_state__functions.c.o[0m
[2.357s] [  9%] [32mBuilding C object CMakeFiles/scout_msgs__rosidl_generator_c.dir/rosidl_generator_c/scout_msgs/msg/detail/scout_status__functions.c.o[0m
[2.359s] [  9%] Built target ament_cmake_python_copy_scout_msgs
[2.362s] [35m[1mConsolidate compiler generated dependencies of target scout_msgs__rosidl_typesupport_cpp[0m
[2.363s] [35m[1mConsolidate compiler generated dependencies of target scout_msgs__rosidl_typesupport_introspection_cpp[0m
[2.373s] [35m[1mConsolidate compiler generated dependencies of target scout_msgs__rosidl_typesupport_fastrtps_cpp[0m
[2.386s] [ 11%] [32mBuilding CXX object CMakeFiles/scout_msgs__rosidl_typesupport_cpp.dir/rosidl_typesupport_cpp/scout_msgs/msg/scout_light_cmd__type_support.cpp.o[0m
[2.386s] [ 12%] [32mBuilding CXX object CMakeFiles/scout_msgs__rosidl_typesupport_cpp.dir/rosidl_typesupport_cpp/scout_msgs/msg/scout_actuator_state__type_support.cpp.o[0m
[2.386s] [ 14%] [32mBuilding CXX object CMakeFiles/scout_msgs__rosidl_typesupport_cpp.dir/rosidl_typesupport_cpp/scout_msgs/msg/scout_light_state__type_support.cpp.o[0m
[2.388s] [ 15%] [32mBuilding CXX object CMakeFiles/scout_msgs__rosidl_typesupport_introspection_cpp.dir/rosidl_typesupport_introspection_cpp/scout_msgs/msg/detail/scout_actuator_state__type_support.cpp.o[0m
[2.388s] [ 17%] [32mBuilding CXX object CMakeFiles/scout_msgs__rosidl_typesupport_cpp.dir/rosidl_typesupport_cpp/scout_msgs/msg/scout_rc_state__type_support.cpp.o[0m
[2.397s] [ 19%] [32mBuilding CXX object CMakeFiles/scout_msgs__rosidl_typesupport_fastrtps_cpp.dir/rosidl_typesupport_fastrtps_cpp/scout_msgs/msg/detail/dds_fastrtps/scout_actuator_state__type_support.cpp.o[0m
[2.427s] [ 22%] [32mBuilding CXX object CMakeFiles/scout_msgs__rosidl_typesupport_cpp.dir/rosidl_typesupport_cpp/scout_msgs/msg/scout_status__type_support.cpp.o[0m
[2.428s] [ 22%] [32mBuilding CXX object CMakeFiles/scout_msgs__rosidl_typesupport_introspection_cpp.dir/rosidl_typesupport_introspection_cpp/scout_msgs/msg/detail/scout_light_cmd__type_support.cpp.o[0m
[2.428s] [ 23%] [32mBuilding CXX object CMakeFiles/scout_msgs__rosidl_typesupport_introspection_cpp.dir/rosidl_typesupport_introspection_cpp/scout_msgs/msg/detail/scout_light_state__type_support.cpp.o[0m
[2.432s] [ 25%] [32mBuilding CXX object CMakeFiles/scout_msgs__rosidl_typesupport_fastrtps_cpp.dir/rosidl_typesupport_fastrtps_cpp/scout_msgs/msg/detail/dds_fastrtps/scout_light_cmd__type_support.cpp.o[0m
[2.448s] [ 26%] [32m[1mLinking C shared library libscout_msgs__rosidl_generator_c.so[0m
[2.502s] [ 28%] Built target scout_msgs__rosidl_generator_c
[2.517s] [ 30%] [32mBuilding CXX object CMakeFiles/scout_msgs__rosidl_typesupport_fastrtps_cpp.dir/rosidl_typesupport_fastrtps_cpp/scout_msgs/msg/detail/dds_fastrtps/scout_light_state__type_support.cpp.o[0m
[2.761s] running egg_info
[2.763s] writing scout_msgs.egg-info/PKG-INFO
[2.763s] writing dependency_links to scout_msgs.egg-info/dependency_links.txt
[2.764s] writing top-level names to scout_msgs.egg-info/top_level.txt
[2.773s] reading manifest file 'scout_msgs.egg-info/SOURCES.txt'
[2.775s] writing manifest file 'scout_msgs.egg-info/SOURCES.txt'
[2.816s] [ 31%] [32mBuilding CXX object CMakeFiles/scout_msgs__rosidl_typesupport_fastrtps_cpp.dir/rosidl_typesupport_fastrtps_cpp/scout_msgs/msg/detail/dds_fastrtps/scout_rc_state__type_support.cpp.o[0m
[2.823s] [35m[1mConsolidate compiler generated dependencies of target scout_msgs__rosidl_typesupport_fastrtps_c[0m
[2.828s] [ 33%] [32mBuilding CXX object CMakeFiles/scout_msgs__rosidl_typesupport_fastrtps_cpp.dir/rosidl_typesupport_fastrtps_cpp/scout_msgs/msg/detail/dds_fastrtps/scout_status__type_support.cpp.o[0m
[2.834s] [35m[1mConsolidate compiler generated dependencies of target scout_msgs__rosidl_typesupport_introspection_c[0m
[2.848s] [ 34%] [32mBuilding CXX object CMakeFiles/scout_msgs__rosidl_typesupport_fastrtps_c.dir/rosidl_typesupport_fastrtps_c/scout_msgs/msg/detail/scout_actuator_state__type_support_c.cpp.o[0m
[2.852s] [ 34%] Built target ament_cmake_python_build_scout_msgs_egg
[2.860s] [ 36%] [32mBuilding C object CMakeFiles/scout_msgs__rosidl_typesupport_introspection_c.dir/rosidl_typesupport_introspection_c/scout_msgs/msg/detail/scout_actuator_state__type_support.c.o[0m
[2.869s] [35m[1mConsolidate compiler generated dependencies of target scout_msgs__rosidl_typesupport_c[0m
[2.870s] [ 38%] [32m[1mLinking CXX shared library libscout_msgs__rosidl_typesupport_cpp.so[0m
[2.888s] [ 39%] [32mBuilding CXX object CMakeFiles/scout_msgs__rosidl_typesupport_c.dir/rosidl_typesupport_c/scout_msgs/msg/scout_actuator_state__type_support.cpp.o[0m
[2.922s] [ 41%] [32mBuilding C object CMakeFiles/scout_msgs__rosidl_typesupport_introspection_c.dir/rosidl_typesupport_introspection_c/scout_msgs/msg/detail/scout_light_cmd__type_support.c.o[0m
[2.939s] [ 42%] [32mBuilding CXX object CMakeFiles/scout_msgs__rosidl_typesupport_c.dir/rosidl_typesupport_c/scout_msgs/msg/scout_light_cmd__type_support.cpp.o[0m
[2.941s] [ 44%] Built target scout_msgs__rosidl_typesupport_cpp
[2.954s] [ 46%] [32mBuilding C object CMakeFiles/scout_msgs__rosidl_typesupport_introspection_c.dir/rosidl_typesupport_introspection_c/scout_msgs/msg/detail/scout_light_state__type_support.c.o[0m
[2.974s] [ 47%] [32mBuilding C object CMakeFiles/scout_msgs__rosidl_typesupport_introspection_c.dir/rosidl_typesupport_introspection_c/scout_msgs/msg/detail/scout_rc_state__type_support.c.o[0m
[2.993s] [ 49%] [32mBuilding CXX object CMakeFiles/scout_msgs__rosidl_typesupport_c.dir/rosidl_typesupport_c/scout_msgs/msg/scout_light_state__type_support.cpp.o[0m
[3.009s] [ 50%] [32mBuilding CXX object CMakeFiles/scout_msgs__rosidl_typesupport_c.dir/rosidl_typesupport_c/scout_msgs/msg/scout_rc_state__type_support.cpp.o[0m
[3.037s] [ 53%] [32mBuilding C object CMakeFiles/scout_msgs__rosidl_typesupport_introspection_c.dir/rosidl_typesupport_introspection_c/scout_msgs/msg/detail/scout_status__type_support.c.o[0m
[3.039s] [ 53%] [32mBuilding CXX object CMakeFiles/scout_msgs__rosidl_typesupport_fastrtps_c.dir/rosidl_typesupport_fastrtps_c/scout_msgs/msg/detail/scout_light_cmd__type_support_c.cpp.o[0m
[3.041s] [ 55%] [32mBuilding CXX object CMakeFiles/scout_msgs__rosidl_typesupport_c.dir/rosidl_typesupport_c/scout_msgs/msg/scout_status__type_support.cpp.o[0m
[3.048s] [ 57%] [32mBuilding CXX object CMakeFiles/scout_msgs__rosidl_typesupport_introspection_cpp.dir/rosidl_typesupport_introspection_cpp/scout_msgs/msg/detail/scout_rc_state__type_support.cpp.o[0m
[3.048s] [ 58%] [32mBuilding CXX object CMakeFiles/scout_msgs__rosidl_typesupport_fastrtps_c.dir/rosidl_typesupport_fastrtps_c/scout_msgs/msg/detail/scout_light_state__type_support_c.cpp.o[0m
[3.070s] [ 60%] [32mBuilding CXX object CMakeFiles/scout_msgs__rosidl_typesupport_introspection_cpp.dir/rosidl_typesupport_introspection_cpp/scout_msgs/msg/detail/scout_status__type_support.cpp.o[0m
[3.079s] [ 61%] [32mBuilding CXX object CMakeFiles/scout_msgs__rosidl_typesupport_fastrtps_c.dir/rosidl_typesupport_fastrtps_c/scout_msgs/msg/detail/scout_rc_state__type_support_c.cpp.o[0m
[3.084s] [ 63%] [32mBuilding CXX object CMakeFiles/scout_msgs__rosidl_typesupport_fastrtps_c.dir/rosidl_typesupport_fastrtps_c/scout_msgs/msg/detail/scout_status__type_support_c.cpp.o[0m
[3.089s] [ 65%] [32m[1mLinking CXX shared library libscout_msgs__rosidl_typesupport_c.so[0m
[3.104s] [ 66%] [32m[1mLinking C shared library libscout_msgs__rosidl_typesupport_introspection_c.so[0m
[3.155s] [ 68%] Built target scout_msgs__rosidl_typesupport_c
[3.156s] [ 69%] Built target scout_msgs__rosidl_typesupport_introspection_c
[3.491s] [ 71%] [32m[1mLinking CXX shared library libscout_msgs__rosidl_typesupport_fastrtps_cpp.so[0m
[3.613s] [ 73%] Built target scout_msgs__rosidl_typesupport_fastrtps_cpp
[3.628s] [ 74%] [32m[1mLinking CXX shared library libscout_msgs__rosidl_typesupport_fastrtps_c.so[0m
[3.688s] [ 76%] [32m[1mLinking CXX shared library libscout_msgs__rosidl_typesupport_introspection_cpp.so[0m
[3.759s] [ 77%] Built target scout_msgs__rosidl_typesupport_fastrtps_c
[3.808s] [ 79%] Built target scout_msgs__rosidl_typesupport_introspection_cpp
[3.841s] [ 79%] Built target scout_msgs
[3.880s] [ 80%] Built target scout_msgs__py
[3.897s] [35m[1mConsolidate compiler generated dependencies of target scout_msgs__rosidl_generator_py[0m
[3.929s] [ 82%] [32mBuilding C object CMakeFiles/scout_msgs__rosidl_generator_py.dir/rosidl_generator_py/scout_msgs/msg/_scout_rc_state_s.c.o[0m
[3.929s] [ 84%] [32mBuilding C object CMakeFiles/scout_msgs__rosidl_generator_py.dir/rosidl_generator_py/scout_msgs/msg/_scout_status_s.c.o[0m
[3.929s] [ 87%] [32mBuilding C object CMakeFiles/scout_msgs__rosidl_generator_py.dir/rosidl_generator_py/scout_msgs/msg/_scout_light_cmd_s.c.o[0m
[3.930s] [ 87%] [32mBuilding C object CMakeFiles/scout_msgs__rosidl_generator_py.dir/rosidl_generator_py/scout_msgs/msg/_scout_actuator_state_s.c.o[0m
[3.930s] [ 88%] [32mBuilding C object CMakeFiles/scout_msgs__rosidl_generator_py.dir/rosidl_generator_py/scout_msgs/msg/_scout_light_state_s.c.o[0m
[4.136s] [ 90%] [32m[1mLinking C shared library rosidl_generator_py/scout_msgs/libscout_msgs__rosidl_generator_py.so[0m
[4.205s] [ 90%] Built target scout_msgs__rosidl_generator_py
[4.220s] [35m[1mConsolidate compiler generated dependencies of target scout_msgs__rosidl_typesupport_introspection_c__pyext[0m
[4.221s] [35m[1mConsolidate compiler generated dependencies of target scout_msgs__rosidl_typesupport_fastrtps_c__pyext[0m
[4.222s] [35m[1mConsolidate compiler generated dependencies of target scout_msgs__rosidl_typesupport_c__pyext[0m
[4.240s] [ 92%] [32mBuilding C object CMakeFiles/scout_msgs__rosidl_typesupport_fastrtps_c__pyext.dir/rosidl_generator_py/scout_msgs/_scout_msgs_s.ep.rosidl_typesupport_fastrtps_c.c.o[0m
[4.240s] [ 93%] [32mBuilding C object CMakeFiles/scout_msgs__rosidl_typesupport_introspection_c__pyext.dir/rosidl_generator_py/scout_msgs/_scout_msgs_s.ep.rosidl_typesupport_introspection_c.c.o[0m
[4.243s] [ 95%] [32mBuilding C object CMakeFiles/scout_msgs__rosidl_typesupport_c__pyext.dir/rosidl_generator_py/scout_msgs/_scout_msgs_s.ep.rosidl_typesupport_c.c.o[0m
[4.403s] [ 96%] [32m[1mLinking C shared library rosidl_generator_py/scout_msgs/scout_msgs_s__rosidl_typesupport_introspection_c.cpython-310-aarch64-linux-gnu.so[0m
[4.403s] [ 98%] [32m[1mLinking C shared library rosidl_generator_py/scout_msgs/scout_msgs_s__rosidl_typesupport_fastrtps_c.cpython-310-aarch64-linux-gnu.so[0m
[4.409s] [100%] [32m[1mLinking C shared library rosidl_generator_py/scout_msgs/scout_msgs_s__rosidl_typesupport_c.cpython-310-aarch64-linux-gnu.so[0m
[4.461s] [100%] Built target scout_msgs__rosidl_typesupport_fastrtps_c__pyext
[4.462s] [100%] Built target scout_msgs__rosidl_typesupport_introspection_c__pyext
[4.463s] [100%] Built target scout_msgs__rosidl_typesupport_c__pyext
[4.485s] Invoked command in '/mnt/nova_ssd/workspaces/scout/build/scout_msgs' returned '0': CMAKE_PREFIX_PATH=/opt/ros/humble /usr/bin/cmake --build /mnt/nova_ssd/workspaces/scout/build/scout_msgs -- -j12 -l12
[4.704s] Invoking command in '/mnt/nova_ssd/workspaces/scout/build/scout_msgs': CMAKE_PREFIX_PATH=/opt/ros/humble /usr/bin/cmake --install /mnt/nova_ssd/workspaces/scout/build/scout_msgs
[4.717s] -- Install configuration: ""
[4.717s] -- Installing: /mnt/nova_ssd/workspaces/scout/install/scout_msgs/share/ament_index/resource_index/rosidl_interfaces/scout_msgs
[4.717s] -- Up-to-date: /mnt/nova_ssd/workspaces/scout/install/scout_msgs/include/scout_msgs/scout_msgs
[4.718s] -- Up-to-date: /mnt/nova_ssd/workspaces/scout/install/scout_msgs/include/scout_msgs/scout_msgs/msg
[4.718s] -- Installing: /mnt/nova_ssd/workspaces/scout/install/scout_msgs/include/scout_msgs/scout_msgs/msg/scout_actuator_state.h
[4.718s] -- Installing: /mnt/nova_ssd/workspaces/scout/install/scout_msgs/include/scout_msgs/scout_msgs/msg/scout_light_cmd.h
[4.718s] -- Up-to-date: /mnt/nova_ssd/workspaces/scout/install/scout_msgs/include/scout_msgs/scout_msgs/msg/detail
[4.718s] -- Installing: /mnt/nova_ssd/workspaces/scout/install/scout_msgs/include/scout_msgs/scout_msgs/msg/detail/scout_actuator_state__type_support.h
[4.719s] -- Installing: /mnt/nova_ssd/workspaces/scout/install/scout_msgs/include/scout_msgs/scout_msgs/msg/detail/scout_actuator_state__functions.h
[4.719s] -- Installing: /mnt/nova_ssd/workspaces/scout/install/scout_msgs/include/scout_msgs/scout_msgs/msg/detail/scout_light_state__struct.h
[4.719s] -- Installing: /mnt/nova_ssd/workspaces/scout/install/scout_msgs/include/scout_msgs/scout_msgs/msg/detail/scout_light_cmd__functions.h
[4.719s] -- Installing: /mnt/nova_ssd/workspaces/scout/install/scout_msgs/include/scout_msgs/scout_msgs/msg/detail/scout_light_state__functions.c
[4.719s] -- Installing: /mnt/nova_ssd/workspaces/scout/install/scout_msgs/include/scout_msgs/scout_msgs/msg/detail/scout_rc_state__functions.c
[4.719s] -- Installing: /mnt/nova_ssd/workspaces/scout/install/scout_msgs/include/scout_msgs/scout_msgs/msg/detail/scout_light_state__functions.h
[4.720s] -- Installing: /mnt/nova_ssd/workspaces/scout/install/scout_msgs/include/scout_msgs/scout_msgs/msg/detail/scout_light_state__type_support.h
[4.720s] -- Installing: /mnt/nova_ssd/workspaces/scout/install/scout_msgs/include/scout_msgs/scout_msgs/msg/detail/scout_rc_state__type_support.h
[4.720s] -- Installing: /mnt/nova_ssd/workspaces/scout/install/scout_msgs/include/scout_msgs/scout_msgs/msg/detail/scout_actuator_state__struct.h
[4.720s] -- Installing: /mnt/nova_ssd/workspaces/scout/install/scout_msgs/include/scout_msgs/scout_msgs/msg/detail/scout_status__type_support.h
[4.720s] -- Installing: /mnt/nova_ssd/workspaces/scout/install/scout_msgs/include/scout_msgs/scout_msgs/msg/detail/scout_light_cmd__functions.c
[4.721s] -- Installing: /mnt/nova_ssd/workspaces/scout/install/scout_msgs/include/scout_msgs/scout_msgs/msg/detail/scout_actuator_state__functions.c
[4.721s] -- Installing: /mnt/nova_ssd/workspaces/scout/install/scout_msgs/include/scout_msgs/scout_msgs/msg/detail/scout_light_cmd__type_support.h
[4.721s] -- Installing: /mnt/nova_ssd/workspaces/scout/install/scout_msgs/include/scout_msgs/scout_msgs/msg/detail/scout_status__struct.h
[4.721s] -- Installing: /mnt/nova_ssd/workspaces/scout/install/scout_msgs/include/scout_msgs/scout_msgs/msg/detail/scout_rc_state__functions.h
[4.722s] -- Installing: /mnt/nova_ssd/workspaces/scout/install/scout_msgs/include/scout_msgs/scout_msgs/msg/detail/scout_status__functions.c
[4.722s] -- Installing: /mnt/nova_ssd/workspaces/scout/install/scout_msgs/include/scout_msgs/scout_msgs/msg/detail/scout_rc_state__struct.h
[4.722s] -- Installing: /mnt/nova_ssd/workspaces/scout/install/scout_msgs/include/scout_msgs/scout_msgs/msg/detail/scout_status__functions.h
[4.722s] -- Installing: /mnt/nova_ssd/workspaces/scout/install/scout_msgs/include/scout_msgs/scout_msgs/msg/detail/scout_light_cmd__struct.h
[4.722s] -- Installing: /mnt/nova_ssd/workspaces/scout/install/scout_msgs/include/scout_msgs/scout_msgs/msg/scout_rc_state.h
[4.723s] -- Installing: /mnt/nova_ssd/workspaces/scout/install/scout_msgs/include/scout_msgs/scout_msgs/msg/scout_status.h
[4.723s] -- Installing: /mnt/nova_ssd/workspaces/scout/install/scout_msgs/include/scout_msgs/scout_msgs/msg/scout_light_state.h
[4.723s] -- Installing: /mnt/nova_ssd/workspaces/scout/install/scout_msgs/include/scout_msgs/scout_msgs/msg/rosidl_generator_c__visibility_control.h
[4.723s] -- Installing: /mnt/nova_ssd/workspaces/scout/install/scout_msgs/share/scout_msgs/environment/library_path.sh
[4.724s] -- Installing: /mnt/nova_ssd/workspaces/scout/install/scout_msgs/share/scout_msgs/environment/library_path.dsv
[4.724s] -- Installing: /mnt/nova_ssd/workspaces/scout/install/scout_msgs/lib/libscout_msgs__rosidl_generator_c.so
[4.725s] -- Set runtime path of "/mnt/nova_ssd/workspaces/scout/install/scout_msgs/lib/libscout_msgs__rosidl_generator_c.so" to ""
[4.725s] -- Up-to-date: /mnt/nova_ssd/workspaces/scout/install/scout_msgs/include/scout_msgs/scout_msgs
[4.725s] -- Up-to-date: /mnt/nova_ssd/workspaces/scout/install/scout_msgs/include/scout_msgs/scout_msgs/msg
[4.726s] -- Up-to-date: /mnt/nova_ssd/workspaces/scout/install/scout_msgs/include/scout_msgs/scout_msgs/msg/detail
[4.726s] -- Installing: /mnt/nova_ssd/workspaces/scout/install/scout_msgs/include/scout_msgs/scout_msgs/msg/detail/scout_rc_state__rosidl_typesupport_fastrtps_c.h
[4.726s] -- Installing: /mnt/nova_ssd/workspaces/scout/install/scout_msgs/include/scout_msgs/scout_msgs/msg/detail/scout_status__rosidl_typesupport_fastrtps_c.h
[4.726s] -- Installing: /mnt/nova_ssd/workspaces/scout/install/scout_msgs/include/scout_msgs/scout_msgs/msg/detail/scout_light_state__rosidl_typesupport_fastrtps_c.h
[4.727s] -- Installing: /mnt/nova_ssd/workspaces/scout/install/scout_msgs/include/scout_msgs/scout_msgs/msg/detail/scout_actuator_state__rosidl_typesupport_fastrtps_c.h
[4.727s] -- Installing: /mnt/nova_ssd/workspaces/scout/install/scout_msgs/include/scout_msgs/scout_msgs/msg/detail/scout_light_cmd__rosidl_typesupport_fastrtps_c.h
[4.727s] -- Installing: /mnt/nova_ssd/workspaces/scout/install/scout_msgs/include/scout_msgs/scout_msgs/msg/rosidl_typesupport_fastrtps_c__visibility_control.h
[4.727s] -- Installing: /mnt/nova_ssd/workspaces/scout/install/scout_msgs/lib/libscout_msgs__rosidl_typesupport_fastrtps_c.so
[4.728s] -- Set runtime path of "/mnt/nova_ssd/workspaces/scout/install/scout_msgs/lib/libscout_msgs__rosidl_typesupport_fastrtps_c.so" to ""
[4.728s] -- Up-to-date: /mnt/nova_ssd/workspaces/scout/install/scout_msgs/include/scout_msgs/scout_msgs
[4.728s] -- Up-to-date: /mnt/nova_ssd/workspaces/scout/install/scout_msgs/include/scout_msgs/scout_msgs/msg
[4.728s] -- Installing: /mnt/nova_ssd/workspaces/scout/install/scout_msgs/include/scout_msgs/scout_msgs/msg/scout_actuator_state.hpp
[4.729s] -- Up-to-date: /mnt/nova_ssd/workspaces/scout/install/scout_msgs/include/scout_msgs/scout_msgs/msg/detail
[4.729s] -- Installing: /mnt/nova_ssd/workspaces/scout/install/scout_msgs/include/scout_msgs/scout_msgs/msg/detail/scout_light_state__struct.hpp
[4.729s] -- Installing: /mnt/nova_ssd/workspaces/scout/install/scout_msgs/include/scout_msgs/scout_msgs/msg/detail/scout_rc_state__traits.hpp
[4.729s] -- Installing: /mnt/nova_ssd/workspaces/scout/install/scout_msgs/include/scout_msgs/scout_msgs/msg/detail/scout_rc_state__struct.hpp
[4.730s] -- Installing: /mnt/nova_ssd/workspaces/scout/install/scout_msgs/include/scout_msgs/scout_msgs/msg/detail/scout_rc_state__builder.hpp
[4.730s] -- Installing: /mnt/nova_ssd/workspaces/scout/install/scout_msgs/include/scout_msgs/scout_msgs/msg/detail/scout_light_cmd__struct.hpp
[4.730s] -- Installing: /mnt/nova_ssd/workspaces/scout/install/scout_msgs/include/scout_msgs/scout_msgs/msg/detail/scout_light_cmd__builder.hpp
[4.730s] -- Installing: /mnt/nova_ssd/workspaces/scout/install/scout_msgs/include/scout_msgs/scout_msgs/msg/detail/scout_status__struct.hpp
[4.731s] -- Installing: /mnt/nova_ssd/workspaces/scout/install/scout_msgs/include/scout_msgs/scout_msgs/msg/detail/scout_light_state__traits.hpp
[4.731s] -- Installing: /mnt/nova_ssd/workspaces/scout/install/scout_msgs/include/scout_msgs/scout_msgs/msg/detail/scout_actuator_state__builder.hpp
[4.731s] -- Installing: /mnt/nova_ssd/workspaces/scout/install/scout_msgs/include/scout_msgs/scout_msgs/msg/detail/scout_light_cmd__traits.hpp
[4.732s] -- Installing: /mnt/nova_ssd/workspaces/scout/install/scout_msgs/include/scout_msgs/scout_msgs/msg/detail/scout_status__builder.hpp
[4.732s] -- Installing: /mnt/nova_ssd/workspaces/scout/install/scout_msgs/include/scout_msgs/scout_msgs/msg/detail/scout_light_state__builder.hpp
[4.732s] -- Installing: /mnt/nova_ssd/workspaces/scout/install/scout_msgs/include/scout_msgs/scout_msgs/msg/detail/scout_status__traits.hpp
[4.732s] -- Installing: /mnt/nova_ssd/workspaces/scout/install/scout_msgs/include/scout_msgs/scout_msgs/msg/detail/scout_actuator_state__traits.hpp
[4.733s] -- Installing: /mnt/nova_ssd/workspaces/scout/install/scout_msgs/include/scout_msgs/scout_msgs/msg/detail/scout_actuator_state__struct.hpp
[4.733s] -- Installing: /mnt/nova_ssd/workspaces/scout/install/scout_msgs/include/scout_msgs/scout_msgs/msg/scout_rc_state.hpp
[4.733s] -- Installing: /mnt/nova_ssd/workspaces/scout/install/scout_msgs/include/scout_msgs/scout_msgs/msg/scout_light_state.hpp
[4.733s] -- Installing: /mnt/nova_ssd/workspaces/scout/install/scout_msgs/include/scout_msgs/scout_msgs/msg/scout_status.hpp
[4.733s] -- Installing: /mnt/nova_ssd/workspaces/scout/install/scout_msgs/include/scout_msgs/scout_msgs/msg/scout_light_cmd.hpp
[4.734s] -- Up-to-date: /mnt/nova_ssd/workspaces/scout/install/scout_msgs/include/scout_msgs/scout_msgs
[4.734s] -- Up-to-date: /mnt/nova_ssd/workspaces/scout/install/scout_msgs/include/scout_msgs/scout_msgs/msg
[4.734s] -- Up-to-date: /mnt/nova_ssd/workspaces/scout/install/scout_msgs/include/scout_msgs/scout_msgs/msg/detail
[4.734s] -- Installing: /mnt/nova_ssd/workspaces/scout/install/scout_msgs/include/scout_msgs/scout_msgs/msg/detail/scout_rc_state__rosidl_typesupport_fastrtps_cpp.hpp
[4.735s] -- Installing: /mnt/nova_ssd/workspaces/scout/install/scout_msgs/include/scout_msgs/scout_msgs/msg/detail/scout_light_cmd__rosidl_typesupport_fastrtps_cpp.hpp
[4.735s] -- Up-to-date: /mnt/nova_ssd/workspaces/scout/install/scout_msgs/include/scout_msgs/scout_msgs/msg/detail/dds_fastrtps
[4.735s] -- Installing: /mnt/nova_ssd/workspaces/scout/install/scout_msgs/include/scout_msgs/scout_msgs/msg/detail/scout_light_state__rosidl_typesupport_fastrtps_cpp.hpp
[4.736s] -- Installing: /mnt/nova_ssd/workspaces/scout/install/scout_msgs/include/scout_msgs/scout_msgs/msg/detail/scout_status__rosidl_typesupport_fastrtps_cpp.hpp
[4.736s] -- Installing: /mnt/nova_ssd/workspaces/scout/install/scout_msgs/include/scout_msgs/scout_msgs/msg/detail/scout_actuator_state__rosidl_typesupport_fastrtps_cpp.hpp
[4.736s] -- Installing: /mnt/nova_ssd/workspaces/scout/install/scout_msgs/include/scout_msgs/scout_msgs/msg/rosidl_typesupport_fastrtps_cpp__visibility_control.h
[4.736s] -- Installing: /mnt/nova_ssd/workspaces/scout/install/scout_msgs/lib/libscout_msgs__rosidl_typesupport_fastrtps_cpp.so
[4.736s] -- Set runtime path of "/mnt/nova_ssd/workspaces/scout/install/scout_msgs/lib/libscout_msgs__rosidl_typesupport_fastrtps_cpp.so" to ""
[4.737s] -- Up-to-date: /mnt/nova_ssd/workspaces/scout/install/scout_msgs/include/scout_msgs/scout_msgs
[4.737s] -- Up-to-date: /mnt/nova_ssd/workspaces/scout/install/scout_msgs/include/scout_msgs/scout_msgs/msg
[4.737s] -- Up-to-date: /mnt/nova_ssd/workspaces/scout/install/scout_msgs/include/scout_msgs/scout_msgs/msg/detail
[4.737s] -- Installing: /mnt/nova_ssd/workspaces/scout/install/scout_msgs/include/scout_msgs/scout_msgs/msg/detail/scout_rc_state__rosidl_typesupport_introspection_c.h
[4.737s] -- Installing: /mnt/nova_ssd/workspaces/scout/install/scout_msgs/include/scout_msgs/scout_msgs/msg/detail/scout_light_cmd__type_support.c
[4.737s] -- Installing: /mnt/nova_ssd/workspaces/scout/install/scout_msgs/include/scout_msgs/scout_msgs/msg/detail/scout_actuator_state__rosidl_typesupport_introspection_c.h
[4.737s] -- Installing: /mnt/nova_ssd/workspaces/scout/install/scout_msgs/include/scout_msgs/scout_msgs/msg/detail/scout_light_cmd__rosidl_typesupport_introspection_c.h
[4.737s] -- Installing: /mnt/nova_ssd/workspaces/scout/install/scout_msgs/include/scout_msgs/scout_msgs/msg/detail/scout_light_state__type_support.c
[4.737s] -- Installing: /mnt/nova_ssd/workspaces/scout/install/scout_msgs/include/scout_msgs/scout_msgs/msg/detail/scout_light_state__rosidl_typesupport_introspection_c.h
[4.738s] -- Installing: /mnt/nova_ssd/workspaces/scout/install/scout_msgs/include/scout_msgs/scout_msgs/msg/detail/scout_status__type_support.c
[4.738s] -- Installing: /mnt/nova_ssd/workspaces/scout/install/scout_msgs/include/scout_msgs/scout_msgs/msg/detail/scout_status__rosidl_typesupport_introspection_c.h
[4.738s] -- Installing: /mnt/nova_ssd/workspaces/scout/install/scout_msgs/include/scout_msgs/scout_msgs/msg/detail/scout_rc_state__type_support.c
[4.738s] -- Installing: /mnt/nova_ssd/workspaces/scout/install/scout_msgs/include/scout_msgs/scout_msgs/msg/detail/scout_actuator_state__type_support.c
[4.738s] -- Installing: /mnt/nova_ssd/workspaces/scout/install/scout_msgs/include/scout_msgs/scout_msgs/msg/rosidl_typesupport_introspection_c__visibility_control.h
[4.738s] -- Installing: /mnt/nova_ssd/workspaces/scout/install/scout_msgs/lib/libscout_msgs__rosidl_typesupport_introspection_c.so
[4.738s] -- Set runtime path of "/mnt/nova_ssd/workspaces/scout/install/scout_msgs/lib/libscout_msgs__rosidl_typesupport_introspection_c.so" to ""
[4.738s] -- Installing: /mnt/nova_ssd/workspaces/scout/install/scout_msgs/lib/libscout_msgs__rosidl_typesupport_c.so
[4.738s] -- Set runtime path of "/mnt/nova_ssd/workspaces/scout/install/scout_msgs/lib/libscout_msgs__rosidl_typesupport_c.so" to ""
[4.738s] -- Up-to-date: /mnt/nova_ssd/workspaces/scout/install/scout_msgs/include/scout_msgs/scout_msgs
[4.739s] -- Up-to-date: /mnt/nova_ssd/workspaces/scout/install/scout_msgs/include/scout_msgs/scout_msgs/msg
[4.739s] -- Up-to-date: /mnt/nova_ssd/workspaces/scout/install/scout_msgs/include/scout_msgs/scout_msgs/msg/detail
[4.739s] -- Installing: /mnt/nova_ssd/workspaces/scout/install/scout_msgs/include/scout_msgs/scout_msgs/msg/detail/scout_light_state__type_support.cpp
[4.740s] -- Installing: /mnt/nova_ssd/workspaces/scout/install/scout_msgs/include/scout_msgs/scout_msgs/msg/detail/scout_actuator_state__type_support.cpp
[4.740s] -- Installing: /mnt/nova_ssd/workspaces/scout/install/scout_msgs/include/scout_msgs/scout_msgs/msg/detail/scout_status__type_support.cpp
[4.740s] -- Installing: /mnt/nova_ssd/workspaces/scout/install/scout_msgs/include/scout_msgs/scout_msgs/msg/detail/scout_status__rosidl_typesupport_introspection_cpp.hpp
[4.740s] -- Installing: /mnt/nova_ssd/workspaces/scout/install/scout_msgs/include/scout_msgs/scout_msgs/msg/detail/scout_rc_state__type_support.cpp
[4.740s] -- Installing: /mnt/nova_ssd/workspaces/scout/install/scout_msgs/include/scout_msgs/scout_msgs/msg/detail/scout_light_cmd__rosidl_typesupport_introspection_cpp.hpp
[4.741s] -- Installing: /mnt/nova_ssd/workspaces/scout/install/scout_msgs/include/scout_msgs/scout_msgs/msg/detail/scout_light_state__rosidl_typesupport_introspection_cpp.hpp
[4.741s] -- Installing: /mnt/nova_ssd/workspaces/scout/install/scout_msgs/include/scout_msgs/scout_msgs/msg/detail/scout_actuator_state__rosidl_typesupport_introspection_cpp.hpp
[4.741s] -- Installing: /mnt/nova_ssd/workspaces/scout/install/scout_msgs/include/scout_msgs/scout_msgs/msg/detail/scout_rc_state__rosidl_typesupport_introspection_cpp.hpp
[4.741s] -- Installing: /mnt/nova_ssd/workspaces/scout/install/scout_msgs/include/scout_msgs/scout_msgs/msg/detail/scout_light_cmd__type_support.cpp
[4.741s] -- Installing: /mnt/nova_ssd/workspaces/scout/install/scout_msgs/lib/libscout_msgs__rosidl_typesupport_introspection_cpp.so
[4.742s] -- Set runtime path of "/mnt/nova_ssd/workspaces/scout/install/scout_msgs/lib/libscout_msgs__rosidl_typesupport_introspection_cpp.so" to ""
[4.742s] -- Installing: /mnt/nova_ssd/workspaces/scout/install/scout_msgs/lib/libscout_msgs__rosidl_typesupport_cpp.so
[4.742s] -- Set runtime path of "/mnt/nova_ssd/workspaces/scout/install/scout_msgs/lib/libscout_msgs__rosidl_typesupport_cpp.so" to ""
[4.742s] -- Installing: /mnt/nova_ssd/workspaces/scout/install/scout_msgs/share/scout_msgs/environment/pythonpath.sh
[4.742s] -- Installing: /mnt/nova_ssd/workspaces/scout/install/scout_msgs/share/scout_msgs/environment/pythonpath.dsv
[4.743s] -- Up-to-date: /mnt/nova_ssd/workspaces/scout/install/scout_msgs/local/lib/python3.10/dist-packages/scout_msgs-0.1.0-py3.10.egg-info
[4.743s] -- Installing: /mnt/nova_ssd/workspaces/scout/install/scout_msgs/local/lib/python3.10/dist-packages/scout_msgs-0.1.0-py3.10.egg-info/PKG-INFO
[4.743s] -- Installing: /mnt/nova_ssd/workspaces/scout/install/scout_msgs/local/lib/python3.10/dist-packages/scout_msgs-0.1.0-py3.10.egg-info/dependency_links.txt
[4.743s] -- Installing: /mnt/nova_ssd/workspaces/scout/install/scout_msgs/local/lib/python3.10/dist-packages/scout_msgs-0.1.0-py3.10.egg-info/SOURCES.txt
[4.744s] -- Installing: /mnt/nova_ssd/workspaces/scout/install/scout_msgs/local/lib/python3.10/dist-packages/scout_msgs-0.1.0-py3.10.egg-info/top_level.txt
[4.744s] -- Up-to-date: /mnt/nova_ssd/workspaces/scout/install/scout_msgs/local/lib/python3.10/dist-packages/scout_msgs
[4.744s] -- Installing: /mnt/nova_ssd/workspaces/scout/install/scout_msgs/local/lib/python3.10/dist-packages/scout_msgs/libscout_msgs__rosidl_generator_py.so
[4.744s] -- Installing: /mnt/nova_ssd/workspaces/scout/install/scout_msgs/local/lib/python3.10/dist-packages/scout_msgs/_scout_msgs_s.ep.rosidl_typesupport_introspection_c.c
[4.744s] -- Installing: /mnt/nova_ssd/workspaces/scout/install/scout_msgs/local/lib/python3.10/dist-packages/scout_msgs/scout_msgs_s__rosidl_typesupport_introspection_c.cpython-310-aarch64-linux-gnu.so
[4.745s] -- Installing: /mnt/nova_ssd/workspaces/scout/install/scout_msgs/local/lib/python3.10/dist-packages/scout_msgs/_scout_msgs_s.ep.rosidl_typesupport_fastrtps_c.c
[4.745s] -- Up-to-date: /mnt/nova_ssd/workspaces/scout/install/scout_msgs/local/lib/python3.10/dist-packages/scout_msgs/msg
[4.745s] -- Installing: /mnt/nova_ssd/workspaces/scout/install/scout_msgs/local/lib/python3.10/dist-packages/scout_msgs/msg/_scout_light_cmd_s.c
[4.745s] -- Installing: /mnt/nova_ssd/workspaces/scout/install/scout_msgs/local/lib/python3.10/dist-packages/scout_msgs/msg/_scout_actuator_state.py
[4.746s] -- Installing: /mnt/nova_ssd/workspaces/scout/install/scout_msgs/local/lib/python3.10/dist-packages/scout_msgs/msg/_scout_light_state.py
[4.746s] -- Installing: /mnt/nova_ssd/workspaces/scout/install/scout_msgs/local/lib/python3.10/dist-packages/scout_msgs/msg/_scout_light_cmd.py
[4.746s] -- Installing: /mnt/nova_ssd/workspaces/scout/install/scout_msgs/local/lib/python3.10/dist-packages/scout_msgs/msg/_scout_light_state_s.c
[4.746s] -- Installing: /mnt/nova_ssd/workspaces/scout/install/scout_msgs/local/lib/python3.10/dist-packages/scout_msgs/msg/_scout_status_s.c
[4.746s] -- Installing: /mnt/nova_ssd/workspaces/scout/install/scout_msgs/local/lib/python3.10/dist-packages/scout_msgs/msg/_scout_actuator_state_s.c
[4.747s] -- Installing: /mnt/nova_ssd/workspaces/scout/install/scout_msgs/local/lib/python3.10/dist-packages/scout_msgs/msg/_scout_rc_state.py
[4.747s] -- Installing: /mnt/nova_ssd/workspaces/scout/install/scout_msgs/local/lib/python3.10/dist-packages/scout_msgs/msg/_scout_status.py
[4.747s] -- Installing: /mnt/nova_ssd/workspaces/scout/install/scout_msgs/local/lib/python3.10/dist-packages/scout_msgs/msg/_scout_rc_state_s.c
[4.747s] -- Installing: /mnt/nova_ssd/workspaces/scout/install/scout_msgs/local/lib/python3.10/dist-packages/scout_msgs/msg/__init__.py
[4.747s] -- Installing: /mnt/nova_ssd/workspaces/scout/install/scout_msgs/local/lib/python3.10/dist-packages/scout_msgs/_scout_msgs_s.ep.rosidl_typesupport_c.c
[4.748s] -- Installing: /mnt/nova_ssd/workspaces/scout/install/scout_msgs/local/lib/python3.10/dist-packages/scout_msgs/scout_msgs_s__rosidl_typesupport_c.cpython-310-aarch64-linux-gnu.so
[4.748s] -- Installing: /mnt/nova_ssd/workspaces/scout/install/scout_msgs/local/lib/python3.10/dist-packages/scout_msgs/scout_msgs_s__rosidl_typesupport_fastrtps_c.cpython-310-aarch64-linux-gnu.so
[4.748s] -- Installing: /mnt/nova_ssd/workspaces/scout/install/scout_msgs/local/lib/python3.10/dist-packages/scout_msgs/__init__.py
[4.816s] Listing '/mnt/nova_ssd/workspaces/scout/install/scout_msgs/local/lib/python3.10/dist-packages/scout_msgs'...
[4.816s] Compiling '/mnt/nova_ssd/workspaces/scout/install/scout_msgs/local/lib/python3.10/dist-packages/scout_msgs/__init__.py'...
[4.816s] Listing '/mnt/nova_ssd/workspaces/scout/install/scout_msgs/local/lib/python3.10/dist-packages/scout_msgs/msg'...
[4.817s] Compiling '/mnt/nova_ssd/workspaces/scout/install/scout_msgs/local/lib/python3.10/dist-packages/scout_msgs/msg/__init__.py'...
[4.817s] Compiling '/mnt/nova_ssd/workspaces/scout/install/scout_msgs/local/lib/python3.10/dist-packages/scout_msgs/msg/_scout_actuator_state.py'...
[4.817s] Compiling '/mnt/nova_ssd/workspaces/scout/install/scout_msgs/local/lib/python3.10/dist-packages/scout_msgs/msg/_scout_light_cmd.py'...
[4.817s] Compiling '/mnt/nova_ssd/workspaces/scout/install/scout_msgs/local/lib/python3.10/dist-packages/scout_msgs/msg/_scout_light_state.py'...
[4.817s] Compiling '/mnt/nova_ssd/workspaces/scout/install/scout_msgs/local/lib/python3.10/dist-packages/scout_msgs/msg/_scout_rc_state.py'...
[4.817s] Compiling '/mnt/nova_ssd/workspaces/scout/install/scout_msgs/local/lib/python3.10/dist-packages/scout_msgs/msg/_scout_status.py'...
[4.825s] -- Installing: /mnt/nova_ssd/workspaces/scout/install/scout_msgs/local/lib/python3.10/dist-packages/scout_msgs/scout_msgs_s__rosidl_typesupport_fastrtps_c.cpython-310-aarch64-linux-gnu.so
[4.825s] -- Set runtime path of "/mnt/nova_ssd/workspaces/scout/install/scout_msgs/local/lib/python3.10/dist-packages/scout_msgs/scout_msgs_s__rosidl_typesupport_fastrtps_c.cpython-310-aarch64-linux-gnu.so" to ""
[4.825s] -- Installing: /mnt/nova_ssd/workspaces/scout/install/scout_msgs/local/lib/python3.10/dist-packages/scout_msgs/scout_msgs_s__rosidl_typesupport_introspection_c.cpython-310-aarch64-linux-gnu.so
[4.826s] -- Set runtime path of "/mnt/nova_ssd/workspaces/scout/install/scout_msgs/local/lib/python3.10/dist-packages/scout_msgs/scout_msgs_s__rosidl_typesupport_introspection_c.cpython-310-aarch64-linux-gnu.so" to ""
[4.826s] -- Installing: /mnt/nova_ssd/workspaces/scout/install/scout_msgs/local/lib/python3.10/dist-packages/scout_msgs/scout_msgs_s__rosidl_typesupport_c.cpython-310-aarch64-linux-gnu.so
[4.826s] -- Set runtime path of "/mnt/nova_ssd/workspaces/scout/install/scout_msgs/local/lib/python3.10/dist-packages/scout_msgs/scout_msgs_s__rosidl_typesupport_c.cpython-310-aarch64-linux-gnu.so" to ""
[4.827s] -- Installing: /mnt/nova_ssd/workspaces/scout/install/scout_msgs/lib/libscout_msgs__rosidl_generator_py.so
[4.827s] -- Set runtime path of "/mnt/nova_ssd/workspaces/scout/install/scout_msgs/lib/libscout_msgs__rosidl_generator_py.so" to ""
[4.827s] -- Installing: /mnt/nova_ssd/workspaces/scout/install/scout_msgs/share/scout_msgs/msg/ScoutActuatorState.idl
[4.828s] -- Installing: /mnt/nova_ssd/workspaces/scout/install/scout_msgs/share/scout_msgs/msg/ScoutLightCmd.idl
[4.828s] -- Installing: /mnt/nova_ssd/workspaces/scout/install/scout_msgs/share/scout_msgs/msg/ScoutLightState.idl
[4.828s] -- Installing: /mnt/nova_ssd/workspaces/scout/install/scout_msgs/share/scout_msgs/msg/ScoutRCState.idl
[4.829s] -- Installing: /mnt/nova_ssd/workspaces/scout/install/scout_msgs/share/scout_msgs/msg/ScoutStatus.idl
[4.829s] -- Installing: /mnt/nova_ssd/workspaces/scout/install/scout_msgs/share/scout_msgs/msg/ScoutActuatorState.msg
[4.829s] -- Installing: /mnt/nova_ssd/workspaces/scout/install/scout_msgs/share/scout_msgs/msg/ScoutLightCmd.msg
[4.830s] -- Installing: /mnt/nova_ssd/workspaces/scout/install/scout_msgs/share/scout_msgs/msg/ScoutLightState.msg
[4.830s] -- Installing: /mnt/nova_ssd/workspaces/scout/install/scout_msgs/share/scout_msgs/msg/ScoutRCState.msg
[4.830s] -- Installing: /mnt/nova_ssd/workspaces/scout/install/scout_msgs/share/scout_msgs/msg/ScoutStatus.msg
[4.830s] -- Installing: /mnt/nova_ssd/workspaces/scout/install/scout_msgs/share/ament_index/resource_index/package_run_dependencies/scout_msgs
[4.831s] -- Installing: /mnt/nova_ssd/workspaces/scout/install/scout_msgs/share/ament_index/resource_index/parent_prefix_path/scout_msgs
[4.831s] -- Installing: /mnt/nova_ssd/workspaces/scout/install/scout_msgs/share/scout_msgs/environment/ament_prefix_path.sh
[4.831s] -- Installing: /mnt/nova_ssd/workspaces/scout/install/scout_msgs/share/scout_msgs/environment/ament_prefix_path.dsv
[4.832s] -- Installing: /mnt/nova_ssd/workspaces/scout/install/scout_msgs/share/scout_msgs/environment/path.sh
[4.832s] -- Installing: /mnt/nova_ssd/workspaces/scout/install/scout_msgs/share/scout_msgs/environment/path.dsv
[4.832s] -- Installing: /mnt/nova_ssd/workspaces/scout/install/scout_msgs/share/scout_msgs/local_setup.bash
[4.833s] -- Installing: /mnt/nova_ssd/workspaces/scout/install/scout_msgs/share/scout_msgs/local_setup.sh
[4.833s] -- Installing: /mnt/nova_ssd/workspaces/scout/install/scout_msgs/share/scout_msgs/local_setup.zsh
[4.833s] -- Installing: /mnt/nova_ssd/workspaces/scout/install/scout_msgs/share/scout_msgs/local_setup.dsv
[4.833s] -- Installing: /mnt/nova_ssd/workspaces/scout/install/scout_msgs/share/scout_msgs/package.dsv
[4.834s] -- Installing: /mnt/nova_ssd/workspaces/scout/install/scout_msgs/share/ament_index/resource_index/packages/scout_msgs
[4.834s] -- Installing: /mnt/nova_ssd/workspaces/scout/install/scout_msgs/share/scout_msgs/cmake/export_scout_msgs__rosidl_generator_cExport.cmake
[4.834s] -- Installing: /mnt/nova_ssd/workspaces/scout/install/scout_msgs/share/scout_msgs/cmake/export_scout_msgs__rosidl_generator_cExport-noconfig.cmake
[4.834s] -- Installing: /mnt/nova_ssd/workspaces/scout/install/scout_msgs/share/scout_msgs/cmake/export_scout_msgs__rosidl_typesupport_fastrtps_cExport.cmake
[4.834s] -- Installing: /mnt/nova_ssd/workspaces/scout/install/scout_msgs/share/scout_msgs/cmake/export_scout_msgs__rosidl_typesupport_fastrtps_cExport-noconfig.cmake
[4.834s] -- Installing: /mnt/nova_ssd/workspaces/scout/install/scout_msgs/share/scout_msgs/cmake/export_scout_msgs__rosidl_generator_cppExport.cmake
[4.834s] -- Installing: /mnt/nova_ssd/workspaces/scout/install/scout_msgs/share/scout_msgs/cmake/export_scout_msgs__rosidl_typesupport_fastrtps_cppExport.cmake
[4.834s] -- Installing: /mnt/nova_ssd/workspaces/scout/install/scout_msgs/share/scout_msgs/cmake/export_scout_msgs__rosidl_typesupport_fastrtps_cppExport-noconfig.cmake
[4.835s] -- Installing: /mnt/nova_ssd/workspaces/scout/install/scout_msgs/share/scout_msgs/cmake/scout_msgs__rosidl_typesupport_introspection_cExport.cmake
[4.835s] -- Installing: /mnt/nova_ssd/workspaces/scout/install/scout_msgs/share/scout_msgs/cmake/scout_msgs__rosidl_typesupport_introspection_cExport-noconfig.cmake
[4.835s] -- Installing: /mnt/nova_ssd/workspaces/scout/install/scout_msgs/share/scout_msgs/cmake/scout_msgs__rosidl_typesupport_cExport.cmake
[4.835s] -- Installing: /mnt/nova_ssd/workspaces/scout/install/scout_msgs/share/scout_msgs/cmake/scout_msgs__rosidl_typesupport_cExport-noconfig.cmake
[4.835s] -- Installing: /mnt/nova_ssd/workspaces/scout/install/scout_msgs/share/scout_msgs/cmake/scout_msgs__rosidl_typesupport_introspection_cppExport.cmake
[4.835s] -- Installing: /mnt/nova_ssd/workspaces/scout/install/scout_msgs/share/scout_msgs/cmake/scout_msgs__rosidl_typesupport_introspection_cppExport-noconfig.cmake
[4.835s] -- Installing: /mnt/nova_ssd/workspaces/scout/install/scout_msgs/share/scout_msgs/cmake/scout_msgs__rosidl_typesupport_cppExport.cmake
[4.835s] -- Installing: /mnt/nova_ssd/workspaces/scout/install/scout_msgs/share/scout_msgs/cmake/scout_msgs__rosidl_typesupport_cppExport-noconfig.cmake
[4.835s] -- Installing: /mnt/nova_ssd/workspaces/scout/install/scout_msgs/share/scout_msgs/cmake/export_scout_msgs__rosidl_generator_pyExport.cmake
[4.836s] -- Installing: /mnt/nova_ssd/workspaces/scout/install/scout_msgs/share/scout_msgs/cmake/export_scout_msgs__rosidl_generator_pyExport-noconfig.cmake
[4.836s] -- Installing: /mnt/nova_ssd/workspaces/scout/install/scout_msgs/share/scout_msgs/cmake/rosidl_cmake-extras.cmake
[4.837s] -- Installing: /mnt/nova_ssd/workspaces/scout/install/scout_msgs/share/scout_msgs/cmake/ament_cmake_export_dependencies-extras.cmake
[4.837s] -- Installing: /mnt/nova_ssd/workspaces/scout/install/scout_msgs/share/scout_msgs/cmake/ament_cmake_export_include_directories-extras.cmake
[4.837s] -- Installing: /mnt/nova_ssd/workspaces/scout/install/scout_msgs/share/scout_msgs/cmake/ament_cmake_export_libraries-extras.cmake
[4.838s] -- Installing: /mnt/nova_ssd/workspaces/scout/install/scout_msgs/share/scout_msgs/cmake/ament_cmake_export_targets-extras.cmake
[4.838s] -- Installing: /mnt/nova_ssd/workspaces/scout/install/scout_msgs/share/scout_msgs/cmake/rosidl_cmake_export_typesupport_targets-extras.cmake
[4.838s] -- Installing: /mnt/nova_ssd/workspaces/scout/install/scout_msgs/share/scout_msgs/cmake/rosidl_cmake_export_typesupport_libraries-extras.cmake
[4.838s] -- Installing: /mnt/nova_ssd/workspaces/scout/install/scout_msgs/share/scout_msgs/cmake/scout_msgsConfig.cmake
[4.838s] -- Installing: /mnt/nova_ssd/workspaces/scout/install/scout_msgs/share/scout_msgs/cmake/scout_msgsConfig-version.cmake
[4.838s] -- Installing: /mnt/nova_ssd/workspaces/scout/install/scout_msgs/share/scout_msgs/package.xml
[4.844s] Invoked command in '/mnt/nova_ssd/workspaces/scout/build/scout_msgs' returned '0': CMAKE_PREFIX_PATH=/opt/ros/humble /usr/bin/cmake --install /mnt/nova_ssd/workspaces/scout/build/scout_msgs
