[1.542s] Invoking command in '/mnt/nova_ssd/workspaces/pcl_ws/src/my_package': PYTHONPATH=/mnt/nova_ssd/workspaces/pcl_ws/build/my_package/prefix_override:/usr/lib/python3/dist-packages/colcon_core/task/python/colcon_distutils_commands:/mnt/nova_ssd/workspaces/pcl_ws/install/my_package/lib/python3.10/site-packages:${PYTHONPATH} /usr/bin/python3 -W ignore:setup.py install is deprecated setup.py egg_info --egg-base ../../build/my_package build --build-base /mnt/nova_ssd/workspaces/pcl_ws/build/my_package/build install --record /mnt/nova_ssd/workspaces/pcl_ws/build/my_package/install.log --single-version-externally-managed install_data
[1.909s] running egg_info
[1.910s] writing ../../build/my_package/my_package.egg-info/PKG-INFO
[1.911s] writing dependency_links to ../../build/my_package/my_package.egg-info/dependency_links.txt
[1.911s] writing entry points to ../../build/my_package/my_package.egg-info/entry_points.txt
[1.911s] writing requirements to ../../build/my_package/my_package.egg-info/requires.txt
[1.912s] writing top-level names to ../../build/my_package/my_package.egg-info/top_level.txt
[1.915s] reading manifest file '../../build/my_package/my_package.egg-info/SOURCES.txt'
[1.916s] writing manifest file '../../build/my_package/my_package.egg-info/SOURCES.txt'
[1.917s] running build
[1.917s] running build_py
[1.917s] running install
[1.918s] running install_lib
[1.920s] running install_data
[1.921s] running install_egg_info
[1.923s] removing '/mnt/nova_ssd/workspaces/pcl_ws/install/my_package/lib/python3.10/site-packages/my_package-0.0.0-py3.10.egg-info' (and everything under it)
[1.924s] Copying ../../build/my_package/my_package.egg-info to /mnt/nova_ssd/workspaces/pcl_ws/install/my_package/lib/python3.10/site-packages/my_package-0.0.0-py3.10.egg-info
[1.926s] running install_scripts
[1.963s] Installing my_node script to /mnt/nova_ssd/workspaces/pcl_ws/install/my_package/lib/my_package
[1.963s] writing list of installed files to '/mnt/nova_ssd/workspaces/pcl_ws/build/my_package/install.log'
[2.035s] Invoked command in '/mnt/nova_ssd/workspaces/pcl_ws/src/my_package' returned '0': PYTHONPATH=/mnt/nova_ssd/workspaces/pcl_ws/build/my_package/prefix_override:/usr/lib/python3/dist-packages/colcon_core/task/python/colcon_distutils_commands:/mnt/nova_ssd/workspaces/pcl_ws/install/my_package/lib/python3.10/site-packages:${PYTHONPATH} /usr/bin/python3 -W ignore:setup.py install is deprecated setup.py egg_info --egg-base ../../build/my_package build --build-base /mnt/nova_ssd/workspaces/pcl_ws/build/my_package/build install --record /mnt/nova_ssd/workspaces/pcl_ws/build/my_package/install.log --single-version-externally-managed install_data
