[0.030s] Invoking command in '/mnt/nova_ssd/workspaces/navigation/build/dwa_main': CMAKE_PREFIX_PATH=/mnt/nova_ssd/workspaces/scout/install/scout_base:/opt/ros/humble:/mnt/nova_ssd/workspaces/scout/install/ugv_sdk:/mnt/nova_ssd/workspaces/scout/install/scout_msgs:/mnt/nova_ssd/workspaces/scout/install/scout_description:/mnt/nova_ssd/workspaces/navigation/install/dwa_main:/mnt/nova_ssd/workspaces/navigation/install/dstar_main:/mnt/nova_ssd/workspaces/navigation/install/costmap_converter:/mnt/nova_ssd/workspaces/navigation/install/costmap_converter_msgs /usr/bin/cmake --build /mnt/nova_ssd/workspaces/navigation/build/dwa_main -- -j12 -l12
[0.196s] [ 50%] [32mBuilding CXX object CMakeFiles/dwa_main.dir/src/dwa_local_planner.cpp.o[0m
[25.574s] [100%] [32m[1mLinking CXX executable dwa_main[0m
[26.943s] [100%] Built target dwa_main
[26.964s] Invoked command in '/mnt/nova_ssd/workspaces/navigation/build/dwa_main' returned '0': CMAKE_PREFIX_PATH=/mnt/nova_ssd/workspaces/scout/install/scout_base:/opt/ros/humble:/mnt/nova_ssd/workspaces/scout/install/ugv_sdk:/mnt/nova_ssd/workspaces/scout/install/scout_msgs:/mnt/nova_ssd/workspaces/scout/install/scout_description:/mnt/nova_ssd/workspaces/navigation/install/dwa_main:/mnt/nova_ssd/workspaces/navigation/install/dstar_main:/mnt/nova_ssd/workspaces/navigation/install/costmap_converter:/mnt/nova_ssd/workspaces/navigation/install/costmap_converter_msgs /usr/bin/cmake --build /mnt/nova_ssd/workspaces/navigation/build/dwa_main -- -j12 -l12
[27.009s] Invoking command in '/mnt/nova_ssd/workspaces/navigation/build/dwa_main': CMAKE_PREFIX_PATH=/mnt/nova_ssd/workspaces/scout/install/scout_base:/opt/ros/humble:/mnt/nova_ssd/workspaces/scout/install/ugv_sdk:/mnt/nova_ssd/workspaces/scout/install/scout_msgs:/mnt/nova_ssd/workspaces/scout/install/scout_description:/mnt/nova_ssd/workspaces/navigation/install/dwa_main:/mnt/nova_ssd/workspaces/navigation/install/dstar_main:/mnt/nova_ssd/workspaces/navigation/install/costmap_converter:/mnt/nova_ssd/workspaces/navigation/install/costmap_converter_msgs /usr/bin/cmake --install /mnt/nova_ssd/workspaces/navigation/build/dwa_main
[27.022s] -- Install configuration: ""
[27.022s] -- Installing: /mnt/nova_ssd/workspaces/navigation/install/dwa_main/lib/dwa_main/dwa_main
[27.037s] -- Set runtime path of "/mnt/nova_ssd/workspaces/navigation/install/dwa_main/lib/dwa_main/dwa_main" to ""
[27.037s] -- Up-to-date: /mnt/nova_ssd/workspaces/navigation/install/dwa_main/share/dwa_main//launch
[27.037s] -- Up-to-date: /mnt/nova_ssd/workspaces/navigation/install/dwa_main/share/dwa_main//launch/dwa_local_planner_launch.py
[27.038s] -- Up-to-date: /mnt/nova_ssd/workspaces/navigation/install/dwa_main/share/dwa_main//config
[27.038s] -- Up-to-date: /mnt/nova_ssd/workspaces/navigation/install/dwa_main/share/dwa_main//config/dwa_local_planner_params.yaml
[27.038s] -- Up-to-date: /mnt/nova_ssd/workspaces/navigation/install/dwa_main/share/ament_index/resource_index/package_run_dependencies/dwa_main
[27.038s] -- Up-to-date: /mnt/nova_ssd/workspaces/navigation/install/dwa_main/share/ament_index/resource_index/parent_prefix_path/dwa_main
[27.038s] -- Up-to-date: /mnt/nova_ssd/workspaces/navigation/install/dwa_main/share/dwa_main/environment/ament_prefix_path.sh
[27.038s] -- Up-to-date: /mnt/nova_ssd/workspaces/navigation/install/dwa_main/share/dwa_main/environment/ament_prefix_path.dsv
[27.038s] -- Up-to-date: /mnt/nova_ssd/workspaces/navigation/install/dwa_main/share/dwa_main/environment/path.sh
[27.039s] -- Up-to-date: /mnt/nova_ssd/workspaces/navigation/install/dwa_main/share/dwa_main/environment/path.dsv
[27.039s] -- Up-to-date: /mnt/nova_ssd/workspaces/navigation/install/dwa_main/share/dwa_main/local_setup.bash
[27.039s] -- Up-to-date: /mnt/nova_ssd/workspaces/navigation/install/dwa_main/share/dwa_main/local_setup.sh
[27.039s] -- Up-to-date: /mnt/nova_ssd/workspaces/navigation/install/dwa_main/share/dwa_main/local_setup.zsh
[27.039s] -- Up-to-date: /mnt/nova_ssd/workspaces/navigation/install/dwa_main/share/dwa_main/local_setup.dsv
[27.039s] -- Installing: /mnt/nova_ssd/workspaces/navigation/install/dwa_main/share/dwa_main/package.dsv
[27.039s] -- Up-to-date: /mnt/nova_ssd/workspaces/navigation/install/dwa_main/share/ament_index/resource_index/packages/dwa_main
[27.039s] -- Up-to-date: /mnt/nova_ssd/workspaces/navigation/install/dwa_main/share/dwa_main/cmake/dwa_mainConfig.cmake
[27.040s] -- Up-to-date: /mnt/nova_ssd/workspaces/navigation/install/dwa_main/share/dwa_main/cmake/dwa_mainConfig-version.cmake
[27.040s] -- Up-to-date: /mnt/nova_ssd/workspaces/navigation/install/dwa_main/share/dwa_main/package.xml
[27.043s] Invoked command in '/mnt/nova_ssd/workspaces/navigation/build/dwa_main' returned '0': CMAKE_PREFIX_PATH=/mnt/nova_ssd/workspaces/scout/install/scout_base:/opt/ros/humble:/mnt/nova_ssd/workspaces/scout/install/ugv_sdk:/mnt/nova_ssd/workspaces/scout/install/scout_msgs:/mnt/nova_ssd/workspaces/scout/install/scout_description:/mnt/nova_ssd/workspaces/navigation/install/dwa_main:/mnt/nova_ssd/workspaces/navigation/install/dstar_main:/mnt/nova_ssd/workspaces/navigation/install/costmap_converter:/mnt/nova_ssd/workspaces/navigation/install/costmap_converter_msgs /usr/bin/cmake --install /mnt/nova_ssd/workspaces/navigation/build/dwa_main
