[0.017s] Invoking command in '/mnt/nova_ssd/workspaces/navigation/build/dwa_main': CMAKE_PREFIX_PATH=${CMAKE_PREFIX_PATH}:/opt/ros/humble /usr/bin/cmake --build /mnt/nova_ssd/workspaces/navigation/build/dwa_main -- -j12 -l12
[0.108s] [ 50%] [32mBuilding CXX object CMakeFiles/dwa_main.dir/src/dwa_local_planner.cpp.o[0m
[26.614s] [100%] [32m[1mLinking CXX executable dwa_main[0m
[28.084s] [100%] Built target dwa_main
[28.103s] Invoked command in '/mnt/nova_ssd/workspaces/navigation/build/dwa_main' returned '0': CMAKE_PREFIX_PATH=${CMAKE_PREFIX_PATH}:/opt/ros/humble /usr/bin/cmake --build /mnt/nova_ssd/workspaces/navigation/build/dwa_main -- -j12 -l12
[28.162s] Invoking command in '/mnt/nova_ssd/workspaces/navigation/build/dwa_main': CMAKE_PREFIX_PATH=${CMAKE_PREFIX_PATH}:/opt/ros/humble /usr/bin/cmake --install /mnt/nova_ssd/workspaces/navigation/build/dwa_main
[28.174s] -- Install configuration: ""
[28.174s] -- Installing: /mnt/nova_ssd/workspaces/navigation/install/dwa_main/lib/dwa_main/dwa_main
[28.189s] -- Set runtime path of "/mnt/nova_ssd/workspaces/navigation/install/dwa_main/lib/dwa_main/dwa_main" to ""
[28.189s] -- Up-to-date: /mnt/nova_ssd/workspaces/navigation/install/dwa_main/share/dwa_main//launch
[28.189s] -- Up-to-date: /mnt/nova_ssd/workspaces/navigation/install/dwa_main/share/dwa_main//launch/dwa_local_planner_launch.py
[28.189s] -- Up-to-date: /mnt/nova_ssd/workspaces/navigation/install/dwa_main/share/dwa_main//config
[28.189s] -- Up-to-date: /mnt/nova_ssd/workspaces/navigation/install/dwa_main/share/dwa_main//config/dwa_local_planner_params.yaml
[28.190s] -- Up-to-date: /mnt/nova_ssd/workspaces/navigation/install/dwa_main/share/ament_index/resource_index/package_run_dependencies/dwa_main
[28.190s] -- Up-to-date: /mnt/nova_ssd/workspaces/navigation/install/dwa_main/share/ament_index/resource_index/parent_prefix_path/dwa_main
[28.190s] -- Up-to-date: /mnt/nova_ssd/workspaces/navigation/install/dwa_main/share/dwa_main/environment/ament_prefix_path.sh
[28.190s] -- Up-to-date: /mnt/nova_ssd/workspaces/navigation/install/dwa_main/share/dwa_main/environment/ament_prefix_path.dsv
[28.190s] -- Up-to-date: /mnt/nova_ssd/workspaces/navigation/install/dwa_main/share/dwa_main/environment/path.sh
[28.190s] -- Up-to-date: /mnt/nova_ssd/workspaces/navigation/install/dwa_main/share/dwa_main/environment/path.dsv
[28.190s] -- Up-to-date: /mnt/nova_ssd/workspaces/navigation/install/dwa_main/share/dwa_main/local_setup.bash
[28.190s] -- Up-to-date: /mnt/nova_ssd/workspaces/navigation/install/dwa_main/share/dwa_main/local_setup.sh
[28.190s] -- Up-to-date: /mnt/nova_ssd/workspaces/navigation/install/dwa_main/share/dwa_main/local_setup.zsh
[28.190s] -- Up-to-date: /mnt/nova_ssd/workspaces/navigation/install/dwa_main/share/dwa_main/local_setup.dsv
[28.191s] -- Installing: /mnt/nova_ssd/workspaces/navigation/install/dwa_main/share/dwa_main/package.dsv
[28.191s] -- Up-to-date: /mnt/nova_ssd/workspaces/navigation/install/dwa_main/share/ament_index/resource_index/packages/dwa_main
[28.191s] -- Up-to-date: /mnt/nova_ssd/workspaces/navigation/install/dwa_main/share/dwa_main/cmake/dwa_mainConfig.cmake
[28.191s] -- Up-to-date: /mnt/nova_ssd/workspaces/navigation/install/dwa_main/share/dwa_main/cmake/dwa_mainConfig-version.cmake
[28.191s] -- Up-to-date: /mnt/nova_ssd/workspaces/navigation/install/dwa_main/share/dwa_main/package.xml
[28.195s] Invoked command in '/mnt/nova_ssd/workspaces/navigation/build/dwa_main' returned '0': CMAKE_PREFIX_PATH=${CMAKE_PREFIX_PATH}:/opt/ros/humble /usr/bin/cmake --install /mnt/nova_ssd/workspaces/navigation/build/dwa_main
