[0.164s] DEBUG:colcon:Command line arguments: ['/usr/bin/colcon', 'build']
[0.164s] DEBUG:colcon:Parsed command line arguments: Namespace(log_base=None, log_level=None, verb_name='build', build_base='build', install_base='install', merge_install=False, symlink_install=False, test_result_base=None, continue_on_error=False, executor='parallel', parallel_workers=12, event_handlers=None, ignore_user_meta=False, metas=['./colcon.meta'], base_paths=['.'], packages_ignore=None, packages_ignore_regex=None, paths=None, packages_up_to=None, packages_up_to_regex=None, packages_above=None, packages_above_and_dependencies=None, packages_above_depth=None, packages_select_by_dep=None, packages_skip_by_dep=None, packages_skip_up_to=None, packages_select_build_failed=False, packages_skip_build_finished=False, packages_select_test_failures=False, packages_skip_test_passed=False, packages_select=None, packages_skip=None, packages_select_regex=None, packages_skip_regex=None, packages_start=None, packages_end=None, allow_overriding=[], cmake_args=None, cmake_target=None, cmake_target_skip_unavailable=False, cmake_clean_cache=False, cmake_clean_first=False, cmake_force_configure=False, ament_cmake_args=None, catkin_cmake_args=None, catkin_skip_building_tests=False, mixin_files=None, mixin=None, verb_parser=<colcon_mixin.mixin.mixin_argument.MixinArgumentDecorator object at 0xffffb27154b0>, verb_extension=<colcon_core.verb.build.BuildVerb object at 0xffffb2714f70>, main=<bound method BuildVerb.main of <colcon_core.verb.build.BuildVerb object at 0xffffb2714f70>>, mixin_verb=('build',))
[0.411s] Level 1:colcon.colcon_core.package_discovery:discover_packages(colcon_meta) check parameters
[0.412s] Level 1:colcon.colcon_core.package_discovery:discover_packages(recursive) check parameters
[0.412s] Level 1:colcon.colcon_core.package_discovery:discover_packages(ignore) check parameters
[0.412s] Level 1:colcon.colcon_core.package_discovery:discover_packages(path) check parameters
[0.412s] Level 1:colcon.colcon_core.package_discovery:discover_packages(colcon_meta) discover
[0.412s] Level 1:colcon.colcon_core.package_discovery:discover_packages(recursive) discover
[0.412s] INFO:colcon.colcon_core.package_discovery:Crawling recursively for packages in '/mnt/nova_ssd/workspaces/scout'
[0.412s] Level 1:colcon.colcon_core.package_identification:_identify(.) by extensions ['ignore', 'ignore_ament_install']
[0.412s] Level 1:colcon.colcon_core.package_identification:_identify(.) by extension 'ignore'
[0.412s] Level 1:colcon.colcon_core.package_identification:_identify(.) by extension 'ignore_ament_install'
[0.413s] Level 1:colcon.colcon_core.package_identification:_identify(.) by extensions ['colcon_pkg']
[0.413s] Level 1:colcon.colcon_core.package_identification:_identify(.) by extension 'colcon_pkg'
[0.413s] Level 1:colcon.colcon_core.package_identification:_identify(.) by extensions ['colcon_meta']
[0.413s] Level 1:colcon.colcon_core.package_identification:_identify(.) by extension 'colcon_meta'
[0.413s] Level 1:colcon.colcon_core.package_identification:_identify(.) by extensions ['ros']
[0.413s] Level 1:colcon.colcon_core.package_identification:_identify(.) by extension 'ros'
[0.429s] Level 1:colcon.colcon_core.package_identification:_identify(.) by extensions ['cmake', 'python']
[0.429s] Level 1:colcon.colcon_core.package_identification:_identify(.) by extension 'cmake'
[0.429s] Level 1:colcon.colcon_core.package_identification:_identify(.) by extension 'python'
[0.429s] Level 1:colcon.colcon_core.package_identification:_identify(.) by extensions ['python_setup_py']
[0.429s] Level 1:colcon.colcon_core.package_identification:_identify(.) by extension 'python_setup_py'
[0.429s] Level 1:colcon.colcon_core.package_identification:_identify(build) by extensions ['ignore', 'ignore_ament_install']
[0.429s] Level 1:colcon.colcon_core.package_identification:_identify(build) by extension 'ignore'
[0.429s] Level 1:colcon.colcon_core.package_identification:_identify(build) ignored
[0.430s] Level 1:colcon.colcon_core.package_identification:_identify(install) by extensions ['ignore', 'ignore_ament_install']
[0.430s] Level 1:colcon.colcon_core.package_identification:_identify(install) by extension 'ignore'
[0.430s] Level 1:colcon.colcon_core.package_identification:_identify(install) ignored
[0.430s] Level 1:colcon.colcon_core.package_identification:_identify(log) by extensions ['ignore', 'ignore_ament_install']
[0.430s] Level 1:colcon.colcon_core.package_identification:_identify(log) by extension 'ignore'
[0.430s] Level 1:colcon.colcon_core.package_identification:_identify(log) ignored
[0.430s] Level 1:colcon.colcon_core.package_identification:_identify(src) by extensions ['ignore', 'ignore_ament_install']
[0.431s] Level 1:colcon.colcon_core.package_identification:_identify(src) by extension 'ignore'
[0.431s] Level 1:colcon.colcon_core.package_identification:_identify(src) by extension 'ignore_ament_install'
[0.431s] Level 1:colcon.colcon_core.package_identification:_identify(src) by extensions ['colcon_pkg']
[0.431s] Level 1:colcon.colcon_core.package_identification:_identify(src) by extension 'colcon_pkg'
[0.431s] Level 1:colcon.colcon_core.package_identification:_identify(src) by extensions ['colcon_meta']
[0.431s] Level 1:colcon.colcon_core.package_identification:_identify(src) by extension 'colcon_meta'
[0.431s] Level 1:colcon.colcon_core.package_identification:_identify(src) by extensions ['ros']
[0.431s] Level 1:colcon.colcon_core.package_identification:_identify(src) by extension 'ros'
[0.431s] Level 1:colcon.colcon_core.package_identification:_identify(src) by extensions ['cmake', 'python']
[0.431s] Level 1:colcon.colcon_core.package_identification:_identify(src) by extension 'cmake'
[0.431s] Level 1:colcon.colcon_core.package_identification:_identify(src) by extension 'python'
[0.431s] Level 1:colcon.colcon_core.package_identification:_identify(src) by extensions ['python_setup_py']
[0.431s] Level 1:colcon.colcon_core.package_identification:_identify(src) by extension 'python_setup_py'
[0.432s] Level 1:colcon.colcon_core.package_identification:_identify(src/scout_ros2) by extensions ['ignore', 'ignore_ament_install']
[0.432s] Level 1:colcon.colcon_core.package_identification:_identify(src/scout_ros2) by extension 'ignore'
[0.432s] Level 1:colcon.colcon_core.package_identification:_identify(src/scout_ros2) by extension 'ignore_ament_install'
[0.432s] Level 1:colcon.colcon_core.package_identification:_identify(src/scout_ros2) by extensions ['colcon_pkg']
[0.432s] Level 1:colcon.colcon_core.package_identification:_identify(src/scout_ros2) by extension 'colcon_pkg'
[0.432s] Level 1:colcon.colcon_core.package_identification:_identify(src/scout_ros2) by extensions ['colcon_meta']
[0.432s] Level 1:colcon.colcon_core.package_identification:_identify(src/scout_ros2) by extension 'colcon_meta'
[0.432s] Level 1:colcon.colcon_core.package_identification:_identify(src/scout_ros2) by extensions ['ros']
[0.432s] Level 1:colcon.colcon_core.package_identification:_identify(src/scout_ros2) by extension 'ros'
[0.432s] Level 1:colcon.colcon_core.package_identification:_identify(src/scout_ros2) by extensions ['cmake', 'python']
[0.432s] Level 1:colcon.colcon_core.package_identification:_identify(src/scout_ros2) by extension 'cmake'
[0.432s] Level 1:colcon.colcon_core.package_identification:_identify(src/scout_ros2) by extension 'python'
[0.432s] Level 1:colcon.colcon_core.package_identification:_identify(src/scout_ros2) by extensions ['python_setup_py']
[0.432s] Level 1:colcon.colcon_core.package_identification:_identify(src/scout_ros2) by extension 'python_setup_py'
[0.433s] Level 1:colcon.colcon_core.package_identification:_identify(src/scout_ros2/scout_base) by extensions ['ignore', 'ignore_ament_install']
[0.433s] Level 1:colcon.colcon_core.package_identification:_identify(src/scout_ros2/scout_base) by extension 'ignore'
[0.433s] Level 1:colcon.colcon_core.package_identification:_identify(src/scout_ros2/scout_base) by extension 'ignore_ament_install'
[0.433s] Level 1:colcon.colcon_core.package_identification:_identify(src/scout_ros2/scout_base) by extensions ['colcon_pkg']
[0.433s] Level 1:colcon.colcon_core.package_identification:_identify(src/scout_ros2/scout_base) by extension 'colcon_pkg'
[0.433s] Level 1:colcon.colcon_core.package_identification:_identify(src/scout_ros2/scout_base) by extensions ['colcon_meta']
[0.433s] Level 1:colcon.colcon_core.package_identification:_identify(src/scout_ros2/scout_base) by extension 'colcon_meta'
[0.433s] Level 1:colcon.colcon_core.package_identification:_identify(src/scout_ros2/scout_base) by extensions ['ros']
[0.433s] Level 1:colcon.colcon_core.package_identification:_identify(src/scout_ros2/scout_base) by extension 'ros'
[0.438s] DEBUG:colcon.colcon_core.package_identification:Package 'src/scout_ros2/scout_base' with type 'ros.ament_cmake' and name 'scout_base'
[0.438s] Level 1:colcon.colcon_core.package_identification:_identify(src/scout_ros2/scout_description) by extensions ['ignore', 'ignore_ament_install']
[0.438s] Level 1:colcon.colcon_core.package_identification:_identify(src/scout_ros2/scout_description) by extension 'ignore'
[0.438s] Level 1:colcon.colcon_core.package_identification:_identify(src/scout_ros2/scout_description) by extension 'ignore_ament_install'
[0.438s] Level 1:colcon.colcon_core.package_identification:_identify(src/scout_ros2/scout_description) by extensions ['colcon_pkg']
[0.438s] Level 1:colcon.colcon_core.package_identification:_identify(src/scout_ros2/scout_description) by extension 'colcon_pkg'
[0.438s] Level 1:colcon.colcon_core.package_identification:_identify(src/scout_ros2/scout_description) by extensions ['colcon_meta']
[0.438s] Level 1:colcon.colcon_core.package_identification:_identify(src/scout_ros2/scout_description) by extension 'colcon_meta'
[0.438s] Level 1:colcon.colcon_core.package_identification:_identify(src/scout_ros2/scout_description) by extensions ['ros']
[0.438s] Level 1:colcon.colcon_core.package_identification:_identify(src/scout_ros2/scout_description) by extension 'ros'
[0.439s] DEBUG:colcon.colcon_core.package_identification:Package 'src/scout_ros2/scout_description' with type 'ros.ament_cmake' and name 'scout_description'
[0.439s] Level 1:colcon.colcon_core.package_identification:_identify(src/scout_ros2/scout_msgs) by extensions ['ignore', 'ignore_ament_install']
[0.439s] Level 1:colcon.colcon_core.package_identification:_identify(src/scout_ros2/scout_msgs) by extension 'ignore'
[0.439s] Level 1:colcon.colcon_core.package_identification:_identify(src/scout_ros2/scout_msgs) by extension 'ignore_ament_install'
[0.439s] Level 1:colcon.colcon_core.package_identification:_identify(src/scout_ros2/scout_msgs) by extensions ['colcon_pkg']
[0.439s] Level 1:colcon.colcon_core.package_identification:_identify(src/scout_ros2/scout_msgs) by extension 'colcon_pkg'
[0.440s] Level 1:colcon.colcon_core.package_identification:_identify(src/scout_ros2/scout_msgs) by extensions ['colcon_meta']
[0.440s] Level 1:colcon.colcon_core.package_identification:_identify(src/scout_ros2/scout_msgs) by extension 'colcon_meta'
[0.440s] Level 1:colcon.colcon_core.package_identification:_identify(src/scout_ros2/scout_msgs) by extensions ['ros']
[0.440s] Level 1:colcon.colcon_core.package_identification:_identify(src/scout_ros2/scout_msgs) by extension 'ros'
[0.441s] DEBUG:colcon.colcon_core.package_identification:Package 'src/scout_ros2/scout_msgs' with type 'ros.ament_cmake' and name 'scout_msgs'
[0.441s] Level 1:colcon.colcon_core.package_identification:_identify(src/ugv_sdk) by extensions ['ignore', 'ignore_ament_install']
[0.441s] Level 1:colcon.colcon_core.package_identification:_identify(src/ugv_sdk) by extension 'ignore'
[0.441s] Level 1:colcon.colcon_core.package_identification:_identify(src/ugv_sdk) by extension 'ignore_ament_install'
[0.441s] Level 1:colcon.colcon_core.package_identification:_identify(src/ugv_sdk) by extensions ['colcon_pkg']
[0.441s] Level 1:colcon.colcon_core.package_identification:_identify(src/ugv_sdk) by extension 'colcon_pkg'
[0.441s] Level 1:colcon.colcon_core.package_identification:_identify(src/ugv_sdk) by extensions ['colcon_meta']
[0.442s] Level 1:colcon.colcon_core.package_identification:_identify(src/ugv_sdk) by extension 'colcon_meta'
[0.442s] Level 1:colcon.colcon_core.package_identification:_identify(src/ugv_sdk) by extensions ['ros']
[0.442s] Level 1:colcon.colcon_core.package_identification:_identify(src/ugv_sdk) by extension 'ros'
[0.442s] DEBUG:colcon.colcon_core.package_identification:Package 'src/ugv_sdk' with type 'ros.catkin' and name 'ugv_sdk'
[0.442s] Level 1:colcon.colcon_core.package_discovery:discover_packages(recursive) using defaults
[0.442s] Level 1:colcon.colcon_core.package_discovery:discover_packages(ignore) discover
[0.442s] Level 1:colcon.colcon_core.package_discovery:discover_packages(ignore) using defaults
[0.442s] Level 1:colcon.colcon_core.package_discovery:discover_packages(path) discover
[0.442s] Level 1:colcon.colcon_core.package_discovery:discover_packages(path) using defaults
[0.493s] Level 1:colcon.colcon_core.package_discovery:discover_packages(prefix_path) check parameters
[0.493s] Level 1:colcon.colcon_core.package_discovery:discover_packages(prefix_path) discover
[0.497s] DEBUG:colcon.colcon_installed_package_information.package_discovery:Found 308 installed packages in /opt/ros/humble
[0.499s] Level 1:colcon.colcon_core.package_discovery:discover_packages(prefix_path) using defaults
[0.557s] Level 5:colcon.colcon_core.verb:set package 'scout_description' build argument 'cmake_args' from command line to 'None'
[0.557s] Level 5:colcon.colcon_core.verb:set package 'scout_description' build argument 'cmake_target' from command line to 'None'
[0.557s] Level 5:colcon.colcon_core.verb:set package 'scout_description' build argument 'cmake_target_skip_unavailable' from command line to 'False'
[0.557s] Level 5:colcon.colcon_core.verb:set package 'scout_description' build argument 'cmake_clean_cache' from command line to 'False'
[0.557s] Level 5:colcon.colcon_core.verb:set package 'scout_description' build argument 'cmake_clean_first' from command line to 'False'
[0.557s] Level 5:colcon.colcon_core.verb:set package 'scout_description' build argument 'cmake_force_configure' from command line to 'False'
[0.557s] Level 5:colcon.colcon_core.verb:set package 'scout_description' build argument 'ament_cmake_args' from command line to 'None'
[0.557s] Level 5:colcon.colcon_core.verb:set package 'scout_description' build argument 'catkin_cmake_args' from command line to 'None'
[0.557s] Level 5:colcon.colcon_core.verb:set package 'scout_description' build argument 'catkin_skip_building_tests' from command line to 'False'
[0.557s] DEBUG:colcon.colcon_core.verb:Building package 'scout_description' with the following arguments: {'ament_cmake_args': None, 'build_base': '/mnt/nova_ssd/workspaces/scout/build/scout_description', 'catkin_cmake_args': None, 'catkin_skip_building_tests': False, 'cmake_args': None, 'cmake_clean_cache': False, 'cmake_clean_first': False, 'cmake_force_configure': False, 'cmake_target': None, 'cmake_target_skip_unavailable': False, 'install_base': '/mnt/nova_ssd/workspaces/scout/install/scout_description', 'merge_install': False, 'path': '/mnt/nova_ssd/workspaces/scout/src/scout_ros2/scout_description', 'symlink_install': False, 'test_result_base': None}
[0.558s] Level 5:colcon.colcon_core.verb:set package 'scout_msgs' build argument 'cmake_args' from command line to 'None'
[0.558s] Level 5:colcon.colcon_core.verb:set package 'scout_msgs' build argument 'cmake_target' from command line to 'None'
[0.558s] Level 5:colcon.colcon_core.verb:set package 'scout_msgs' build argument 'cmake_target_skip_unavailable' from command line to 'False'
[0.558s] Level 5:colcon.colcon_core.verb:set package 'scout_msgs' build argument 'cmake_clean_cache' from command line to 'False'
[0.558s] Level 5:colcon.colcon_core.verb:set package 'scout_msgs' build argument 'cmake_clean_first' from command line to 'False'
[0.558s] Level 5:colcon.colcon_core.verb:set package 'scout_msgs' build argument 'cmake_force_configure' from command line to 'False'
[0.558s] Level 5:colcon.colcon_core.verb:set package 'scout_msgs' build argument 'ament_cmake_args' from command line to 'None'
[0.558s] Level 5:colcon.colcon_core.verb:set package 'scout_msgs' build argument 'catkin_cmake_args' from command line to 'None'
[0.558s] Level 5:colcon.colcon_core.verb:set package 'scout_msgs' build argument 'catkin_skip_building_tests' from command line to 'False'
[0.558s] DEBUG:colcon.colcon_core.verb:Building package 'scout_msgs' with the following arguments: {'ament_cmake_args': None, 'build_base': '/mnt/nova_ssd/workspaces/scout/build/scout_msgs', 'catkin_cmake_args': None, 'catkin_skip_building_tests': False, 'cmake_args': None, 'cmake_clean_cache': False, 'cmake_clean_first': False, 'cmake_force_configure': False, 'cmake_target': None, 'cmake_target_skip_unavailable': False, 'install_base': '/mnt/nova_ssd/workspaces/scout/install/scout_msgs', 'merge_install': False, 'path': '/mnt/nova_ssd/workspaces/scout/src/scout_ros2/scout_msgs', 'symlink_install': False, 'test_result_base': None}
[0.559s] Level 5:colcon.colcon_core.verb:set package 'ugv_sdk' build argument 'cmake_args' from command line to 'None'
[0.559s] Level 5:colcon.colcon_core.verb:set package 'ugv_sdk' build argument 'cmake_target' from command line to 'None'
[0.559s] Level 5:colcon.colcon_core.verb:set package 'ugv_sdk' build argument 'cmake_target_skip_unavailable' from command line to 'False'
[0.559s] Level 5:colcon.colcon_core.verb:set package 'ugv_sdk' build argument 'cmake_clean_cache' from command line to 'False'
[0.559s] Level 5:colcon.colcon_core.verb:set package 'ugv_sdk' build argument 'cmake_clean_first' from command line to 'False'
[0.559s] Level 5:colcon.colcon_core.verb:set package 'ugv_sdk' build argument 'cmake_force_configure' from command line to 'False'
[0.559s] Level 5:colcon.colcon_core.verb:set package 'ugv_sdk' build argument 'ament_cmake_args' from command line to 'None'
[0.559s] Level 5:colcon.colcon_core.verb:set package 'ugv_sdk' build argument 'catkin_cmake_args' from command line to 'None'
[0.559s] Level 5:colcon.colcon_core.verb:set package 'ugv_sdk' build argument 'catkin_skip_building_tests' from command line to 'False'
[0.559s] DEBUG:colcon.colcon_core.verb:Building package 'ugv_sdk' with the following arguments: {'ament_cmake_args': None, 'build_base': '/mnt/nova_ssd/workspaces/scout/build/ugv_sdk', 'catkin_cmake_args': None, 'catkin_skip_building_tests': False, 'cmake_args': None, 'cmake_clean_cache': False, 'cmake_clean_first': False, 'cmake_force_configure': False, 'cmake_target': None, 'cmake_target_skip_unavailable': False, 'install_base': '/mnt/nova_ssd/workspaces/scout/install/ugv_sdk', 'merge_install': False, 'path': '/mnt/nova_ssd/workspaces/scout/src/ugv_sdk', 'symlink_install': False, 'test_result_base': None}
[0.559s] Level 5:colcon.colcon_core.verb:set package 'scout_base' build argument 'cmake_args' from command line to 'None'
[0.559s] Level 5:colcon.colcon_core.verb:set package 'scout_base' build argument 'cmake_target' from command line to 'None'
[0.559s] Level 5:colcon.colcon_core.verb:set package 'scout_base' build argument 'cmake_target_skip_unavailable' from command line to 'False'
[0.560s] Level 5:colcon.colcon_core.verb:set package 'scout_base' build argument 'cmake_clean_cache' from command line to 'False'
[0.560s] Level 5:colcon.colcon_core.verb:set package 'scout_base' build argument 'cmake_clean_first' from command line to 'False'
[0.560s] Level 5:colcon.colcon_core.verb:set package 'scout_base' build argument 'cmake_force_configure' from command line to 'False'
[0.560s] Level 5:colcon.colcon_core.verb:set package 'scout_base' build argument 'ament_cmake_args' from command line to 'None'
[0.560s] Level 5:colcon.colcon_core.verb:set package 'scout_base' build argument 'catkin_cmake_args' from command line to 'None'
[0.560s] Level 5:colcon.colcon_core.verb:set package 'scout_base' build argument 'catkin_skip_building_tests' from command line to 'False'
[0.560s] DEBUG:colcon.colcon_core.verb:Building package 'scout_base' with the following arguments: {'ament_cmake_args': None, 'build_base': '/mnt/nova_ssd/workspaces/scout/build/scout_base', 'catkin_cmake_args': None, 'catkin_skip_building_tests': False, 'cmake_args': None, 'cmake_clean_cache': False, 'cmake_clean_first': False, 'cmake_force_configure': False, 'cmake_target': None, 'cmake_target_skip_unavailable': False, 'install_base': '/mnt/nova_ssd/workspaces/scout/install/scout_base', 'merge_install': False, 'path': '/mnt/nova_ssd/workspaces/scout/src/scout_ros2/scout_base', 'symlink_install': False, 'test_result_base': None}
[0.560s] INFO:colcon.colcon_core.executor:Executing jobs using 'parallel' executor
[0.562s] DEBUG:colcon.colcon_parallel_executor.executor.parallel:run_until_complete
[0.562s] INFO:colcon.colcon_ros.task.ament_cmake.build:Building ROS package in '/mnt/nova_ssd/workspaces/scout/src/scout_ros2/scout_msgs' with build type 'ament_cmake'
[0.562s] INFO:colcon.colcon_cmake.task.cmake.build:Building CMake package in '/mnt/nova_ssd/workspaces/scout/src/scout_ros2/scout_msgs'
[0.566s] INFO:colcon.colcon_core.plugin_system:Skipping extension 'colcon_core.shell.bat': Not used on non-Windows systems
[0.566s] INFO:colcon.colcon_core.shell:Skip shell extension 'powershell' for command environment: Not usable outside of PowerShell
[0.566s] DEBUG:colcon.colcon_core.shell:Skip shell extension 'dsv' for command environment
[0.571s] INFO:colcon.colcon_ros.task.catkin.build:Building ROS package in '/mnt/nova_ssd/workspaces/scout/src/ugv_sdk' with build type 'catkin'
[0.571s] INFO:colcon.colcon_cmake.task.cmake.build:Building CMake package in '/mnt/nova_ssd/workspaces/scout/src/ugv_sdk'
[0.571s] INFO:colcon.colcon_core.shell:Skip shell extension 'powershell' for command environment: Not usable outside of PowerShell
[0.571s] DEBUG:colcon.colcon_core.shell:Skip shell extension 'dsv' for command environment
[0.575s] INFO:colcon.colcon_ros.task.ament_cmake.build:Building ROS package in '/mnt/nova_ssd/workspaces/scout/src/scout_ros2/scout_description' with build type 'ament_cmake'
[0.575s] INFO:colcon.colcon_cmake.task.cmake.build:Building CMake package in '/mnt/nova_ssd/workspaces/scout/src/scout_ros2/scout_description'
[0.576s] INFO:colcon.colcon_core.shell:Skip shell extension 'powershell' for command environment: Not usable outside of PowerShell
[0.576s] DEBUG:colcon.colcon_core.shell:Skip shell extension 'dsv' for command environment
[0.587s] DEBUG:colcon.colcon_core.event_handler.log_command:Invoking command in '/mnt/nova_ssd/workspaces/scout/build/scout_msgs': CMAKE_PREFIX_PATH=/opt/ros/humble /usr/bin/cmake --build /mnt/nova_ssd/workspaces/scout/build/scout_msgs -- -j12 -l12
[0.592s] DEBUG:colcon.colcon_core.event_handler.log_command:Invoking command in '/mnt/nova_ssd/workspaces/scout/build/ugv_sdk': /usr/bin/cmake --build /mnt/nova_ssd/workspaces/scout/build/ugv_sdk -- -j12 -l12
[0.598s] DEBUG:colcon.colcon_core.event_handler.log_command:Invoking command in '/mnt/nova_ssd/workspaces/scout/build/scout_description': CMAKE_PREFIX_PATH=/opt/ros/humble /usr/bin/cmake --build /mnt/nova_ssd/workspaces/scout/build/scout_description -- -j12 -l12
[0.646s] DEBUG:colcon.colcon_core.event_handler.log_command:Invoked command in '/mnt/nova_ssd/workspaces/scout/build/scout_description' returned '0': CMAKE_PREFIX_PATH=/opt/ros/humble /usr/bin/cmake --build /mnt/nova_ssd/workspaces/scout/build/scout_description -- -j12 -l12
[0.684s] DEBUG:colcon.colcon_core.event_handler.log_command:Invoking command in '/mnt/nova_ssd/workspaces/scout/build/scout_description': CMAKE_PREFIX_PATH=/opt/ros/humble /usr/bin/cmake --install /mnt/nova_ssd/workspaces/scout/build/scout_description
[0.703s] Level 1:colcon.colcon_core.environment:create_environment_scripts_only(scout_description)
[0.704s] DEBUG:colcon.colcon_core.event_handler.log_command:Invoked command in '/mnt/nova_ssd/workspaces/scout/build/scout_description' returned '0': CMAKE_PREFIX_PATH=/opt/ros/humble /usr/bin/cmake --install /mnt/nova_ssd/workspaces/scout/build/scout_description
[0.707s] Level 1:colcon.colcon_core.environment:checking '/mnt/nova_ssd/workspaces/scout/install/scout_description' for CMake module files
[0.708s] Level 1:colcon.colcon_core.environment:checking '/mnt/nova_ssd/workspaces/scout/install/scout_description' for CMake config files
[0.709s] Level 1:colcon.colcon_core.shell:create_environment_hook('scout_description', 'cmake_prefix_path')
[0.709s] INFO:colcon.colcon_core.shell:Creating environment hook '/mnt/nova_ssd/workspaces/scout/install/scout_description/share/scout_description/hook/cmake_prefix_path.ps1'
[0.710s] INFO:colcon.colcon_core.shell:Creating environment descriptor '/mnt/nova_ssd/workspaces/scout/install/scout_description/share/scout_description/hook/cmake_prefix_path.dsv'
[0.711s] INFO:colcon.colcon_core.shell:Creating environment hook '/mnt/nova_ssd/workspaces/scout/install/scout_description/share/scout_description/hook/cmake_prefix_path.sh'
[0.713s] Level 1:colcon.colcon_core.environment:checking '/mnt/nova_ssd/workspaces/scout/install/scout_description/bin'
[0.713s] Level 1:colcon.colcon_core.environment:checking '/mnt/nova_ssd/workspaces/scout/install/scout_description/lib/pkgconfig/scout_description.pc'
[0.714s] Level 1:colcon.colcon_core.environment:checking '/mnt/nova_ssd/workspaces/scout/install/scout_description/lib/python3.10/site-packages'
[0.714s] Level 1:colcon.colcon_core.environment:checking '/mnt/nova_ssd/workspaces/scout/install/scout_description/bin'
[0.715s] INFO:colcon.colcon_core.shell:Creating package script '/mnt/nova_ssd/workspaces/scout/install/scout_description/share/scout_description/package.ps1'
[0.716s] INFO:colcon.colcon_core.shell:Creating package descriptor '/mnt/nova_ssd/workspaces/scout/install/scout_description/share/scout_description/package.dsv'
[0.717s] INFO:colcon.colcon_core.shell:Creating package script '/mnt/nova_ssd/workspaces/scout/install/scout_description/share/scout_description/package.sh'
[0.718s] INFO:colcon.colcon_core.shell:Creating package script '/mnt/nova_ssd/workspaces/scout/install/scout_description/share/scout_description/package.bash'
[0.719s] INFO:colcon.colcon_core.shell:Creating package script '/mnt/nova_ssd/workspaces/scout/install/scout_description/share/scout_description/package.zsh'
[0.720s] Level 1:colcon.colcon_core.environment:create_file_with_runtime_dependencies(/mnt/nova_ssd/workspaces/scout/install/scout_description/share/colcon-core/packages/scout_description)
[0.736s] DEBUG:colcon.colcon_core.event_handler.log_command:Invoked command in '/mnt/nova_ssd/workspaces/scout/build/ugv_sdk' returned '0': /usr/bin/cmake --build /mnt/nova_ssd/workspaces/scout/build/ugv_sdk -- -j12 -l12
[0.748s] Level 1:colcon.colcon_core.environment:create_environment_scripts_only(scout_description)
[0.748s] Level 1:colcon.colcon_core.environment:checking '/mnt/nova_ssd/workspaces/scout/install/scout_description' for CMake module files
[0.749s] Level 1:colcon.colcon_core.environment:checking '/mnt/nova_ssd/workspaces/scout/install/scout_description' for CMake config files
[0.749s] Level 1:colcon.colcon_core.shell:create_environment_hook('scout_description', 'cmake_prefix_path')
[0.750s] INFO:colcon.colcon_core.shell:Creating environment hook '/mnt/nova_ssd/workspaces/scout/install/scout_description/share/scout_description/hook/cmake_prefix_path.ps1'
[0.751s] INFO:colcon.colcon_core.shell:Creating environment descriptor '/mnt/nova_ssd/workspaces/scout/install/scout_description/share/scout_description/hook/cmake_prefix_path.dsv'
[0.751s] INFO:colcon.colcon_core.shell:Creating environment hook '/mnt/nova_ssd/workspaces/scout/install/scout_description/share/scout_description/hook/cmake_prefix_path.sh'
[0.752s] Level 1:colcon.colcon_core.environment:checking '/mnt/nova_ssd/workspaces/scout/install/scout_description/bin'
[0.752s] Level 1:colcon.colcon_core.environment:checking '/mnt/nova_ssd/workspaces/scout/install/scout_description/lib/pkgconfig/scout_description.pc'
[0.752s] Level 1:colcon.colcon_core.environment:checking '/mnt/nova_ssd/workspaces/scout/install/scout_description/lib/python3.10/site-packages'
[0.753s] Level 1:colcon.colcon_core.environment:checking '/mnt/nova_ssd/workspaces/scout/install/scout_description/bin'
[0.753s] INFO:colcon.colcon_core.shell:Creating package script '/mnt/nova_ssd/workspaces/scout/install/scout_description/share/scout_description/package.ps1'
[0.755s] INFO:colcon.colcon_core.shell:Creating package descriptor '/mnt/nova_ssd/workspaces/scout/install/scout_description/share/scout_description/package.dsv'
[0.755s] INFO:colcon.colcon_core.shell:Creating package script '/mnt/nova_ssd/workspaces/scout/install/scout_description/share/scout_description/package.sh'
[0.756s] INFO:colcon.colcon_core.shell:Creating package script '/mnt/nova_ssd/workspaces/scout/install/scout_description/share/scout_description/package.bash'
[0.757s] INFO:colcon.colcon_core.shell:Creating package script '/mnt/nova_ssd/workspaces/scout/install/scout_description/share/scout_description/package.zsh'
[0.757s] Level 1:colcon.colcon_core.environment:create_file_with_runtime_dependencies(/mnt/nova_ssd/workspaces/scout/install/scout_description/share/colcon-core/packages/scout_description)
[0.880s] DEBUG:colcon.colcon_core.event_handler.log_command:Invoking command in '/mnt/nova_ssd/workspaces/scout/build/ugv_sdk': /usr/bin/cmake --install /mnt/nova_ssd/workspaces/scout/build/ugv_sdk
[0.903s] DEBUG:colcon.colcon_core.event_handler.log_command:Invoked command in '/mnt/nova_ssd/workspaces/scout/build/ugv_sdk' returned '0': /usr/bin/cmake --install /mnt/nova_ssd/workspaces/scout/build/ugv_sdk
[0.964s] Level 1:colcon.colcon_core.shell:create_environment_hook('ugv_sdk', 'ros_package_path')
[0.965s] INFO:colcon.colcon_core.shell:Creating environment hook '/mnt/nova_ssd/workspaces/scout/install/ugv_sdk/share/ugv_sdk/hook/ros_package_path.ps1'
[0.966s] INFO:colcon.colcon_core.shell:Creating environment descriptor '/mnt/nova_ssd/workspaces/scout/install/ugv_sdk/share/ugv_sdk/hook/ros_package_path.dsv'
[0.966s] INFO:colcon.colcon_core.shell:Creating environment hook '/mnt/nova_ssd/workspaces/scout/install/ugv_sdk/share/ugv_sdk/hook/ros_package_path.sh'
[0.967s] Level 1:colcon.colcon_core.shell:create_environment_hook('ugv_sdk', 'pkg_config_path')
[0.967s] INFO:colcon.colcon_core.shell:Creating environment hook '/mnt/nova_ssd/workspaces/scout/install/ugv_sdk/share/ugv_sdk/hook/pkg_config_path.ps1'
[0.968s] INFO:colcon.colcon_core.shell:Creating environment descriptor '/mnt/nova_ssd/workspaces/scout/install/ugv_sdk/share/ugv_sdk/hook/pkg_config_path.dsv'
[0.968s] INFO:colcon.colcon_core.shell:Creating environment hook '/mnt/nova_ssd/workspaces/scout/install/ugv_sdk/share/ugv_sdk/hook/pkg_config_path.sh'
[0.972s] Level 1:colcon.colcon_core.shell:create_environment_hook('ugv_sdk', 'pkg_config_path_multiarch')
[0.973s] INFO:colcon.colcon_core.shell:Creating environment hook '/mnt/nova_ssd/workspaces/scout/install/ugv_sdk/share/ugv_sdk/hook/pkg_config_path_multiarch.ps1'
[0.973s] INFO:colcon.colcon_core.shell:Creating environment descriptor '/mnt/nova_ssd/workspaces/scout/install/ugv_sdk/share/ugv_sdk/hook/pkg_config_path_multiarch.dsv'
[0.974s] INFO:colcon.colcon_core.shell:Creating environment hook '/mnt/nova_ssd/workspaces/scout/install/ugv_sdk/share/ugv_sdk/hook/pkg_config_path_multiarch.sh'
[0.976s] Level 1:colcon.colcon_core.environment:create_environment_scripts_only(ugv_sdk)
[0.977s] Level 1:colcon.colcon_core.environment:checking '/mnt/nova_ssd/workspaces/scout/install/ugv_sdk' for CMake module files
[0.979s] Level 1:colcon.colcon_core.environment:checking '/mnt/nova_ssd/workspaces/scout/install/ugv_sdk' for CMake config files
[0.979s] Level 1:colcon.colcon_core.shell:create_environment_hook('ugv_sdk', 'cmake_prefix_path')
[0.980s] INFO:colcon.colcon_core.shell:Creating environment hook '/mnt/nova_ssd/workspaces/scout/install/ugv_sdk/share/ugv_sdk/hook/cmake_prefix_path.ps1'
[0.981s] INFO:colcon.colcon_core.shell:Creating environment descriptor '/mnt/nova_ssd/workspaces/scout/install/ugv_sdk/share/ugv_sdk/hook/cmake_prefix_path.dsv'
[0.982s] INFO:colcon.colcon_core.shell:Creating environment hook '/mnt/nova_ssd/workspaces/scout/install/ugv_sdk/share/ugv_sdk/hook/cmake_prefix_path.sh'
[0.984s] Level 1:colcon.colcon_core.environment:checking '/mnt/nova_ssd/workspaces/scout/install/ugv_sdk/lib'
[0.984s] Level 1:colcon.colcon_core.environment:checking '/mnt/nova_ssd/workspaces/scout/install/ugv_sdk/bin'
[0.985s] Level 1:colcon.colcon_core.environment:checking '/mnt/nova_ssd/workspaces/scout/install/ugv_sdk/lib/pkgconfig/ugv_sdk.pc'
[0.986s] Level 1:colcon.colcon_core.environment:checking '/mnt/nova_ssd/workspaces/scout/install/ugv_sdk/lib/python3.10/site-packages'
[0.986s] Level 1:colcon.colcon_core.environment:checking '/mnt/nova_ssd/workspaces/scout/install/ugv_sdk/bin'
[0.988s] INFO:colcon.colcon_core.shell:Creating package script '/mnt/nova_ssd/workspaces/scout/install/ugv_sdk/share/ugv_sdk/package.ps1'
[0.990s] INFO:colcon.colcon_core.shell:Creating package descriptor '/mnt/nova_ssd/workspaces/scout/install/ugv_sdk/share/ugv_sdk/package.dsv'
[0.991s] INFO:colcon.colcon_core.shell:Creating package script '/mnt/nova_ssd/workspaces/scout/install/ugv_sdk/share/ugv_sdk/package.sh'
[0.993s] INFO:colcon.colcon_core.shell:Creating package script '/mnt/nova_ssd/workspaces/scout/install/ugv_sdk/share/ugv_sdk/package.bash'
[0.994s] INFO:colcon.colcon_core.shell:Creating package script '/mnt/nova_ssd/workspaces/scout/install/ugv_sdk/share/ugv_sdk/package.zsh'
[0.995s] Level 1:colcon.colcon_core.environment:create_file_with_runtime_dependencies(/mnt/nova_ssd/workspaces/scout/install/ugv_sdk/share/colcon-core/packages/ugv_sdk)
[1.100s] DEBUG:colcon.colcon_core.event_handler.log_command:Invoked command in '/mnt/nova_ssd/workspaces/scout/build/scout_msgs' returned '0': CMAKE_PREFIX_PATH=/opt/ros/humble /usr/bin/cmake --build /mnt/nova_ssd/workspaces/scout/build/scout_msgs -- -j12 -l12
[1.292s] DEBUG:colcon.colcon_core.event_handler.log_command:Invoking command in '/mnt/nova_ssd/workspaces/scout/build/scout_msgs': CMAKE_PREFIX_PATH=/opt/ros/humble /usr/bin/cmake --install /mnt/nova_ssd/workspaces/scout/build/scout_msgs
[1.382s] Level 1:colcon.colcon_core.environment:create_environment_scripts_only(scout_msgs)
[1.382s] DEBUG:colcon.colcon_core.event_handler.log_command:Invoked command in '/mnt/nova_ssd/workspaces/scout/build/scout_msgs' returned '0': CMAKE_PREFIX_PATH=/opt/ros/humble /usr/bin/cmake --install /mnt/nova_ssd/workspaces/scout/build/scout_msgs
[1.384s] Level 1:colcon.colcon_core.environment:checking '/mnt/nova_ssd/workspaces/scout/install/scout_msgs' for CMake module files
[1.386s] Level 1:colcon.colcon_core.environment:checking '/mnt/nova_ssd/workspaces/scout/install/scout_msgs' for CMake config files
[1.388s] Level 1:colcon.colcon_core.shell:create_environment_hook('scout_msgs', 'cmake_prefix_path')
[1.389s] INFO:colcon.colcon_core.shell:Creating environment hook '/mnt/nova_ssd/workspaces/scout/install/scout_msgs/share/scout_msgs/hook/cmake_prefix_path.ps1'
[1.390s] INFO:colcon.colcon_core.shell:Creating environment descriptor '/mnt/nova_ssd/workspaces/scout/install/scout_msgs/share/scout_msgs/hook/cmake_prefix_path.dsv'
[1.391s] INFO:colcon.colcon_core.shell:Creating environment hook '/mnt/nova_ssd/workspaces/scout/install/scout_msgs/share/scout_msgs/hook/cmake_prefix_path.sh'
[1.393s] Level 1:colcon.colcon_core.environment:checking '/mnt/nova_ssd/workspaces/scout/install/scout_msgs/lib'
[1.393s] Level 1:colcon.colcon_core.shell:create_environment_hook('scout_msgs', 'ld_library_path_lib')
[1.394s] INFO:colcon.colcon_core.shell:Creating environment hook '/mnt/nova_ssd/workspaces/scout/install/scout_msgs/share/scout_msgs/hook/ld_library_path_lib.ps1'
[1.395s] INFO:colcon.colcon_core.shell:Creating environment descriptor '/mnt/nova_ssd/workspaces/scout/install/scout_msgs/share/scout_msgs/hook/ld_library_path_lib.dsv'
[1.396s] INFO:colcon.colcon_core.shell:Creating environment hook '/mnt/nova_ssd/workspaces/scout/install/scout_msgs/share/scout_msgs/hook/ld_library_path_lib.sh'
[1.397s] Level 1:colcon.colcon_core.environment:checking '/mnt/nova_ssd/workspaces/scout/install/scout_msgs/bin'
[1.398s] Level 1:colcon.colcon_core.environment:checking '/mnt/nova_ssd/workspaces/scout/install/scout_msgs/lib/pkgconfig/scout_msgs.pc'
[1.398s] Level 1:colcon.colcon_core.environment:checking '/mnt/nova_ssd/workspaces/scout/install/scout_msgs/lib/python3.10/site-packages'
[1.399s] Level 1:colcon.colcon_core.environment:checking '/mnt/nova_ssd/workspaces/scout/install/scout_msgs/bin'
[1.400s] INFO:colcon.colcon_core.shell:Creating package script '/mnt/nova_ssd/workspaces/scout/install/scout_msgs/share/scout_msgs/package.ps1'
[1.402s] INFO:colcon.colcon_core.shell:Creating package descriptor '/mnt/nova_ssd/workspaces/scout/install/scout_msgs/share/scout_msgs/package.dsv'
[1.403s] INFO:colcon.colcon_core.shell:Creating package script '/mnt/nova_ssd/workspaces/scout/install/scout_msgs/share/scout_msgs/package.sh'
[1.405s] INFO:colcon.colcon_core.shell:Creating package script '/mnt/nova_ssd/workspaces/scout/install/scout_msgs/share/scout_msgs/package.bash'
[1.406s] INFO:colcon.colcon_core.shell:Creating package script '/mnt/nova_ssd/workspaces/scout/install/scout_msgs/share/scout_msgs/package.zsh'
[1.407s] Level 1:colcon.colcon_core.environment:create_file_with_runtime_dependencies(/mnt/nova_ssd/workspaces/scout/install/scout_msgs/share/colcon-core/packages/scout_msgs)
[1.605s] Level 1:colcon.colcon_core.environment:create_environment_scripts_only(scout_msgs)
[1.606s] Level 1:colcon.colcon_core.environment:checking '/mnt/nova_ssd/workspaces/scout/install/scout_msgs' for CMake module files
[1.607s] Level 1:colcon.colcon_core.environment:checking '/mnt/nova_ssd/workspaces/scout/install/scout_msgs' for CMake config files
[1.608s] Level 1:colcon.colcon_core.shell:create_environment_hook('scout_msgs', 'cmake_prefix_path')
[1.608s] INFO:colcon.colcon_core.shell:Creating environment hook '/mnt/nova_ssd/workspaces/scout/install/scout_msgs/share/scout_msgs/hook/cmake_prefix_path.ps1'
[1.610s] INFO:colcon.colcon_core.shell:Creating environment descriptor '/mnt/nova_ssd/workspaces/scout/install/scout_msgs/share/scout_msgs/hook/cmake_prefix_path.dsv'
[1.611s] INFO:colcon.colcon_core.shell:Creating environment hook '/mnt/nova_ssd/workspaces/scout/install/scout_msgs/share/scout_msgs/hook/cmake_prefix_path.sh'
[1.612s] Level 1:colcon.colcon_core.environment:checking '/mnt/nova_ssd/workspaces/scout/install/scout_msgs/lib'
[1.613s] Level 1:colcon.colcon_core.shell:create_environment_hook('scout_msgs', 'ld_library_path_lib')
[1.614s] INFO:colcon.colcon_core.shell:Creating environment hook '/mnt/nova_ssd/workspaces/scout/install/scout_msgs/share/scout_msgs/hook/ld_library_path_lib.ps1'
[1.615s] INFO:colcon.colcon_core.shell:Creating environment descriptor '/mnt/nova_ssd/workspaces/scout/install/scout_msgs/share/scout_msgs/hook/ld_library_path_lib.dsv'
[1.616s] INFO:colcon.colcon_core.shell:Creating environment hook '/mnt/nova_ssd/workspaces/scout/install/scout_msgs/share/scout_msgs/hook/ld_library_path_lib.sh'
[1.617s] Level 1:colcon.colcon_core.environment:checking '/mnt/nova_ssd/workspaces/scout/install/scout_msgs/bin'
[1.617s] Level 1:colcon.colcon_core.environment:checking '/mnt/nova_ssd/workspaces/scout/install/scout_msgs/lib/pkgconfig/scout_msgs.pc'
[1.618s] Level 1:colcon.colcon_core.environment:checking '/mnt/nova_ssd/workspaces/scout/install/scout_msgs/lib/python3.10/site-packages'
[1.619s] Level 1:colcon.colcon_core.environment:checking '/mnt/nova_ssd/workspaces/scout/install/scout_msgs/bin'
[1.620s] INFO:colcon.colcon_core.shell:Creating package script '/mnt/nova_ssd/workspaces/scout/install/scout_msgs/share/scout_msgs/package.ps1'
[1.622s] INFO:colcon.colcon_core.shell:Creating package descriptor '/mnt/nova_ssd/workspaces/scout/install/scout_msgs/share/scout_msgs/package.dsv'
[1.623s] INFO:colcon.colcon_core.shell:Creating package script '/mnt/nova_ssd/workspaces/scout/install/scout_msgs/share/scout_msgs/package.sh'
[1.625s] INFO:colcon.colcon_core.shell:Creating package script '/mnt/nova_ssd/workspaces/scout/install/scout_msgs/share/scout_msgs/package.bash'
[1.626s] INFO:colcon.colcon_core.shell:Creating package script '/mnt/nova_ssd/workspaces/scout/install/scout_msgs/share/scout_msgs/package.zsh'
[1.628s] Level 1:colcon.colcon_core.environment:create_file_with_runtime_dependencies(/mnt/nova_ssd/workspaces/scout/install/scout_msgs/share/colcon-core/packages/scout_msgs)
[1.629s] INFO:colcon.colcon_ros.task.ament_cmake.build:Building ROS package in '/mnt/nova_ssd/workspaces/scout/src/scout_ros2/scout_base' with build type 'ament_cmake'
[1.629s] INFO:colcon.colcon_cmake.task.cmake.build:Building CMake package in '/mnt/nova_ssd/workspaces/scout/src/scout_ros2/scout_base'
[1.630s] INFO:colcon.colcon_core.shell:Skip shell extension 'powershell' for command environment: Not usable outside of PowerShell
[1.630s] DEBUG:colcon.colcon_core.shell:Skip shell extension 'dsv' for command environment
[1.656s] DEBUG:colcon.colcon_core.event_handler.log_command:Invoking command in '/mnt/nova_ssd/workspaces/scout/build/scout_base': AMENT_PREFIX_PATH=/mnt/nova_ssd/workspaces/scout/install/scout_msgs:${AMENT_PREFIX_PATH} CMAKE_PREFIX_PATH=/opt/ros/humble:/mnt/nova_ssd/workspaces/scout/install/ugv_sdk:/mnt/nova_ssd/workspaces/scout/install/scout_msgs LD_LIBRARY_PATH=/mnt/nova_ssd/workspaces/scout/install/scout_msgs/lib:${LD_LIBRARY_PATH} PKG_CONFIG_PATH=/mnt/nova_ssd/workspaces/scout/install/ugv_sdk/lib/aarch64-linux-gnu/pkgconfig:/mnt/nova_ssd/workspaces/scout/install/ugv_sdk/lib/pkgconfig PYTHONPATH=/mnt/nova_ssd/workspaces/scout/install/scout_msgs/local/lib/python3.10/dist-packages:${PYTHONPATH} ROS_PACKAGE_PATH=/mnt/nova_ssd/workspaces/scout/install/ugv_sdk/share /usr/bin/cmake --build /mnt/nova_ssd/workspaces/scout/build/scout_base -- -j12 -l12
[3.768s] DEBUG:colcon.colcon_core.event_handler.log_command:Invoked command in '/mnt/nova_ssd/workspaces/scout/build/scout_base' returned '2': AMENT_PREFIX_PATH=/mnt/nova_ssd/workspaces/scout/install/scout_msgs:${AMENT_PREFIX_PATH} CMAKE_PREFIX_PATH=/opt/ros/humble:/mnt/nova_ssd/workspaces/scout/install/ugv_sdk:/mnt/nova_ssd/workspaces/scout/install/scout_msgs LD_LIBRARY_PATH=/mnt/nova_ssd/workspaces/scout/install/scout_msgs/lib:${LD_LIBRARY_PATH} PKG_CONFIG_PATH=/mnt/nova_ssd/workspaces/scout/install/ugv_sdk/lib/aarch64-linux-gnu/pkgconfig:/mnt/nova_ssd/workspaces/scout/install/ugv_sdk/lib/pkgconfig PYTHONPATH=/mnt/nova_ssd/workspaces/scout/install/scout_msgs/local/lib/python3.10/dist-packages:${PYTHONPATH} ROS_PACKAGE_PATH=/mnt/nova_ssd/workspaces/scout/install/ugv_sdk/share /usr/bin/cmake --build /mnt/nova_ssd/workspaces/scout/build/scout_base -- -j12 -l12
[3.805s] Level 1:colcon.colcon_core.environment:create_environment_scripts_only(scout_base)
[3.805s] Level 1:colcon.colcon_core.environment:checking '/mnt/nova_ssd/workspaces/scout/install/scout_base' for CMake module files
[3.806s] Level 1:colcon.colcon_core.environment:checking '/mnt/nova_ssd/workspaces/scout/install/scout_base' for CMake config files
[3.806s] Level 1:colcon.colcon_core.environment:checking '/mnt/nova_ssd/workspaces/scout/install/scout_base/bin'
[3.806s] Level 1:colcon.colcon_core.environment:checking '/mnt/nova_ssd/workspaces/scout/install/scout_base/lib/pkgconfig/scout_base.pc'
[3.807s] Level 1:colcon.colcon_core.environment:checking '/mnt/nova_ssd/workspaces/scout/install/scout_base/lib/python3.10/site-packages'
[3.807s] Level 1:colcon.colcon_core.environment:checking '/mnt/nova_ssd/workspaces/scout/install/scout_base/bin'
[3.807s] INFO:colcon.colcon_core.shell:Creating package script '/mnt/nova_ssd/workspaces/scout/install/scout_base/share/scout_base/package.ps1'
[3.808s] INFO:colcon.colcon_core.shell:Creating package descriptor '/mnt/nova_ssd/workspaces/scout/install/scout_base/share/scout_base/package.dsv'
[3.809s] INFO:colcon.colcon_core.shell:Creating package script '/mnt/nova_ssd/workspaces/scout/install/scout_base/share/scout_base/package.sh'
[3.809s] INFO:colcon.colcon_core.shell:Creating package script '/mnt/nova_ssd/workspaces/scout/install/scout_base/share/scout_base/package.bash'
[3.810s] INFO:colcon.colcon_core.shell:Creating package script '/mnt/nova_ssd/workspaces/scout/install/scout_base/share/scout_base/package.zsh'
[3.810s] Level 1:colcon.colcon_core.environment:create_file_with_runtime_dependencies(/mnt/nova_ssd/workspaces/scout/install/scout_base/share/colcon-core/packages/scout_base)
[3.821s] DEBUG:colcon.colcon_parallel_executor.executor.parallel:closing loop
[3.821s] DEBUG:colcon.colcon_parallel_executor.executor.parallel:loop closed
[3.822s] DEBUG:colcon.colcon_parallel_executor.executor.parallel:run_until_complete finished with '2'
[3.822s] DEBUG:colcon.colcon_core.event_reactor:joining thread
[3.833s] INFO:colcon.colcon_core.plugin_system:Skipping extension 'colcon_notification.desktop_notification.terminal_notifier': Not used on non-Darwin systems
[3.834s] INFO:colcon.colcon_core.plugin_system:Skipping extension 'colcon_notification.desktop_notification.win32': Not used on non-Windows systems
[3.834s] INFO:colcon.colcon_notification.desktop_notification:Sending desktop notification using 'notify2'
[3.870s] DEBUG:colcon.colcon_core.event_reactor:joined thread
[3.871s] INFO:colcon.colcon_core.shell:Creating prefix script '/mnt/nova_ssd/workspaces/scout/install/local_setup.ps1'
[3.873s] INFO:colcon.colcon_core.shell:Creating prefix util module '/mnt/nova_ssd/workspaces/scout/install/_local_setup_util_ps1.py'
[3.875s] INFO:colcon.colcon_core.shell:Creating prefix chain script '/mnt/nova_ssd/workspaces/scout/install/setup.ps1'
[3.876s] INFO:colcon.colcon_core.shell:Creating prefix script '/mnt/nova_ssd/workspaces/scout/install/local_setup.sh'
[3.877s] INFO:colcon.colcon_core.shell:Creating prefix util module '/mnt/nova_ssd/workspaces/scout/install/_local_setup_util_sh.py'
[3.878s] INFO:colcon.colcon_core.shell:Creating prefix chain script '/mnt/nova_ssd/workspaces/scout/install/setup.sh'
[3.879s] INFO:colcon.colcon_core.shell:Creating prefix script '/mnt/nova_ssd/workspaces/scout/install/local_setup.bash'
[3.880s] INFO:colcon.colcon_core.shell:Creating prefix chain script '/mnt/nova_ssd/workspaces/scout/install/setup.bash'
[3.881s] INFO:colcon.colcon_core.shell:Creating prefix script '/mnt/nova_ssd/workspaces/scout/install/local_setup.zsh'
[3.882s] INFO:colcon.colcon_core.shell:Creating prefix chain script '/mnt/nova_ssd/workspaces/scout/install/setup.zsh'
