[0.180s] DEBUG:colcon:Command line arguments: ['/usr/bin/colcon', 'build', '--packages-select', 'dstar_main']
[0.180s] DEBUG:colcon:Parsed command line arguments: Namespace(log_base=None, log_level=None, verb_name='build', build_base='build', install_base='install', merge_install=False, symlink_install=False, test_result_base=None, continue_on_error=False, executor='parallel', parallel_workers=12, event_handlers=None, ignore_user_meta=False, metas=['./colcon.meta'], base_paths=['.'], packages_ignore=None, packages_ignore_regex=None, paths=None, packages_up_to=None, packages_up_to_regex=None, packages_above=None, packages_above_and_dependencies=None, packages_above_depth=None, packages_select_by_dep=None, packages_skip_by_dep=None, packages_skip_up_to=None, packages_select_build_failed=False, packages_skip_build_finished=False, packages_select_test_failures=False, packages_skip_test_passed=False, packages_select=['dstar_main'], packages_skip=None, packages_select_regex=None, packages_skip_regex=None, packages_start=None, packages_end=None, allow_overriding=[], cmake_args=None, cmake_target=None, cmake_target_skip_unavailable=False, cmake_clean_cache=False, cmake_clean_first=False, cmake_force_configure=False, ament_cmake_args=None, catkin_cmake_args=None, catkin_skip_building_tests=False, mixin_files=None, mixin=None, verb_parser=<colcon_mixin.mixin.mixin_argument.MixinArgumentDecorator object at 0xffffb12f2350>, verb_extension=<colcon_core.verb.build.BuildVerb object at 0xffffb14129e0>, main=<bound method BuildVerb.main of <colcon_core.verb.build.BuildVerb object at 0xffffb14129e0>>, mixin_verb=('build',))
[0.443s] Level 1:colcon.colcon_core.package_discovery:discover_packages(colcon_meta) check parameters
[0.443s] Level 1:colcon.colcon_core.package_discovery:discover_packages(recursive) check parameters
[0.443s] Level 1:colcon.colcon_core.package_discovery:discover_packages(ignore) check parameters
[0.443s] Level 1:colcon.colcon_core.package_discovery:discover_packages(path) check parameters
[0.443s] Level 1:colcon.colcon_core.package_discovery:discover_packages(colcon_meta) discover
[0.443s] Level 1:colcon.colcon_core.package_discovery:discover_packages(recursive) discover
[0.443s] INFO:colcon.colcon_core.package_discovery:Crawling recursively for packages in '/mnt/nova_ssd/workspaces/navigation'
[0.443s] Level 1:colcon.colcon_core.package_identification:_identify(.) by extensions ['ignore', 'ignore_ament_install']
[0.444s] Level 1:colcon.colcon_core.package_identification:_identify(.) by extension 'ignore'
[0.444s] Level 1:colcon.colcon_core.package_identification:_identify(.) by extension 'ignore_ament_install'
[0.444s] Level 1:colcon.colcon_core.package_identification:_identify(.) by extensions ['colcon_pkg']
[0.444s] Level 1:colcon.colcon_core.package_identification:_identify(.) by extension 'colcon_pkg'
[0.444s] Level 1:colcon.colcon_core.package_identification:_identify(.) by extensions ['colcon_meta']
[0.444s] Level 1:colcon.colcon_core.package_identification:_identify(.) by extension 'colcon_meta'
[0.444s] Level 1:colcon.colcon_core.package_identification:_identify(.) by extensions ['ros']
[0.444s] Level 1:colcon.colcon_core.package_identification:_identify(.) by extension 'ros'
[0.462s] Level 1:colcon.colcon_core.package_identification:_identify(.) by extensions ['cmake', 'python']
[0.462s] Level 1:colcon.colcon_core.package_identification:_identify(.) by extension 'cmake'
[0.462s] Level 1:colcon.colcon_core.package_identification:_identify(.) by extension 'python'
[0.462s] Level 1:colcon.colcon_core.package_identification:_identify(.) by extensions ['python_setup_py']
[0.462s] Level 1:colcon.colcon_core.package_identification:_identify(.) by extension 'python_setup_py'
[0.463s] Level 1:colcon.colcon_core.package_identification:_identify(build) by extensions ['ignore', 'ignore_ament_install']
[0.463s] Level 1:colcon.colcon_core.package_identification:_identify(build) by extension 'ignore'
[0.463s] Level 1:colcon.colcon_core.package_identification:_identify(build) ignored
[0.463s] Level 1:colcon.colcon_core.package_identification:_identify(install) by extensions ['ignore', 'ignore_ament_install']
[0.463s] Level 1:colcon.colcon_core.package_identification:_identify(install) by extension 'ignore'
[0.463s] Level 1:colcon.colcon_core.package_identification:_identify(install) ignored
[0.464s] Level 1:colcon.colcon_core.package_identification:_identify(log) by extensions ['ignore', 'ignore_ament_install']
[0.464s] Level 1:colcon.colcon_core.package_identification:_identify(log) by extension 'ignore'
[0.464s] Level 1:colcon.colcon_core.package_identification:_identify(log) ignored
[0.464s] Level 1:colcon.colcon_core.package_identification:_identify(src) by extensions ['ignore', 'ignore_ament_install']
[0.464s] Level 1:colcon.colcon_core.package_identification:_identify(src) by extension 'ignore'
[0.465s] Level 1:colcon.colcon_core.package_identification:_identify(src) by extension 'ignore_ament_install'
[0.465s] Level 1:colcon.colcon_core.package_identification:_identify(src) by extensions ['colcon_pkg']
[0.465s] Level 1:colcon.colcon_core.package_identification:_identify(src) by extension 'colcon_pkg'
[0.465s] Level 1:colcon.colcon_core.package_identification:_identify(src) by extensions ['colcon_meta']
[0.465s] Level 1:colcon.colcon_core.package_identification:_identify(src) by extension 'colcon_meta'
[0.465s] Level 1:colcon.colcon_core.package_identification:_identify(src) by extensions ['ros']
[0.465s] Level 1:colcon.colcon_core.package_identification:_identify(src) by extension 'ros'
[0.465s] Level 1:colcon.colcon_core.package_identification:_identify(src) by extensions ['cmake', 'python']
[0.465s] Level 1:colcon.colcon_core.package_identification:_identify(src) by extension 'cmake'
[0.465s] Level 1:colcon.colcon_core.package_identification:_identify(src) by extension 'python'
[0.465s] Level 1:colcon.colcon_core.package_identification:_identify(src) by extensions ['python_setup_py']
[0.465s] Level 1:colcon.colcon_core.package_identification:_identify(src) by extension 'python_setup_py'
[0.466s] Level 1:colcon.colcon_core.package_identification:_identify(src/build) by extensions ['ignore', 'ignore_ament_install']
[0.466s] Level 1:colcon.colcon_core.package_identification:_identify(src/build) by extension 'ignore'
[0.466s] Level 1:colcon.colcon_core.package_identification:_identify(src/build) ignored
[0.466s] Level 1:colcon.colcon_core.package_identification:_identify(src/costmap_converter) by extensions ['ignore', 'ignore_ament_install']
[0.466s] Level 1:colcon.colcon_core.package_identification:_identify(src/costmap_converter) by extension 'ignore'
[0.466s] Level 1:colcon.colcon_core.package_identification:_identify(src/costmap_converter) by extension 'ignore_ament_install'
[0.466s] Level 1:colcon.colcon_core.package_identification:_identify(src/costmap_converter) by extensions ['colcon_pkg']
[0.466s] Level 1:colcon.colcon_core.package_identification:_identify(src/costmap_converter) by extension 'colcon_pkg'
[0.466s] Level 1:colcon.colcon_core.package_identification:_identify(src/costmap_converter) by extensions ['colcon_meta']
[0.466s] Level 1:colcon.colcon_core.package_identification:_identify(src/costmap_converter) by extension 'colcon_meta'
[0.467s] Level 1:colcon.colcon_core.package_identification:_identify(src/costmap_converter) by extensions ['ros']
[0.467s] Level 1:colcon.colcon_core.package_identification:_identify(src/costmap_converter) by extension 'ros'
[0.467s] Level 1:colcon.colcon_core.package_identification:_identify(src/costmap_converter) by extensions ['cmake', 'python']
[0.467s] Level 1:colcon.colcon_core.package_identification:_identify(src/costmap_converter) by extension 'cmake'
[0.467s] Level 1:colcon.colcon_core.package_identification:_identify(src/costmap_converter) by extension 'python'
[0.467s] Level 1:colcon.colcon_core.package_identification:_identify(src/costmap_converter) by extensions ['python_setup_py']
[0.467s] Level 1:colcon.colcon_core.package_identification:_identify(src/costmap_converter) by extension 'python_setup_py'
[0.467s] Level 1:colcon.colcon_core.package_identification:_identify(src/costmap_converter/costmap_converter) by extensions ['ignore', 'ignore_ament_install']
[0.467s] Level 1:colcon.colcon_core.package_identification:_identify(src/costmap_converter/costmap_converter) by extension 'ignore'
[0.467s] Level 1:colcon.colcon_core.package_identification:_identify(src/costmap_converter/costmap_converter) by extension 'ignore_ament_install'
[0.467s] Level 1:colcon.colcon_core.package_identification:_identify(src/costmap_converter/costmap_converter) by extensions ['colcon_pkg']
[0.467s] Level 1:colcon.colcon_core.package_identification:_identify(src/costmap_converter/costmap_converter) by extension 'colcon_pkg'
[0.468s] Level 1:colcon.colcon_core.package_identification:_identify(src/costmap_converter/costmap_converter) by extensions ['colcon_meta']
[0.468s] Level 1:colcon.colcon_core.package_identification:_identify(src/costmap_converter/costmap_converter) by extension 'colcon_meta'
[0.468s] Level 1:colcon.colcon_core.package_identification:_identify(src/costmap_converter/costmap_converter) by extensions ['ros']
[0.468s] Level 1:colcon.colcon_core.package_identification:_identify(src/costmap_converter/costmap_converter) by extension 'ros'
[0.473s] DEBUG:colcon.colcon_core.package_identification:Package 'src/costmap_converter/costmap_converter' with type 'ros.ament_cmake' and name 'costmap_converter'
[0.473s] Level 1:colcon.colcon_core.package_identification:_identify(src/costmap_converter/costmap_converter_msgs) by extensions ['ignore', 'ignore_ament_install']
[0.474s] Level 1:colcon.colcon_core.package_identification:_identify(src/costmap_converter/costmap_converter_msgs) by extension 'ignore'
[0.474s] Level 1:colcon.colcon_core.package_identification:_identify(src/costmap_converter/costmap_converter_msgs) by extension 'ignore_ament_install'
[0.474s] Level 1:colcon.colcon_core.package_identification:_identify(src/costmap_converter/costmap_converter_msgs) by extensions ['colcon_pkg']
[0.474s] Level 1:colcon.colcon_core.package_identification:_identify(src/costmap_converter/costmap_converter_msgs) by extension 'colcon_pkg'
[0.474s] Level 1:colcon.colcon_core.package_identification:_identify(src/costmap_converter/costmap_converter_msgs) by extensions ['colcon_meta']
[0.474s] Level 1:colcon.colcon_core.package_identification:_identify(src/costmap_converter/costmap_converter_msgs) by extension 'colcon_meta'
[0.474s] Level 1:colcon.colcon_core.package_identification:_identify(src/costmap_converter/costmap_converter_msgs) by extensions ['ros']
[0.474s] Level 1:colcon.colcon_core.package_identification:_identify(src/costmap_converter/costmap_converter_msgs) by extension 'ros'
[0.475s] DEBUG:colcon.colcon_core.package_identification:Package 'src/costmap_converter/costmap_converter_msgs' with type 'ros.ament_cmake' and name 'costmap_converter_msgs'
[0.475s] Level 1:colcon.colcon_core.package_identification:_identify(src/dstar_main) by extensions ['ignore', 'ignore_ament_install']
[0.476s] Level 1:colcon.colcon_core.package_identification:_identify(src/dstar_main) by extension 'ignore'
[0.476s] Level 1:colcon.colcon_core.package_identification:_identify(src/dstar_main) by extension 'ignore_ament_install'
[0.476s] Level 1:colcon.colcon_core.package_identification:_identify(src/dstar_main) by extensions ['colcon_pkg']
[0.476s] Level 1:colcon.colcon_core.package_identification:_identify(src/dstar_main) by extension 'colcon_pkg'
[0.476s] Level 1:colcon.colcon_core.package_identification:_identify(src/dstar_main) by extensions ['colcon_meta']
[0.476s] Level 1:colcon.colcon_core.package_identification:_identify(src/dstar_main) by extension 'colcon_meta'
[0.476s] Level 1:colcon.colcon_core.package_identification:_identify(src/dstar_main) by extensions ['ros']
[0.476s] Level 1:colcon.colcon_core.package_identification:_identify(src/dstar_main) by extension 'ros'
[0.478s] DEBUG:colcon.colcon_core.package_identification:Package 'src/dstar_main' with type 'ros.ament_cmake' and name 'dstar_main'
[0.478s] Level 1:colcon.colcon_core.package_identification:_identify(src/dwa_main) by extensions ['ignore', 'ignore_ament_install']
[0.478s] Level 1:colcon.colcon_core.package_identification:_identify(src/dwa_main) by extension 'ignore'
[0.478s] Level 1:colcon.colcon_core.package_identification:_identify(src/dwa_main) by extension 'ignore_ament_install'
[0.478s] Level 1:colcon.colcon_core.package_identification:_identify(src/dwa_main) by extensions ['colcon_pkg']
[0.478s] Level 1:colcon.colcon_core.package_identification:_identify(src/dwa_main) by extension 'colcon_pkg'
[0.478s] Level 1:colcon.colcon_core.package_identification:_identify(src/dwa_main) by extensions ['colcon_meta']
[0.478s] Level 1:colcon.colcon_core.package_identification:_identify(src/dwa_main) by extension 'colcon_meta'
[0.478s] Level 1:colcon.colcon_core.package_identification:_identify(src/dwa_main) by extensions ['ros']
[0.479s] Level 1:colcon.colcon_core.package_identification:_identify(src/dwa_main) by extension 'ros'
[0.479s] DEBUG:colcon.colcon_core.package_identification:Package 'src/dwa_main' with type 'ros.ament_cmake' and name 'dwa_main'
[0.480s] Level 1:colcon.colcon_core.package_identification:_identify(src/install) by extensions ['ignore', 'ignore_ament_install']
[0.480s] Level 1:colcon.colcon_core.package_identification:_identify(src/install) by extension 'ignore'
[0.480s] Level 1:colcon.colcon_core.package_identification:_identify(src/install) ignored
[0.480s] Level 1:colcon.colcon_core.package_identification:_identify(src/log) by extensions ['ignore', 'ignore_ament_install']
[0.480s] Level 1:colcon.colcon_core.package_identification:_identify(src/log) by extension 'ignore'
[0.480s] Level 1:colcon.colcon_core.package_identification:_identify(src/log) ignored
[0.480s] Level 1:colcon.colcon_core.package_discovery:discover_packages(recursive) using defaults
[0.480s] Level 1:colcon.colcon_core.package_discovery:discover_packages(ignore) discover
[0.480s] Level 1:colcon.colcon_core.package_discovery:discover_packages(ignore) using defaults
[0.480s] Level 1:colcon.colcon_core.package_discovery:discover_packages(path) discover
[0.480s] Level 1:colcon.colcon_core.package_discovery:discover_packages(path) using defaults
[0.515s] INFO:colcon.colcon_core.package_selection:Skipping not selected package 'costmap_converter_msgs' in 'src/costmap_converter/costmap_converter_msgs'
[0.515s] INFO:colcon.colcon_core.package_selection:Skipping not selected package 'dwa_main' in 'src/dwa_main'
[0.515s] INFO:colcon.colcon_core.package_selection:Skipping not selected package 'costmap_converter' in 'src/costmap_converter/costmap_converter'
[0.516s] Level 1:colcon.colcon_core.package_discovery:discover_packages(prefix_path) check parameters
[0.516s] Level 1:colcon.colcon_core.package_discovery:discover_packages(prefix_path) discover
[0.519s] DEBUG:colcon.colcon_installed_package_information.package_discovery:Found 4 installed packages in /mnt/nova_ssd/workspaces/navigation/install
[0.521s] DEBUG:colcon.colcon_installed_package_information.package_discovery:Found 358 installed packages in /opt/ros/humble
[0.549s] Level 1:colcon.colcon_core.package_discovery:discover_packages(prefix_path) using defaults
[0.618s] Level 5:colcon.colcon_core.verb:set package 'dstar_main' build argument 'cmake_args' from command line to 'None'
[0.618s] Level 5:colcon.colcon_core.verb:set package 'dstar_main' build argument 'cmake_target' from command line to 'None'
[0.618s] Level 5:colcon.colcon_core.verb:set package 'dstar_main' build argument 'cmake_target_skip_unavailable' from command line to 'False'
[0.618s] Level 5:colcon.colcon_core.verb:set package 'dstar_main' build argument 'cmake_clean_cache' from command line to 'False'
[0.618s] Level 5:colcon.colcon_core.verb:set package 'dstar_main' build argument 'cmake_clean_first' from command line to 'False'
[0.618s] Level 5:colcon.colcon_core.verb:set package 'dstar_main' build argument 'cmake_force_configure' from command line to 'False'
[0.618s] Level 5:colcon.colcon_core.verb:set package 'dstar_main' build argument 'ament_cmake_args' from command line to 'None'
[0.618s] Level 5:colcon.colcon_core.verb:set package 'dstar_main' build argument 'catkin_cmake_args' from command line to 'None'
[0.618s] Level 5:colcon.colcon_core.verb:set package 'dstar_main' build argument 'catkin_skip_building_tests' from command line to 'False'
[0.618s] DEBUG:colcon.colcon_core.verb:Building package 'dstar_main' with the following arguments: {'ament_cmake_args': None, 'build_base': '/mnt/nova_ssd/workspaces/navigation/build/dstar_main', 'catkin_cmake_args': None, 'catkin_skip_building_tests': False, 'cmake_args': None, 'cmake_clean_cache': False, 'cmake_clean_first': False, 'cmake_force_configure': False, 'cmake_target': None, 'cmake_target_skip_unavailable': False, 'install_base': '/mnt/nova_ssd/workspaces/navigation/install/dstar_main', 'merge_install': False, 'path': '/mnt/nova_ssd/workspaces/navigation/src/dstar_main', 'symlink_install': False, 'test_result_base': None}
[0.618s] INFO:colcon.colcon_core.executor:Executing jobs using 'parallel' executor
[0.620s] DEBUG:colcon.colcon_parallel_executor.executor.parallel:run_until_complete
[0.620s] INFO:colcon.colcon_ros.task.ament_cmake.build:Building ROS package in '/mnt/nova_ssd/workspaces/navigation/src/dstar_main' with build type 'ament_cmake'
[0.621s] INFO:colcon.colcon_cmake.task.cmake.build:Building CMake package in '/mnt/nova_ssd/workspaces/navigation/src/dstar_main'
[0.624s] INFO:colcon.colcon_core.plugin_system:Skipping extension 'colcon_core.shell.bat': Not used on non-Windows systems
[0.625s] INFO:colcon.colcon_core.shell:Skip shell extension 'powershell' for command environment: Not usable outside of PowerShell
[0.625s] DEBUG:colcon.colcon_core.shell:Skip shell extension 'dsv' for command environment
[0.640s] DEBUG:colcon.colcon_core.event_handler.log_command:Invoking command in '/mnt/nova_ssd/workspaces/navigation/build/dstar_main': CMAKE_PREFIX_PATH=${CMAKE_PREFIX_PATH}:/opt/ros/humble /usr/bin/cmake --build /mnt/nova_ssd/workspaces/navigation/build/dstar_main -- -j12 -l12
[32.024s] DEBUG:colcon.colcon_parallel_executor.executor.parallel:run_until_complete was interrupted
[32.024s] DEBUG:colcon.colcon_parallel_executor.executor.parallel:run_until_complete again
[32.175s] DEBUG:colcon.colcon_core.event_handler.log_command:Invoked command in '/mnt/nova_ssd/workspaces/navigation/build/dstar_main' returned '-2': CMAKE_PREFIX_PATH=${CMAKE_PREFIX_PATH}:/opt/ros/humble /usr/bin/cmake --build /mnt/nova_ssd/workspaces/navigation/build/dstar_main -- -j12 -l12
[32.217s] Level 1:colcon.colcon_core.environment:create_environment_scripts_only(dstar_main)
[32.222s] Level 1:colcon.colcon_core.environment:checking '/mnt/nova_ssd/workspaces/navigation/install/dstar_main' for CMake module files
[32.223s] Level 1:colcon.colcon_core.environment:checking '/mnt/nova_ssd/workspaces/navigation/install/dstar_main' for CMake config files
[32.223s] Level 1:colcon.colcon_core.shell:create_environment_hook('dstar_main', 'cmake_prefix_path')
[32.224s] INFO:colcon.colcon_core.shell:Creating environment hook '/mnt/nova_ssd/workspaces/navigation/install/dstar_main/share/dstar_main/hook/cmake_prefix_path.ps1'
[32.225s] INFO:colcon.colcon_core.shell:Creating environment descriptor '/mnt/nova_ssd/workspaces/navigation/install/dstar_main/share/dstar_main/hook/cmake_prefix_path.dsv'
[32.226s] INFO:colcon.colcon_core.shell:Creating environment hook '/mnt/nova_ssd/workspaces/navigation/install/dstar_main/share/dstar_main/hook/cmake_prefix_path.sh'
[32.227s] Level 1:colcon.colcon_core.environment:checking '/mnt/nova_ssd/workspaces/navigation/install/dstar_main/lib'
[32.227s] Level 1:colcon.colcon_core.environment:checking '/mnt/nova_ssd/workspaces/navigation/install/dstar_main/bin'
[32.228s] Level 1:colcon.colcon_core.environment:checking '/mnt/nova_ssd/workspaces/navigation/install/dstar_main/lib/pkgconfig/dstar_main.pc'
[32.228s] Level 1:colcon.colcon_core.environment:checking '/mnt/nova_ssd/workspaces/navigation/install/dstar_main/lib/python3.10/site-packages'
[32.228s] Level 1:colcon.colcon_core.environment:checking '/mnt/nova_ssd/workspaces/navigation/install/dstar_main/bin'
[32.229s] INFO:colcon.colcon_core.shell:Creating package script '/mnt/nova_ssd/workspaces/navigation/install/dstar_main/share/dstar_main/package.ps1'
[32.231s] INFO:colcon.colcon_core.shell:Creating package descriptor '/mnt/nova_ssd/workspaces/navigation/install/dstar_main/share/dstar_main/package.dsv'
[32.232s] INFO:colcon.colcon_core.shell:Creating package script '/mnt/nova_ssd/workspaces/navigation/install/dstar_main/share/dstar_main/package.sh'
[32.234s] INFO:colcon.colcon_core.shell:Creating package script '/mnt/nova_ssd/workspaces/navigation/install/dstar_main/share/dstar_main/package.bash'
[32.236s] INFO:colcon.colcon_core.shell:Creating package script '/mnt/nova_ssd/workspaces/navigation/install/dstar_main/share/dstar_main/package.zsh'
[32.238s] Level 1:colcon.colcon_core.environment:create_file_with_runtime_dependencies(/mnt/nova_ssd/workspaces/navigation/install/dstar_main/share/colcon-core/packages/dstar_main)
[32.249s] DEBUG:colcon.colcon_parallel_executor.executor.parallel:run_until_complete finished
[32.249s] DEBUG:colcon.colcon_parallel_executor.executor.parallel:closing loop
[32.250s] DEBUG:colcon.colcon_parallel_executor.executor.parallel:loop closed
[32.250s] DEBUG:colcon.colcon_core.event_reactor:joining thread
[32.259s] INFO:colcon.colcon_core.plugin_system:Skipping extension 'colcon_notification.desktop_notification.terminal_notifier': Not used on non-Darwin systems
[32.260s] INFO:colcon.colcon_core.plugin_system:Skipping extension 'colcon_notification.desktop_notification.win32': Not used on non-Windows systems
[32.260s] INFO:colcon.colcon_notification.desktop_notification:Sending desktop notification using 'notify2'
[32.284s] DEBUG:colcon.colcon_core.event_reactor:joined thread
[32.285s] INFO:colcon.colcon_core.shell:Creating prefix script '/mnt/nova_ssd/workspaces/navigation/install/local_setup.ps1'
[32.287s] INFO:colcon.colcon_core.shell:Creating prefix util module '/mnt/nova_ssd/workspaces/navigation/install/_local_setup_util_ps1.py'
[32.289s] INFO:colcon.colcon_core.shell:Creating prefix chain script '/mnt/nova_ssd/workspaces/navigation/install/setup.ps1'
[32.291s] INFO:colcon.colcon_core.shell:Creating prefix script '/mnt/nova_ssd/workspaces/navigation/install/local_setup.sh'
[32.292s] INFO:colcon.colcon_core.shell:Creating prefix util module '/mnt/nova_ssd/workspaces/navigation/install/_local_setup_util_sh.py'
[32.293s] INFO:colcon.colcon_core.shell:Creating prefix chain script '/mnt/nova_ssd/workspaces/navigation/install/setup.sh'
[32.295s] INFO:colcon.colcon_core.shell:Creating prefix script '/mnt/nova_ssd/workspaces/navigation/install/local_setup.bash'
[32.296s] INFO:colcon.colcon_core.shell:Creating prefix chain script '/mnt/nova_ssd/workspaces/navigation/install/setup.bash'
[32.297s] INFO:colcon.colcon_core.shell:Creating prefix script '/mnt/nova_ssd/workspaces/navigation/install/local_setup.zsh'
[32.298s] INFO:colcon.colcon_core.shell:Creating prefix chain script '/mnt/nova_ssd/workspaces/navigation/install/setup.zsh'
