[0.017s] Invoking command in '/mnt/nova_ssd/workspaces/navigation/build/dwa_main': CMAKE_PREFIX_PATH=${CMAKE_PREFIX_PATH}:/opt/ros/humble /usr/bin/cmake --build /mnt/nova_ssd/workspaces/navigation/build/dwa_main -- -j12 -l12
[0.093s] [35m[1mConsolidate compiler generated dependencies of target dwa_main[0m
[0.132s] [100%] Built target dwa_main
[0.153s] Invoked command in '/mnt/nova_ssd/workspaces/navigation/build/dwa_main' returned '0': CMAKE_PREFIX_PATH=${CMAKE_PREFIX_PATH}:/opt/ros/humble /usr/bin/cmake --build /mnt/nova_ssd/workspaces/navigation/build/dwa_main -- -j12 -l12
[0.212s] Invoking command in '/mnt/nova_ssd/workspaces/navigation/build/dwa_main': CMAKE_PREFIX_PATH=${CMAKE_PREFIX_PATH}:/opt/ros/humble /usr/bin/cmake --install /mnt/nova_ssd/workspaces/navigation/build/dwa_main
[0.224s] -- Install configuration: ""
[0.224s] -- Up-to-date: /mnt/nova_ssd/workspaces/navigation/install/dwa_main/lib/dwa_main/dwa_main
[0.225s] -- Up-to-date: /mnt/nova_ssd/workspaces/navigation/install/dwa_main/share/dwa_main//launch
[0.225s] -- Up-to-date: /mnt/nova_ssd/workspaces/navigation/install/dwa_main/share/dwa_main//launch/dwa_local_planner_params.yaml
[0.225s] -- Installing: /mnt/nova_ssd/workspaces/navigation/install/dwa_main/share/dwa_main//launch/dwa_local_planner_launch.py
[0.226s] -- Up-to-date: /mnt/nova_ssd/workspaces/navigation/install/dwa_main/share/dwa_main//config
[0.226s] -- Up-to-date: /mnt/nova_ssd/workspaces/navigation/install/dwa_main/share/ament_index/resource_index/package_run_dependencies/dwa_main
[0.226s] -- Up-to-date: /mnt/nova_ssd/workspaces/navigation/install/dwa_main/share/ament_index/resource_index/parent_prefix_path/dwa_main
[0.227s] -- Up-to-date: /mnt/nova_ssd/workspaces/navigation/install/dwa_main/share/dwa_main/environment/ament_prefix_path.sh
[0.227s] -- Up-to-date: /mnt/nova_ssd/workspaces/navigation/install/dwa_main/share/dwa_main/environment/ament_prefix_path.dsv
[0.227s] -- Up-to-date: /mnt/nova_ssd/workspaces/navigation/install/dwa_main/share/dwa_main/environment/path.sh
[0.227s] -- Up-to-date: /mnt/nova_ssd/workspaces/navigation/install/dwa_main/share/dwa_main/environment/path.dsv
[0.228s] -- Up-to-date: /mnt/nova_ssd/workspaces/navigation/install/dwa_main/share/dwa_main/local_setup.bash
[0.228s] -- Up-to-date: /mnt/nova_ssd/workspaces/navigation/install/dwa_main/share/dwa_main/local_setup.sh
[0.228s] -- Up-to-date: /mnt/nova_ssd/workspaces/navigation/install/dwa_main/share/dwa_main/local_setup.zsh
[0.229s] -- Up-to-date: /mnt/nova_ssd/workspaces/navigation/install/dwa_main/share/dwa_main/local_setup.dsv
[0.231s] -- Installing: /mnt/nova_ssd/workspaces/navigation/install/dwa_main/share/dwa_main/package.dsv
[0.231s] -- Up-to-date: /mnt/nova_ssd/workspaces/navigation/install/dwa_main/share/ament_index/resource_index/packages/dwa_main
[0.232s] -- Up-to-date: /mnt/nova_ssd/workspaces/navigation/install/dwa_main/share/dwa_main/cmake/dwa_mainConfig.cmake
[0.232s] -- Up-to-date: /mnt/nova_ssd/workspaces/navigation/install/dwa_main/share/dwa_main/cmake/dwa_mainConfig-version.cmake
[0.233s] -- Up-to-date: /mnt/nova_ssd/workspaces/navigation/install/dwa_main/share/dwa_main/package.xml
[0.233s] Invoked command in '/mnt/nova_ssd/workspaces/navigation/build/dwa_main' returned '0': CMAKE_PREFIX_PATH=${CMAKE_PREFIX_PATH}:/opt/ros/humble /usr/bin/cmake --install /mnt/nova_ssd/workspaces/navigation/build/dwa_main
