[1.608s] Invoking command in '/mnt/nova_ssd/workspaces/pcl_ws/src/my_package': PYTHONPATH=/mnt/nova_ssd/workspaces/pcl_ws/build/my_package/prefix_override:/usr/lib/python3/dist-packages/colcon_core/task/python/colcon_distutils_commands:/mnt/nova_ssd/workspaces/pcl_ws/install/my_package/lib/python3.10/site-packages:${PYTHONPATH} /usr/bin/python3 -W ignore:setup.py install is deprecated setup.py egg_info --egg-base ../../build/my_package build --build-base /mnt/nova_ssd/workspaces/pcl_ws/build/my_package/build install --record /mnt/nova_ssd/workspaces/pcl_ws/build/my_package/install.log --single-version-externally-managed install_data
[1.998s] running egg_info
[2.000s] writing ../../build/my_package/my_package.egg-info/PKG-INFO
[2.000s] writing dependency_links to ../../build/my_package/my_package.egg-info/dependency_links.txt
[2.000s] writing entry points to ../../build/my_package/my_package.egg-info/entry_points.txt
[2.000s] writing requirements to ../../build/my_package/my_package.egg-info/requires.txt
[2.000s] writing top-level names to ../../build/my_package/my_package.egg-info/top_level.txt
[2.004s] reading manifest file '../../build/my_package/my_package.egg-info/SOURCES.txt'
[2.005s] writing manifest file '../../build/my_package/my_package.egg-info/SOURCES.txt'
[2.005s] running build
[2.005s] running build_py
[2.005s] running install
[2.006s] running install_lib
[2.008s] running install_data
[2.009s] running install_egg_info
[2.011s] removing '/mnt/nova_ssd/workspaces/pcl_ws/install/my_package/lib/python3.10/site-packages/my_package-0.0.0-py3.10.egg-info' (and everything under it)
[2.012s] Copying ../../build/my_package/my_package.egg-info to /mnt/nova_ssd/workspaces/pcl_ws/install/my_package/lib/python3.10/site-packages/my_package-0.0.0-py3.10.egg-info
[2.013s] running install_scripts
[2.051s] Installing my_node script to /mnt/nova_ssd/workspaces/pcl_ws/install/my_package/lib/my_package
[2.051s] writing list of installed files to '/mnt/nova_ssd/workspaces/pcl_ws/build/my_package/install.log'
[2.114s] Invoked command in '/mnt/nova_ssd/workspaces/pcl_ws/src/my_package' returned '0': PYTHONPATH=/mnt/nova_ssd/workspaces/pcl_ws/build/my_package/prefix_override:/usr/lib/python3/dist-packages/colcon_core/task/python/colcon_distutils_commands:/mnt/nova_ssd/workspaces/pcl_ws/install/my_package/lib/python3.10/site-packages:${PYTHONPATH} /usr/bin/python3 -W ignore:setup.py install is deprecated setup.py egg_info --egg-base ../../build/my_package build --build-base /mnt/nova_ssd/workspaces/pcl_ws/build/my_package/build install --record /mnt/nova_ssd/workspaces/pcl_ws/build/my_package/install.log --single-version-externally-managed install_data
