[0.192s] DEBUG:colcon:Command line arguments: ['/usr/bin/colcon', 'build']
[0.193s] DEBUG:colcon:Parsed command line arguments: Namespace(log_base=None, log_level=None, verb_name='build', build_base='build', install_base='install', merge_install=False, symlink_install=False, test_result_base=None, continue_on_error=False, executor='parallel', parallel_workers=12, event_handlers=None, ignore_user_meta=False, metas=['./colcon.meta'], base_paths=['.'], packages_ignore=None, packages_ignore_regex=None, paths=None, packages_up_to=None, packages_up_to_regex=None, packages_above=None, packages_above_and_dependencies=None, packages_above_depth=None, packages_select_by_dep=None, packages_skip_by_dep=None, packages_skip_up_to=None, packages_select_build_failed=False, packages_skip_build_finished=False, packages_select_test_failures=False, packages_skip_test_passed=False, packages_select=None, packages_skip=None, packages_select_regex=None, packages_skip_regex=None, packages_start=None, packages_end=None, allow_overriding=[], cmake_args=None, cmake_target=None, cmake_target_skip_unavailable=False, cmake_clean_cache=False, cmake_clean_first=False, cmake_force_configure=False, ament_cmake_args=None, catkin_cmake_args=None, catkin_skip_building_tests=False, mixin_files=None, mixin=None, verb_parser=<colcon_mixin.mixin.mixin_argument.MixinArgumentDecorator object at 0xffffa7462440>, verb_extension=<colcon_core.verb.build.BuildVerb object at 0xffffa7572ad0>, main=<bound method BuildVerb.main of <colcon_core.verb.build.BuildVerb object at 0xffffa7572ad0>>, mixin_verb=('build',))
[0.462s] Level 1:colcon.colcon_core.package_discovery:discover_packages(colcon_meta) check parameters
[0.463s] Level 1:colcon.colcon_core.package_discovery:discover_packages(recursive) check parameters
[0.463s] Level 1:colcon.colcon_core.package_discovery:discover_packages(ignore) check parameters
[0.463s] Level 1:colcon.colcon_core.package_discovery:discover_packages(path) check parameters
[0.464s] Level 1:colcon.colcon_core.package_discovery:discover_packages(colcon_meta) discover
[0.464s] Level 1:colcon.colcon_core.package_discovery:discover_packages(recursive) discover
[0.464s] INFO:colcon.colcon_core.package_discovery:Crawling recursively for packages in '/mnt/nova_ssd/workspaces/navigation'
[0.465s] Level 1:colcon.colcon_core.package_identification:_identify(.) by extensions ['ignore', 'ignore_ament_install']
[0.466s] Level 1:colcon.colcon_core.package_identification:_identify(.) by extension 'ignore'
[0.466s] Level 1:colcon.colcon_core.package_identification:_identify(.) by extension 'ignore_ament_install'
[0.466s] Level 1:colcon.colcon_core.package_identification:_identify(.) by extensions ['colcon_pkg']
[0.467s] Level 1:colcon.colcon_core.package_identification:_identify(.) by extension 'colcon_pkg'
[0.467s] Level 1:colcon.colcon_core.package_identification:_identify(.) by extensions ['colcon_meta']
[0.467s] Level 1:colcon.colcon_core.package_identification:_identify(.) by extension 'colcon_meta'
[0.467s] Level 1:colcon.colcon_core.package_identification:_identify(.) by extensions ['ros']
[0.468s] Level 1:colcon.colcon_core.package_identification:_identify(.) by extension 'ros'
[0.487s] Level 1:colcon.colcon_core.package_identification:_identify(.) by extensions ['cmake', 'python']
[0.487s] Level 1:colcon.colcon_core.package_identification:_identify(.) by extension 'cmake'
[0.488s] Level 1:colcon.colcon_core.package_identification:_identify(.) by extension 'python'
[0.488s] Level 1:colcon.colcon_core.package_identification:_identify(.) by extensions ['python_setup_py']
[0.489s] Level 1:colcon.colcon_core.package_identification:_identify(.) by extension 'python_setup_py'
[0.489s] Level 1:colcon.colcon_core.package_identification:_identify(build) by extensions ['ignore', 'ignore_ament_install']
[0.490s] Level 1:colcon.colcon_core.package_identification:_identify(build) by extension 'ignore'
[0.490s] Level 1:colcon.colcon_core.package_identification:_identify(build) ignored
[0.491s] Level 1:colcon.colcon_core.package_identification:_identify(install) by extensions ['ignore', 'ignore_ament_install']
[0.491s] Level 1:colcon.colcon_core.package_identification:_identify(install) by extension 'ignore'
[0.492s] Level 1:colcon.colcon_core.package_identification:_identify(install) ignored
[0.493s] Level 1:colcon.colcon_core.package_identification:_identify(log) by extensions ['ignore', 'ignore_ament_install']
[0.493s] Level 1:colcon.colcon_core.package_identification:_identify(log) by extension 'ignore'
[0.494s] Level 1:colcon.colcon_core.package_identification:_identify(log) ignored
[0.494s] Level 1:colcon.colcon_core.package_identification:_identify(src) by extensions ['ignore', 'ignore_ament_install']
[0.495s] Level 1:colcon.colcon_core.package_identification:_identify(src) by extension 'ignore'
[0.495s] Level 1:colcon.colcon_core.package_identification:_identify(src) by extension 'ignore_ament_install'
[0.496s] Level 1:colcon.colcon_core.package_identification:_identify(src) by extensions ['colcon_pkg']
[0.496s] Level 1:colcon.colcon_core.package_identification:_identify(src) by extension 'colcon_pkg'
[0.497s] Level 1:colcon.colcon_core.package_identification:_identify(src) by extensions ['colcon_meta']
[0.497s] Level 1:colcon.colcon_core.package_identification:_identify(src) by extension 'colcon_meta'
[0.497s] Level 1:colcon.colcon_core.package_identification:_identify(src) by extensions ['ros']
[0.498s] Level 1:colcon.colcon_core.package_identification:_identify(src) by extension 'ros'
[0.498s] Level 1:colcon.colcon_core.package_identification:_identify(src) by extensions ['cmake', 'python']
[0.499s] Level 1:colcon.colcon_core.package_identification:_identify(src) by extension 'cmake'
[0.499s] Level 1:colcon.colcon_core.package_identification:_identify(src) by extension 'python'
[0.500s] Level 1:colcon.colcon_core.package_identification:_identify(src) by extensions ['python_setup_py']
[0.500s] Level 1:colcon.colcon_core.package_identification:_identify(src) by extension 'python_setup_py'
[0.501s] Level 1:colcon.colcon_core.package_identification:_identify(src/build) by extensions ['ignore', 'ignore_ament_install']
[0.501s] Level 1:colcon.colcon_core.package_identification:_identify(src/build) by extension 'ignore'
[0.502s] Level 1:colcon.colcon_core.package_identification:_identify(src/build) ignored
[0.502s] Level 1:colcon.colcon_core.package_identification:_identify(src/costmap_converter) by extensions ['ignore', 'ignore_ament_install']
[0.503s] Level 1:colcon.colcon_core.package_identification:_identify(src/costmap_converter) by extension 'ignore'
[0.503s] Level 1:colcon.colcon_core.package_identification:_identify(src/costmap_converter) by extension 'ignore_ament_install'
[0.504s] Level 1:colcon.colcon_core.package_identification:_identify(src/costmap_converter) by extensions ['colcon_pkg']
[0.504s] Level 1:colcon.colcon_core.package_identification:_identify(src/costmap_converter) by extension 'colcon_pkg'
[0.505s] Level 1:colcon.colcon_core.package_identification:_identify(src/costmap_converter) by extensions ['colcon_meta']
[0.505s] Level 1:colcon.colcon_core.package_identification:_identify(src/costmap_converter) by extension 'colcon_meta'
[0.506s] Level 1:colcon.colcon_core.package_identification:_identify(src/costmap_converter) by extensions ['ros']
[0.507s] Level 1:colcon.colcon_core.package_identification:_identify(src/costmap_converter) by extension 'ros'
[0.507s] Level 1:colcon.colcon_core.package_identification:_identify(src/costmap_converter) by extensions ['cmake', 'python']
[0.508s] Level 1:colcon.colcon_core.package_identification:_identify(src/costmap_converter) by extension 'cmake'
[0.508s] Level 1:colcon.colcon_core.package_identification:_identify(src/costmap_converter) by extension 'python'
[0.509s] Level 1:colcon.colcon_core.package_identification:_identify(src/costmap_converter) by extensions ['python_setup_py']
[0.509s] Level 1:colcon.colcon_core.package_identification:_identify(src/costmap_converter) by extension 'python_setup_py'
[0.510s] Level 1:colcon.colcon_core.package_identification:_identify(src/costmap_converter/costmap_converter) by extensions ['ignore', 'ignore_ament_install']
[0.510s] Level 1:colcon.colcon_core.package_identification:_identify(src/costmap_converter/costmap_converter) by extension 'ignore'
[0.511s] Level 1:colcon.colcon_core.package_identification:_identify(src/costmap_converter/costmap_converter) by extension 'ignore_ament_install'
[0.511s] Level 1:colcon.colcon_core.package_identification:_identify(src/costmap_converter/costmap_converter) by extensions ['colcon_pkg']
[0.512s] Level 1:colcon.colcon_core.package_identification:_identify(src/costmap_converter/costmap_converter) by extension 'colcon_pkg'
[0.513s] Level 1:colcon.colcon_core.package_identification:_identify(src/costmap_converter/costmap_converter) by extensions ['colcon_meta']
[0.513s] Level 1:colcon.colcon_core.package_identification:_identify(src/costmap_converter/costmap_converter) by extension 'colcon_meta'
[0.514s] Level 1:colcon.colcon_core.package_identification:_identify(src/costmap_converter/costmap_converter) by extensions ['ros']
[0.515s] Level 1:colcon.colcon_core.package_identification:_identify(src/costmap_converter/costmap_converter) by extension 'ros'
[0.521s] DEBUG:colcon.colcon_core.package_identification:Package 'src/costmap_converter/costmap_converter' with type 'ros.ament_cmake' and name 'costmap_converter'
[0.521s] Level 1:colcon.colcon_core.package_identification:_identify(src/costmap_converter/costmap_converter_msgs) by extensions ['ignore', 'ignore_ament_install']
[0.522s] Level 1:colcon.colcon_core.package_identification:_identify(src/costmap_converter/costmap_converter_msgs) by extension 'ignore'
[0.522s] Level 1:colcon.colcon_core.package_identification:_identify(src/costmap_converter/costmap_converter_msgs) by extension 'ignore_ament_install'
[0.522s] Level 1:colcon.colcon_core.package_identification:_identify(src/costmap_converter/costmap_converter_msgs) by extensions ['colcon_pkg']
[0.523s] Level 1:colcon.colcon_core.package_identification:_identify(src/costmap_converter/costmap_converter_msgs) by extension 'colcon_pkg'
[0.523s] Level 1:colcon.colcon_core.package_identification:_identify(src/costmap_converter/costmap_converter_msgs) by extensions ['colcon_meta']
[0.523s] Level 1:colcon.colcon_core.package_identification:_identify(src/costmap_converter/costmap_converter_msgs) by extension 'colcon_meta'
[0.524s] Level 1:colcon.colcon_core.package_identification:_identify(src/costmap_converter/costmap_converter_msgs) by extensions ['ros']
[0.524s] Level 1:colcon.colcon_core.package_identification:_identify(src/costmap_converter/costmap_converter_msgs) by extension 'ros'
[0.526s] DEBUG:colcon.colcon_core.package_identification:Package 'src/costmap_converter/costmap_converter_msgs' with type 'ros.ament_cmake' and name 'costmap_converter_msgs'
[0.526s] Level 1:colcon.colcon_core.package_identification:_identify(src/dstar_main) by extensions ['ignore', 'ignore_ament_install']
[0.527s] Level 1:colcon.colcon_core.package_identification:_identify(src/dstar_main) by extension 'ignore'
[0.527s] Level 1:colcon.colcon_core.package_identification:_identify(src/dstar_main) by extension 'ignore_ament_install'
[0.528s] Level 1:colcon.colcon_core.package_identification:_identify(src/dstar_main) by extensions ['colcon_pkg']
[0.528s] Level 1:colcon.colcon_core.package_identification:_identify(src/dstar_main) by extension 'colcon_pkg'
[0.529s] Level 1:colcon.colcon_core.package_identification:_identify(src/dstar_main) by extensions ['colcon_meta']
[0.529s] Level 1:colcon.colcon_core.package_identification:_identify(src/dstar_main) by extension 'colcon_meta'
[0.530s] Level 1:colcon.colcon_core.package_identification:_identify(src/dstar_main) by extensions ['ros']
[0.530s] Level 1:colcon.colcon_core.package_identification:_identify(src/dstar_main) by extension 'ros'
[0.533s] DEBUG:colcon.colcon_core.package_identification:Package 'src/dstar_main' with type 'ros.ament_cmake' and name 'dstar_main'
[0.534s] Level 1:colcon.colcon_core.package_identification:_identify(src/dwa_main) by extensions ['ignore', 'ignore_ament_install']
[0.535s] Level 1:colcon.colcon_core.package_identification:_identify(src/dwa_main) by extension 'ignore'
[0.535s] Level 1:colcon.colcon_core.package_identification:_identify(src/dwa_main) by extension 'ignore_ament_install'
[0.536s] Level 1:colcon.colcon_core.package_identification:_identify(src/dwa_main) by extensions ['colcon_pkg']
[0.536s] Level 1:colcon.colcon_core.package_identification:_identify(src/dwa_main) by extension 'colcon_pkg'
[0.537s] Level 1:colcon.colcon_core.package_identification:_identify(src/dwa_main) by extensions ['colcon_meta']
[0.537s] Level 1:colcon.colcon_core.package_identification:_identify(src/dwa_main) by extension 'colcon_meta'
[0.538s] Level 1:colcon.colcon_core.package_identification:_identify(src/dwa_main) by extensions ['ros']
[0.538s] Level 1:colcon.colcon_core.package_identification:_identify(src/dwa_main) by extension 'ros'
[0.540s] DEBUG:colcon.colcon_core.package_identification:Package 'src/dwa_main' with type 'ros.ament_cmake' and name 'dwa_main'
[0.540s] Level 1:colcon.colcon_core.package_identification:_identify(src/install) by extensions ['ignore', 'ignore_ament_install']
[0.541s] Level 1:colcon.colcon_core.package_identification:_identify(src/install) by extension 'ignore'
[0.541s] Level 1:colcon.colcon_core.package_identification:_identify(src/install) ignored
[0.542s] Level 1:colcon.colcon_core.package_identification:_identify(src/log) by extensions ['ignore', 'ignore_ament_install']
[0.542s] Level 1:colcon.colcon_core.package_identification:_identify(src/log) by extension 'ignore'
[0.543s] Level 1:colcon.colcon_core.package_identification:_identify(src/log) ignored
[0.543s] Level 1:colcon.colcon_core.package_discovery:discover_packages(recursive) using defaults
[0.544s] Level 1:colcon.colcon_core.package_discovery:discover_packages(ignore) discover
[0.544s] Level 1:colcon.colcon_core.package_discovery:discover_packages(ignore) using defaults
[0.545s] Level 1:colcon.colcon_core.package_discovery:discover_packages(path) discover
[0.545s] Level 1:colcon.colcon_core.package_discovery:discover_packages(path) using defaults
[0.606s] Level 1:colcon.colcon_core.package_discovery:discover_packages(prefix_path) check parameters
[0.607s] Level 1:colcon.colcon_core.package_discovery:discover_packages(prefix_path) discover
[0.611s] DEBUG:colcon.colcon_installed_package_information.package_discovery:Found 1 installed packages in /mnt/nova_ssd/workspaces/texttopoint_ws/install
[0.612s] DEBUG:colcon.colcon_installed_package_information.package_discovery:Found 1 installed packages in /mnt/nova_ssd/workspaces/kiss-icp_ws/install
[0.613s] DEBUG:colcon.colcon_installed_package_information.package_discovery:Found 1 installed packages in /mnt/nova_ssd/workspaces/3d_lidar/src/ws_livox/install
[0.614s] DEBUG:colcon.colcon_installed_package_information.package_discovery:Found 4 installed packages in /mnt/nova_ssd/workspaces/scout/install
[0.615s] DEBUG:colcon.colcon_installed_package_information.package_discovery:Found 4 installed packages in /mnt/nova_ssd/workspaces/navigation/install
[0.616s] DEBUG:colcon.colcon_installed_package_information.package_discovery:Found 1 installed packages in /mnt/nova_ssd/workspaces/octomap_ws/install
[0.617s] DEBUG:colcon.colcon_installed_package_information.package_discovery:Found 6 installed packages in /mnt/nova_ssd/workspaces/pcl_ws/install
[0.620s] DEBUG:colcon.colcon_installed_package_information.package_discovery:Found 363 installed packages in /opt/ros/humble
[0.622s] Level 1:colcon.colcon_core.package_discovery:discover_packages(prefix_path) using defaults
[0.693s] Level 5:colcon.colcon_core.verb:set package 'costmap_converter_msgs' build argument 'cmake_args' from command line to 'None'
[0.693s] Level 5:colcon.colcon_core.verb:set package 'costmap_converter_msgs' build argument 'cmake_target' from command line to 'None'
[0.694s] Level 5:colcon.colcon_core.verb:set package 'costmap_converter_msgs' build argument 'cmake_target_skip_unavailable' from command line to 'False'
[0.694s] Level 5:colcon.colcon_core.verb:set package 'costmap_converter_msgs' build argument 'cmake_clean_cache' from command line to 'False'
[0.694s] Level 5:colcon.colcon_core.verb:set package 'costmap_converter_msgs' build argument 'cmake_clean_first' from command line to 'False'
[0.695s] Level 5:colcon.colcon_core.verb:set package 'costmap_converter_msgs' build argument 'cmake_force_configure' from command line to 'False'
[0.695s] Level 5:colcon.colcon_core.verb:set package 'costmap_converter_msgs' build argument 'ament_cmake_args' from command line to 'None'
[0.695s] Level 5:colcon.colcon_core.verb:set package 'costmap_converter_msgs' build argument 'catkin_cmake_args' from command line to 'None'
[0.696s] Level 5:colcon.colcon_core.verb:set package 'costmap_converter_msgs' build argument 'catkin_skip_building_tests' from command line to 'False'
[0.696s] DEBUG:colcon.colcon_core.verb:Building package 'costmap_converter_msgs' with the following arguments: {'ament_cmake_args': None, 'build_base': '/mnt/nova_ssd/workspaces/navigation/build/costmap_converter_msgs', 'catkin_cmake_args': None, 'catkin_skip_building_tests': False, 'cmake_args': None, 'cmake_clean_cache': False, 'cmake_clean_first': False, 'cmake_force_configure': False, 'cmake_target': None, 'cmake_target_skip_unavailable': False, 'install_base': '/mnt/nova_ssd/workspaces/navigation/install/costmap_converter_msgs', 'merge_install': False, 'path': '/mnt/nova_ssd/workspaces/navigation/src/costmap_converter/costmap_converter_msgs', 'symlink_install': False, 'test_result_base': None}
[0.697s] Level 5:colcon.colcon_core.verb:set package 'dstar_main' build argument 'cmake_args' from command line to 'None'
[0.697s] Level 5:colcon.colcon_core.verb:set package 'dstar_main' build argument 'cmake_target' from command line to 'None'
[0.698s] Level 5:colcon.colcon_core.verb:set package 'dstar_main' build argument 'cmake_target_skip_unavailable' from command line to 'False'
[0.698s] Level 5:colcon.colcon_core.verb:set package 'dstar_main' build argument 'cmake_clean_cache' from command line to 'False'
[0.698s] Level 5:colcon.colcon_core.verb:set package 'dstar_main' build argument 'cmake_clean_first' from command line to 'False'
[0.698s] Level 5:colcon.colcon_core.verb:set package 'dstar_main' build argument 'cmake_force_configure' from command line to 'False'
[0.699s] Level 5:colcon.colcon_core.verb:set package 'dstar_main' build argument 'ament_cmake_args' from command line to 'None'
[0.699s] Level 5:colcon.colcon_core.verb:set package 'dstar_main' build argument 'catkin_cmake_args' from command line to 'None'
[0.699s] Level 5:colcon.colcon_core.verb:set package 'dstar_main' build argument 'catkin_skip_building_tests' from command line to 'False'
[0.700s] DEBUG:colcon.colcon_core.verb:Building package 'dstar_main' with the following arguments: {'ament_cmake_args': None, 'build_base': '/mnt/nova_ssd/workspaces/navigation/build/dstar_main', 'catkin_cmake_args': None, 'catkin_skip_building_tests': False, 'cmake_args': None, 'cmake_clean_cache': False, 'cmake_clean_first': False, 'cmake_force_configure': False, 'cmake_target': None, 'cmake_target_skip_unavailable': False, 'install_base': '/mnt/nova_ssd/workspaces/navigation/install/dstar_main', 'merge_install': False, 'path': '/mnt/nova_ssd/workspaces/navigation/src/dstar_main', 'symlink_install': False, 'test_result_base': None}
[0.701s] Level 5:colcon.colcon_core.verb:set package 'dwa_main' build argument 'cmake_args' from command line to 'None'
[0.701s] Level 5:colcon.colcon_core.verb:set package 'dwa_main' build argument 'cmake_target' from command line to 'None'
[0.701s] Level 5:colcon.colcon_core.verb:set package 'dwa_main' build argument 'cmake_target_skip_unavailable' from command line to 'False'
[0.701s] Level 5:colcon.colcon_core.verb:set package 'dwa_main' build argument 'cmake_clean_cache' from command line to 'False'
[0.701s] Level 5:colcon.colcon_core.verb:set package 'dwa_main' build argument 'cmake_clean_first' from command line to 'False'
[0.701s] Level 5:colcon.colcon_core.verb:set package 'dwa_main' build argument 'cmake_force_configure' from command line to 'False'
[0.701s] Level 5:colcon.colcon_core.verb:set package 'dwa_main' build argument 'ament_cmake_args' from command line to 'None'
[0.701s] Level 5:colcon.colcon_core.verb:set package 'dwa_main' build argument 'catkin_cmake_args' from command line to 'None'
[0.702s] Level 5:colcon.colcon_core.verb:set package 'dwa_main' build argument 'catkin_skip_building_tests' from command line to 'False'
[0.702s] DEBUG:colcon.colcon_core.verb:Building package 'dwa_main' with the following arguments: {'ament_cmake_args': None, 'build_base': '/mnt/nova_ssd/workspaces/navigation/build/dwa_main', 'catkin_cmake_args': None, 'catkin_skip_building_tests': False, 'cmake_args': None, 'cmake_clean_cache': False, 'cmake_clean_first': False, 'cmake_force_configure': False, 'cmake_target': None, 'cmake_target_skip_unavailable': False, 'install_base': '/mnt/nova_ssd/workspaces/navigation/install/dwa_main', 'merge_install': False, 'path': '/mnt/nova_ssd/workspaces/navigation/src/dwa_main', 'symlink_install': False, 'test_result_base': None}
[0.702s] Level 5:colcon.colcon_core.verb:set package 'costmap_converter' build argument 'cmake_args' from command line to 'None'
[0.702s] Level 5:colcon.colcon_core.verb:set package 'costmap_converter' build argument 'cmake_target' from command line to 'None'
[0.702s] Level 5:colcon.colcon_core.verb:set package 'costmap_converter' build argument 'cmake_target_skip_unavailable' from command line to 'False'
[0.702s] Level 5:colcon.colcon_core.verb:set package 'costmap_converter' build argument 'cmake_clean_cache' from command line to 'False'
[0.702s] Level 5:colcon.colcon_core.verb:set package 'costmap_converter' build argument 'cmake_clean_first' from command line to 'False'
[0.702s] Level 5:colcon.colcon_core.verb:set package 'costmap_converter' build argument 'cmake_force_configure' from command line to 'False'
[0.703s] Level 5:colcon.colcon_core.verb:set package 'costmap_converter' build argument 'ament_cmake_args' from command line to 'None'
[0.703s] Level 5:colcon.colcon_core.verb:set package 'costmap_converter' build argument 'catkin_cmake_args' from command line to 'None'
[0.703s] Level 5:colcon.colcon_core.verb:set package 'costmap_converter' build argument 'catkin_skip_building_tests' from command line to 'False'
[0.703s] DEBUG:colcon.colcon_core.verb:Building package 'costmap_converter' with the following arguments: {'ament_cmake_args': None, 'build_base': '/mnt/nova_ssd/workspaces/navigation/build/costmap_converter', 'catkin_cmake_args': None, 'catkin_skip_building_tests': False, 'cmake_args': None, 'cmake_clean_cache': False, 'cmake_clean_first': False, 'cmake_force_configure': False, 'cmake_target': None, 'cmake_target_skip_unavailable': False, 'install_base': '/mnt/nova_ssd/workspaces/navigation/install/costmap_converter', 'merge_install': False, 'path': '/mnt/nova_ssd/workspaces/navigation/src/costmap_converter/costmap_converter', 'symlink_install': False, 'test_result_base': None}
[0.703s] INFO:colcon.colcon_core.executor:Executing jobs using 'parallel' executor
[0.704s] DEBUG:colcon.colcon_parallel_executor.executor.parallel:run_until_complete
[0.705s] INFO:colcon.colcon_ros.task.ament_cmake.build:Building ROS package in '/mnt/nova_ssd/workspaces/navigation/src/costmap_converter/costmap_converter_msgs' with build type 'ament_cmake'
[0.706s] INFO:colcon.colcon_cmake.task.cmake.build:Building CMake package in '/mnt/nova_ssd/workspaces/navigation/src/costmap_converter/costmap_converter_msgs'
[0.710s] INFO:colcon.colcon_core.plugin_system:Skipping extension 'colcon_core.shell.bat': Not used on non-Windows systems
[0.710s] INFO:colcon.colcon_core.shell:Skip shell extension 'powershell' for command environment: Not usable outside of PowerShell
[0.710s] DEBUG:colcon.colcon_core.shell:Skip shell extension 'dsv' for command environment
[0.721s] INFO:colcon.colcon_ros.task.ament_cmake.build:Building ROS package in '/mnt/nova_ssd/workspaces/navigation/src/dstar_main' with build type 'ament_cmake'
[0.722s] INFO:colcon.colcon_cmake.task.cmake.build:Building CMake package in '/mnt/nova_ssd/workspaces/navigation/src/dstar_main'
[0.722s] INFO:colcon.colcon_core.shell:Skip shell extension 'powershell' for command environment: Not usable outside of PowerShell
[0.722s] DEBUG:colcon.colcon_core.shell:Skip shell extension 'dsv' for command environment
[0.732s] INFO:colcon.colcon_ros.task.ament_cmake.build:Building ROS package in '/mnt/nova_ssd/workspaces/navigation/src/dwa_main' with build type 'ament_cmake'
[0.733s] INFO:colcon.colcon_cmake.task.cmake.build:Building CMake package in '/mnt/nova_ssd/workspaces/navigation/src/dwa_main'
[0.734s] INFO:colcon.colcon_core.shell:Skip shell extension 'powershell' for command environment: Not usable outside of PowerShell
[0.734s] DEBUG:colcon.colcon_core.shell:Skip shell extension 'dsv' for command environment
[0.751s] DEBUG:colcon.colcon_core.event_handler.log_command:Invoking command in '/mnt/nova_ssd/workspaces/navigation/build/costmap_converter_msgs': CMAKE_PREFIX_PATH=/mnt/nova_ssd/workspaces/navigation/install/dwa_main:/mnt/nova_ssd/workspaces/navigation/install/dstar_main:/mnt/nova_ssd/workspaces/navigation/install/costmap_converter:/mnt/nova_ssd/workspaces/navigation/install/costmap_converter_msgs:/mnt/nova_ssd/workspaces/texttopoint_ws/install/point_publisher_pkg:/mnt/nova_ssd/workspaces/kiss-icp_ws/install/kiss_icp:/mnt/nova_ssd/workspaces/3d_lidar/src/ws_livox/install/livox_ros_driver2:/mnt/nova_ssd/workspaces/scout/install/scout_base:/mnt/nova_ssd/workspaces/pcl_ws/install/my_package:/mnt/nova_ssd/workspaces/pcl_ws/install/livox_tf:/opt/ros/humble:/mnt/nova_ssd/workspaces/scout/install/ugv_sdk:/mnt/nova_ssd/workspaces/scout/install/scout_msgs:/mnt/nova_ssd/workspaces/scout/install/scout_description:/mnt/nova_ssd/workspaces/octomap_ws/install/octomap_example:/mnt/nova_ssd/workspaces/pcl_ws/install/projected_pcl:/mnt/nova_ssd/workspaces/pcl_ws/install/pointcloud_to_laserscan:/mnt/nova_ssd/workspaces/pcl_ws/install/pcl_object_detection:/mnt/nova_ssd/workspaces/pcl_ws/install/pcl_filter /usr/bin/cmake --build /mnt/nova_ssd/workspaces/navigation/build/costmap_converter_msgs -- -j12 -l12
[0.766s] DEBUG:colcon.colcon_core.event_handler.log_command:Invoking command in '/mnt/nova_ssd/workspaces/navigation/build/dstar_main': CMAKE_PREFIX_PATH=/mnt/nova_ssd/workspaces/navigation/install/dwa_main:/mnt/nova_ssd/workspaces/navigation/install/dstar_main:/mnt/nova_ssd/workspaces/navigation/install/costmap_converter:/mnt/nova_ssd/workspaces/navigation/install/costmap_converter_msgs:/mnt/nova_ssd/workspaces/texttopoint_ws/install/point_publisher_pkg:/mnt/nova_ssd/workspaces/kiss-icp_ws/install/kiss_icp:/mnt/nova_ssd/workspaces/3d_lidar/src/ws_livox/install/livox_ros_driver2:/mnt/nova_ssd/workspaces/scout/install/scout_base:/mnt/nova_ssd/workspaces/pcl_ws/install/my_package:/mnt/nova_ssd/workspaces/pcl_ws/install/livox_tf:/opt/ros/humble:/mnt/nova_ssd/workspaces/scout/install/ugv_sdk:/mnt/nova_ssd/workspaces/scout/install/scout_msgs:/mnt/nova_ssd/workspaces/scout/install/scout_description:/mnt/nova_ssd/workspaces/octomap_ws/install/octomap_example:/mnt/nova_ssd/workspaces/pcl_ws/install/projected_pcl:/mnt/nova_ssd/workspaces/pcl_ws/install/pointcloud_to_laserscan:/mnt/nova_ssd/workspaces/pcl_ws/install/pcl_object_detection:/mnt/nova_ssd/workspaces/pcl_ws/install/pcl_filter /usr/bin/cmake --build /mnt/nova_ssd/workspaces/navigation/build/dstar_main -- -j12 -l12
[0.776s] DEBUG:colcon.colcon_core.event_handler.log_command:Invoking command in '/mnt/nova_ssd/workspaces/navigation/build/dwa_main': CMAKE_PREFIX_PATH=/mnt/nova_ssd/workspaces/navigation/install/dwa_main:/mnt/nova_ssd/workspaces/navigation/install/dstar_main:/mnt/nova_ssd/workspaces/navigation/install/costmap_converter:/mnt/nova_ssd/workspaces/navigation/install/costmap_converter_msgs:/mnt/nova_ssd/workspaces/texttopoint_ws/install/point_publisher_pkg:/mnt/nova_ssd/workspaces/kiss-icp_ws/install/kiss_icp:/mnt/nova_ssd/workspaces/3d_lidar/src/ws_livox/install/livox_ros_driver2:/mnt/nova_ssd/workspaces/scout/install/scout_base:/mnt/nova_ssd/workspaces/pcl_ws/install/my_package:/mnt/nova_ssd/workspaces/pcl_ws/install/livox_tf:/opt/ros/humble:/mnt/nova_ssd/workspaces/scout/install/ugv_sdk:/mnt/nova_ssd/workspaces/scout/install/scout_msgs:/mnt/nova_ssd/workspaces/scout/install/scout_description:/mnt/nova_ssd/workspaces/octomap_ws/install/octomap_example:/mnt/nova_ssd/workspaces/pcl_ws/install/projected_pcl:/mnt/nova_ssd/workspaces/pcl_ws/install/pointcloud_to_laserscan:/mnt/nova_ssd/workspaces/pcl_ws/install/pcl_object_detection:/mnt/nova_ssd/workspaces/pcl_ws/install/pcl_filter /usr/bin/cmake --build /mnt/nova_ssd/workspaces/navigation/build/dwa_main -- -j12 -l12
[0.926s] DEBUG:colcon.colcon_core.event_handler.log_command:Invoked command in '/mnt/nova_ssd/workspaces/navigation/build/dwa_main' returned '0': CMAKE_PREFIX_PATH=/mnt/nova_ssd/workspaces/navigation/install/dwa_main:/mnt/nova_ssd/workspaces/navigation/install/dstar_main:/mnt/nova_ssd/workspaces/navigation/install/costmap_converter:/mnt/nova_ssd/workspaces/navigation/install/costmap_converter_msgs:/mnt/nova_ssd/workspaces/texttopoint_ws/install/point_publisher_pkg:/mnt/nova_ssd/workspaces/kiss-icp_ws/install/kiss_icp:/mnt/nova_ssd/workspaces/3d_lidar/src/ws_livox/install/livox_ros_driver2:/mnt/nova_ssd/workspaces/scout/install/scout_base:/mnt/nova_ssd/workspaces/pcl_ws/install/my_package:/mnt/nova_ssd/workspaces/pcl_ws/install/livox_tf:/opt/ros/humble:/mnt/nova_ssd/workspaces/scout/install/ugv_sdk:/mnt/nova_ssd/workspaces/scout/install/scout_msgs:/mnt/nova_ssd/workspaces/scout/install/scout_description:/mnt/nova_ssd/workspaces/octomap_ws/install/octomap_example:/mnt/nova_ssd/workspaces/pcl_ws/install/projected_pcl:/mnt/nova_ssd/workspaces/pcl_ws/install/pointcloud_to_laserscan:/mnt/nova_ssd/workspaces/pcl_ws/install/pcl_object_detection:/mnt/nova_ssd/workspaces/pcl_ws/install/pcl_filter /usr/bin/cmake --build /mnt/nova_ssd/workspaces/navigation/build/dwa_main -- -j12 -l12
[1.021s] DEBUG:colcon.colcon_core.event_handler.log_command:Invoking command in '/mnt/nova_ssd/workspaces/navigation/build/dwa_main': CMAKE_PREFIX_PATH=/mnt/nova_ssd/workspaces/navigation/install/dwa_main:/mnt/nova_ssd/workspaces/navigation/install/dstar_main:/mnt/nova_ssd/workspaces/navigation/install/costmap_converter:/mnt/nova_ssd/workspaces/navigation/install/costmap_converter_msgs:/mnt/nova_ssd/workspaces/texttopoint_ws/install/point_publisher_pkg:/mnt/nova_ssd/workspaces/kiss-icp_ws/install/kiss_icp:/mnt/nova_ssd/workspaces/3d_lidar/src/ws_livox/install/livox_ros_driver2:/mnt/nova_ssd/workspaces/scout/install/scout_base:/mnt/nova_ssd/workspaces/pcl_ws/install/my_package:/mnt/nova_ssd/workspaces/pcl_ws/install/livox_tf:/opt/ros/humble:/mnt/nova_ssd/workspaces/scout/install/ugv_sdk:/mnt/nova_ssd/workspaces/scout/install/scout_msgs:/mnt/nova_ssd/workspaces/scout/install/scout_description:/mnt/nova_ssd/workspaces/octomap_ws/install/octomap_example:/mnt/nova_ssd/workspaces/pcl_ws/install/projected_pcl:/mnt/nova_ssd/workspaces/pcl_ws/install/pointcloud_to_laserscan:/mnt/nova_ssd/workspaces/pcl_ws/install/pcl_object_detection:/mnt/nova_ssd/workspaces/pcl_ws/install/pcl_filter /usr/bin/cmake --install /mnt/nova_ssd/workspaces/navigation/build/dwa_main
[1.044s] Level 1:colcon.colcon_core.environment:create_environment_scripts_only(dwa_main)
[1.045s] DEBUG:colcon.colcon_core.event_handler.log_command:Invoked command in '/mnt/nova_ssd/workspaces/navigation/build/dwa_main' returned '0': CMAKE_PREFIX_PATH=/mnt/nova_ssd/workspaces/navigation/install/dwa_main:/mnt/nova_ssd/workspaces/navigation/install/dstar_main:/mnt/nova_ssd/workspaces/navigation/install/costmap_converter:/mnt/nova_ssd/workspaces/navigation/install/costmap_converter_msgs:/mnt/nova_ssd/workspaces/texttopoint_ws/install/point_publisher_pkg:/mnt/nova_ssd/workspaces/kiss-icp_ws/install/kiss_icp:/mnt/nova_ssd/workspaces/3d_lidar/src/ws_livox/install/livox_ros_driver2:/mnt/nova_ssd/workspaces/scout/install/scout_base:/mnt/nova_ssd/workspaces/pcl_ws/install/my_package:/mnt/nova_ssd/workspaces/pcl_ws/install/livox_tf:/opt/ros/humble:/mnt/nova_ssd/workspaces/scout/install/ugv_sdk:/mnt/nova_ssd/workspaces/scout/install/scout_msgs:/mnt/nova_ssd/workspaces/scout/install/scout_description:/mnt/nova_ssd/workspaces/octomap_ws/install/octomap_example:/mnt/nova_ssd/workspaces/pcl_ws/install/projected_pcl:/mnt/nova_ssd/workspaces/pcl_ws/install/pointcloud_to_laserscan:/mnt/nova_ssd/workspaces/pcl_ws/install/pcl_object_detection:/mnt/nova_ssd/workspaces/pcl_ws/install/pcl_filter /usr/bin/cmake --install /mnt/nova_ssd/workspaces/navigation/build/dwa_main
[1.049s] Level 1:colcon.colcon_core.environment:checking '/mnt/nova_ssd/workspaces/navigation/install/dwa_main' for CMake module files
[1.050s] Level 1:colcon.colcon_core.environment:checking '/mnt/nova_ssd/workspaces/navigation/install/dwa_main' for CMake config files
[1.051s] Level 1:colcon.colcon_core.shell:create_environment_hook('dwa_main', 'cmake_prefix_path')
[1.051s] INFO:colcon.colcon_core.shell:Creating environment hook '/mnt/nova_ssd/workspaces/navigation/install/dwa_main/share/dwa_main/hook/cmake_prefix_path.ps1'
[1.052s] INFO:colcon.colcon_core.shell:Creating environment descriptor '/mnt/nova_ssd/workspaces/navigation/install/dwa_main/share/dwa_main/hook/cmake_prefix_path.dsv'
[1.053s] INFO:colcon.colcon_core.shell:Creating environment hook '/mnt/nova_ssd/workspaces/navigation/install/dwa_main/share/dwa_main/hook/cmake_prefix_path.sh'
[1.054s] Level 1:colcon.colcon_core.environment:checking '/mnt/nova_ssd/workspaces/navigation/install/dwa_main/lib'
[1.055s] Level 1:colcon.colcon_core.environment:checking '/mnt/nova_ssd/workspaces/navigation/install/dwa_main/bin'
[1.055s] Level 1:colcon.colcon_core.environment:checking '/mnt/nova_ssd/workspaces/navigation/install/dwa_main/lib/pkgconfig/dwa_main.pc'
[1.055s] Level 1:colcon.colcon_core.environment:checking '/mnt/nova_ssd/workspaces/navigation/install/dwa_main/lib/python3.10/site-packages'
[1.055s] Level 1:colcon.colcon_core.environment:checking '/mnt/nova_ssd/workspaces/navigation/install/dwa_main/bin'
[1.056s] INFO:colcon.colcon_core.shell:Creating package script '/mnt/nova_ssd/workspaces/navigation/install/dwa_main/share/dwa_main/package.ps1'
[1.058s] INFO:colcon.colcon_core.shell:Creating package descriptor '/mnt/nova_ssd/workspaces/navigation/install/dwa_main/share/dwa_main/package.dsv'
[1.059s] INFO:colcon.colcon_core.shell:Creating package script '/mnt/nova_ssd/workspaces/navigation/install/dwa_main/share/dwa_main/package.sh'
[1.062s] INFO:colcon.colcon_core.shell:Creating package script '/mnt/nova_ssd/workspaces/navigation/install/dwa_main/share/dwa_main/package.bash'
[1.063s] INFO:colcon.colcon_core.shell:Creating package script '/mnt/nova_ssd/workspaces/navigation/install/dwa_main/share/dwa_main/package.zsh'
[1.065s] Level 1:colcon.colcon_core.environment:create_file_with_runtime_dependencies(/mnt/nova_ssd/workspaces/navigation/install/dwa_main/share/colcon-core/packages/dwa_main)
[1.139s] Level 1:colcon.colcon_core.environment:create_environment_scripts_only(dwa_main)
[1.139s] Level 1:colcon.colcon_core.environment:checking '/mnt/nova_ssd/workspaces/navigation/install/dwa_main' for CMake module files
[1.140s] Level 1:colcon.colcon_core.environment:checking '/mnt/nova_ssd/workspaces/navigation/install/dwa_main' for CMake config files
[1.141s] Level 1:colcon.colcon_core.shell:create_environment_hook('dwa_main', 'cmake_prefix_path')
[1.141s] INFO:colcon.colcon_core.shell:Creating environment hook '/mnt/nova_ssd/workspaces/navigation/install/dwa_main/share/dwa_main/hook/cmake_prefix_path.ps1'
[1.142s] INFO:colcon.colcon_core.shell:Creating environment descriptor '/mnt/nova_ssd/workspaces/navigation/install/dwa_main/share/dwa_main/hook/cmake_prefix_path.dsv'
[1.143s] INFO:colcon.colcon_core.shell:Creating environment hook '/mnt/nova_ssd/workspaces/navigation/install/dwa_main/share/dwa_main/hook/cmake_prefix_path.sh'
[1.144s] Level 1:colcon.colcon_core.environment:checking '/mnt/nova_ssd/workspaces/navigation/install/dwa_main/lib'
[1.144s] Level 1:colcon.colcon_core.environment:checking '/mnt/nova_ssd/workspaces/navigation/install/dwa_main/bin'
[1.144s] Level 1:colcon.colcon_core.environment:checking '/mnt/nova_ssd/workspaces/navigation/install/dwa_main/lib/pkgconfig/dwa_main.pc'
[1.144s] Level 1:colcon.colcon_core.environment:checking '/mnt/nova_ssd/workspaces/navigation/install/dwa_main/lib/python3.10/site-packages'
[1.145s] Level 1:colcon.colcon_core.environment:checking '/mnt/nova_ssd/workspaces/navigation/install/dwa_main/bin'
[1.145s] INFO:colcon.colcon_core.shell:Creating package script '/mnt/nova_ssd/workspaces/navigation/install/dwa_main/share/dwa_main/package.ps1'
[1.146s] INFO:colcon.colcon_core.shell:Creating package descriptor '/mnt/nova_ssd/workspaces/navigation/install/dwa_main/share/dwa_main/package.dsv'
[1.147s] INFO:colcon.colcon_core.shell:Creating package script '/mnt/nova_ssd/workspaces/navigation/install/dwa_main/share/dwa_main/package.sh'
[1.147s] INFO:colcon.colcon_core.shell:Creating package script '/mnt/nova_ssd/workspaces/navigation/install/dwa_main/share/dwa_main/package.bash'
[1.148s] INFO:colcon.colcon_core.shell:Creating package script '/mnt/nova_ssd/workspaces/navigation/install/dwa_main/share/dwa_main/package.zsh'
[1.149s] Level 1:colcon.colcon_core.environment:create_file_with_runtime_dependencies(/mnt/nova_ssd/workspaces/navigation/install/dwa_main/share/colcon-core/packages/dwa_main)
[2.332s] DEBUG:colcon.colcon_core.event_handler.log_command:Invoked command in '/mnt/nova_ssd/workspaces/navigation/build/costmap_converter_msgs' returned '0': CMAKE_PREFIX_PATH=/mnt/nova_ssd/workspaces/navigation/install/dwa_main:/mnt/nova_ssd/workspaces/navigation/install/dstar_main:/mnt/nova_ssd/workspaces/navigation/install/costmap_converter:/mnt/nova_ssd/workspaces/navigation/install/costmap_converter_msgs:/mnt/nova_ssd/workspaces/texttopoint_ws/install/point_publisher_pkg:/mnt/nova_ssd/workspaces/kiss-icp_ws/install/kiss_icp:/mnt/nova_ssd/workspaces/3d_lidar/src/ws_livox/install/livox_ros_driver2:/mnt/nova_ssd/workspaces/scout/install/scout_base:/mnt/nova_ssd/workspaces/pcl_ws/install/my_package:/mnt/nova_ssd/workspaces/pcl_ws/install/livox_tf:/opt/ros/humble:/mnt/nova_ssd/workspaces/scout/install/ugv_sdk:/mnt/nova_ssd/workspaces/scout/install/scout_msgs:/mnt/nova_ssd/workspaces/scout/install/scout_description:/mnt/nova_ssd/workspaces/octomap_ws/install/octomap_example:/mnt/nova_ssd/workspaces/pcl_ws/install/projected_pcl:/mnt/nova_ssd/workspaces/pcl_ws/install/pointcloud_to_laserscan:/mnt/nova_ssd/workspaces/pcl_ws/install/pcl_object_detection:/mnt/nova_ssd/workspaces/pcl_ws/install/pcl_filter /usr/bin/cmake --build /mnt/nova_ssd/workspaces/navigation/build/costmap_converter_msgs -- -j12 -l12
[2.631s] DEBUG:colcon.colcon_core.event_handler.log_command:Invoking command in '/mnt/nova_ssd/workspaces/navigation/build/costmap_converter_msgs': CMAKE_PREFIX_PATH=/mnt/nova_ssd/workspaces/navigation/install/dwa_main:/mnt/nova_ssd/workspaces/navigation/install/dstar_main:/mnt/nova_ssd/workspaces/navigation/install/costmap_converter:/mnt/nova_ssd/workspaces/navigation/install/costmap_converter_msgs:/mnt/nova_ssd/workspaces/texttopoint_ws/install/point_publisher_pkg:/mnt/nova_ssd/workspaces/kiss-icp_ws/install/kiss_icp:/mnt/nova_ssd/workspaces/3d_lidar/src/ws_livox/install/livox_ros_driver2:/mnt/nova_ssd/workspaces/scout/install/scout_base:/mnt/nova_ssd/workspaces/pcl_ws/install/my_package:/mnt/nova_ssd/workspaces/pcl_ws/install/livox_tf:/opt/ros/humble:/mnt/nova_ssd/workspaces/scout/install/ugv_sdk:/mnt/nova_ssd/workspaces/scout/install/scout_msgs:/mnt/nova_ssd/workspaces/scout/install/scout_description:/mnt/nova_ssd/workspaces/octomap_ws/install/octomap_example:/mnt/nova_ssd/workspaces/pcl_ws/install/projected_pcl:/mnt/nova_ssd/workspaces/pcl_ws/install/pointcloud_to_laserscan:/mnt/nova_ssd/workspaces/pcl_ws/install/pcl_object_detection:/mnt/nova_ssd/workspaces/pcl_ws/install/pcl_filter /usr/bin/cmake --install /mnt/nova_ssd/workspaces/navigation/build/costmap_converter_msgs
[2.770s] Level 1:colcon.colcon_core.environment:create_environment_scripts_only(costmap_converter_msgs)
[2.771s] Level 1:colcon.colcon_core.environment:checking '/mnt/nova_ssd/workspaces/navigation/install/costmap_converter_msgs' for CMake module files
[2.772s] DEBUG:colcon.colcon_core.event_handler.log_command:Invoked command in '/mnt/nova_ssd/workspaces/navigation/build/costmap_converter_msgs' returned '0': CMAKE_PREFIX_PATH=/mnt/nova_ssd/workspaces/navigation/install/dwa_main:/mnt/nova_ssd/workspaces/navigation/install/dstar_main:/mnt/nova_ssd/workspaces/navigation/install/costmap_converter:/mnt/nova_ssd/workspaces/navigation/install/costmap_converter_msgs:/mnt/nova_ssd/workspaces/texttopoint_ws/install/point_publisher_pkg:/mnt/nova_ssd/workspaces/kiss-icp_ws/install/kiss_icp:/mnt/nova_ssd/workspaces/3d_lidar/src/ws_livox/install/livox_ros_driver2:/mnt/nova_ssd/workspaces/scout/install/scout_base:/mnt/nova_ssd/workspaces/pcl_ws/install/my_package:/mnt/nova_ssd/workspaces/pcl_ws/install/livox_tf:/opt/ros/humble:/mnt/nova_ssd/workspaces/scout/install/ugv_sdk:/mnt/nova_ssd/workspaces/scout/install/scout_msgs:/mnt/nova_ssd/workspaces/scout/install/scout_description:/mnt/nova_ssd/workspaces/octomap_ws/install/octomap_example:/mnt/nova_ssd/workspaces/pcl_ws/install/projected_pcl:/mnt/nova_ssd/workspaces/pcl_ws/install/pointcloud_to_laserscan:/mnt/nova_ssd/workspaces/pcl_ws/install/pcl_object_detection:/mnt/nova_ssd/workspaces/pcl_ws/install/pcl_filter /usr/bin/cmake --install /mnt/nova_ssd/workspaces/navigation/build/costmap_converter_msgs
[2.773s] Level 1:colcon.colcon_core.environment:checking '/mnt/nova_ssd/workspaces/navigation/install/costmap_converter_msgs' for CMake config files
[2.774s] Level 1:colcon.colcon_core.shell:create_environment_hook('costmap_converter_msgs', 'cmake_prefix_path')
[2.775s] INFO:colcon.colcon_core.shell:Creating environment hook '/mnt/nova_ssd/workspaces/navigation/install/costmap_converter_msgs/share/costmap_converter_msgs/hook/cmake_prefix_path.ps1'
[2.775s] INFO:colcon.colcon_core.shell:Creating environment descriptor '/mnt/nova_ssd/workspaces/navigation/install/costmap_converter_msgs/share/costmap_converter_msgs/hook/cmake_prefix_path.dsv'
[2.777s] INFO:colcon.colcon_core.shell:Creating environment hook '/mnt/nova_ssd/workspaces/navigation/install/costmap_converter_msgs/share/costmap_converter_msgs/hook/cmake_prefix_path.sh'
[2.778s] Level 1:colcon.colcon_core.environment:checking '/mnt/nova_ssd/workspaces/navigation/install/costmap_converter_msgs/lib'
[2.778s] Level 1:colcon.colcon_core.shell:create_environment_hook('costmap_converter_msgs', 'ld_library_path_lib')
[2.778s] INFO:colcon.colcon_core.shell:Creating environment hook '/mnt/nova_ssd/workspaces/navigation/install/costmap_converter_msgs/share/costmap_converter_msgs/hook/ld_library_path_lib.ps1'
[2.779s] INFO:colcon.colcon_core.shell:Creating environment descriptor '/mnt/nova_ssd/workspaces/navigation/install/costmap_converter_msgs/share/costmap_converter_msgs/hook/ld_library_path_lib.dsv'
[2.781s] INFO:colcon.colcon_core.shell:Creating environment hook '/mnt/nova_ssd/workspaces/navigation/install/costmap_converter_msgs/share/costmap_converter_msgs/hook/ld_library_path_lib.sh'
[2.782s] Level 1:colcon.colcon_core.environment:checking '/mnt/nova_ssd/workspaces/navigation/install/costmap_converter_msgs/bin'
[2.782s] Level 1:colcon.colcon_core.environment:checking '/mnt/nova_ssd/workspaces/navigation/install/costmap_converter_msgs/lib/pkgconfig/costmap_converter_msgs.pc'
[2.783s] Level 1:colcon.colcon_core.environment:checking '/mnt/nova_ssd/workspaces/navigation/install/costmap_converter_msgs/lib/python3.10/site-packages'
[2.783s] Level 1:colcon.colcon_core.environment:checking '/mnt/nova_ssd/workspaces/navigation/install/costmap_converter_msgs/bin'
[2.784s] INFO:colcon.colcon_core.shell:Creating package script '/mnt/nova_ssd/workspaces/navigation/install/costmap_converter_msgs/share/costmap_converter_msgs/package.ps1'
[2.785s] INFO:colcon.colcon_core.shell:Creating package descriptor '/mnt/nova_ssd/workspaces/navigation/install/costmap_converter_msgs/share/costmap_converter_msgs/package.dsv'
[2.786s] INFO:colcon.colcon_core.shell:Creating package script '/mnt/nova_ssd/workspaces/navigation/install/costmap_converter_msgs/share/costmap_converter_msgs/package.sh'
[2.787s] INFO:colcon.colcon_core.shell:Creating package script '/mnt/nova_ssd/workspaces/navigation/install/costmap_converter_msgs/share/costmap_converter_msgs/package.bash'
[2.788s] INFO:colcon.colcon_core.shell:Creating package script '/mnt/nova_ssd/workspaces/navigation/install/costmap_converter_msgs/share/costmap_converter_msgs/package.zsh'
[2.789s] Level 1:colcon.colcon_core.environment:create_file_with_runtime_dependencies(/mnt/nova_ssd/workspaces/navigation/install/costmap_converter_msgs/share/colcon-core/packages/costmap_converter_msgs)
[3.055s] Level 1:colcon.colcon_core.environment:create_environment_scripts_only(costmap_converter_msgs)
[3.056s] Level 1:colcon.colcon_core.environment:checking '/mnt/nova_ssd/workspaces/navigation/install/costmap_converter_msgs' for CMake module files
[3.057s] Level 1:colcon.colcon_core.environment:checking '/mnt/nova_ssd/workspaces/navigation/install/costmap_converter_msgs' for CMake config files
[3.058s] Level 1:colcon.colcon_core.shell:create_environment_hook('costmap_converter_msgs', 'cmake_prefix_path')
[3.058s] INFO:colcon.colcon_core.shell:Creating environment hook '/mnt/nova_ssd/workspaces/navigation/install/costmap_converter_msgs/share/costmap_converter_msgs/hook/cmake_prefix_path.ps1'
[3.059s] INFO:colcon.colcon_core.shell:Creating environment descriptor '/mnt/nova_ssd/workspaces/navigation/install/costmap_converter_msgs/share/costmap_converter_msgs/hook/cmake_prefix_path.dsv'
[3.060s] INFO:colcon.colcon_core.shell:Creating environment hook '/mnt/nova_ssd/workspaces/navigation/install/costmap_converter_msgs/share/costmap_converter_msgs/hook/cmake_prefix_path.sh'
[3.062s] Level 1:colcon.colcon_core.environment:checking '/mnt/nova_ssd/workspaces/navigation/install/costmap_converter_msgs/lib'
[3.062s] Level 1:colcon.colcon_core.shell:create_environment_hook('costmap_converter_msgs', 'ld_library_path_lib')
[3.063s] INFO:colcon.colcon_core.shell:Creating environment hook '/mnt/nova_ssd/workspaces/navigation/install/costmap_converter_msgs/share/costmap_converter_msgs/hook/ld_library_path_lib.ps1'
[3.064s] INFO:colcon.colcon_core.shell:Creating environment descriptor '/mnt/nova_ssd/workspaces/navigation/install/costmap_converter_msgs/share/costmap_converter_msgs/hook/ld_library_path_lib.dsv'
[3.064s] INFO:colcon.colcon_core.shell:Creating environment hook '/mnt/nova_ssd/workspaces/navigation/install/costmap_converter_msgs/share/costmap_converter_msgs/hook/ld_library_path_lib.sh'
[3.065s] Level 1:colcon.colcon_core.environment:checking '/mnt/nova_ssd/workspaces/navigation/install/costmap_converter_msgs/bin'
[3.065s] Level 1:colcon.colcon_core.environment:checking '/mnt/nova_ssd/workspaces/navigation/install/costmap_converter_msgs/lib/pkgconfig/costmap_converter_msgs.pc'
[3.066s] Level 1:colcon.colcon_core.environment:checking '/mnt/nova_ssd/workspaces/navigation/install/costmap_converter_msgs/lib/python3.10/site-packages'
[3.066s] Level 1:colcon.colcon_core.environment:checking '/mnt/nova_ssd/workspaces/navigation/install/costmap_converter_msgs/bin'
[3.067s] INFO:colcon.colcon_core.shell:Creating package script '/mnt/nova_ssd/workspaces/navigation/install/costmap_converter_msgs/share/costmap_converter_msgs/package.ps1'
[3.068s] INFO:colcon.colcon_core.shell:Creating package descriptor '/mnt/nova_ssd/workspaces/navigation/install/costmap_converter_msgs/share/costmap_converter_msgs/package.dsv'
[3.068s] INFO:colcon.colcon_core.shell:Creating package script '/mnt/nova_ssd/workspaces/navigation/install/costmap_converter_msgs/share/costmap_converter_msgs/package.sh'
[3.069s] INFO:colcon.colcon_core.shell:Creating package script '/mnt/nova_ssd/workspaces/navigation/install/costmap_converter_msgs/share/costmap_converter_msgs/package.bash'
[3.070s] INFO:colcon.colcon_core.shell:Creating package script '/mnt/nova_ssd/workspaces/navigation/install/costmap_converter_msgs/share/costmap_converter_msgs/package.zsh'
[3.071s] Level 1:colcon.colcon_core.environment:create_file_with_runtime_dependencies(/mnt/nova_ssd/workspaces/navigation/install/costmap_converter_msgs/share/colcon-core/packages/costmap_converter_msgs)
[3.072s] INFO:colcon.colcon_ros.task.ament_cmake.build:Building ROS package in '/mnt/nova_ssd/workspaces/navigation/src/costmap_converter/costmap_converter' with build type 'ament_cmake'
[3.073s] INFO:colcon.colcon_cmake.task.cmake.build:Building CMake package in '/mnt/nova_ssd/workspaces/navigation/src/costmap_converter/costmap_converter'
[3.073s] INFO:colcon.colcon_core.shell:Skip shell extension 'powershell' for command environment: Not usable outside of PowerShell
[3.073s] DEBUG:colcon.colcon_core.shell:Skip shell extension 'dsv' for command environment
[3.124s] DEBUG:colcon.colcon_core.event_handler.log_command:Invoking command in '/mnt/nova_ssd/workspaces/navigation/build/costmap_converter': CMAKE_PREFIX_PATH=/mnt/nova_ssd/workspaces/navigation/install/costmap_converter_msgs:/mnt/nova_ssd/workspaces/navigation/install/dwa_main:/mnt/nova_ssd/workspaces/navigation/install/dstar_main:/mnt/nova_ssd/workspaces/navigation/install/costmap_converter:/mnt/nova_ssd/workspaces/texttopoint_ws/install/point_publisher_pkg:/mnt/nova_ssd/workspaces/kiss-icp_ws/install/kiss_icp:/mnt/nova_ssd/workspaces/3d_lidar/src/ws_livox/install/livox_ros_driver2:/mnt/nova_ssd/workspaces/scout/install/scout_base:/mnt/nova_ssd/workspaces/pcl_ws/install/my_package:/mnt/nova_ssd/workspaces/pcl_ws/install/livox_tf:/opt/ros/humble:/mnt/nova_ssd/workspaces/scout/install/ugv_sdk:/mnt/nova_ssd/workspaces/scout/install/scout_msgs:/mnt/nova_ssd/workspaces/scout/install/scout_description:/mnt/nova_ssd/workspaces/octomap_ws/install/octomap_example:/mnt/nova_ssd/workspaces/pcl_ws/install/projected_pcl:/mnt/nova_ssd/workspaces/pcl_ws/install/pointcloud_to_laserscan:/mnt/nova_ssd/workspaces/pcl_ws/install/pcl_object_detection:/mnt/nova_ssd/workspaces/pcl_ws/install/pcl_filter LD_LIBRARY_PATH=/mnt/nova_ssd/workspaces/navigation/install/costmap_converter_msgs/lib:/mnt/nova_ssd/workspaces/navigation/install/costmap_converter/lib:/mnt/nova_ssd/workspaces/kiss-icp_ws/install/kiss_icp/lib:/mnt/nova_ssd/workspaces/3d_lidar/src/ws_livox/install/livox_ros_driver2/lib:/mnt/nova_ssd/workspaces/scout/install/scout_msgs/lib:/mnt/nova_ssd/workspaces/pcl_ws/install/pointcloud_to_laserscan/lib:/mnt/nova_ssd/workspaces/pcl_ws/install/pcl_object_detection/lib:/opt/ros/humble/opt/rviz_ogre_vendor/lib:/opt/ros/humble/lib/aarch64-linux-gnu:/opt/ros/humble/lib:/usr/local/lib:/usr/local/lib /usr/bin/cmake --build /mnt/nova_ssd/workspaces/navigation/build/costmap_converter -- -j12 -l12
[3.540s] DEBUG:colcon.colcon_core.event_handler.log_command:Invoked command in '/mnt/nova_ssd/workspaces/navigation/build/costmap_converter' returned '0': CMAKE_PREFIX_PATH=/mnt/nova_ssd/workspaces/navigation/install/costmap_converter_msgs:/mnt/nova_ssd/workspaces/navigation/install/dwa_main:/mnt/nova_ssd/workspaces/navigation/install/dstar_main:/mnt/nova_ssd/workspaces/navigation/install/costmap_converter:/mnt/nova_ssd/workspaces/texttopoint_ws/install/point_publisher_pkg:/mnt/nova_ssd/workspaces/kiss-icp_ws/install/kiss_icp:/mnt/nova_ssd/workspaces/3d_lidar/src/ws_livox/install/livox_ros_driver2:/mnt/nova_ssd/workspaces/scout/install/scout_base:/mnt/nova_ssd/workspaces/pcl_ws/install/my_package:/mnt/nova_ssd/workspaces/pcl_ws/install/livox_tf:/opt/ros/humble:/mnt/nova_ssd/workspaces/scout/install/ugv_sdk:/mnt/nova_ssd/workspaces/scout/install/scout_msgs:/mnt/nova_ssd/workspaces/scout/install/scout_description:/mnt/nova_ssd/workspaces/octomap_ws/install/octomap_example:/mnt/nova_ssd/workspaces/pcl_ws/install/projected_pcl:/mnt/nova_ssd/workspaces/pcl_ws/install/pointcloud_to_laserscan:/mnt/nova_ssd/workspaces/pcl_ws/install/pcl_object_detection:/mnt/nova_ssd/workspaces/pcl_ws/install/pcl_filter LD_LIBRARY_PATH=/mnt/nova_ssd/workspaces/navigation/install/costmap_converter_msgs/lib:/mnt/nova_ssd/workspaces/navigation/install/costmap_converter/lib:/mnt/nova_ssd/workspaces/kiss-icp_ws/install/kiss_icp/lib:/mnt/nova_ssd/workspaces/3d_lidar/src/ws_livox/install/livox_ros_driver2/lib:/mnt/nova_ssd/workspaces/scout/install/scout_msgs/lib:/mnt/nova_ssd/workspaces/pcl_ws/install/pointcloud_to_laserscan/lib:/mnt/nova_ssd/workspaces/pcl_ws/install/pcl_object_detection/lib:/opt/ros/humble/opt/rviz_ogre_vendor/lib:/opt/ros/humble/lib/aarch64-linux-gnu:/opt/ros/humble/lib:/usr/local/lib:/usr/local/lib /usr/bin/cmake --build /mnt/nova_ssd/workspaces/navigation/build/costmap_converter -- -j12 -l12
[3.741s] DEBUG:colcon.colcon_core.event_handler.log_command:Invoking command in '/mnt/nova_ssd/workspaces/navigation/build/costmap_converter': CMAKE_PREFIX_PATH=/mnt/nova_ssd/workspaces/navigation/install/costmap_converter_msgs:/mnt/nova_ssd/workspaces/navigation/install/dwa_main:/mnt/nova_ssd/workspaces/navigation/install/dstar_main:/mnt/nova_ssd/workspaces/navigation/install/costmap_converter:/mnt/nova_ssd/workspaces/texttopoint_ws/install/point_publisher_pkg:/mnt/nova_ssd/workspaces/kiss-icp_ws/install/kiss_icp:/mnt/nova_ssd/workspaces/3d_lidar/src/ws_livox/install/livox_ros_driver2:/mnt/nova_ssd/workspaces/scout/install/scout_base:/mnt/nova_ssd/workspaces/pcl_ws/install/my_package:/mnt/nova_ssd/workspaces/pcl_ws/install/livox_tf:/opt/ros/humble:/mnt/nova_ssd/workspaces/scout/install/ugv_sdk:/mnt/nova_ssd/workspaces/scout/install/scout_msgs:/mnt/nova_ssd/workspaces/scout/install/scout_description:/mnt/nova_ssd/workspaces/octomap_ws/install/octomap_example:/mnt/nova_ssd/workspaces/pcl_ws/install/projected_pcl:/mnt/nova_ssd/workspaces/pcl_ws/install/pointcloud_to_laserscan:/mnt/nova_ssd/workspaces/pcl_ws/install/pcl_object_detection:/mnt/nova_ssd/workspaces/pcl_ws/install/pcl_filter LD_LIBRARY_PATH=/mnt/nova_ssd/workspaces/navigation/install/costmap_converter_msgs/lib:/mnt/nova_ssd/workspaces/navigation/install/costmap_converter/lib:/mnt/nova_ssd/workspaces/kiss-icp_ws/install/kiss_icp/lib:/mnt/nova_ssd/workspaces/3d_lidar/src/ws_livox/install/livox_ros_driver2/lib:/mnt/nova_ssd/workspaces/scout/install/scout_msgs/lib:/mnt/nova_ssd/workspaces/pcl_ws/install/pointcloud_to_laserscan/lib:/mnt/nova_ssd/workspaces/pcl_ws/install/pcl_object_detection/lib:/opt/ros/humble/opt/rviz_ogre_vendor/lib:/opt/ros/humble/lib/aarch64-linux-gnu:/opt/ros/humble/lib:/usr/local/lib:/usr/local/lib /usr/bin/cmake --install /mnt/nova_ssd/workspaces/navigation/build/costmap_converter
[3.777s] Level 1:colcon.colcon_core.environment:create_environment_scripts_only(costmap_converter)
[3.777s] Level 1:colcon.colcon_core.environment:checking '/mnt/nova_ssd/workspaces/navigation/install/costmap_converter' for CMake module files
[3.778s] Level 1:colcon.colcon_core.environment:checking '/mnt/nova_ssd/workspaces/navigation/install/costmap_converter' for CMake config files
[3.779s] Level 1:colcon.colcon_core.shell:create_environment_hook('costmap_converter', 'cmake_prefix_path')
[3.779s] INFO:colcon.colcon_core.shell:Creating environment hook '/mnt/nova_ssd/workspaces/navigation/install/costmap_converter/share/costmap_converter/hook/cmake_prefix_path.ps1'
[3.780s] INFO:colcon.colcon_core.shell:Creating environment descriptor '/mnt/nova_ssd/workspaces/navigation/install/costmap_converter/share/costmap_converter/hook/cmake_prefix_path.dsv'
[3.780s] INFO:colcon.colcon_core.shell:Creating environment hook '/mnt/nova_ssd/workspaces/navigation/install/costmap_converter/share/costmap_converter/hook/cmake_prefix_path.sh'
[3.781s] Level 1:colcon.colcon_core.environment:checking '/mnt/nova_ssd/workspaces/navigation/install/costmap_converter/lib'
[3.781s] Level 1:colcon.colcon_core.shell:create_environment_hook('costmap_converter', 'ld_library_path_lib')
[3.782s] INFO:colcon.colcon_core.shell:Creating environment hook '/mnt/nova_ssd/workspaces/navigation/install/costmap_converter/share/costmap_converter/hook/ld_library_path_lib.ps1'
[3.782s] INFO:colcon.colcon_core.shell:Creating environment descriptor '/mnt/nova_ssd/workspaces/navigation/install/costmap_converter/share/costmap_converter/hook/ld_library_path_lib.dsv'
[3.783s] INFO:colcon.colcon_core.shell:Creating environment hook '/mnt/nova_ssd/workspaces/navigation/install/costmap_converter/share/costmap_converter/hook/ld_library_path_lib.sh'
[3.783s] Level 1:colcon.colcon_core.environment:checking '/mnt/nova_ssd/workspaces/navigation/install/costmap_converter/bin'
[3.783s] Level 1:colcon.colcon_core.shell:create_environment_hook('costmap_converter', 'path')
[3.784s] INFO:colcon.colcon_core.shell:Creating environment hook '/mnt/nova_ssd/workspaces/navigation/install/costmap_converter/share/costmap_converter/hook/path.ps1'
[3.784s] INFO:colcon.colcon_core.shell:Creating environment descriptor '/mnt/nova_ssd/workspaces/navigation/install/costmap_converter/share/costmap_converter/hook/path.dsv'
[3.785s] INFO:colcon.colcon_core.shell:Creating environment hook '/mnt/nova_ssd/workspaces/navigation/install/costmap_converter/share/costmap_converter/hook/path.sh'
[3.785s] Level 1:colcon.colcon_core.environment:checking '/mnt/nova_ssd/workspaces/navigation/install/costmap_converter/lib/pkgconfig/costmap_converter.pc'
[3.786s] Level 1:colcon.colcon_core.environment:checking '/mnt/nova_ssd/workspaces/navigation/install/costmap_converter/lib/python3.10/site-packages'
[3.786s] Level 1:colcon.colcon_core.environment:checking '/mnt/nova_ssd/workspaces/navigation/install/costmap_converter/bin'
[3.786s] Level 1:colcon.colcon_core.shell:create_environment_hook('costmap_converter', 'pythonscriptspath')
[3.787s] INFO:colcon.colcon_core.shell:Creating environment hook '/mnt/nova_ssd/workspaces/navigation/install/costmap_converter/share/costmap_converter/hook/pythonscriptspath.ps1'
[3.787s] INFO:colcon.colcon_core.shell:Creating environment descriptor '/mnt/nova_ssd/workspaces/navigation/install/costmap_converter/share/costmap_converter/hook/pythonscriptspath.dsv'
[3.788s] DEBUG:colcon.colcon_core.event_handler.log_command:Invoked command in '/mnt/nova_ssd/workspaces/navigation/build/costmap_converter' returned '0': CMAKE_PREFIX_PATH=/mnt/nova_ssd/workspaces/navigation/install/costmap_converter_msgs:/mnt/nova_ssd/workspaces/navigation/install/dwa_main:/mnt/nova_ssd/workspaces/navigation/install/dstar_main:/mnt/nova_ssd/workspaces/navigation/install/costmap_converter:/mnt/nova_ssd/workspaces/texttopoint_ws/install/point_publisher_pkg:/mnt/nova_ssd/workspaces/kiss-icp_ws/install/kiss_icp:/mnt/nova_ssd/workspaces/3d_lidar/src/ws_livox/install/livox_ros_driver2:/mnt/nova_ssd/workspaces/scout/install/scout_base:/mnt/nova_ssd/workspaces/pcl_ws/install/my_package:/mnt/nova_ssd/workspaces/pcl_ws/install/livox_tf:/opt/ros/humble:/mnt/nova_ssd/workspaces/scout/install/ugv_sdk:/mnt/nova_ssd/workspaces/scout/install/scout_msgs:/mnt/nova_ssd/workspaces/scout/install/scout_description:/mnt/nova_ssd/workspaces/octomap_ws/install/octomap_example:/mnt/nova_ssd/workspaces/pcl_ws/install/projected_pcl:/mnt/nova_ssd/workspaces/pcl_ws/install/pointcloud_to_laserscan:/mnt/nova_ssd/workspaces/pcl_ws/install/pcl_object_detection:/mnt/nova_ssd/workspaces/pcl_ws/install/pcl_filter LD_LIBRARY_PATH=/mnt/nova_ssd/workspaces/navigation/install/costmap_converter_msgs/lib:/mnt/nova_ssd/workspaces/navigation/install/costmap_converter/lib:/mnt/nova_ssd/workspaces/kiss-icp_ws/install/kiss_icp/lib:/mnt/nova_ssd/workspaces/3d_lidar/src/ws_livox/install/livox_ros_driver2/lib:/mnt/nova_ssd/workspaces/scout/install/scout_msgs/lib:/mnt/nova_ssd/workspaces/pcl_ws/install/pointcloud_to_laserscan/lib:/mnt/nova_ssd/workspaces/pcl_ws/install/pcl_object_detection/lib:/opt/ros/humble/opt/rviz_ogre_vendor/lib:/opt/ros/humble/lib/aarch64-linux-gnu:/opt/ros/humble/lib:/usr/local/lib:/usr/local/lib /usr/bin/cmake --install /mnt/nova_ssd/workspaces/navigation/build/costmap_converter
[3.789s] INFO:colcon.colcon_core.shell:Creating environment hook '/mnt/nova_ssd/workspaces/navigation/install/costmap_converter/share/costmap_converter/hook/pythonscriptspath.sh'
[3.790s] INFO:colcon.colcon_core.shell:Creating package script '/mnt/nova_ssd/workspaces/navigation/install/costmap_converter/share/costmap_converter/package.ps1'
[3.791s] INFO:colcon.colcon_core.shell:Creating package descriptor '/mnt/nova_ssd/workspaces/navigation/install/costmap_converter/share/costmap_converter/package.dsv'
[3.792s] INFO:colcon.colcon_core.shell:Creating package script '/mnt/nova_ssd/workspaces/navigation/install/costmap_converter/share/costmap_converter/package.sh'
[3.794s] INFO:colcon.colcon_core.shell:Creating package script '/mnt/nova_ssd/workspaces/navigation/install/costmap_converter/share/costmap_converter/package.bash'
[3.795s] INFO:colcon.colcon_core.shell:Creating package script '/mnt/nova_ssd/workspaces/navigation/install/costmap_converter/share/costmap_converter/package.zsh'
[3.795s] Level 1:colcon.colcon_core.environment:create_file_with_runtime_dependencies(/mnt/nova_ssd/workspaces/navigation/install/costmap_converter/share/colcon-core/packages/costmap_converter)
[4.007s] Level 1:colcon.colcon_core.environment:create_environment_scripts_only(costmap_converter)
[4.008s] Level 1:colcon.colcon_core.environment:checking '/mnt/nova_ssd/workspaces/navigation/install/costmap_converter' for CMake module files
[4.009s] Level 1:colcon.colcon_core.environment:checking '/mnt/nova_ssd/workspaces/navigation/install/costmap_converter' for CMake config files
[4.010s] Level 1:colcon.colcon_core.shell:create_environment_hook('costmap_converter', 'cmake_prefix_path')
[4.010s] INFO:colcon.colcon_core.shell:Creating environment hook '/mnt/nova_ssd/workspaces/navigation/install/costmap_converter/share/costmap_converter/hook/cmake_prefix_path.ps1'
[4.011s] INFO:colcon.colcon_core.shell:Creating environment descriptor '/mnt/nova_ssd/workspaces/navigation/install/costmap_converter/share/costmap_converter/hook/cmake_prefix_path.dsv'
[4.011s] INFO:colcon.colcon_core.shell:Creating environment hook '/mnt/nova_ssd/workspaces/navigation/install/costmap_converter/share/costmap_converter/hook/cmake_prefix_path.sh'
[4.013s] Level 1:colcon.colcon_core.environment:checking '/mnt/nova_ssd/workspaces/navigation/install/costmap_converter/lib'
[4.013s] Level 1:colcon.colcon_core.shell:create_environment_hook('costmap_converter', 'ld_library_path_lib')
[4.015s] INFO:colcon.colcon_core.shell:Creating environment hook '/mnt/nova_ssd/workspaces/navigation/install/costmap_converter/share/costmap_converter/hook/ld_library_path_lib.ps1'
[4.017s] INFO:colcon.colcon_core.shell:Creating environment descriptor '/mnt/nova_ssd/workspaces/navigation/install/costmap_converter/share/costmap_converter/hook/ld_library_path_lib.dsv'
[4.017s] INFO:colcon.colcon_core.shell:Creating environment hook '/mnt/nova_ssd/workspaces/navigation/install/costmap_converter/share/costmap_converter/hook/ld_library_path_lib.sh'
[4.018s] Level 1:colcon.colcon_core.environment:checking '/mnt/nova_ssd/workspaces/navigation/install/costmap_converter/bin'
[4.018s] Level 1:colcon.colcon_core.shell:create_environment_hook('costmap_converter', 'path')
[4.018s] INFO:colcon.colcon_core.shell:Creating environment hook '/mnt/nova_ssd/workspaces/navigation/install/costmap_converter/share/costmap_converter/hook/path.ps1'
[4.019s] INFO:colcon.colcon_core.shell:Creating environment descriptor '/mnt/nova_ssd/workspaces/navigation/install/costmap_converter/share/costmap_converter/hook/path.dsv'
[4.020s] INFO:colcon.colcon_core.shell:Creating environment hook '/mnt/nova_ssd/workspaces/navigation/install/costmap_converter/share/costmap_converter/hook/path.sh'
[4.023s] Level 1:colcon.colcon_core.environment:checking '/mnt/nova_ssd/workspaces/navigation/install/costmap_converter/lib/pkgconfig/costmap_converter.pc'
[4.023s] Level 1:colcon.colcon_core.environment:checking '/mnt/nova_ssd/workspaces/navigation/install/costmap_converter/lib/python3.10/site-packages'
[4.023s] Level 1:colcon.colcon_core.environment:checking '/mnt/nova_ssd/workspaces/navigation/install/costmap_converter/bin'
[4.024s] Level 1:colcon.colcon_core.shell:create_environment_hook('costmap_converter', 'pythonscriptspath')
[4.024s] INFO:colcon.colcon_core.shell:Creating environment hook '/mnt/nova_ssd/workspaces/navigation/install/costmap_converter/share/costmap_converter/hook/pythonscriptspath.ps1'
[4.025s] INFO:colcon.colcon_core.shell:Creating environment descriptor '/mnt/nova_ssd/workspaces/navigation/install/costmap_converter/share/costmap_converter/hook/pythonscriptspath.dsv'
[4.026s] INFO:colcon.colcon_core.shell:Creating environment hook '/mnt/nova_ssd/workspaces/navigation/install/costmap_converter/share/costmap_converter/hook/pythonscriptspath.sh'
[4.027s] INFO:colcon.colcon_core.shell:Creating package script '/mnt/nova_ssd/workspaces/navigation/install/costmap_converter/share/costmap_converter/package.ps1'
[4.028s] INFO:colcon.colcon_core.shell:Creating package descriptor '/mnt/nova_ssd/workspaces/navigation/install/costmap_converter/share/costmap_converter/package.dsv'
[4.029s] INFO:colcon.colcon_core.shell:Creating package script '/mnt/nova_ssd/workspaces/navigation/install/costmap_converter/share/costmap_converter/package.sh'
[4.030s] INFO:colcon.colcon_core.shell:Creating package script '/mnt/nova_ssd/workspaces/navigation/install/costmap_converter/share/costmap_converter/package.bash'
[4.031s] INFO:colcon.colcon_core.shell:Creating package script '/mnt/nova_ssd/workspaces/navigation/install/costmap_converter/share/costmap_converter/package.zsh'
[4.032s] Level 1:colcon.colcon_core.environment:create_file_with_runtime_dependencies(/mnt/nova_ssd/workspaces/navigation/install/costmap_converter/share/colcon-core/packages/costmap_converter)
[39.244s] DEBUG:colcon.colcon_core.event_handler.log_command:Invoked command in '/mnt/nova_ssd/workspaces/navigation/build/dstar_main' returned '0': CMAKE_PREFIX_PATH=/mnt/nova_ssd/workspaces/navigation/install/dwa_main:/mnt/nova_ssd/workspaces/navigation/install/dstar_main:/mnt/nova_ssd/workspaces/navigation/install/costmap_converter:/mnt/nova_ssd/workspaces/navigation/install/costmap_converter_msgs:/mnt/nova_ssd/workspaces/texttopoint_ws/install/point_publisher_pkg:/mnt/nova_ssd/workspaces/kiss-icp_ws/install/kiss_icp:/mnt/nova_ssd/workspaces/3d_lidar/src/ws_livox/install/livox_ros_driver2:/mnt/nova_ssd/workspaces/scout/install/scout_base:/mnt/nova_ssd/workspaces/pcl_ws/install/my_package:/mnt/nova_ssd/workspaces/pcl_ws/install/livox_tf:/opt/ros/humble:/mnt/nova_ssd/workspaces/scout/install/ugv_sdk:/mnt/nova_ssd/workspaces/scout/install/scout_msgs:/mnt/nova_ssd/workspaces/scout/install/scout_description:/mnt/nova_ssd/workspaces/octomap_ws/install/octomap_example:/mnt/nova_ssd/workspaces/pcl_ws/install/projected_pcl:/mnt/nova_ssd/workspaces/pcl_ws/install/pointcloud_to_laserscan:/mnt/nova_ssd/workspaces/pcl_ws/install/pcl_object_detection:/mnt/nova_ssd/workspaces/pcl_ws/install/pcl_filter /usr/bin/cmake --build /mnt/nova_ssd/workspaces/navigation/build/dstar_main -- -j12 -l12
[39.312s] DEBUG:colcon.colcon_core.event_handler.log_command:Invoking command in '/mnt/nova_ssd/workspaces/navigation/build/dstar_main': CMAKE_PREFIX_PATH=/mnt/nova_ssd/workspaces/navigation/install/dwa_main:/mnt/nova_ssd/workspaces/navigation/install/dstar_main:/mnt/nova_ssd/workspaces/navigation/install/costmap_converter:/mnt/nova_ssd/workspaces/navigation/install/costmap_converter_msgs:/mnt/nova_ssd/workspaces/texttopoint_ws/install/point_publisher_pkg:/mnt/nova_ssd/workspaces/kiss-icp_ws/install/kiss_icp:/mnt/nova_ssd/workspaces/3d_lidar/src/ws_livox/install/livox_ros_driver2:/mnt/nova_ssd/workspaces/scout/install/scout_base:/mnt/nova_ssd/workspaces/pcl_ws/install/my_package:/mnt/nova_ssd/workspaces/pcl_ws/install/livox_tf:/opt/ros/humble:/mnt/nova_ssd/workspaces/scout/install/ugv_sdk:/mnt/nova_ssd/workspaces/scout/install/scout_msgs:/mnt/nova_ssd/workspaces/scout/install/scout_description:/mnt/nova_ssd/workspaces/octomap_ws/install/octomap_example:/mnt/nova_ssd/workspaces/pcl_ws/install/projected_pcl:/mnt/nova_ssd/workspaces/pcl_ws/install/pointcloud_to_laserscan:/mnt/nova_ssd/workspaces/pcl_ws/install/pcl_object_detection:/mnt/nova_ssd/workspaces/pcl_ws/install/pcl_filter /usr/bin/cmake --install /mnt/nova_ssd/workspaces/navigation/build/dstar_main
[39.344s] Level 1:colcon.colcon_core.environment:create_environment_scripts_only(dstar_main)
[39.345s] Level 1:colcon.colcon_core.environment:checking '/mnt/nova_ssd/workspaces/navigation/install/dstar_main' for CMake module files
[39.345s] DEBUG:colcon.colcon_core.event_handler.log_command:Invoked command in '/mnt/nova_ssd/workspaces/navigation/build/dstar_main' returned '0': CMAKE_PREFIX_PATH=/mnt/nova_ssd/workspaces/navigation/install/dwa_main:/mnt/nova_ssd/workspaces/navigation/install/dstar_main:/mnt/nova_ssd/workspaces/navigation/install/costmap_converter:/mnt/nova_ssd/workspaces/navigation/install/costmap_converter_msgs:/mnt/nova_ssd/workspaces/texttopoint_ws/install/point_publisher_pkg:/mnt/nova_ssd/workspaces/kiss-icp_ws/install/kiss_icp:/mnt/nova_ssd/workspaces/3d_lidar/src/ws_livox/install/livox_ros_driver2:/mnt/nova_ssd/workspaces/scout/install/scout_base:/mnt/nova_ssd/workspaces/pcl_ws/install/my_package:/mnt/nova_ssd/workspaces/pcl_ws/install/livox_tf:/opt/ros/humble:/mnt/nova_ssd/workspaces/scout/install/ugv_sdk:/mnt/nova_ssd/workspaces/scout/install/scout_msgs:/mnt/nova_ssd/workspaces/scout/install/scout_description:/mnt/nova_ssd/workspaces/octomap_ws/install/octomap_example:/mnt/nova_ssd/workspaces/pcl_ws/install/projected_pcl:/mnt/nova_ssd/workspaces/pcl_ws/install/pointcloud_to_laserscan:/mnt/nova_ssd/workspaces/pcl_ws/install/pcl_object_detection:/mnt/nova_ssd/workspaces/pcl_ws/install/pcl_filter /usr/bin/cmake --install /mnt/nova_ssd/workspaces/navigation/build/dstar_main
[39.347s] Level 1:colcon.colcon_core.environment:checking '/mnt/nova_ssd/workspaces/navigation/install/dstar_main' for CMake config files
[39.348s] Level 1:colcon.colcon_core.shell:create_environment_hook('dstar_main', 'cmake_prefix_path')
[39.348s] INFO:colcon.colcon_core.shell:Creating environment hook '/mnt/nova_ssd/workspaces/navigation/install/dstar_main/share/dstar_main/hook/cmake_prefix_path.ps1'
[39.350s] INFO:colcon.colcon_core.shell:Creating environment descriptor '/mnt/nova_ssd/workspaces/navigation/install/dstar_main/share/dstar_main/hook/cmake_prefix_path.dsv'
[39.353s] INFO:colcon.colcon_core.shell:Creating environment hook '/mnt/nova_ssd/workspaces/navigation/install/dstar_main/share/dstar_main/hook/cmake_prefix_path.sh'
[39.354s] Level 1:colcon.colcon_core.environment:checking '/mnt/nova_ssd/workspaces/navigation/install/dstar_main/lib'
[39.355s] Level 1:colcon.colcon_core.environment:checking '/mnt/nova_ssd/workspaces/navigation/install/dstar_main/bin'
[39.355s] Level 1:colcon.colcon_core.environment:checking '/mnt/nova_ssd/workspaces/navigation/install/dstar_main/lib/pkgconfig/dstar_main.pc'
[39.355s] Level 1:colcon.colcon_core.environment:checking '/mnt/nova_ssd/workspaces/navigation/install/dstar_main/lib/python3.10/site-packages'
[39.355s] Level 1:colcon.colcon_core.environment:checking '/mnt/nova_ssd/workspaces/navigation/install/dstar_main/bin'
[39.356s] INFO:colcon.colcon_core.shell:Creating package script '/mnt/nova_ssd/workspaces/navigation/install/dstar_main/share/dstar_main/package.ps1'
[39.357s] INFO:colcon.colcon_core.shell:Creating package descriptor '/mnt/nova_ssd/workspaces/navigation/install/dstar_main/share/dstar_main/package.dsv'
[39.358s] INFO:colcon.colcon_core.shell:Creating package script '/mnt/nova_ssd/workspaces/navigation/install/dstar_main/share/dstar_main/package.sh'
[39.360s] INFO:colcon.colcon_core.shell:Creating package script '/mnt/nova_ssd/workspaces/navigation/install/dstar_main/share/dstar_main/package.bash'
[39.361s] INFO:colcon.colcon_core.shell:Creating package script '/mnt/nova_ssd/workspaces/navigation/install/dstar_main/share/dstar_main/package.zsh'
[39.362s] Level 1:colcon.colcon_core.environment:create_file_with_runtime_dependencies(/mnt/nova_ssd/workspaces/navigation/install/dstar_main/share/colcon-core/packages/dstar_main)
[39.446s] Level 1:colcon.colcon_core.environment:create_environment_scripts_only(dstar_main)
[39.446s] Level 1:colcon.colcon_core.environment:checking '/mnt/nova_ssd/workspaces/navigation/install/dstar_main' for CMake module files
[39.447s] Level 1:colcon.colcon_core.environment:checking '/mnt/nova_ssd/workspaces/navigation/install/dstar_main' for CMake config files
[39.447s] Level 1:colcon.colcon_core.shell:create_environment_hook('dstar_main', 'cmake_prefix_path')
[39.448s] INFO:colcon.colcon_core.shell:Creating environment hook '/mnt/nova_ssd/workspaces/navigation/install/dstar_main/share/dstar_main/hook/cmake_prefix_path.ps1'
[39.449s] INFO:colcon.colcon_core.shell:Creating environment descriptor '/mnt/nova_ssd/workspaces/navigation/install/dstar_main/share/dstar_main/hook/cmake_prefix_path.dsv'
[39.449s] INFO:colcon.colcon_core.shell:Creating environment hook '/mnt/nova_ssd/workspaces/navigation/install/dstar_main/share/dstar_main/hook/cmake_prefix_path.sh'
[39.450s] Level 1:colcon.colcon_core.environment:checking '/mnt/nova_ssd/workspaces/navigation/install/dstar_main/lib'
[39.450s] Level 1:colcon.colcon_core.environment:checking '/mnt/nova_ssd/workspaces/navigation/install/dstar_main/bin'
[39.450s] Level 1:colcon.colcon_core.environment:checking '/mnt/nova_ssd/workspaces/navigation/install/dstar_main/lib/pkgconfig/dstar_main.pc'
[39.451s] Level 1:colcon.colcon_core.environment:checking '/mnt/nova_ssd/workspaces/navigation/install/dstar_main/lib/python3.10/site-packages'
[39.451s] Level 1:colcon.colcon_core.environment:checking '/mnt/nova_ssd/workspaces/navigation/install/dstar_main/bin'
[39.452s] INFO:colcon.colcon_core.shell:Creating package script '/mnt/nova_ssd/workspaces/navigation/install/dstar_main/share/dstar_main/package.ps1'
[39.453s] INFO:colcon.colcon_core.shell:Creating package descriptor '/mnt/nova_ssd/workspaces/navigation/install/dstar_main/share/dstar_main/package.dsv'
[39.455s] INFO:colcon.colcon_core.shell:Creating package script '/mnt/nova_ssd/workspaces/navigation/install/dstar_main/share/dstar_main/package.sh'
[39.456s] INFO:colcon.colcon_core.shell:Creating package script '/mnt/nova_ssd/workspaces/navigation/install/dstar_main/share/dstar_main/package.bash'
[39.457s] INFO:colcon.colcon_core.shell:Creating package script '/mnt/nova_ssd/workspaces/navigation/install/dstar_main/share/dstar_main/package.zsh'
[39.457s] Level 1:colcon.colcon_core.environment:create_file_with_runtime_dependencies(/mnt/nova_ssd/workspaces/navigation/install/dstar_main/share/colcon-core/packages/dstar_main)
[39.459s] DEBUG:colcon.colcon_parallel_executor.executor.parallel:closing loop
[39.459s] DEBUG:colcon.colcon_parallel_executor.executor.parallel:loop closed
[39.459s] DEBUG:colcon.colcon_parallel_executor.executor.parallel:run_until_complete finished with '0'
[39.459s] DEBUG:colcon.colcon_core.event_reactor:joining thread
[39.469s] INFO:colcon.colcon_core.plugin_system:Skipping extension 'colcon_notification.desktop_notification.terminal_notifier': Not used on non-Darwin systems
[39.469s] INFO:colcon.colcon_core.plugin_system:Skipping extension 'colcon_notification.desktop_notification.win32': Not used on non-Windows systems
[39.470s] INFO:colcon.colcon_notification.desktop_notification:Sending desktop notification using 'notify2'
[39.508s] DEBUG:colcon.colcon_core.event_reactor:joined thread
[39.509s] INFO:colcon.colcon_core.shell:Creating prefix script '/mnt/nova_ssd/workspaces/navigation/install/local_setup.ps1'
[39.511s] INFO:colcon.colcon_core.shell:Creating prefix util module '/mnt/nova_ssd/workspaces/navigation/install/_local_setup_util_ps1.py'
[39.514s] INFO:colcon.colcon_core.shell:Creating prefix chain script '/mnt/nova_ssd/workspaces/navigation/install/setup.ps1'
[39.524s] INFO:colcon.colcon_core.shell:Creating prefix script '/mnt/nova_ssd/workspaces/navigation/install/local_setup.sh'
[39.525s] INFO:colcon.colcon_core.shell:Creating prefix util module '/mnt/nova_ssd/workspaces/navigation/install/_local_setup_util_sh.py'
[39.526s] INFO:colcon.colcon_core.shell:Creating prefix chain script '/mnt/nova_ssd/workspaces/navigation/install/setup.sh'
[39.529s] INFO:colcon.colcon_core.shell:Creating prefix script '/mnt/nova_ssd/workspaces/navigation/install/local_setup.bash'
[39.530s] INFO:colcon.colcon_core.shell:Creating prefix chain script '/mnt/nova_ssd/workspaces/navigation/install/setup.bash'
[39.535s] INFO:colcon.colcon_core.shell:Creating prefix script '/mnt/nova_ssd/workspaces/navigation/install/local_setup.zsh'
[39.535s] INFO:colcon.colcon_core.shell:Creating prefix chain script '/mnt/nova_ssd/workspaces/navigation/install/setup.zsh'
