[1.529s] Invoking command in '/mnt/nova_ssd/workspaces/ai_reconstruction_ws/src/robot_position_listener': PYTHONPATH=/mnt/nova_ssd/workspaces/ai_reconstruction_ws/build/robot_position_listener/prefix_override:/usr/lib/python3/dist-packages/colcon_core/task/python/colcon_distutils_commands:/mnt/nova_ssd/workspaces/ai_reconstruction_ws/install/robot_position_listener/lib/python3.10/site-packages:${PYTHONPATH} /usr/bin/python3 -W ignore:setup.py install is deprecated setup.py egg_info --egg-base ../../build/robot_position_listener build --build-base /mnt/nova_ssd/workspaces/ai_reconstruction_ws/build/robot_position_listener/build install --record /mnt/nova_ssd/workspaces/ai_reconstruction_ws/build/robot_position_listener/install.log --single-version-externally-managed install_data
[1.929s] running egg_info
[1.930s] writing ../../build/robot_position_listener/robot_position_listener.egg-info/PKG-INFO
[1.930s] writing dependency_links to ../../build/robot_position_listener/robot_position_listener.egg-info/dependency_links.txt
[1.931s] writing entry points to ../../build/robot_position_listener/robot_position_listener.egg-info/entry_points.txt
[1.931s] writing requirements to ../../build/robot_position_listener/robot_position_listener.egg-info/requires.txt
[1.931s] writing top-level names to ../../build/robot_position_listener/robot_position_listener.egg-info/top_level.txt
[1.934s] reading manifest file '../../build/robot_position_listener/robot_position_listener.egg-info/SOURCES.txt'
[1.936s] writing manifest file '../../build/robot_position_listener/robot_position_listener.egg-info/SOURCES.txt'
[1.936s] running build
[1.936s] running build_py
[1.937s] copying robot_position_listener/position_listener.py -> /mnt/nova_ssd/workspaces/ai_reconstruction_ws/build/robot_position_listener/build/lib/robot_position_listener
[1.942s] running install
[1.942s] running install_lib
[1.942s] copying /mnt/nova_ssd/workspaces/ai_reconstruction_ws/build/robot_position_listener/build/lib/robot_position_listener/position_listener.py -> /mnt/nova_ssd/workspaces/ai_reconstruction_ws/install/robot_position_listener/lib/python3.10/site-packages/robot_position_listener
[1.942s] byte-compiling /mnt/nova_ssd/workspaces/ai_reconstruction_ws/install/robot_position_listener/lib/python3.10/site-packages/robot_position_listener/position_listener.py to position_listener.cpython-310.pyc
[1.943s] running install_data
[1.943s] running install_egg_info
[1.946s] removing '/mnt/nova_ssd/workspaces/ai_reconstruction_ws/install/robot_position_listener/lib/python3.10/site-packages/robot_position_listener-0.0.0-py3.10.egg-info' (and everything under it)
[1.946s] Copying ../../build/robot_position_listener/robot_position_listener.egg-info to /mnt/nova_ssd/workspaces/ai_reconstruction_ws/install/robot_position_listener/lib/python3.10/site-packages/robot_position_listener-0.0.0-py3.10.egg-info
[1.958s] running install_scripts
[1.987s] Installing position_listener script to /mnt/nova_ssd/workspaces/ai_reconstruction_ws/install/robot_position_listener/lib/robot_position_listener
[1.988s] writing list of installed files to '/mnt/nova_ssd/workspaces/ai_reconstruction_ws/build/robot_position_listener/install.log'
[2.069s] Invoked command in '/mnt/nova_ssd/workspaces/ai_reconstruction_ws/src/robot_position_listener' returned '0': PYTHONPATH=/mnt/nova_ssd/workspaces/ai_reconstruction_ws/build/robot_position_listener/prefix_override:/usr/lib/python3/dist-packages/colcon_core/task/python/colcon_distutils_commands:/mnt/nova_ssd/workspaces/ai_reconstruction_ws/install/robot_position_listener/lib/python3.10/site-packages:${PYTHONPATH} /usr/bin/python3 -W ignore:setup.py install is deprecated setup.py egg_info --egg-base ../../build/robot_position_listener build --build-base /mnt/nova_ssd/workspaces/ai_reconstruction_ws/build/robot_position_listener/build install --record /mnt/nova_ssd/workspaces/ai_reconstruction_ws/build/robot_position_listener/install.log --single-version-externally-managed install_data
