[0.211s] DEBUG:colcon:Command line arguments: ['/usr/bin/colcon', 'build']
[0.211s] DEBUG:colcon:Parsed command line arguments: Namespace(log_base=None, log_level=None, verb_name='build', build_base='build', install_base='install', merge_install=False, symlink_install=False, test_result_base=None, continue_on_error=False, executor='parallel', parallel_workers=12, event_handlers=None, ignore_user_meta=False, metas=['./colcon.meta'], base_paths=['.'], packages_ignore=None, packages_ignore_regex=None, paths=None, packages_up_to=None, packages_up_to_regex=None, packages_above=None, packages_above_and_dependencies=None, packages_above_depth=None, packages_select_by_dep=None, packages_skip_by_dep=None, packages_skip_up_to=None, packages_select_build_failed=False, packages_skip_build_finished=False, packages_select_test_failures=False, packages_skip_test_passed=False, packages_select=None, packages_skip=None, packages_select_regex=None, packages_skip_regex=None, packages_start=None, packages_end=None, allow_overriding=[], cmake_args=None, cmake_target=None, cmake_target_skip_unavailable=False, cmake_clean_cache=False, cmake_clean_first=False, cmake_force_configure=False, ament_cmake_args=None, catkin_cmake_args=None, catkin_skip_building_tests=False, mixin_files=None, mixin=None, verb_parser=<colcon_mixin.mixin.mixin_argument.MixinArgumentDecorator object at 0xffffaf66eb30>, verb_extension=<colcon_core.verb.build.BuildVerb object at 0xffffaf7a7250>, main=<bound method BuildVerb.main of <colcon_core.verb.build.BuildVerb object at 0xffffaf7a7250>>, mixin_verb=('build',))
[0.517s] Level 1:colcon.colcon_core.package_discovery:discover_packages(colcon_meta) check parameters
[0.517s] Level 1:colcon.colcon_core.package_discovery:discover_packages(recursive) check parameters
[0.517s] Level 1:colcon.colcon_core.package_discovery:discover_packages(ignore) check parameters
[0.518s] Level 1:colcon.colcon_core.package_discovery:discover_packages(path) check parameters
[0.518s] Level 1:colcon.colcon_core.package_discovery:discover_packages(colcon_meta) discover
[0.518s] Level 1:colcon.colcon_core.package_discovery:discover_packages(recursive) discover
[0.518s] INFO:colcon.colcon_core.package_discovery:Crawling recursively for packages in '/mnt/nova_ssd/workspaces/texttopoint_ws'
[0.518s] Level 1:colcon.colcon_core.package_identification:_identify(.) by extensions ['ignore', 'ignore_ament_install']
[0.519s] Level 1:colcon.colcon_core.package_identification:_identify(.) by extension 'ignore'
[0.519s] Level 1:colcon.colcon_core.package_identification:_identify(.) by extension 'ignore_ament_install'
[0.519s] Level 1:colcon.colcon_core.package_identification:_identify(.) by extensions ['colcon_pkg']
[0.519s] Level 1:colcon.colcon_core.package_identification:_identify(.) by extension 'colcon_pkg'
[0.519s] Level 1:colcon.colcon_core.package_identification:_identify(.) by extensions ['colcon_meta']
[0.519s] Level 1:colcon.colcon_core.package_identification:_identify(.) by extension 'colcon_meta'
[0.519s] Level 1:colcon.colcon_core.package_identification:_identify(.) by extensions ['ros']
[0.519s] Level 1:colcon.colcon_core.package_identification:_identify(.) by extension 'ros'
[0.541s] Level 1:colcon.colcon_core.package_identification:_identify(.) by extensions ['cmake', 'python']
[0.541s] Level 1:colcon.colcon_core.package_identification:_identify(.) by extension 'cmake'
[0.541s] Level 1:colcon.colcon_core.package_identification:_identify(.) by extension 'python'
[0.541s] Level 1:colcon.colcon_core.package_identification:_identify(.) by extensions ['python_setup_py']
[0.541s] Level 1:colcon.colcon_core.package_identification:_identify(.) by extension 'python_setup_py'
[0.541s] Level 1:colcon.colcon_core.package_identification:_identify(build) by extensions ['ignore', 'ignore_ament_install']
[0.542s] Level 1:colcon.colcon_core.package_identification:_identify(build) by extension 'ignore'
[0.542s] Level 1:colcon.colcon_core.package_identification:_identify(build) ignored
[0.542s] Level 1:colcon.colcon_core.package_identification:_identify(install) by extensions ['ignore', 'ignore_ament_install']
[0.542s] Level 1:colcon.colcon_core.package_identification:_identify(install) by extension 'ignore'
[0.542s] Level 1:colcon.colcon_core.package_identification:_identify(install) ignored
[0.543s] Level 1:colcon.colcon_core.package_identification:_identify(log) by extensions ['ignore', 'ignore_ament_install']
[0.543s] Level 1:colcon.colcon_core.package_identification:_identify(log) by extension 'ignore'
[0.543s] Level 1:colcon.colcon_core.package_identification:_identify(log) ignored
[0.543s] Level 1:colcon.colcon_core.package_identification:_identify(src) by extensions ['ignore', 'ignore_ament_install']
[0.543s] Level 1:colcon.colcon_core.package_identification:_identify(src) by extension 'ignore'
[0.543s] Level 1:colcon.colcon_core.package_identification:_identify(src) by extension 'ignore_ament_install'
[0.543s] Level 1:colcon.colcon_core.package_identification:_identify(src) by extensions ['colcon_pkg']
[0.544s] Level 1:colcon.colcon_core.package_identification:_identify(src) by extension 'colcon_pkg'
[0.544s] Level 1:colcon.colcon_core.package_identification:_identify(src) by extensions ['colcon_meta']
[0.544s] Level 1:colcon.colcon_core.package_identification:_identify(src) by extension 'colcon_meta'
[0.544s] Level 1:colcon.colcon_core.package_identification:_identify(src) by extensions ['ros']
[0.544s] Level 1:colcon.colcon_core.package_identification:_identify(src) by extension 'ros'
[0.544s] Level 1:colcon.colcon_core.package_identification:_identify(src) by extensions ['cmake', 'python']
[0.544s] Level 1:colcon.colcon_core.package_identification:_identify(src) by extension 'cmake'
[0.544s] Level 1:colcon.colcon_core.package_identification:_identify(src) by extension 'python'
[0.544s] Level 1:colcon.colcon_core.package_identification:_identify(src) by extensions ['python_setup_py']
[0.544s] Level 1:colcon.colcon_core.package_identification:_identify(src) by extension 'python_setup_py'
[0.544s] Level 1:colcon.colcon_core.package_identification:_identify(src/point_publisher_pkg) by extensions ['ignore', 'ignore_ament_install']
[0.545s] Level 1:colcon.colcon_core.package_identification:_identify(src/point_publisher_pkg) by extension 'ignore'
[0.545s] Level 1:colcon.colcon_core.package_identification:_identify(src/point_publisher_pkg) by extension 'ignore_ament_install'
[0.545s] Level 1:colcon.colcon_core.package_identification:_identify(src/point_publisher_pkg) by extensions ['colcon_pkg']
[0.545s] Level 1:colcon.colcon_core.package_identification:_identify(src/point_publisher_pkg) by extension 'colcon_pkg'
[0.545s] Level 1:colcon.colcon_core.package_identification:_identify(src/point_publisher_pkg) by extensions ['colcon_meta']
[0.545s] Level 1:colcon.colcon_core.package_identification:_identify(src/point_publisher_pkg) by extension 'colcon_meta'
[0.545s] Level 1:colcon.colcon_core.package_identification:_identify(src/point_publisher_pkg) by extensions ['ros']
[0.545s] Level 1:colcon.colcon_core.package_identification:_identify(src/point_publisher_pkg) by extension 'ros'
[0.550s] DEBUG:colcon.colcon_core.package_identification:Package 'src/point_publisher_pkg' with type 'ros.ament_cmake' and name 'point_publisher_pkg'
[0.550s] Level 1:colcon.colcon_core.package_discovery:discover_packages(recursive) using defaults
[0.551s] Level 1:colcon.colcon_core.package_discovery:discover_packages(ignore) discover
[0.551s] Level 1:colcon.colcon_core.package_discovery:discover_packages(ignore) using defaults
[0.551s] Level 1:colcon.colcon_core.package_discovery:discover_packages(path) discover
[0.551s] Level 1:colcon.colcon_core.package_discovery:discover_packages(path) using defaults
[0.587s] Level 1:colcon.colcon_core.package_discovery:discover_packages(prefix_path) check parameters
[0.588s] Level 1:colcon.colcon_core.package_discovery:discover_packages(prefix_path) discover
[0.595s] DEBUG:colcon.colcon_installed_package_information.package_discovery:Found 1 installed packages in /mnt/nova_ssd/workspaces/texttopoint_ws/install
[0.596s] DEBUG:colcon.colcon_installed_package_information.package_discovery:Found 1 installed packages in /mnt/nova_ssd/workspaces/kiss-icp_ws/install
[0.597s] DEBUG:colcon.colcon_installed_package_information.package_discovery:Found 1 installed packages in /mnt/nova_ssd/workspaces/3d_lidar/src/ws_livox/install
[0.597s] DEBUG:colcon.colcon_installed_package_information.package_discovery:Found 4 installed packages in /mnt/nova_ssd/workspaces/scout/install
[0.598s] DEBUG:colcon.colcon_installed_package_information.package_discovery:Found 4 installed packages in /mnt/nova_ssd/workspaces/navigation/install
[0.599s] DEBUG:colcon.colcon_installed_package_information.package_discovery:Found 1 installed packages in /mnt/nova_ssd/workspaces/octomap_ws/install
[0.600s] DEBUG:colcon.colcon_installed_package_information.package_discovery:Found 5 installed packages in /mnt/nova_ssd/workspaces/pcl_ws/install
[0.602s] DEBUG:colcon.colcon_installed_package_information.package_discovery:Found 363 installed packages in /opt/ros/humble
[0.632s] Level 1:colcon.colcon_core.package_discovery:discover_packages(prefix_path) using defaults
[0.710s] Level 5:colcon.colcon_core.verb:set package 'point_publisher_pkg' build argument 'cmake_args' from command line to 'None'
[0.710s] Level 5:colcon.colcon_core.verb:set package 'point_publisher_pkg' build argument 'cmake_target' from command line to 'None'
[0.710s] Level 5:colcon.colcon_core.verb:set package 'point_publisher_pkg' build argument 'cmake_target_skip_unavailable' from command line to 'False'
[0.710s] Level 5:colcon.colcon_core.verb:set package 'point_publisher_pkg' build argument 'cmake_clean_cache' from command line to 'False'
[0.710s] Level 5:colcon.colcon_core.verb:set package 'point_publisher_pkg' build argument 'cmake_clean_first' from command line to 'False'
[0.710s] Level 5:colcon.colcon_core.verb:set package 'point_publisher_pkg' build argument 'cmake_force_configure' from command line to 'False'
[0.710s] Level 5:colcon.colcon_core.verb:set package 'point_publisher_pkg' build argument 'ament_cmake_args' from command line to 'None'
[0.710s] Level 5:colcon.colcon_core.verb:set package 'point_publisher_pkg' build argument 'catkin_cmake_args' from command line to 'None'
[0.710s] Level 5:colcon.colcon_core.verb:set package 'point_publisher_pkg' build argument 'catkin_skip_building_tests' from command line to 'False'
[0.710s] DEBUG:colcon.colcon_core.verb:Building package 'point_publisher_pkg' with the following arguments: {'ament_cmake_args': None, 'build_base': '/mnt/nova_ssd/workspaces/texttopoint_ws/build/point_publisher_pkg', 'catkin_cmake_args': None, 'catkin_skip_building_tests': False, 'cmake_args': None, 'cmake_clean_cache': False, 'cmake_clean_first': False, 'cmake_force_configure': False, 'cmake_target': None, 'cmake_target_skip_unavailable': False, 'install_base': '/mnt/nova_ssd/workspaces/texttopoint_ws/install/point_publisher_pkg', 'merge_install': False, 'path': '/mnt/nova_ssd/workspaces/texttopoint_ws/src/point_publisher_pkg', 'symlink_install': False, 'test_result_base': None}
[0.711s] INFO:colcon.colcon_core.executor:Executing jobs using 'parallel' executor
[0.713s] DEBUG:colcon.colcon_parallel_executor.executor.parallel:run_until_complete
[0.713s] INFO:colcon.colcon_ros.task.ament_cmake.build:Building ROS package in '/mnt/nova_ssd/workspaces/texttopoint_ws/src/point_publisher_pkg' with build type 'ament_cmake'
[0.713s] INFO:colcon.colcon_cmake.task.cmake.build:Building CMake package in '/mnt/nova_ssd/workspaces/texttopoint_ws/src/point_publisher_pkg'
[0.717s] INFO:colcon.colcon_core.plugin_system:Skipping extension 'colcon_core.shell.bat': Not used on non-Windows systems
[0.717s] INFO:colcon.colcon_core.shell:Skip shell extension 'powershell' for command environment: Not usable outside of PowerShell
[0.717s] DEBUG:colcon.colcon_core.shell:Skip shell extension 'dsv' for command environment
[0.741s] DEBUG:colcon.colcon_core.event_handler.log_command:Invoking command in '/mnt/nova_ssd/workspaces/texttopoint_ws/build/point_publisher_pkg': CMAKE_PREFIX_PATH=/mnt/nova_ssd/workspaces/texttopoint_ws/install/point_publisher_pkg:/mnt/nova_ssd/workspaces/navigation/install/dwa_main:/mnt/nova_ssd/workspaces/navigation/install/dstar_main:/mnt/nova_ssd/workspaces/navigation/install/costmap_converter:/mnt/nova_ssd/workspaces/navigation/install/costmap_converter_msgs:/mnt/nova_ssd/workspaces/kiss-icp_ws/install/kiss_icp:/mnt/nova_ssd/workspaces/3d_lidar/src/ws_livox/install/livox_ros_driver2:/mnt/nova_ssd/workspaces/scout/install/scout_base:/mnt/nova_ssd/workspaces/pcl_ws/install/pcl_filter:/mnt/nova_ssd/workspaces/pcl_ws/install/my_package:/mnt/nova_ssd/workspaces/pcl_ws/install/livox_tf:/opt/ros/humble:/mnt/nova_ssd/workspaces/scout/install/ugv_sdk:/mnt/nova_ssd/workspaces/scout/install/scout_msgs:/mnt/nova_ssd/workspaces/scout/install/scout_description:/mnt/nova_ssd/workspaces/octomap_ws/install/octomap_example:/mnt/nova_ssd/workspaces/pcl_ws/install/pointcloud_to_laserscan:/mnt/nova_ssd/workspaces/pcl_ws/install/pcl_object_detection /usr/bin/cmake --build /mnt/nova_ssd/workspaces/texttopoint_ws/build/point_publisher_pkg -- -j12 -l12
[8.509s] DEBUG:colcon.colcon_core.event_handler.log_command:Invoked command in '/mnt/nova_ssd/workspaces/texttopoint_ws/build/point_publisher_pkg' returned '0': CMAKE_PREFIX_PATH=/mnt/nova_ssd/workspaces/texttopoint_ws/install/point_publisher_pkg:/mnt/nova_ssd/workspaces/navigation/install/dwa_main:/mnt/nova_ssd/workspaces/navigation/install/dstar_main:/mnt/nova_ssd/workspaces/navigation/install/costmap_converter:/mnt/nova_ssd/workspaces/navigation/install/costmap_converter_msgs:/mnt/nova_ssd/workspaces/kiss-icp_ws/install/kiss_icp:/mnt/nova_ssd/workspaces/3d_lidar/src/ws_livox/install/livox_ros_driver2:/mnt/nova_ssd/workspaces/scout/install/scout_base:/mnt/nova_ssd/workspaces/pcl_ws/install/pcl_filter:/mnt/nova_ssd/workspaces/pcl_ws/install/my_package:/mnt/nova_ssd/workspaces/pcl_ws/install/livox_tf:/opt/ros/humble:/mnt/nova_ssd/workspaces/scout/install/ugv_sdk:/mnt/nova_ssd/workspaces/scout/install/scout_msgs:/mnt/nova_ssd/workspaces/scout/install/scout_description:/mnt/nova_ssd/workspaces/octomap_ws/install/octomap_example:/mnt/nova_ssd/workspaces/pcl_ws/install/pointcloud_to_laserscan:/mnt/nova_ssd/workspaces/pcl_ws/install/pcl_object_detection /usr/bin/cmake --build /mnt/nova_ssd/workspaces/texttopoint_ws/build/point_publisher_pkg -- -j12 -l12
[8.583s] DEBUG:colcon.colcon_core.event_handler.log_command:Invoking command in '/mnt/nova_ssd/workspaces/texttopoint_ws/build/point_publisher_pkg': CMAKE_PREFIX_PATH=/mnt/nova_ssd/workspaces/texttopoint_ws/install/point_publisher_pkg:/mnt/nova_ssd/workspaces/navigation/install/dwa_main:/mnt/nova_ssd/workspaces/navigation/install/dstar_main:/mnt/nova_ssd/workspaces/navigation/install/costmap_converter:/mnt/nova_ssd/workspaces/navigation/install/costmap_converter_msgs:/mnt/nova_ssd/workspaces/kiss-icp_ws/install/kiss_icp:/mnt/nova_ssd/workspaces/3d_lidar/src/ws_livox/install/livox_ros_driver2:/mnt/nova_ssd/workspaces/scout/install/scout_base:/mnt/nova_ssd/workspaces/pcl_ws/install/pcl_filter:/mnt/nova_ssd/workspaces/pcl_ws/install/my_package:/mnt/nova_ssd/workspaces/pcl_ws/install/livox_tf:/opt/ros/humble:/mnt/nova_ssd/workspaces/scout/install/ugv_sdk:/mnt/nova_ssd/workspaces/scout/install/scout_msgs:/mnt/nova_ssd/workspaces/scout/install/scout_description:/mnt/nova_ssd/workspaces/octomap_ws/install/octomap_example:/mnt/nova_ssd/workspaces/pcl_ws/install/pointcloud_to_laserscan:/mnt/nova_ssd/workspaces/pcl_ws/install/pcl_object_detection /usr/bin/cmake --install /mnt/nova_ssd/workspaces/texttopoint_ws/build/point_publisher_pkg
[8.601s] Level 1:colcon.colcon_core.environment:create_environment_scripts_only(point_publisher_pkg)
[8.602s] DEBUG:colcon.colcon_core.event_handler.log_command:Invoked command in '/mnt/nova_ssd/workspaces/texttopoint_ws/build/point_publisher_pkg' returned '0': CMAKE_PREFIX_PATH=/mnt/nova_ssd/workspaces/texttopoint_ws/install/point_publisher_pkg:/mnt/nova_ssd/workspaces/navigation/install/dwa_main:/mnt/nova_ssd/workspaces/navigation/install/dstar_main:/mnt/nova_ssd/workspaces/navigation/install/costmap_converter:/mnt/nova_ssd/workspaces/navigation/install/costmap_converter_msgs:/mnt/nova_ssd/workspaces/kiss-icp_ws/install/kiss_icp:/mnt/nova_ssd/workspaces/3d_lidar/src/ws_livox/install/livox_ros_driver2:/mnt/nova_ssd/workspaces/scout/install/scout_base:/mnt/nova_ssd/workspaces/pcl_ws/install/pcl_filter:/mnt/nova_ssd/workspaces/pcl_ws/install/my_package:/mnt/nova_ssd/workspaces/pcl_ws/install/livox_tf:/opt/ros/humble:/mnt/nova_ssd/workspaces/scout/install/ugv_sdk:/mnt/nova_ssd/workspaces/scout/install/scout_msgs:/mnt/nova_ssd/workspaces/scout/install/scout_description:/mnt/nova_ssd/workspaces/octomap_ws/install/octomap_example:/mnt/nova_ssd/workspaces/pcl_ws/install/pointcloud_to_laserscan:/mnt/nova_ssd/workspaces/pcl_ws/install/pcl_object_detection /usr/bin/cmake --install /mnt/nova_ssd/workspaces/texttopoint_ws/build/point_publisher_pkg
[8.609s] Level 1:colcon.colcon_core.environment:checking '/mnt/nova_ssd/workspaces/texttopoint_ws/install/point_publisher_pkg' for CMake module files
[8.610s] Level 1:colcon.colcon_core.environment:checking '/mnt/nova_ssd/workspaces/texttopoint_ws/install/point_publisher_pkg' for CMake config files
[8.611s] Level 1:colcon.colcon_core.shell:create_environment_hook('point_publisher_pkg', 'cmake_prefix_path')
[8.612s] INFO:colcon.colcon_core.shell:Creating environment hook '/mnt/nova_ssd/workspaces/texttopoint_ws/install/point_publisher_pkg/share/point_publisher_pkg/hook/cmake_prefix_path.ps1'
[8.613s] INFO:colcon.colcon_core.shell:Creating environment descriptor '/mnt/nova_ssd/workspaces/texttopoint_ws/install/point_publisher_pkg/share/point_publisher_pkg/hook/cmake_prefix_path.dsv'
[8.614s] INFO:colcon.colcon_core.shell:Creating environment hook '/mnt/nova_ssd/workspaces/texttopoint_ws/install/point_publisher_pkg/share/point_publisher_pkg/hook/cmake_prefix_path.sh'
[8.616s] Level 1:colcon.colcon_core.environment:checking '/mnt/nova_ssd/workspaces/texttopoint_ws/install/point_publisher_pkg/lib'
[8.616s] Level 1:colcon.colcon_core.environment:checking '/mnt/nova_ssd/workspaces/texttopoint_ws/install/point_publisher_pkg/bin'
[8.616s] Level 1:colcon.colcon_core.environment:checking '/mnt/nova_ssd/workspaces/texttopoint_ws/install/point_publisher_pkg/lib/pkgconfig/point_publisher_pkg.pc'
[8.617s] Level 1:colcon.colcon_core.environment:checking '/mnt/nova_ssd/workspaces/texttopoint_ws/install/point_publisher_pkg/lib/python3.10/site-packages'
[8.617s] Level 1:colcon.colcon_core.environment:checking '/mnt/nova_ssd/workspaces/texttopoint_ws/install/point_publisher_pkg/bin'
[8.618s] INFO:colcon.colcon_core.shell:Creating package script '/mnt/nova_ssd/workspaces/texttopoint_ws/install/point_publisher_pkg/share/point_publisher_pkg/package.ps1'
[8.619s] INFO:colcon.colcon_core.shell:Creating package descriptor '/mnt/nova_ssd/workspaces/texttopoint_ws/install/point_publisher_pkg/share/point_publisher_pkg/package.dsv'
[8.620s] INFO:colcon.colcon_core.shell:Creating package script '/mnt/nova_ssd/workspaces/texttopoint_ws/install/point_publisher_pkg/share/point_publisher_pkg/package.sh'
[8.621s] INFO:colcon.colcon_core.shell:Creating package script '/mnt/nova_ssd/workspaces/texttopoint_ws/install/point_publisher_pkg/share/point_publisher_pkg/package.bash'
[8.622s] INFO:colcon.colcon_core.shell:Creating package script '/mnt/nova_ssd/workspaces/texttopoint_ws/install/point_publisher_pkg/share/point_publisher_pkg/package.zsh'
[8.623s] Level 1:colcon.colcon_core.environment:create_file_with_runtime_dependencies(/mnt/nova_ssd/workspaces/texttopoint_ws/install/point_publisher_pkg/share/colcon-core/packages/point_publisher_pkg)
[8.676s] Level 1:colcon.colcon_core.environment:create_environment_scripts_only(point_publisher_pkg)
[8.676s] Level 1:colcon.colcon_core.environment:checking '/mnt/nova_ssd/workspaces/texttopoint_ws/install/point_publisher_pkg' for CMake module files
[8.677s] Level 1:colcon.colcon_core.environment:checking '/mnt/nova_ssd/workspaces/texttopoint_ws/install/point_publisher_pkg' for CMake config files
[8.677s] Level 1:colcon.colcon_core.shell:create_environment_hook('point_publisher_pkg', 'cmake_prefix_path')
[8.678s] INFO:colcon.colcon_core.shell:Creating environment hook '/mnt/nova_ssd/workspaces/texttopoint_ws/install/point_publisher_pkg/share/point_publisher_pkg/hook/cmake_prefix_path.ps1'
[8.678s] INFO:colcon.colcon_core.shell:Creating environment descriptor '/mnt/nova_ssd/workspaces/texttopoint_ws/install/point_publisher_pkg/share/point_publisher_pkg/hook/cmake_prefix_path.dsv'
[8.679s] INFO:colcon.colcon_core.shell:Creating environment hook '/mnt/nova_ssd/workspaces/texttopoint_ws/install/point_publisher_pkg/share/point_publisher_pkg/hook/cmake_prefix_path.sh'
[8.680s] Level 1:colcon.colcon_core.environment:checking '/mnt/nova_ssd/workspaces/texttopoint_ws/install/point_publisher_pkg/lib'
[8.680s] Level 1:colcon.colcon_core.environment:checking '/mnt/nova_ssd/workspaces/texttopoint_ws/install/point_publisher_pkg/bin'
[8.680s] Level 1:colcon.colcon_core.environment:checking '/mnt/nova_ssd/workspaces/texttopoint_ws/install/point_publisher_pkg/lib/pkgconfig/point_publisher_pkg.pc'
[8.680s] Level 1:colcon.colcon_core.environment:checking '/mnt/nova_ssd/workspaces/texttopoint_ws/install/point_publisher_pkg/lib/python3.10/site-packages'
[8.681s] Level 1:colcon.colcon_core.environment:checking '/mnt/nova_ssd/workspaces/texttopoint_ws/install/point_publisher_pkg/bin'
[8.681s] INFO:colcon.colcon_core.shell:Creating package script '/mnt/nova_ssd/workspaces/texttopoint_ws/install/point_publisher_pkg/share/point_publisher_pkg/package.ps1'
[8.682s] INFO:colcon.colcon_core.shell:Creating package descriptor '/mnt/nova_ssd/workspaces/texttopoint_ws/install/point_publisher_pkg/share/point_publisher_pkg/package.dsv'
[8.682s] INFO:colcon.colcon_core.shell:Creating package script '/mnt/nova_ssd/workspaces/texttopoint_ws/install/point_publisher_pkg/share/point_publisher_pkg/package.sh'
[8.683s] INFO:colcon.colcon_core.shell:Creating package script '/mnt/nova_ssd/workspaces/texttopoint_ws/install/point_publisher_pkg/share/point_publisher_pkg/package.bash'
[8.684s] INFO:colcon.colcon_core.shell:Creating package script '/mnt/nova_ssd/workspaces/texttopoint_ws/install/point_publisher_pkg/share/point_publisher_pkg/package.zsh'
[8.685s] Level 1:colcon.colcon_core.environment:create_file_with_runtime_dependencies(/mnt/nova_ssd/workspaces/texttopoint_ws/install/point_publisher_pkg/share/colcon-core/packages/point_publisher_pkg)
[8.685s] DEBUG:colcon.colcon_parallel_executor.executor.parallel:closing loop
[8.686s] DEBUG:colcon.colcon_parallel_executor.executor.parallel:loop closed
[8.686s] DEBUG:colcon.colcon_parallel_executor.executor.parallel:run_until_complete finished with '0'
[8.686s] DEBUG:colcon.colcon_core.event_reactor:joining thread
[8.695s] INFO:colcon.colcon_core.plugin_system:Skipping extension 'colcon_notification.desktop_notification.terminal_notifier': Not used on non-Darwin systems
[8.695s] INFO:colcon.colcon_core.plugin_system:Skipping extension 'colcon_notification.desktop_notification.win32': Not used on non-Windows systems
[8.695s] INFO:colcon.colcon_notification.desktop_notification:Sending desktop notification using 'notify2'
[8.727s] DEBUG:colcon.colcon_core.event_reactor:joined thread
[8.727s] INFO:colcon.colcon_core.shell:Creating prefix script '/mnt/nova_ssd/workspaces/texttopoint_ws/install/local_setup.ps1'
[8.729s] INFO:colcon.colcon_core.shell:Creating prefix util module '/mnt/nova_ssd/workspaces/texttopoint_ws/install/_local_setup_util_ps1.py'
[8.732s] INFO:colcon.colcon_core.shell:Creating prefix chain script '/mnt/nova_ssd/workspaces/texttopoint_ws/install/setup.ps1'
[8.736s] INFO:colcon.colcon_core.shell:Creating prefix script '/mnt/nova_ssd/workspaces/texttopoint_ws/install/local_setup.sh'
[8.737s] INFO:colcon.colcon_core.shell:Creating prefix util module '/mnt/nova_ssd/workspaces/texttopoint_ws/install/_local_setup_util_sh.py'
[8.737s] INFO:colcon.colcon_core.shell:Creating prefix chain script '/mnt/nova_ssd/workspaces/texttopoint_ws/install/setup.sh'
[8.741s] INFO:colcon.colcon_core.shell:Creating prefix script '/mnt/nova_ssd/workspaces/texttopoint_ws/install/local_setup.bash'
[8.741s] INFO:colcon.colcon_core.shell:Creating prefix chain script '/mnt/nova_ssd/workspaces/texttopoint_ws/install/setup.bash'
[8.745s] INFO:colcon.colcon_core.shell:Creating prefix script '/mnt/nova_ssd/workspaces/texttopoint_ws/install/local_setup.zsh'
[8.746s] INFO:colcon.colcon_core.shell:Creating prefix chain script '/mnt/nova_ssd/workspaces/texttopoint_ws/install/setup.zsh'
