[0.026s] Invoking command in '/mnt/nova_ssd/workspaces/navigation/build/costmap_converter_msgs': CMAKE_PREFIX_PATH=${CMAKE_PREFIX_PATH}:/opt/ros/humble /usr/bin/cmake --build /mnt/nova_ssd/workspaces/navigation/build/costmap_converter_msgs -- -j12 -l12
[0.095s] [  2%] Built target costmap_converter_msgs__cpp
[0.099s] [ 12%] Built target costmap_converter_msgs__rosidl_generator_c
[0.110s] [ 12%] Built target ament_cmake_python_copy_costmap_converter_msgs
[0.125s] [ 23%] Built target costmap_converter_msgs__rosidl_typesupport_cpp
[0.126s] [ 33%] Built target costmap_converter_msgs__rosidl_typesupport_introspection_cpp
[0.130s] [ 43%] Built target costmap_converter_msgs__rosidl_typesupport_fastrtps_cpp
[0.130s] [ 53%] Built target costmap_converter_msgs__rosidl_typesupport_c
[0.132s] [ 66%] Built target costmap_converter_msgs__rosidl_typesupport_fastrtps_c
[0.134s] [ 74%] Built target costmap_converter_msgs__rosidl_typesupport_introspection_c
[0.163s] [ 74%] Built target costmap_converter_msgs
[0.191s] [ 76%] Built target costmap_converter_msgs__py
[0.225s] [ 84%] Built target costmap_converter_msgs__rosidl_generator_py
[0.256s] [ 89%] Built target costmap_converter_msgs__rosidl_typesupport_fastrtps_c__pyext
[0.257s] [100%] Built target costmap_converter_msgs__rosidl_typesupport_c__pyext
[0.258s] [100%] Built target costmap_converter_msgs__rosidl_typesupport_introspection_c__pyext
[0.480s] running egg_info
[0.481s] writing costmap_converter_msgs.egg-info/PKG-INFO
[0.481s] writing dependency_links to costmap_converter_msgs.egg-info/dependency_links.txt
[0.481s] writing top-level names to costmap_converter_msgs.egg-info/top_level.txt
[0.484s] reading manifest file 'costmap_converter_msgs.egg-info/SOURCES.txt'
[0.486s] writing manifest file 'costmap_converter_msgs.egg-info/SOURCES.txt'
[0.535s] [100%] Built target ament_cmake_python_build_costmap_converter_msgs_egg
[0.559s] Invoked command in '/mnt/nova_ssd/workspaces/navigation/build/costmap_converter_msgs' returned '0': CMAKE_PREFIX_PATH=${CMAKE_PREFIX_PATH}:/opt/ros/humble /usr/bin/cmake --build /mnt/nova_ssd/workspaces/navigation/build/costmap_converter_msgs -- -j12 -l12
[0.687s] Invoking command in '/mnt/nova_ssd/workspaces/navigation/build/costmap_converter_msgs': CMAKE_PREFIX_PATH=${CMAKE_PREFIX_PATH}:/opt/ros/humble /usr/bin/cmake --install /mnt/nova_ssd/workspaces/navigation/build/costmap_converter_msgs
[0.700s] -- Install configuration: ""
[0.701s] -- Up-to-date: /mnt/nova_ssd/workspaces/navigation/install/costmap_converter_msgs/share/ament_index/resource_index/rosidl_interfaces/costmap_converter_msgs
[0.701s] -- Up-to-date: /mnt/nova_ssd/workspaces/navigation/install/costmap_converter_msgs/include/costmap_converter_msgs/costmap_converter_msgs
[0.702s] -- Up-to-date: /mnt/nova_ssd/workspaces/navigation/install/costmap_converter_msgs/include/costmap_converter_msgs/costmap_converter_msgs/msg
[0.702s] -- Up-to-date: /mnt/nova_ssd/workspaces/navigation/install/costmap_converter_msgs/include/costmap_converter_msgs/costmap_converter_msgs/msg/obstacle_msg.h
[0.702s] -- Up-to-date: /mnt/nova_ssd/workspaces/navigation/install/costmap_converter_msgs/include/costmap_converter_msgs/costmap_converter_msgs/msg/detail
[0.702s] -- Up-to-date: /mnt/nova_ssd/workspaces/navigation/install/costmap_converter_msgs/include/costmap_converter_msgs/costmap_converter_msgs/msg/detail/obstacle_msg__functions.h
[0.703s] -- Up-to-date: /mnt/nova_ssd/workspaces/navigation/install/costmap_converter_msgs/include/costmap_converter_msgs/costmap_converter_msgs/msg/detail/obstacle_msg__struct.h
[0.703s] -- Up-to-date: /mnt/nova_ssd/workspaces/navigation/install/costmap_converter_msgs/include/costmap_converter_msgs/costmap_converter_msgs/msg/detail/obstacle_msg__functions.c
[0.703s] -- Up-to-date: /mnt/nova_ssd/workspaces/navigation/install/costmap_converter_msgs/include/costmap_converter_msgs/costmap_converter_msgs/msg/detail/obstacle_array_msg__functions.h
[0.704s] -- Up-to-date: /mnt/nova_ssd/workspaces/navigation/install/costmap_converter_msgs/include/costmap_converter_msgs/costmap_converter_msgs/msg/detail/obstacle_array_msg__struct.h
[0.704s] -- Up-to-date: /mnt/nova_ssd/workspaces/navigation/install/costmap_converter_msgs/include/costmap_converter_msgs/costmap_converter_msgs/msg/detail/obstacle_msg__type_support.h
[0.704s] -- Up-to-date: /mnt/nova_ssd/workspaces/navigation/install/costmap_converter_msgs/include/costmap_converter_msgs/costmap_converter_msgs/msg/detail/obstacle_array_msg__type_support.h
[0.705s] -- Up-to-date: /mnt/nova_ssd/workspaces/navigation/install/costmap_converter_msgs/include/costmap_converter_msgs/costmap_converter_msgs/msg/detail/obstacle_array_msg__functions.c
[0.705s] -- Up-to-date: /mnt/nova_ssd/workspaces/navigation/install/costmap_converter_msgs/include/costmap_converter_msgs/costmap_converter_msgs/msg/rosidl_generator_c__visibility_control.h
[0.705s] -- Up-to-date: /mnt/nova_ssd/workspaces/navigation/install/costmap_converter_msgs/include/costmap_converter_msgs/costmap_converter_msgs/msg/obstacle_array_msg.h
[0.706s] -- Up-to-date: /mnt/nova_ssd/workspaces/navigation/install/costmap_converter_msgs/share/costmap_converter_msgs/environment/library_path.sh
[0.706s] -- Up-to-date: /mnt/nova_ssd/workspaces/navigation/install/costmap_converter_msgs/share/costmap_converter_msgs/environment/library_path.dsv
[0.706s] -- Up-to-date: /mnt/nova_ssd/workspaces/navigation/install/costmap_converter_msgs/lib/libcostmap_converter_msgs__rosidl_generator_c.so
[0.706s] -- Up-to-date: /mnt/nova_ssd/workspaces/navigation/install/costmap_converter_msgs/include/costmap_converter_msgs/costmap_converter_msgs
[0.707s] -- Up-to-date: /mnt/nova_ssd/workspaces/navigation/install/costmap_converter_msgs/include/costmap_converter_msgs/costmap_converter_msgs/msg
[0.707s] -- Up-to-date: /mnt/nova_ssd/workspaces/navigation/install/costmap_converter_msgs/include/costmap_converter_msgs/costmap_converter_msgs/msg/detail
[0.707s] -- Up-to-date: /mnt/nova_ssd/workspaces/navigation/install/costmap_converter_msgs/include/costmap_converter_msgs/costmap_converter_msgs/msg/detail/obstacle_array_msg__rosidl_typesupport_fastrtps_c.h
[0.708s] -- Up-to-date: /mnt/nova_ssd/workspaces/navigation/install/costmap_converter_msgs/include/costmap_converter_msgs/costmap_converter_msgs/msg/detail/obstacle_msg__rosidl_typesupport_fastrtps_c.h
[0.708s] -- Up-to-date: /mnt/nova_ssd/workspaces/navigation/install/costmap_converter_msgs/include/costmap_converter_msgs/costmap_converter_msgs/msg/rosidl_typesupport_fastrtps_c__visibility_control.h
[0.708s] -- Up-to-date: /mnt/nova_ssd/workspaces/navigation/install/costmap_converter_msgs/lib/libcostmap_converter_msgs__rosidl_typesupport_fastrtps_c.so
[0.708s] -- Up-to-date: /mnt/nova_ssd/workspaces/navigation/install/costmap_converter_msgs/include/costmap_converter_msgs/costmap_converter_msgs
[0.709s] -- Up-to-date: /mnt/nova_ssd/workspaces/navigation/install/costmap_converter_msgs/include/costmap_converter_msgs/costmap_converter_msgs/msg
[0.709s] -- Up-to-date: /mnt/nova_ssd/workspaces/navigation/install/costmap_converter_msgs/include/costmap_converter_msgs/costmap_converter_msgs/msg/detail
[0.709s] -- Up-to-date: /mnt/nova_ssd/workspaces/navigation/install/costmap_converter_msgs/include/costmap_converter_msgs/costmap_converter_msgs/msg/detail/obstacle_msg__traits.hpp
[0.709s] -- Up-to-date: /mnt/nova_ssd/workspaces/navigation/install/costmap_converter_msgs/include/costmap_converter_msgs/costmap_converter_msgs/msg/detail/obstacle_msg__builder.hpp
[0.710s] -- Up-to-date: /mnt/nova_ssd/workspaces/navigation/install/costmap_converter_msgs/include/costmap_converter_msgs/costmap_converter_msgs/msg/detail/obstacle_array_msg__struct.hpp
[0.710s] -- Up-to-date: /mnt/nova_ssd/workspaces/navigation/install/costmap_converter_msgs/include/costmap_converter_msgs/costmap_converter_msgs/msg/detail/obstacle_array_msg__builder.hpp
[0.710s] -- Up-to-date: /mnt/nova_ssd/workspaces/navigation/install/costmap_converter_msgs/include/costmap_converter_msgs/costmap_converter_msgs/msg/detail/obstacle_msg__struct.hpp
[0.710s] -- Up-to-date: /mnt/nova_ssd/workspaces/navigation/install/costmap_converter_msgs/include/costmap_converter_msgs/costmap_converter_msgs/msg/detail/obstacle_array_msg__traits.hpp
[0.711s] -- Up-to-date: /mnt/nova_ssd/workspaces/navigation/install/costmap_converter_msgs/include/costmap_converter_msgs/costmap_converter_msgs/msg/obstacle_msg.hpp
[0.711s] -- Up-to-date: /mnt/nova_ssd/workspaces/navigation/install/costmap_converter_msgs/include/costmap_converter_msgs/costmap_converter_msgs/msg/obstacle_array_msg.hpp
[0.711s] -- Up-to-date: /mnt/nova_ssd/workspaces/navigation/install/costmap_converter_msgs/include/costmap_converter_msgs/costmap_converter_msgs
[0.711s] -- Up-to-date: /mnt/nova_ssd/workspaces/navigation/install/costmap_converter_msgs/include/costmap_converter_msgs/costmap_converter_msgs/msg
[0.711s] -- Up-to-date: /mnt/nova_ssd/workspaces/navigation/install/costmap_converter_msgs/include/costmap_converter_msgs/costmap_converter_msgs/msg/detail
[0.712s] -- Up-to-date: /mnt/nova_ssd/workspaces/navigation/install/costmap_converter_msgs/include/costmap_converter_msgs/costmap_converter_msgs/msg/detail/obstacle_array_msg__rosidl_typesupport_fastrtps_cpp.hpp
[0.712s] -- Up-to-date: /mnt/nova_ssd/workspaces/navigation/install/costmap_converter_msgs/include/costmap_converter_msgs/costmap_converter_msgs/msg/detail/obstacle_msg__rosidl_typesupport_fastrtps_cpp.hpp
[0.712s] -- Up-to-date: /mnt/nova_ssd/workspaces/navigation/install/costmap_converter_msgs/include/costmap_converter_msgs/costmap_converter_msgs/msg/detail/dds_fastrtps
[0.712s] -- Up-to-date: /mnt/nova_ssd/workspaces/navigation/install/costmap_converter_msgs/include/costmap_converter_msgs/costmap_converter_msgs/msg/rosidl_typesupport_fastrtps_cpp__visibility_control.h
[0.713s] -- Up-to-date: /mnt/nova_ssd/workspaces/navigation/install/costmap_converter_msgs/lib/libcostmap_converter_msgs__rosidl_typesupport_fastrtps_cpp.so
[0.713s] -- Up-to-date: /mnt/nova_ssd/workspaces/navigation/install/costmap_converter_msgs/include/costmap_converter_msgs/costmap_converter_msgs
[0.713s] -- Up-to-date: /mnt/nova_ssd/workspaces/navigation/install/costmap_converter_msgs/include/costmap_converter_msgs/costmap_converter_msgs/msg
[0.713s] -- Up-to-date: /mnt/nova_ssd/workspaces/navigation/install/costmap_converter_msgs/include/costmap_converter_msgs/costmap_converter_msgs/msg/detail
[0.714s] -- Up-to-date: /mnt/nova_ssd/workspaces/navigation/install/costmap_converter_msgs/include/costmap_converter_msgs/costmap_converter_msgs/msg/detail/obstacle_msg__rosidl_typesupport_introspection_c.h
[0.714s] -- Up-to-date: /mnt/nova_ssd/workspaces/navigation/install/costmap_converter_msgs/include/costmap_converter_msgs/costmap_converter_msgs/msg/detail/obstacle_msg__type_support.c
[0.714s] -- Up-to-date: /mnt/nova_ssd/workspaces/navigation/install/costmap_converter_msgs/include/costmap_converter_msgs/costmap_converter_msgs/msg/detail/obstacle_array_msg__rosidl_typesupport_introspection_c.h
[0.714s] -- Up-to-date: /mnt/nova_ssd/workspaces/navigation/install/costmap_converter_msgs/include/costmap_converter_msgs/costmap_converter_msgs/msg/detail/obstacle_array_msg__type_support.c
[0.714s] -- Up-to-date: /mnt/nova_ssd/workspaces/navigation/install/costmap_converter_msgs/include/costmap_converter_msgs/costmap_converter_msgs/msg/rosidl_typesupport_introspection_c__visibility_control.h
[0.715s] -- Up-to-date: /mnt/nova_ssd/workspaces/navigation/install/costmap_converter_msgs/lib/libcostmap_converter_msgs__rosidl_typesupport_introspection_c.so
[0.715s] -- Up-to-date: /mnt/nova_ssd/workspaces/navigation/install/costmap_converter_msgs/lib/libcostmap_converter_msgs__rosidl_typesupport_c.so
[0.715s] -- Up-to-date: /mnt/nova_ssd/workspaces/navigation/install/costmap_converter_msgs/include/costmap_converter_msgs/costmap_converter_msgs
[0.715s] -- Up-to-date: /mnt/nova_ssd/workspaces/navigation/install/costmap_converter_msgs/include/costmap_converter_msgs/costmap_converter_msgs/msg
[0.716s] -- Up-to-date: /mnt/nova_ssd/workspaces/navigation/install/costmap_converter_msgs/include/costmap_converter_msgs/costmap_converter_msgs/msg/detail
[0.716s] -- Up-to-date: /mnt/nova_ssd/workspaces/navigation/install/costmap_converter_msgs/include/costmap_converter_msgs/costmap_converter_msgs/msg/detail/obstacle_array_msg__type_support.cpp
[0.716s] -- Up-to-date: /mnt/nova_ssd/workspaces/navigation/install/costmap_converter_msgs/include/costmap_converter_msgs/costmap_converter_msgs/msg/detail/obstacle_msg__rosidl_typesupport_introspection_cpp.hpp
[0.716s] -- Up-to-date: /mnt/nova_ssd/workspaces/navigation/install/costmap_converter_msgs/include/costmap_converter_msgs/costmap_converter_msgs/msg/detail/obstacle_array_msg__rosidl_typesupport_introspection_cpp.hpp
[0.716s] -- Up-to-date: /mnt/nova_ssd/workspaces/navigation/install/costmap_converter_msgs/include/costmap_converter_msgs/costmap_converter_msgs/msg/detail/obstacle_msg__type_support.cpp
[0.717s] -- Up-to-date: /mnt/nova_ssd/workspaces/navigation/install/costmap_converter_msgs/lib/libcostmap_converter_msgs__rosidl_typesupport_introspection_cpp.so
[0.717s] -- Up-to-date: /mnt/nova_ssd/workspaces/navigation/install/costmap_converter_msgs/lib/libcostmap_converter_msgs__rosidl_typesupport_cpp.so
[0.717s] -- Up-to-date: /mnt/nova_ssd/workspaces/navigation/install/costmap_converter_msgs/share/costmap_converter_msgs/environment/pythonpath.sh
[0.717s] -- Up-to-date: /mnt/nova_ssd/workspaces/navigation/install/costmap_converter_msgs/share/costmap_converter_msgs/environment/pythonpath.dsv
[0.718s] -- Up-to-date: /mnt/nova_ssd/workspaces/navigation/install/costmap_converter_msgs/local/lib/python3.10/dist-packages/costmap_converter_msgs-0.1.2-py3.10.egg-info
[0.718s] -- Installing: /mnt/nova_ssd/workspaces/navigation/install/costmap_converter_msgs/local/lib/python3.10/dist-packages/costmap_converter_msgs-0.1.2-py3.10.egg-info/PKG-INFO
[0.718s] -- Installing: /mnt/nova_ssd/workspaces/navigation/install/costmap_converter_msgs/local/lib/python3.10/dist-packages/costmap_converter_msgs-0.1.2-py3.10.egg-info/dependency_links.txt
[0.718s] -- Installing: /mnt/nova_ssd/workspaces/navigation/install/costmap_converter_msgs/local/lib/python3.10/dist-packages/costmap_converter_msgs-0.1.2-py3.10.egg-info/SOURCES.txt
[0.719s] -- Installing: /mnt/nova_ssd/workspaces/navigation/install/costmap_converter_msgs/local/lib/python3.10/dist-packages/costmap_converter_msgs-0.1.2-py3.10.egg-info/top_level.txt
[0.719s] -- Up-to-date: /mnt/nova_ssd/workspaces/navigation/install/costmap_converter_msgs/local/lib/python3.10/dist-packages/costmap_converter_msgs
[0.719s] -- Up-to-date: /mnt/nova_ssd/workspaces/navigation/install/costmap_converter_msgs/local/lib/python3.10/dist-packages/costmap_converter_msgs/libcostmap_converter_msgs__rosidl_generator_py.so
[0.719s] -- Up-to-date: /mnt/nova_ssd/workspaces/navigation/install/costmap_converter_msgs/local/lib/python3.10/dist-packages/costmap_converter_msgs/_costmap_converter_msgs_s.ep.rosidl_typesupport_introspection_c.c
[0.719s] -- Up-to-date: /mnt/nova_ssd/workspaces/navigation/install/costmap_converter_msgs/local/lib/python3.10/dist-packages/costmap_converter_msgs/costmap_converter_msgs_s__rosidl_typesupport_fastrtps_c.cpython-310-aarch64-linux-gnu.so
[0.720s] -- Up-to-date: /mnt/nova_ssd/workspaces/navigation/install/costmap_converter_msgs/local/lib/python3.10/dist-packages/costmap_converter_msgs/costmap_converter_msgs_s__rosidl_typesupport_introspection_c.cpython-310-aarch64-linux-gnu.so
[0.720s] -- Up-to-date: /mnt/nova_ssd/workspaces/navigation/install/costmap_converter_msgs/local/lib/python3.10/dist-packages/costmap_converter_msgs/_costmap_converter_msgs_s.ep.rosidl_typesupport_c.c
[0.720s] -- Up-to-date: /mnt/nova_ssd/workspaces/navigation/install/costmap_converter_msgs/local/lib/python3.10/dist-packages/costmap_converter_msgs/msg
[0.720s] -- Up-to-date: /mnt/nova_ssd/workspaces/navigation/install/costmap_converter_msgs/local/lib/python3.10/dist-packages/costmap_converter_msgs/msg/_obstacle_array_msg_s.c
[0.720s] -- Up-to-date: /mnt/nova_ssd/workspaces/navigation/install/costmap_converter_msgs/local/lib/python3.10/dist-packages/costmap_converter_msgs/msg/_obstacle_array_msg.py
[0.721s] -- Up-to-date: /mnt/nova_ssd/workspaces/navigation/install/costmap_converter_msgs/local/lib/python3.10/dist-packages/costmap_converter_msgs/msg/_obstacle_msg_s.c
[0.721s] -- Up-to-date: /mnt/nova_ssd/workspaces/navigation/install/costmap_converter_msgs/local/lib/python3.10/dist-packages/costmap_converter_msgs/msg/_obstacle_msg.py
[0.721s] -- Up-to-date: /mnt/nova_ssd/workspaces/navigation/install/costmap_converter_msgs/local/lib/python3.10/dist-packages/costmap_converter_msgs/msg/__init__.py
[0.721s] -- Up-to-date: /mnt/nova_ssd/workspaces/navigation/install/costmap_converter_msgs/local/lib/python3.10/dist-packages/costmap_converter_msgs/costmap_converter_msgs_s__rosidl_typesupport_c.cpython-310-aarch64-linux-gnu.so
[0.722s] -- Up-to-date: /mnt/nova_ssd/workspaces/navigation/install/costmap_converter_msgs/local/lib/python3.10/dist-packages/costmap_converter_msgs/__init__.py
[0.722s] -- Up-to-date: /mnt/nova_ssd/workspaces/navigation/install/costmap_converter_msgs/local/lib/python3.10/dist-packages/costmap_converter_msgs/_costmap_converter_msgs_s.ep.rosidl_typesupport_fastrtps_c.c
[0.756s] Listing '/mnt/nova_ssd/workspaces/navigation/install/costmap_converter_msgs/local/lib/python3.10/dist-packages/costmap_converter_msgs'...
[0.756s] Listing '/mnt/nova_ssd/workspaces/navigation/install/costmap_converter_msgs/local/lib/python3.10/dist-packages/costmap_converter_msgs/msg'...
[0.763s] -- Up-to-date: /mnt/nova_ssd/workspaces/navigation/install/costmap_converter_msgs/local/lib/python3.10/dist-packages/costmap_converter_msgs/costmap_converter_msgs_s__rosidl_typesupport_fastrtps_c.cpython-310-aarch64-linux-gnu.so
[0.763s] -- Up-to-date: /mnt/nova_ssd/workspaces/navigation/install/costmap_converter_msgs/local/lib/python3.10/dist-packages/costmap_converter_msgs/costmap_converter_msgs_s__rosidl_typesupport_introspection_c.cpython-310-aarch64-linux-gnu.so
[0.764s] -- Up-to-date: /mnt/nova_ssd/workspaces/navigation/install/costmap_converter_msgs/local/lib/python3.10/dist-packages/costmap_converter_msgs/costmap_converter_msgs_s__rosidl_typesupport_c.cpython-310-aarch64-linux-gnu.so
[0.764s] -- Up-to-date: /mnt/nova_ssd/workspaces/navigation/install/costmap_converter_msgs/lib/libcostmap_converter_msgs__rosidl_generator_py.so
[0.764s] -- Up-to-date: /mnt/nova_ssd/workspaces/navigation/install/costmap_converter_msgs/share/costmap_converter_msgs/msg/ObstacleMsg.idl
[0.764s] -- Up-to-date: /mnt/nova_ssd/workspaces/navigation/install/costmap_converter_msgs/share/costmap_converter_msgs/msg/ObstacleArrayMsg.idl
[0.765s] -- Up-to-date: /mnt/nova_ssd/workspaces/navigation/install/costmap_converter_msgs/share/costmap_converter_msgs/msg/ObstacleMsg.msg
[0.765s] -- Up-to-date: /mnt/nova_ssd/workspaces/navigation/install/costmap_converter_msgs/share/costmap_converter_msgs/msg/ObstacleArrayMsg.msg
[0.765s] -- Up-to-date: /mnt/nova_ssd/workspaces/navigation/install/costmap_converter_msgs/share/ament_index/resource_index/package_run_dependencies/costmap_converter_msgs
[0.765s] -- Up-to-date: /mnt/nova_ssd/workspaces/navigation/install/costmap_converter_msgs/share/ament_index/resource_index/parent_prefix_path/costmap_converter_msgs
[0.766s] -- Up-to-date: /mnt/nova_ssd/workspaces/navigation/install/costmap_converter_msgs/share/costmap_converter_msgs/environment/ament_prefix_path.sh
[0.766s] -- Up-to-date: /mnt/nova_ssd/workspaces/navigation/install/costmap_converter_msgs/share/costmap_converter_msgs/environment/ament_prefix_path.dsv
[0.766s] -- Up-to-date: /mnt/nova_ssd/workspaces/navigation/install/costmap_converter_msgs/share/costmap_converter_msgs/environment/path.sh
[0.766s] -- Up-to-date: /mnt/nova_ssd/workspaces/navigation/install/costmap_converter_msgs/share/costmap_converter_msgs/environment/path.dsv
[0.767s] -- Up-to-date: /mnt/nova_ssd/workspaces/navigation/install/costmap_converter_msgs/share/costmap_converter_msgs/local_setup.bash
[0.767s] -- Up-to-date: /mnt/nova_ssd/workspaces/navigation/install/costmap_converter_msgs/share/costmap_converter_msgs/local_setup.sh
[0.767s] -- Up-to-date: /mnt/nova_ssd/workspaces/navigation/install/costmap_converter_msgs/share/costmap_converter_msgs/local_setup.zsh
[0.767s] -- Up-to-date: /mnt/nova_ssd/workspaces/navigation/install/costmap_converter_msgs/share/costmap_converter_msgs/local_setup.dsv
[0.767s] -- Installing: /mnt/nova_ssd/workspaces/navigation/install/costmap_converter_msgs/share/costmap_converter_msgs/package.dsv
[0.768s] -- Up-to-date: /mnt/nova_ssd/workspaces/navigation/install/costmap_converter_msgs/share/ament_index/resource_index/packages/costmap_converter_msgs
[0.768s] -- Up-to-date: /mnt/nova_ssd/workspaces/navigation/install/costmap_converter_msgs/share/costmap_converter_msgs/cmake/export_costmap_converter_msgs__rosidl_generator_cExport.cmake
[0.768s] -- Up-to-date: /mnt/nova_ssd/workspaces/navigation/install/costmap_converter_msgs/share/costmap_converter_msgs/cmake/export_costmap_converter_msgs__rosidl_generator_cExport-noconfig.cmake
[0.768s] -- Up-to-date: /mnt/nova_ssd/workspaces/navigation/install/costmap_converter_msgs/share/costmap_converter_msgs/cmake/export_costmap_converter_msgs__rosidl_typesupport_fastrtps_cExport.cmake
[0.768s] -- Up-to-date: /mnt/nova_ssd/workspaces/navigation/install/costmap_converter_msgs/share/costmap_converter_msgs/cmake/export_costmap_converter_msgs__rosidl_typesupport_fastrtps_cExport-noconfig.cmake
[0.769s] -- Up-to-date: /mnt/nova_ssd/workspaces/navigation/install/costmap_converter_msgs/share/costmap_converter_msgs/cmake/export_costmap_converter_msgs__rosidl_generator_cppExport.cmake
[0.769s] -- Up-to-date: /mnt/nova_ssd/workspaces/navigation/install/costmap_converter_msgs/share/costmap_converter_msgs/cmake/export_costmap_converter_msgs__rosidl_typesupport_fastrtps_cppExport.cmake
[0.769s] -- Up-to-date: /mnt/nova_ssd/workspaces/navigation/install/costmap_converter_msgs/share/costmap_converter_msgs/cmake/export_costmap_converter_msgs__rosidl_typesupport_fastrtps_cppExport-noconfig.cmake
[0.769s] -- Up-to-date: /mnt/nova_ssd/workspaces/navigation/install/costmap_converter_msgs/share/costmap_converter_msgs/cmake/costmap_converter_msgs__rosidl_typesupport_introspection_cExport.cmake
[0.769s] -- Up-to-date: /mnt/nova_ssd/workspaces/navigation/install/costmap_converter_msgs/share/costmap_converter_msgs/cmake/costmap_converter_msgs__rosidl_typesupport_introspection_cExport-noconfig.cmake
[0.769s] -- Up-to-date: /mnt/nova_ssd/workspaces/navigation/install/costmap_converter_msgs/share/costmap_converter_msgs/cmake/costmap_converter_msgs__rosidl_typesupport_cExport.cmake
[0.770s] -- Up-to-date: /mnt/nova_ssd/workspaces/navigation/install/costmap_converter_msgs/share/costmap_converter_msgs/cmake/costmap_converter_msgs__rosidl_typesupport_cExport-noconfig.cmake
[0.770s] -- Up-to-date: /mnt/nova_ssd/workspaces/navigation/install/costmap_converter_msgs/share/costmap_converter_msgs/cmake/costmap_converter_msgs__rosidl_typesupport_introspection_cppExport.cmake
[0.770s] -- Up-to-date: /mnt/nova_ssd/workspaces/navigation/install/costmap_converter_msgs/share/costmap_converter_msgs/cmake/costmap_converter_msgs__rosidl_typesupport_introspection_cppExport-noconfig.cmake
[0.770s] -- Up-to-date: /mnt/nova_ssd/workspaces/navigation/install/costmap_converter_msgs/share/costmap_converter_msgs/cmake/costmap_converter_msgs__rosidl_typesupport_cppExport.cmake
[0.770s] -- Up-to-date: /mnt/nova_ssd/workspaces/navigation/install/costmap_converter_msgs/share/costmap_converter_msgs/cmake/costmap_converter_msgs__rosidl_typesupport_cppExport-noconfig.cmake
[0.770s] -- Up-to-date: /mnt/nova_ssd/workspaces/navigation/install/costmap_converter_msgs/share/costmap_converter_msgs/cmake/export_costmap_converter_msgs__rosidl_generator_pyExport.cmake
[0.770s] -- Up-to-date: /mnt/nova_ssd/workspaces/navigation/install/costmap_converter_msgs/share/costmap_converter_msgs/cmake/export_costmap_converter_msgs__rosidl_generator_pyExport-noconfig.cmake
[0.771s] -- Up-to-date: /mnt/nova_ssd/workspaces/navigation/install/costmap_converter_msgs/share/costmap_converter_msgs/cmake/rosidl_cmake-extras.cmake
[0.771s] -- Up-to-date: /mnt/nova_ssd/workspaces/navigation/install/costmap_converter_msgs/share/costmap_converter_msgs/cmake/ament_cmake_export_dependencies-extras.cmake
[0.771s] -- Up-to-date: /mnt/nova_ssd/workspaces/navigation/install/costmap_converter_msgs/share/costmap_converter_msgs/cmake/ament_cmake_export_include_directories-extras.cmake
[0.772s] -- Up-to-date: /mnt/nova_ssd/workspaces/navigation/install/costmap_converter_msgs/share/costmap_converter_msgs/cmake/ament_cmake_export_libraries-extras.cmake
[0.772s] -- Up-to-date: /mnt/nova_ssd/workspaces/navigation/install/costmap_converter_msgs/share/costmap_converter_msgs/cmake/ament_cmake_export_targets-extras.cmake
[0.774s] -- Up-to-date: /mnt/nova_ssd/workspaces/navigation/install/costmap_converter_msgs/share/costmap_converter_msgs/cmake/rosidl_cmake_export_typesupport_targets-extras.cmake
[0.774s] -- Up-to-date: /mnt/nova_ssd/workspaces/navigation/install/costmap_converter_msgs/share/costmap_converter_msgs/cmake/rosidl_cmake_export_typesupport_libraries-extras.cmake
[0.774s] -- Up-to-date: /mnt/nova_ssd/workspaces/navigation/install/costmap_converter_msgs/share/costmap_converter_msgs/cmake/costmap_converter_msgsConfig.cmake
[0.775s] -- Up-to-date: /mnt/nova_ssd/workspaces/navigation/install/costmap_converter_msgs/share/costmap_converter_msgs/cmake/costmap_converter_msgsConfig-version.cmake
[0.775s] -- Up-to-date: /mnt/nova_ssd/workspaces/navigation/install/costmap_converter_msgs/share/costmap_converter_msgs/package.xml
[0.775s] Invoked command in '/mnt/nova_ssd/workspaces/navigation/build/costmap_converter_msgs' returned '0': CMAKE_PREFIX_PATH=${CMAKE_PREFIX_PATH}:/opt/ros/humble /usr/bin/cmake --install /mnt/nova_ssd/workspaces/navigation/build/costmap_converter_msgs
