[0.052s] Invoking command in '/mnt/nova_ssd/workspaces/navigation/build/dstar_main': CMAKE_PREFIX_PATH=/mnt/nova_ssd/workspaces/navigation/install/dwa_main:/mnt/nova_ssd/workspaces/navigation/install/dstar_main:/mnt/nova_ssd/workspaces/navigation/install/costmap_converter:/mnt/nova_ssd/workspaces/navigation/install/costmap_converter_msgs:/mnt/nova_ssd/workspaces/texttopoint_ws/install/point_publisher_pkg:/mnt/nova_ssd/workspaces/kiss-icp_ws/install/kiss_icp:/mnt/nova_ssd/workspaces/3d_lidar/src/ws_livox/install/livox_ros_driver2:/mnt/nova_ssd/workspaces/scout/install/scout_base:/mnt/nova_ssd/workspaces/pcl_ws/install/my_package:/mnt/nova_ssd/workspaces/pcl_ws/install/livox_tf:/opt/ros/humble:/mnt/nova_ssd/workspaces/scout/install/ugv_sdk:/mnt/nova_ssd/workspaces/scout/install/scout_msgs:/mnt/nova_ssd/workspaces/scout/install/scout_description:/mnt/nova_ssd/workspaces/octomap_ws/install/octomap_example:/mnt/nova_ssd/workspaces/pcl_ws/install/projected_pcl:/mnt/nova_ssd/workspaces/pcl_ws/install/pointcloud_to_laserscan:/mnt/nova_ssd/workspaces/pcl_ws/install/pcl_object_detection:/mnt/nova_ssd/workspaces/pcl_ws/install/pcl_filter /usr/bin/cmake --build /mnt/nova_ssd/workspaces/navigation/build/dstar_main -- -j12 -l12
[0.182s] [ 25%] Built target dstar_main
[0.253s] [ 50%] Built target map2grid
[0.312s] [ 75%] Built target scan2grid
[0.378s] [ 87%] [32mBuilding CXX object CMakeFiles/dwa_main.dir/src/dwa_main.cpp.o[0m
[10.176s] [01m[K/mnt/nova_ssd/workspaces/navigation/src/dstar_main/src/dwa_main.cpp:[m[K In member function ‘[01m[Kgeometry_msgs::msg::Point dwaNode::transformPoint(const Point&, const string&, const string&, geometry_msgs::msg::TransformStamped)[m[K’:
[10.176s] [01m[K/mnt/nova_ssd/workspaces/navigation/src/dstar_main/src/dwa_main.cpp:114:110:[m[K [01;35m[Kwarning: [m[Kunused parameter ‘[01m[Ktarget_frame[m[K’ [[01;35m[K]8;;https://gcc.gnu.org/onlinedocs/gcc/Warning-Options.html#index-Wunused-parameter-Wunused-parameter]8;;[m[K]
[10.176s]   114 | geometry_msgs::msg::Point dwaNode::transformPoint(const geometry_msgs::msg::Point& point, [01;35m[Kconst std::string& target_frame[m[K, const std::string& source_frame, geometry_msgs::msg::TransformStamped transformStamped) {
[10.177s]       |                                                                                           [01;35m[K~~~~~~~~~~~~~~~~~~~^~~~~~~~~~~~[m[K
[35.212s] [100%] [32m[1mLinking CXX executable dwa_main[0m
[35.742s] [100%] Built target dwa_main
[35.764s] Invoked command in '/mnt/nova_ssd/workspaces/navigation/build/dstar_main' returned '0': CMAKE_PREFIX_PATH=/mnt/nova_ssd/workspaces/navigation/install/dwa_main:/mnt/nova_ssd/workspaces/navigation/install/dstar_main:/mnt/nova_ssd/workspaces/navigation/install/costmap_converter:/mnt/nova_ssd/workspaces/navigation/install/costmap_converter_msgs:/mnt/nova_ssd/workspaces/texttopoint_ws/install/point_publisher_pkg:/mnt/nova_ssd/workspaces/kiss-icp_ws/install/kiss_icp:/mnt/nova_ssd/workspaces/3d_lidar/src/ws_livox/install/livox_ros_driver2:/mnt/nova_ssd/workspaces/scout/install/scout_base:/mnt/nova_ssd/workspaces/pcl_ws/install/my_package:/mnt/nova_ssd/workspaces/pcl_ws/install/livox_tf:/opt/ros/humble:/mnt/nova_ssd/workspaces/scout/install/ugv_sdk:/mnt/nova_ssd/workspaces/scout/install/scout_msgs:/mnt/nova_ssd/workspaces/scout/install/scout_description:/mnt/nova_ssd/workspaces/octomap_ws/install/octomap_example:/mnt/nova_ssd/workspaces/pcl_ws/install/projected_pcl:/mnt/nova_ssd/workspaces/pcl_ws/install/pointcloud_to_laserscan:/mnt/nova_ssd/workspaces/pcl_ws/install/pcl_object_detection:/mnt/nova_ssd/workspaces/pcl_ws/install/pcl_filter /usr/bin/cmake --build /mnt/nova_ssd/workspaces/navigation/build/dstar_main -- -j12 -l12
[35.839s] Invoking command in '/mnt/nova_ssd/workspaces/navigation/build/dstar_main': CMAKE_PREFIX_PATH=/mnt/nova_ssd/workspaces/navigation/install/dwa_main:/mnt/nova_ssd/workspaces/navigation/install/dstar_main:/mnt/nova_ssd/workspaces/navigation/install/costmap_converter:/mnt/nova_ssd/workspaces/navigation/install/costmap_converter_msgs:/mnt/nova_ssd/workspaces/texttopoint_ws/install/point_publisher_pkg:/mnt/nova_ssd/workspaces/kiss-icp_ws/install/kiss_icp:/mnt/nova_ssd/workspaces/3d_lidar/src/ws_livox/install/livox_ros_driver2:/mnt/nova_ssd/workspaces/scout/install/scout_base:/mnt/nova_ssd/workspaces/pcl_ws/install/my_package:/mnt/nova_ssd/workspaces/pcl_ws/install/livox_tf:/opt/ros/humble:/mnt/nova_ssd/workspaces/scout/install/ugv_sdk:/mnt/nova_ssd/workspaces/scout/install/scout_msgs:/mnt/nova_ssd/workspaces/scout/install/scout_description:/mnt/nova_ssd/workspaces/octomap_ws/install/octomap_example:/mnt/nova_ssd/workspaces/pcl_ws/install/projected_pcl:/mnt/nova_ssd/workspaces/pcl_ws/install/pointcloud_to_laserscan:/mnt/nova_ssd/workspaces/pcl_ws/install/pcl_object_detection:/mnt/nova_ssd/workspaces/pcl_ws/install/pcl_filter /usr/bin/cmake --install /mnt/nova_ssd/workspaces/navigation/build/dstar_main
[35.851s] -- Install configuration: ""
[35.852s] -- Up-to-date: /mnt/nova_ssd/workspaces/navigation/install/dstar_main/share/dstar_main//launch
[35.852s] -- Up-to-date: /mnt/nova_ssd/workspaces/navigation/install/dstar_main/share/dstar_main//launch/map2grid.launch.py
[35.852s] -- Up-to-date: /mnt/nova_ssd/workspaces/navigation/install/dstar_main/share/dstar_main//launch/scan2grid.launch.py
[35.852s] -- Up-to-date: /mnt/nova_ssd/workspaces/navigation/install/dstar_main/share/dstar_main//launch/dstar_main.launch.py
[35.852s] -- Up-to-date: /mnt/nova_ssd/workspaces/navigation/install/dstar_main/share/dstar_main//launch/dwa_main.launch copy.py
[35.852s] -- Up-to-date: /mnt/nova_ssd/workspaces/navigation/install/dstar_main/share/dstar_main//config
[35.852s] -- Up-to-date: /mnt/nova_ssd/workspaces/navigation/install/dstar_main/share/dstar_main//config/dstar_main.yaml
[35.853s] -- Up-to-date: /mnt/nova_ssd/workspaces/navigation/install/dstar_main/share/dstar_main//config/dwa_main.yaml
[35.853s] -- Up-to-date: /mnt/nova_ssd/workspaces/navigation/install/dstar_main/share/dstar_main//config/scan2grid.yaml
[35.853s] -- Up-to-date: /mnt/nova_ssd/workspaces/navigation/install/dstar_main/share/dstar_main//config/map2grid.yaml
[35.853s] -- Up-to-date: /mnt/nova_ssd/workspaces/navigation/install/dstar_main/lib/dstar_main/dstar_main
[35.853s] -- Installing: /mnt/nova_ssd/workspaces/navigation/install/dstar_main/lib/dstar_main/dwa_main
[35.857s] -- Set runtime path of "/mnt/nova_ssd/workspaces/navigation/install/dstar_main/lib/dstar_main/dwa_main" to ""
[35.858s] -- Up-to-date: /mnt/nova_ssd/workspaces/navigation/install/dstar_main/lib/dstar_main/scan2grid
[35.858s] -- Up-to-date: /mnt/nova_ssd/workspaces/navigation/install/dstar_main/lib/dstar_main/map2grid
[35.858s] -- Up-to-date: /mnt/nova_ssd/workspaces/navigation/install/dstar_main/share/ament_index/resource_index/package_run_dependencies/dstar_main
[35.859s] -- Up-to-date: /mnt/nova_ssd/workspaces/navigation/install/dstar_main/share/ament_index/resource_index/parent_prefix_path/dstar_main
[35.859s] -- Up-to-date: /mnt/nova_ssd/workspaces/navigation/install/dstar_main/share/dstar_main/environment/ament_prefix_path.sh
[35.859s] -- Up-to-date: /mnt/nova_ssd/workspaces/navigation/install/dstar_main/share/dstar_main/environment/ament_prefix_path.dsv
[35.860s] -- Up-to-date: /mnt/nova_ssd/workspaces/navigation/install/dstar_main/share/dstar_main/environment/path.sh
[35.860s] -- Up-to-date: /mnt/nova_ssd/workspaces/navigation/install/dstar_main/share/dstar_main/environment/path.dsv
[35.860s] -- Up-to-date: /mnt/nova_ssd/workspaces/navigation/install/dstar_main/share/dstar_main/local_setup.bash
[35.861s] -- Up-to-date: /mnt/nova_ssd/workspaces/navigation/install/dstar_main/share/dstar_main/local_setup.sh
[35.861s] -- Up-to-date: /mnt/nova_ssd/workspaces/navigation/install/dstar_main/share/dstar_main/local_setup.zsh
[35.861s] -- Up-to-date: /mnt/nova_ssd/workspaces/navigation/install/dstar_main/share/dstar_main/local_setup.dsv
[35.861s] -- Installing: /mnt/nova_ssd/workspaces/navigation/install/dstar_main/share/dstar_main/package.dsv
[35.862s] -- Up-to-date: /mnt/nova_ssd/workspaces/navigation/install/dstar_main/share/ament_index/resource_index/packages/dstar_main
[35.862s] -- Up-to-date: /mnt/nova_ssd/workspaces/navigation/install/dstar_main/share/dstar_main/cmake/dstar_mainConfig.cmake
[35.863s] -- Up-to-date: /mnt/nova_ssd/workspaces/navigation/install/dstar_main/share/dstar_main/cmake/dstar_mainConfig-version.cmake
[35.863s] -- Up-to-date: /mnt/nova_ssd/workspaces/navigation/install/dstar_main/share/dstar_main/package.xml
[35.875s] Invoked command in '/mnt/nova_ssd/workspaces/navigation/build/dstar_main' returned '0': CMAKE_PREFIX_PATH=/mnt/nova_ssd/workspaces/navigation/install/dwa_main:/mnt/nova_ssd/workspaces/navigation/install/dstar_main:/mnt/nova_ssd/workspaces/navigation/install/costmap_converter:/mnt/nova_ssd/workspaces/navigation/install/costmap_converter_msgs:/mnt/nova_ssd/workspaces/texttopoint_ws/install/point_publisher_pkg:/mnt/nova_ssd/workspaces/kiss-icp_ws/install/kiss_icp:/mnt/nova_ssd/workspaces/3d_lidar/src/ws_livox/install/livox_ros_driver2:/mnt/nova_ssd/workspaces/scout/install/scout_base:/mnt/nova_ssd/workspaces/pcl_ws/install/my_package:/mnt/nova_ssd/workspaces/pcl_ws/install/livox_tf:/opt/ros/humble:/mnt/nova_ssd/workspaces/scout/install/ugv_sdk:/mnt/nova_ssd/workspaces/scout/install/scout_msgs:/mnt/nova_ssd/workspaces/scout/install/scout_description:/mnt/nova_ssd/workspaces/octomap_ws/install/octomap_example:/mnt/nova_ssd/workspaces/pcl_ws/install/projected_pcl:/mnt/nova_ssd/workspaces/pcl_ws/install/pointcloud_to_laserscan:/mnt/nova_ssd/workspaces/pcl_ws/install/pcl_object_detection:/mnt/nova_ssd/workspaces/pcl_ws/install/pcl_filter /usr/bin/cmake --install /mnt/nova_ssd/workspaces/navigation/build/dstar_main
