[0.169s] DEBUG:colcon:Command line arguments: ['/usr/bin/colcon', 'build']
[0.170s] DEBUG:colcon:Parsed command line arguments: Namespace(log_base=None, log_level=None, verb_name='build', build_base='build', install_base='install', merge_install=False, symlink_install=False, test_result_base=None, continue_on_error=False, executor='parallel', parallel_workers=12, event_handlers=None, ignore_user_meta=False, metas=['./colcon.meta'], base_paths=['.'], packages_ignore=None, packages_ignore_regex=None, paths=None, packages_up_to=None, packages_up_to_regex=None, packages_above=None, packages_above_and_dependencies=None, packages_above_depth=None, packages_select_by_dep=None, packages_skip_by_dep=None, packages_skip_up_to=None, packages_select_build_failed=False, packages_skip_build_finished=False, packages_select_test_failures=False, packages_skip_test_passed=False, packages_select=None, packages_skip=None, packages_select_regex=None, packages_skip_regex=None, packages_start=None, packages_end=None, allow_overriding=[], cmake_args=None, cmake_target=None, cmake_target_skip_unavailable=False, cmake_clean_cache=False, cmake_clean_first=False, cmake_force_configure=False, ament_cmake_args=None, catkin_cmake_args=None, catkin_skip_building_tests=False, mixin_files=None, mixin=None, verb_parser=<colcon_mixin.mixin.mixin_argument.MixinArgumentDecorator object at 0xffff82106590>, verb_extension=<colcon_core.verb.build.BuildVerb object at 0xffff82222c20>, main=<bound method BuildVerb.main of <colcon_core.verb.build.BuildVerb object at 0xffff82222c20>>, mixin_verb=('build',))
[0.420s] Level 1:colcon.colcon_core.package_discovery:discover_packages(colcon_meta) check parameters
[0.420s] Level 1:colcon.colcon_core.package_discovery:discover_packages(recursive) check parameters
[0.420s] Level 1:colcon.colcon_core.package_discovery:discover_packages(ignore) check parameters
[0.420s] Level 1:colcon.colcon_core.package_discovery:discover_packages(path) check parameters
[0.420s] Level 1:colcon.colcon_core.package_discovery:discover_packages(colcon_meta) discover
[0.421s] Level 1:colcon.colcon_core.package_discovery:discover_packages(recursive) discover
[0.421s] INFO:colcon.colcon_core.package_discovery:Crawling recursively for packages in '/mnt/nova_ssd/workspaces/pcl_ws'
[0.421s] Level 1:colcon.colcon_core.package_identification:_identify(.) by extensions ['ignore', 'ignore_ament_install']
[0.421s] Level 1:colcon.colcon_core.package_identification:_identify(.) by extension 'ignore'
[0.421s] Level 1:colcon.colcon_core.package_identification:_identify(.) by extension 'ignore_ament_install'
[0.422s] Level 1:colcon.colcon_core.package_identification:_identify(.) by extensions ['colcon_pkg']
[0.422s] Level 1:colcon.colcon_core.package_identification:_identify(.) by extension 'colcon_pkg'
[0.422s] Level 1:colcon.colcon_core.package_identification:_identify(.) by extensions ['colcon_meta']
[0.422s] Level 1:colcon.colcon_core.package_identification:_identify(.) by extension 'colcon_meta'
[0.422s] Level 1:colcon.colcon_core.package_identification:_identify(.) by extensions ['ros']
[0.422s] Level 1:colcon.colcon_core.package_identification:_identify(.) by extension 'ros'
[0.440s] Level 1:colcon.colcon_core.package_identification:_identify(.) by extensions ['cmake', 'python']
[0.440s] Level 1:colcon.colcon_core.package_identification:_identify(.) by extension 'cmake'
[0.440s] Level 1:colcon.colcon_core.package_identification:_identify(.) by extension 'python'
[0.440s] Level 1:colcon.colcon_core.package_identification:_identify(.) by extensions ['python_setup_py']
[0.440s] Level 1:colcon.colcon_core.package_identification:_identify(.) by extension 'python_setup_py'
[0.441s] Level 1:colcon.colcon_core.package_identification:_identify(build) by extensions ['ignore', 'ignore_ament_install']
[0.441s] Level 1:colcon.colcon_core.package_identification:_identify(build) by extension 'ignore'
[0.441s] Level 1:colcon.colcon_core.package_identification:_identify(build) ignored
[0.441s] Level 1:colcon.colcon_core.package_identification:_identify(install) by extensions ['ignore', 'ignore_ament_install']
[0.441s] Level 1:colcon.colcon_core.package_identification:_identify(install) by extension 'ignore'
[0.441s] Level 1:colcon.colcon_core.package_identification:_identify(install) ignored
[0.442s] Level 1:colcon.colcon_core.package_identification:_identify(log) by extensions ['ignore', 'ignore_ament_install']
[0.442s] Level 1:colcon.colcon_core.package_identification:_identify(log) by extension 'ignore'
[0.442s] Level 1:colcon.colcon_core.package_identification:_identify(log) ignored
[0.442s] Level 1:colcon.colcon_core.package_identification:_identify(maps) by extensions ['ignore', 'ignore_ament_install']
[0.442s] Level 1:colcon.colcon_core.package_identification:_identify(maps) by extension 'ignore'
[0.442s] Level 1:colcon.colcon_core.package_identification:_identify(maps) by extension 'ignore_ament_install'
[0.442s] Level 1:colcon.colcon_core.package_identification:_identify(maps) by extensions ['colcon_pkg']
[0.443s] Level 1:colcon.colcon_core.package_identification:_identify(maps) by extension 'colcon_pkg'
[0.443s] Level 1:colcon.colcon_core.package_identification:_identify(maps) by extensions ['colcon_meta']
[0.443s] Level 1:colcon.colcon_core.package_identification:_identify(maps) by extension 'colcon_meta'
[0.443s] Level 1:colcon.colcon_core.package_identification:_identify(maps) by extensions ['ros']
[0.443s] Level 1:colcon.colcon_core.package_identification:_identify(maps) by extension 'ros'
[0.443s] Level 1:colcon.colcon_core.package_identification:_identify(maps) by extensions ['cmake', 'python']
[0.443s] Level 1:colcon.colcon_core.package_identification:_identify(maps) by extension 'cmake'
[0.443s] Level 1:colcon.colcon_core.package_identification:_identify(maps) by extension 'python'
[0.443s] Level 1:colcon.colcon_core.package_identification:_identify(maps) by extensions ['python_setup_py']
[0.443s] Level 1:colcon.colcon_core.package_identification:_identify(maps) by extension 'python_setup_py'
[0.443s] Level 1:colcon.colcon_core.package_identification:_identify(src) by extensions ['ignore', 'ignore_ament_install']
[0.443s] Level 1:colcon.colcon_core.package_identification:_identify(src) by extension 'ignore'
[0.444s] Level 1:colcon.colcon_core.package_identification:_identify(src) by extension 'ignore_ament_install'
[0.444s] Level 1:colcon.colcon_core.package_identification:_identify(src) by extensions ['colcon_pkg']
[0.444s] Level 1:colcon.colcon_core.package_identification:_identify(src) by extension 'colcon_pkg'
[0.444s] Level 1:colcon.colcon_core.package_identification:_identify(src) by extensions ['colcon_meta']
[0.444s] Level 1:colcon.colcon_core.package_identification:_identify(src) by extension 'colcon_meta'
[0.444s] Level 1:colcon.colcon_core.package_identification:_identify(src) by extensions ['ros']
[0.444s] Level 1:colcon.colcon_core.package_identification:_identify(src) by extension 'ros'
[0.444s] Level 1:colcon.colcon_core.package_identification:_identify(src) by extensions ['cmake', 'python']
[0.444s] Level 1:colcon.colcon_core.package_identification:_identify(src) by extension 'cmake'
[0.444s] Level 1:colcon.colcon_core.package_identification:_identify(src) by extension 'python'
[0.444s] Level 1:colcon.colcon_core.package_identification:_identify(src) by extensions ['python_setup_py']
[0.444s] Level 1:colcon.colcon_core.package_identification:_identify(src) by extension 'python_setup_py'
[0.445s] Level 1:colcon.colcon_core.package_identification:_identify(src/livox_tf) by extensions ['ignore', 'ignore_ament_install']
[0.445s] Level 1:colcon.colcon_core.package_identification:_identify(src/livox_tf) by extension 'ignore'
[0.445s] Level 1:colcon.colcon_core.package_identification:_identify(src/livox_tf) by extension 'ignore_ament_install'
[0.445s] Level 1:colcon.colcon_core.package_identification:_identify(src/livox_tf) by extensions ['colcon_pkg']
[0.445s] Level 1:colcon.colcon_core.package_identification:_identify(src/livox_tf) by extension 'colcon_pkg'
[0.445s] Level 1:colcon.colcon_core.package_identification:_identify(src/livox_tf) by extensions ['colcon_meta']
[0.445s] Level 1:colcon.colcon_core.package_identification:_identify(src/livox_tf) by extension 'colcon_meta'
[0.445s] Level 1:colcon.colcon_core.package_identification:_identify(src/livox_tf) by extensions ['ros']
[0.445s] Level 1:colcon.colcon_core.package_identification:_identify(src/livox_tf) by extension 'ros'
[0.449s] DEBUG:colcon.colcon_core.package_identification:Package 'src/livox_tf' with type 'ros.ament_python' and name 'livox_tf'
[0.449s] Level 1:colcon.colcon_core.package_identification:_identify(src/my_package) by extensions ['ignore', 'ignore_ament_install']
[0.449s] Level 1:colcon.colcon_core.package_identification:_identify(src/my_package) by extension 'ignore'
[0.449s] Level 1:colcon.colcon_core.package_identification:_identify(src/my_package) by extension 'ignore_ament_install'
[0.449s] Level 1:colcon.colcon_core.package_identification:_identify(src/my_package) by extensions ['colcon_pkg']
[0.449s] Level 1:colcon.colcon_core.package_identification:_identify(src/my_package) by extension 'colcon_pkg'
[0.449s] Level 1:colcon.colcon_core.package_identification:_identify(src/my_package) by extensions ['colcon_meta']
[0.450s] Level 1:colcon.colcon_core.package_identification:_identify(src/my_package) by extension 'colcon_meta'
[0.450s] Level 1:colcon.colcon_core.package_identification:_identify(src/my_package) by extensions ['ros']
[0.450s] Level 1:colcon.colcon_core.package_identification:_identify(src/my_package) by extension 'ros'
[0.450s] DEBUG:colcon.colcon_core.package_identification:Package 'src/my_package' with type 'ros.ament_python' and name 'my_package'
[0.451s] Level 1:colcon.colcon_core.package_identification:_identify(src/pcl_filter) by extensions ['ignore', 'ignore_ament_install']
[0.451s] Level 1:colcon.colcon_core.package_identification:_identify(src/pcl_filter) by extension 'ignore'
[0.451s] Level 1:colcon.colcon_core.package_identification:_identify(src/pcl_filter) by extension 'ignore_ament_install'
[0.451s] Level 1:colcon.colcon_core.package_identification:_identify(src/pcl_filter) by extensions ['colcon_pkg']
[0.451s] Level 1:colcon.colcon_core.package_identification:_identify(src/pcl_filter) by extension 'colcon_pkg'
[0.451s] Level 1:colcon.colcon_core.package_identification:_identify(src/pcl_filter) by extensions ['colcon_meta']
[0.451s] Level 1:colcon.colcon_core.package_identification:_identify(src/pcl_filter) by extension 'colcon_meta'
[0.451s] Level 1:colcon.colcon_core.package_identification:_identify(src/pcl_filter) by extensions ['ros']
[0.451s] Level 1:colcon.colcon_core.package_identification:_identify(src/pcl_filter) by extension 'ros'
[0.452s] DEBUG:colcon.colcon_core.package_identification:Package 'src/pcl_filter' with type 'ros.ament_python' and name 'pcl_filter'
[0.452s] Level 1:colcon.colcon_core.package_identification:_identify(src/pointcloud_to_laserscan) by extensions ['ignore', 'ignore_ament_install']
[0.452s] Level 1:colcon.colcon_core.package_identification:_identify(src/pointcloud_to_laserscan) by extension 'ignore'
[0.452s] Level 1:colcon.colcon_core.package_identification:_identify(src/pointcloud_to_laserscan) by extension 'ignore_ament_install'
[0.453s] Level 1:colcon.colcon_core.package_identification:_identify(src/pointcloud_to_laserscan) by extensions ['colcon_pkg']
[0.453s] Level 1:colcon.colcon_core.package_identification:_identify(src/pointcloud_to_laserscan) by extension 'colcon_pkg'
[0.453s] Level 1:colcon.colcon_core.package_identification:_identify(src/pointcloud_to_laserscan) by extensions ['colcon_meta']
[0.453s] Level 1:colcon.colcon_core.package_identification:_identify(src/pointcloud_to_laserscan) by extension 'colcon_meta'
[0.453s] Level 1:colcon.colcon_core.package_identification:_identify(src/pointcloud_to_laserscan) by extensions ['ros']
[0.453s] Level 1:colcon.colcon_core.package_identification:_identify(src/pointcloud_to_laserscan) by extension 'ros'
[0.455s] DEBUG:colcon.colcon_core.package_identification:Package 'src/pointcloud_to_laserscan' with type 'ros.ament_cmake' and name 'pointcloud_to_laserscan'
[0.455s] Level 1:colcon.colcon_core.package_identification:_identify(src/ros2_pcl_object_detection) by extensions ['ignore', 'ignore_ament_install']
[0.455s] Level 1:colcon.colcon_core.package_identification:_identify(src/ros2_pcl_object_detection) by extension 'ignore'
[0.455s] Level 1:colcon.colcon_core.package_identification:_identify(src/ros2_pcl_object_detection) by extension 'ignore_ament_install'
[0.455s] Level 1:colcon.colcon_core.package_identification:_identify(src/ros2_pcl_object_detection) by extensions ['colcon_pkg']
[0.455s] Level 1:colcon.colcon_core.package_identification:_identify(src/ros2_pcl_object_detection) by extension 'colcon_pkg'
[0.455s] Level 1:colcon.colcon_core.package_identification:_identify(src/ros2_pcl_object_detection) by extensions ['colcon_meta']
[0.455s] Level 1:colcon.colcon_core.package_identification:_identify(src/ros2_pcl_object_detection) by extension 'colcon_meta'
[0.455s] Level 1:colcon.colcon_core.package_identification:_identify(src/ros2_pcl_object_detection) by extensions ['ros']
[0.455s] Level 1:colcon.colcon_core.package_identification:_identify(src/ros2_pcl_object_detection) by extension 'ros'
[0.457s] DEBUG:colcon.colcon_core.package_identification:Package 'src/ros2_pcl_object_detection' with type 'ros.ament_cmake' and name 'pcl_object_detection'
[0.457s] Level 1:colcon.colcon_core.package_discovery:discover_packages(recursive) using defaults
[0.458s] Level 1:colcon.colcon_core.package_discovery:discover_packages(ignore) discover
[0.458s] Level 1:colcon.colcon_core.package_discovery:discover_packages(ignore) using defaults
[0.458s] Level 1:colcon.colcon_core.package_discovery:discover_packages(path) discover
[0.458s] Level 1:colcon.colcon_core.package_discovery:discover_packages(path) using defaults
[0.490s] Level 1:colcon.colcon_core.package_discovery:discover_packages(prefix_path) check parameters
[0.490s] Level 1:colcon.colcon_core.package_discovery:discover_packages(prefix_path) discover
[0.493s] DEBUG:colcon.colcon_installed_package_information.package_discovery:Found 4 installed packages in /mnt/nova_ssd/workspaces/scout/install
[0.494s] DEBUG:colcon.colcon_installed_package_information.package_discovery:Found 4 installed packages in /mnt/nova_ssd/workspaces/navigation/install
[0.496s] DEBUG:colcon.colcon_installed_package_information.package_discovery:Found 358 installed packages in /opt/ros/humble
[0.523s] Level 1:colcon.colcon_core.package_discovery:discover_packages(prefix_path) using defaults
[0.590s] Level 5:colcon.colcon_core.verb:set package 'livox_tf' build argument 'cmake_args' from command line to 'None'
[0.590s] Level 5:colcon.colcon_core.verb:set package 'livox_tf' build argument 'cmake_target' from command line to 'None'
[0.590s] Level 5:colcon.colcon_core.verb:set package 'livox_tf' build argument 'cmake_target_skip_unavailable' from command line to 'False'
[0.590s] Level 5:colcon.colcon_core.verb:set package 'livox_tf' build argument 'cmake_clean_cache' from command line to 'False'
[0.590s] Level 5:colcon.colcon_core.verb:set package 'livox_tf' build argument 'cmake_clean_first' from command line to 'False'
[0.590s] Level 5:colcon.colcon_core.verb:set package 'livox_tf' build argument 'cmake_force_configure' from command line to 'False'
[0.590s] Level 5:colcon.colcon_core.verb:set package 'livox_tf' build argument 'ament_cmake_args' from command line to 'None'
[0.590s] Level 5:colcon.colcon_core.verb:set package 'livox_tf' build argument 'catkin_cmake_args' from command line to 'None'
[0.591s] Level 5:colcon.colcon_core.verb:set package 'livox_tf' build argument 'catkin_skip_building_tests' from command line to 'False'
[0.591s] DEBUG:colcon.colcon_core.verb:Building package 'livox_tf' with the following arguments: {'ament_cmake_args': None, 'build_base': '/mnt/nova_ssd/workspaces/pcl_ws/build/livox_tf', 'catkin_cmake_args': None, 'catkin_skip_building_tests': False, 'cmake_args': None, 'cmake_clean_cache': False, 'cmake_clean_first': False, 'cmake_force_configure': False, 'cmake_target': None, 'cmake_target_skip_unavailable': False, 'install_base': '/mnt/nova_ssd/workspaces/pcl_ws/install/livox_tf', 'merge_install': False, 'path': '/mnt/nova_ssd/workspaces/pcl_ws/src/livox_tf', 'symlink_install': False, 'test_result_base': None}
[0.591s] Level 5:colcon.colcon_core.verb:set package 'my_package' build argument 'cmake_args' from command line to 'None'
[0.591s] Level 5:colcon.colcon_core.verb:set package 'my_package' build argument 'cmake_target' from command line to 'None'
[0.591s] Level 5:colcon.colcon_core.verb:set package 'my_package' build argument 'cmake_target_skip_unavailable' from command line to 'False'
[0.591s] Level 5:colcon.colcon_core.verb:set package 'my_package' build argument 'cmake_clean_cache' from command line to 'False'
[0.592s] Level 5:colcon.colcon_core.verb:set package 'my_package' build argument 'cmake_clean_first' from command line to 'False'
[0.592s] Level 5:colcon.colcon_core.verb:set package 'my_package' build argument 'cmake_force_configure' from command line to 'False'
[0.592s] Level 5:colcon.colcon_core.verb:set package 'my_package' build argument 'ament_cmake_args' from command line to 'None'
[0.592s] Level 5:colcon.colcon_core.verb:set package 'my_package' build argument 'catkin_cmake_args' from command line to 'None'
[0.592s] Level 5:colcon.colcon_core.verb:set package 'my_package' build argument 'catkin_skip_building_tests' from command line to 'False'
[0.592s] DEBUG:colcon.colcon_core.verb:Building package 'my_package' with the following arguments: {'ament_cmake_args': None, 'build_base': '/mnt/nova_ssd/workspaces/pcl_ws/build/my_package', 'catkin_cmake_args': None, 'catkin_skip_building_tests': False, 'cmake_args': None, 'cmake_clean_cache': False, 'cmake_clean_first': False, 'cmake_force_configure': False, 'cmake_target': None, 'cmake_target_skip_unavailable': False, 'install_base': '/mnt/nova_ssd/workspaces/pcl_ws/install/my_package', 'merge_install': False, 'path': '/mnt/nova_ssd/workspaces/pcl_ws/src/my_package', 'symlink_install': False, 'test_result_base': None}
[0.592s] Level 5:colcon.colcon_core.verb:set package 'pcl_filter' build argument 'cmake_args' from command line to 'None'
[0.592s] Level 5:colcon.colcon_core.verb:set package 'pcl_filter' build argument 'cmake_target' from command line to 'None'
[0.592s] Level 5:colcon.colcon_core.verb:set package 'pcl_filter' build argument 'cmake_target_skip_unavailable' from command line to 'False'
[0.592s] Level 5:colcon.colcon_core.verb:set package 'pcl_filter' build argument 'cmake_clean_cache' from command line to 'False'
[0.592s] Level 5:colcon.colcon_core.verb:set package 'pcl_filter' build argument 'cmake_clean_first' from command line to 'False'
[0.592s] Level 5:colcon.colcon_core.verb:set package 'pcl_filter' build argument 'cmake_force_configure' from command line to 'False'
[0.592s] Level 5:colcon.colcon_core.verb:set package 'pcl_filter' build argument 'ament_cmake_args' from command line to 'None'
[0.592s] Level 5:colcon.colcon_core.verb:set package 'pcl_filter' build argument 'catkin_cmake_args' from command line to 'None'
[0.593s] Level 5:colcon.colcon_core.verb:set package 'pcl_filter' build argument 'catkin_skip_building_tests' from command line to 'False'
[0.593s] DEBUG:colcon.colcon_core.verb:Building package 'pcl_filter' with the following arguments: {'ament_cmake_args': None, 'build_base': '/mnt/nova_ssd/workspaces/pcl_ws/build/pcl_filter', 'catkin_cmake_args': None, 'catkin_skip_building_tests': False, 'cmake_args': None, 'cmake_clean_cache': False, 'cmake_clean_first': False, 'cmake_force_configure': False, 'cmake_target': None, 'cmake_target_skip_unavailable': False, 'install_base': '/mnt/nova_ssd/workspaces/pcl_ws/install/pcl_filter', 'merge_install': False, 'path': '/mnt/nova_ssd/workspaces/pcl_ws/src/pcl_filter', 'symlink_install': False, 'test_result_base': None}
[0.593s] Level 5:colcon.colcon_core.verb:set package 'pcl_object_detection' build argument 'cmake_args' from command line to 'None'
[0.593s] Level 5:colcon.colcon_core.verb:set package 'pcl_object_detection' build argument 'cmake_target' from command line to 'None'
[0.593s] Level 5:colcon.colcon_core.verb:set package 'pcl_object_detection' build argument 'cmake_target_skip_unavailable' from command line to 'False'
[0.593s] Level 5:colcon.colcon_core.verb:set package 'pcl_object_detection' build argument 'cmake_clean_cache' from command line to 'False'
[0.593s] Level 5:colcon.colcon_core.verb:set package 'pcl_object_detection' build argument 'cmake_clean_first' from command line to 'False'
[0.593s] Level 5:colcon.colcon_core.verb:set package 'pcl_object_detection' build argument 'cmake_force_configure' from command line to 'False'
[0.593s] Level 5:colcon.colcon_core.verb:set package 'pcl_object_detection' build argument 'ament_cmake_args' from command line to 'None'
[0.593s] Level 5:colcon.colcon_core.verb:set package 'pcl_object_detection' build argument 'catkin_cmake_args' from command line to 'None'
[0.593s] Level 5:colcon.colcon_core.verb:set package 'pcl_object_detection' build argument 'catkin_skip_building_tests' from command line to 'False'
[0.593s] DEBUG:colcon.colcon_core.verb:Building package 'pcl_object_detection' with the following arguments: {'ament_cmake_args': None, 'build_base': '/mnt/nova_ssd/workspaces/pcl_ws/build/pcl_object_detection', 'catkin_cmake_args': None, 'catkin_skip_building_tests': False, 'cmake_args': None, 'cmake_clean_cache': False, 'cmake_clean_first': False, 'cmake_force_configure': False, 'cmake_target': None, 'cmake_target_skip_unavailable': False, 'install_base': '/mnt/nova_ssd/workspaces/pcl_ws/install/pcl_object_detection', 'merge_install': False, 'path': '/mnt/nova_ssd/workspaces/pcl_ws/src/ros2_pcl_object_detection', 'symlink_install': False, 'test_result_base': None}
[0.594s] Level 5:colcon.colcon_core.verb:set package 'pointcloud_to_laserscan' build argument 'cmake_args' from command line to 'None'
[0.594s] Level 5:colcon.colcon_core.verb:set package 'pointcloud_to_laserscan' build argument 'cmake_target' from command line to 'None'
[0.594s] Level 5:colcon.colcon_core.verb:set package 'pointcloud_to_laserscan' build argument 'cmake_target_skip_unavailable' from command line to 'False'
[0.594s] Level 5:colcon.colcon_core.verb:set package 'pointcloud_to_laserscan' build argument 'cmake_clean_cache' from command line to 'False'
[0.594s] Level 5:colcon.colcon_core.verb:set package 'pointcloud_to_laserscan' build argument 'cmake_clean_first' from command line to 'False'
[0.594s] Level 5:colcon.colcon_core.verb:set package 'pointcloud_to_laserscan' build argument 'cmake_force_configure' from command line to 'False'
[0.594s] Level 5:colcon.colcon_core.verb:set package 'pointcloud_to_laserscan' build argument 'ament_cmake_args' from command line to 'None'
[0.594s] Level 5:colcon.colcon_core.verb:set package 'pointcloud_to_laserscan' build argument 'catkin_cmake_args' from command line to 'None'
[0.594s] Level 5:colcon.colcon_core.verb:set package 'pointcloud_to_laserscan' build argument 'catkin_skip_building_tests' from command line to 'False'
[0.594s] DEBUG:colcon.colcon_core.verb:Building package 'pointcloud_to_laserscan' with the following arguments: {'ament_cmake_args': None, 'build_base': '/mnt/nova_ssd/workspaces/pcl_ws/build/pointcloud_to_laserscan', 'catkin_cmake_args': None, 'catkin_skip_building_tests': False, 'cmake_args': None, 'cmake_clean_cache': False, 'cmake_clean_first': False, 'cmake_force_configure': False, 'cmake_target': None, 'cmake_target_skip_unavailable': False, 'install_base': '/mnt/nova_ssd/workspaces/pcl_ws/install/pointcloud_to_laserscan', 'merge_install': False, 'path': '/mnt/nova_ssd/workspaces/pcl_ws/src/pointcloud_to_laserscan', 'symlink_install': False, 'test_result_base': None}
[0.594s] INFO:colcon.colcon_core.executor:Executing jobs using 'parallel' executor
[0.596s] DEBUG:colcon.colcon_parallel_executor.executor.parallel:run_until_complete
[0.597s] INFO:colcon.colcon_ros.task.ament_python.build:Building ROS package in '/mnt/nova_ssd/workspaces/pcl_ws/src/livox_tf' with build type 'ament_python'
[0.598s] Level 1:colcon.colcon_core.shell:create_environment_hook('livox_tf', 'ament_prefix_path')
[0.601s] INFO:colcon.colcon_core.plugin_system:Skipping extension 'colcon_core.shell.bat': Not used on non-Windows systems
[0.601s] INFO:colcon.colcon_core.shell:Creating environment hook '/mnt/nova_ssd/workspaces/pcl_ws/install/livox_tf/share/livox_tf/hook/ament_prefix_path.ps1'
[0.603s] INFO:colcon.colcon_core.shell:Creating environment descriptor '/mnt/nova_ssd/workspaces/pcl_ws/install/livox_tf/share/livox_tf/hook/ament_prefix_path.dsv'
[0.604s] INFO:colcon.colcon_core.shell:Creating environment hook '/mnt/nova_ssd/workspaces/pcl_ws/install/livox_tf/share/livox_tf/hook/ament_prefix_path.sh'
[0.606s] INFO:colcon.colcon_core.shell:Skip shell extension 'powershell' for command environment: Not usable outside of PowerShell
[0.606s] DEBUG:colcon.colcon_core.shell:Skip shell extension 'dsv' for command environment
[0.613s] INFO:colcon.colcon_ros.task.ament_python.build:Building ROS package in '/mnt/nova_ssd/workspaces/pcl_ws/src/my_package' with build type 'ament_python'
[0.613s] Level 1:colcon.colcon_core.shell:create_environment_hook('my_package', 'ament_prefix_path')
[0.614s] INFO:colcon.colcon_core.shell:Creating environment hook '/mnt/nova_ssd/workspaces/pcl_ws/install/my_package/share/my_package/hook/ament_prefix_path.ps1'
[0.616s] INFO:colcon.colcon_core.shell:Creating environment descriptor '/mnt/nova_ssd/workspaces/pcl_ws/install/my_package/share/my_package/hook/ament_prefix_path.dsv'
[0.617s] INFO:colcon.colcon_core.shell:Creating environment hook '/mnt/nova_ssd/workspaces/pcl_ws/install/my_package/share/my_package/hook/ament_prefix_path.sh'
[0.618s] INFO:colcon.colcon_core.shell:Skip shell extension 'powershell' for command environment: Not usable outside of PowerShell
[0.619s] DEBUG:colcon.colcon_core.shell:Skip shell extension 'dsv' for command environment
[0.625s] INFO:colcon.colcon_ros.task.ament_python.build:Building ROS package in '/mnt/nova_ssd/workspaces/pcl_ws/src/pcl_filter' with build type 'ament_python'
[0.626s] Level 1:colcon.colcon_core.shell:create_environment_hook('pcl_filter', 'ament_prefix_path')
[0.627s] INFO:colcon.colcon_core.shell:Creating environment hook '/mnt/nova_ssd/workspaces/pcl_ws/install/pcl_filter/share/pcl_filter/hook/ament_prefix_path.ps1'
[0.629s] INFO:colcon.colcon_core.shell:Creating environment descriptor '/mnt/nova_ssd/workspaces/pcl_ws/install/pcl_filter/share/pcl_filter/hook/ament_prefix_path.dsv'
[0.630s] INFO:colcon.colcon_core.shell:Creating environment hook '/mnt/nova_ssd/workspaces/pcl_ws/install/pcl_filter/share/pcl_filter/hook/ament_prefix_path.sh'
[0.631s] INFO:colcon.colcon_core.shell:Skip shell extension 'powershell' for command environment: Not usable outside of PowerShell
[0.631s] DEBUG:colcon.colcon_core.shell:Skip shell extension 'dsv' for command environment
[0.638s] INFO:colcon.colcon_ros.task.ament_cmake.build:Building ROS package in '/mnt/nova_ssd/workspaces/pcl_ws/src/ros2_pcl_object_detection' with build type 'ament_cmake'
[0.638s] INFO:colcon.colcon_cmake.task.cmake.build:Building CMake package in '/mnt/nova_ssd/workspaces/pcl_ws/src/ros2_pcl_object_detection'
[0.639s] INFO:colcon.colcon_core.shell:Skip shell extension 'powershell' for command environment: Not usable outside of PowerShell
[0.639s] DEBUG:colcon.colcon_core.shell:Skip shell extension 'dsv' for command environment
[0.646s] INFO:colcon.colcon_ros.task.ament_cmake.build:Building ROS package in '/mnt/nova_ssd/workspaces/pcl_ws/src/pointcloud_to_laserscan' with build type 'ament_cmake'
[0.646s] INFO:colcon.colcon_cmake.task.cmake.build:Building CMake package in '/mnt/nova_ssd/workspaces/pcl_ws/src/pointcloud_to_laserscan'
[0.647s] INFO:colcon.colcon_core.shell:Skip shell extension 'powershell' for command environment: Not usable outside of PowerShell
[0.647s] DEBUG:colcon.colcon_core.shell:Skip shell extension 'dsv' for command environment
[1.056s] INFO:colcon.colcon_core.task.python.build:Building Python package in '/mnt/nova_ssd/workspaces/pcl_ws/src/livox_tf'
[1.056s] INFO:colcon.colcon_core.shell:Skip shell extension 'powershell' for command environment: Not usable outside of PowerShell
[1.056s] DEBUG:colcon.colcon_core.shell:Skip shell extension 'dsv' for command environment
[1.455s] INFO:colcon.colcon_core.task.python.build:Building Python package in '/mnt/nova_ssd/workspaces/pcl_ws/src/my_package'
[1.456s] INFO:colcon.colcon_core.shell:Skip shell extension 'powershell' for command environment: Not usable outside of PowerShell
[1.456s] DEBUG:colcon.colcon_core.shell:Skip shell extension 'dsv' for command environment
[1.873s] INFO:colcon.colcon_core.task.python.build:Building Python package in '/mnt/nova_ssd/workspaces/pcl_ws/src/pcl_filter'
[1.873s] INFO:colcon.colcon_core.shell:Skip shell extension 'powershell' for command environment: Not usable outside of PowerShell
[1.873s] DEBUG:colcon.colcon_core.shell:Skip shell extension 'dsv' for command environment
[1.885s] DEBUG:colcon.colcon_core.event_handler.log_command:Invoking command in '/mnt/nova_ssd/workspaces/pcl_ws/build/pcl_object_detection': CMAKE_PREFIX_PATH=/mnt/nova_ssd/workspaces/navigation/install/dwa_main:/mnt/nova_ssd/workspaces/navigation/install/dstar_main:/mnt/nova_ssd/workspaces/navigation/install/costmap_converter:/mnt/nova_ssd/workspaces/navigation/install/costmap_converter_msgs:/mnt/nova_ssd/workspaces/scout/install/scout_base:/opt/ros/humble:/mnt/nova_ssd/workspaces/scout/install/ugv_sdk:/mnt/nova_ssd/workspaces/scout/install/scout_msgs:/mnt/nova_ssd/workspaces/scout/install/scout_description /usr/bin/cmake --build /mnt/nova_ssd/workspaces/pcl_ws/build/pcl_object_detection -- -j12 -l12
[1.893s] DEBUG:colcon.colcon_core.event_handler.log_command:Invoking command in '/mnt/nova_ssd/workspaces/pcl_ws/build/pointcloud_to_laserscan': CMAKE_PREFIX_PATH=/mnt/nova_ssd/workspaces/navigation/install/dwa_main:/mnt/nova_ssd/workspaces/navigation/install/dstar_main:/mnt/nova_ssd/workspaces/navigation/install/costmap_converter:/mnt/nova_ssd/workspaces/navigation/install/costmap_converter_msgs:/mnt/nova_ssd/workspaces/scout/install/scout_base:/opt/ros/humble:/mnt/nova_ssd/workspaces/scout/install/ugv_sdk:/mnt/nova_ssd/workspaces/scout/install/scout_msgs:/mnt/nova_ssd/workspaces/scout/install/scout_description /usr/bin/cmake --build /mnt/nova_ssd/workspaces/pcl_ws/build/pointcloud_to_laserscan -- -j12 -l12
[2.101s] DEBUG:colcon.colcon_core.event_handler.log_command:Invoked command in '/mnt/nova_ssd/workspaces/pcl_ws/build/pointcloud_to_laserscan' returned '0': CMAKE_PREFIX_PATH=/mnt/nova_ssd/workspaces/navigation/install/dwa_main:/mnt/nova_ssd/workspaces/navigation/install/dstar_main:/mnt/nova_ssd/workspaces/navigation/install/costmap_converter:/mnt/nova_ssd/workspaces/navigation/install/costmap_converter_msgs:/mnt/nova_ssd/workspaces/scout/install/scout_base:/opt/ros/humble:/mnt/nova_ssd/workspaces/scout/install/ugv_sdk:/mnt/nova_ssd/workspaces/scout/install/scout_msgs:/mnt/nova_ssd/workspaces/scout/install/scout_description /usr/bin/cmake --build /mnt/nova_ssd/workspaces/pcl_ws/build/pointcloud_to_laserscan -- -j12 -l12
[2.113s] DEBUG:colcon.colcon_core.event_handler.log_command:Invoked command in '/mnt/nova_ssd/workspaces/pcl_ws/build/pcl_object_detection' returned '0': CMAKE_PREFIX_PATH=/mnt/nova_ssd/workspaces/navigation/install/dwa_main:/mnt/nova_ssd/workspaces/navigation/install/dstar_main:/mnt/nova_ssd/workspaces/navigation/install/costmap_converter:/mnt/nova_ssd/workspaces/navigation/install/costmap_converter_msgs:/mnt/nova_ssd/workspaces/scout/install/scout_base:/opt/ros/humble:/mnt/nova_ssd/workspaces/scout/install/ugv_sdk:/mnt/nova_ssd/workspaces/scout/install/scout_msgs:/mnt/nova_ssd/workspaces/scout/install/scout_description /usr/bin/cmake --build /mnt/nova_ssd/workspaces/pcl_ws/build/pcl_object_detection -- -j12 -l12
[2.176s] DEBUG:colcon.colcon_core.event_handler.log_command:Invoking command in '/mnt/nova_ssd/workspaces/pcl_ws/build/pointcloud_to_laserscan': CMAKE_PREFIX_PATH=/mnt/nova_ssd/workspaces/navigation/install/dwa_main:/mnt/nova_ssd/workspaces/navigation/install/dstar_main:/mnt/nova_ssd/workspaces/navigation/install/costmap_converter:/mnt/nova_ssd/workspaces/navigation/install/costmap_converter_msgs:/mnt/nova_ssd/workspaces/scout/install/scout_base:/opt/ros/humble:/mnt/nova_ssd/workspaces/scout/install/ugv_sdk:/mnt/nova_ssd/workspaces/scout/install/scout_msgs:/mnt/nova_ssd/workspaces/scout/install/scout_description /usr/bin/cmake --install /mnt/nova_ssd/workspaces/pcl_ws/build/pointcloud_to_laserscan
[2.182s] DEBUG:colcon.colcon_core.event_handler.log_command:Invoking command in '/mnt/nova_ssd/workspaces/pcl_ws/build/pcl_object_detection': CMAKE_PREFIX_PATH=/mnt/nova_ssd/workspaces/navigation/install/dwa_main:/mnt/nova_ssd/workspaces/navigation/install/dstar_main:/mnt/nova_ssd/workspaces/navigation/install/costmap_converter:/mnt/nova_ssd/workspaces/navigation/install/costmap_converter_msgs:/mnt/nova_ssd/workspaces/scout/install/scout_base:/opt/ros/humble:/mnt/nova_ssd/workspaces/scout/install/ugv_sdk:/mnt/nova_ssd/workspaces/scout/install/scout_msgs:/mnt/nova_ssd/workspaces/scout/install/scout_description /usr/bin/cmake --install /mnt/nova_ssd/workspaces/pcl_ws/build/pcl_object_detection
[2.218s] Level 1:colcon.colcon_core.environment:create_environment_scripts_only(pcl_object_detection)
[2.222s] Level 1:colcon.colcon_core.environment:checking '/mnt/nova_ssd/workspaces/pcl_ws/install/pcl_object_detection' for CMake module files
[2.223s] Level 1:colcon.colcon_core.environment:checking '/mnt/nova_ssd/workspaces/pcl_ws/install/pcl_object_detection' for CMake config files
[2.227s] DEBUG:colcon.colcon_core.event_handler.log_command:Invoked command in '/mnt/nova_ssd/workspaces/pcl_ws/build/pcl_object_detection' returned '0': CMAKE_PREFIX_PATH=/mnt/nova_ssd/workspaces/navigation/install/dwa_main:/mnt/nova_ssd/workspaces/navigation/install/dstar_main:/mnt/nova_ssd/workspaces/navigation/install/costmap_converter:/mnt/nova_ssd/workspaces/navigation/install/costmap_converter_msgs:/mnt/nova_ssd/workspaces/scout/install/scout_base:/opt/ros/humble:/mnt/nova_ssd/workspaces/scout/install/ugv_sdk:/mnt/nova_ssd/workspaces/scout/install/scout_msgs:/mnt/nova_ssd/workspaces/scout/install/scout_description /usr/bin/cmake --install /mnt/nova_ssd/workspaces/pcl_ws/build/pcl_object_detection
[2.227s] Level 1:colcon.colcon_core.shell:create_environment_hook('pcl_object_detection', 'cmake_prefix_path')
[2.228s] INFO:colcon.colcon_core.shell:Creating environment hook '/mnt/nova_ssd/workspaces/pcl_ws/install/pcl_object_detection/share/pcl_object_detection/hook/cmake_prefix_path.ps1'
[2.229s] INFO:colcon.colcon_core.shell:Creating environment descriptor '/mnt/nova_ssd/workspaces/pcl_ws/install/pcl_object_detection/share/pcl_object_detection/hook/cmake_prefix_path.dsv'
[2.230s] INFO:colcon.colcon_core.shell:Creating environment hook '/mnt/nova_ssd/workspaces/pcl_ws/install/pcl_object_detection/share/pcl_object_detection/hook/cmake_prefix_path.sh'
[2.232s] Level 1:colcon.colcon_core.environment:checking '/mnt/nova_ssd/workspaces/pcl_ws/install/pcl_object_detection/lib'
[2.233s] Level 1:colcon.colcon_core.shell:create_environment_hook('pcl_object_detection', 'ld_library_path_lib')
[2.233s] INFO:colcon.colcon_core.shell:Creating environment hook '/mnt/nova_ssd/workspaces/pcl_ws/install/pcl_object_detection/share/pcl_object_detection/hook/ld_library_path_lib.ps1'
[2.234s] INFO:colcon.colcon_core.shell:Creating environment descriptor '/mnt/nova_ssd/workspaces/pcl_ws/install/pcl_object_detection/share/pcl_object_detection/hook/ld_library_path_lib.dsv'
[2.235s] INFO:colcon.colcon_core.shell:Creating environment hook '/mnt/nova_ssd/workspaces/pcl_ws/install/pcl_object_detection/share/pcl_object_detection/hook/ld_library_path_lib.sh'
[2.235s] Level 1:colcon.colcon_core.environment:checking '/mnt/nova_ssd/workspaces/pcl_ws/install/pcl_object_detection/bin'
[2.235s] Level 1:colcon.colcon_core.environment:checking '/mnt/nova_ssd/workspaces/pcl_ws/install/pcl_object_detection/lib/pkgconfig/pcl_object_detection.pc'
[2.236s] Level 1:colcon.colcon_core.environment:checking '/mnt/nova_ssd/workspaces/pcl_ws/install/pcl_object_detection/lib/python3.10/site-packages'
[2.236s] Level 1:colcon.colcon_core.environment:checking '/mnt/nova_ssd/workspaces/pcl_ws/install/pcl_object_detection/bin'
[2.237s] INFO:colcon.colcon_core.shell:Creating package script '/mnt/nova_ssd/workspaces/pcl_ws/install/pcl_object_detection/share/pcl_object_detection/package.ps1'
[2.242s] INFO:colcon.colcon_core.shell:Creating package descriptor '/mnt/nova_ssd/workspaces/pcl_ws/install/pcl_object_detection/share/pcl_object_detection/package.dsv'
[2.244s] INFO:colcon.colcon_core.shell:Creating package script '/mnt/nova_ssd/workspaces/pcl_ws/install/pcl_object_detection/share/pcl_object_detection/package.sh'
[2.246s] INFO:colcon.colcon_core.shell:Creating package script '/mnt/nova_ssd/workspaces/pcl_ws/install/pcl_object_detection/share/pcl_object_detection/package.bash'
[2.247s] INFO:colcon.colcon_core.shell:Creating package script '/mnt/nova_ssd/workspaces/pcl_ws/install/pcl_object_detection/share/pcl_object_detection/package.zsh'
[2.248s] Level 1:colcon.colcon_core.environment:create_file_with_runtime_dependencies(/mnt/nova_ssd/workspaces/pcl_ws/install/pcl_object_detection/share/colcon-core/packages/pcl_object_detection)
[2.251s] Level 1:colcon.colcon_core.environment:create_environment_scripts_only(pointcloud_to_laserscan)
[2.251s] Level 1:colcon.colcon_core.environment:checking '/mnt/nova_ssd/workspaces/pcl_ws/install/pointcloud_to_laserscan' for CMake module files
[2.252s] DEBUG:colcon.colcon_core.event_handler.log_command:Invoked command in '/mnt/nova_ssd/workspaces/pcl_ws/build/pointcloud_to_laserscan' returned '0': CMAKE_PREFIX_PATH=/mnt/nova_ssd/workspaces/navigation/install/dwa_main:/mnt/nova_ssd/workspaces/navigation/install/dstar_main:/mnt/nova_ssd/workspaces/navigation/install/costmap_converter:/mnt/nova_ssd/workspaces/navigation/install/costmap_converter_msgs:/mnt/nova_ssd/workspaces/scout/install/scout_base:/opt/ros/humble:/mnt/nova_ssd/workspaces/scout/install/ugv_sdk:/mnt/nova_ssd/workspaces/scout/install/scout_msgs:/mnt/nova_ssd/workspaces/scout/install/scout_description /usr/bin/cmake --install /mnt/nova_ssd/workspaces/pcl_ws/build/pointcloud_to_laserscan
[2.253s] Level 1:colcon.colcon_core.environment:checking '/mnt/nova_ssd/workspaces/pcl_ws/install/pointcloud_to_laserscan' for CMake config files
[2.253s] Level 1:colcon.colcon_core.shell:create_environment_hook('pointcloud_to_laserscan', 'cmake_prefix_path')
[2.254s] INFO:colcon.colcon_core.shell:Creating environment hook '/mnt/nova_ssd/workspaces/pcl_ws/install/pointcloud_to_laserscan/share/pointcloud_to_laserscan/hook/cmake_prefix_path.ps1'
[2.254s] INFO:colcon.colcon_core.shell:Creating environment descriptor '/mnt/nova_ssd/workspaces/pcl_ws/install/pointcloud_to_laserscan/share/pointcloud_to_laserscan/hook/cmake_prefix_path.dsv'
[2.255s] INFO:colcon.colcon_core.shell:Creating environment hook '/mnt/nova_ssd/workspaces/pcl_ws/install/pointcloud_to_laserscan/share/pointcloud_to_laserscan/hook/cmake_prefix_path.sh'
[2.256s] Level 1:colcon.colcon_core.environment:checking '/mnt/nova_ssd/workspaces/pcl_ws/install/pointcloud_to_laserscan/lib'
[2.256s] Level 1:colcon.colcon_core.shell:create_environment_hook('pointcloud_to_laserscan', 'ld_library_path_lib')
[2.256s] INFO:colcon.colcon_core.shell:Creating environment hook '/mnt/nova_ssd/workspaces/pcl_ws/install/pointcloud_to_laserscan/share/pointcloud_to_laserscan/hook/ld_library_path_lib.ps1'
[2.257s] INFO:colcon.colcon_core.shell:Creating environment descriptor '/mnt/nova_ssd/workspaces/pcl_ws/install/pointcloud_to_laserscan/share/pointcloud_to_laserscan/hook/ld_library_path_lib.dsv'
[2.257s] INFO:colcon.colcon_core.shell:Creating environment hook '/mnt/nova_ssd/workspaces/pcl_ws/install/pointcloud_to_laserscan/share/pointcloud_to_laserscan/hook/ld_library_path_lib.sh'
[2.258s] Level 1:colcon.colcon_core.environment:checking '/mnt/nova_ssd/workspaces/pcl_ws/install/pointcloud_to_laserscan/bin'
[2.258s] Level 1:colcon.colcon_core.environment:checking '/mnt/nova_ssd/workspaces/pcl_ws/install/pointcloud_to_laserscan/lib/pkgconfig/pointcloud_to_laserscan.pc'
[2.258s] Level 1:colcon.colcon_core.environment:checking '/mnt/nova_ssd/workspaces/pcl_ws/install/pointcloud_to_laserscan/lib/python3.10/site-packages'
[2.259s] Level 1:colcon.colcon_core.environment:checking '/mnt/nova_ssd/workspaces/pcl_ws/install/pointcloud_to_laserscan/bin'
[2.259s] INFO:colcon.colcon_core.shell:Creating package script '/mnt/nova_ssd/workspaces/pcl_ws/install/pointcloud_to_laserscan/share/pointcloud_to_laserscan/package.ps1'
[2.260s] INFO:colcon.colcon_core.shell:Creating package descriptor '/mnt/nova_ssd/workspaces/pcl_ws/install/pointcloud_to_laserscan/share/pointcloud_to_laserscan/package.dsv'
[2.261s] INFO:colcon.colcon_core.shell:Creating package script '/mnt/nova_ssd/workspaces/pcl_ws/install/pointcloud_to_laserscan/share/pointcloud_to_laserscan/package.sh'
[2.261s] INFO:colcon.colcon_core.shell:Creating package script '/mnt/nova_ssd/workspaces/pcl_ws/install/pointcloud_to_laserscan/share/pointcloud_to_laserscan/package.bash'
[2.262s] INFO:colcon.colcon_core.shell:Creating package script '/mnt/nova_ssd/workspaces/pcl_ws/install/pointcloud_to_laserscan/share/pointcloud_to_laserscan/package.zsh'
[2.262s] Level 1:colcon.colcon_core.environment:create_file_with_runtime_dependencies(/mnt/nova_ssd/workspaces/pcl_ws/install/pointcloud_to_laserscan/share/colcon-core/packages/pointcloud_to_laserscan)
[2.300s] Level 1:colcon.colcon_core.environment:create_environment_scripts_only(pcl_object_detection)
[2.300s] Level 1:colcon.colcon_core.environment:checking '/mnt/nova_ssd/workspaces/pcl_ws/install/pcl_object_detection' for CMake module files
[2.301s] Level 1:colcon.colcon_core.environment:checking '/mnt/nova_ssd/workspaces/pcl_ws/install/pcl_object_detection' for CMake config files
[2.302s] Level 1:colcon.colcon_core.shell:create_environment_hook('pcl_object_detection', 'cmake_prefix_path')
[2.302s] INFO:colcon.colcon_core.shell:Creating environment hook '/mnt/nova_ssd/workspaces/pcl_ws/install/pcl_object_detection/share/pcl_object_detection/hook/cmake_prefix_path.ps1'
[2.303s] INFO:colcon.colcon_core.shell:Creating environment descriptor '/mnt/nova_ssd/workspaces/pcl_ws/install/pcl_object_detection/share/pcl_object_detection/hook/cmake_prefix_path.dsv'
[2.305s] INFO:colcon.colcon_core.shell:Creating environment hook '/mnt/nova_ssd/workspaces/pcl_ws/install/pcl_object_detection/share/pcl_object_detection/hook/cmake_prefix_path.sh'
[2.312s] Level 1:colcon.colcon_core.environment:checking '/mnt/nova_ssd/workspaces/pcl_ws/install/pcl_object_detection/lib'
[2.312s] Level 1:colcon.colcon_core.shell:create_environment_hook('pcl_object_detection', 'ld_library_path_lib')
[2.313s] INFO:colcon.colcon_core.shell:Creating environment hook '/mnt/nova_ssd/workspaces/pcl_ws/install/pcl_object_detection/share/pcl_object_detection/hook/ld_library_path_lib.ps1'
[2.314s] INFO:colcon.colcon_core.shell:Creating environment descriptor '/mnt/nova_ssd/workspaces/pcl_ws/install/pcl_object_detection/share/pcl_object_detection/hook/ld_library_path_lib.dsv'
[2.315s] INFO:colcon.colcon_core.shell:Creating environment hook '/mnt/nova_ssd/workspaces/pcl_ws/install/pcl_object_detection/share/pcl_object_detection/hook/ld_library_path_lib.sh'
[2.316s] Level 1:colcon.colcon_core.environment:checking '/mnt/nova_ssd/workspaces/pcl_ws/install/pcl_object_detection/bin'
[2.317s] Level 1:colcon.colcon_core.environment:checking '/mnt/nova_ssd/workspaces/pcl_ws/install/pcl_object_detection/lib/pkgconfig/pcl_object_detection.pc'
[2.317s] Level 1:colcon.colcon_core.environment:checking '/mnt/nova_ssd/workspaces/pcl_ws/install/pcl_object_detection/lib/python3.10/site-packages'
[2.318s] Level 1:colcon.colcon_core.environment:checking '/mnt/nova_ssd/workspaces/pcl_ws/install/pcl_object_detection/bin'
[2.318s] INFO:colcon.colcon_core.shell:Creating package script '/mnt/nova_ssd/workspaces/pcl_ws/install/pcl_object_detection/share/pcl_object_detection/package.ps1'
[2.320s] INFO:colcon.colcon_core.shell:Creating package descriptor '/mnt/nova_ssd/workspaces/pcl_ws/install/pcl_object_detection/share/pcl_object_detection/package.dsv'
[2.321s] INFO:colcon.colcon_core.shell:Creating package script '/mnt/nova_ssd/workspaces/pcl_ws/install/pcl_object_detection/share/pcl_object_detection/package.sh'
[2.323s] INFO:colcon.colcon_core.shell:Creating package script '/mnt/nova_ssd/workspaces/pcl_ws/install/pcl_object_detection/share/pcl_object_detection/package.bash'
[2.324s] INFO:colcon.colcon_core.shell:Creating package script '/mnt/nova_ssd/workspaces/pcl_ws/install/pcl_object_detection/share/pcl_object_detection/package.zsh'
[2.325s] Level 1:colcon.colcon_core.environment:create_file_with_runtime_dependencies(/mnt/nova_ssd/workspaces/pcl_ws/install/pcl_object_detection/share/colcon-core/packages/pcl_object_detection)
[2.346s] Level 1:colcon.colcon_core.environment:create_environment_scripts_only(pointcloud_to_laserscan)
[2.347s] Level 1:colcon.colcon_core.environment:checking '/mnt/nova_ssd/workspaces/pcl_ws/install/pointcloud_to_laserscan' for CMake module files
[2.347s] Level 1:colcon.colcon_core.environment:checking '/mnt/nova_ssd/workspaces/pcl_ws/install/pointcloud_to_laserscan' for CMake config files
[2.348s] Level 1:colcon.colcon_core.shell:create_environment_hook('pointcloud_to_laserscan', 'cmake_prefix_path')
[2.348s] INFO:colcon.colcon_core.shell:Creating environment hook '/mnt/nova_ssd/workspaces/pcl_ws/install/pointcloud_to_laserscan/share/pointcloud_to_laserscan/hook/cmake_prefix_path.ps1'
[2.349s] INFO:colcon.colcon_core.shell:Creating environment descriptor '/mnt/nova_ssd/workspaces/pcl_ws/install/pointcloud_to_laserscan/share/pointcloud_to_laserscan/hook/cmake_prefix_path.dsv'
[2.350s] INFO:colcon.colcon_core.shell:Creating environment hook '/mnt/nova_ssd/workspaces/pcl_ws/install/pointcloud_to_laserscan/share/pointcloud_to_laserscan/hook/cmake_prefix_path.sh'
[2.351s] Level 1:colcon.colcon_core.environment:checking '/mnt/nova_ssd/workspaces/pcl_ws/install/pointcloud_to_laserscan/lib'
[2.351s] Level 1:colcon.colcon_core.shell:create_environment_hook('pointcloud_to_laserscan', 'ld_library_path_lib')
[2.351s] INFO:colcon.colcon_core.shell:Creating environment hook '/mnt/nova_ssd/workspaces/pcl_ws/install/pointcloud_to_laserscan/share/pointcloud_to_laserscan/hook/ld_library_path_lib.ps1'
[2.352s] INFO:colcon.colcon_core.shell:Creating environment descriptor '/mnt/nova_ssd/workspaces/pcl_ws/install/pointcloud_to_laserscan/share/pointcloud_to_laserscan/hook/ld_library_path_lib.dsv'
[2.352s] INFO:colcon.colcon_core.shell:Creating environment hook '/mnt/nova_ssd/workspaces/pcl_ws/install/pointcloud_to_laserscan/share/pointcloud_to_laserscan/hook/ld_library_path_lib.sh'
[2.353s] Level 1:colcon.colcon_core.environment:checking '/mnt/nova_ssd/workspaces/pcl_ws/install/pointcloud_to_laserscan/bin'
[2.353s] Level 1:colcon.colcon_core.environment:checking '/mnt/nova_ssd/workspaces/pcl_ws/install/pointcloud_to_laserscan/lib/pkgconfig/pointcloud_to_laserscan.pc'
[2.353s] Level 1:colcon.colcon_core.environment:checking '/mnt/nova_ssd/workspaces/pcl_ws/install/pointcloud_to_laserscan/lib/python3.10/site-packages'
[2.354s] Level 1:colcon.colcon_core.environment:checking '/mnt/nova_ssd/workspaces/pcl_ws/install/pointcloud_to_laserscan/bin'
[2.355s] INFO:colcon.colcon_core.shell:Creating package script '/mnt/nova_ssd/workspaces/pcl_ws/install/pointcloud_to_laserscan/share/pointcloud_to_laserscan/package.ps1'
[2.356s] INFO:colcon.colcon_core.shell:Creating package descriptor '/mnt/nova_ssd/workspaces/pcl_ws/install/pointcloud_to_laserscan/share/pointcloud_to_laserscan/package.dsv'
[2.357s] INFO:colcon.colcon_core.shell:Creating package script '/mnt/nova_ssd/workspaces/pcl_ws/install/pointcloud_to_laserscan/share/pointcloud_to_laserscan/package.sh'
[2.357s] INFO:colcon.colcon_core.shell:Creating package script '/mnt/nova_ssd/workspaces/pcl_ws/install/pointcloud_to_laserscan/share/pointcloud_to_laserscan/package.bash'
[2.358s] INFO:colcon.colcon_core.shell:Creating package script '/mnt/nova_ssd/workspaces/pcl_ws/install/pointcloud_to_laserscan/share/pointcloud_to_laserscan/package.zsh'
[2.359s] Level 1:colcon.colcon_core.environment:create_file_with_runtime_dependencies(/mnt/nova_ssd/workspaces/pcl_ws/install/pointcloud_to_laserscan/share/colcon-core/packages/pointcloud_to_laserscan)
[2.450s] DEBUG:colcon.colcon_core.event_handler.log_command:Invoking command in '/mnt/nova_ssd/workspaces/pcl_ws/src/livox_tf': PYTHONPATH=/mnt/nova_ssd/workspaces/pcl_ws/build/livox_tf/prefix_override:/usr/lib/python3/dist-packages/colcon_core/task/python/colcon_distutils_commands:/mnt/nova_ssd/workspaces/pcl_ws/install/livox_tf/lib/python3.10/site-packages:${PYTHONPATH} /usr/bin/python3 -W ignore:setup.py install is deprecated setup.py egg_info --egg-base ../../build/livox_tf build --build-base /mnt/nova_ssd/workspaces/pcl_ws/build/livox_tf/build install --record /mnt/nova_ssd/workspaces/pcl_ws/build/livox_tf/install.log --single-version-externally-managed install_data
[2.490s] DEBUG:colcon.colcon_core.event_handler.log_command:Invoking command in '/mnt/nova_ssd/workspaces/pcl_ws/src/my_package': PYTHONPATH=/mnt/nova_ssd/workspaces/pcl_ws/build/my_package/prefix_override:/usr/lib/python3/dist-packages/colcon_core/task/python/colcon_distutils_commands:/mnt/nova_ssd/workspaces/pcl_ws/install/my_package/lib/python3.10/site-packages:${PYTHONPATH} /usr/bin/python3 -W ignore:setup.py install is deprecated setup.py egg_info --egg-base ../../build/my_package build --build-base /mnt/nova_ssd/workspaces/pcl_ws/build/my_package/build install --record /mnt/nova_ssd/workspaces/pcl_ws/build/my_package/install.log --single-version-externally-managed install_data
[2.530s] DEBUG:colcon.colcon_core.event_handler.log_command:Invoking command in '/mnt/nova_ssd/workspaces/pcl_ws/src/pcl_filter': PYTHONPATH=/mnt/nova_ssd/workspaces/pcl_ws/build/pcl_filter/prefix_override:/usr/lib/python3/dist-packages/colcon_core/task/python/colcon_distutils_commands:/mnt/nova_ssd/workspaces/pcl_ws/install/pcl_filter/lib/python3.10/site-packages:${PYTHONPATH} /usr/bin/python3 -W ignore:setup.py install is deprecated setup.py egg_info --egg-base ../../build/pcl_filter build --build-base /mnt/nova_ssd/workspaces/pcl_ws/build/pcl_filter/build install --record /mnt/nova_ssd/workspaces/pcl_ws/build/pcl_filter/install.log --single-version-externally-managed install_data
[2.919s] Level 1:colcon.colcon_core.environment:checking '/mnt/nova_ssd/workspaces/pcl_ws/install/livox_tf' for CMake module files
[2.919s] Level 1:colcon.colcon_core.environment:checking '/mnt/nova_ssd/workspaces/pcl_ws/install/livox_tf' for CMake config files
[2.921s] DEBUG:colcon.colcon_core.event_handler.log_command:Invoked command in '/mnt/nova_ssd/workspaces/pcl_ws/src/livox_tf' returned '0': PYTHONPATH=/mnt/nova_ssd/workspaces/pcl_ws/build/livox_tf/prefix_override:/usr/lib/python3/dist-packages/colcon_core/task/python/colcon_distutils_commands:/mnt/nova_ssd/workspaces/pcl_ws/install/livox_tf/lib/python3.10/site-packages:${PYTHONPATH} /usr/bin/python3 -W ignore:setup.py install is deprecated setup.py egg_info --egg-base ../../build/livox_tf build --build-base /mnt/nova_ssd/workspaces/pcl_ws/build/livox_tf/build install --record /mnt/nova_ssd/workspaces/pcl_ws/build/livox_tf/install.log --single-version-externally-managed install_data
[2.921s] Level 1:colcon.colcon_core.environment:checking '/mnt/nova_ssd/workspaces/pcl_ws/install/livox_tf/lib'
[2.922s] Level 1:colcon.colcon_core.environment:checking '/mnt/nova_ssd/workspaces/pcl_ws/install/livox_tf/bin'
[2.922s] Level 1:colcon.colcon_core.environment:checking '/mnt/nova_ssd/workspaces/pcl_ws/install/livox_tf/lib/pkgconfig/livox_tf.pc'
[2.922s] Level 1:colcon.colcon_core.environment:checking '/mnt/nova_ssd/workspaces/pcl_ws/install/livox_tf/lib/python3.10/site-packages'
[2.922s] Level 1:colcon.colcon_core.shell:create_environment_hook('livox_tf', 'pythonpath')
[2.923s] INFO:colcon.colcon_core.shell:Creating environment hook '/mnt/nova_ssd/workspaces/pcl_ws/install/livox_tf/share/livox_tf/hook/pythonpath.ps1'
[2.925s] INFO:colcon.colcon_core.shell:Creating environment descriptor '/mnt/nova_ssd/workspaces/pcl_ws/install/livox_tf/share/livox_tf/hook/pythonpath.dsv'
[2.925s] INFO:colcon.colcon_core.shell:Creating environment hook '/mnt/nova_ssd/workspaces/pcl_ws/install/livox_tf/share/livox_tf/hook/pythonpath.sh'
[2.926s] Level 1:colcon.colcon_core.environment:checking '/mnt/nova_ssd/workspaces/pcl_ws/install/livox_tf/bin'
[2.927s] Level 1:colcon.colcon_core.environment:create_environment_scripts_only(livox_tf)
[2.927s] INFO:colcon.colcon_core.shell:Creating package script '/mnt/nova_ssd/workspaces/pcl_ws/install/livox_tf/share/livox_tf/package.ps1'
[2.928s] INFO:colcon.colcon_core.shell:Creating package descriptor '/mnt/nova_ssd/workspaces/pcl_ws/install/livox_tf/share/livox_tf/package.dsv'
[2.929s] INFO:colcon.colcon_core.shell:Creating package script '/mnt/nova_ssd/workspaces/pcl_ws/install/livox_tf/share/livox_tf/package.sh'
[2.929s] INFO:colcon.colcon_core.shell:Creating package script '/mnt/nova_ssd/workspaces/pcl_ws/install/livox_tf/share/livox_tf/package.bash'
[2.930s] INFO:colcon.colcon_core.shell:Creating package script '/mnt/nova_ssd/workspaces/pcl_ws/install/livox_tf/share/livox_tf/package.zsh'
[2.930s] Level 1:colcon.colcon_core.environment:create_file_with_runtime_dependencies(/mnt/nova_ssd/workspaces/pcl_ws/install/livox_tf/share/colcon-core/packages/livox_tf)
[2.966s] Level 1:colcon.colcon_core.environment:checking '/mnt/nova_ssd/workspaces/pcl_ws/install/my_package' for CMake module files
[2.967s] DEBUG:colcon.colcon_core.event_handler.log_command:Invoked command in '/mnt/nova_ssd/workspaces/pcl_ws/src/my_package' returned '0': PYTHONPATH=/mnt/nova_ssd/workspaces/pcl_ws/build/my_package/prefix_override:/usr/lib/python3/dist-packages/colcon_core/task/python/colcon_distutils_commands:/mnt/nova_ssd/workspaces/pcl_ws/install/my_package/lib/python3.10/site-packages:${PYTHONPATH} /usr/bin/python3 -W ignore:setup.py install is deprecated setup.py egg_info --egg-base ../../build/my_package build --build-base /mnt/nova_ssd/workspaces/pcl_ws/build/my_package/build install --record /mnt/nova_ssd/workspaces/pcl_ws/build/my_package/install.log --single-version-externally-managed install_data
[2.968s] Level 1:colcon.colcon_core.environment:checking '/mnt/nova_ssd/workspaces/pcl_ws/install/my_package' for CMake config files
[2.969s] Level 1:colcon.colcon_core.environment:checking '/mnt/nova_ssd/workspaces/pcl_ws/install/my_package/lib'
[2.969s] Level 1:colcon.colcon_core.environment:checking '/mnt/nova_ssd/workspaces/pcl_ws/install/my_package/bin'
[2.969s] Level 1:colcon.colcon_core.environment:checking '/mnt/nova_ssd/workspaces/pcl_ws/install/my_package/lib/pkgconfig/my_package.pc'
[2.969s] Level 1:colcon.colcon_core.environment:checking '/mnt/nova_ssd/workspaces/pcl_ws/install/my_package/lib/python3.10/site-packages'
[2.969s] Level 1:colcon.colcon_core.shell:create_environment_hook('my_package', 'pythonpath')
[2.970s] INFO:colcon.colcon_core.shell:Creating environment hook '/mnt/nova_ssd/workspaces/pcl_ws/install/my_package/share/my_package/hook/pythonpath.ps1'
[2.971s] INFO:colcon.colcon_core.shell:Creating environment descriptor '/mnt/nova_ssd/workspaces/pcl_ws/install/my_package/share/my_package/hook/pythonpath.dsv'
[2.971s] INFO:colcon.colcon_core.shell:Creating environment hook '/mnt/nova_ssd/workspaces/pcl_ws/install/my_package/share/my_package/hook/pythonpath.sh'
[2.972s] Level 1:colcon.colcon_core.environment:checking '/mnt/nova_ssd/workspaces/pcl_ws/install/my_package/bin'
[2.972s] Level 1:colcon.colcon_core.environment:create_environment_scripts_only(my_package)
[2.973s] INFO:colcon.colcon_core.shell:Creating package script '/mnt/nova_ssd/workspaces/pcl_ws/install/my_package/share/my_package/package.ps1'
[2.974s] INFO:colcon.colcon_core.shell:Creating package descriptor '/mnt/nova_ssd/workspaces/pcl_ws/install/my_package/share/my_package/package.dsv'
[2.975s] INFO:colcon.colcon_core.shell:Creating package script '/mnt/nova_ssd/workspaces/pcl_ws/install/my_package/share/my_package/package.sh'
[2.976s] INFO:colcon.colcon_core.shell:Creating package script '/mnt/nova_ssd/workspaces/pcl_ws/install/my_package/share/my_package/package.bash'
[2.976s] INFO:colcon.colcon_core.shell:Creating package script '/mnt/nova_ssd/workspaces/pcl_ws/install/my_package/share/my_package/package.zsh'
[2.977s] Level 1:colcon.colcon_core.environment:create_file_with_runtime_dependencies(/mnt/nova_ssd/workspaces/pcl_ws/install/my_package/share/colcon-core/packages/my_package)
[2.996s] Level 1:colcon.colcon_core.environment:checking '/mnt/nova_ssd/workspaces/pcl_ws/install/pcl_filter' for CMake module files
[2.998s] DEBUG:colcon.colcon_core.event_handler.log_command:Invoked command in '/mnt/nova_ssd/workspaces/pcl_ws/src/pcl_filter' returned '0': PYTHONPATH=/mnt/nova_ssd/workspaces/pcl_ws/build/pcl_filter/prefix_override:/usr/lib/python3/dist-packages/colcon_core/task/python/colcon_distutils_commands:/mnt/nova_ssd/workspaces/pcl_ws/install/pcl_filter/lib/python3.10/site-packages:${PYTHONPATH} /usr/bin/python3 -W ignore:setup.py install is deprecated setup.py egg_info --egg-base ../../build/pcl_filter build --build-base /mnt/nova_ssd/workspaces/pcl_ws/build/pcl_filter/build install --record /mnt/nova_ssd/workspaces/pcl_ws/build/pcl_filter/install.log --single-version-externally-managed install_data
[2.998s] Level 1:colcon.colcon_core.environment:checking '/mnt/nova_ssd/workspaces/pcl_ws/install/pcl_filter' for CMake config files
[2.999s] Level 1:colcon.colcon_core.environment:checking '/mnt/nova_ssd/workspaces/pcl_ws/install/pcl_filter/lib'
[2.999s] Level 1:colcon.colcon_core.environment:checking '/mnt/nova_ssd/workspaces/pcl_ws/install/pcl_filter/bin'
[2.999s] Level 1:colcon.colcon_core.environment:checking '/mnt/nova_ssd/workspaces/pcl_ws/install/pcl_filter/lib/pkgconfig/pcl_filter.pc'
[3.000s] Level 1:colcon.colcon_core.environment:checking '/mnt/nova_ssd/workspaces/pcl_ws/install/pcl_filter/lib/python3.10/site-packages'
[3.000s] Level 1:colcon.colcon_core.shell:create_environment_hook('pcl_filter', 'pythonpath')
[3.000s] INFO:colcon.colcon_core.shell:Creating environment hook '/mnt/nova_ssd/workspaces/pcl_ws/install/pcl_filter/share/pcl_filter/hook/pythonpath.ps1'
[3.001s] INFO:colcon.colcon_core.shell:Creating environment descriptor '/mnt/nova_ssd/workspaces/pcl_ws/install/pcl_filter/share/pcl_filter/hook/pythonpath.dsv'
[3.001s] INFO:colcon.colcon_core.shell:Creating environment hook '/mnt/nova_ssd/workspaces/pcl_ws/install/pcl_filter/share/pcl_filter/hook/pythonpath.sh'
[3.002s] Level 1:colcon.colcon_core.environment:checking '/mnt/nova_ssd/workspaces/pcl_ws/install/pcl_filter/bin'
[3.002s] Level 1:colcon.colcon_core.environment:create_environment_scripts_only(pcl_filter)
[3.003s] INFO:colcon.colcon_core.shell:Creating package script '/mnt/nova_ssd/workspaces/pcl_ws/install/pcl_filter/share/pcl_filter/package.ps1'
[3.004s] INFO:colcon.colcon_core.shell:Creating package descriptor '/mnt/nova_ssd/workspaces/pcl_ws/install/pcl_filter/share/pcl_filter/package.dsv'
[3.004s] INFO:colcon.colcon_core.shell:Creating package script '/mnt/nova_ssd/workspaces/pcl_ws/install/pcl_filter/share/pcl_filter/package.sh'
[3.005s] INFO:colcon.colcon_core.shell:Creating package script '/mnt/nova_ssd/workspaces/pcl_ws/install/pcl_filter/share/pcl_filter/package.bash'
[3.006s] INFO:colcon.colcon_core.shell:Creating package script '/mnt/nova_ssd/workspaces/pcl_ws/install/pcl_filter/share/pcl_filter/package.zsh'
[3.007s] Level 1:colcon.colcon_core.environment:create_file_with_runtime_dependencies(/mnt/nova_ssd/workspaces/pcl_ws/install/pcl_filter/share/colcon-core/packages/pcl_filter)
[3.007s] DEBUG:colcon.colcon_parallel_executor.executor.parallel:closing loop
[3.008s] DEBUG:colcon.colcon_parallel_executor.executor.parallel:loop closed
[3.008s] DEBUG:colcon.colcon_parallel_executor.executor.parallel:run_until_complete finished with '0'
[3.008s] DEBUG:colcon.colcon_core.event_reactor:joining thread
[3.017s] INFO:colcon.colcon_core.plugin_system:Skipping extension 'colcon_notification.desktop_notification.terminal_notifier': Not used on non-Darwin systems
[3.017s] INFO:colcon.colcon_core.plugin_system:Skipping extension 'colcon_notification.desktop_notification.win32': Not used on non-Windows systems
[3.017s] INFO:colcon.colcon_notification.desktop_notification:Sending desktop notification using 'notify2'
[3.055s] DEBUG:colcon.colcon_core.event_reactor:joined thread
[3.055s] INFO:colcon.colcon_core.shell:Creating prefix script '/mnt/nova_ssd/workspaces/pcl_ws/install/local_setup.ps1'
[3.057s] INFO:colcon.colcon_core.shell:Creating prefix util module '/mnt/nova_ssd/workspaces/pcl_ws/install/_local_setup_util_ps1.py'
[3.059s] INFO:colcon.colcon_core.shell:Creating prefix chain script '/mnt/nova_ssd/workspaces/pcl_ws/install/setup.ps1'
[3.061s] INFO:colcon.colcon_core.shell:Creating prefix script '/mnt/nova_ssd/workspaces/pcl_ws/install/local_setup.sh'
[3.062s] INFO:colcon.colcon_core.shell:Creating prefix util module '/mnt/nova_ssd/workspaces/pcl_ws/install/_local_setup_util_sh.py'
[3.063s] INFO:colcon.colcon_core.shell:Creating prefix chain script '/mnt/nova_ssd/workspaces/pcl_ws/install/setup.sh'
[3.065s] INFO:colcon.colcon_core.shell:Creating prefix script '/mnt/nova_ssd/workspaces/pcl_ws/install/local_setup.bash'
[3.066s] INFO:colcon.colcon_core.shell:Creating prefix chain script '/mnt/nova_ssd/workspaces/pcl_ws/install/setup.bash'
[3.068s] INFO:colcon.colcon_core.shell:Creating prefix script '/mnt/nova_ssd/workspaces/pcl_ws/install/local_setup.zsh'
[3.069s] INFO:colcon.colcon_core.shell:Creating prefix chain script '/mnt/nova_ssd/workspaces/pcl_ws/install/setup.zsh'
