[0.020s] Invoking command in '/mnt/nova_ssd/workspaces/scout/build/scout_msgs': CMAKE_PREFIX_PATH=/opt/ros/humble /usr/bin/cmake /mnt/nova_ssd/workspaces/scout/src/scout_ros2/scout_msgs -DCMAKE_INSTALL_PREFIX=/mnt/nova_ssd/workspaces/scout/install/scout_msgs
[0.091s] -- The C compiler identification is GNU 11.4.0
[0.171s] -- The CXX compiler identification is GNU 11.4.0
[0.183s] -- Detecting C compiler ABI info
[0.280s] -- Detecting C compiler ABI info - done
[0.291s] -- Check for working C compiler: /usr/bin/cc - skipped
[0.291s] -- Detecting C compile features
[0.292s] -- Detecting C compile features - done
[0.296s] -- Detecting CXX compiler ABI info
[0.402s] -- Detecting CXX compiler ABI info - done
[0.413s] -- Check for working CXX compiler: /usr/bin/c++ - skipped
[0.413s] -- Detecting CXX compile features
[0.414s] -- Detecting CXX compile features - done
[0.417s] -- Found ament_cmake: 1.3.9 (/opt/ros/humble/share/ament_cmake/cmake)
[0.666s] -- Found Python3: /usr/bin/python3 (found version "3.10.12") found components: Interpreter 
[0.791s] -- Found builtin_interfaces: 1.2.1 (/opt/ros/humble/share/builtin_interfaces/cmake)
[0.838s] -- Found rosidl_generator_c: 3.1.5 (/opt/ros/humble/share/rosidl_generator_c/cmake)
[0.845s] -- Found rosidl_adapter: 3.1.5 (/opt/ros/humble/share/rosidl_adapter/cmake)
[0.858s] -- Found rosidl_generator_cpp: 3.1.5 (/opt/ros/humble/share/rosidl_generator_cpp/cmake)
[0.877s] -- Using all available rosidl_typesupport_c: rosidl_typesupport_fastrtps_c;rosidl_typesupport_introspection_c
[0.905s] -- Using all available rosidl_typesupport_cpp: rosidl_typesupport_fastrtps_cpp;rosidl_typesupport_introspection_cpp
[0.930s] -- Found rosidl_default_generators: 1.2.0 (/opt/ros/humble/share/rosidl_default_generators/cmake)
[0.946s] -- Found std_msgs: 4.2.4 (/opt/ros/humble/share/std_msgs/cmake)
[1.472s] -- Found ament_cmake_ros: 0.10.0 (/opt/ros/humble/share/ament_cmake_ros/cmake)
[2.070s] -- Using all available rosidl_typesupport_c: rosidl_typesupport_fastrtps_c;rosidl_typesupport_introspection_c
[2.319s] -- Using all available rosidl_typesupport_cpp: rosidl_typesupport_fastrtps_cpp;rosidl_typesupport_introspection_cpp
[2.356s] -- Found PythonInterp: /usr/bin/python3 (found suitable version "3.10.12", minimum required is "3.6") 
[2.358s] -- Found python_cmake_module: 0.10.0 (/opt/ros/humble/share/python_cmake_module/cmake)
[2.398s] -- Found PythonLibs: /usr/lib/aarch64-linux-gnu/libpython3.10.so (found suitable version "3.10.12", minimum required is "3.5") 
[2.398s] -- Using PYTHON_EXECUTABLE: /usr/bin/python3
[2.398s] -- Using PYTHON_INCLUDE_DIRS: /usr/include/python3.10
[2.399s] -- Using PYTHON_LIBRARIES: /usr/lib/aarch64-linux-gnu/libpython3.10.so
[2.433s] -- Found PythonExtra: .so  
[2.505s] -- Found ament_lint_auto: 0.12.11 (/opt/ros/humble/share/ament_lint_auto/cmake)
[2.537s] -- Added test 'copyright' to check source files copyright and LICENSE
[2.540s] -- Added test 'lint_cmake' to check CMake code style
[2.541s] -- Added test 'xmllint' to check XML markup files
[2.545s] -- Configuring done
[2.608s] -- Generating done
[2.612s] -- Build files have been written to: /mnt/nova_ssd/workspaces/scout/build/scout_msgs
[2.626s] Invoked command in '/mnt/nova_ssd/workspaces/scout/build/scout_msgs' returned '0': CMAKE_PREFIX_PATH=/opt/ros/humble /usr/bin/cmake /mnt/nova_ssd/workspaces/scout/src/scout_ros2/scout_msgs -DCMAKE_INSTALL_PREFIX=/mnt/nova_ssd/workspaces/scout/install/scout_msgs
[2.628s] Invoking command in '/mnt/nova_ssd/workspaces/scout/build/scout_msgs': CMAKE_PREFIX_PATH=/opt/ros/humble /usr/bin/cmake --build /mnt/nova_ssd/workspaces/scout/build/scout_msgs -- -j12 -l12
[2.685s] [  1%] [34m[1mGenerating C code for ROS interfaces[0m
[2.701s] [  3%] [34m[1mGenerating C++ code for ROS interfaces[0m
[2.735s] [  3%] Built target ament_cmake_python_copy_scout_msgs
[3.213s] running egg_info
[3.215s] creating scout_msgs.egg-info
[3.216s] writing scout_msgs.egg-info/PKG-INFO
[3.217s] writing dependency_links to scout_msgs.egg-info/dependency_links.txt
[3.217s] writing top-level names to scout_msgs.egg-info/top_level.txt
[3.218s] writing manifest file 'scout_msgs.egg-info/SOURCES.txt'
[3.225s] reading manifest file 'scout_msgs.egg-info/SOURCES.txt'
[3.226s] writing manifest file 'scout_msgs.egg-info/SOURCES.txt'
[3.290s] [  3%] Built target ament_cmake_python_build_scout_msgs_egg
[3.625s] [  3%] Built target scout_msgs__cpp
[3.639s] [  6%] [34m[1mGenerating C++ type support dispatch for ROS interfaces[0m
[3.639s] [  6%] [34m[1mGenerating C++ type support for eProsima Fast-RTPS[0m
[3.643s] [  7%] [34m[1mGenerating C++ introspection for ROS interfaces[0m
[3.692s] [  9%] [32mBuilding C object CMakeFiles/scout_msgs__rosidl_generator_c.dir/rosidl_generator_c/scout_msgs/msg/detail/scout_actuator_state__functions.c.o[0m
[3.705s] [ 11%] [32mBuilding C object CMakeFiles/scout_msgs__rosidl_generator_c.dir/rosidl_generator_c/scout_msgs/msg/detail/scout_light_state__functions.c.o[0m
[3.705s] [ 12%] [32mBuilding C object CMakeFiles/scout_msgs__rosidl_generator_c.dir/rosidl_generator_c/scout_msgs/msg/detail/scout_light_cmd__functions.c.o[0m
[3.737s] [ 14%] [32mBuilding C object CMakeFiles/scout_msgs__rosidl_generator_c.dir/rosidl_generator_c/scout_msgs/msg/detail/scout_rc_state__functions.c.o[0m
[3.747s] [ 15%] [32mBuilding C object CMakeFiles/scout_msgs__rosidl_generator_c.dir/rosidl_generator_c/scout_msgs/msg/detail/scout_status__functions.c.o[0m
[3.841s] [ 17%] [32m[1mLinking C shared library libscout_msgs__rosidl_generator_c.so[0m
[3.894s] [ 17%] Built target scout_msgs__rosidl_generator_c
[3.906s] [ 20%] [34m[1mGenerating C introspection for ROS interfaces[0m
[3.907s] [ 20%] [34m[1mGenerating C type support dispatch for ROS interfaces[0m
[3.909s] [ 22%] [34m[1mGenerating C type support for eProsima Fast-RTPS[0m
[4.320s] [ 23%] [32mBuilding CXX object CMakeFiles/scout_msgs__rosidl_typesupport_cpp.dir/rosidl_typesupport_cpp/scout_msgs/msg/scout_light_cmd__type_support.cpp.o[0m
[4.323s] [ 25%] [32mBuilding CXX object CMakeFiles/scout_msgs__rosidl_typesupport_cpp.dir/rosidl_typesupport_cpp/scout_msgs/msg/scout_light_state__type_support.cpp.o[0m
[4.323s] [ 26%] [32mBuilding CXX object CMakeFiles/scout_msgs__rosidl_typesupport_cpp.dir/rosidl_typesupport_cpp/scout_msgs/msg/scout_actuator_state__type_support.cpp.o[0m
[4.334s] [ 28%] [32mBuilding CXX object CMakeFiles/scout_msgs__rosidl_typesupport_cpp.dir/rosidl_typesupport_cpp/scout_msgs/msg/scout_rc_state__type_support.cpp.o[0m
[4.334s] [ 30%] [32mBuilding CXX object CMakeFiles/scout_msgs__rosidl_typesupport_cpp.dir/rosidl_typesupport_cpp/scout_msgs/msg/scout_status__type_support.cpp.o[0m
[4.557s] [ 31%] [32mBuilding CXX object CMakeFiles/scout_msgs__rosidl_typesupport_fastrtps_cpp.dir/rosidl_typesupport_fastrtps_cpp/scout_msgs/msg/detail/dds_fastrtps/scout_actuator_state__type_support.cpp.o[0m
[4.568s] [ 33%] [32mBuilding CXX object CMakeFiles/scout_msgs__rosidl_typesupport_fastrtps_cpp.dir/rosidl_typesupport_fastrtps_cpp/scout_msgs/msg/detail/dds_fastrtps/scout_light_state__type_support.cpp.o[0m
[4.584s] [ 34%] [32mBuilding CXX object CMakeFiles/scout_msgs__rosidl_typesupport_introspection_cpp.dir/rosidl_typesupport_introspection_cpp/scout_msgs/msg/detail/scout_actuator_state__type_support.cpp.o[0m
[4.593s] [ 36%] [32mBuilding CXX object CMakeFiles/scout_msgs__rosidl_typesupport_fastrtps_cpp.dir/rosidl_typesupport_fastrtps_cpp/scout_msgs/msg/detail/dds_fastrtps/scout_light_cmd__type_support.cpp.o[0m
[4.599s] [ 38%] [32mBuilding CXX object CMakeFiles/scout_msgs__rosidl_typesupport_c.dir/rosidl_typesupport_c/scout_msgs/msg/scout_actuator_state__type_support.cpp.o[0m
[4.714s] [ 39%] [32mBuilding CXX object CMakeFiles/scout_msgs__rosidl_typesupport_c.dir/rosidl_typesupport_c/scout_msgs/msg/scout_light_cmd__type_support.cpp.o[0m
[4.815s] [ 41%] [32mBuilding CXX object CMakeFiles/scout_msgs__rosidl_typesupport_c.dir/rosidl_typesupport_c/scout_msgs/msg/scout_light_state__type_support.cpp.o[0m
[4.835s] [ 42%] [32mBuilding CXX object CMakeFiles/scout_msgs__rosidl_typesupport_c.dir/rosidl_typesupport_c/scout_msgs/msg/scout_rc_state__type_support.cpp.o[0m
[4.848s] [ 44%] [32mBuilding CXX object CMakeFiles/scout_msgs__rosidl_typesupport_c.dir/rosidl_typesupport_c/scout_msgs/msg/scout_status__type_support.cpp.o[0m
[4.852s] [ 46%] [32mBuilding CXX object CMakeFiles/scout_msgs__rosidl_typesupport_fastrtps_cpp.dir/rosidl_typesupport_fastrtps_cpp/scout_msgs/msg/detail/dds_fastrtps/scout_rc_state__type_support.cpp.o[0m
[4.860s] [ 47%] [32mBuilding C object CMakeFiles/scout_msgs__rosidl_typesupport_introspection_c.dir/rosidl_typesupport_introspection_c/scout_msgs/msg/detail/scout_actuator_state__type_support.c.o[0m
[4.871s] [ 49%] [32mBuilding C object CMakeFiles/scout_msgs__rosidl_typesupport_introspection_c.dir/rosidl_typesupport_introspection_c/scout_msgs/msg/detail/scout_light_cmd__type_support.c.o[0m
[4.901s] [ 50%] [32m[1mLinking CXX shared library libscout_msgs__rosidl_typesupport_cpp.so[0m
[4.903s] [ 52%] [32mBuilding CXX object CMakeFiles/scout_msgs__rosidl_typesupport_fastrtps_cpp.dir/rosidl_typesupport_fastrtps_cpp/scout_msgs/msg/detail/dds_fastrtps/scout_status__type_support.cpp.o[0m
[4.912s] [ 53%] [32mBuilding CXX object CMakeFiles/scout_msgs__rosidl_typesupport_introspection_cpp.dir/rosidl_typesupport_introspection_cpp/scout_msgs/msg/detail/scout_light_cmd__type_support.cpp.o[0m
[4.925s] [ 55%] [32mBuilding CXX object CMakeFiles/scout_msgs__rosidl_typesupport_fastrtps_c.dir/rosidl_typesupport_fastrtps_c/scout_msgs/msg/detail/scout_actuator_state__type_support_c.cpp.o[0m
[4.931s] [ 57%] [32m[1mLinking CXX shared library libscout_msgs__rosidl_typesupport_c.so[0m
[4.934s] [ 58%] [32mBuilding C object CMakeFiles/scout_msgs__rosidl_typesupport_introspection_c.dir/rosidl_typesupport_introspection_c/scout_msgs/msg/detail/scout_light_state__type_support.c.o[0m
[4.966s] [ 60%] [32mBuilding C object CMakeFiles/scout_msgs__rosidl_typesupport_introspection_c.dir/rosidl_typesupport_introspection_c/scout_msgs/msg/detail/scout_rc_state__type_support.c.o[0m
[5.007s] [ 60%] Built target scout_msgs__rosidl_typesupport_cpp
[5.026s] [ 61%] [32mBuilding CXX object CMakeFiles/scout_msgs__rosidl_typesupport_fastrtps_c.dir/rosidl_typesupport_fastrtps_c/scout_msgs/msg/detail/scout_light_cmd__type_support_c.cpp.o[0m
[5.034s] [ 63%] [32mBuilding C object CMakeFiles/scout_msgs__rosidl_typesupport_introspection_c.dir/rosidl_typesupport_introspection_c/scout_msgs/msg/detail/scout_status__type_support.c.o[0m
[5.058s] [ 63%] Built target scout_msgs__rosidl_typesupport_c
[5.063s] [ 65%] [32mBuilding CXX object CMakeFiles/scout_msgs__rosidl_typesupport_introspection_cpp.dir/rosidl_typesupport_introspection_cpp/scout_msgs/msg/detail/scout_light_state__type_support.cpp.o[0m
[5.095s] [ 66%] [32mBuilding CXX object CMakeFiles/scout_msgs__rosidl_typesupport_introspection_cpp.dir/rosidl_typesupport_introspection_cpp/scout_msgs/msg/detail/scout_rc_state__type_support.cpp.o[0m
[5.203s] [ 68%] [32m[1mLinking C shared library libscout_msgs__rosidl_typesupport_introspection_c.so[0m
[5.339s] [ 68%] Built target scout_msgs__rosidl_typesupport_introspection_c
[5.347s] [ 69%] [32mBuilding CXX object CMakeFiles/scout_msgs__rosidl_typesupport_introspection_cpp.dir/rosidl_typesupport_introspection_cpp/scout_msgs/msg/detail/scout_status__type_support.cpp.o[0m
[5.374s] [ 71%] [32mBuilding CXX object CMakeFiles/scout_msgs__rosidl_typesupport_fastrtps_c.dir/rosidl_typesupport_fastrtps_c/scout_msgs/msg/detail/scout_rc_state__type_support_c.cpp.o[0m
[5.377s] [ 73%] [32mBuilding CXX object CMakeFiles/scout_msgs__rosidl_typesupport_fastrtps_c.dir/rosidl_typesupport_fastrtps_c/scout_msgs/msg/detail/scout_light_state__type_support_c.cpp.o[0m
[5.418s] [ 74%] [32mBuilding CXX object CMakeFiles/scout_msgs__rosidl_typesupport_fastrtps_c.dir/rosidl_typesupport_fastrtps_c/scout_msgs/msg/detail/scout_status__type_support_c.cpp.o[0m
[5.704s] [ 76%] [32m[1mLinking CXX shared library libscout_msgs__rosidl_typesupport_fastrtps_cpp.so[0m
[5.838s] [ 76%] Built target scout_msgs__rosidl_typesupport_fastrtps_cpp
[6.070s] [ 77%] [32m[1mLinking CXX shared library libscout_msgs__rosidl_typesupport_introspection_cpp.so[0m
[6.081s] [ 79%] [32m[1mLinking CXX shared library libscout_msgs__rosidl_typesupport_fastrtps_c.so[0m
[6.176s] [ 79%] Built target scout_msgs__rosidl_typesupport_introspection_cpp
[6.198s] [ 79%] Built target scout_msgs__rosidl_typesupport_fastrtps_c
[6.229s] [ 79%] Built target scout_msgs
[6.262s] [ 80%] [34m[1mGenerating Python code for ROS interfaces[0m
[7.722s] [ 80%] Built target scout_msgs__py
[7.753s] [ 82%] [32mBuilding C object CMakeFiles/scout_msgs__rosidl_generator_py.dir/rosidl_generator_py/scout_msgs/msg/_scout_actuator_state_s.c.o[0m
[7.754s] [ 85%] [32mBuilding C object CMakeFiles/scout_msgs__rosidl_generator_py.dir/rosidl_generator_py/scout_msgs/msg/_scout_rc_state_s.c.o[0m
[7.754s] [ 85%] [32mBuilding C object CMakeFiles/scout_msgs__rosidl_generator_py.dir/rosidl_generator_py/scout_msgs/msg/_scout_light_cmd_s.c.o[0m
[7.760s] [ 87%] [32mBuilding C object CMakeFiles/scout_msgs__rosidl_generator_py.dir/rosidl_generator_py/scout_msgs/msg/_scout_status_s.c.o[0m
[7.766s] [ 88%] [32mBuilding C object CMakeFiles/scout_msgs__rosidl_generator_py.dir/rosidl_generator_py/scout_msgs/msg/_scout_light_state_s.c.o[0m
[8.001s] [ 90%] [32m[1mLinking C shared library rosidl_generator_py/scout_msgs/libscout_msgs__rosidl_generator_py.so[0m
[8.057s] [ 90%] Built target scout_msgs__rosidl_generator_py
[8.086s] [ 93%] [32mBuilding C object CMakeFiles/scout_msgs__rosidl_typesupport_fastrtps_c__pyext.dir/rosidl_generator_py/scout_msgs/_scout_msgs_s.ep.rosidl_typesupport_fastrtps_c.c.o[0m
[8.086s] [ 93%] [32mBuilding C object CMakeFiles/scout_msgs__rosidl_typesupport_introspection_c__pyext.dir/rosidl_generator_py/scout_msgs/_scout_msgs_s.ep.rosidl_typesupport_introspection_c.c.o[0m
[8.089s] [ 95%] [32mBuilding C object CMakeFiles/scout_msgs__rosidl_typesupport_c__pyext.dir/rosidl_generator_py/scout_msgs/_scout_msgs_s.ep.rosidl_typesupport_c.c.o[0m
[8.264s] [ 98%] [32m[1mLinking C shared library rosidl_generator_py/scout_msgs/scout_msgs_s__rosidl_typesupport_introspection_c.cpython-310-aarch64-linux-gnu.so[0m
[8.264s] [ 98%] [32m[1mLinking C shared library rosidl_generator_py/scout_msgs/scout_msgs_s__rosidl_typesupport_fastrtps_c.cpython-310-aarch64-linux-gnu.so[0m
[8.271s] [100%] [32m[1mLinking C shared library rosidl_generator_py/scout_msgs/scout_msgs_s__rosidl_typesupport_c.cpython-310-aarch64-linux-gnu.so[0m
[8.321s] [100%] Built target scout_msgs__rosidl_typesupport_fastrtps_c__pyext
[8.322s] [100%] Built target scout_msgs__rosidl_typesupport_introspection_c__pyext
[8.336s] [100%] Built target scout_msgs__rosidl_typesupport_c__pyext
[8.358s] Invoked command in '/mnt/nova_ssd/workspaces/scout/build/scout_msgs' returned '0': CMAKE_PREFIX_PATH=/opt/ros/humble /usr/bin/cmake --build /mnt/nova_ssd/workspaces/scout/build/scout_msgs -- -j12 -l12
[8.501s] Invoking command in '/mnt/nova_ssd/workspaces/scout/build/scout_msgs': CMAKE_PREFIX_PATH=/opt/ros/humble /usr/bin/cmake --install /mnt/nova_ssd/workspaces/scout/build/scout_msgs
[8.517s] -- Install configuration: ""
[8.518s] -- Installing: /mnt/nova_ssd/workspaces/scout/install/scout_msgs/share/ament_index/resource_index/rosidl_interfaces/scout_msgs
[8.518s] -- Installing: /mnt/nova_ssd/workspaces/scout/install/scout_msgs/include/scout_msgs/scout_msgs
[8.518s] -- Installing: /mnt/nova_ssd/workspaces/scout/install/scout_msgs/include/scout_msgs/scout_msgs/msg
[8.518s] -- Installing: /mnt/nova_ssd/workspaces/scout/install/scout_msgs/include/scout_msgs/scout_msgs/msg/scout_rc_state.h
[8.518s] -- Installing: /mnt/nova_ssd/workspaces/scout/install/scout_msgs/include/scout_msgs/scout_msgs/msg/scout_status.h
[8.519s] -- Installing: /mnt/nova_ssd/workspaces/scout/install/scout_msgs/include/scout_msgs/scout_msgs/msg/detail
[8.519s] -- Installing: /mnt/nova_ssd/workspaces/scout/install/scout_msgs/include/scout_msgs/scout_msgs/msg/detail/scout_status__functions.c
[8.519s] -- Installing: /mnt/nova_ssd/workspaces/scout/install/scout_msgs/include/scout_msgs/scout_msgs/msg/detail/scout_actuator_state__functions.h
[8.519s] -- Installing: /mnt/nova_ssd/workspaces/scout/install/scout_msgs/include/scout_msgs/scout_msgs/msg/detail/scout_rc_state__type_support.h
[8.519s] -- Installing: /mnt/nova_ssd/workspaces/scout/install/scout_msgs/include/scout_msgs/scout_msgs/msg/detail/scout_actuator_state__type_support.h
[8.520s] -- Installing: /mnt/nova_ssd/workspaces/scout/install/scout_msgs/include/scout_msgs/scout_msgs/msg/detail/scout_light_cmd__functions.h
[8.520s] -- Installing: /mnt/nova_ssd/workspaces/scout/install/scout_msgs/include/scout_msgs/scout_msgs/msg/detail/scout_rc_state__struct.h
[8.520s] -- Installing: /mnt/nova_ssd/workspaces/scout/install/scout_msgs/include/scout_msgs/scout_msgs/msg/detail/scout_actuator_state__struct.h
[8.520s] -- Installing: /mnt/nova_ssd/workspaces/scout/install/scout_msgs/include/scout_msgs/scout_msgs/msg/detail/scout_rc_state__functions.h
[8.520s] -- Installing: /mnt/nova_ssd/workspaces/scout/install/scout_msgs/include/scout_msgs/scout_msgs/msg/detail/scout_light_cmd__struct.h
[8.521s] -- Installing: /mnt/nova_ssd/workspaces/scout/install/scout_msgs/include/scout_msgs/scout_msgs/msg/detail/scout_light_state__struct.h
[8.521s] -- Installing: /mnt/nova_ssd/workspaces/scout/install/scout_msgs/include/scout_msgs/scout_msgs/msg/detail/scout_status__struct.h
[8.521s] -- Installing: /mnt/nova_ssd/workspaces/scout/install/scout_msgs/include/scout_msgs/scout_msgs/msg/detail/scout_status__type_support.h
[8.521s] -- Installing: /mnt/nova_ssd/workspaces/scout/install/scout_msgs/include/scout_msgs/scout_msgs/msg/detail/scout_light_state__type_support.h
[8.521s] -- Installing: /mnt/nova_ssd/workspaces/scout/install/scout_msgs/include/scout_msgs/scout_msgs/msg/detail/scout_rc_state__functions.c
[8.521s] -- Installing: /mnt/nova_ssd/workspaces/scout/install/scout_msgs/include/scout_msgs/scout_msgs/msg/detail/scout_light_cmd__type_support.h
[8.521s] -- Installing: /mnt/nova_ssd/workspaces/scout/install/scout_msgs/include/scout_msgs/scout_msgs/msg/detail/scout_actuator_state__functions.c
[8.522s] -- Installing: /mnt/nova_ssd/workspaces/scout/install/scout_msgs/include/scout_msgs/scout_msgs/msg/detail/scout_light_state__functions.h
[8.522s] -- Installing: /mnt/nova_ssd/workspaces/scout/install/scout_msgs/include/scout_msgs/scout_msgs/msg/detail/scout_light_state__functions.c
[8.522s] -- Installing: /mnt/nova_ssd/workspaces/scout/install/scout_msgs/include/scout_msgs/scout_msgs/msg/detail/scout_light_cmd__functions.c
[8.523s] -- Installing: /mnt/nova_ssd/workspaces/scout/install/scout_msgs/include/scout_msgs/scout_msgs/msg/detail/scout_status__functions.h
[8.523s] -- Installing: /mnt/nova_ssd/workspaces/scout/install/scout_msgs/include/scout_msgs/scout_msgs/msg/scout_actuator_state.h
[8.523s] -- Installing: /mnt/nova_ssd/workspaces/scout/install/scout_msgs/include/scout_msgs/scout_msgs/msg/scout_light_state.h
[8.524s] -- Installing: /mnt/nova_ssd/workspaces/scout/install/scout_msgs/include/scout_msgs/scout_msgs/msg/scout_light_cmd.h
[8.524s] -- Installing: /mnt/nova_ssd/workspaces/scout/install/scout_msgs/include/scout_msgs/scout_msgs/msg/rosidl_generator_c__visibility_control.h
[8.524s] -- Installing: /mnt/nova_ssd/workspaces/scout/install/scout_msgs/share/scout_msgs/environment/library_path.sh
[8.525s] -- Installing: /mnt/nova_ssd/workspaces/scout/install/scout_msgs/share/scout_msgs/environment/library_path.dsv
[8.525s] -- Installing: /mnt/nova_ssd/workspaces/scout/install/scout_msgs/lib/libscout_msgs__rosidl_generator_c.so
[8.526s] -- Set runtime path of "/mnt/nova_ssd/workspaces/scout/install/scout_msgs/lib/libscout_msgs__rosidl_generator_c.so" to ""
[8.526s] -- Up-to-date: /mnt/nova_ssd/workspaces/scout/install/scout_msgs/include/scout_msgs/scout_msgs
[8.526s] -- Up-to-date: /mnt/nova_ssd/workspaces/scout/install/scout_msgs/include/scout_msgs/scout_msgs/msg
[8.526s] -- Installing: /mnt/nova_ssd/workspaces/scout/install/scout_msgs/include/scout_msgs/scout_msgs/msg/rosidl_typesupport_fastrtps_c__visibility_control.h
[8.527s] -- Up-to-date: /mnt/nova_ssd/workspaces/scout/install/scout_msgs/include/scout_msgs/scout_msgs/msg/detail
[8.527s] -- Installing: /mnt/nova_ssd/workspaces/scout/install/scout_msgs/include/scout_msgs/scout_msgs/msg/detail/scout_actuator_state__rosidl_typesupport_fastrtps_c.h
[8.527s] -- Installing: /mnt/nova_ssd/workspaces/scout/install/scout_msgs/include/scout_msgs/scout_msgs/msg/detail/scout_light_state__rosidl_typesupport_fastrtps_c.h
[8.527s] -- Installing: /mnt/nova_ssd/workspaces/scout/install/scout_msgs/include/scout_msgs/scout_msgs/msg/detail/scout_status__rosidl_typesupport_fastrtps_c.h
[8.533s] -- Installing: /mnt/nova_ssd/workspaces/scout/install/scout_msgs/include/scout_msgs/scout_msgs/msg/detail/scout_rc_state__rosidl_typesupport_fastrtps_c.h
[8.533s] -- Installing: /mnt/nova_ssd/workspaces/scout/install/scout_msgs/include/scout_msgs/scout_msgs/msg/detail/scout_light_cmd__rosidl_typesupport_fastrtps_c.h
[8.534s] -- Installing: /mnt/nova_ssd/workspaces/scout/install/scout_msgs/lib/libscout_msgs__rosidl_typesupport_fastrtps_c.so
[8.534s] -- Set runtime path of "/mnt/nova_ssd/workspaces/scout/install/scout_msgs/lib/libscout_msgs__rosidl_typesupport_fastrtps_c.so" to ""
[8.534s] -- Up-to-date: /mnt/nova_ssd/workspaces/scout/install/scout_msgs/include/scout_msgs/scout_msgs
[8.535s] -- Up-to-date: /mnt/nova_ssd/workspaces/scout/install/scout_msgs/include/scout_msgs/scout_msgs/msg
[8.535s] -- Installing: /mnt/nova_ssd/workspaces/scout/install/scout_msgs/include/scout_msgs/scout_msgs/msg/scout_rc_state.hpp
[8.535s] -- Installing: /mnt/nova_ssd/workspaces/scout/install/scout_msgs/include/scout_msgs/scout_msgs/msg/scout_status.hpp
[8.535s] -- Up-to-date: /mnt/nova_ssd/workspaces/scout/install/scout_msgs/include/scout_msgs/scout_msgs/msg/detail
[8.536s] -- Installing: /mnt/nova_ssd/workspaces/scout/install/scout_msgs/include/scout_msgs/scout_msgs/msg/detail/scout_light_state__struct.hpp
[8.536s] -- Installing: /mnt/nova_ssd/workspaces/scout/install/scout_msgs/include/scout_msgs/scout_msgs/msg/detail/scout_status__struct.hpp
[8.536s] -- Installing: /mnt/nova_ssd/workspaces/scout/install/scout_msgs/include/scout_msgs/scout_msgs/msg/detail/scout_actuator_state__builder.hpp
[8.537s] -- Installing: /mnt/nova_ssd/workspaces/scout/install/scout_msgs/include/scout_msgs/scout_msgs/msg/detail/scout_light_state__traits.hpp
[8.537s] -- Installing: /mnt/nova_ssd/workspaces/scout/install/scout_msgs/include/scout_msgs/scout_msgs/msg/detail/scout_actuator_state__traits.hpp
[8.537s] -- Installing: /mnt/nova_ssd/workspaces/scout/install/scout_msgs/include/scout_msgs/scout_msgs/msg/detail/scout_light_cmd__struct.hpp
[8.538s] -- Installing: /mnt/nova_ssd/workspaces/scout/install/scout_msgs/include/scout_msgs/scout_msgs/msg/detail/scout_light_cmd__builder.hpp
[8.538s] -- Installing: /mnt/nova_ssd/workspaces/scout/install/scout_msgs/include/scout_msgs/scout_msgs/msg/detail/scout_rc_state__builder.hpp
[8.538s] -- Installing: /mnt/nova_ssd/workspaces/scout/install/scout_msgs/include/scout_msgs/scout_msgs/msg/detail/scout_light_state__builder.hpp
[8.538s] -- Installing: /mnt/nova_ssd/workspaces/scout/install/scout_msgs/include/scout_msgs/scout_msgs/msg/detail/scout_light_cmd__traits.hpp
[8.539s] -- Installing: /mnt/nova_ssd/workspaces/scout/install/scout_msgs/include/scout_msgs/scout_msgs/msg/detail/scout_status__builder.hpp
[8.539s] -- Installing: /mnt/nova_ssd/workspaces/scout/install/scout_msgs/include/scout_msgs/scout_msgs/msg/detail/scout_actuator_state__struct.hpp
[8.539s] -- Installing: /mnt/nova_ssd/workspaces/scout/install/scout_msgs/include/scout_msgs/scout_msgs/msg/detail/scout_rc_state__struct.hpp
[8.539s] -- Installing: /mnt/nova_ssd/workspaces/scout/install/scout_msgs/include/scout_msgs/scout_msgs/msg/detail/scout_status__traits.hpp
[8.540s] -- Installing: /mnt/nova_ssd/workspaces/scout/install/scout_msgs/include/scout_msgs/scout_msgs/msg/detail/scout_rc_state__traits.hpp
[8.540s] -- Installing: /mnt/nova_ssd/workspaces/scout/install/scout_msgs/include/scout_msgs/scout_msgs/msg/scout_light_cmd.hpp
[8.540s] -- Installing: /mnt/nova_ssd/workspaces/scout/install/scout_msgs/include/scout_msgs/scout_msgs/msg/scout_actuator_state.hpp
[8.541s] -- Installing: /mnt/nova_ssd/workspaces/scout/install/scout_msgs/include/scout_msgs/scout_msgs/msg/scout_light_state.hpp
[8.541s] -- Up-to-date: /mnt/nova_ssd/workspaces/scout/install/scout_msgs/include/scout_msgs/scout_msgs
[8.541s] -- Up-to-date: /mnt/nova_ssd/workspaces/scout/install/scout_msgs/include/scout_msgs/scout_msgs/msg
[8.541s] -- Up-to-date: /mnt/nova_ssd/workspaces/scout/install/scout_msgs/include/scout_msgs/scout_msgs/msg/detail
[8.542s] -- Installing: /mnt/nova_ssd/workspaces/scout/install/scout_msgs/include/scout_msgs/scout_msgs/msg/detail/scout_light_state__rosidl_typesupport_fastrtps_cpp.hpp
[8.543s] -- Installing: /mnt/nova_ssd/workspaces/scout/install/scout_msgs/include/scout_msgs/scout_msgs/msg/detail/scout_actuator_state__rosidl_typesupport_fastrtps_cpp.hpp
[8.543s] -- Installing: /mnt/nova_ssd/workspaces/scout/install/scout_msgs/include/scout_msgs/scout_msgs/msg/detail/scout_rc_state__rosidl_typesupport_fastrtps_cpp.hpp
[8.543s] -- Installing: /mnt/nova_ssd/workspaces/scout/install/scout_msgs/include/scout_msgs/scout_msgs/msg/detail/dds_fastrtps
[8.544s] -- Installing: /mnt/nova_ssd/workspaces/scout/install/scout_msgs/include/scout_msgs/scout_msgs/msg/detail/scout_status__rosidl_typesupport_fastrtps_cpp.hpp
[8.544s] -- Installing: /mnt/nova_ssd/workspaces/scout/install/scout_msgs/include/scout_msgs/scout_msgs/msg/detail/scout_light_cmd__rosidl_typesupport_fastrtps_cpp.hpp
[8.544s] -- Installing: /mnt/nova_ssd/workspaces/scout/install/scout_msgs/include/scout_msgs/scout_msgs/msg/rosidl_typesupport_fastrtps_cpp__visibility_control.h
[8.547s] -- Installing: /mnt/nova_ssd/workspaces/scout/install/scout_msgs/lib/libscout_msgs__rosidl_typesupport_fastrtps_cpp.so
[8.548s] -- Set runtime path of "/mnt/nova_ssd/workspaces/scout/install/scout_msgs/lib/libscout_msgs__rosidl_typesupport_fastrtps_cpp.so" to ""
[8.548s] -- Up-to-date: /mnt/nova_ssd/workspaces/scout/install/scout_msgs/include/scout_msgs/scout_msgs
[8.548s] -- Up-to-date: /mnt/nova_ssd/workspaces/scout/install/scout_msgs/include/scout_msgs/scout_msgs/msg
[8.548s] -- Installing: /mnt/nova_ssd/workspaces/scout/install/scout_msgs/include/scout_msgs/scout_msgs/msg/rosidl_typesupport_introspection_c__visibility_control.h
[8.548s] -- Up-to-date: /mnt/nova_ssd/workspaces/scout/install/scout_msgs/include/scout_msgs/scout_msgs/msg/detail
[8.549s] -- Installing: /mnt/nova_ssd/workspaces/scout/install/scout_msgs/include/scout_msgs/scout_msgs/msg/detail/scout_actuator_state__type_support.c
[8.549s] -- Installing: /mnt/nova_ssd/workspaces/scout/install/scout_msgs/include/scout_msgs/scout_msgs/msg/detail/scout_rc_state__type_support.c
[8.549s] -- Installing: /mnt/nova_ssd/workspaces/scout/install/scout_msgs/include/scout_msgs/scout_msgs/msg/detail/scout_light_state__rosidl_typesupport_introspection_c.h
[8.549s] -- Installing: /mnt/nova_ssd/workspaces/scout/install/scout_msgs/include/scout_msgs/scout_msgs/msg/detail/scout_status__type_support.c
[8.549s] -- Installing: /mnt/nova_ssd/workspaces/scout/install/scout_msgs/include/scout_msgs/scout_msgs/msg/detail/scout_actuator_state__rosidl_typesupport_introspection_c.h
[8.550s] -- Installing: /mnt/nova_ssd/workspaces/scout/install/scout_msgs/include/scout_msgs/scout_msgs/msg/detail/scout_status__rosidl_typesupport_introspection_c.h
[8.550s] -- Installing: /mnt/nova_ssd/workspaces/scout/install/scout_msgs/include/scout_msgs/scout_msgs/msg/detail/scout_light_state__type_support.c
[8.550s] -- Installing: /mnt/nova_ssd/workspaces/scout/install/scout_msgs/include/scout_msgs/scout_msgs/msg/detail/scout_rc_state__rosidl_typesupport_introspection_c.h
[8.550s] -- Installing: /mnt/nova_ssd/workspaces/scout/install/scout_msgs/include/scout_msgs/scout_msgs/msg/detail/scout_light_cmd__type_support.c
[8.550s] -- Installing: /mnt/nova_ssd/workspaces/scout/install/scout_msgs/include/scout_msgs/scout_msgs/msg/detail/scout_light_cmd__rosidl_typesupport_introspection_c.h
[8.550s] -- Installing: /mnt/nova_ssd/workspaces/scout/install/scout_msgs/lib/libscout_msgs__rosidl_typesupport_introspection_c.so
[8.550s] -- Set runtime path of "/mnt/nova_ssd/workspaces/scout/install/scout_msgs/lib/libscout_msgs__rosidl_typesupport_introspection_c.so" to ""
[8.550s] -- Installing: /mnt/nova_ssd/workspaces/scout/install/scout_msgs/lib/libscout_msgs__rosidl_typesupport_c.so
[8.551s] -- Set runtime path of "/mnt/nova_ssd/workspaces/scout/install/scout_msgs/lib/libscout_msgs__rosidl_typesupport_c.so" to ""
[8.551s] -- Up-to-date: /mnt/nova_ssd/workspaces/scout/install/scout_msgs/include/scout_msgs/scout_msgs
[8.551s] -- Up-to-date: /mnt/nova_ssd/workspaces/scout/install/scout_msgs/include/scout_msgs/scout_msgs/msg
[8.551s] -- Up-to-date: /mnt/nova_ssd/workspaces/scout/install/scout_msgs/include/scout_msgs/scout_msgs/msg/detail
[8.551s] -- Installing: /mnt/nova_ssd/workspaces/scout/install/scout_msgs/include/scout_msgs/scout_msgs/msg/detail/scout_light_cmd__rosidl_typesupport_introspection_cpp.hpp
[8.551s] -- Installing: /mnt/nova_ssd/workspaces/scout/install/scout_msgs/include/scout_msgs/scout_msgs/msg/detail/scout_status__type_support.cpp
[8.552s] -- Installing: /mnt/nova_ssd/workspaces/scout/install/scout_msgs/include/scout_msgs/scout_msgs/msg/detail/scout_light_state__type_support.cpp
[8.552s] -- Installing: /mnt/nova_ssd/workspaces/scout/install/scout_msgs/include/scout_msgs/scout_msgs/msg/detail/scout_rc_state__rosidl_typesupport_introspection_cpp.hpp
[8.552s] -- Installing: /mnt/nova_ssd/workspaces/scout/install/scout_msgs/include/scout_msgs/scout_msgs/msg/detail/scout_rc_state__type_support.cpp
[8.552s] -- Installing: /mnt/nova_ssd/workspaces/scout/install/scout_msgs/include/scout_msgs/scout_msgs/msg/detail/scout_actuator_state__type_support.cpp
[8.552s] -- Installing: /mnt/nova_ssd/workspaces/scout/install/scout_msgs/include/scout_msgs/scout_msgs/msg/detail/scout_light_cmd__type_support.cpp
[8.552s] -- Installing: /mnt/nova_ssd/workspaces/scout/install/scout_msgs/include/scout_msgs/scout_msgs/msg/detail/scout_actuator_state__rosidl_typesupport_introspection_cpp.hpp
[8.553s] -- Installing: /mnt/nova_ssd/workspaces/scout/install/scout_msgs/include/scout_msgs/scout_msgs/msg/detail/scout_light_state__rosidl_typesupport_introspection_cpp.hpp
[8.553s] -- Installing: /mnt/nova_ssd/workspaces/scout/install/scout_msgs/include/scout_msgs/scout_msgs/msg/detail/scout_status__rosidl_typesupport_introspection_cpp.hpp
[8.553s] -- Installing: /mnt/nova_ssd/workspaces/scout/install/scout_msgs/lib/libscout_msgs__rosidl_typesupport_introspection_cpp.so
[8.553s] -- Set runtime path of "/mnt/nova_ssd/workspaces/scout/install/scout_msgs/lib/libscout_msgs__rosidl_typesupport_introspection_cpp.so" to ""
[8.553s] -- Installing: /mnt/nova_ssd/workspaces/scout/install/scout_msgs/lib/libscout_msgs__rosidl_typesupport_cpp.so
[8.554s] -- Set runtime path of "/mnt/nova_ssd/workspaces/scout/install/scout_msgs/lib/libscout_msgs__rosidl_typesupport_cpp.so" to ""
[8.554s] -- Installing: /mnt/nova_ssd/workspaces/scout/install/scout_msgs/share/scout_msgs/environment/pythonpath.sh
[8.554s] -- Installing: /mnt/nova_ssd/workspaces/scout/install/scout_msgs/share/scout_msgs/environment/pythonpath.dsv
[8.554s] -- Installing: /mnt/nova_ssd/workspaces/scout/install/scout_msgs/local/lib/python3.10/dist-packages/scout_msgs-0.1.0-py3.10.egg-info
[8.554s] -- Installing: /mnt/nova_ssd/workspaces/scout/install/scout_msgs/local/lib/python3.10/dist-packages/scout_msgs-0.1.0-py3.10.egg-info/top_level.txt
[8.555s] -- Installing: /mnt/nova_ssd/workspaces/scout/install/scout_msgs/local/lib/python3.10/dist-packages/scout_msgs-0.1.0-py3.10.egg-info/SOURCES.txt
[8.555s] -- Installing: /mnt/nova_ssd/workspaces/scout/install/scout_msgs/local/lib/python3.10/dist-packages/scout_msgs-0.1.0-py3.10.egg-info/dependency_links.txt
[8.555s] -- Installing: /mnt/nova_ssd/workspaces/scout/install/scout_msgs/local/lib/python3.10/dist-packages/scout_msgs-0.1.0-py3.10.egg-info/PKG-INFO
[8.555s] -- Installing: /mnt/nova_ssd/workspaces/scout/install/scout_msgs/local/lib/python3.10/dist-packages/scout_msgs
[8.555s] -- Installing: /mnt/nova_ssd/workspaces/scout/install/scout_msgs/local/lib/python3.10/dist-packages/scout_msgs/scout_msgs_s__rosidl_typesupport_introspection_c.cpython-310-aarch64-linux-gnu.so
[8.555s] -- Installing: /mnt/nova_ssd/workspaces/scout/install/scout_msgs/local/lib/python3.10/dist-packages/scout_msgs/libscout_msgs__rosidl_generator_py.so
[8.556s] -- Installing: /mnt/nova_ssd/workspaces/scout/install/scout_msgs/local/lib/python3.10/dist-packages/scout_msgs/_scout_msgs_s.ep.rosidl_typesupport_fastrtps_c.c
[8.556s] -- Installing: /mnt/nova_ssd/workspaces/scout/install/scout_msgs/local/lib/python3.10/dist-packages/scout_msgs/_scout_msgs_s.ep.rosidl_typesupport_introspection_c.c
[8.556s] -- Installing: /mnt/nova_ssd/workspaces/scout/install/scout_msgs/local/lib/python3.10/dist-packages/scout_msgs/msg
[8.556s] -- Installing: /mnt/nova_ssd/workspaces/scout/install/scout_msgs/local/lib/python3.10/dist-packages/scout_msgs/msg/_scout_actuator_state_s.c
[8.556s] -- Installing: /mnt/nova_ssd/workspaces/scout/install/scout_msgs/local/lib/python3.10/dist-packages/scout_msgs/msg/_scout_light_state_s.c
[8.556s] -- Installing: /mnt/nova_ssd/workspaces/scout/install/scout_msgs/local/lib/python3.10/dist-packages/scout_msgs/msg/_scout_light_cmd.py
[8.557s] -- Installing: /mnt/nova_ssd/workspaces/scout/install/scout_msgs/local/lib/python3.10/dist-packages/scout_msgs/msg/_scout_light_state.py
[8.557s] -- Installing: /mnt/nova_ssd/workspaces/scout/install/scout_msgs/local/lib/python3.10/dist-packages/scout_msgs/msg/_scout_actuator_state.py
[8.557s] -- Installing: /mnt/nova_ssd/workspaces/scout/install/scout_msgs/local/lib/python3.10/dist-packages/scout_msgs/msg/_scout_rc_state_s.c
[8.557s] -- Installing: /mnt/nova_ssd/workspaces/scout/install/scout_msgs/local/lib/python3.10/dist-packages/scout_msgs/msg/__init__.py
[8.557s] -- Installing: /mnt/nova_ssd/workspaces/scout/install/scout_msgs/local/lib/python3.10/dist-packages/scout_msgs/msg/_scout_light_cmd_s.c
[8.557s] -- Installing: /mnt/nova_ssd/workspaces/scout/install/scout_msgs/local/lib/python3.10/dist-packages/scout_msgs/msg/_scout_status.py
[8.558s] -- Installing: /mnt/nova_ssd/workspaces/scout/install/scout_msgs/local/lib/python3.10/dist-packages/scout_msgs/msg/_scout_rc_state.py
[8.558s] -- Installing: /mnt/nova_ssd/workspaces/scout/install/scout_msgs/local/lib/python3.10/dist-packages/scout_msgs/msg/_scout_status_s.c
[8.558s] -- Installing: /mnt/nova_ssd/workspaces/scout/install/scout_msgs/local/lib/python3.10/dist-packages/scout_msgs/scout_msgs_s__rosidl_typesupport_fastrtps_c.cpython-310-aarch64-linux-gnu.so
[8.558s] -- Installing: /mnt/nova_ssd/workspaces/scout/install/scout_msgs/local/lib/python3.10/dist-packages/scout_msgs/scout_msgs_s__rosidl_typesupport_c.cpython-310-aarch64-linux-gnu.so
[8.558s] -- Installing: /mnt/nova_ssd/workspaces/scout/install/scout_msgs/local/lib/python3.10/dist-packages/scout_msgs/__init__.py
[8.558s] -- Installing: /mnt/nova_ssd/workspaces/scout/install/scout_msgs/local/lib/python3.10/dist-packages/scout_msgs/_scout_msgs_s.ep.rosidl_typesupport_c.c
[8.622s] Listing '/mnt/nova_ssd/workspaces/scout/install/scout_msgs/local/lib/python3.10/dist-packages/scout_msgs'...
[8.623s] Compiling '/mnt/nova_ssd/workspaces/scout/install/scout_msgs/local/lib/python3.10/dist-packages/scout_msgs/__init__.py'...
[8.623s] Listing '/mnt/nova_ssd/workspaces/scout/install/scout_msgs/local/lib/python3.10/dist-packages/scout_msgs/msg'...
[8.623s] Compiling '/mnt/nova_ssd/workspaces/scout/install/scout_msgs/local/lib/python3.10/dist-packages/scout_msgs/msg/__init__.py'...
[8.623s] Compiling '/mnt/nova_ssd/workspaces/scout/install/scout_msgs/local/lib/python3.10/dist-packages/scout_msgs/msg/_scout_actuator_state.py'...
[8.623s] Compiling '/mnt/nova_ssd/workspaces/scout/install/scout_msgs/local/lib/python3.10/dist-packages/scout_msgs/msg/_scout_light_cmd.py'...
[8.623s] Compiling '/mnt/nova_ssd/workspaces/scout/install/scout_msgs/local/lib/python3.10/dist-packages/scout_msgs/msg/_scout_light_state.py'...
[8.623s] Compiling '/mnt/nova_ssd/workspaces/scout/install/scout_msgs/local/lib/python3.10/dist-packages/scout_msgs/msg/_scout_rc_state.py'...
[8.623s] Compiling '/mnt/nova_ssd/workspaces/scout/install/scout_msgs/local/lib/python3.10/dist-packages/scout_msgs/msg/_scout_status.py'...
[8.633s] -- Installing: /mnt/nova_ssd/workspaces/scout/install/scout_msgs/local/lib/python3.10/dist-packages/scout_msgs/scout_msgs_s__rosidl_typesupport_fastrtps_c.cpython-310-aarch64-linux-gnu.so
[8.634s] -- Set runtime path of "/mnt/nova_ssd/workspaces/scout/install/scout_msgs/local/lib/python3.10/dist-packages/scout_msgs/scout_msgs_s__rosidl_typesupport_fastrtps_c.cpython-310-aarch64-linux-gnu.so" to ""
[8.634s] -- Installing: /mnt/nova_ssd/workspaces/scout/install/scout_msgs/local/lib/python3.10/dist-packages/scout_msgs/scout_msgs_s__rosidl_typesupport_introspection_c.cpython-310-aarch64-linux-gnu.so
[8.634s] -- Set runtime path of "/mnt/nova_ssd/workspaces/scout/install/scout_msgs/local/lib/python3.10/dist-packages/scout_msgs/scout_msgs_s__rosidl_typesupport_introspection_c.cpython-310-aarch64-linux-gnu.so" to ""
[8.634s] -- Installing: /mnt/nova_ssd/workspaces/scout/install/scout_msgs/local/lib/python3.10/dist-packages/scout_msgs/scout_msgs_s__rosidl_typesupport_c.cpython-310-aarch64-linux-gnu.so
[8.635s] -- Set runtime path of "/mnt/nova_ssd/workspaces/scout/install/scout_msgs/local/lib/python3.10/dist-packages/scout_msgs/scout_msgs_s__rosidl_typesupport_c.cpython-310-aarch64-linux-gnu.so" to ""
[8.635s] -- Installing: /mnt/nova_ssd/workspaces/scout/install/scout_msgs/lib/libscout_msgs__rosidl_generator_py.so
[8.635s] -- Set runtime path of "/mnt/nova_ssd/workspaces/scout/install/scout_msgs/lib/libscout_msgs__rosidl_generator_py.so" to ""
[8.636s] -- Installing: /mnt/nova_ssd/workspaces/scout/install/scout_msgs/share/scout_msgs/msg/ScoutActuatorState.idl
[8.636s] -- Installing: /mnt/nova_ssd/workspaces/scout/install/scout_msgs/share/scout_msgs/msg/ScoutLightCmd.idl
[8.636s] -- Installing: /mnt/nova_ssd/workspaces/scout/install/scout_msgs/share/scout_msgs/msg/ScoutLightState.idl
[8.636s] -- Installing: /mnt/nova_ssd/workspaces/scout/install/scout_msgs/share/scout_msgs/msg/ScoutRCState.idl
[8.636s] -- Installing: /mnt/nova_ssd/workspaces/scout/install/scout_msgs/share/scout_msgs/msg/ScoutStatus.idl
[8.637s] -- Installing: /mnt/nova_ssd/workspaces/scout/install/scout_msgs/share/scout_msgs/msg/ScoutActuatorState.msg
[8.637s] -- Installing: /mnt/nova_ssd/workspaces/scout/install/scout_msgs/share/scout_msgs/msg/ScoutLightCmd.msg
[8.637s] -- Installing: /mnt/nova_ssd/workspaces/scout/install/scout_msgs/share/scout_msgs/msg/ScoutLightState.msg
[8.637s] -- Installing: /mnt/nova_ssd/workspaces/scout/install/scout_msgs/share/scout_msgs/msg/ScoutRCState.msg
[8.637s] -- Installing: /mnt/nova_ssd/workspaces/scout/install/scout_msgs/share/scout_msgs/msg/ScoutStatus.msg
[8.638s] -- Installing: /mnt/nova_ssd/workspaces/scout/install/scout_msgs/share/ament_index/resource_index/package_run_dependencies/scout_msgs
[8.638s] -- Installing: /mnt/nova_ssd/workspaces/scout/install/scout_msgs/share/ament_index/resource_index/parent_prefix_path/scout_msgs
[8.638s] -- Installing: /mnt/nova_ssd/workspaces/scout/install/scout_msgs/share/scout_msgs/environment/ament_prefix_path.sh
[8.638s] -- Installing: /mnt/nova_ssd/workspaces/scout/install/scout_msgs/share/scout_msgs/environment/ament_prefix_path.dsv
[8.638s] -- Installing: /mnt/nova_ssd/workspaces/scout/install/scout_msgs/share/scout_msgs/environment/path.sh
[8.639s] -- Installing: /mnt/nova_ssd/workspaces/scout/install/scout_msgs/share/scout_msgs/environment/path.dsv
[8.639s] -- Installing: /mnt/nova_ssd/workspaces/scout/install/scout_msgs/share/scout_msgs/local_setup.bash
[8.639s] -- Installing: /mnt/nova_ssd/workspaces/scout/install/scout_msgs/share/scout_msgs/local_setup.sh
[8.639s] -- Installing: /mnt/nova_ssd/workspaces/scout/install/scout_msgs/share/scout_msgs/local_setup.zsh
[8.639s] -- Installing: /mnt/nova_ssd/workspaces/scout/install/scout_msgs/share/scout_msgs/local_setup.dsv
[8.639s] -- Installing: /mnt/nova_ssd/workspaces/scout/install/scout_msgs/share/scout_msgs/package.dsv
[8.640s] -- Installing: /mnt/nova_ssd/workspaces/scout/install/scout_msgs/share/ament_index/resource_index/packages/scout_msgs
[8.640s] -- Installing: /mnt/nova_ssd/workspaces/scout/install/scout_msgs/share/scout_msgs/cmake/export_scout_msgs__rosidl_generator_cExport.cmake
[8.640s] -- Installing: /mnt/nova_ssd/workspaces/scout/install/scout_msgs/share/scout_msgs/cmake/export_scout_msgs__rosidl_generator_cExport-noconfig.cmake
[8.641s] -- Installing: /mnt/nova_ssd/workspaces/scout/install/scout_msgs/share/scout_msgs/cmake/export_scout_msgs__rosidl_typesupport_fastrtps_cExport.cmake
[8.641s] -- Installing: /mnt/nova_ssd/workspaces/scout/install/scout_msgs/share/scout_msgs/cmake/export_scout_msgs__rosidl_typesupport_fastrtps_cExport-noconfig.cmake
[8.641s] -- Installing: /mnt/nova_ssd/workspaces/scout/install/scout_msgs/share/scout_msgs/cmake/export_scout_msgs__rosidl_generator_cppExport.cmake
[8.641s] -- Installing: /mnt/nova_ssd/workspaces/scout/install/scout_msgs/share/scout_msgs/cmake/export_scout_msgs__rosidl_typesupport_fastrtps_cppExport.cmake
[8.641s] -- Installing: /mnt/nova_ssd/workspaces/scout/install/scout_msgs/share/scout_msgs/cmake/export_scout_msgs__rosidl_typesupport_fastrtps_cppExport-noconfig.cmake
[8.642s] -- Installing: /mnt/nova_ssd/workspaces/scout/install/scout_msgs/share/scout_msgs/cmake/scout_msgs__rosidl_typesupport_introspection_cExport.cmake
[8.642s] -- Installing: /mnt/nova_ssd/workspaces/scout/install/scout_msgs/share/scout_msgs/cmake/scout_msgs__rosidl_typesupport_introspection_cExport-noconfig.cmake
[8.642s] -- Installing: /mnt/nova_ssd/workspaces/scout/install/scout_msgs/share/scout_msgs/cmake/scout_msgs__rosidl_typesupport_cExport.cmake
[8.642s] -- Installing: /mnt/nova_ssd/workspaces/scout/install/scout_msgs/share/scout_msgs/cmake/scout_msgs__rosidl_typesupport_cExport-noconfig.cmake
[8.643s] -- Installing: /mnt/nova_ssd/workspaces/scout/install/scout_msgs/share/scout_msgs/cmake/scout_msgs__rosidl_typesupport_introspection_cppExport.cmake
[8.643s] -- Installing: /mnt/nova_ssd/workspaces/scout/install/scout_msgs/share/scout_msgs/cmake/scout_msgs__rosidl_typesupport_introspection_cppExport-noconfig.cmake
[8.643s] -- Installing: /mnt/nova_ssd/workspaces/scout/install/scout_msgs/share/scout_msgs/cmake/scout_msgs__rosidl_typesupport_cppExport.cmake
[8.643s] -- Installing: /mnt/nova_ssd/workspaces/scout/install/scout_msgs/share/scout_msgs/cmake/scout_msgs__rosidl_typesupport_cppExport-noconfig.cmake
[8.643s] -- Installing: /mnt/nova_ssd/workspaces/scout/install/scout_msgs/share/scout_msgs/cmake/export_scout_msgs__rosidl_generator_pyExport.cmake
[8.643s] -- Installing: /mnt/nova_ssd/workspaces/scout/install/scout_msgs/share/scout_msgs/cmake/export_scout_msgs__rosidl_generator_pyExport-noconfig.cmake
[8.644s] -- Installing: /mnt/nova_ssd/workspaces/scout/install/scout_msgs/share/scout_msgs/cmake/rosidl_cmake-extras.cmake
[8.644s] -- Installing: /mnt/nova_ssd/workspaces/scout/install/scout_msgs/share/scout_msgs/cmake/ament_cmake_export_dependencies-extras.cmake
[8.644s] -- Installing: /mnt/nova_ssd/workspaces/scout/install/scout_msgs/share/scout_msgs/cmake/ament_cmake_export_include_directories-extras.cmake
[8.644s] -- Installing: /mnt/nova_ssd/workspaces/scout/install/scout_msgs/share/scout_msgs/cmake/ament_cmake_export_libraries-extras.cmake
[8.644s] -- Installing: /mnt/nova_ssd/workspaces/scout/install/scout_msgs/share/scout_msgs/cmake/ament_cmake_export_targets-extras.cmake
[8.645s] -- Installing: /mnt/nova_ssd/workspaces/scout/install/scout_msgs/share/scout_msgs/cmake/rosidl_cmake_export_typesupport_targets-extras.cmake
[8.645s] -- Installing: /mnt/nova_ssd/workspaces/scout/install/scout_msgs/share/scout_msgs/cmake/rosidl_cmake_export_typesupport_libraries-extras.cmake
[8.645s] -- Installing: /mnt/nova_ssd/workspaces/scout/install/scout_msgs/share/scout_msgs/cmake/scout_msgsConfig.cmake
[8.645s] -- Installing: /mnt/nova_ssd/workspaces/scout/install/scout_msgs/share/scout_msgs/cmake/scout_msgsConfig-version.cmake
[8.645s] -- Installing: /mnt/nova_ssd/workspaces/scout/install/scout_msgs/share/scout_msgs/package.xml
[8.650s] Invoked command in '/mnt/nova_ssd/workspaces/scout/build/scout_msgs' returned '0': CMAKE_PREFIX_PATH=/opt/ros/humble /usr/bin/cmake --install /mnt/nova_ssd/workspaces/scout/build/scout_msgs
