[1.660s] Invoking command in '/mnt/nova_ssd/workspaces/pcl_ws/src/livox_tf': PYTHONPATH=/mnt/nova_ssd/workspaces/pcl_ws/build/livox_tf/prefix_override:/usr/lib/python3/dist-packages/colcon_core/task/python/colcon_distutils_commands:/mnt/nova_ssd/workspaces/pcl_ws/install/livox_tf/lib/python3.10/site-packages:${PYTHONPATH} /usr/bin/python3 -W ignore:setup.py install is deprecated setup.py egg_info --egg-base ../../build/livox_tf build --build-base /mnt/nova_ssd/workspaces/pcl_ws/build/livox_tf/build install --record /mnt/nova_ssd/workspaces/pcl_ws/build/livox_tf/install.log --single-version-externally-managed install_data
[2.041s] running egg_info
[2.042s] writing ../../build/livox_tf/livox_tf.egg-info/PKG-INFO
[2.043s] writing dependency_links to ../../build/livox_tf/livox_tf.egg-info/dependency_links.txt
[2.043s] writing entry points to ../../build/livox_tf/livox_tf.egg-info/entry_points.txt
[2.043s] writing requirements to ../../build/livox_tf/livox_tf.egg-info/requires.txt
[2.043s] writing top-level names to ../../build/livox_tf/livox_tf.egg-info/top_level.txt
[2.046s] reading manifest file '../../build/livox_tf/livox_tf.egg-info/SOURCES.txt'
[2.048s] writing manifest file '../../build/livox_tf/livox_tf.egg-info/SOURCES.txt'
[2.048s] running build
[2.048s] running build_py
[2.048s] running install
[2.049s] running install_lib
[2.051s] running install_data
[2.051s] running install_egg_info
[2.054s] removing '/mnt/nova_ssd/workspaces/pcl_ws/install/livox_tf/lib/python3.10/site-packages/livox_tf-0.0.0-py3.10.egg-info' (and everything under it)
[2.054s] Copying ../../build/livox_tf/livox_tf.egg-info to /mnt/nova_ssd/workspaces/pcl_ws/install/livox_tf/lib/python3.10/site-packages/livox_tf-0.0.0-py3.10.egg-info
[2.056s] running install_scripts
[2.093s] Installing livox_tf_node script to /mnt/nova_ssd/workspaces/pcl_ws/install/livox_tf/lib/livox_tf
[2.094s] writing list of installed files to '/mnt/nova_ssd/workspaces/pcl_ws/build/livox_tf/install.log'
[2.156s] Invoked command in '/mnt/nova_ssd/workspaces/pcl_ws/src/livox_tf' returned '0': PYTHONPATH=/mnt/nova_ssd/workspaces/pcl_ws/build/livox_tf/prefix_override:/usr/lib/python3/dist-packages/colcon_core/task/python/colcon_distutils_commands:/mnt/nova_ssd/workspaces/pcl_ws/install/livox_tf/lib/python3.10/site-packages:${PYTHONPATH} /usr/bin/python3 -W ignore:setup.py install is deprecated setup.py egg_info --egg-base ../../build/livox_tf build --build-base /mnt/nova_ssd/workspaces/pcl_ws/build/livox_tf/build install --record /mnt/nova_ssd/workspaces/pcl_ws/build/livox_tf/install.log --single-version-externally-managed install_data
