[1.548s] Invoking command in '/mnt/nova_ssd/workspaces/pcl_ws/src/livox_tf': PYTHONPATH=/mnt/nova_ssd/workspaces/pcl_ws/build/livox_tf/prefix_override:/usr/lib/python3/dist-packages/colcon_core/task/python/colcon_distutils_commands:/mnt/nova_ssd/workspaces/pcl_ws/install/livox_tf/lib/python3.10/site-packages:${PYTHONPATH} /usr/bin/python3 -W ignore:setup.py install is deprecated setup.py egg_info --egg-base ../../build/livox_tf build --build-base /mnt/nova_ssd/workspaces/pcl_ws/build/livox_tf/build install --record /mnt/nova_ssd/workspaces/pcl_ws/build/livox_tf/install.log --single-version-externally-managed install_data
[1.933s] running egg_info
[1.934s] writing ../../build/livox_tf/livox_tf.egg-info/PKG-INFO
[1.935s] writing dependency_links to ../../build/livox_tf/livox_tf.egg-info/dependency_links.txt
[1.935s] writing entry points to ../../build/livox_tf/livox_tf.egg-info/entry_points.txt
[1.935s] writing requirements to ../../build/livox_tf/livox_tf.egg-info/requires.txt
[1.936s] writing top-level names to ../../build/livox_tf/livox_tf.egg-info/top_level.txt
[1.939s] reading manifest file '../../build/livox_tf/livox_tf.egg-info/SOURCES.txt'
[1.940s] writing manifest file '../../build/livox_tf/livox_tf.egg-info/SOURCES.txt'
[1.940s] running build
[1.940s] running build_py
[1.941s] running install
[1.941s] running install_lib
[1.944s] running install_data
[1.944s] running install_egg_info
[1.946s] removing '/mnt/nova_ssd/workspaces/pcl_ws/install/livox_tf/lib/python3.10/site-packages/livox_tf-0.0.0-py3.10.egg-info' (and everything under it)
[1.947s] Copying ../../build/livox_tf/livox_tf.egg-info to /mnt/nova_ssd/workspaces/pcl_ws/install/livox_tf/lib/python3.10/site-packages/livox_tf-0.0.0-py3.10.egg-info
[1.949s] running install_scripts
[1.984s] Installing livox_tf_node script to /mnt/nova_ssd/workspaces/pcl_ws/install/livox_tf/lib/livox_tf
[1.985s] writing list of installed files to '/mnt/nova_ssd/workspaces/pcl_ws/build/livox_tf/install.log'
[2.049s] Invoked command in '/mnt/nova_ssd/workspaces/pcl_ws/src/livox_tf' returned '0': PYTHONPATH=/mnt/nova_ssd/workspaces/pcl_ws/build/livox_tf/prefix_override:/usr/lib/python3/dist-packages/colcon_core/task/python/colcon_distutils_commands:/mnt/nova_ssd/workspaces/pcl_ws/install/livox_tf/lib/python3.10/site-packages:${PYTHONPATH} /usr/bin/python3 -W ignore:setup.py install is deprecated setup.py egg_info --egg-base ../../build/livox_tf build --build-base /mnt/nova_ssd/workspaces/pcl_ws/build/livox_tf/build install --record /mnt/nova_ssd/workspaces/pcl_ws/build/livox_tf/install.log --single-version-externally-managed install_data
