[0.032s] Invoking command in '/mnt/nova_ssd/workspaces/navigation/build/dstar_main': CMAKE_PREFIX_PATH=/mnt/nova_ssd/workspaces/navigation/install/dwa_main:/mnt/nova_ssd/workspaces/navigation/install/dstar_main:/mnt/nova_ssd/workspaces/navigation/install/costmap_converter:/mnt/nova_ssd/workspaces/navigation/install/costmap_converter_msgs:/mnt/nova_ssd/workspaces/texttopoint_ws/install/point_publisher_pkg:/mnt/nova_ssd/workspaces/kiss-icp_ws/install/kiss_icp:/mnt/nova_ssd/workspaces/3d_lidar/src/ws_livox/install/livox_ros_driver2:/mnt/nova_ssd/workspaces/scout/install/scout_base:/mnt/nova_ssd/workspaces/pcl_ws/install/my_package:/mnt/nova_ssd/workspaces/pcl_ws/install/livox_tf:/opt/ros/humble:/mnt/nova_ssd/workspaces/scout/install/ugv_sdk:/mnt/nova_ssd/workspaces/scout/install/scout_msgs:/mnt/nova_ssd/workspaces/scout/install/scout_description:/mnt/nova_ssd/workspaces/octomap_ws/install/octomap_example:/mnt/nova_ssd/workspaces/pcl_ws/install/projected_pcl:/mnt/nova_ssd/workspaces/pcl_ws/install/pointcloud_to_laserscan:/mnt/nova_ssd/workspaces/pcl_ws/install/pcl_object_detection:/mnt/nova_ssd/workspaces/pcl_ws/install/pcl_filter /usr/bin/cmake --build /mnt/nova_ssd/workspaces/navigation/build/dstar_main -- -j12 -l12
[0.071s] -- Found ament_cmake: 1.3.9 (/opt/ros/humble/share/ament_cmake/cmake)
[0.313s] -- Found rclcpp: 16.0.9 (/opt/ros/humble/share/rclcpp/cmake)
[0.372s] -- Found rosidl_generator_c: 3.1.5 (/opt/ros/humble/share/rosidl_generator_c/cmake)
[0.374s] -- Found rosidl_adapter: 3.1.5 (/opt/ros/humble/share/rosidl_adapter/cmake)
[0.382s] -- Found rosidl_generator_cpp: 3.1.5 (/opt/ros/humble/share/rosidl_generator_cpp/cmake)
[0.403s] -- Using all available rosidl_typesupport_c: rosidl_typesupport_fastrtps_c;rosidl_typesupport_introspection_c
[0.423s] -- Using all available rosidl_typesupport_cpp: rosidl_typesupport_fastrtps_cpp;rosidl_typesupport_introspection_cpp
[0.505s] -- Found rmw_implementation_cmake: 6.1.2 (/opt/ros/humble/share/rmw_implementation_cmake/cmake)
[0.508s] -- Found rmw_fastrtps_cpp: 6.2.6 (/opt/ros/humble/share/rmw_fastrtps_cpp/cmake)
[0.699s] -- Using RMW implementation 'rmw_fastrtps_cpp' as default
[0.913s] -- Found nav_msgs: 4.2.4 (/opt/ros/humble/share/nav_msgs/cmake)
[1.064s] -- Found tf2_ros: 0.25.7 (/opt/ros/humble/share/tf2_ros/cmake)
[1.492s] -- Found tf2_geometry_msgs: 0.25.7 (/opt/ros/humble/share/tf2_geometry_msgs/cmake)
[1.498s] -- Found eigen3_cmake_module: 0.1.1 (/opt/ros/humble/share/eigen3_cmake_module/cmake)
[1.500s] -- Found Eigen3: TRUE (found version "3.4.0") 
[1.500s] -- Ensuring Eigen3 include directory is part of orocos-kdl CMake target
[1.512s] -- Found sensor_msgs: 4.2.4 (/opt/ros/humble/share/sensor_msgs/cmake)
[1.625s] -- Found pcl_conversions: 2.4.0 (/opt/ros/humble/share/pcl_conversions/cmake)
[1.782s] -- Found visualization_msgs: 4.2.4 (/opt/ros/humble/share/visualization_msgs/cmake)
[1.987s] -- Eigen found (include: /usr/include/eigen3, version: 3.4.0)
[2.030s] -- OpenNI found (version: 1.5.4.0, include: /usr/include/ni, lib: /usr/lib/libOpenNI.so;libusb::libusb)
[2.040s] -- OpenNI2 found (version: 2.2.0.33, include: /usr/include/openni2, lib: /usr/lib/aarch64-linux-gnu/libOpenNI2.so;libusb::libusb)
[2.040s] [0m** WARNING ** io features related to pcap will be disabled[0m
[2.040s] [0m** WARNING ** io features related to png will be disabled[0m
[2.372s] -- Found Eigen3: /usr/include/eigen3 (found version "3.4.0") 
[2.650s] -- Eigen found (include: /usr/include/eigen3, version: 3.4.0)
[2.651s] -- looking for PCL_COMMON
[2.652s] -- looking for PCL_OCTREE
[2.653s] -- looking for PCL_IO
[2.974s] -- Found ament_lint_auto: 0.12.11 (/opt/ros/humble/share/ament_lint_auto/cmake)
[3.165s] -- Added test 'cppcheck' to perform static code analysis on C / C++ code
[3.166s] -- Configured cppcheck include dirs: /mnt/nova_ssd/workspaces/navigation/src/dstar_main/include
[3.166s] -- Configured cppcheck exclude dirs and/or files: 
[3.166s] -- Added test 'flake8' to check Python code syntax and style conventions
[3.167s] -- Added test 'lint_cmake' to check CMake code style
[3.168s] -- Added test 'pep257' to check Python code against some of the docstring style conventions in PEP 257
[3.171s] -- Added test 'uncrustify' to check C / C++ code style
[3.171s] -- Configured uncrustify additional arguments: 
[3.171s] -- Added test 'xmllint' to check XML markup files
[3.172s] -- Configuring done
[3.276s] -- Generating done
[3.281s] -- Build files have been written to: /mnt/nova_ssd/workspaces/navigation/build/dstar_main
[3.356s] [35m[1mConsolidate compiler generated dependencies of target dstar_main[0m
[3.419s] [ 25%] Built target dstar_main
[3.457s] [35m[1mConsolidate compiler generated dependencies of target map2grid[0m
[3.506s] [ 50%] Built target map2grid
[3.532s] [35m[1mConsolidate compiler generated dependencies of target scan2grid[0m
[3.571s] [ 75%] Built target scan2grid
[3.598s] [35m[1mConsolidate compiler generated dependencies of target dwa_main[0m
[3.659s] [ 87%] [32mBuilding CXX object CMakeFiles/dwa_main.dir/src/dwa_main.cpp.o[0m
[6.063s] In file included from [01m[K/mnt/nova_ssd/workspaces/navigation/src/dstar_main/src/dwa_main.cpp:1[m[K:
[6.064s] [01m[K/mnt/nova_ssd/workspaces/navigation/src/dstar_main/include/dwa_main/dwa_main.h:26:10:[m[K [01;31m[Kfatal error: [m[Kvisualization_msgs/msg/Marker.hpp: No such file or directory
[6.064s]    26 | #include [01;31m[K"visualization_msgs/msg/Marker.hpp"[m[K
[6.064s]       |          [01;31m[K^~~~~~~~~~~~~~~~~~~~~~~~~~~~~~~~~~~[m[K
[6.064s] compilation terminated.
[6.099s] gmake[2]: *** [CMakeFiles/dwa_main.dir/build.make:76: CMakeFiles/dwa_main.dir/src/dwa_main.cpp.o] Error 1
[6.099s] gmake[1]: *** [CMakeFiles/Makefile2:169: CMakeFiles/dwa_main.dir/all] Error 2
[6.099s] gmake: *** [Makefile:146: all] Error 2
[6.111s] Invoked command in '/mnt/nova_ssd/workspaces/navigation/build/dstar_main' returned '2': CMAKE_PREFIX_PATH=/mnt/nova_ssd/workspaces/navigation/install/dwa_main:/mnt/nova_ssd/workspaces/navigation/install/dstar_main:/mnt/nova_ssd/workspaces/navigation/install/costmap_converter:/mnt/nova_ssd/workspaces/navigation/install/costmap_converter_msgs:/mnt/nova_ssd/workspaces/texttopoint_ws/install/point_publisher_pkg:/mnt/nova_ssd/workspaces/kiss-icp_ws/install/kiss_icp:/mnt/nova_ssd/workspaces/3d_lidar/src/ws_livox/install/livox_ros_driver2:/mnt/nova_ssd/workspaces/scout/install/scout_base:/mnt/nova_ssd/workspaces/pcl_ws/install/my_package:/mnt/nova_ssd/workspaces/pcl_ws/install/livox_tf:/opt/ros/humble:/mnt/nova_ssd/workspaces/scout/install/ugv_sdk:/mnt/nova_ssd/workspaces/scout/install/scout_msgs:/mnt/nova_ssd/workspaces/scout/install/scout_description:/mnt/nova_ssd/workspaces/octomap_ws/install/octomap_example:/mnt/nova_ssd/workspaces/pcl_ws/install/projected_pcl:/mnt/nova_ssd/workspaces/pcl_ws/install/pointcloud_to_laserscan:/mnt/nova_ssd/workspaces/pcl_ws/install/pcl_object_detection:/mnt/nova_ssd/workspaces/pcl_ws/install/pcl_filter /usr/bin/cmake --build /mnt/nova_ssd/workspaces/navigation/build/dstar_main -- -j12 -l12
