[0.160s] DEBUG:colcon:Command line arguments: ['/usr/bin/colcon', 'build']
[0.160s] DEBUG:colcon:Parsed command line arguments: Namespace(log_base=None, log_level=None, verb_name='build', build_base='build', install_base='install', merge_install=False, symlink_install=False, test_result_base=None, continue_on_error=False, executor='parallel', parallel_workers=12, event_handlers=None, ignore_user_meta=False, metas=['./colcon.meta'], base_paths=['.'], packages_ignore=None, packages_ignore_regex=None, paths=None, packages_up_to=None, packages_up_to_regex=None, packages_above=None, packages_above_and_dependencies=None, packages_above_depth=None, packages_select_by_dep=None, packages_skip_by_dep=None, packages_skip_up_to=None, packages_select_build_failed=False, packages_skip_build_finished=False, packages_select_test_failures=False, packages_skip_test_passed=False, packages_select=None, packages_skip=None, packages_select_regex=None, packages_skip_regex=None, packages_start=None, packages_end=None, allow_overriding=[], cmake_args=None, cmake_target=None, cmake_target_skip_unavailable=False, cmake_clean_cache=False, cmake_clean_first=False, cmake_force_configure=False, ament_cmake_args=None, catkin_cmake_args=None, catkin_skip_building_tests=False, mixin_files=None, mixin=None, verb_parser=<colcon_mixin.mixin.mixin_argument.MixinArgumentDecorator object at 0xffffb9b8a140>, verb_extension=<colcon_core.verb.build.BuildVerb object at 0xffffb9ca67a0>, main=<bound method BuildVerb.main of <colcon_core.verb.build.BuildVerb object at 0xffffb9ca67a0>>, mixin_verb=('build',))
[0.401s] Level 1:colcon.colcon_core.package_discovery:discover_packages(colcon_meta) check parameters
[0.401s] Level 1:colcon.colcon_core.package_discovery:discover_packages(recursive) check parameters
[0.401s] Level 1:colcon.colcon_core.package_discovery:discover_packages(ignore) check parameters
[0.401s] Level 1:colcon.colcon_core.package_discovery:discover_packages(path) check parameters
[0.401s] Level 1:colcon.colcon_core.package_discovery:discover_packages(colcon_meta) discover
[0.402s] Level 1:colcon.colcon_core.package_discovery:discover_packages(recursive) discover
[0.402s] INFO:colcon.colcon_core.package_discovery:Crawling recursively for packages in '/mnt/nova_ssd/workspaces/pcl_ws'
[0.402s] Level 1:colcon.colcon_core.package_identification:_identify(.) by extensions ['ignore', 'ignore_ament_install']
[0.402s] Level 1:colcon.colcon_core.package_identification:_identify(.) by extension 'ignore'
[0.402s] Level 1:colcon.colcon_core.package_identification:_identify(.) by extension 'ignore_ament_install'
[0.402s] Level 1:colcon.colcon_core.package_identification:_identify(.) by extensions ['colcon_pkg']
[0.402s] Level 1:colcon.colcon_core.package_identification:_identify(.) by extension 'colcon_pkg'
[0.403s] Level 1:colcon.colcon_core.package_identification:_identify(.) by extensions ['colcon_meta']
[0.403s] Level 1:colcon.colcon_core.package_identification:_identify(.) by extension 'colcon_meta'
[0.403s] Level 1:colcon.colcon_core.package_identification:_identify(.) by extensions ['ros']
[0.403s] Level 1:colcon.colcon_core.package_identification:_identify(.) by extension 'ros'
[0.419s] Level 1:colcon.colcon_core.package_identification:_identify(.) by extensions ['cmake', 'python']
[0.419s] Level 1:colcon.colcon_core.package_identification:_identify(.) by extension 'cmake'
[0.419s] Level 1:colcon.colcon_core.package_identification:_identify(.) by extension 'python'
[0.419s] Level 1:colcon.colcon_core.package_identification:_identify(.) by extensions ['python_setup_py']
[0.419s] Level 1:colcon.colcon_core.package_identification:_identify(.) by extension 'python_setup_py'
[0.420s] Level 1:colcon.colcon_core.package_identification:_identify(build) by extensions ['ignore', 'ignore_ament_install']
[0.420s] Level 1:colcon.colcon_core.package_identification:_identify(build) by extension 'ignore'
[0.420s] Level 1:colcon.colcon_core.package_identification:_identify(build) ignored
[0.420s] Level 1:colcon.colcon_core.package_identification:_identify(install) by extensions ['ignore', 'ignore_ament_install']
[0.420s] Level 1:colcon.colcon_core.package_identification:_identify(install) by extension 'ignore'
[0.420s] Level 1:colcon.colcon_core.package_identification:_identify(install) ignored
[0.421s] Level 1:colcon.colcon_core.package_identification:_identify(log) by extensions ['ignore', 'ignore_ament_install']
[0.421s] Level 1:colcon.colcon_core.package_identification:_identify(log) by extension 'ignore'
[0.421s] Level 1:colcon.colcon_core.package_identification:_identify(log) ignored
[0.421s] Level 1:colcon.colcon_core.package_identification:_identify(src) by extensions ['ignore', 'ignore_ament_install']
[0.421s] Level 1:colcon.colcon_core.package_identification:_identify(src) by extension 'ignore'
[0.421s] Level 1:colcon.colcon_core.package_identification:_identify(src) by extension 'ignore_ament_install'
[0.421s] Level 1:colcon.colcon_core.package_identification:_identify(src) by extensions ['colcon_pkg']
[0.421s] Level 1:colcon.colcon_core.package_identification:_identify(src) by extension 'colcon_pkg'
[0.421s] Level 1:colcon.colcon_core.package_identification:_identify(src) by extensions ['colcon_meta']
[0.421s] Level 1:colcon.colcon_core.package_identification:_identify(src) by extension 'colcon_meta'
[0.421s] Level 1:colcon.colcon_core.package_identification:_identify(src) by extensions ['ros']
[0.421s] Level 1:colcon.colcon_core.package_identification:_identify(src) by extension 'ros'
[0.422s] Level 1:colcon.colcon_core.package_identification:_identify(src) by extensions ['cmake', 'python']
[0.422s] Level 1:colcon.colcon_core.package_identification:_identify(src) by extension 'cmake'
[0.422s] Level 1:colcon.colcon_core.package_identification:_identify(src) by extension 'python'
[0.422s] Level 1:colcon.colcon_core.package_identification:_identify(src) by extensions ['python_setup_py']
[0.422s] Level 1:colcon.colcon_core.package_identification:_identify(src) by extension 'python_setup_py'
[0.422s] Level 1:colcon.colcon_core.package_identification:_identify(src/livox_tf) by extensions ['ignore', 'ignore_ament_install']
[0.422s] Level 1:colcon.colcon_core.package_identification:_identify(src/livox_tf) by extension 'ignore'
[0.422s] Level 1:colcon.colcon_core.package_identification:_identify(src/livox_tf) by extension 'ignore_ament_install'
[0.422s] Level 1:colcon.colcon_core.package_identification:_identify(src/livox_tf) by extensions ['colcon_pkg']
[0.422s] Level 1:colcon.colcon_core.package_identification:_identify(src/livox_tf) by extension 'colcon_pkg'
[0.422s] Level 1:colcon.colcon_core.package_identification:_identify(src/livox_tf) by extensions ['colcon_meta']
[0.422s] Level 1:colcon.colcon_core.package_identification:_identify(src/livox_tf) by extension 'colcon_meta'
[0.422s] Level 1:colcon.colcon_core.package_identification:_identify(src/livox_tf) by extensions ['ros']
[0.422s] Level 1:colcon.colcon_core.package_identification:_identify(src/livox_tf) by extension 'ros'
[0.426s] DEBUG:colcon.colcon_core.package_identification:Package 'src/livox_tf' with type 'ros.ament_python' and name 'livox_tf'
[0.426s] Level 1:colcon.colcon_core.package_identification:_identify(src/my_package) by extensions ['ignore', 'ignore_ament_install']
[0.426s] Level 1:colcon.colcon_core.package_identification:_identify(src/my_package) by extension 'ignore'
[0.426s] Level 1:colcon.colcon_core.package_identification:_identify(src/my_package) by extension 'ignore_ament_install'
[0.426s] Level 1:colcon.colcon_core.package_identification:_identify(src/my_package) by extensions ['colcon_pkg']
[0.426s] Level 1:colcon.colcon_core.package_identification:_identify(src/my_package) by extension 'colcon_pkg'
[0.426s] Level 1:colcon.colcon_core.package_identification:_identify(src/my_package) by extensions ['colcon_meta']
[0.426s] Level 1:colcon.colcon_core.package_identification:_identify(src/my_package) by extension 'colcon_meta'
[0.426s] Level 1:colcon.colcon_core.package_identification:_identify(src/my_package) by extensions ['ros']
[0.426s] Level 1:colcon.colcon_core.package_identification:_identify(src/my_package) by extension 'ros'
[0.427s] DEBUG:colcon.colcon_core.package_identification:Package 'src/my_package' with type 'ros.ament_python' and name 'my_package'
[0.427s] Level 1:colcon.colcon_core.package_identification:_identify(src/pointcloud_to_laserscan) by extensions ['ignore', 'ignore_ament_install']
[0.427s] Level 1:colcon.colcon_core.package_identification:_identify(src/pointcloud_to_laserscan) by extension 'ignore'
[0.428s] Level 1:colcon.colcon_core.package_identification:_identify(src/pointcloud_to_laserscan) by extension 'ignore_ament_install'
[0.428s] Level 1:colcon.colcon_core.package_identification:_identify(src/pointcloud_to_laserscan) by extensions ['colcon_pkg']
[0.428s] Level 1:colcon.colcon_core.package_identification:_identify(src/pointcloud_to_laserscan) by extension 'colcon_pkg'
[0.428s] Level 1:colcon.colcon_core.package_identification:_identify(src/pointcloud_to_laserscan) by extensions ['colcon_meta']
[0.428s] Level 1:colcon.colcon_core.package_identification:_identify(src/pointcloud_to_laserscan) by extension 'colcon_meta'
[0.428s] Level 1:colcon.colcon_core.package_identification:_identify(src/pointcloud_to_laserscan) by extensions ['ros']
[0.428s] Level 1:colcon.colcon_core.package_identification:_identify(src/pointcloud_to_laserscan) by extension 'ros'
[0.430s] DEBUG:colcon.colcon_core.package_identification:Package 'src/pointcloud_to_laserscan' with type 'ros.ament_cmake' and name 'pointcloud_to_laserscan'
[0.430s] Level 1:colcon.colcon_core.package_identification:_identify(src/ros2_pcl_object_detection) by extensions ['ignore', 'ignore_ament_install']
[0.430s] Level 1:colcon.colcon_core.package_identification:_identify(src/ros2_pcl_object_detection) by extension 'ignore'
[0.430s] Level 1:colcon.colcon_core.package_identification:_identify(src/ros2_pcl_object_detection) by extension 'ignore_ament_install'
[0.430s] Level 1:colcon.colcon_core.package_identification:_identify(src/ros2_pcl_object_detection) by extensions ['colcon_pkg']
[0.430s] Level 1:colcon.colcon_core.package_identification:_identify(src/ros2_pcl_object_detection) by extension 'colcon_pkg'
[0.430s] Level 1:colcon.colcon_core.package_identification:_identify(src/ros2_pcl_object_detection) by extensions ['colcon_meta']
[0.430s] Level 1:colcon.colcon_core.package_identification:_identify(src/ros2_pcl_object_detection) by extension 'colcon_meta'
[0.431s] Level 1:colcon.colcon_core.package_identification:_identify(src/ros2_pcl_object_detection) by extensions ['ros']
[0.431s] Level 1:colcon.colcon_core.package_identification:_identify(src/ros2_pcl_object_detection) by extension 'ros'
[0.432s] DEBUG:colcon.colcon_core.package_identification:Package 'src/ros2_pcl_object_detection' with type 'ros.ament_cmake' and name 'pcl_object_detection'
[0.432s] Level 1:colcon.colcon_core.package_discovery:discover_packages(recursive) using defaults
[0.433s] Level 1:colcon.colcon_core.package_discovery:discover_packages(ignore) discover
[0.433s] Level 1:colcon.colcon_core.package_discovery:discover_packages(ignore) using defaults
[0.433s] Level 1:colcon.colcon_core.package_discovery:discover_packages(path) discover
[0.433s] Level 1:colcon.colcon_core.package_discovery:discover_packages(path) using defaults
[0.462s] Level 1:colcon.colcon_core.package_discovery:discover_packages(prefix_path) check parameters
[0.462s] Level 1:colcon.colcon_core.package_discovery:discover_packages(prefix_path) discover
[0.466s] DEBUG:colcon.colcon_installed_package_information.package_discovery:Found 4 installed packages in /mnt/nova_ssd/workspaces/pcl_ws/install
[0.467s] DEBUG:colcon.colcon_installed_package_information.package_discovery:Found 4 installed packages in /mnt/nova_ssd/workspaces/scout/install
[0.467s] DEBUG:colcon.colcon_installed_package_information.package_discovery:Found 4 installed packages in /mnt/nova_ssd/workspaces/navigation/install
[0.469s] DEBUG:colcon.colcon_installed_package_information.package_discovery:Found 358 installed packages in /opt/ros/humble
[0.491s] Level 1:colcon.colcon_core.package_discovery:discover_packages(prefix_path) using defaults
[0.556s] Level 5:colcon.colcon_core.verb:set package 'livox_tf' build argument 'cmake_args' from command line to 'None'
[0.556s] Level 5:colcon.colcon_core.verb:set package 'livox_tf' build argument 'cmake_target' from command line to 'None'
[0.556s] Level 5:colcon.colcon_core.verb:set package 'livox_tf' build argument 'cmake_target_skip_unavailable' from command line to 'False'
[0.556s] Level 5:colcon.colcon_core.verb:set package 'livox_tf' build argument 'cmake_clean_cache' from command line to 'False'
[0.556s] Level 5:colcon.colcon_core.verb:set package 'livox_tf' build argument 'cmake_clean_first' from command line to 'False'
[0.556s] Level 5:colcon.colcon_core.verb:set package 'livox_tf' build argument 'cmake_force_configure' from command line to 'False'
[0.556s] Level 5:colcon.colcon_core.verb:set package 'livox_tf' build argument 'ament_cmake_args' from command line to 'None'
[0.556s] Level 5:colcon.colcon_core.verb:set package 'livox_tf' build argument 'catkin_cmake_args' from command line to 'None'
[0.556s] Level 5:colcon.colcon_core.verb:set package 'livox_tf' build argument 'catkin_skip_building_tests' from command line to 'False'
[0.556s] DEBUG:colcon.colcon_core.verb:Building package 'livox_tf' with the following arguments: {'ament_cmake_args': None, 'build_base': '/mnt/nova_ssd/workspaces/pcl_ws/build/livox_tf', 'catkin_cmake_args': None, 'catkin_skip_building_tests': False, 'cmake_args': None, 'cmake_clean_cache': False, 'cmake_clean_first': False, 'cmake_force_configure': False, 'cmake_target': None, 'cmake_target_skip_unavailable': False, 'install_base': '/mnt/nova_ssd/workspaces/pcl_ws/install/livox_tf', 'merge_install': False, 'path': '/mnt/nova_ssd/workspaces/pcl_ws/src/livox_tf', 'symlink_install': False, 'test_result_base': None}
[0.557s] Level 5:colcon.colcon_core.verb:set package 'my_package' build argument 'cmake_args' from command line to 'None'
[0.557s] Level 5:colcon.colcon_core.verb:set package 'my_package' build argument 'cmake_target' from command line to 'None'
[0.557s] Level 5:colcon.colcon_core.verb:set package 'my_package' build argument 'cmake_target_skip_unavailable' from command line to 'False'
[0.557s] Level 5:colcon.colcon_core.verb:set package 'my_package' build argument 'cmake_clean_cache' from command line to 'False'
[0.557s] Level 5:colcon.colcon_core.verb:set package 'my_package' build argument 'cmake_clean_first' from command line to 'False'
[0.557s] Level 5:colcon.colcon_core.verb:set package 'my_package' build argument 'cmake_force_configure' from command line to 'False'
[0.557s] Level 5:colcon.colcon_core.verb:set package 'my_package' build argument 'ament_cmake_args' from command line to 'None'
[0.557s] Level 5:colcon.colcon_core.verb:set package 'my_package' build argument 'catkin_cmake_args' from command line to 'None'
[0.557s] Level 5:colcon.colcon_core.verb:set package 'my_package' build argument 'catkin_skip_building_tests' from command line to 'False'
[0.557s] DEBUG:colcon.colcon_core.verb:Building package 'my_package' with the following arguments: {'ament_cmake_args': None, 'build_base': '/mnt/nova_ssd/workspaces/pcl_ws/build/my_package', 'catkin_cmake_args': None, 'catkin_skip_building_tests': False, 'cmake_args': None, 'cmake_clean_cache': False, 'cmake_clean_first': False, 'cmake_force_configure': False, 'cmake_target': None, 'cmake_target_skip_unavailable': False, 'install_base': '/mnt/nova_ssd/workspaces/pcl_ws/install/my_package', 'merge_install': False, 'path': '/mnt/nova_ssd/workspaces/pcl_ws/src/my_package', 'symlink_install': False, 'test_result_base': None}
[0.558s] Level 5:colcon.colcon_core.verb:set package 'pcl_object_detection' build argument 'cmake_args' from command line to 'None'
[0.558s] Level 5:colcon.colcon_core.verb:set package 'pcl_object_detection' build argument 'cmake_target' from command line to 'None'
[0.558s] Level 5:colcon.colcon_core.verb:set package 'pcl_object_detection' build argument 'cmake_target_skip_unavailable' from command line to 'False'
[0.558s] Level 5:colcon.colcon_core.verb:set package 'pcl_object_detection' build argument 'cmake_clean_cache' from command line to 'False'
[0.558s] Level 5:colcon.colcon_core.verb:set package 'pcl_object_detection' build argument 'cmake_clean_first' from command line to 'False'
[0.558s] Level 5:colcon.colcon_core.verb:set package 'pcl_object_detection' build argument 'cmake_force_configure' from command line to 'False'
[0.558s] Level 5:colcon.colcon_core.verb:set package 'pcl_object_detection' build argument 'ament_cmake_args' from command line to 'None'
[0.558s] Level 5:colcon.colcon_core.verb:set package 'pcl_object_detection' build argument 'catkin_cmake_args' from command line to 'None'
[0.558s] Level 5:colcon.colcon_core.verb:set package 'pcl_object_detection' build argument 'catkin_skip_building_tests' from command line to 'False'
[0.558s] DEBUG:colcon.colcon_core.verb:Building package 'pcl_object_detection' with the following arguments: {'ament_cmake_args': None, 'build_base': '/mnt/nova_ssd/workspaces/pcl_ws/build/pcl_object_detection', 'catkin_cmake_args': None, 'catkin_skip_building_tests': False, 'cmake_args': None, 'cmake_clean_cache': False, 'cmake_clean_first': False, 'cmake_force_configure': False, 'cmake_target': None, 'cmake_target_skip_unavailable': False, 'install_base': '/mnt/nova_ssd/workspaces/pcl_ws/install/pcl_object_detection', 'merge_install': False, 'path': '/mnt/nova_ssd/workspaces/pcl_ws/src/ros2_pcl_object_detection', 'symlink_install': False, 'test_result_base': None}
[0.558s] Level 5:colcon.colcon_core.verb:set package 'pointcloud_to_laserscan' build argument 'cmake_args' from command line to 'None'
[0.558s] Level 5:colcon.colcon_core.verb:set package 'pointcloud_to_laserscan' build argument 'cmake_target' from command line to 'None'
[0.559s] Level 5:colcon.colcon_core.verb:set package 'pointcloud_to_laserscan' build argument 'cmake_target_skip_unavailable' from command line to 'False'
[0.559s] Level 5:colcon.colcon_core.verb:set package 'pointcloud_to_laserscan' build argument 'cmake_clean_cache' from command line to 'False'
[0.559s] Level 5:colcon.colcon_core.verb:set package 'pointcloud_to_laserscan' build argument 'cmake_clean_first' from command line to 'False'
[0.559s] Level 5:colcon.colcon_core.verb:set package 'pointcloud_to_laserscan' build argument 'cmake_force_configure' from command line to 'False'
[0.559s] Level 5:colcon.colcon_core.verb:set package 'pointcloud_to_laserscan' build argument 'ament_cmake_args' from command line to 'None'
[0.559s] Level 5:colcon.colcon_core.verb:set package 'pointcloud_to_laserscan' build argument 'catkin_cmake_args' from command line to 'None'
[0.559s] Level 5:colcon.colcon_core.verb:set package 'pointcloud_to_laserscan' build argument 'catkin_skip_building_tests' from command line to 'False'
[0.559s] DEBUG:colcon.colcon_core.verb:Building package 'pointcloud_to_laserscan' with the following arguments: {'ament_cmake_args': None, 'build_base': '/mnt/nova_ssd/workspaces/pcl_ws/build/pointcloud_to_laserscan', 'catkin_cmake_args': None, 'catkin_skip_building_tests': False, 'cmake_args': None, 'cmake_clean_cache': False, 'cmake_clean_first': False, 'cmake_force_configure': False, 'cmake_target': None, 'cmake_target_skip_unavailable': False, 'install_base': '/mnt/nova_ssd/workspaces/pcl_ws/install/pointcloud_to_laserscan', 'merge_install': False, 'path': '/mnt/nova_ssd/workspaces/pcl_ws/src/pointcloud_to_laserscan', 'symlink_install': False, 'test_result_base': None}
[0.559s] INFO:colcon.colcon_core.executor:Executing jobs using 'parallel' executor
[0.561s] DEBUG:colcon.colcon_parallel_executor.executor.parallel:run_until_complete
[0.561s] INFO:colcon.colcon_ros.task.ament_python.build:Building ROS package in '/mnt/nova_ssd/workspaces/pcl_ws/src/livox_tf' with build type 'ament_python'
[0.562s] Level 1:colcon.colcon_core.shell:create_environment_hook('livox_tf', 'ament_prefix_path')
[0.565s] INFO:colcon.colcon_core.plugin_system:Skipping extension 'colcon_core.shell.bat': Not used on non-Windows systems
[0.565s] INFO:colcon.colcon_core.shell:Creating environment hook '/mnt/nova_ssd/workspaces/pcl_ws/install/livox_tf/share/livox_tf/hook/ament_prefix_path.ps1'
[0.566s] INFO:colcon.colcon_core.shell:Creating environment descriptor '/mnt/nova_ssd/workspaces/pcl_ws/install/livox_tf/share/livox_tf/hook/ament_prefix_path.dsv'
[0.567s] INFO:colcon.colcon_core.shell:Creating environment hook '/mnt/nova_ssd/workspaces/pcl_ws/install/livox_tf/share/livox_tf/hook/ament_prefix_path.sh'
[0.568s] INFO:colcon.colcon_core.shell:Skip shell extension 'powershell' for command environment: Not usable outside of PowerShell
[0.568s] DEBUG:colcon.colcon_core.shell:Skip shell extension 'dsv' for command environment
[0.575s] INFO:colcon.colcon_ros.task.ament_python.build:Building ROS package in '/mnt/nova_ssd/workspaces/pcl_ws/src/my_package' with build type 'ament_python'
[0.575s] Level 1:colcon.colcon_core.shell:create_environment_hook('my_package', 'ament_prefix_path')
[0.575s] INFO:colcon.colcon_core.shell:Creating environment hook '/mnt/nova_ssd/workspaces/pcl_ws/install/my_package/share/my_package/hook/ament_prefix_path.ps1'
[0.576s] INFO:colcon.colcon_core.shell:Creating environment descriptor '/mnt/nova_ssd/workspaces/pcl_ws/install/my_package/share/my_package/hook/ament_prefix_path.dsv'
[0.577s] INFO:colcon.colcon_core.shell:Creating environment hook '/mnt/nova_ssd/workspaces/pcl_ws/install/my_package/share/my_package/hook/ament_prefix_path.sh'
[0.578s] INFO:colcon.colcon_core.shell:Skip shell extension 'powershell' for command environment: Not usable outside of PowerShell
[0.578s] DEBUG:colcon.colcon_core.shell:Skip shell extension 'dsv' for command environment
[0.584s] INFO:colcon.colcon_ros.task.ament_cmake.build:Building ROS package in '/mnt/nova_ssd/workspaces/pcl_ws/src/ros2_pcl_object_detection' with build type 'ament_cmake'
[0.584s] INFO:colcon.colcon_cmake.task.cmake.build:Building CMake package in '/mnt/nova_ssd/workspaces/pcl_ws/src/ros2_pcl_object_detection'
[0.585s] INFO:colcon.colcon_core.shell:Skip shell extension 'powershell' for command environment: Not usable outside of PowerShell
[0.585s] DEBUG:colcon.colcon_core.shell:Skip shell extension 'dsv' for command environment
[0.591s] INFO:colcon.colcon_ros.task.ament_cmake.build:Building ROS package in '/mnt/nova_ssd/workspaces/pcl_ws/src/pointcloud_to_laserscan' with build type 'ament_cmake'
[0.592s] INFO:colcon.colcon_cmake.task.cmake.build:Building CMake package in '/mnt/nova_ssd/workspaces/pcl_ws/src/pointcloud_to_laserscan'
[0.592s] INFO:colcon.colcon_core.shell:Skip shell extension 'powershell' for command environment: Not usable outside of PowerShell
[0.592s] DEBUG:colcon.colcon_core.shell:Skip shell extension 'dsv' for command environment
[1.003s] INFO:colcon.colcon_core.task.python.build:Building Python package in '/mnt/nova_ssd/workspaces/pcl_ws/src/livox_tf'
[1.003s] INFO:colcon.colcon_core.shell:Skip shell extension 'powershell' for command environment: Not usable outside of PowerShell
[1.004s] DEBUG:colcon.colcon_core.shell:Skip shell extension 'dsv' for command environment
[1.390s] INFO:colcon.colcon_core.task.python.build:Building Python package in '/mnt/nova_ssd/workspaces/pcl_ws/src/my_package'
[1.390s] INFO:colcon.colcon_core.shell:Skip shell extension 'powershell' for command environment: Not usable outside of PowerShell
[1.390s] DEBUG:colcon.colcon_core.shell:Skip shell extension 'dsv' for command environment
[1.414s] DEBUG:colcon.colcon_core.event_handler.log_command:Invoking command in '/mnt/nova_ssd/workspaces/pcl_ws/build/pcl_object_detection': CMAKE_PREFIX_PATH=/mnt/nova_ssd/workspaces/pcl_ws/install/pointcloud_to_laserscan:/mnt/nova_ssd/workspaces/pcl_ws/install/pcl_object_detection:/mnt/nova_ssd/workspaces/navigation/install/dwa_main:/mnt/nova_ssd/workspaces/navigation/install/dstar_main:/mnt/nova_ssd/workspaces/navigation/install/costmap_converter:/mnt/nova_ssd/workspaces/navigation/install/costmap_converter_msgs:/mnt/nova_ssd/workspaces/scout/install/scout_base:/mnt/nova_ssd/workspaces/pcl_ws/install/my_package:/mnt/nova_ssd/workspaces/pcl_ws/install/livox_tf:/opt/ros/humble:/mnt/nova_ssd/workspaces/scout/install/ugv_sdk:/mnt/nova_ssd/workspaces/scout/install/scout_msgs:/mnt/nova_ssd/workspaces/scout/install/scout_description /usr/bin/cmake --build /mnt/nova_ssd/workspaces/pcl_ws/build/pcl_object_detection -- -j12 -l12
[1.431s] DEBUG:colcon.colcon_core.event_handler.log_command:Invoking command in '/mnt/nova_ssd/workspaces/pcl_ws/build/pointcloud_to_laserscan': CMAKE_PREFIX_PATH=/mnt/nova_ssd/workspaces/pcl_ws/install/pointcloud_to_laserscan:/mnt/nova_ssd/workspaces/pcl_ws/install/pcl_object_detection:/mnt/nova_ssd/workspaces/navigation/install/dwa_main:/mnt/nova_ssd/workspaces/navigation/install/dstar_main:/mnt/nova_ssd/workspaces/navigation/install/costmap_converter:/mnt/nova_ssd/workspaces/navigation/install/costmap_converter_msgs:/mnt/nova_ssd/workspaces/scout/install/scout_base:/mnt/nova_ssd/workspaces/pcl_ws/install/my_package:/mnt/nova_ssd/workspaces/pcl_ws/install/livox_tf:/opt/ros/humble:/mnt/nova_ssd/workspaces/scout/install/ugv_sdk:/mnt/nova_ssd/workspaces/scout/install/scout_msgs:/mnt/nova_ssd/workspaces/scout/install/scout_description /usr/bin/cmake --build /mnt/nova_ssd/workspaces/pcl_ws/build/pointcloud_to_laserscan -- -j12 -l12
[1.604s] DEBUG:colcon.colcon_core.event_handler.log_command:Invoked command in '/mnt/nova_ssd/workspaces/pcl_ws/build/pcl_object_detection' returned '0': CMAKE_PREFIX_PATH=/mnt/nova_ssd/workspaces/pcl_ws/install/pointcloud_to_laserscan:/mnt/nova_ssd/workspaces/pcl_ws/install/pcl_object_detection:/mnt/nova_ssd/workspaces/navigation/install/dwa_main:/mnt/nova_ssd/workspaces/navigation/install/dstar_main:/mnt/nova_ssd/workspaces/navigation/install/costmap_converter:/mnt/nova_ssd/workspaces/navigation/install/costmap_converter_msgs:/mnt/nova_ssd/workspaces/scout/install/scout_base:/mnt/nova_ssd/workspaces/pcl_ws/install/my_package:/mnt/nova_ssd/workspaces/pcl_ws/install/livox_tf:/opt/ros/humble:/mnt/nova_ssd/workspaces/scout/install/ugv_sdk:/mnt/nova_ssd/workspaces/scout/install/scout_msgs:/mnt/nova_ssd/workspaces/scout/install/scout_description /usr/bin/cmake --build /mnt/nova_ssd/workspaces/pcl_ws/build/pcl_object_detection -- -j12 -l12
[1.636s] DEBUG:colcon.colcon_core.event_handler.log_command:Invoked command in '/mnt/nova_ssd/workspaces/pcl_ws/build/pointcloud_to_laserscan' returned '0': CMAKE_PREFIX_PATH=/mnt/nova_ssd/workspaces/pcl_ws/install/pointcloud_to_laserscan:/mnt/nova_ssd/workspaces/pcl_ws/install/pcl_object_detection:/mnt/nova_ssd/workspaces/navigation/install/dwa_main:/mnt/nova_ssd/workspaces/navigation/install/dstar_main:/mnt/nova_ssd/workspaces/navigation/install/costmap_converter:/mnt/nova_ssd/workspaces/navigation/install/costmap_converter_msgs:/mnt/nova_ssd/workspaces/scout/install/scout_base:/mnt/nova_ssd/workspaces/pcl_ws/install/my_package:/mnt/nova_ssd/workspaces/pcl_ws/install/livox_tf:/opt/ros/humble:/mnt/nova_ssd/workspaces/scout/install/ugv_sdk:/mnt/nova_ssd/workspaces/scout/install/scout_msgs:/mnt/nova_ssd/workspaces/scout/install/scout_description /usr/bin/cmake --build /mnt/nova_ssd/workspaces/pcl_ws/build/pointcloud_to_laserscan -- -j12 -l12
[1.665s] DEBUG:colcon.colcon_core.event_handler.log_command:Invoking command in '/mnt/nova_ssd/workspaces/pcl_ws/build/pcl_object_detection': CMAKE_PREFIX_PATH=/mnt/nova_ssd/workspaces/pcl_ws/install/pointcloud_to_laserscan:/mnt/nova_ssd/workspaces/pcl_ws/install/pcl_object_detection:/mnt/nova_ssd/workspaces/navigation/install/dwa_main:/mnt/nova_ssd/workspaces/navigation/install/dstar_main:/mnt/nova_ssd/workspaces/navigation/install/costmap_converter:/mnt/nova_ssd/workspaces/navigation/install/costmap_converter_msgs:/mnt/nova_ssd/workspaces/scout/install/scout_base:/mnt/nova_ssd/workspaces/pcl_ws/install/my_package:/mnt/nova_ssd/workspaces/pcl_ws/install/livox_tf:/opt/ros/humble:/mnt/nova_ssd/workspaces/scout/install/ugv_sdk:/mnt/nova_ssd/workspaces/scout/install/scout_msgs:/mnt/nova_ssd/workspaces/scout/install/scout_description /usr/bin/cmake --install /mnt/nova_ssd/workspaces/pcl_ws/build/pcl_object_detection
[1.679s] Level 1:colcon.colcon_core.environment:create_environment_scripts_only(pcl_object_detection)
[1.680s] DEBUG:colcon.colcon_core.event_handler.log_command:Invoked command in '/mnt/nova_ssd/workspaces/pcl_ws/build/pcl_object_detection' returned '0': CMAKE_PREFIX_PATH=/mnt/nova_ssd/workspaces/pcl_ws/install/pointcloud_to_laserscan:/mnt/nova_ssd/workspaces/pcl_ws/install/pcl_object_detection:/mnt/nova_ssd/workspaces/navigation/install/dwa_main:/mnt/nova_ssd/workspaces/navigation/install/dstar_main:/mnt/nova_ssd/workspaces/navigation/install/costmap_converter:/mnt/nova_ssd/workspaces/navigation/install/costmap_converter_msgs:/mnt/nova_ssd/workspaces/scout/install/scout_base:/mnt/nova_ssd/workspaces/pcl_ws/install/my_package:/mnt/nova_ssd/workspaces/pcl_ws/install/livox_tf:/opt/ros/humble:/mnt/nova_ssd/workspaces/scout/install/ugv_sdk:/mnt/nova_ssd/workspaces/scout/install/scout_msgs:/mnt/nova_ssd/workspaces/scout/install/scout_description /usr/bin/cmake --install /mnt/nova_ssd/workspaces/pcl_ws/build/pcl_object_detection
[1.683s] Level 1:colcon.colcon_core.environment:checking '/mnt/nova_ssd/workspaces/pcl_ws/install/pcl_object_detection' for CMake module files
[1.684s] Level 1:colcon.colcon_core.environment:checking '/mnt/nova_ssd/workspaces/pcl_ws/install/pcl_object_detection' for CMake config files
[1.685s] Level 1:colcon.colcon_core.shell:create_environment_hook('pcl_object_detection', 'cmake_prefix_path')
[1.685s] INFO:colcon.colcon_core.shell:Creating environment hook '/mnt/nova_ssd/workspaces/pcl_ws/install/pcl_object_detection/share/pcl_object_detection/hook/cmake_prefix_path.ps1'
[1.686s] INFO:colcon.colcon_core.shell:Creating environment descriptor '/mnt/nova_ssd/workspaces/pcl_ws/install/pcl_object_detection/share/pcl_object_detection/hook/cmake_prefix_path.dsv'
[1.686s] INFO:colcon.colcon_core.shell:Creating environment hook '/mnt/nova_ssd/workspaces/pcl_ws/install/pcl_object_detection/share/pcl_object_detection/hook/cmake_prefix_path.sh'
[1.687s] Level 1:colcon.colcon_core.environment:checking '/mnt/nova_ssd/workspaces/pcl_ws/install/pcl_object_detection/lib'
[1.688s] Level 1:colcon.colcon_core.shell:create_environment_hook('pcl_object_detection', 'ld_library_path_lib')
[1.688s] INFO:colcon.colcon_core.shell:Creating environment hook '/mnt/nova_ssd/workspaces/pcl_ws/install/pcl_object_detection/share/pcl_object_detection/hook/ld_library_path_lib.ps1'
[1.689s] INFO:colcon.colcon_core.shell:Creating environment descriptor '/mnt/nova_ssd/workspaces/pcl_ws/install/pcl_object_detection/share/pcl_object_detection/hook/ld_library_path_lib.dsv'
[1.689s] INFO:colcon.colcon_core.shell:Creating environment hook '/mnt/nova_ssd/workspaces/pcl_ws/install/pcl_object_detection/share/pcl_object_detection/hook/ld_library_path_lib.sh'
[1.690s] Level 1:colcon.colcon_core.environment:checking '/mnt/nova_ssd/workspaces/pcl_ws/install/pcl_object_detection/bin'
[1.690s] Level 1:colcon.colcon_core.environment:checking '/mnt/nova_ssd/workspaces/pcl_ws/install/pcl_object_detection/lib/pkgconfig/pcl_object_detection.pc'
[1.690s] Level 1:colcon.colcon_core.environment:checking '/mnt/nova_ssd/workspaces/pcl_ws/install/pcl_object_detection/lib/python3.10/site-packages'
[1.691s] Level 1:colcon.colcon_core.environment:checking '/mnt/nova_ssd/workspaces/pcl_ws/install/pcl_object_detection/bin'
[1.691s] INFO:colcon.colcon_core.shell:Creating package script '/mnt/nova_ssd/workspaces/pcl_ws/install/pcl_object_detection/share/pcl_object_detection/package.ps1'
[1.693s] INFO:colcon.colcon_core.shell:Creating package descriptor '/mnt/nova_ssd/workspaces/pcl_ws/install/pcl_object_detection/share/pcl_object_detection/package.dsv'
[1.694s] INFO:colcon.colcon_core.shell:Creating package script '/mnt/nova_ssd/workspaces/pcl_ws/install/pcl_object_detection/share/pcl_object_detection/package.sh'
[1.695s] INFO:colcon.colcon_core.shell:Creating package script '/mnt/nova_ssd/workspaces/pcl_ws/install/pcl_object_detection/share/pcl_object_detection/package.bash'
[1.696s] INFO:colcon.colcon_core.shell:Creating package script '/mnt/nova_ssd/workspaces/pcl_ws/install/pcl_object_detection/share/pcl_object_detection/package.zsh'
[1.696s] Level 1:colcon.colcon_core.environment:create_file_with_runtime_dependencies(/mnt/nova_ssd/workspaces/pcl_ws/install/pcl_object_detection/share/colcon-core/packages/pcl_object_detection)
[1.701s] DEBUG:colcon.colcon_core.event_handler.log_command:Invoking command in '/mnt/nova_ssd/workspaces/pcl_ws/build/pointcloud_to_laserscan': CMAKE_PREFIX_PATH=/mnt/nova_ssd/workspaces/pcl_ws/install/pointcloud_to_laserscan:/mnt/nova_ssd/workspaces/pcl_ws/install/pcl_object_detection:/mnt/nova_ssd/workspaces/navigation/install/dwa_main:/mnt/nova_ssd/workspaces/navigation/install/dstar_main:/mnt/nova_ssd/workspaces/navigation/install/costmap_converter:/mnt/nova_ssd/workspaces/navigation/install/costmap_converter_msgs:/mnt/nova_ssd/workspaces/scout/install/scout_base:/mnt/nova_ssd/workspaces/pcl_ws/install/my_package:/mnt/nova_ssd/workspaces/pcl_ws/install/livox_tf:/opt/ros/humble:/mnt/nova_ssd/workspaces/scout/install/ugv_sdk:/mnt/nova_ssd/workspaces/scout/install/scout_msgs:/mnt/nova_ssd/workspaces/scout/install/scout_description /usr/bin/cmake --install /mnt/nova_ssd/workspaces/pcl_ws/build/pointcloud_to_laserscan
[1.719s] Level 1:colcon.colcon_core.environment:create_environment_scripts_only(pointcloud_to_laserscan)
[1.720s] Level 1:colcon.colcon_core.environment:checking '/mnt/nova_ssd/workspaces/pcl_ws/install/pointcloud_to_laserscan' for CMake module files
[1.721s] DEBUG:colcon.colcon_core.event_handler.log_command:Invoked command in '/mnt/nova_ssd/workspaces/pcl_ws/build/pointcloud_to_laserscan' returned '0': CMAKE_PREFIX_PATH=/mnt/nova_ssd/workspaces/pcl_ws/install/pointcloud_to_laserscan:/mnt/nova_ssd/workspaces/pcl_ws/install/pcl_object_detection:/mnt/nova_ssd/workspaces/navigation/install/dwa_main:/mnt/nova_ssd/workspaces/navigation/install/dstar_main:/mnt/nova_ssd/workspaces/navigation/install/costmap_converter:/mnt/nova_ssd/workspaces/navigation/install/costmap_converter_msgs:/mnt/nova_ssd/workspaces/scout/install/scout_base:/mnt/nova_ssd/workspaces/pcl_ws/install/my_package:/mnt/nova_ssd/workspaces/pcl_ws/install/livox_tf:/opt/ros/humble:/mnt/nova_ssd/workspaces/scout/install/ugv_sdk:/mnt/nova_ssd/workspaces/scout/install/scout_msgs:/mnt/nova_ssd/workspaces/scout/install/scout_description /usr/bin/cmake --install /mnt/nova_ssd/workspaces/pcl_ws/build/pointcloud_to_laserscan
[1.721s] Level 1:colcon.colcon_core.environment:checking '/mnt/nova_ssd/workspaces/pcl_ws/install/pointcloud_to_laserscan' for CMake config files
[1.722s] Level 1:colcon.colcon_core.shell:create_environment_hook('pointcloud_to_laserscan', 'cmake_prefix_path')
[1.722s] INFO:colcon.colcon_core.shell:Creating environment hook '/mnt/nova_ssd/workspaces/pcl_ws/install/pointcloud_to_laserscan/share/pointcloud_to_laserscan/hook/cmake_prefix_path.ps1'
[1.723s] INFO:colcon.colcon_core.shell:Creating environment descriptor '/mnt/nova_ssd/workspaces/pcl_ws/install/pointcloud_to_laserscan/share/pointcloud_to_laserscan/hook/cmake_prefix_path.dsv'
[1.723s] INFO:colcon.colcon_core.shell:Creating environment hook '/mnt/nova_ssd/workspaces/pcl_ws/install/pointcloud_to_laserscan/share/pointcloud_to_laserscan/hook/cmake_prefix_path.sh'
[1.724s] Level 1:colcon.colcon_core.environment:checking '/mnt/nova_ssd/workspaces/pcl_ws/install/pointcloud_to_laserscan/lib'
[1.724s] Level 1:colcon.colcon_core.shell:create_environment_hook('pointcloud_to_laserscan', 'ld_library_path_lib')
[1.725s] INFO:colcon.colcon_core.shell:Creating environment hook '/mnt/nova_ssd/workspaces/pcl_ws/install/pointcloud_to_laserscan/share/pointcloud_to_laserscan/hook/ld_library_path_lib.ps1'
[1.725s] INFO:colcon.colcon_core.shell:Creating environment descriptor '/mnt/nova_ssd/workspaces/pcl_ws/install/pointcloud_to_laserscan/share/pointcloud_to_laserscan/hook/ld_library_path_lib.dsv'
[1.726s] INFO:colcon.colcon_core.shell:Creating environment hook '/mnt/nova_ssd/workspaces/pcl_ws/install/pointcloud_to_laserscan/share/pointcloud_to_laserscan/hook/ld_library_path_lib.sh'
[1.726s] Level 1:colcon.colcon_core.environment:checking '/mnt/nova_ssd/workspaces/pcl_ws/install/pointcloud_to_laserscan/bin'
[1.726s] Level 1:colcon.colcon_core.environment:checking '/mnt/nova_ssd/workspaces/pcl_ws/install/pointcloud_to_laserscan/lib/pkgconfig/pointcloud_to_laserscan.pc'
[1.727s] Level 1:colcon.colcon_core.environment:checking '/mnt/nova_ssd/workspaces/pcl_ws/install/pointcloud_to_laserscan/lib/python3.10/site-packages'
[1.727s] Level 1:colcon.colcon_core.environment:checking '/mnt/nova_ssd/workspaces/pcl_ws/install/pointcloud_to_laserscan/bin'
[1.727s] INFO:colcon.colcon_core.shell:Creating package script '/mnt/nova_ssd/workspaces/pcl_ws/install/pointcloud_to_laserscan/share/pointcloud_to_laserscan/package.ps1'
[1.728s] INFO:colcon.colcon_core.shell:Creating package descriptor '/mnt/nova_ssd/workspaces/pcl_ws/install/pointcloud_to_laserscan/share/pointcloud_to_laserscan/package.dsv'
[1.729s] INFO:colcon.colcon_core.shell:Creating package script '/mnt/nova_ssd/workspaces/pcl_ws/install/pointcloud_to_laserscan/share/pointcloud_to_laserscan/package.sh'
[1.729s] INFO:colcon.colcon_core.shell:Creating package script '/mnt/nova_ssd/workspaces/pcl_ws/install/pointcloud_to_laserscan/share/pointcloud_to_laserscan/package.bash'
[1.730s] INFO:colcon.colcon_core.shell:Creating package script '/mnt/nova_ssd/workspaces/pcl_ws/install/pointcloud_to_laserscan/share/pointcloud_to_laserscan/package.zsh'
[1.730s] Level 1:colcon.colcon_core.environment:create_file_with_runtime_dependencies(/mnt/nova_ssd/workspaces/pcl_ws/install/pointcloud_to_laserscan/share/colcon-core/packages/pointcloud_to_laserscan)
[1.741s] Level 1:colcon.colcon_core.environment:create_environment_scripts_only(pcl_object_detection)
[1.741s] Level 1:colcon.colcon_core.environment:checking '/mnt/nova_ssd/workspaces/pcl_ws/install/pcl_object_detection' for CMake module files
[1.742s] Level 1:colcon.colcon_core.environment:checking '/mnt/nova_ssd/workspaces/pcl_ws/install/pcl_object_detection' for CMake config files
[1.742s] Level 1:colcon.colcon_core.shell:create_environment_hook('pcl_object_detection', 'cmake_prefix_path')
[1.743s] INFO:colcon.colcon_core.shell:Creating environment hook '/mnt/nova_ssd/workspaces/pcl_ws/install/pcl_object_detection/share/pcl_object_detection/hook/cmake_prefix_path.ps1'
[1.743s] INFO:colcon.colcon_core.shell:Creating environment descriptor '/mnt/nova_ssd/workspaces/pcl_ws/install/pcl_object_detection/share/pcl_object_detection/hook/cmake_prefix_path.dsv'
[1.744s] INFO:colcon.colcon_core.shell:Creating environment hook '/mnt/nova_ssd/workspaces/pcl_ws/install/pcl_object_detection/share/pcl_object_detection/hook/cmake_prefix_path.sh'
[1.745s] Level 1:colcon.colcon_core.environment:checking '/mnt/nova_ssd/workspaces/pcl_ws/install/pcl_object_detection/lib'
[1.745s] Level 1:colcon.colcon_core.shell:create_environment_hook('pcl_object_detection', 'ld_library_path_lib')
[1.745s] INFO:colcon.colcon_core.shell:Creating environment hook '/mnt/nova_ssd/workspaces/pcl_ws/install/pcl_object_detection/share/pcl_object_detection/hook/ld_library_path_lib.ps1'
[1.746s] INFO:colcon.colcon_core.shell:Creating environment descriptor '/mnt/nova_ssd/workspaces/pcl_ws/install/pcl_object_detection/share/pcl_object_detection/hook/ld_library_path_lib.dsv'
[1.746s] INFO:colcon.colcon_core.shell:Creating environment hook '/mnt/nova_ssd/workspaces/pcl_ws/install/pcl_object_detection/share/pcl_object_detection/hook/ld_library_path_lib.sh'
[1.747s] Level 1:colcon.colcon_core.environment:checking '/mnt/nova_ssd/workspaces/pcl_ws/install/pcl_object_detection/bin'
[1.747s] Level 1:colcon.colcon_core.environment:checking '/mnt/nova_ssd/workspaces/pcl_ws/install/pcl_object_detection/lib/pkgconfig/pcl_object_detection.pc'
[1.747s] Level 1:colcon.colcon_core.environment:checking '/mnt/nova_ssd/workspaces/pcl_ws/install/pcl_object_detection/lib/python3.10/site-packages'
[1.747s] Level 1:colcon.colcon_core.environment:checking '/mnt/nova_ssd/workspaces/pcl_ws/install/pcl_object_detection/bin'
[1.748s] INFO:colcon.colcon_core.shell:Creating package script '/mnt/nova_ssd/workspaces/pcl_ws/install/pcl_object_detection/share/pcl_object_detection/package.ps1'
[1.749s] INFO:colcon.colcon_core.shell:Creating package descriptor '/mnt/nova_ssd/workspaces/pcl_ws/install/pcl_object_detection/share/pcl_object_detection/package.dsv'
[1.749s] INFO:colcon.colcon_core.shell:Creating package script '/mnt/nova_ssd/workspaces/pcl_ws/install/pcl_object_detection/share/pcl_object_detection/package.sh'
[1.750s] INFO:colcon.colcon_core.shell:Creating package script '/mnt/nova_ssd/workspaces/pcl_ws/install/pcl_object_detection/share/pcl_object_detection/package.bash'
[1.751s] INFO:colcon.colcon_core.shell:Creating package script '/mnt/nova_ssd/workspaces/pcl_ws/install/pcl_object_detection/share/pcl_object_detection/package.zsh'
[1.751s] Level 1:colcon.colcon_core.environment:create_file_with_runtime_dependencies(/mnt/nova_ssd/workspaces/pcl_ws/install/pcl_object_detection/share/colcon-core/packages/pcl_object_detection)
[1.798s] Level 1:colcon.colcon_core.environment:create_environment_scripts_only(pointcloud_to_laserscan)
[1.799s] Level 1:colcon.colcon_core.environment:checking '/mnt/nova_ssd/workspaces/pcl_ws/install/pointcloud_to_laserscan' for CMake module files
[1.800s] Level 1:colcon.colcon_core.environment:checking '/mnt/nova_ssd/workspaces/pcl_ws/install/pointcloud_to_laserscan' for CMake config files
[1.800s] Level 1:colcon.colcon_core.shell:create_environment_hook('pointcloud_to_laserscan', 'cmake_prefix_path')
[1.801s] INFO:colcon.colcon_core.shell:Creating environment hook '/mnt/nova_ssd/workspaces/pcl_ws/install/pointcloud_to_laserscan/share/pointcloud_to_laserscan/hook/cmake_prefix_path.ps1'
[1.802s] INFO:colcon.colcon_core.shell:Creating environment descriptor '/mnt/nova_ssd/workspaces/pcl_ws/install/pointcloud_to_laserscan/share/pointcloud_to_laserscan/hook/cmake_prefix_path.dsv'
[1.802s] INFO:colcon.colcon_core.shell:Creating environment hook '/mnt/nova_ssd/workspaces/pcl_ws/install/pointcloud_to_laserscan/share/pointcloud_to_laserscan/hook/cmake_prefix_path.sh'
[1.803s] Level 1:colcon.colcon_core.environment:checking '/mnt/nova_ssd/workspaces/pcl_ws/install/pointcloud_to_laserscan/lib'
[1.803s] Level 1:colcon.colcon_core.shell:create_environment_hook('pointcloud_to_laserscan', 'ld_library_path_lib')
[1.804s] INFO:colcon.colcon_core.shell:Creating environment hook '/mnt/nova_ssd/workspaces/pcl_ws/install/pointcloud_to_laserscan/share/pointcloud_to_laserscan/hook/ld_library_path_lib.ps1'
[1.804s] INFO:colcon.colcon_core.shell:Creating environment descriptor '/mnt/nova_ssd/workspaces/pcl_ws/install/pointcloud_to_laserscan/share/pointcloud_to_laserscan/hook/ld_library_path_lib.dsv'
[1.805s] INFO:colcon.colcon_core.shell:Creating environment hook '/mnt/nova_ssd/workspaces/pcl_ws/install/pointcloud_to_laserscan/share/pointcloud_to_laserscan/hook/ld_library_path_lib.sh'
[1.805s] Level 1:colcon.colcon_core.environment:checking '/mnt/nova_ssd/workspaces/pcl_ws/install/pointcloud_to_laserscan/bin'
[1.805s] Level 1:colcon.colcon_core.environment:checking '/mnt/nova_ssd/workspaces/pcl_ws/install/pointcloud_to_laserscan/lib/pkgconfig/pointcloud_to_laserscan.pc'
[1.806s] Level 1:colcon.colcon_core.environment:checking '/mnt/nova_ssd/workspaces/pcl_ws/install/pointcloud_to_laserscan/lib/python3.10/site-packages'
[1.806s] Level 1:colcon.colcon_core.environment:checking '/mnt/nova_ssd/workspaces/pcl_ws/install/pointcloud_to_laserscan/bin'
[1.807s] INFO:colcon.colcon_core.shell:Creating package script '/mnt/nova_ssd/workspaces/pcl_ws/install/pointcloud_to_laserscan/share/pointcloud_to_laserscan/package.ps1'
[1.808s] INFO:colcon.colcon_core.shell:Creating package descriptor '/mnt/nova_ssd/workspaces/pcl_ws/install/pointcloud_to_laserscan/share/pointcloud_to_laserscan/package.dsv'
[1.808s] INFO:colcon.colcon_core.shell:Creating package script '/mnt/nova_ssd/workspaces/pcl_ws/install/pointcloud_to_laserscan/share/pointcloud_to_laserscan/package.sh'
[1.809s] INFO:colcon.colcon_core.shell:Creating package script '/mnt/nova_ssd/workspaces/pcl_ws/install/pointcloud_to_laserscan/share/pointcloud_to_laserscan/package.bash'
[1.810s] INFO:colcon.colcon_core.shell:Creating package script '/mnt/nova_ssd/workspaces/pcl_ws/install/pointcloud_to_laserscan/share/pointcloud_to_laserscan/package.zsh'
[1.811s] Level 1:colcon.colcon_core.environment:create_file_with_runtime_dependencies(/mnt/nova_ssd/workspaces/pcl_ws/install/pointcloud_to_laserscan/share/colcon-core/packages/pointcloud_to_laserscan)
[1.951s] DEBUG:colcon.colcon_core.event_handler.log_command:Invoking command in '/mnt/nova_ssd/workspaces/pcl_ws/src/livox_tf': PYTHONPATH=/mnt/nova_ssd/workspaces/pcl_ws/build/livox_tf/prefix_override:/usr/lib/python3/dist-packages/colcon_core/task/python/colcon_distutils_commands:/mnt/nova_ssd/workspaces/pcl_ws/install/livox_tf/lib/python3.10/site-packages:${PYTHONPATH} /usr/bin/python3 -W ignore:setup.py install is deprecated setup.py egg_info --egg-base ../../build/livox_tf build --build-base /mnt/nova_ssd/workspaces/pcl_ws/build/livox_tf/build install --record /mnt/nova_ssd/workspaces/pcl_ws/build/livox_tf/install.log --single-version-externally-managed install_data
[2.026s] DEBUG:colcon.colcon_core.event_handler.log_command:Invoking command in '/mnt/nova_ssd/workspaces/pcl_ws/src/my_package': PYTHONPATH=/mnt/nova_ssd/workspaces/pcl_ws/build/my_package/prefix_override:/usr/lib/python3/dist-packages/colcon_core/task/python/colcon_distutils_commands:/mnt/nova_ssd/workspaces/pcl_ws/install/my_package/lib/python3.10/site-packages:${PYTHONPATH} /usr/bin/python3 -W ignore:setup.py install is deprecated setup.py egg_info --egg-base ../../build/my_package build --build-base /mnt/nova_ssd/workspaces/pcl_ws/build/my_package/build install --record /mnt/nova_ssd/workspaces/pcl_ws/build/my_package/install.log --single-version-externally-managed install_data
[2.398s] Level 1:colcon.colcon_core.environment:checking '/mnt/nova_ssd/workspaces/pcl_ws/install/livox_tf' for CMake module files
[2.400s] DEBUG:colcon.colcon_core.event_handler.log_command:Invoked command in '/mnt/nova_ssd/workspaces/pcl_ws/src/livox_tf' returned '0': PYTHONPATH=/mnt/nova_ssd/workspaces/pcl_ws/build/livox_tf/prefix_override:/usr/lib/python3/dist-packages/colcon_core/task/python/colcon_distutils_commands:/mnt/nova_ssd/workspaces/pcl_ws/install/livox_tf/lib/python3.10/site-packages:${PYTHONPATH} /usr/bin/python3 -W ignore:setup.py install is deprecated setup.py egg_info --egg-base ../../build/livox_tf build --build-base /mnt/nova_ssd/workspaces/pcl_ws/build/livox_tf/build install --record /mnt/nova_ssd/workspaces/pcl_ws/build/livox_tf/install.log --single-version-externally-managed install_data
[2.401s] Level 1:colcon.colcon_core.environment:checking '/mnt/nova_ssd/workspaces/pcl_ws/install/livox_tf' for CMake config files
[2.403s] Level 1:colcon.colcon_core.environment:checking '/mnt/nova_ssd/workspaces/pcl_ws/install/livox_tf/lib'
[2.403s] Level 1:colcon.colcon_core.environment:checking '/mnt/nova_ssd/workspaces/pcl_ws/install/livox_tf/bin'
[2.403s] Level 1:colcon.colcon_core.environment:checking '/mnt/nova_ssd/workspaces/pcl_ws/install/livox_tf/lib/pkgconfig/livox_tf.pc'
[2.404s] Level 1:colcon.colcon_core.environment:checking '/mnt/nova_ssd/workspaces/pcl_ws/install/livox_tf/lib/python3.10/site-packages'
[2.404s] Level 1:colcon.colcon_core.shell:create_environment_hook('livox_tf', 'pythonpath')
[2.404s] INFO:colcon.colcon_core.shell:Creating environment hook '/mnt/nova_ssd/workspaces/pcl_ws/install/livox_tf/share/livox_tf/hook/pythonpath.ps1'
[2.405s] INFO:colcon.colcon_core.shell:Creating environment descriptor '/mnt/nova_ssd/workspaces/pcl_ws/install/livox_tf/share/livox_tf/hook/pythonpath.dsv'
[2.406s] INFO:colcon.colcon_core.shell:Creating environment hook '/mnt/nova_ssd/workspaces/pcl_ws/install/livox_tf/share/livox_tf/hook/pythonpath.sh'
[2.408s] Level 1:colcon.colcon_core.environment:checking '/mnt/nova_ssd/workspaces/pcl_ws/install/livox_tf/bin'
[2.408s] Level 1:colcon.colcon_core.environment:create_environment_scripts_only(livox_tf)
[2.409s] INFO:colcon.colcon_core.shell:Creating package script '/mnt/nova_ssd/workspaces/pcl_ws/install/livox_tf/share/livox_tf/package.ps1'
[2.409s] INFO:colcon.colcon_core.shell:Creating package descriptor '/mnt/nova_ssd/workspaces/pcl_ws/install/livox_tf/share/livox_tf/package.dsv'
[2.410s] INFO:colcon.colcon_core.shell:Creating package script '/mnt/nova_ssd/workspaces/pcl_ws/install/livox_tf/share/livox_tf/package.sh'
[2.411s] INFO:colcon.colcon_core.shell:Creating package script '/mnt/nova_ssd/workspaces/pcl_ws/install/livox_tf/share/livox_tf/package.bash'
[2.412s] INFO:colcon.colcon_core.shell:Creating package script '/mnt/nova_ssd/workspaces/pcl_ws/install/livox_tf/share/livox_tf/package.zsh'
[2.413s] Level 1:colcon.colcon_core.environment:create_file_with_runtime_dependencies(/mnt/nova_ssd/workspaces/pcl_ws/install/livox_tf/share/colcon-core/packages/livox_tf)
[2.469s] Level 1:colcon.colcon_core.environment:checking '/mnt/nova_ssd/workspaces/pcl_ws/install/my_package' for CMake module files
[2.471s] DEBUG:colcon.colcon_core.event_handler.log_command:Invoked command in '/mnt/nova_ssd/workspaces/pcl_ws/src/my_package' returned '0': PYTHONPATH=/mnt/nova_ssd/workspaces/pcl_ws/build/my_package/prefix_override:/usr/lib/python3/dist-packages/colcon_core/task/python/colcon_distutils_commands:/mnt/nova_ssd/workspaces/pcl_ws/install/my_package/lib/python3.10/site-packages:${PYTHONPATH} /usr/bin/python3 -W ignore:setup.py install is deprecated setup.py egg_info --egg-base ../../build/my_package build --build-base /mnt/nova_ssd/workspaces/pcl_ws/build/my_package/build install --record /mnt/nova_ssd/workspaces/pcl_ws/build/my_package/install.log --single-version-externally-managed install_data
[2.472s] Level 1:colcon.colcon_core.environment:checking '/mnt/nova_ssd/workspaces/pcl_ws/install/my_package' for CMake config files
[2.474s] Level 1:colcon.colcon_core.environment:checking '/mnt/nova_ssd/workspaces/pcl_ws/install/my_package/lib'
[2.474s] Level 1:colcon.colcon_core.environment:checking '/mnt/nova_ssd/workspaces/pcl_ws/install/my_package/bin'
[2.475s] Level 1:colcon.colcon_core.environment:checking '/mnt/nova_ssd/workspaces/pcl_ws/install/my_package/lib/pkgconfig/my_package.pc'
[2.476s] Level 1:colcon.colcon_core.environment:checking '/mnt/nova_ssd/workspaces/pcl_ws/install/my_package/lib/python3.10/site-packages'
[2.476s] Level 1:colcon.colcon_core.shell:create_environment_hook('my_package', 'pythonpath')
[2.477s] INFO:colcon.colcon_core.shell:Creating environment hook '/mnt/nova_ssd/workspaces/pcl_ws/install/my_package/share/my_package/hook/pythonpath.ps1'
[2.478s] INFO:colcon.colcon_core.shell:Creating environment descriptor '/mnt/nova_ssd/workspaces/pcl_ws/install/my_package/share/my_package/hook/pythonpath.dsv'
[2.479s] INFO:colcon.colcon_core.shell:Creating environment hook '/mnt/nova_ssd/workspaces/pcl_ws/install/my_package/share/my_package/hook/pythonpath.sh'
[2.481s] Level 1:colcon.colcon_core.environment:checking '/mnt/nova_ssd/workspaces/pcl_ws/install/my_package/bin'
[2.482s] Level 1:colcon.colcon_core.environment:create_environment_scripts_only(my_package)
[2.483s] INFO:colcon.colcon_core.shell:Creating package script '/mnt/nova_ssd/workspaces/pcl_ws/install/my_package/share/my_package/package.ps1'
[2.483s] INFO:colcon.colcon_core.shell:Creating package descriptor '/mnt/nova_ssd/workspaces/pcl_ws/install/my_package/share/my_package/package.dsv'
[2.484s] INFO:colcon.colcon_core.shell:Creating package script '/mnt/nova_ssd/workspaces/pcl_ws/install/my_package/share/my_package/package.sh'
[2.485s] INFO:colcon.colcon_core.shell:Creating package script '/mnt/nova_ssd/workspaces/pcl_ws/install/my_package/share/my_package/package.bash'
[2.486s] INFO:colcon.colcon_core.shell:Creating package script '/mnt/nova_ssd/workspaces/pcl_ws/install/my_package/share/my_package/package.zsh'
[2.487s] Level 1:colcon.colcon_core.environment:create_file_with_runtime_dependencies(/mnt/nova_ssd/workspaces/pcl_ws/install/my_package/share/colcon-core/packages/my_package)
[2.488s] DEBUG:colcon.colcon_parallel_executor.executor.parallel:closing loop
[2.488s] DEBUG:colcon.colcon_parallel_executor.executor.parallel:loop closed
[2.488s] DEBUG:colcon.colcon_parallel_executor.executor.parallel:run_until_complete finished with '0'
[2.488s] DEBUG:colcon.colcon_core.event_reactor:joining thread
[2.505s] INFO:colcon.colcon_core.plugin_system:Skipping extension 'colcon_notification.desktop_notification.terminal_notifier': Not used on non-Darwin systems
[2.506s] INFO:colcon.colcon_core.plugin_system:Skipping extension 'colcon_notification.desktop_notification.win32': Not used on non-Windows systems
[2.506s] INFO:colcon.colcon_notification.desktop_notification:Sending desktop notification using 'notify2'
[2.535s] DEBUG:colcon.colcon_core.event_reactor:joined thread
[2.536s] INFO:colcon.colcon_core.shell:Creating prefix script '/mnt/nova_ssd/workspaces/pcl_ws/install/local_setup.ps1'
[2.540s] INFO:colcon.colcon_core.shell:Creating prefix util module '/mnt/nova_ssd/workspaces/pcl_ws/install/_local_setup_util_ps1.py'
[2.542s] INFO:colcon.colcon_core.shell:Creating prefix chain script '/mnt/nova_ssd/workspaces/pcl_ws/install/setup.ps1'
[2.548s] INFO:colcon.colcon_core.shell:Creating prefix script '/mnt/nova_ssd/workspaces/pcl_ws/install/local_setup.sh'
[2.548s] INFO:colcon.colcon_core.shell:Creating prefix util module '/mnt/nova_ssd/workspaces/pcl_ws/install/_local_setup_util_sh.py'
[2.549s] INFO:colcon.colcon_core.shell:Creating prefix chain script '/mnt/nova_ssd/workspaces/pcl_ws/install/setup.sh'
[2.553s] INFO:colcon.colcon_core.shell:Creating prefix script '/mnt/nova_ssd/workspaces/pcl_ws/install/local_setup.bash'
[2.554s] INFO:colcon.colcon_core.shell:Creating prefix chain script '/mnt/nova_ssd/workspaces/pcl_ws/install/setup.bash'
[2.558s] INFO:colcon.colcon_core.shell:Creating prefix script '/mnt/nova_ssd/workspaces/pcl_ws/install/local_setup.zsh'
[2.559s] INFO:colcon.colcon_core.shell:Creating prefix chain script '/mnt/nova_ssd/workspaces/pcl_ws/install/setup.zsh'
