[0.191s] DEBUG:colcon:Command line arguments: ['/usr/bin/colcon', 'build']
[0.192s] DEBUG:colcon:Parsed command line arguments: Namespace(log_base=None, log_level=None, verb_name='build', build_base='build', install_base='install', merge_install=False, symlink_install=False, test_result_base=None, continue_on_error=False, executor='parallel', parallel_workers=12, event_handlers=None, ignore_user_meta=False, metas=['./colcon.meta'], base_paths=['.'], packages_ignore=None, packages_ignore_regex=None, paths=None, packages_up_to=None, packages_up_to_regex=None, packages_above=None, packages_above_and_dependencies=None, packages_above_depth=None, packages_select_by_dep=None, packages_skip_by_dep=None, packages_skip_up_to=None, packages_select_build_failed=False, packages_skip_build_finished=False, packages_select_test_failures=False, packages_skip_test_passed=False, packages_select=None, packages_skip=None, packages_select_regex=None, packages_skip_regex=None, packages_start=None, packages_end=None, allow_overriding=[], cmake_args=None, cmake_target=None, cmake_target_skip_unavailable=False, cmake_clean_cache=False, cmake_clean_first=False, cmake_force_configure=False, ament_cmake_args=None, catkin_cmake_args=None, catkin_skip_building_tests=False, mixin_files=None, mixin=None, verb_parser=<colcon_mixin.mixin.mixin_argument.MixinArgumentDecorator object at 0xffffa51ea770>, verb_extension=<colcon_core.verb.build.BuildVerb object at 0xffffa5302e90>, main=<bound method BuildVerb.main of <colcon_core.verb.build.BuildVerb object at 0xffffa5302e90>>, mixin_verb=('build',))
[0.469s] Level 1:colcon.colcon_core.package_discovery:discover_packages(colcon_meta) check parameters
[0.470s] Level 1:colcon.colcon_core.package_discovery:discover_packages(recursive) check parameters
[0.470s] Level 1:colcon.colcon_core.package_discovery:discover_packages(ignore) check parameters
[0.470s] Level 1:colcon.colcon_core.package_discovery:discover_packages(path) check parameters
[0.471s] Level 1:colcon.colcon_core.package_discovery:discover_packages(colcon_meta) discover
[0.471s] Level 1:colcon.colcon_core.package_discovery:discover_packages(recursive) discover
[0.472s] INFO:colcon.colcon_core.package_discovery:Crawling recursively for packages in '/mnt/nova_ssd/workspaces/pcl_ws/src/pointcloud_to_laserscan'
[0.472s] Level 1:colcon.colcon_core.package_identification:_identify(.) by extensions ['ignore', 'ignore_ament_install']
[0.473s] Level 1:colcon.colcon_core.package_identification:_identify(.) by extension 'ignore'
[0.473s] Level 1:colcon.colcon_core.package_identification:_identify(.) by extension 'ignore_ament_install'
[0.474s] Level 1:colcon.colcon_core.package_identification:_identify(.) by extensions ['colcon_pkg']
[0.474s] Level 1:colcon.colcon_core.package_identification:_identify(.) by extension 'colcon_pkg'
[0.475s] Level 1:colcon.colcon_core.package_identification:_identify(.) by extensions ['colcon_meta']
[0.475s] Level 1:colcon.colcon_core.package_identification:_identify(.) by extension 'colcon_meta'
[0.475s] Level 1:colcon.colcon_core.package_identification:_identify(.) by extensions ['ros']
[0.476s] Level 1:colcon.colcon_core.package_identification:_identify(.) by extension 'ros'
[0.500s] DEBUG:colcon.colcon_core.package_identification:Package '.' with type 'ros.ament_cmake' and name 'pointcloud_to_laserscan'
[0.500s] Level 1:colcon.colcon_core.package_discovery:discover_packages(recursive) using defaults
[0.500s] Level 1:colcon.colcon_core.package_discovery:discover_packages(ignore) discover
[0.500s] Level 1:colcon.colcon_core.package_discovery:discover_packages(ignore) using defaults
[0.501s] Level 1:colcon.colcon_core.package_discovery:discover_packages(path) discover
[0.501s] Level 1:colcon.colcon_core.package_discovery:discover_packages(path) using defaults
[0.537s] Level 1:colcon.colcon_core.package_discovery:discover_packages(prefix_path) check parameters
[0.538s] Level 1:colcon.colcon_core.package_discovery:discover_packages(prefix_path) discover
[0.543s] DEBUG:colcon.colcon_installed_package_information.package_discovery:Found 1 installed packages in /mnt/nova_ssd/workspaces/texttopoint_ws/install
[0.544s] DEBUG:colcon.colcon_installed_package_information.package_discovery:Found 1 installed packages in /mnt/nova_ssd/workspaces/kiss-icp_ws/install
[0.544s] DEBUG:colcon.colcon_installed_package_information.package_discovery:Found 1 installed packages in /mnt/nova_ssd/workspaces/3d_lidar/src/ws_livox/install
[0.545s] DEBUG:colcon.colcon_installed_package_information.package_discovery:Found 4 installed packages in /mnt/nova_ssd/workspaces/scout/install
[0.546s] DEBUG:colcon.colcon_installed_package_information.package_discovery:Found 4 installed packages in /mnt/nova_ssd/workspaces/navigation/install
[0.547s] DEBUG:colcon.colcon_installed_package_information.package_discovery:Found 1 installed packages in /mnt/nova_ssd/workspaces/octomap_ws/install
[0.548s] DEBUG:colcon.colcon_installed_package_information.package_discovery:Found 5 installed packages in /mnt/nova_ssd/workspaces/pcl_ws/install
[0.550s] DEBUG:colcon.colcon_installed_package_information.package_discovery:Found 363 installed packages in /opt/ros/humble
[0.579s] Level 1:colcon.colcon_core.package_discovery:discover_packages(prefix_path) using defaults
[0.652s] Level 5:colcon.colcon_core.verb:set package 'pointcloud_to_laserscan' build argument 'cmake_args' from command line to 'None'
[0.652s] Level 5:colcon.colcon_core.verb:set package 'pointcloud_to_laserscan' build argument 'cmake_target' from command line to 'None'
[0.652s] Level 5:colcon.colcon_core.verb:set package 'pointcloud_to_laserscan' build argument 'cmake_target_skip_unavailable' from command line to 'False'
[0.652s] Level 5:colcon.colcon_core.verb:set package 'pointcloud_to_laserscan' build argument 'cmake_clean_cache' from command line to 'False'
[0.652s] Level 5:colcon.colcon_core.verb:set package 'pointcloud_to_laserscan' build argument 'cmake_clean_first' from command line to 'False'
[0.652s] Level 5:colcon.colcon_core.verb:set package 'pointcloud_to_laserscan' build argument 'cmake_force_configure' from command line to 'False'
[0.652s] Level 5:colcon.colcon_core.verb:set package 'pointcloud_to_laserscan' build argument 'ament_cmake_args' from command line to 'None'
[0.652s] Level 5:colcon.colcon_core.verb:set package 'pointcloud_to_laserscan' build argument 'catkin_cmake_args' from command line to 'None'
[0.653s] Level 5:colcon.colcon_core.verb:set package 'pointcloud_to_laserscan' build argument 'catkin_skip_building_tests' from command line to 'False'
[0.653s] DEBUG:colcon.colcon_core.verb:Building package 'pointcloud_to_laserscan' with the following arguments: {'ament_cmake_args': None, 'build_base': '/mnt/nova_ssd/workspaces/pcl_ws/src/pointcloud_to_laserscan/build/pointcloud_to_laserscan', 'catkin_cmake_args': None, 'catkin_skip_building_tests': False, 'cmake_args': None, 'cmake_clean_cache': False, 'cmake_clean_first': False, 'cmake_force_configure': False, 'cmake_target': None, 'cmake_target_skip_unavailable': False, 'install_base': '/mnt/nova_ssd/workspaces/pcl_ws/src/pointcloud_to_laserscan/install/pointcloud_to_laserscan', 'merge_install': False, 'path': '/mnt/nova_ssd/workspaces/pcl_ws/src/pointcloud_to_laserscan', 'symlink_install': False, 'test_result_base': None}
[0.653s] INFO:colcon.colcon_core.executor:Executing jobs using 'parallel' executor
[0.654s] DEBUG:colcon.colcon_parallel_executor.executor.parallel:run_until_complete
[0.655s] INFO:colcon.colcon_ros.task.ament_cmake.build:Building ROS package in '/mnt/nova_ssd/workspaces/pcl_ws/src/pointcloud_to_laserscan' with build type 'ament_cmake'
[0.655s] INFO:colcon.colcon_cmake.task.cmake.build:Building CMake package in '/mnt/nova_ssd/workspaces/pcl_ws/src/pointcloud_to_laserscan'
[0.659s] INFO:colcon.colcon_core.plugin_system:Skipping extension 'colcon_core.shell.bat': Not used on non-Windows systems
[0.659s] INFO:colcon.colcon_core.shell:Skip shell extension 'powershell' for command environment: Not usable outside of PowerShell
[0.659s] DEBUG:colcon.colcon_core.shell:Skip shell extension 'dsv' for command environment
[0.684s] DEBUG:colcon.colcon_core.event_handler.log_command:Invoking command in '/mnt/nova_ssd/workspaces/pcl_ws/src/pointcloud_to_laserscan/build/pointcloud_to_laserscan': CMAKE_PREFIX_PATH=/mnt/nova_ssd/workspaces/pcl_ws/install/pcl_filter:/mnt/nova_ssd/workspaces/navigation/install/dwa_main:/mnt/nova_ssd/workspaces/navigation/install/dstar_main:/mnt/nova_ssd/workspaces/navigation/install/costmap_converter:/mnt/nova_ssd/workspaces/navigation/install/costmap_converter_msgs:/mnt/nova_ssd/workspaces/texttopoint_ws/install/point_publisher_pkg:/mnt/nova_ssd/workspaces/kiss-icp_ws/install/kiss_icp:/mnt/nova_ssd/workspaces/3d_lidar/src/ws_livox/install/livox_ros_driver2:/mnt/nova_ssd/workspaces/scout/install/scout_base:/mnt/nova_ssd/workspaces/pcl_ws/install/my_package:/mnt/nova_ssd/workspaces/pcl_ws/install/livox_tf:/opt/ros/humble:/mnt/nova_ssd/workspaces/scout/install/ugv_sdk:/mnt/nova_ssd/workspaces/scout/install/scout_msgs:/mnt/nova_ssd/workspaces/scout/install/scout_description:/mnt/nova_ssd/workspaces/octomap_ws/install/octomap_example:/mnt/nova_ssd/workspaces/pcl_ws/install/pointcloud_to_laserscan:/mnt/nova_ssd/workspaces/pcl_ws/install/pcl_object_detection /usr/bin/cmake /mnt/nova_ssd/workspaces/pcl_ws/src/pointcloud_to_laserscan -DCMAKE_INSTALL_PREFIX=/mnt/nova_ssd/workspaces/pcl_ws/src/pointcloud_to_laserscan/install/pointcloud_to_laserscan
[3.892s] DEBUG:colcon.colcon_core.event_handler.log_command:Invoked command in '/mnt/nova_ssd/workspaces/pcl_ws/src/pointcloud_to_laserscan/build/pointcloud_to_laserscan' returned '0': CMAKE_PREFIX_PATH=/mnt/nova_ssd/workspaces/pcl_ws/install/pcl_filter:/mnt/nova_ssd/workspaces/navigation/install/dwa_main:/mnt/nova_ssd/workspaces/navigation/install/dstar_main:/mnt/nova_ssd/workspaces/navigation/install/costmap_converter:/mnt/nova_ssd/workspaces/navigation/install/costmap_converter_msgs:/mnt/nova_ssd/workspaces/texttopoint_ws/install/point_publisher_pkg:/mnt/nova_ssd/workspaces/kiss-icp_ws/install/kiss_icp:/mnt/nova_ssd/workspaces/3d_lidar/src/ws_livox/install/livox_ros_driver2:/mnt/nova_ssd/workspaces/scout/install/scout_base:/mnt/nova_ssd/workspaces/pcl_ws/install/my_package:/mnt/nova_ssd/workspaces/pcl_ws/install/livox_tf:/opt/ros/humble:/mnt/nova_ssd/workspaces/scout/install/ugv_sdk:/mnt/nova_ssd/workspaces/scout/install/scout_msgs:/mnt/nova_ssd/workspaces/scout/install/scout_description:/mnt/nova_ssd/workspaces/octomap_ws/install/octomap_example:/mnt/nova_ssd/workspaces/pcl_ws/install/pointcloud_to_laserscan:/mnt/nova_ssd/workspaces/pcl_ws/install/pcl_object_detection /usr/bin/cmake /mnt/nova_ssd/workspaces/pcl_ws/src/pointcloud_to_laserscan -DCMAKE_INSTALL_PREFIX=/mnt/nova_ssd/workspaces/pcl_ws/src/pointcloud_to_laserscan/install/pointcloud_to_laserscan
[3.895s] DEBUG:colcon.colcon_core.event_handler.log_command:Invoking command in '/mnt/nova_ssd/workspaces/pcl_ws/src/pointcloud_to_laserscan/build/pointcloud_to_laserscan': CMAKE_PREFIX_PATH=/mnt/nova_ssd/workspaces/pcl_ws/install/pcl_filter:/mnt/nova_ssd/workspaces/navigation/install/dwa_main:/mnt/nova_ssd/workspaces/navigation/install/dstar_main:/mnt/nova_ssd/workspaces/navigation/install/costmap_converter:/mnt/nova_ssd/workspaces/navigation/install/costmap_converter_msgs:/mnt/nova_ssd/workspaces/texttopoint_ws/install/point_publisher_pkg:/mnt/nova_ssd/workspaces/kiss-icp_ws/install/kiss_icp:/mnt/nova_ssd/workspaces/3d_lidar/src/ws_livox/install/livox_ros_driver2:/mnt/nova_ssd/workspaces/scout/install/scout_base:/mnt/nova_ssd/workspaces/pcl_ws/install/my_package:/mnt/nova_ssd/workspaces/pcl_ws/install/livox_tf:/opt/ros/humble:/mnt/nova_ssd/workspaces/scout/install/ugv_sdk:/mnt/nova_ssd/workspaces/scout/install/scout_msgs:/mnt/nova_ssd/workspaces/scout/install/scout_description:/mnt/nova_ssd/workspaces/octomap_ws/install/octomap_example:/mnt/nova_ssd/workspaces/pcl_ws/install/pointcloud_to_laserscan:/mnt/nova_ssd/workspaces/pcl_ws/install/pcl_object_detection /usr/bin/cmake --build /mnt/nova_ssd/workspaces/pcl_ws/src/pointcloud_to_laserscan/build/pointcloud_to_laserscan -- -j12 -l12
[40.016s] DEBUG:colcon.colcon_parallel_executor.executor.parallel:run_until_complete was interrupted
[40.016s] DEBUG:colcon.colcon_parallel_executor.executor.parallel:run_until_complete again
[40.058s] DEBUG:colcon.colcon_core.event_handler.log_command:Invoked command in '/mnt/nova_ssd/workspaces/pcl_ws/src/pointcloud_to_laserscan/build/pointcloud_to_laserscan' returned '-2': CMAKE_PREFIX_PATH=/mnt/nova_ssd/workspaces/pcl_ws/install/pcl_filter:/mnt/nova_ssd/workspaces/navigation/install/dwa_main:/mnt/nova_ssd/workspaces/navigation/install/dstar_main:/mnt/nova_ssd/workspaces/navigation/install/costmap_converter:/mnt/nova_ssd/workspaces/navigation/install/costmap_converter_msgs:/mnt/nova_ssd/workspaces/texttopoint_ws/install/point_publisher_pkg:/mnt/nova_ssd/workspaces/kiss-icp_ws/install/kiss_icp:/mnt/nova_ssd/workspaces/3d_lidar/src/ws_livox/install/livox_ros_driver2:/mnt/nova_ssd/workspaces/scout/install/scout_base:/mnt/nova_ssd/workspaces/pcl_ws/install/my_package:/mnt/nova_ssd/workspaces/pcl_ws/install/livox_tf:/opt/ros/humble:/mnt/nova_ssd/workspaces/scout/install/ugv_sdk:/mnt/nova_ssd/workspaces/scout/install/scout_msgs:/mnt/nova_ssd/workspaces/scout/install/scout_description:/mnt/nova_ssd/workspaces/octomap_ws/install/octomap_example:/mnt/nova_ssd/workspaces/pcl_ws/install/pointcloud_to_laserscan:/mnt/nova_ssd/workspaces/pcl_ws/install/pcl_object_detection /usr/bin/cmake --build /mnt/nova_ssd/workspaces/pcl_ws/src/pointcloud_to_laserscan/build/pointcloud_to_laserscan -- -j12 -l12
[40.128s] Level 1:colcon.colcon_core.environment:create_environment_scripts_only(pointcloud_to_laserscan)
[40.134s] Level 1:colcon.colcon_core.environment:checking '/mnt/nova_ssd/workspaces/pcl_ws/src/pointcloud_to_laserscan/install/pointcloud_to_laserscan' for CMake module files
[40.135s] Level 1:colcon.colcon_core.environment:checking '/mnt/nova_ssd/workspaces/pcl_ws/src/pointcloud_to_laserscan/install/pointcloud_to_laserscan' for CMake config files
[40.136s] Level 1:colcon.colcon_core.environment:checking '/mnt/nova_ssd/workspaces/pcl_ws/src/pointcloud_to_laserscan/install/pointcloud_to_laserscan/bin'
[40.136s] Level 1:colcon.colcon_core.environment:checking '/mnt/nova_ssd/workspaces/pcl_ws/src/pointcloud_to_laserscan/install/pointcloud_to_laserscan/lib/pkgconfig/pointcloud_to_laserscan.pc'
[40.137s] Level 1:colcon.colcon_core.environment:checking '/mnt/nova_ssd/workspaces/pcl_ws/src/pointcloud_to_laserscan/install/pointcloud_to_laserscan/lib/python3.10/site-packages'
[40.137s] Level 1:colcon.colcon_core.environment:checking '/mnt/nova_ssd/workspaces/pcl_ws/src/pointcloud_to_laserscan/install/pointcloud_to_laserscan/bin'
[40.138s] INFO:colcon.colcon_core.shell:Creating package script '/mnt/nova_ssd/workspaces/pcl_ws/src/pointcloud_to_laserscan/install/pointcloud_to_laserscan/share/pointcloud_to_laserscan/package.ps1'
[40.141s] INFO:colcon.colcon_core.shell:Creating package descriptor '/mnt/nova_ssd/workspaces/pcl_ws/src/pointcloud_to_laserscan/install/pointcloud_to_laserscan/share/pointcloud_to_laserscan/package.dsv'
[40.142s] INFO:colcon.colcon_core.shell:Creating package script '/mnt/nova_ssd/workspaces/pcl_ws/src/pointcloud_to_laserscan/install/pointcloud_to_laserscan/share/pointcloud_to_laserscan/package.sh'
[40.144s] INFO:colcon.colcon_core.shell:Creating package script '/mnt/nova_ssd/workspaces/pcl_ws/src/pointcloud_to_laserscan/install/pointcloud_to_laserscan/share/pointcloud_to_laserscan/package.bash'
[40.146s] INFO:colcon.colcon_core.shell:Creating package script '/mnt/nova_ssd/workspaces/pcl_ws/src/pointcloud_to_laserscan/install/pointcloud_to_laserscan/share/pointcloud_to_laserscan/package.zsh'
[40.147s] Level 1:colcon.colcon_core.environment:create_file_with_runtime_dependencies(/mnt/nova_ssd/workspaces/pcl_ws/src/pointcloud_to_laserscan/install/pointcloud_to_laserscan/share/colcon-core/packages/pointcloud_to_laserscan)
[40.159s] DEBUG:colcon.colcon_parallel_executor.executor.parallel:run_until_complete finished
[40.159s] DEBUG:colcon.colcon_parallel_executor.executor.parallel:closing loop
[40.159s] DEBUG:colcon.colcon_parallel_executor.executor.parallel:loop closed
[40.160s] DEBUG:colcon.colcon_core.event_reactor:joining thread
[40.169s] INFO:colcon.colcon_core.plugin_system:Skipping extension 'colcon_notification.desktop_notification.terminal_notifier': Not used on non-Darwin systems
[40.169s] INFO:colcon.colcon_core.plugin_system:Skipping extension 'colcon_notification.desktop_notification.win32': Not used on non-Windows systems
[40.169s] INFO:colcon.colcon_notification.desktop_notification:Sending desktop notification using 'notify2'
[40.194s] DEBUG:colcon.colcon_core.event_reactor:joined thread
[40.195s] INFO:colcon.colcon_core.shell:Creating prefix script '/mnt/nova_ssd/workspaces/pcl_ws/src/pointcloud_to_laserscan/install/local_setup.ps1'
[40.197s] INFO:colcon.colcon_core.shell:Creating prefix util module '/mnt/nova_ssd/workspaces/pcl_ws/src/pointcloud_to_laserscan/install/_local_setup_util_ps1.py'
[40.199s] INFO:colcon.colcon_core.shell:Creating prefix chain script '/mnt/nova_ssd/workspaces/pcl_ws/src/pointcloud_to_laserscan/install/setup.ps1'
[40.203s] INFO:colcon.colcon_core.shell:Creating prefix script '/mnt/nova_ssd/workspaces/pcl_ws/src/pointcloud_to_laserscan/install/local_setup.sh'
[40.205s] INFO:colcon.colcon_core.shell:Creating prefix util module '/mnt/nova_ssd/workspaces/pcl_ws/src/pointcloud_to_laserscan/install/_local_setup_util_sh.py'
[40.207s] INFO:colcon.colcon_core.shell:Creating prefix chain script '/mnt/nova_ssd/workspaces/pcl_ws/src/pointcloud_to_laserscan/install/setup.sh'
[40.211s] INFO:colcon.colcon_core.shell:Creating prefix script '/mnt/nova_ssd/workspaces/pcl_ws/src/pointcloud_to_laserscan/install/local_setup.bash'
[40.212s] INFO:colcon.colcon_core.shell:Creating prefix chain script '/mnt/nova_ssd/workspaces/pcl_ws/src/pointcloud_to_laserscan/install/setup.bash'
[40.216s] INFO:colcon.colcon_core.shell:Creating prefix script '/mnt/nova_ssd/workspaces/pcl_ws/src/pointcloud_to_laserscan/install/local_setup.zsh'
[40.217s] INFO:colcon.colcon_core.shell:Creating prefix chain script '/mnt/nova_ssd/workspaces/pcl_ws/src/pointcloud_to_laserscan/install/setup.zsh'
