[0.183s] DEBUG:colcon:Command line arguments: ['/usr/bin/colcon', 'build']
[0.183s] DEBUG:colcon:Parsed command line arguments: Namespace(log_base=None, log_level=None, verb_name='build', build_base='build', install_base='install', merge_install=False, symlink_install=False, test_result_base=None, continue_on_error=False, executor='parallel', parallel_workers=12, event_handlers=None, ignore_user_meta=False, metas=['./colcon.meta'], base_paths=['.'], packages_ignore=None, packages_ignore_regex=None, paths=None, packages_up_to=None, packages_up_to_regex=None, packages_above=None, packages_above_and_dependencies=None, packages_above_depth=None, packages_select_by_dep=None, packages_skip_by_dep=None, packages_skip_up_to=None, packages_select_build_failed=False, packages_skip_build_finished=False, packages_select_test_failures=False, packages_skip_test_passed=False, packages_select=None, packages_skip=None, packages_select_regex=None, packages_skip_regex=None, packages_start=None, packages_end=None, allow_overriding=[], cmake_args=None, cmake_target=None, cmake_target_skip_unavailable=False, cmake_clean_cache=False, cmake_clean_first=False, cmake_force_configure=False, ament_cmake_args=None, catkin_cmake_args=None, catkin_skip_building_tests=False, mixin_files=None, mixin=None, verb_parser=<colcon_mixin.mixin.mixin_argument.MixinArgumentDecorator object at 0xffffb5c02440>, verb_extension=<colcon_core.verb.build.BuildVerb object at 0xffffb5d12ad0>, main=<bound method BuildVerb.main of <colcon_core.verb.build.BuildVerb object at 0xffffb5d12ad0>>, mixin_verb=('build',))
[0.474s] Level 1:colcon.colcon_core.package_discovery:discover_packages(colcon_meta) check parameters
[0.474s] Level 1:colcon.colcon_core.package_discovery:discover_packages(recursive) check parameters
[0.475s] Level 1:colcon.colcon_core.package_discovery:discover_packages(ignore) check parameters
[0.475s] Level 1:colcon.colcon_core.package_discovery:discover_packages(path) check parameters
[0.475s] Level 1:colcon.colcon_core.package_discovery:discover_packages(colcon_meta) discover
[0.476s] Level 1:colcon.colcon_core.package_discovery:discover_packages(recursive) discover
[0.476s] INFO:colcon.colcon_core.package_discovery:Crawling recursively for packages in '/mnt/nova_ssd/workspaces/navigation'
[0.477s] Level 1:colcon.colcon_core.package_identification:_identify(.) by extensions ['ignore', 'ignore_ament_install']
[0.477s] Level 1:colcon.colcon_core.package_identification:_identify(.) by extension 'ignore'
[0.478s] Level 1:colcon.colcon_core.package_identification:_identify(.) by extension 'ignore_ament_install'
[0.478s] Level 1:colcon.colcon_core.package_identification:_identify(.) by extensions ['colcon_pkg']
[0.478s] Level 1:colcon.colcon_core.package_identification:_identify(.) by extension 'colcon_pkg'
[0.479s] Level 1:colcon.colcon_core.package_identification:_identify(.) by extensions ['colcon_meta']
[0.479s] Level 1:colcon.colcon_core.package_identification:_identify(.) by extension 'colcon_meta'
[0.479s] Level 1:colcon.colcon_core.package_identification:_identify(.) by extensions ['ros']
[0.479s] Level 1:colcon.colcon_core.package_identification:_identify(.) by extension 'ros'
[0.498s] Level 1:colcon.colcon_core.package_identification:_identify(.) by extensions ['cmake', 'python']
[0.498s] Level 1:colcon.colcon_core.package_identification:_identify(.) by extension 'cmake'
[0.499s] Level 1:colcon.colcon_core.package_identification:_identify(.) by extension 'python'
[0.499s] Level 1:colcon.colcon_core.package_identification:_identify(.) by extensions ['python_setup_py']
[0.499s] Level 1:colcon.colcon_core.package_identification:_identify(.) by extension 'python_setup_py'
[0.500s] Level 1:colcon.colcon_core.package_identification:_identify(build) by extensions ['ignore', 'ignore_ament_install']
[0.500s] Level 1:colcon.colcon_core.package_identification:_identify(build) by extension 'ignore'
[0.500s] Level 1:colcon.colcon_core.package_identification:_identify(build) ignored
[0.500s] Level 1:colcon.colcon_core.package_identification:_identify(install) by extensions ['ignore', 'ignore_ament_install']
[0.501s] Level 1:colcon.colcon_core.package_identification:_identify(install) by extension 'ignore'
[0.501s] Level 1:colcon.colcon_core.package_identification:_identify(install) ignored
[0.502s] Level 1:colcon.colcon_core.package_identification:_identify(log) by extensions ['ignore', 'ignore_ament_install']
[0.502s] Level 1:colcon.colcon_core.package_identification:_identify(log) by extension 'ignore'
[0.502s] Level 1:colcon.colcon_core.package_identification:_identify(log) ignored
[0.502s] Level 1:colcon.colcon_core.package_identification:_identify(src) by extensions ['ignore', 'ignore_ament_install']
[0.503s] Level 1:colcon.colcon_core.package_identification:_identify(src) by extension 'ignore'
[0.503s] Level 1:colcon.colcon_core.package_identification:_identify(src) by extension 'ignore_ament_install'
[0.503s] Level 1:colcon.colcon_core.package_identification:_identify(src) by extensions ['colcon_pkg']
[0.503s] Level 1:colcon.colcon_core.package_identification:_identify(src) by extension 'colcon_pkg'
[0.503s] Level 1:colcon.colcon_core.package_identification:_identify(src) by extensions ['colcon_meta']
[0.504s] Level 1:colcon.colcon_core.package_identification:_identify(src) by extension 'colcon_meta'
[0.504s] Level 1:colcon.colcon_core.package_identification:_identify(src) by extensions ['ros']
[0.504s] Level 1:colcon.colcon_core.package_identification:_identify(src) by extension 'ros'
[0.504s] Level 1:colcon.colcon_core.package_identification:_identify(src) by extensions ['cmake', 'python']
[0.505s] Level 1:colcon.colcon_core.package_identification:_identify(src) by extension 'cmake'
[0.505s] Level 1:colcon.colcon_core.package_identification:_identify(src) by extension 'python'
[0.505s] Level 1:colcon.colcon_core.package_identification:_identify(src) by extensions ['python_setup_py']
[0.505s] Level 1:colcon.colcon_core.package_identification:_identify(src) by extension 'python_setup_py'
[0.505s] Level 1:colcon.colcon_core.package_identification:_identify(src/build) by extensions ['ignore', 'ignore_ament_install']
[0.506s] Level 1:colcon.colcon_core.package_identification:_identify(src/build) by extension 'ignore'
[0.506s] Level 1:colcon.colcon_core.package_identification:_identify(src/build) ignored
[0.506s] Level 1:colcon.colcon_core.package_identification:_identify(src/costmap_converter) by extensions ['ignore', 'ignore_ament_install']
[0.506s] Level 1:colcon.colcon_core.package_identification:_identify(src/costmap_converter) by extension 'ignore'
[0.507s] Level 1:colcon.colcon_core.package_identification:_identify(src/costmap_converter) by extension 'ignore_ament_install'
[0.507s] Level 1:colcon.colcon_core.package_identification:_identify(src/costmap_converter) by extensions ['colcon_pkg']
[0.507s] Level 1:colcon.colcon_core.package_identification:_identify(src/costmap_converter) by extension 'colcon_pkg'
[0.507s] Level 1:colcon.colcon_core.package_identification:_identify(src/costmap_converter) by extensions ['colcon_meta']
[0.507s] Level 1:colcon.colcon_core.package_identification:_identify(src/costmap_converter) by extension 'colcon_meta'
[0.507s] Level 1:colcon.colcon_core.package_identification:_identify(src/costmap_converter) by extensions ['ros']
[0.507s] Level 1:colcon.colcon_core.package_identification:_identify(src/costmap_converter) by extension 'ros'
[0.507s] Level 1:colcon.colcon_core.package_identification:_identify(src/costmap_converter) by extensions ['cmake', 'python']
[0.508s] Level 1:colcon.colcon_core.package_identification:_identify(src/costmap_converter) by extension 'cmake'
[0.508s] Level 1:colcon.colcon_core.package_identification:_identify(src/costmap_converter) by extension 'python'
[0.508s] Level 1:colcon.colcon_core.package_identification:_identify(src/costmap_converter) by extensions ['python_setup_py']
[0.508s] Level 1:colcon.colcon_core.package_identification:_identify(src/costmap_converter) by extension 'python_setup_py'
[0.508s] Level 1:colcon.colcon_core.package_identification:_identify(src/costmap_converter/costmap_converter) by extensions ['ignore', 'ignore_ament_install']
[0.508s] Level 1:colcon.colcon_core.package_identification:_identify(src/costmap_converter/costmap_converter) by extension 'ignore'
[0.508s] Level 1:colcon.colcon_core.package_identification:_identify(src/costmap_converter/costmap_converter) by extension 'ignore_ament_install'
[0.508s] Level 1:colcon.colcon_core.package_identification:_identify(src/costmap_converter/costmap_converter) by extensions ['colcon_pkg']
[0.508s] Level 1:colcon.colcon_core.package_identification:_identify(src/costmap_converter/costmap_converter) by extension 'colcon_pkg'
[0.508s] Level 1:colcon.colcon_core.package_identification:_identify(src/costmap_converter/costmap_converter) by extensions ['colcon_meta']
[0.508s] Level 1:colcon.colcon_core.package_identification:_identify(src/costmap_converter/costmap_converter) by extension 'colcon_meta'
[0.509s] Level 1:colcon.colcon_core.package_identification:_identify(src/costmap_converter/costmap_converter) by extensions ['ros']
[0.509s] Level 1:colcon.colcon_core.package_identification:_identify(src/costmap_converter/costmap_converter) by extension 'ros'
[0.513s] DEBUG:colcon.colcon_core.package_identification:Package 'src/costmap_converter/costmap_converter' with type 'ros.ament_cmake' and name 'costmap_converter'
[0.514s] Level 1:colcon.colcon_core.package_identification:_identify(src/costmap_converter/costmap_converter_msgs) by extensions ['ignore', 'ignore_ament_install']
[0.514s] Level 1:colcon.colcon_core.package_identification:_identify(src/costmap_converter/costmap_converter_msgs) by extension 'ignore'
[0.514s] Level 1:colcon.colcon_core.package_identification:_identify(src/costmap_converter/costmap_converter_msgs) by extension 'ignore_ament_install'
[0.514s] Level 1:colcon.colcon_core.package_identification:_identify(src/costmap_converter/costmap_converter_msgs) by extensions ['colcon_pkg']
[0.515s] Level 1:colcon.colcon_core.package_identification:_identify(src/costmap_converter/costmap_converter_msgs) by extension 'colcon_pkg'
[0.515s] Level 1:colcon.colcon_core.package_identification:_identify(src/costmap_converter/costmap_converter_msgs) by extensions ['colcon_meta']
[0.515s] Level 1:colcon.colcon_core.package_identification:_identify(src/costmap_converter/costmap_converter_msgs) by extension 'colcon_meta'
[0.515s] Level 1:colcon.colcon_core.package_identification:_identify(src/costmap_converter/costmap_converter_msgs) by extensions ['ros']
[0.515s] Level 1:colcon.colcon_core.package_identification:_identify(src/costmap_converter/costmap_converter_msgs) by extension 'ros'
[0.517s] DEBUG:colcon.colcon_core.package_identification:Package 'src/costmap_converter/costmap_converter_msgs' with type 'ros.ament_cmake' and name 'costmap_converter_msgs'
[0.517s] Level 1:colcon.colcon_core.package_identification:_identify(src/dstar_main) by extensions ['ignore', 'ignore_ament_install']
[0.517s] Level 1:colcon.colcon_core.package_identification:_identify(src/dstar_main) by extension 'ignore'
[0.517s] Level 1:colcon.colcon_core.package_identification:_identify(src/dstar_main) by extension 'ignore_ament_install'
[0.518s] Level 1:colcon.colcon_core.package_identification:_identify(src/dstar_main) by extensions ['colcon_pkg']
[0.518s] Level 1:colcon.colcon_core.package_identification:_identify(src/dstar_main) by extension 'colcon_pkg'
[0.518s] Level 1:colcon.colcon_core.package_identification:_identify(src/dstar_main) by extensions ['colcon_meta']
[0.518s] Level 1:colcon.colcon_core.package_identification:_identify(src/dstar_main) by extension 'colcon_meta'
[0.518s] Level 1:colcon.colcon_core.package_identification:_identify(src/dstar_main) by extensions ['ros']
[0.519s] Level 1:colcon.colcon_core.package_identification:_identify(src/dstar_main) by extension 'ros'
[0.521s] DEBUG:colcon.colcon_core.package_identification:Package 'src/dstar_main' with type 'ros.ament_cmake' and name 'dstar_main'
[0.521s] Level 1:colcon.colcon_core.package_identification:_identify(src/dwa_main) by extensions ['ignore', 'ignore_ament_install']
[0.521s] Level 1:colcon.colcon_core.package_identification:_identify(src/dwa_main) by extension 'ignore'
[0.522s] Level 1:colcon.colcon_core.package_identification:_identify(src/dwa_main) by extension 'ignore_ament_install'
[0.522s] Level 1:colcon.colcon_core.package_identification:_identify(src/dwa_main) by extensions ['colcon_pkg']
[0.522s] Level 1:colcon.colcon_core.package_identification:_identify(src/dwa_main) by extension 'colcon_pkg'
[0.522s] Level 1:colcon.colcon_core.package_identification:_identify(src/dwa_main) by extensions ['colcon_meta']
[0.523s] Level 1:colcon.colcon_core.package_identification:_identify(src/dwa_main) by extension 'colcon_meta'
[0.523s] Level 1:colcon.colcon_core.package_identification:_identify(src/dwa_main) by extensions ['ros']
[0.523s] Level 1:colcon.colcon_core.package_identification:_identify(src/dwa_main) by extension 'ros'
[0.524s] DEBUG:colcon.colcon_core.package_identification:Package 'src/dwa_main' with type 'ros.ament_cmake' and name 'dwa_main'
[0.525s] Level 1:colcon.colcon_core.package_identification:_identify(src/install) by extensions ['ignore', 'ignore_ament_install']
[0.525s] Level 1:colcon.colcon_core.package_identification:_identify(src/install) by extension 'ignore'
[0.525s] Level 1:colcon.colcon_core.package_identification:_identify(src/install) ignored
[0.526s] Level 1:colcon.colcon_core.package_identification:_identify(src/log) by extensions ['ignore', 'ignore_ament_install']
[0.526s] Level 1:colcon.colcon_core.package_identification:_identify(src/log) by extension 'ignore'
[0.526s] Level 1:colcon.colcon_core.package_identification:_identify(src/log) ignored
[0.526s] Level 1:colcon.colcon_core.package_discovery:discover_packages(recursive) using defaults
[0.526s] Level 1:colcon.colcon_core.package_discovery:discover_packages(ignore) discover
[0.527s] Level 1:colcon.colcon_core.package_discovery:discover_packages(ignore) using defaults
[0.527s] Level 1:colcon.colcon_core.package_discovery:discover_packages(path) discover
[0.527s] Level 1:colcon.colcon_core.package_discovery:discover_packages(path) using defaults
[0.596s] Level 1:colcon.colcon_core.package_discovery:discover_packages(prefix_path) check parameters
[0.596s] Level 1:colcon.colcon_core.package_discovery:discover_packages(prefix_path) discover
[0.601s] DEBUG:colcon.colcon_installed_package_information.package_discovery:Found 1 installed packages in /mnt/nova_ssd/workspaces/texttopoint_ws/install
[0.602s] DEBUG:colcon.colcon_installed_package_information.package_discovery:Found 1 installed packages in /mnt/nova_ssd/workspaces/kiss-icp_ws/install
[0.602s] DEBUG:colcon.colcon_installed_package_information.package_discovery:Found 1 installed packages in /mnt/nova_ssd/workspaces/3d_lidar/src/ws_livox/install
[0.603s] DEBUG:colcon.colcon_installed_package_information.package_discovery:Found 4 installed packages in /mnt/nova_ssd/workspaces/scout/install
[0.604s] DEBUG:colcon.colcon_installed_package_information.package_discovery:Found 4 installed packages in /mnt/nova_ssd/workspaces/navigation/install
[0.604s] DEBUG:colcon.colcon_installed_package_information.package_discovery:Found 1 installed packages in /mnt/nova_ssd/workspaces/octomap_ws/install
[0.605s] DEBUG:colcon.colcon_installed_package_information.package_discovery:Found 6 installed packages in /mnt/nova_ssd/workspaces/pcl_ws/install
[0.607s] DEBUG:colcon.colcon_installed_package_information.package_discovery:Found 363 installed packages in /opt/ros/humble
[0.609s] Level 1:colcon.colcon_core.package_discovery:discover_packages(prefix_path) using defaults
[0.678s] Level 5:colcon.colcon_core.verb:set package 'costmap_converter_msgs' build argument 'cmake_args' from command line to 'None'
[0.678s] Level 5:colcon.colcon_core.verb:set package 'costmap_converter_msgs' build argument 'cmake_target' from command line to 'None'
[0.678s] Level 5:colcon.colcon_core.verb:set package 'costmap_converter_msgs' build argument 'cmake_target_skip_unavailable' from command line to 'False'
[0.678s] Level 5:colcon.colcon_core.verb:set package 'costmap_converter_msgs' build argument 'cmake_clean_cache' from command line to 'False'
[0.678s] Level 5:colcon.colcon_core.verb:set package 'costmap_converter_msgs' build argument 'cmake_clean_first' from command line to 'False'
[0.678s] Level 5:colcon.colcon_core.verb:set package 'costmap_converter_msgs' build argument 'cmake_force_configure' from command line to 'False'
[0.678s] Level 5:colcon.colcon_core.verb:set package 'costmap_converter_msgs' build argument 'ament_cmake_args' from command line to 'None'
[0.678s] Level 5:colcon.colcon_core.verb:set package 'costmap_converter_msgs' build argument 'catkin_cmake_args' from command line to 'None'
[0.678s] Level 5:colcon.colcon_core.verb:set package 'costmap_converter_msgs' build argument 'catkin_skip_building_tests' from command line to 'False'
[0.679s] DEBUG:colcon.colcon_core.verb:Building package 'costmap_converter_msgs' with the following arguments: {'ament_cmake_args': None, 'build_base': '/mnt/nova_ssd/workspaces/navigation/build/costmap_converter_msgs', 'catkin_cmake_args': None, 'catkin_skip_building_tests': False, 'cmake_args': None, 'cmake_clean_cache': False, 'cmake_clean_first': False, 'cmake_force_configure': False, 'cmake_target': None, 'cmake_target_skip_unavailable': False, 'install_base': '/mnt/nova_ssd/workspaces/navigation/install/costmap_converter_msgs', 'merge_install': False, 'path': '/mnt/nova_ssd/workspaces/navigation/src/costmap_converter/costmap_converter_msgs', 'symlink_install': False, 'test_result_base': None}
[0.679s] Level 5:colcon.colcon_core.verb:set package 'dstar_main' build argument 'cmake_args' from command line to 'None'
[0.679s] Level 5:colcon.colcon_core.verb:set package 'dstar_main' build argument 'cmake_target' from command line to 'None'
[0.679s] Level 5:colcon.colcon_core.verb:set package 'dstar_main' build argument 'cmake_target_skip_unavailable' from command line to 'False'
[0.679s] Level 5:colcon.colcon_core.verb:set package 'dstar_main' build argument 'cmake_clean_cache' from command line to 'False'
[0.679s] Level 5:colcon.colcon_core.verb:set package 'dstar_main' build argument 'cmake_clean_first' from command line to 'False'
[0.679s] Level 5:colcon.colcon_core.verb:set package 'dstar_main' build argument 'cmake_force_configure' from command line to 'False'
[0.679s] Level 5:colcon.colcon_core.verb:set package 'dstar_main' build argument 'ament_cmake_args' from command line to 'None'
[0.679s] Level 5:colcon.colcon_core.verb:set package 'dstar_main' build argument 'catkin_cmake_args' from command line to 'None'
[0.679s] Level 5:colcon.colcon_core.verb:set package 'dstar_main' build argument 'catkin_skip_building_tests' from command line to 'False'
[0.680s] DEBUG:colcon.colcon_core.verb:Building package 'dstar_main' with the following arguments: {'ament_cmake_args': None, 'build_base': '/mnt/nova_ssd/workspaces/navigation/build/dstar_main', 'catkin_cmake_args': None, 'catkin_skip_building_tests': False, 'cmake_args': None, 'cmake_clean_cache': False, 'cmake_clean_first': False, 'cmake_force_configure': False, 'cmake_target': None, 'cmake_target_skip_unavailable': False, 'install_base': '/mnt/nova_ssd/workspaces/navigation/install/dstar_main', 'merge_install': False, 'path': '/mnt/nova_ssd/workspaces/navigation/src/dstar_main', 'symlink_install': False, 'test_result_base': None}
[0.680s] Level 5:colcon.colcon_core.verb:set package 'dwa_main' build argument 'cmake_args' from command line to 'None'
[0.680s] Level 5:colcon.colcon_core.verb:set package 'dwa_main' build argument 'cmake_target' from command line to 'None'
[0.680s] Level 5:colcon.colcon_core.verb:set package 'dwa_main' build argument 'cmake_target_skip_unavailable' from command line to 'False'
[0.680s] Level 5:colcon.colcon_core.verb:set package 'dwa_main' build argument 'cmake_clean_cache' from command line to 'False'
[0.680s] Level 5:colcon.colcon_core.verb:set package 'dwa_main' build argument 'cmake_clean_first' from command line to 'False'
[0.680s] Level 5:colcon.colcon_core.verb:set package 'dwa_main' build argument 'cmake_force_configure' from command line to 'False'
[0.680s] Level 5:colcon.colcon_core.verb:set package 'dwa_main' build argument 'ament_cmake_args' from command line to 'None'
[0.680s] Level 5:colcon.colcon_core.verb:set package 'dwa_main' build argument 'catkin_cmake_args' from command line to 'None'
[0.680s] Level 5:colcon.colcon_core.verb:set package 'dwa_main' build argument 'catkin_skip_building_tests' from command line to 'False'
[0.680s] DEBUG:colcon.colcon_core.verb:Building package 'dwa_main' with the following arguments: {'ament_cmake_args': None, 'build_base': '/mnt/nova_ssd/workspaces/navigation/build/dwa_main', 'catkin_cmake_args': None, 'catkin_skip_building_tests': False, 'cmake_args': None, 'cmake_clean_cache': False, 'cmake_clean_first': False, 'cmake_force_configure': False, 'cmake_target': None, 'cmake_target_skip_unavailable': False, 'install_base': '/mnt/nova_ssd/workspaces/navigation/install/dwa_main', 'merge_install': False, 'path': '/mnt/nova_ssd/workspaces/navigation/src/dwa_main', 'symlink_install': False, 'test_result_base': None}
[0.681s] Level 5:colcon.colcon_core.verb:set package 'costmap_converter' build argument 'cmake_args' from command line to 'None'
[0.681s] Level 5:colcon.colcon_core.verb:set package 'costmap_converter' build argument 'cmake_target' from command line to 'None'
[0.681s] Level 5:colcon.colcon_core.verb:set package 'costmap_converter' build argument 'cmake_target_skip_unavailable' from command line to 'False'
[0.681s] Level 5:colcon.colcon_core.verb:set package 'costmap_converter' build argument 'cmake_clean_cache' from command line to 'False'
[0.681s] Level 5:colcon.colcon_core.verb:set package 'costmap_converter' build argument 'cmake_clean_first' from command line to 'False'
[0.681s] Level 5:colcon.colcon_core.verb:set package 'costmap_converter' build argument 'cmake_force_configure' from command line to 'False'
[0.681s] Level 5:colcon.colcon_core.verb:set package 'costmap_converter' build argument 'ament_cmake_args' from command line to 'None'
[0.681s] Level 5:colcon.colcon_core.verb:set package 'costmap_converter' build argument 'catkin_cmake_args' from command line to 'None'
[0.681s] Level 5:colcon.colcon_core.verb:set package 'costmap_converter' build argument 'catkin_skip_building_tests' from command line to 'False'
[0.681s] DEBUG:colcon.colcon_core.verb:Building package 'costmap_converter' with the following arguments: {'ament_cmake_args': None, 'build_base': '/mnt/nova_ssd/workspaces/navigation/build/costmap_converter', 'catkin_cmake_args': None, 'catkin_skip_building_tests': False, 'cmake_args': None, 'cmake_clean_cache': False, 'cmake_clean_first': False, 'cmake_force_configure': False, 'cmake_target': None, 'cmake_target_skip_unavailable': False, 'install_base': '/mnt/nova_ssd/workspaces/navigation/install/costmap_converter', 'merge_install': False, 'path': '/mnt/nova_ssd/workspaces/navigation/src/costmap_converter/costmap_converter', 'symlink_install': False, 'test_result_base': None}
[0.682s] INFO:colcon.colcon_core.executor:Executing jobs using 'parallel' executor
[0.683s] DEBUG:colcon.colcon_parallel_executor.executor.parallel:run_until_complete
[0.684s] INFO:colcon.colcon_ros.task.ament_cmake.build:Building ROS package in '/mnt/nova_ssd/workspaces/navigation/src/costmap_converter/costmap_converter_msgs' with build type 'ament_cmake'
[0.684s] INFO:colcon.colcon_cmake.task.cmake.build:Building CMake package in '/mnt/nova_ssd/workspaces/navigation/src/costmap_converter/costmap_converter_msgs'
[0.688s] INFO:colcon.colcon_core.plugin_system:Skipping extension 'colcon_core.shell.bat': Not used on non-Windows systems
[0.688s] INFO:colcon.colcon_core.shell:Skip shell extension 'powershell' for command environment: Not usable outside of PowerShell
[0.688s] DEBUG:colcon.colcon_core.shell:Skip shell extension 'dsv' for command environment
[0.699s] INFO:colcon.colcon_ros.task.ament_cmake.build:Building ROS package in '/mnt/nova_ssd/workspaces/navigation/src/dstar_main' with build type 'ament_cmake'
[0.699s] INFO:colcon.colcon_cmake.task.cmake.build:Building CMake package in '/mnt/nova_ssd/workspaces/navigation/src/dstar_main'
[0.699s] INFO:colcon.colcon_core.shell:Skip shell extension 'powershell' for command environment: Not usable outside of PowerShell
[0.699s] DEBUG:colcon.colcon_core.shell:Skip shell extension 'dsv' for command environment
[0.709s] INFO:colcon.colcon_ros.task.ament_cmake.build:Building ROS package in '/mnt/nova_ssd/workspaces/navigation/src/dwa_main' with build type 'ament_cmake'
[0.709s] INFO:colcon.colcon_cmake.task.cmake.build:Building CMake package in '/mnt/nova_ssd/workspaces/navigation/src/dwa_main'
[0.710s] INFO:colcon.colcon_core.shell:Skip shell extension 'powershell' for command environment: Not usable outside of PowerShell
[0.710s] DEBUG:colcon.colcon_core.shell:Skip shell extension 'dsv' for command environment
[0.730s] DEBUG:colcon.colcon_core.event_handler.log_command:Invoking command in '/mnt/nova_ssd/workspaces/navigation/build/costmap_converter_msgs': CMAKE_PREFIX_PATH=/mnt/nova_ssd/workspaces/navigation/install/dwa_main:/mnt/nova_ssd/workspaces/navigation/install/dstar_main:/mnt/nova_ssd/workspaces/navigation/install/costmap_converter:/mnt/nova_ssd/workspaces/navigation/install/costmap_converter_msgs:/mnt/nova_ssd/workspaces/texttopoint_ws/install/point_publisher_pkg:/mnt/nova_ssd/workspaces/kiss-icp_ws/install/kiss_icp:/mnt/nova_ssd/workspaces/3d_lidar/src/ws_livox/install/livox_ros_driver2:/mnt/nova_ssd/workspaces/scout/install/scout_base:/mnt/nova_ssd/workspaces/pcl_ws/install/my_package:/mnt/nova_ssd/workspaces/pcl_ws/install/livox_tf:/opt/ros/humble:/mnt/nova_ssd/workspaces/scout/install/ugv_sdk:/mnt/nova_ssd/workspaces/scout/install/scout_msgs:/mnt/nova_ssd/workspaces/scout/install/scout_description:/mnt/nova_ssd/workspaces/octomap_ws/install/octomap_example:/mnt/nova_ssd/workspaces/pcl_ws/install/projected_pcl:/mnt/nova_ssd/workspaces/pcl_ws/install/pointcloud_to_laserscan:/mnt/nova_ssd/workspaces/pcl_ws/install/pcl_object_detection:/mnt/nova_ssd/workspaces/pcl_ws/install/pcl_filter /usr/bin/cmake --build /mnt/nova_ssd/workspaces/navigation/build/costmap_converter_msgs -- -j12 -l12
[0.744s] DEBUG:colcon.colcon_core.event_handler.log_command:Invoking command in '/mnt/nova_ssd/workspaces/navigation/build/dstar_main': CMAKE_PREFIX_PATH=/mnt/nova_ssd/workspaces/navigation/install/dwa_main:/mnt/nova_ssd/workspaces/navigation/install/dstar_main:/mnt/nova_ssd/workspaces/navigation/install/costmap_converter:/mnt/nova_ssd/workspaces/navigation/install/costmap_converter_msgs:/mnt/nova_ssd/workspaces/texttopoint_ws/install/point_publisher_pkg:/mnt/nova_ssd/workspaces/kiss-icp_ws/install/kiss_icp:/mnt/nova_ssd/workspaces/3d_lidar/src/ws_livox/install/livox_ros_driver2:/mnt/nova_ssd/workspaces/scout/install/scout_base:/mnt/nova_ssd/workspaces/pcl_ws/install/my_package:/mnt/nova_ssd/workspaces/pcl_ws/install/livox_tf:/opt/ros/humble:/mnt/nova_ssd/workspaces/scout/install/ugv_sdk:/mnt/nova_ssd/workspaces/scout/install/scout_msgs:/mnt/nova_ssd/workspaces/scout/install/scout_description:/mnt/nova_ssd/workspaces/octomap_ws/install/octomap_example:/mnt/nova_ssd/workspaces/pcl_ws/install/projected_pcl:/mnt/nova_ssd/workspaces/pcl_ws/install/pointcloud_to_laserscan:/mnt/nova_ssd/workspaces/pcl_ws/install/pcl_object_detection:/mnt/nova_ssd/workspaces/pcl_ws/install/pcl_filter /usr/bin/cmake --build /mnt/nova_ssd/workspaces/navigation/build/dstar_main -- -j12 -l12
[0.751s] DEBUG:colcon.colcon_core.event_handler.log_command:Invoking command in '/mnt/nova_ssd/workspaces/navigation/build/dwa_main': CMAKE_PREFIX_PATH=/mnt/nova_ssd/workspaces/navigation/install/dwa_main:/mnt/nova_ssd/workspaces/navigation/install/dstar_main:/mnt/nova_ssd/workspaces/navigation/install/costmap_converter:/mnt/nova_ssd/workspaces/navigation/install/costmap_converter_msgs:/mnt/nova_ssd/workspaces/texttopoint_ws/install/point_publisher_pkg:/mnt/nova_ssd/workspaces/kiss-icp_ws/install/kiss_icp:/mnt/nova_ssd/workspaces/3d_lidar/src/ws_livox/install/livox_ros_driver2:/mnt/nova_ssd/workspaces/scout/install/scout_base:/mnt/nova_ssd/workspaces/pcl_ws/install/my_package:/mnt/nova_ssd/workspaces/pcl_ws/install/livox_tf:/opt/ros/humble:/mnt/nova_ssd/workspaces/scout/install/ugv_sdk:/mnt/nova_ssd/workspaces/scout/install/scout_msgs:/mnt/nova_ssd/workspaces/scout/install/scout_description:/mnt/nova_ssd/workspaces/octomap_ws/install/octomap_example:/mnt/nova_ssd/workspaces/pcl_ws/install/projected_pcl:/mnt/nova_ssd/workspaces/pcl_ws/install/pointcloud_to_laserscan:/mnt/nova_ssd/workspaces/pcl_ws/install/pcl_object_detection:/mnt/nova_ssd/workspaces/pcl_ws/install/pcl_filter /usr/bin/cmake --build /mnt/nova_ssd/workspaces/navigation/build/dwa_main -- -j12 -l12
[0.905s] DEBUG:colcon.colcon_core.event_handler.log_command:Invoked command in '/mnt/nova_ssd/workspaces/navigation/build/dwa_main' returned '0': CMAKE_PREFIX_PATH=/mnt/nova_ssd/workspaces/navigation/install/dwa_main:/mnt/nova_ssd/workspaces/navigation/install/dstar_main:/mnt/nova_ssd/workspaces/navigation/install/costmap_converter:/mnt/nova_ssd/workspaces/navigation/install/costmap_converter_msgs:/mnt/nova_ssd/workspaces/texttopoint_ws/install/point_publisher_pkg:/mnt/nova_ssd/workspaces/kiss-icp_ws/install/kiss_icp:/mnt/nova_ssd/workspaces/3d_lidar/src/ws_livox/install/livox_ros_driver2:/mnt/nova_ssd/workspaces/scout/install/scout_base:/mnt/nova_ssd/workspaces/pcl_ws/install/my_package:/mnt/nova_ssd/workspaces/pcl_ws/install/livox_tf:/opt/ros/humble:/mnt/nova_ssd/workspaces/scout/install/ugv_sdk:/mnt/nova_ssd/workspaces/scout/install/scout_msgs:/mnt/nova_ssd/workspaces/scout/install/scout_description:/mnt/nova_ssd/workspaces/octomap_ws/install/octomap_example:/mnt/nova_ssd/workspaces/pcl_ws/install/projected_pcl:/mnt/nova_ssd/workspaces/pcl_ws/install/pointcloud_to_laserscan:/mnt/nova_ssd/workspaces/pcl_ws/install/pcl_object_detection:/mnt/nova_ssd/workspaces/pcl_ws/install/pcl_filter /usr/bin/cmake --build /mnt/nova_ssd/workspaces/navigation/build/dwa_main -- -j12 -l12
[0.999s] DEBUG:colcon.colcon_core.event_handler.log_command:Invoking command in '/mnt/nova_ssd/workspaces/navigation/build/dwa_main': CMAKE_PREFIX_PATH=/mnt/nova_ssd/workspaces/navigation/install/dwa_main:/mnt/nova_ssd/workspaces/navigation/install/dstar_main:/mnt/nova_ssd/workspaces/navigation/install/costmap_converter:/mnt/nova_ssd/workspaces/navigation/install/costmap_converter_msgs:/mnt/nova_ssd/workspaces/texttopoint_ws/install/point_publisher_pkg:/mnt/nova_ssd/workspaces/kiss-icp_ws/install/kiss_icp:/mnt/nova_ssd/workspaces/3d_lidar/src/ws_livox/install/livox_ros_driver2:/mnt/nova_ssd/workspaces/scout/install/scout_base:/mnt/nova_ssd/workspaces/pcl_ws/install/my_package:/mnt/nova_ssd/workspaces/pcl_ws/install/livox_tf:/opt/ros/humble:/mnt/nova_ssd/workspaces/scout/install/ugv_sdk:/mnt/nova_ssd/workspaces/scout/install/scout_msgs:/mnt/nova_ssd/workspaces/scout/install/scout_description:/mnt/nova_ssd/workspaces/octomap_ws/install/octomap_example:/mnt/nova_ssd/workspaces/pcl_ws/install/projected_pcl:/mnt/nova_ssd/workspaces/pcl_ws/install/pointcloud_to_laserscan:/mnt/nova_ssd/workspaces/pcl_ws/install/pcl_object_detection:/mnt/nova_ssd/workspaces/pcl_ws/install/pcl_filter /usr/bin/cmake --install /mnt/nova_ssd/workspaces/navigation/build/dwa_main
[1.026s] Level 1:colcon.colcon_core.environment:create_environment_scripts_only(dwa_main)
[1.029s] DEBUG:colcon.colcon_core.event_handler.log_command:Invoked command in '/mnt/nova_ssd/workspaces/navigation/build/dwa_main' returned '0': CMAKE_PREFIX_PATH=/mnt/nova_ssd/workspaces/navigation/install/dwa_main:/mnt/nova_ssd/workspaces/navigation/install/dstar_main:/mnt/nova_ssd/workspaces/navigation/install/costmap_converter:/mnt/nova_ssd/workspaces/navigation/install/costmap_converter_msgs:/mnt/nova_ssd/workspaces/texttopoint_ws/install/point_publisher_pkg:/mnt/nova_ssd/workspaces/kiss-icp_ws/install/kiss_icp:/mnt/nova_ssd/workspaces/3d_lidar/src/ws_livox/install/livox_ros_driver2:/mnt/nova_ssd/workspaces/scout/install/scout_base:/mnt/nova_ssd/workspaces/pcl_ws/install/my_package:/mnt/nova_ssd/workspaces/pcl_ws/install/livox_tf:/opt/ros/humble:/mnt/nova_ssd/workspaces/scout/install/ugv_sdk:/mnt/nova_ssd/workspaces/scout/install/scout_msgs:/mnt/nova_ssd/workspaces/scout/install/scout_description:/mnt/nova_ssd/workspaces/octomap_ws/install/octomap_example:/mnt/nova_ssd/workspaces/pcl_ws/install/projected_pcl:/mnt/nova_ssd/workspaces/pcl_ws/install/pointcloud_to_laserscan:/mnt/nova_ssd/workspaces/pcl_ws/install/pcl_object_detection:/mnt/nova_ssd/workspaces/pcl_ws/install/pcl_filter /usr/bin/cmake --install /mnt/nova_ssd/workspaces/navigation/build/dwa_main
[1.031s] Level 1:colcon.colcon_core.environment:checking '/mnt/nova_ssd/workspaces/navigation/install/dwa_main' for CMake module files
[1.032s] Level 1:colcon.colcon_core.environment:checking '/mnt/nova_ssd/workspaces/navigation/install/dwa_main' for CMake config files
[1.033s] Level 1:colcon.colcon_core.shell:create_environment_hook('dwa_main', 'cmake_prefix_path')
[1.033s] INFO:colcon.colcon_core.shell:Creating environment hook '/mnt/nova_ssd/workspaces/navigation/install/dwa_main/share/dwa_main/hook/cmake_prefix_path.ps1'
[1.034s] INFO:colcon.colcon_core.shell:Creating environment descriptor '/mnt/nova_ssd/workspaces/navigation/install/dwa_main/share/dwa_main/hook/cmake_prefix_path.dsv'
[1.035s] INFO:colcon.colcon_core.shell:Creating environment hook '/mnt/nova_ssd/workspaces/navigation/install/dwa_main/share/dwa_main/hook/cmake_prefix_path.sh'
[1.037s] Level 1:colcon.colcon_core.environment:checking '/mnt/nova_ssd/workspaces/navigation/install/dwa_main/lib'
[1.037s] Level 1:colcon.colcon_core.environment:checking '/mnt/nova_ssd/workspaces/navigation/install/dwa_main/bin'
[1.037s] Level 1:colcon.colcon_core.environment:checking '/mnt/nova_ssd/workspaces/navigation/install/dwa_main/lib/pkgconfig/dwa_main.pc'
[1.038s] Level 1:colcon.colcon_core.environment:checking '/mnt/nova_ssd/workspaces/navigation/install/dwa_main/lib/python3.10/site-packages'
[1.038s] Level 1:colcon.colcon_core.environment:checking '/mnt/nova_ssd/workspaces/navigation/install/dwa_main/bin'
[1.038s] INFO:colcon.colcon_core.shell:Creating package script '/mnt/nova_ssd/workspaces/navigation/install/dwa_main/share/dwa_main/package.ps1'
[1.040s] INFO:colcon.colcon_core.shell:Creating package descriptor '/mnt/nova_ssd/workspaces/navigation/install/dwa_main/share/dwa_main/package.dsv'
[1.040s] INFO:colcon.colcon_core.shell:Creating package script '/mnt/nova_ssd/workspaces/navigation/install/dwa_main/share/dwa_main/package.sh'
[1.041s] INFO:colcon.colcon_core.shell:Creating package script '/mnt/nova_ssd/workspaces/navigation/install/dwa_main/share/dwa_main/package.bash'
[1.042s] INFO:colcon.colcon_core.shell:Creating package script '/mnt/nova_ssd/workspaces/navigation/install/dwa_main/share/dwa_main/package.zsh'
[1.043s] Level 1:colcon.colcon_core.environment:create_file_with_runtime_dependencies(/mnt/nova_ssd/workspaces/navigation/install/dwa_main/share/colcon-core/packages/dwa_main)
[1.111s] Level 1:colcon.colcon_core.environment:create_environment_scripts_only(dwa_main)
[1.112s] Level 1:colcon.colcon_core.environment:checking '/mnt/nova_ssd/workspaces/navigation/install/dwa_main' for CMake module files
[1.113s] Level 1:colcon.colcon_core.environment:checking '/mnt/nova_ssd/workspaces/navigation/install/dwa_main' for CMake config files
[1.113s] Level 1:colcon.colcon_core.shell:create_environment_hook('dwa_main', 'cmake_prefix_path')
[1.114s] INFO:colcon.colcon_core.shell:Creating environment hook '/mnt/nova_ssd/workspaces/navigation/install/dwa_main/share/dwa_main/hook/cmake_prefix_path.ps1'
[1.115s] INFO:colcon.colcon_core.shell:Creating environment descriptor '/mnt/nova_ssd/workspaces/navigation/install/dwa_main/share/dwa_main/hook/cmake_prefix_path.dsv'
[1.116s] INFO:colcon.colcon_core.shell:Creating environment hook '/mnt/nova_ssd/workspaces/navigation/install/dwa_main/share/dwa_main/hook/cmake_prefix_path.sh'
[1.117s] Level 1:colcon.colcon_core.environment:checking '/mnt/nova_ssd/workspaces/navigation/install/dwa_main/lib'
[1.117s] Level 1:colcon.colcon_core.environment:checking '/mnt/nova_ssd/workspaces/navigation/install/dwa_main/bin'
[1.117s] Level 1:colcon.colcon_core.environment:checking '/mnt/nova_ssd/workspaces/navigation/install/dwa_main/lib/pkgconfig/dwa_main.pc'
[1.117s] Level 1:colcon.colcon_core.environment:checking '/mnt/nova_ssd/workspaces/navigation/install/dwa_main/lib/python3.10/site-packages'
[1.118s] Level 1:colcon.colcon_core.environment:checking '/mnt/nova_ssd/workspaces/navigation/install/dwa_main/bin'
[1.118s] INFO:colcon.colcon_core.shell:Creating package script '/mnt/nova_ssd/workspaces/navigation/install/dwa_main/share/dwa_main/package.ps1'
[1.119s] INFO:colcon.colcon_core.shell:Creating package descriptor '/mnt/nova_ssd/workspaces/navigation/install/dwa_main/share/dwa_main/package.dsv'
[1.120s] INFO:colcon.colcon_core.shell:Creating package script '/mnt/nova_ssd/workspaces/navigation/install/dwa_main/share/dwa_main/package.sh'
[1.121s] INFO:colcon.colcon_core.shell:Creating package script '/mnt/nova_ssd/workspaces/navigation/install/dwa_main/share/dwa_main/package.bash'
[1.121s] INFO:colcon.colcon_core.shell:Creating package script '/mnt/nova_ssd/workspaces/navigation/install/dwa_main/share/dwa_main/package.zsh'
[1.122s] Level 1:colcon.colcon_core.environment:create_file_with_runtime_dependencies(/mnt/nova_ssd/workspaces/navigation/install/dwa_main/share/colcon-core/packages/dwa_main)
[2.227s] DEBUG:colcon.colcon_core.event_handler.log_command:Invoked command in '/mnt/nova_ssd/workspaces/navigation/build/costmap_converter_msgs' returned '0': CMAKE_PREFIX_PATH=/mnt/nova_ssd/workspaces/navigation/install/dwa_main:/mnt/nova_ssd/workspaces/navigation/install/dstar_main:/mnt/nova_ssd/workspaces/navigation/install/costmap_converter:/mnt/nova_ssd/workspaces/navigation/install/costmap_converter_msgs:/mnt/nova_ssd/workspaces/texttopoint_ws/install/point_publisher_pkg:/mnt/nova_ssd/workspaces/kiss-icp_ws/install/kiss_icp:/mnt/nova_ssd/workspaces/3d_lidar/src/ws_livox/install/livox_ros_driver2:/mnt/nova_ssd/workspaces/scout/install/scout_base:/mnt/nova_ssd/workspaces/pcl_ws/install/my_package:/mnt/nova_ssd/workspaces/pcl_ws/install/livox_tf:/opt/ros/humble:/mnt/nova_ssd/workspaces/scout/install/ugv_sdk:/mnt/nova_ssd/workspaces/scout/install/scout_msgs:/mnt/nova_ssd/workspaces/scout/install/scout_description:/mnt/nova_ssd/workspaces/octomap_ws/install/octomap_example:/mnt/nova_ssd/workspaces/pcl_ws/install/projected_pcl:/mnt/nova_ssd/workspaces/pcl_ws/install/pointcloud_to_laserscan:/mnt/nova_ssd/workspaces/pcl_ws/install/pcl_object_detection:/mnt/nova_ssd/workspaces/pcl_ws/install/pcl_filter /usr/bin/cmake --build /mnt/nova_ssd/workspaces/navigation/build/costmap_converter_msgs -- -j12 -l12
[2.555s] DEBUG:colcon.colcon_core.event_handler.log_command:Invoking command in '/mnt/nova_ssd/workspaces/navigation/build/costmap_converter_msgs': CMAKE_PREFIX_PATH=/mnt/nova_ssd/workspaces/navigation/install/dwa_main:/mnt/nova_ssd/workspaces/navigation/install/dstar_main:/mnt/nova_ssd/workspaces/navigation/install/costmap_converter:/mnt/nova_ssd/workspaces/navigation/install/costmap_converter_msgs:/mnt/nova_ssd/workspaces/texttopoint_ws/install/point_publisher_pkg:/mnt/nova_ssd/workspaces/kiss-icp_ws/install/kiss_icp:/mnt/nova_ssd/workspaces/3d_lidar/src/ws_livox/install/livox_ros_driver2:/mnt/nova_ssd/workspaces/scout/install/scout_base:/mnt/nova_ssd/workspaces/pcl_ws/install/my_package:/mnt/nova_ssd/workspaces/pcl_ws/install/livox_tf:/opt/ros/humble:/mnt/nova_ssd/workspaces/scout/install/ugv_sdk:/mnt/nova_ssd/workspaces/scout/install/scout_msgs:/mnt/nova_ssd/workspaces/scout/install/scout_description:/mnt/nova_ssd/workspaces/octomap_ws/install/octomap_example:/mnt/nova_ssd/workspaces/pcl_ws/install/projected_pcl:/mnt/nova_ssd/workspaces/pcl_ws/install/pointcloud_to_laserscan:/mnt/nova_ssd/workspaces/pcl_ws/install/pcl_object_detection:/mnt/nova_ssd/workspaces/pcl_ws/install/pcl_filter /usr/bin/cmake --install /mnt/nova_ssd/workspaces/navigation/build/costmap_converter_msgs
[2.718s] Level 1:colcon.colcon_core.environment:create_environment_scripts_only(costmap_converter_msgs)
[2.718s] Level 1:colcon.colcon_core.environment:checking '/mnt/nova_ssd/workspaces/navigation/install/costmap_converter_msgs' for CMake module files
[2.719s] DEBUG:colcon.colcon_core.event_handler.log_command:Invoked command in '/mnt/nova_ssd/workspaces/navigation/build/costmap_converter_msgs' returned '0': CMAKE_PREFIX_PATH=/mnt/nova_ssd/workspaces/navigation/install/dwa_main:/mnt/nova_ssd/workspaces/navigation/install/dstar_main:/mnt/nova_ssd/workspaces/navigation/install/costmap_converter:/mnt/nova_ssd/workspaces/navigation/install/costmap_converter_msgs:/mnt/nova_ssd/workspaces/texttopoint_ws/install/point_publisher_pkg:/mnt/nova_ssd/workspaces/kiss-icp_ws/install/kiss_icp:/mnt/nova_ssd/workspaces/3d_lidar/src/ws_livox/install/livox_ros_driver2:/mnt/nova_ssd/workspaces/scout/install/scout_base:/mnt/nova_ssd/workspaces/pcl_ws/install/my_package:/mnt/nova_ssd/workspaces/pcl_ws/install/livox_tf:/opt/ros/humble:/mnt/nova_ssd/workspaces/scout/install/ugv_sdk:/mnt/nova_ssd/workspaces/scout/install/scout_msgs:/mnt/nova_ssd/workspaces/scout/install/scout_description:/mnt/nova_ssd/workspaces/octomap_ws/install/octomap_example:/mnt/nova_ssd/workspaces/pcl_ws/install/projected_pcl:/mnt/nova_ssd/workspaces/pcl_ws/install/pointcloud_to_laserscan:/mnt/nova_ssd/workspaces/pcl_ws/install/pcl_object_detection:/mnt/nova_ssd/workspaces/pcl_ws/install/pcl_filter /usr/bin/cmake --install /mnt/nova_ssd/workspaces/navigation/build/costmap_converter_msgs
[2.721s] Level 1:colcon.colcon_core.environment:checking '/mnt/nova_ssd/workspaces/navigation/install/costmap_converter_msgs' for CMake config files
[2.722s] Level 1:colcon.colcon_core.shell:create_environment_hook('costmap_converter_msgs', 'cmake_prefix_path')
[2.723s] INFO:colcon.colcon_core.shell:Creating environment hook '/mnt/nova_ssd/workspaces/navigation/install/costmap_converter_msgs/share/costmap_converter_msgs/hook/cmake_prefix_path.ps1'
[2.724s] INFO:colcon.colcon_core.shell:Creating environment descriptor '/mnt/nova_ssd/workspaces/navigation/install/costmap_converter_msgs/share/costmap_converter_msgs/hook/cmake_prefix_path.dsv'
[2.725s] INFO:colcon.colcon_core.shell:Creating environment hook '/mnt/nova_ssd/workspaces/navigation/install/costmap_converter_msgs/share/costmap_converter_msgs/hook/cmake_prefix_path.sh'
[2.726s] Level 1:colcon.colcon_core.environment:checking '/mnt/nova_ssd/workspaces/navigation/install/costmap_converter_msgs/lib'
[2.726s] Level 1:colcon.colcon_core.shell:create_environment_hook('costmap_converter_msgs', 'ld_library_path_lib')
[2.726s] INFO:colcon.colcon_core.shell:Creating environment hook '/mnt/nova_ssd/workspaces/navigation/install/costmap_converter_msgs/share/costmap_converter_msgs/hook/ld_library_path_lib.ps1'
[2.727s] INFO:colcon.colcon_core.shell:Creating environment descriptor '/mnt/nova_ssd/workspaces/navigation/install/costmap_converter_msgs/share/costmap_converter_msgs/hook/ld_library_path_lib.dsv'
[2.728s] INFO:colcon.colcon_core.shell:Creating environment hook '/mnt/nova_ssd/workspaces/navigation/install/costmap_converter_msgs/share/costmap_converter_msgs/hook/ld_library_path_lib.sh'
[2.728s] Level 1:colcon.colcon_core.environment:checking '/mnt/nova_ssd/workspaces/navigation/install/costmap_converter_msgs/bin'
[2.728s] Level 1:colcon.colcon_core.environment:checking '/mnt/nova_ssd/workspaces/navigation/install/costmap_converter_msgs/lib/pkgconfig/costmap_converter_msgs.pc'
[2.729s] Level 1:colcon.colcon_core.environment:checking '/mnt/nova_ssd/workspaces/navigation/install/costmap_converter_msgs/lib/python3.10/site-packages'
[2.729s] Level 1:colcon.colcon_core.environment:checking '/mnt/nova_ssd/workspaces/navigation/install/costmap_converter_msgs/bin'
[2.730s] INFO:colcon.colcon_core.shell:Creating package script '/mnt/nova_ssd/workspaces/navigation/install/costmap_converter_msgs/share/costmap_converter_msgs/package.ps1'
[2.731s] INFO:colcon.colcon_core.shell:Creating package descriptor '/mnt/nova_ssd/workspaces/navigation/install/costmap_converter_msgs/share/costmap_converter_msgs/package.dsv'
[2.731s] INFO:colcon.colcon_core.shell:Creating package script '/mnt/nova_ssd/workspaces/navigation/install/costmap_converter_msgs/share/costmap_converter_msgs/package.sh'
[2.732s] INFO:colcon.colcon_core.shell:Creating package script '/mnt/nova_ssd/workspaces/navigation/install/costmap_converter_msgs/share/costmap_converter_msgs/package.bash'
[2.732s] INFO:colcon.colcon_core.shell:Creating package script '/mnt/nova_ssd/workspaces/navigation/install/costmap_converter_msgs/share/costmap_converter_msgs/package.zsh'
[2.733s] Level 1:colcon.colcon_core.environment:create_file_with_runtime_dependencies(/mnt/nova_ssd/workspaces/navigation/install/costmap_converter_msgs/share/colcon-core/packages/costmap_converter_msgs)
[3.062s] Level 1:colcon.colcon_core.environment:create_environment_scripts_only(costmap_converter_msgs)
[3.062s] Level 1:colcon.colcon_core.environment:checking '/mnt/nova_ssd/workspaces/navigation/install/costmap_converter_msgs' for CMake module files
[3.063s] Level 1:colcon.colcon_core.environment:checking '/mnt/nova_ssd/workspaces/navigation/install/costmap_converter_msgs' for CMake config files
[3.064s] Level 1:colcon.colcon_core.shell:create_environment_hook('costmap_converter_msgs', 'cmake_prefix_path')
[3.064s] INFO:colcon.colcon_core.shell:Creating environment hook '/mnt/nova_ssd/workspaces/navigation/install/costmap_converter_msgs/share/costmap_converter_msgs/hook/cmake_prefix_path.ps1'
[3.065s] INFO:colcon.colcon_core.shell:Creating environment descriptor '/mnt/nova_ssd/workspaces/navigation/install/costmap_converter_msgs/share/costmap_converter_msgs/hook/cmake_prefix_path.dsv'
[3.066s] INFO:colcon.colcon_core.shell:Creating environment hook '/mnt/nova_ssd/workspaces/navigation/install/costmap_converter_msgs/share/costmap_converter_msgs/hook/cmake_prefix_path.sh'
[3.066s] Level 1:colcon.colcon_core.environment:checking '/mnt/nova_ssd/workspaces/navigation/install/costmap_converter_msgs/lib'
[3.067s] Level 1:colcon.colcon_core.shell:create_environment_hook('costmap_converter_msgs', 'ld_library_path_lib')
[3.067s] INFO:colcon.colcon_core.shell:Creating environment hook '/mnt/nova_ssd/workspaces/navigation/install/costmap_converter_msgs/share/costmap_converter_msgs/hook/ld_library_path_lib.ps1'
[3.067s] INFO:colcon.colcon_core.shell:Creating environment descriptor '/mnt/nova_ssd/workspaces/navigation/install/costmap_converter_msgs/share/costmap_converter_msgs/hook/ld_library_path_lib.dsv'
[3.068s] INFO:colcon.colcon_core.shell:Creating environment hook '/mnt/nova_ssd/workspaces/navigation/install/costmap_converter_msgs/share/costmap_converter_msgs/hook/ld_library_path_lib.sh'
[3.071s] Level 1:colcon.colcon_core.environment:checking '/mnt/nova_ssd/workspaces/navigation/install/costmap_converter_msgs/bin'
[3.071s] Level 1:colcon.colcon_core.environment:checking '/mnt/nova_ssd/workspaces/navigation/install/costmap_converter_msgs/lib/pkgconfig/costmap_converter_msgs.pc'
[3.072s] Level 1:colcon.colcon_core.environment:checking '/mnt/nova_ssd/workspaces/navigation/install/costmap_converter_msgs/lib/python3.10/site-packages'
[3.072s] Level 1:colcon.colcon_core.environment:checking '/mnt/nova_ssd/workspaces/navigation/install/costmap_converter_msgs/bin'
[3.073s] INFO:colcon.colcon_core.shell:Creating package script '/mnt/nova_ssd/workspaces/navigation/install/costmap_converter_msgs/share/costmap_converter_msgs/package.ps1'
[3.074s] INFO:colcon.colcon_core.shell:Creating package descriptor '/mnt/nova_ssd/workspaces/navigation/install/costmap_converter_msgs/share/costmap_converter_msgs/package.dsv'
[3.076s] INFO:colcon.colcon_core.shell:Creating package script '/mnt/nova_ssd/workspaces/navigation/install/costmap_converter_msgs/share/costmap_converter_msgs/package.sh'
[3.077s] INFO:colcon.colcon_core.shell:Creating package script '/mnt/nova_ssd/workspaces/navigation/install/costmap_converter_msgs/share/costmap_converter_msgs/package.bash'
[3.078s] INFO:colcon.colcon_core.shell:Creating package script '/mnt/nova_ssd/workspaces/navigation/install/costmap_converter_msgs/share/costmap_converter_msgs/package.zsh'
[3.079s] Level 1:colcon.colcon_core.environment:create_file_with_runtime_dependencies(/mnt/nova_ssd/workspaces/navigation/install/costmap_converter_msgs/share/colcon-core/packages/costmap_converter_msgs)
[3.081s] INFO:colcon.colcon_ros.task.ament_cmake.build:Building ROS package in '/mnt/nova_ssd/workspaces/navigation/src/costmap_converter/costmap_converter' with build type 'ament_cmake'
[3.082s] INFO:colcon.colcon_cmake.task.cmake.build:Building CMake package in '/mnt/nova_ssd/workspaces/navigation/src/costmap_converter/costmap_converter'
[3.083s] INFO:colcon.colcon_core.shell:Skip shell extension 'powershell' for command environment: Not usable outside of PowerShell
[3.083s] DEBUG:colcon.colcon_core.shell:Skip shell extension 'dsv' for command environment
[3.133s] DEBUG:colcon.colcon_core.event_handler.log_command:Invoking command in '/mnt/nova_ssd/workspaces/navigation/build/costmap_converter': CMAKE_PREFIX_PATH=/mnt/nova_ssd/workspaces/navigation/install/costmap_converter_msgs:/mnt/nova_ssd/workspaces/navigation/install/dwa_main:/mnt/nova_ssd/workspaces/navigation/install/dstar_main:/mnt/nova_ssd/workspaces/navigation/install/costmap_converter:/mnt/nova_ssd/workspaces/texttopoint_ws/install/point_publisher_pkg:/mnt/nova_ssd/workspaces/kiss-icp_ws/install/kiss_icp:/mnt/nova_ssd/workspaces/3d_lidar/src/ws_livox/install/livox_ros_driver2:/mnt/nova_ssd/workspaces/scout/install/scout_base:/mnt/nova_ssd/workspaces/pcl_ws/install/my_package:/mnt/nova_ssd/workspaces/pcl_ws/install/livox_tf:/opt/ros/humble:/mnt/nova_ssd/workspaces/scout/install/ugv_sdk:/mnt/nova_ssd/workspaces/scout/install/scout_msgs:/mnt/nova_ssd/workspaces/scout/install/scout_description:/mnt/nova_ssd/workspaces/octomap_ws/install/octomap_example:/mnt/nova_ssd/workspaces/pcl_ws/install/projected_pcl:/mnt/nova_ssd/workspaces/pcl_ws/install/pointcloud_to_laserscan:/mnt/nova_ssd/workspaces/pcl_ws/install/pcl_object_detection:/mnt/nova_ssd/workspaces/pcl_ws/install/pcl_filter LD_LIBRARY_PATH=/mnt/nova_ssd/workspaces/navigation/install/costmap_converter_msgs/lib:/mnt/nova_ssd/workspaces/navigation/install/costmap_converter/lib:/mnt/nova_ssd/workspaces/kiss-icp_ws/install/kiss_icp/lib:/mnt/nova_ssd/workspaces/3d_lidar/src/ws_livox/install/livox_ros_driver2/lib:/mnt/nova_ssd/workspaces/scout/install/scout_msgs/lib:/mnt/nova_ssd/workspaces/pcl_ws/install/pointcloud_to_laserscan/lib:/mnt/nova_ssd/workspaces/pcl_ws/install/pcl_object_detection/lib:/opt/ros/humble/opt/rviz_ogre_vendor/lib:/opt/ros/humble/lib/aarch64-linux-gnu:/opt/ros/humble/lib:/usr/local/lib:/usr/local/lib /usr/bin/cmake --build /mnt/nova_ssd/workspaces/navigation/build/costmap_converter -- -j12 -l12
[3.581s] DEBUG:colcon.colcon_core.event_handler.log_command:Invoked command in '/mnt/nova_ssd/workspaces/navigation/build/costmap_converter' returned '0': CMAKE_PREFIX_PATH=/mnt/nova_ssd/workspaces/navigation/install/costmap_converter_msgs:/mnt/nova_ssd/workspaces/navigation/install/dwa_main:/mnt/nova_ssd/workspaces/navigation/install/dstar_main:/mnt/nova_ssd/workspaces/navigation/install/costmap_converter:/mnt/nova_ssd/workspaces/texttopoint_ws/install/point_publisher_pkg:/mnt/nova_ssd/workspaces/kiss-icp_ws/install/kiss_icp:/mnt/nova_ssd/workspaces/3d_lidar/src/ws_livox/install/livox_ros_driver2:/mnt/nova_ssd/workspaces/scout/install/scout_base:/mnt/nova_ssd/workspaces/pcl_ws/install/my_package:/mnt/nova_ssd/workspaces/pcl_ws/install/livox_tf:/opt/ros/humble:/mnt/nova_ssd/workspaces/scout/install/ugv_sdk:/mnt/nova_ssd/workspaces/scout/install/scout_msgs:/mnt/nova_ssd/workspaces/scout/install/scout_description:/mnt/nova_ssd/workspaces/octomap_ws/install/octomap_example:/mnt/nova_ssd/workspaces/pcl_ws/install/projected_pcl:/mnt/nova_ssd/workspaces/pcl_ws/install/pointcloud_to_laserscan:/mnt/nova_ssd/workspaces/pcl_ws/install/pcl_object_detection:/mnt/nova_ssd/workspaces/pcl_ws/install/pcl_filter LD_LIBRARY_PATH=/mnt/nova_ssd/workspaces/navigation/install/costmap_converter_msgs/lib:/mnt/nova_ssd/workspaces/navigation/install/costmap_converter/lib:/mnt/nova_ssd/workspaces/kiss-icp_ws/install/kiss_icp/lib:/mnt/nova_ssd/workspaces/3d_lidar/src/ws_livox/install/livox_ros_driver2/lib:/mnt/nova_ssd/workspaces/scout/install/scout_msgs/lib:/mnt/nova_ssd/workspaces/pcl_ws/install/pointcloud_to_laserscan/lib:/mnt/nova_ssd/workspaces/pcl_ws/install/pcl_object_detection/lib:/opt/ros/humble/opt/rviz_ogre_vendor/lib:/opt/ros/humble/lib/aarch64-linux-gnu:/opt/ros/humble/lib:/usr/local/lib:/usr/local/lib /usr/bin/cmake --build /mnt/nova_ssd/workspaces/navigation/build/costmap_converter -- -j12 -l12
[3.799s] DEBUG:colcon.colcon_core.event_handler.log_command:Invoking command in '/mnt/nova_ssd/workspaces/navigation/build/costmap_converter': CMAKE_PREFIX_PATH=/mnt/nova_ssd/workspaces/navigation/install/costmap_converter_msgs:/mnt/nova_ssd/workspaces/navigation/install/dwa_main:/mnt/nova_ssd/workspaces/navigation/install/dstar_main:/mnt/nova_ssd/workspaces/navigation/install/costmap_converter:/mnt/nova_ssd/workspaces/texttopoint_ws/install/point_publisher_pkg:/mnt/nova_ssd/workspaces/kiss-icp_ws/install/kiss_icp:/mnt/nova_ssd/workspaces/3d_lidar/src/ws_livox/install/livox_ros_driver2:/mnt/nova_ssd/workspaces/scout/install/scout_base:/mnt/nova_ssd/workspaces/pcl_ws/install/my_package:/mnt/nova_ssd/workspaces/pcl_ws/install/livox_tf:/opt/ros/humble:/mnt/nova_ssd/workspaces/scout/install/ugv_sdk:/mnt/nova_ssd/workspaces/scout/install/scout_msgs:/mnt/nova_ssd/workspaces/scout/install/scout_description:/mnt/nova_ssd/workspaces/octomap_ws/install/octomap_example:/mnt/nova_ssd/workspaces/pcl_ws/install/projected_pcl:/mnt/nova_ssd/workspaces/pcl_ws/install/pointcloud_to_laserscan:/mnt/nova_ssd/workspaces/pcl_ws/install/pcl_object_detection:/mnt/nova_ssd/workspaces/pcl_ws/install/pcl_filter LD_LIBRARY_PATH=/mnt/nova_ssd/workspaces/navigation/install/costmap_converter_msgs/lib:/mnt/nova_ssd/workspaces/navigation/install/costmap_converter/lib:/mnt/nova_ssd/workspaces/kiss-icp_ws/install/kiss_icp/lib:/mnt/nova_ssd/workspaces/3d_lidar/src/ws_livox/install/livox_ros_driver2/lib:/mnt/nova_ssd/workspaces/scout/install/scout_msgs/lib:/mnt/nova_ssd/workspaces/pcl_ws/install/pointcloud_to_laserscan/lib:/mnt/nova_ssd/workspaces/pcl_ws/install/pcl_object_detection/lib:/opt/ros/humble/opt/rviz_ogre_vendor/lib:/opt/ros/humble/lib/aarch64-linux-gnu:/opt/ros/humble/lib:/usr/local/lib:/usr/local/lib /usr/bin/cmake --install /mnt/nova_ssd/workspaces/navigation/build/costmap_converter
[3.818s] Level 1:colcon.colcon_core.environment:create_environment_scripts_only(costmap_converter)
[3.819s] Level 1:colcon.colcon_core.environment:checking '/mnt/nova_ssd/workspaces/navigation/install/costmap_converter' for CMake module files
[3.819s] Level 1:colcon.colcon_core.environment:checking '/mnt/nova_ssd/workspaces/navigation/install/costmap_converter' for CMake config files
[3.820s] Level 1:colcon.colcon_core.shell:create_environment_hook('costmap_converter', 'cmake_prefix_path')
[3.820s] INFO:colcon.colcon_core.shell:Creating environment hook '/mnt/nova_ssd/workspaces/navigation/install/costmap_converter/share/costmap_converter/hook/cmake_prefix_path.ps1'
[3.821s] INFO:colcon.colcon_core.shell:Creating environment descriptor '/mnt/nova_ssd/workspaces/navigation/install/costmap_converter/share/costmap_converter/hook/cmake_prefix_path.dsv'
[3.821s] INFO:colcon.colcon_core.shell:Creating environment hook '/mnt/nova_ssd/workspaces/navigation/install/costmap_converter/share/costmap_converter/hook/cmake_prefix_path.sh'
[3.822s] Level 1:colcon.colcon_core.environment:checking '/mnt/nova_ssd/workspaces/navigation/install/costmap_converter/lib'
[3.822s] Level 1:colcon.colcon_core.shell:create_environment_hook('costmap_converter', 'ld_library_path_lib')
[3.823s] INFO:colcon.colcon_core.shell:Creating environment hook '/mnt/nova_ssd/workspaces/navigation/install/costmap_converter/share/costmap_converter/hook/ld_library_path_lib.ps1'
[3.824s] INFO:colcon.colcon_core.shell:Creating environment descriptor '/mnt/nova_ssd/workspaces/navigation/install/costmap_converter/share/costmap_converter/hook/ld_library_path_lib.dsv'
[3.824s] INFO:colcon.colcon_core.shell:Creating environment hook '/mnt/nova_ssd/workspaces/navigation/install/costmap_converter/share/costmap_converter/hook/ld_library_path_lib.sh'
[3.825s] Level 1:colcon.colcon_core.environment:checking '/mnt/nova_ssd/workspaces/navigation/install/costmap_converter/bin'
[3.825s] Level 1:colcon.colcon_core.shell:create_environment_hook('costmap_converter', 'path')
[3.825s] INFO:colcon.colcon_core.shell:Creating environment hook '/mnt/nova_ssd/workspaces/navigation/install/costmap_converter/share/costmap_converter/hook/path.ps1'
[3.826s] INFO:colcon.colcon_core.shell:Creating environment descriptor '/mnt/nova_ssd/workspaces/navigation/install/costmap_converter/share/costmap_converter/hook/path.dsv'
[3.827s] INFO:colcon.colcon_core.shell:Creating environment hook '/mnt/nova_ssd/workspaces/navigation/install/costmap_converter/share/costmap_converter/hook/path.sh'
[3.827s] Level 1:colcon.colcon_core.environment:checking '/mnt/nova_ssd/workspaces/navigation/install/costmap_converter/lib/pkgconfig/costmap_converter.pc'
[3.827s] Level 1:colcon.colcon_core.environment:checking '/mnt/nova_ssd/workspaces/navigation/install/costmap_converter/lib/python3.10/site-packages'
[3.828s] Level 1:colcon.colcon_core.environment:checking '/mnt/nova_ssd/workspaces/navigation/install/costmap_converter/bin'
[3.828s] Level 1:colcon.colcon_core.shell:create_environment_hook('costmap_converter', 'pythonscriptspath')
[3.828s] INFO:colcon.colcon_core.shell:Creating environment hook '/mnt/nova_ssd/workspaces/navigation/install/costmap_converter/share/costmap_converter/hook/pythonscriptspath.ps1'
[3.830s] DEBUG:colcon.colcon_core.event_handler.log_command:Invoked command in '/mnt/nova_ssd/workspaces/navigation/build/costmap_converter' returned '0': CMAKE_PREFIX_PATH=/mnt/nova_ssd/workspaces/navigation/install/costmap_converter_msgs:/mnt/nova_ssd/workspaces/navigation/install/dwa_main:/mnt/nova_ssd/workspaces/navigation/install/dstar_main:/mnt/nova_ssd/workspaces/navigation/install/costmap_converter:/mnt/nova_ssd/workspaces/texttopoint_ws/install/point_publisher_pkg:/mnt/nova_ssd/workspaces/kiss-icp_ws/install/kiss_icp:/mnt/nova_ssd/workspaces/3d_lidar/src/ws_livox/install/livox_ros_driver2:/mnt/nova_ssd/workspaces/scout/install/scout_base:/mnt/nova_ssd/workspaces/pcl_ws/install/my_package:/mnt/nova_ssd/workspaces/pcl_ws/install/livox_tf:/opt/ros/humble:/mnt/nova_ssd/workspaces/scout/install/ugv_sdk:/mnt/nova_ssd/workspaces/scout/install/scout_msgs:/mnt/nova_ssd/workspaces/scout/install/scout_description:/mnt/nova_ssd/workspaces/octomap_ws/install/octomap_example:/mnt/nova_ssd/workspaces/pcl_ws/install/projected_pcl:/mnt/nova_ssd/workspaces/pcl_ws/install/pointcloud_to_laserscan:/mnt/nova_ssd/workspaces/pcl_ws/install/pcl_object_detection:/mnt/nova_ssd/workspaces/pcl_ws/install/pcl_filter LD_LIBRARY_PATH=/mnt/nova_ssd/workspaces/navigation/install/costmap_converter_msgs/lib:/mnt/nova_ssd/workspaces/navigation/install/costmap_converter/lib:/mnt/nova_ssd/workspaces/kiss-icp_ws/install/kiss_icp/lib:/mnt/nova_ssd/workspaces/3d_lidar/src/ws_livox/install/livox_ros_driver2/lib:/mnt/nova_ssd/workspaces/scout/install/scout_msgs/lib:/mnt/nova_ssd/workspaces/pcl_ws/install/pointcloud_to_laserscan/lib:/mnt/nova_ssd/workspaces/pcl_ws/install/pcl_object_detection/lib:/opt/ros/humble/opt/rviz_ogre_vendor/lib:/opt/ros/humble/lib/aarch64-linux-gnu:/opt/ros/humble/lib:/usr/local/lib:/usr/local/lib /usr/bin/cmake --install /mnt/nova_ssd/workspaces/navigation/build/costmap_converter
[3.831s] INFO:colcon.colcon_core.shell:Creating environment descriptor '/mnt/nova_ssd/workspaces/navigation/install/costmap_converter/share/costmap_converter/hook/pythonscriptspath.dsv'
[3.831s] INFO:colcon.colcon_core.shell:Creating environment hook '/mnt/nova_ssd/workspaces/navigation/install/costmap_converter/share/costmap_converter/hook/pythonscriptspath.sh'
[3.832s] INFO:colcon.colcon_core.shell:Creating package script '/mnt/nova_ssd/workspaces/navigation/install/costmap_converter/share/costmap_converter/package.ps1'
[3.833s] INFO:colcon.colcon_core.shell:Creating package descriptor '/mnt/nova_ssd/workspaces/navigation/install/costmap_converter/share/costmap_converter/package.dsv'
[3.834s] INFO:colcon.colcon_core.shell:Creating package script '/mnt/nova_ssd/workspaces/navigation/install/costmap_converter/share/costmap_converter/package.sh'
[3.835s] INFO:colcon.colcon_core.shell:Creating package script '/mnt/nova_ssd/workspaces/navigation/install/costmap_converter/share/costmap_converter/package.bash'
[3.835s] INFO:colcon.colcon_core.shell:Creating package script '/mnt/nova_ssd/workspaces/navigation/install/costmap_converter/share/costmap_converter/package.zsh'
[3.836s] Level 1:colcon.colcon_core.environment:create_file_with_runtime_dependencies(/mnt/nova_ssd/workspaces/navigation/install/costmap_converter/share/colcon-core/packages/costmap_converter)
[4.079s] Level 1:colcon.colcon_core.environment:create_environment_scripts_only(costmap_converter)
[4.079s] Level 1:colcon.colcon_core.environment:checking '/mnt/nova_ssd/workspaces/navigation/install/costmap_converter' for CMake module files
[4.080s] Level 1:colcon.colcon_core.environment:checking '/mnt/nova_ssd/workspaces/navigation/install/costmap_converter' for CMake config files
[4.081s] Level 1:colcon.colcon_core.shell:create_environment_hook('costmap_converter', 'cmake_prefix_path')
[4.081s] INFO:colcon.colcon_core.shell:Creating environment hook '/mnt/nova_ssd/workspaces/navigation/install/costmap_converter/share/costmap_converter/hook/cmake_prefix_path.ps1'
[4.082s] INFO:colcon.colcon_core.shell:Creating environment descriptor '/mnt/nova_ssd/workspaces/navigation/install/costmap_converter/share/costmap_converter/hook/cmake_prefix_path.dsv'
[4.083s] INFO:colcon.colcon_core.shell:Creating environment hook '/mnt/nova_ssd/workspaces/navigation/install/costmap_converter/share/costmap_converter/hook/cmake_prefix_path.sh'
[4.084s] Level 1:colcon.colcon_core.environment:checking '/mnt/nova_ssd/workspaces/navigation/install/costmap_converter/lib'
[4.084s] Level 1:colcon.colcon_core.shell:create_environment_hook('costmap_converter', 'ld_library_path_lib')
[4.084s] INFO:colcon.colcon_core.shell:Creating environment hook '/mnt/nova_ssd/workspaces/navigation/install/costmap_converter/share/costmap_converter/hook/ld_library_path_lib.ps1'
[4.085s] INFO:colcon.colcon_core.shell:Creating environment descriptor '/mnt/nova_ssd/workspaces/navigation/install/costmap_converter/share/costmap_converter/hook/ld_library_path_lib.dsv'
[4.086s] INFO:colcon.colcon_core.shell:Creating environment hook '/mnt/nova_ssd/workspaces/navigation/install/costmap_converter/share/costmap_converter/hook/ld_library_path_lib.sh'
[4.087s] Level 1:colcon.colcon_core.environment:checking '/mnt/nova_ssd/workspaces/navigation/install/costmap_converter/bin'
[4.087s] Level 1:colcon.colcon_core.shell:create_environment_hook('costmap_converter', 'path')
[4.087s] INFO:colcon.colcon_core.shell:Creating environment hook '/mnt/nova_ssd/workspaces/navigation/install/costmap_converter/share/costmap_converter/hook/path.ps1'
[4.088s] INFO:colcon.colcon_core.shell:Creating environment descriptor '/mnt/nova_ssd/workspaces/navigation/install/costmap_converter/share/costmap_converter/hook/path.dsv'
[4.088s] INFO:colcon.colcon_core.shell:Creating environment hook '/mnt/nova_ssd/workspaces/navigation/install/costmap_converter/share/costmap_converter/hook/path.sh'
[4.089s] Level 1:colcon.colcon_core.environment:checking '/mnt/nova_ssd/workspaces/navigation/install/costmap_converter/lib/pkgconfig/costmap_converter.pc'
[4.090s] Level 1:colcon.colcon_core.environment:checking '/mnt/nova_ssd/workspaces/navigation/install/costmap_converter/lib/python3.10/site-packages'
[4.090s] Level 1:colcon.colcon_core.environment:checking '/mnt/nova_ssd/workspaces/navigation/install/costmap_converter/bin'
[4.090s] Level 1:colcon.colcon_core.shell:create_environment_hook('costmap_converter', 'pythonscriptspath')
[4.091s] INFO:colcon.colcon_core.shell:Creating environment hook '/mnt/nova_ssd/workspaces/navigation/install/costmap_converter/share/costmap_converter/hook/pythonscriptspath.ps1'
[4.091s] INFO:colcon.colcon_core.shell:Creating environment descriptor '/mnt/nova_ssd/workspaces/navigation/install/costmap_converter/share/costmap_converter/hook/pythonscriptspath.dsv'
[4.092s] INFO:colcon.colcon_core.shell:Creating environment hook '/mnt/nova_ssd/workspaces/navigation/install/costmap_converter/share/costmap_converter/hook/pythonscriptspath.sh'
[4.093s] INFO:colcon.colcon_core.shell:Creating package script '/mnt/nova_ssd/workspaces/navigation/install/costmap_converter/share/costmap_converter/package.ps1'
[4.094s] INFO:colcon.colcon_core.shell:Creating package descriptor '/mnt/nova_ssd/workspaces/navigation/install/costmap_converter/share/costmap_converter/package.dsv'
[4.096s] INFO:colcon.colcon_core.shell:Creating package script '/mnt/nova_ssd/workspaces/navigation/install/costmap_converter/share/costmap_converter/package.sh'
[4.097s] INFO:colcon.colcon_core.shell:Creating package script '/mnt/nova_ssd/workspaces/navigation/install/costmap_converter/share/costmap_converter/package.bash'
[4.098s] INFO:colcon.colcon_core.shell:Creating package script '/mnt/nova_ssd/workspaces/navigation/install/costmap_converter/share/costmap_converter/package.zsh'
[4.098s] Level 1:colcon.colcon_core.environment:create_file_with_runtime_dependencies(/mnt/nova_ssd/workspaces/navigation/install/costmap_converter/share/colcon-core/packages/costmap_converter)
[23.228s] DEBUG:colcon.colcon_core.event_handler.log_command:Invoked command in '/mnt/nova_ssd/workspaces/navigation/build/dstar_main' returned '0': CMAKE_PREFIX_PATH=/mnt/nova_ssd/workspaces/navigation/install/dwa_main:/mnt/nova_ssd/workspaces/navigation/install/dstar_main:/mnt/nova_ssd/workspaces/navigation/install/costmap_converter:/mnt/nova_ssd/workspaces/navigation/install/costmap_converter_msgs:/mnt/nova_ssd/workspaces/texttopoint_ws/install/point_publisher_pkg:/mnt/nova_ssd/workspaces/kiss-icp_ws/install/kiss_icp:/mnt/nova_ssd/workspaces/3d_lidar/src/ws_livox/install/livox_ros_driver2:/mnt/nova_ssd/workspaces/scout/install/scout_base:/mnt/nova_ssd/workspaces/pcl_ws/install/my_package:/mnt/nova_ssd/workspaces/pcl_ws/install/livox_tf:/opt/ros/humble:/mnt/nova_ssd/workspaces/scout/install/ugv_sdk:/mnt/nova_ssd/workspaces/scout/install/scout_msgs:/mnt/nova_ssd/workspaces/scout/install/scout_description:/mnt/nova_ssd/workspaces/octomap_ws/install/octomap_example:/mnt/nova_ssd/workspaces/pcl_ws/install/projected_pcl:/mnt/nova_ssd/workspaces/pcl_ws/install/pointcloud_to_laserscan:/mnt/nova_ssd/workspaces/pcl_ws/install/pcl_object_detection:/mnt/nova_ssd/workspaces/pcl_ws/install/pcl_filter /usr/bin/cmake --build /mnt/nova_ssd/workspaces/navigation/build/dstar_main -- -j12 -l12
[23.331s] DEBUG:colcon.colcon_core.event_handler.log_command:Invoking command in '/mnt/nova_ssd/workspaces/navigation/build/dstar_main': CMAKE_PREFIX_PATH=/mnt/nova_ssd/workspaces/navigation/install/dwa_main:/mnt/nova_ssd/workspaces/navigation/install/dstar_main:/mnt/nova_ssd/workspaces/navigation/install/costmap_converter:/mnt/nova_ssd/workspaces/navigation/install/costmap_converter_msgs:/mnt/nova_ssd/workspaces/texttopoint_ws/install/point_publisher_pkg:/mnt/nova_ssd/workspaces/kiss-icp_ws/install/kiss_icp:/mnt/nova_ssd/workspaces/3d_lidar/src/ws_livox/install/livox_ros_driver2:/mnt/nova_ssd/workspaces/scout/install/scout_base:/mnt/nova_ssd/workspaces/pcl_ws/install/my_package:/mnt/nova_ssd/workspaces/pcl_ws/install/livox_tf:/opt/ros/humble:/mnt/nova_ssd/workspaces/scout/install/ugv_sdk:/mnt/nova_ssd/workspaces/scout/install/scout_msgs:/mnt/nova_ssd/workspaces/scout/install/scout_description:/mnt/nova_ssd/workspaces/octomap_ws/install/octomap_example:/mnt/nova_ssd/workspaces/pcl_ws/install/projected_pcl:/mnt/nova_ssd/workspaces/pcl_ws/install/pointcloud_to_laserscan:/mnt/nova_ssd/workspaces/pcl_ws/install/pcl_object_detection:/mnt/nova_ssd/workspaces/pcl_ws/install/pcl_filter /usr/bin/cmake --install /mnt/nova_ssd/workspaces/navigation/build/dstar_main
[23.348s] Level 1:colcon.colcon_core.environment:create_environment_scripts_only(dstar_main)
[23.349s] Level 1:colcon.colcon_core.environment:checking '/mnt/nova_ssd/workspaces/navigation/install/dstar_main' for CMake module files
[23.349s] DEBUG:colcon.colcon_core.event_handler.log_command:Invoked command in '/mnt/nova_ssd/workspaces/navigation/build/dstar_main' returned '0': CMAKE_PREFIX_PATH=/mnt/nova_ssd/workspaces/navigation/install/dwa_main:/mnt/nova_ssd/workspaces/navigation/install/dstar_main:/mnt/nova_ssd/workspaces/navigation/install/costmap_converter:/mnt/nova_ssd/workspaces/navigation/install/costmap_converter_msgs:/mnt/nova_ssd/workspaces/texttopoint_ws/install/point_publisher_pkg:/mnt/nova_ssd/workspaces/kiss-icp_ws/install/kiss_icp:/mnt/nova_ssd/workspaces/3d_lidar/src/ws_livox/install/livox_ros_driver2:/mnt/nova_ssd/workspaces/scout/install/scout_base:/mnt/nova_ssd/workspaces/pcl_ws/install/my_package:/mnt/nova_ssd/workspaces/pcl_ws/install/livox_tf:/opt/ros/humble:/mnt/nova_ssd/workspaces/scout/install/ugv_sdk:/mnt/nova_ssd/workspaces/scout/install/scout_msgs:/mnt/nova_ssd/workspaces/scout/install/scout_description:/mnt/nova_ssd/workspaces/octomap_ws/install/octomap_example:/mnt/nova_ssd/workspaces/pcl_ws/install/projected_pcl:/mnt/nova_ssd/workspaces/pcl_ws/install/pointcloud_to_laserscan:/mnt/nova_ssd/workspaces/pcl_ws/install/pcl_object_detection:/mnt/nova_ssd/workspaces/pcl_ws/install/pcl_filter /usr/bin/cmake --install /mnt/nova_ssd/workspaces/navigation/build/dstar_main
[23.350s] Level 1:colcon.colcon_core.environment:checking '/mnt/nova_ssd/workspaces/navigation/install/dstar_main' for CMake config files
[23.351s] Level 1:colcon.colcon_core.shell:create_environment_hook('dstar_main', 'cmake_prefix_path')
[23.351s] INFO:colcon.colcon_core.shell:Creating environment hook '/mnt/nova_ssd/workspaces/navigation/install/dstar_main/share/dstar_main/hook/cmake_prefix_path.ps1'
[23.352s] INFO:colcon.colcon_core.shell:Creating environment descriptor '/mnt/nova_ssd/workspaces/navigation/install/dstar_main/share/dstar_main/hook/cmake_prefix_path.dsv'
[23.353s] INFO:colcon.colcon_core.shell:Creating environment hook '/mnt/nova_ssd/workspaces/navigation/install/dstar_main/share/dstar_main/hook/cmake_prefix_path.sh'
[23.354s] Level 1:colcon.colcon_core.environment:checking '/mnt/nova_ssd/workspaces/navigation/install/dstar_main/lib'
[23.354s] Level 1:colcon.colcon_core.environment:checking '/mnt/nova_ssd/workspaces/navigation/install/dstar_main/bin'
[23.354s] Level 1:colcon.colcon_core.environment:checking '/mnt/nova_ssd/workspaces/navigation/install/dstar_main/lib/pkgconfig/dstar_main.pc'
[23.354s] Level 1:colcon.colcon_core.environment:checking '/mnt/nova_ssd/workspaces/navigation/install/dstar_main/lib/python3.10/site-packages'
[23.355s] Level 1:colcon.colcon_core.environment:checking '/mnt/nova_ssd/workspaces/navigation/install/dstar_main/bin'
[23.355s] INFO:colcon.colcon_core.shell:Creating package script '/mnt/nova_ssd/workspaces/navigation/install/dstar_main/share/dstar_main/package.ps1'
[23.356s] INFO:colcon.colcon_core.shell:Creating package descriptor '/mnt/nova_ssd/workspaces/navigation/install/dstar_main/share/dstar_main/package.dsv'
[23.357s] INFO:colcon.colcon_core.shell:Creating package script '/mnt/nova_ssd/workspaces/navigation/install/dstar_main/share/dstar_main/package.sh'
[23.357s] INFO:colcon.colcon_core.shell:Creating package script '/mnt/nova_ssd/workspaces/navigation/install/dstar_main/share/dstar_main/package.bash'
[23.358s] INFO:colcon.colcon_core.shell:Creating package script '/mnt/nova_ssd/workspaces/navigation/install/dstar_main/share/dstar_main/package.zsh'
[23.358s] Level 1:colcon.colcon_core.environment:create_file_with_runtime_dependencies(/mnt/nova_ssd/workspaces/navigation/install/dstar_main/share/colcon-core/packages/dstar_main)
[23.453s] Level 1:colcon.colcon_core.environment:create_environment_scripts_only(dstar_main)
[23.454s] Level 1:colcon.colcon_core.environment:checking '/mnt/nova_ssd/workspaces/navigation/install/dstar_main' for CMake module files
[23.455s] Level 1:colcon.colcon_core.environment:checking '/mnt/nova_ssd/workspaces/navigation/install/dstar_main' for CMake config files
[23.455s] Level 1:colcon.colcon_core.shell:create_environment_hook('dstar_main', 'cmake_prefix_path')
[23.455s] INFO:colcon.colcon_core.shell:Creating environment hook '/mnt/nova_ssd/workspaces/navigation/install/dstar_main/share/dstar_main/hook/cmake_prefix_path.ps1'
[23.457s] INFO:colcon.colcon_core.shell:Creating environment descriptor '/mnt/nova_ssd/workspaces/navigation/install/dstar_main/share/dstar_main/hook/cmake_prefix_path.dsv'
[23.458s] INFO:colcon.colcon_core.shell:Creating environment hook '/mnt/nova_ssd/workspaces/navigation/install/dstar_main/share/dstar_main/hook/cmake_prefix_path.sh'
[23.459s] Level 1:colcon.colcon_core.environment:checking '/mnt/nova_ssd/workspaces/navigation/install/dstar_main/lib'
[23.460s] Level 1:colcon.colcon_core.environment:checking '/mnt/nova_ssd/workspaces/navigation/install/dstar_main/bin'
[23.460s] Level 1:colcon.colcon_core.environment:checking '/mnt/nova_ssd/workspaces/navigation/install/dstar_main/lib/pkgconfig/dstar_main.pc'
[23.460s] Level 1:colcon.colcon_core.environment:checking '/mnt/nova_ssd/workspaces/navigation/install/dstar_main/lib/python3.10/site-packages'
[23.461s] Level 1:colcon.colcon_core.environment:checking '/mnt/nova_ssd/workspaces/navigation/install/dstar_main/bin'
[23.461s] INFO:colcon.colcon_core.shell:Creating package script '/mnt/nova_ssd/workspaces/navigation/install/dstar_main/share/dstar_main/package.ps1'
[23.462s] INFO:colcon.colcon_core.shell:Creating package descriptor '/mnt/nova_ssd/workspaces/navigation/install/dstar_main/share/dstar_main/package.dsv'
[23.463s] INFO:colcon.colcon_core.shell:Creating package script '/mnt/nova_ssd/workspaces/navigation/install/dstar_main/share/dstar_main/package.sh'
[23.464s] INFO:colcon.colcon_core.shell:Creating package script '/mnt/nova_ssd/workspaces/navigation/install/dstar_main/share/dstar_main/package.bash'
[23.464s] INFO:colcon.colcon_core.shell:Creating package script '/mnt/nova_ssd/workspaces/navigation/install/dstar_main/share/dstar_main/package.zsh'
[23.465s] Level 1:colcon.colcon_core.environment:create_file_with_runtime_dependencies(/mnt/nova_ssd/workspaces/navigation/install/dstar_main/share/colcon-core/packages/dstar_main)
[23.465s] DEBUG:colcon.colcon_parallel_executor.executor.parallel:closing loop
[23.466s] DEBUG:colcon.colcon_parallel_executor.executor.parallel:loop closed
[23.466s] DEBUG:colcon.colcon_parallel_executor.executor.parallel:run_until_complete finished with '0'
[23.466s] DEBUG:colcon.colcon_core.event_reactor:joining thread
[23.475s] INFO:colcon.colcon_core.plugin_system:Skipping extension 'colcon_notification.desktop_notification.terminal_notifier': Not used on non-Darwin systems
[23.475s] INFO:colcon.colcon_core.plugin_system:Skipping extension 'colcon_notification.desktop_notification.win32': Not used on non-Windows systems
[23.475s] INFO:colcon.colcon_notification.desktop_notification:Sending desktop notification using 'notify2'
[23.498s] DEBUG:colcon.colcon_core.event_reactor:joined thread
[23.499s] INFO:colcon.colcon_core.shell:Creating prefix script '/mnt/nova_ssd/workspaces/navigation/install/local_setup.ps1'
[23.501s] INFO:colcon.colcon_core.shell:Creating prefix util module '/mnt/nova_ssd/workspaces/navigation/install/_local_setup_util_ps1.py'
[23.509s] INFO:colcon.colcon_core.shell:Creating prefix chain script '/mnt/nova_ssd/workspaces/navigation/install/setup.ps1'
[23.514s] INFO:colcon.colcon_core.shell:Creating prefix script '/mnt/nova_ssd/workspaces/navigation/install/local_setup.sh'
[23.515s] INFO:colcon.colcon_core.shell:Creating prefix util module '/mnt/nova_ssd/workspaces/navigation/install/_local_setup_util_sh.py'
[23.516s] INFO:colcon.colcon_core.shell:Creating prefix chain script '/mnt/nova_ssd/workspaces/navigation/install/setup.sh'
[23.530s] INFO:colcon.colcon_core.shell:Creating prefix script '/mnt/nova_ssd/workspaces/navigation/install/local_setup.bash'
[23.532s] INFO:colcon.colcon_core.shell:Creating prefix chain script '/mnt/nova_ssd/workspaces/navigation/install/setup.bash'
[23.536s] INFO:colcon.colcon_core.shell:Creating prefix script '/mnt/nova_ssd/workspaces/navigation/install/local_setup.zsh'
[23.537s] INFO:colcon.colcon_core.shell:Creating prefix chain script '/mnt/nova_ssd/workspaces/navigation/install/setup.zsh'
