[0.027s] Invoking command in '/mnt/nova_ssd/workspaces/yolo_ws/build/ultralytics_ros': CMAKE_PREFIX_PATH=/mnt/nova_ssd/workspaces/yolo_ws/install/ultralytics_ros:/mnt/nova_ssd/workspaces/navigation/install/dwa_main:/mnt/nova_ssd/workspaces/navigation/install/dstar_main:/mnt/nova_ssd/workspaces/navigation/install/costmap_converter:/mnt/nova_ssd/workspaces/navigation/install/costmap_converter_msgs:/mnt/nova_ssd/workspaces/texttopoint_ws/install/point_publisher_pkg:/mnt/nova_ssd/workspaces/kiss-icp_ws/install/kiss_icp:/mnt/nova_ssd/workspaces/3d_lidar/src/ws_livox/install/livox_ros_driver2:/mnt/nova_ssd/workspaces/scout/install/scout_base:/mnt/nova_ssd/workspaces/ai_reconstruction_ws/install/robot_position_listener:/mnt/nova_ssd/workspaces/ai_reconstruction_ws/install/ai_reconstruction:/mnt/nova_ssd/workspaces/pcl_ws/install/my_package:/mnt/nova_ssd/workspaces/pcl_ws/install/livox_tf:/opt/ros/humble:/mnt/nova_ssd/workspaces/scout/install/ugv_sdk:/mnt/nova_ssd/workspaces/scout/install/scout_msgs:/mnt/nova_ssd/workspaces/scout/install/scout_description:/mnt/nova_ssd/workspaces/octomap_ws/install/octomap_example:/mnt/nova_ssd/workspaces/pcl_ws/install/projected_pcl:/mnt/nova_ssd/workspaces/pcl_ws/install/pointcloud_to_laserscan:/mnt/nova_ssd/workspaces/pcl_ws/install/pcl_object_detection:/mnt/nova_ssd/workspaces/pcl_ws/install/pcl_filter /usr/bin/cmake --build /mnt/nova_ssd/workspaces/yolo_ws/build/ultralytics_ros -- -j12 -l12
[0.125s] [  9%] Built target ultralytics_ros__rosidl_generator_c
[0.126s] [ 12%] Built target ament_cmake_python_copy_ultralytics_ros
[0.127s] [ 12%] Built target ultralytics_ros__cpp
[0.160s] [ 21%] Built target ultralytics_ros__rosidl_typesupport_c
[0.177s] [ 39%] Built target ultralytics_ros__rosidl_typesupport_fastrtps_c
[0.177s] [ 39%] Built target ultralytics_ros__rosidl_typesupport_introspection_c
[0.201s] [ 48%] Built target ultralytics_ros__rosidl_typesupport_cpp
[0.228s] [ 57%] Built target ultralytics_ros__rosidl_typesupport_introspection_cpp
[0.233s] [ 66%] Built target ultralytics_ros__rosidl_typesupport_fastrtps_cpp
[0.274s] [ 72%] Built target tracker_with_cloud_node
[0.274s] [ 72%] Built target ultralytics_ros
[0.316s] [ 75%] Built target ultralytics_ros__py
[0.354s] [ 81%] Built target ultralytics_ros__rosidl_generator_py
[0.398s] [ 87%] Built target ultralytics_ros__rosidl_typesupport_fastrtps_c__pyext
[0.399s] [ 93%] Built target ultralytics_ros__rosidl_typesupport_introspection_c__pyext
[0.401s] [100%] Built target ultralytics_ros__rosidl_typesupport_c__pyext
[0.540s] running egg_info
[0.541s] writing ultralytics_ros.egg-info/PKG-INFO
[0.542s] writing dependency_links to ultralytics_ros.egg-info/dependency_links.txt
[0.542s] writing top-level names to ultralytics_ros.egg-info/top_level.txt
[0.546s] reading manifest file 'ultralytics_ros.egg-info/SOURCES.txt'
[0.547s] writing manifest file 'ultralytics_ros.egg-info/SOURCES.txt'
[0.602s] [100%] Built target ament_cmake_python_build_ultralytics_ros_egg
[0.622s] Invoked command in '/mnt/nova_ssd/workspaces/yolo_ws/build/ultralytics_ros' returned '0': CMAKE_PREFIX_PATH=/mnt/nova_ssd/workspaces/yolo_ws/install/ultralytics_ros:/mnt/nova_ssd/workspaces/navigation/install/dwa_main:/mnt/nova_ssd/workspaces/navigation/install/dstar_main:/mnt/nova_ssd/workspaces/navigation/install/costmap_converter:/mnt/nova_ssd/workspaces/navigation/install/costmap_converter_msgs:/mnt/nova_ssd/workspaces/texttopoint_ws/install/point_publisher_pkg:/mnt/nova_ssd/workspaces/kiss-icp_ws/install/kiss_icp:/mnt/nova_ssd/workspaces/3d_lidar/src/ws_livox/install/livox_ros_driver2:/mnt/nova_ssd/workspaces/scout/install/scout_base:/mnt/nova_ssd/workspaces/ai_reconstruction_ws/install/robot_position_listener:/mnt/nova_ssd/workspaces/ai_reconstruction_ws/install/ai_reconstruction:/mnt/nova_ssd/workspaces/pcl_ws/install/my_package:/mnt/nova_ssd/workspaces/pcl_ws/install/livox_tf:/opt/ros/humble:/mnt/nova_ssd/workspaces/scout/install/ugv_sdk:/mnt/nova_ssd/workspaces/scout/install/scout_msgs:/mnt/nova_ssd/workspaces/scout/install/scout_description:/mnt/nova_ssd/workspaces/octomap_ws/install/octomap_example:/mnt/nova_ssd/workspaces/pcl_ws/install/projected_pcl:/mnt/nova_ssd/workspaces/pcl_ws/install/pointcloud_to_laserscan:/mnt/nova_ssd/workspaces/pcl_ws/install/pcl_object_detection:/mnt/nova_ssd/workspaces/pcl_ws/install/pcl_filter /usr/bin/cmake --build /mnt/nova_ssd/workspaces/yolo_ws/build/ultralytics_ros -- -j12 -l12
[0.763s] Invoking command in '/mnt/nova_ssd/workspaces/yolo_ws/build/ultralytics_ros': CMAKE_PREFIX_PATH=/mnt/nova_ssd/workspaces/yolo_ws/install/ultralytics_ros:/mnt/nova_ssd/workspaces/navigation/install/dwa_main:/mnt/nova_ssd/workspaces/navigation/install/dstar_main:/mnt/nova_ssd/workspaces/navigation/install/costmap_converter:/mnt/nova_ssd/workspaces/navigation/install/costmap_converter_msgs:/mnt/nova_ssd/workspaces/texttopoint_ws/install/point_publisher_pkg:/mnt/nova_ssd/workspaces/kiss-icp_ws/install/kiss_icp:/mnt/nova_ssd/workspaces/3d_lidar/src/ws_livox/install/livox_ros_driver2:/mnt/nova_ssd/workspaces/scout/install/scout_base:/mnt/nova_ssd/workspaces/ai_reconstruction_ws/install/robot_position_listener:/mnt/nova_ssd/workspaces/ai_reconstruction_ws/install/ai_reconstruction:/mnt/nova_ssd/workspaces/pcl_ws/install/my_package:/mnt/nova_ssd/workspaces/pcl_ws/install/livox_tf:/opt/ros/humble:/mnt/nova_ssd/workspaces/scout/install/ugv_sdk:/mnt/nova_ssd/workspaces/scout/install/scout_msgs:/mnt/nova_ssd/workspaces/scout/install/scout_description:/mnt/nova_ssd/workspaces/octomap_ws/install/octomap_example:/mnt/nova_ssd/workspaces/pcl_ws/install/projected_pcl:/mnt/nova_ssd/workspaces/pcl_ws/install/pointcloud_to_laserscan:/mnt/nova_ssd/workspaces/pcl_ws/install/pcl_object_detection:/mnt/nova_ssd/workspaces/pcl_ws/install/pcl_filter /usr/bin/cmake --install /mnt/nova_ssd/workspaces/yolo_ws/build/ultralytics_ros
[0.775s] -- Install configuration: ""
[0.775s] -- Up-to-date: /mnt/nova_ssd/workspaces/yolo_ws/install/ultralytics_ros/share/ament_index/resource_index/rosidl_interfaces/ultralytics_ros
[0.775s] -- Up-to-date: /mnt/nova_ssd/workspaces/yolo_ws/install/ultralytics_ros/include/ultralytics_ros/ultralytics_ros
[0.776s] -- Up-to-date: /mnt/nova_ssd/workspaces/yolo_ws/install/ultralytics_ros/include/ultralytics_ros/ultralytics_ros/msg
[0.776s] -- Up-to-date: /mnt/nova_ssd/workspaces/yolo_ws/install/ultralytics_ros/include/ultralytics_ros/ultralytics_ros/msg/detail
[0.776s] -- Up-to-date: /mnt/nova_ssd/workspaces/yolo_ws/install/ultralytics_ros/include/ultralytics_ros/ultralytics_ros/msg/detail/yolo_result__functions.c
[0.776s] -- Up-to-date: /mnt/nova_ssd/workspaces/yolo_ws/install/ultralytics_ros/include/ultralytics_ros/ultralytics_ros/msg/detail/yolo_result__type_support.h
[0.776s] -- Up-to-date: /mnt/nova_ssd/workspaces/yolo_ws/install/ultralytics_ros/include/ultralytics_ros/ultralytics_ros/msg/detail/yolo_result__functions.h
[0.776s] -- Up-to-date: /mnt/nova_ssd/workspaces/yolo_ws/install/ultralytics_ros/include/ultralytics_ros/ultralytics_ros/msg/detail/yolo_result__struct.h
[0.776s] -- Up-to-date: /mnt/nova_ssd/workspaces/yolo_ws/install/ultralytics_ros/include/ultralytics_ros/ultralytics_ros/msg/yolo_result.h
[0.776s] -- Up-to-date: /mnt/nova_ssd/workspaces/yolo_ws/install/ultralytics_ros/include/ultralytics_ros/ultralytics_ros/msg/rosidl_generator_c__visibility_control.h
[0.777s] -- Up-to-date: /mnt/nova_ssd/workspaces/yolo_ws/install/ultralytics_ros/share/ultralytics_ros/environment/library_path.sh
[0.777s] -- Up-to-date: /mnt/nova_ssd/workspaces/yolo_ws/install/ultralytics_ros/share/ultralytics_ros/environment/library_path.dsv
[0.777s] -- Up-to-date: /mnt/nova_ssd/workspaces/yolo_ws/install/ultralytics_ros/lib/libultralytics_ros__rosidl_generator_c.so
[0.777s] -- Up-to-date: /mnt/nova_ssd/workspaces/yolo_ws/install/ultralytics_ros/include/ultralytics_ros/ultralytics_ros
[0.777s] -- Up-to-date: /mnt/nova_ssd/workspaces/yolo_ws/install/ultralytics_ros/include/ultralytics_ros/ultralytics_ros/msg
[0.777s] -- Up-to-date: /mnt/nova_ssd/workspaces/yolo_ws/install/ultralytics_ros/include/ultralytics_ros/ultralytics_ros/msg/detail
[0.777s] -- Up-to-date: /mnt/nova_ssd/workspaces/yolo_ws/install/ultralytics_ros/include/ultralytics_ros/ultralytics_ros/msg/detail/yolo_result__rosidl_typesupport_fastrtps_c.h
[0.777s] -- Up-to-date: /mnt/nova_ssd/workspaces/yolo_ws/install/ultralytics_ros/include/ultralytics_ros/ultralytics_ros/msg/rosidl_typesupport_fastrtps_c__visibility_control.h
[0.777s] -- Up-to-date: /mnt/nova_ssd/workspaces/yolo_ws/install/ultralytics_ros/lib/libultralytics_ros__rosidl_typesupport_fastrtps_c.so
[0.778s] -- Up-to-date: /mnt/nova_ssd/workspaces/yolo_ws/install/ultralytics_ros/include/ultralytics_ros/ultralytics_ros
[0.778s] -- Up-to-date: /mnt/nova_ssd/workspaces/yolo_ws/install/ultralytics_ros/include/ultralytics_ros/ultralytics_ros/msg
[0.778s] -- Up-to-date: /mnt/nova_ssd/workspaces/yolo_ws/install/ultralytics_ros/include/ultralytics_ros/ultralytics_ros/msg/detail
[0.778s] -- Up-to-date: /mnt/nova_ssd/workspaces/yolo_ws/install/ultralytics_ros/include/ultralytics_ros/ultralytics_ros/msg/detail/yolo_result__traits.hpp
[0.778s] -- Up-to-date: /mnt/nova_ssd/workspaces/yolo_ws/install/ultralytics_ros/include/ultralytics_ros/ultralytics_ros/msg/detail/yolo_result__struct.hpp
[0.778s] -- Up-to-date: /mnt/nova_ssd/workspaces/yolo_ws/install/ultralytics_ros/include/ultralytics_ros/ultralytics_ros/msg/detail/yolo_result__builder.hpp
[0.778s] -- Up-to-date: /mnt/nova_ssd/workspaces/yolo_ws/install/ultralytics_ros/include/ultralytics_ros/ultralytics_ros/msg/yolo_result.hpp
[0.778s] -- Up-to-date: /mnt/nova_ssd/workspaces/yolo_ws/install/ultralytics_ros/include/ultralytics_ros/ultralytics_ros
[0.778s] -- Up-to-date: /mnt/nova_ssd/workspaces/yolo_ws/install/ultralytics_ros/include/ultralytics_ros/ultralytics_ros/msg
[0.779s] -- Up-to-date: /mnt/nova_ssd/workspaces/yolo_ws/install/ultralytics_ros/include/ultralytics_ros/ultralytics_ros/msg/detail
[0.779s] -- Up-to-date: /mnt/nova_ssd/workspaces/yolo_ws/install/ultralytics_ros/include/ultralytics_ros/ultralytics_ros/msg/detail/yolo_result__rosidl_typesupport_fastrtps_cpp.hpp
[0.779s] -- Up-to-date: /mnt/nova_ssd/workspaces/yolo_ws/install/ultralytics_ros/include/ultralytics_ros/ultralytics_ros/msg/detail/dds_fastrtps
[0.779s] -- Up-to-date: /mnt/nova_ssd/workspaces/yolo_ws/install/ultralytics_ros/include/ultralytics_ros/ultralytics_ros/msg/rosidl_typesupport_fastrtps_cpp__visibility_control.h
[0.779s] -- Up-to-date: /mnt/nova_ssd/workspaces/yolo_ws/install/ultralytics_ros/lib/libultralytics_ros__rosidl_typesupport_fastrtps_cpp.so
[0.779s] -- Up-to-date: /mnt/nova_ssd/workspaces/yolo_ws/install/ultralytics_ros/include/ultralytics_ros/ultralytics_ros
[0.779s] -- Up-to-date: /mnt/nova_ssd/workspaces/yolo_ws/install/ultralytics_ros/include/ultralytics_ros/ultralytics_ros/msg
[0.779s] -- Up-to-date: /mnt/nova_ssd/workspaces/yolo_ws/install/ultralytics_ros/include/ultralytics_ros/ultralytics_ros/msg/detail
[0.779s] -- Up-to-date: /mnt/nova_ssd/workspaces/yolo_ws/install/ultralytics_ros/include/ultralytics_ros/ultralytics_ros/msg/detail/yolo_result__rosidl_typesupport_introspection_c.h
[0.779s] -- Up-to-date: /mnt/nova_ssd/workspaces/yolo_ws/install/ultralytics_ros/include/ultralytics_ros/ultralytics_ros/msg/detail/yolo_result__type_support.c
[0.780s] -- Up-to-date: /mnt/nova_ssd/workspaces/yolo_ws/install/ultralytics_ros/include/ultralytics_ros/ultralytics_ros/msg/rosidl_typesupport_introspection_c__visibility_control.h
[0.780s] -- Up-to-date: /mnt/nova_ssd/workspaces/yolo_ws/install/ultralytics_ros/lib/libultralytics_ros__rosidl_typesupport_introspection_c.so
[0.780s] -- Up-to-date: /mnt/nova_ssd/workspaces/yolo_ws/install/ultralytics_ros/lib/libultralytics_ros__rosidl_typesupport_c.so
[0.780s] -- Up-to-date: /mnt/nova_ssd/workspaces/yolo_ws/install/ultralytics_ros/include/ultralytics_ros/ultralytics_ros
[0.780s] -- Up-to-date: /mnt/nova_ssd/workspaces/yolo_ws/install/ultralytics_ros/include/ultralytics_ros/ultralytics_ros/msg
[0.780s] -- Up-to-date: /mnt/nova_ssd/workspaces/yolo_ws/install/ultralytics_ros/include/ultralytics_ros/ultralytics_ros/msg/detail
[0.780s] -- Up-to-date: /mnt/nova_ssd/workspaces/yolo_ws/install/ultralytics_ros/include/ultralytics_ros/ultralytics_ros/msg/detail/yolo_result__rosidl_typesupport_introspection_cpp.hpp
[0.780s] -- Up-to-date: /mnt/nova_ssd/workspaces/yolo_ws/install/ultralytics_ros/include/ultralytics_ros/ultralytics_ros/msg/detail/yolo_result__type_support.cpp
[0.780s] -- Up-to-date: /mnt/nova_ssd/workspaces/yolo_ws/install/ultralytics_ros/lib/libultralytics_ros__rosidl_typesupport_introspection_cpp.so
[0.781s] -- Up-to-date: /mnt/nova_ssd/workspaces/yolo_ws/install/ultralytics_ros/lib/libultralytics_ros__rosidl_typesupport_cpp.so
[0.781s] -- Up-to-date: /mnt/nova_ssd/workspaces/yolo_ws/install/ultralytics_ros/share/ultralytics_ros/environment/pythonpath.sh
[0.781s] -- Up-to-date: /mnt/nova_ssd/workspaces/yolo_ws/install/ultralytics_ros/share/ultralytics_ros/environment/pythonpath.dsv
[0.781s] -- Up-to-date: /mnt/nova_ssd/workspaces/yolo_ws/install/ultralytics_ros/local/lib/python3.10/dist-packages/ultralytics_ros-0.0.0-py3.10.egg-info
[0.781s] -- Installing: /mnt/nova_ssd/workspaces/yolo_ws/install/ultralytics_ros/local/lib/python3.10/dist-packages/ultralytics_ros-0.0.0-py3.10.egg-info/PKG-INFO
[0.781s] -- Installing: /mnt/nova_ssd/workspaces/yolo_ws/install/ultralytics_ros/local/lib/python3.10/dist-packages/ultralytics_ros-0.0.0-py3.10.egg-info/dependency_links.txt
[0.781s] -- Installing: /mnt/nova_ssd/workspaces/yolo_ws/install/ultralytics_ros/local/lib/python3.10/dist-packages/ultralytics_ros-0.0.0-py3.10.egg-info/SOURCES.txt
[0.781s] -- Installing: /mnt/nova_ssd/workspaces/yolo_ws/install/ultralytics_ros/local/lib/python3.10/dist-packages/ultralytics_ros-0.0.0-py3.10.egg-info/top_level.txt
[0.781s] -- Up-to-date: /mnt/nova_ssd/workspaces/yolo_ws/install/ultralytics_ros/local/lib/python3.10/dist-packages/ultralytics_ros
[0.781s] -- Up-to-date: /mnt/nova_ssd/workspaces/yolo_ws/install/ultralytics_ros/local/lib/python3.10/dist-packages/ultralytics_ros/_ultralytics_ros_s.ep.rosidl_typesupport_introspection_c.c
[0.781s] -- Up-to-date: /mnt/nova_ssd/workspaces/yolo_ws/install/ultralytics_ros/local/lib/python3.10/dist-packages/ultralytics_ros/msg
[0.782s] -- Up-to-date: /mnt/nova_ssd/workspaces/yolo_ws/install/ultralytics_ros/local/lib/python3.10/dist-packages/ultralytics_ros/msg/_yolo_result_s.c
[0.782s] -- Up-to-date: /mnt/nova_ssd/workspaces/yolo_ws/install/ultralytics_ros/local/lib/python3.10/dist-packages/ultralytics_ros/msg/_yolo_result.py
[0.782s] -- Up-to-date: /mnt/nova_ssd/workspaces/yolo_ws/install/ultralytics_ros/local/lib/python3.10/dist-packages/ultralytics_ros/msg/__init__.py
[0.782s] -- Up-to-date: /mnt/nova_ssd/workspaces/yolo_ws/install/ultralytics_ros/local/lib/python3.10/dist-packages/ultralytics_ros/ultralytics_ros_s__rosidl_typesupport_introspection_c.cpython-310-aarch64-linux-gnu.so
[0.782s] -- Up-to-date: /mnt/nova_ssd/workspaces/yolo_ws/install/ultralytics_ros/local/lib/python3.10/dist-packages/ultralytics_ros/_ultralytics_ros_s.ep.rosidl_typesupport_c.c
[0.782s] -- Up-to-date: /mnt/nova_ssd/workspaces/yolo_ws/install/ultralytics_ros/local/lib/python3.10/dist-packages/ultralytics_ros/libultralytics_ros__rosidl_generator_py.so
[0.782s] -- Up-to-date: /mnt/nova_ssd/workspaces/yolo_ws/install/ultralytics_ros/local/lib/python3.10/dist-packages/ultralytics_ros/_ultralytics_ros_s.ep.rosidl_typesupport_fastrtps_c.c
[0.782s] -- Up-to-date: /mnt/nova_ssd/workspaces/yolo_ws/install/ultralytics_ros/local/lib/python3.10/dist-packages/ultralytics_ros/ultralytics_ros_s__rosidl_typesupport_fastrtps_c.cpython-310-aarch64-linux-gnu.so
[0.782s] -- Up-to-date: /mnt/nova_ssd/workspaces/yolo_ws/install/ultralytics_ros/local/lib/python3.10/dist-packages/ultralytics_ros/ultralytics_ros_s__rosidl_typesupport_c.cpython-310-aarch64-linux-gnu.so
[0.782s] -- Up-to-date: /mnt/nova_ssd/workspaces/yolo_ws/install/ultralytics_ros/local/lib/python3.10/dist-packages/ultralytics_ros/__init__.py
[0.834s] Listing '/mnt/nova_ssd/workspaces/yolo_ws/install/ultralytics_ros/local/lib/python3.10/dist-packages/ultralytics_ros'...
[0.835s] Listing '/mnt/nova_ssd/workspaces/yolo_ws/install/ultralytics_ros/local/lib/python3.10/dist-packages/ultralytics_ros/msg'...
[0.846s] -- Up-to-date: /mnt/nova_ssd/workspaces/yolo_ws/install/ultralytics_ros/local/lib/python3.10/dist-packages/ultralytics_ros/ultralytics_ros_s__rosidl_typesupport_fastrtps_c.cpython-310-aarch64-linux-gnu.so
[0.847s] -- Up-to-date: /mnt/nova_ssd/workspaces/yolo_ws/install/ultralytics_ros/local/lib/python3.10/dist-packages/ultralytics_ros/ultralytics_ros_s__rosidl_typesupport_introspection_c.cpython-310-aarch64-linux-gnu.so
[0.847s] -- Up-to-date: /mnt/nova_ssd/workspaces/yolo_ws/install/ultralytics_ros/local/lib/python3.10/dist-packages/ultralytics_ros/ultralytics_ros_s__rosidl_typesupport_c.cpython-310-aarch64-linux-gnu.so
[0.847s] -- Up-to-date: /mnt/nova_ssd/workspaces/yolo_ws/install/ultralytics_ros/lib/libultralytics_ros__rosidl_generator_py.so
[0.848s] -- Up-to-date: /mnt/nova_ssd/workspaces/yolo_ws/install/ultralytics_ros/share/ultralytics_ros/msg/YoloResult.idl
[0.848s] -- Up-to-date: /mnt/nova_ssd/workspaces/yolo_ws/install/ultralytics_ros/share/ultralytics_ros/msg/YoloResult.msg
[0.848s] -- Up-to-date: /mnt/nova_ssd/workspaces/yolo_ws/install/ultralytics_ros/lib/ultralytics_ros/tracker_with_cloud_node
[0.848s] -- Installing: /mnt/nova_ssd/workspaces/yolo_ws/install/ultralytics_ros/lib/ultralytics_ros/tracker_node.py
[0.849s] -- Up-to-date: /mnt/nova_ssd/workspaces/yolo_ws/install/ultralytics_ros/share/ultralytics_ros/launch
[0.849s] -- Up-to-date: /mnt/nova_ssd/workspaces/yolo_ws/install/ultralytics_ros/share/ultralytics_ros/launch/tracker_with_cloud.launch.xml
[0.849s] -- Up-to-date: /mnt/nova_ssd/workspaces/yolo_ws/install/ultralytics_ros/share/ultralytics_ros/launch/kitti_tracker.launch.xml
[0.849s] -- Up-to-date: /mnt/nova_ssd/workspaces/yolo_ws/install/ultralytics_ros/share/ultralytics_ros/launch/kitti_tracker_with_cloud.launch.xml
[0.849s] -- Up-to-date: /mnt/nova_ssd/workspaces/yolo_ws/install/ultralytics_ros/share/ultralytics_ros/launch/tracker.launch.xml
[0.850s] -- Up-to-date: /mnt/nova_ssd/workspaces/yolo_ws/install/ultralytics_ros/share/ultralytics_ros/rviz2
[0.850s] -- Up-to-date: /mnt/nova_ssd/workspaces/yolo_ws/install/ultralytics_ros/share/ultralytics_ros/rviz2/default.rviz
[0.850s] -- Up-to-date: /mnt/nova_ssd/workspaces/yolo_ws/install/ultralytics_ros/share/ultralytics_ros/rviz2/kitti.rviz
[0.850s] -- Up-to-date: /mnt/nova_ssd/workspaces/yolo_ws/install/ultralytics_ros/share/ament_index/resource_index/package_run_dependencies/ultralytics_ros
[0.850s] -- Up-to-date: /mnt/nova_ssd/workspaces/yolo_ws/install/ultralytics_ros/share/ament_index/resource_index/parent_prefix_path/ultralytics_ros
[0.850s] -- Up-to-date: /mnt/nova_ssd/workspaces/yolo_ws/install/ultralytics_ros/share/ultralytics_ros/environment/ament_prefix_path.sh
[0.850s] -- Up-to-date: /mnt/nova_ssd/workspaces/yolo_ws/install/ultralytics_ros/share/ultralytics_ros/environment/ament_prefix_path.dsv
[0.850s] -- Up-to-date: /mnt/nova_ssd/workspaces/yolo_ws/install/ultralytics_ros/share/ultralytics_ros/environment/path.sh
[0.851s] -- Up-to-date: /mnt/nova_ssd/workspaces/yolo_ws/install/ultralytics_ros/share/ultralytics_ros/environment/path.dsv
[0.851s] -- Up-to-date: /mnt/nova_ssd/workspaces/yolo_ws/install/ultralytics_ros/share/ultralytics_ros/local_setup.bash
[0.851s] -- Up-to-date: /mnt/nova_ssd/workspaces/yolo_ws/install/ultralytics_ros/share/ultralytics_ros/local_setup.sh
[0.851s] -- Up-to-date: /mnt/nova_ssd/workspaces/yolo_ws/install/ultralytics_ros/share/ultralytics_ros/local_setup.zsh
[0.851s] -- Up-to-date: /mnt/nova_ssd/workspaces/yolo_ws/install/ultralytics_ros/share/ultralytics_ros/local_setup.dsv
[0.851s] -- Installing: /mnt/nova_ssd/workspaces/yolo_ws/install/ultralytics_ros/share/ultralytics_ros/package.dsv
[0.851s] -- Up-to-date: /mnt/nova_ssd/workspaces/yolo_ws/install/ultralytics_ros/share/ament_index/resource_index/packages/ultralytics_ros
[0.851s] -- Up-to-date: /mnt/nova_ssd/workspaces/yolo_ws/install/ultralytics_ros/share/ultralytics_ros/cmake/export_ultralytics_ros__rosidl_generator_cExport.cmake
[0.852s] -- Up-to-date: /mnt/nova_ssd/workspaces/yolo_ws/install/ultralytics_ros/share/ultralytics_ros/cmake/export_ultralytics_ros__rosidl_generator_cExport-noconfig.cmake
[0.852s] -- Up-to-date: /mnt/nova_ssd/workspaces/yolo_ws/install/ultralytics_ros/share/ultralytics_ros/cmake/export_ultralytics_ros__rosidl_typesupport_fastrtps_cExport.cmake
[0.852s] -- Up-to-date: /mnt/nova_ssd/workspaces/yolo_ws/install/ultralytics_ros/share/ultralytics_ros/cmake/export_ultralytics_ros__rosidl_typesupport_fastrtps_cExport-noconfig.cmake
[0.852s] -- Up-to-date: /mnt/nova_ssd/workspaces/yolo_ws/install/ultralytics_ros/share/ultralytics_ros/cmake/export_ultralytics_ros__rosidl_generator_cppExport.cmake
[0.852s] -- Up-to-date: /mnt/nova_ssd/workspaces/yolo_ws/install/ultralytics_ros/share/ultralytics_ros/cmake/export_ultralytics_ros__rosidl_typesupport_fastrtps_cppExport.cmake
[0.852s] -- Up-to-date: /mnt/nova_ssd/workspaces/yolo_ws/install/ultralytics_ros/share/ultralytics_ros/cmake/export_ultralytics_ros__rosidl_typesupport_fastrtps_cppExport-noconfig.cmake
[0.852s] -- Up-to-date: /mnt/nova_ssd/workspaces/yolo_ws/install/ultralytics_ros/share/ultralytics_ros/cmake/ultralytics_ros__rosidl_typesupport_introspection_cExport.cmake
[0.852s] -- Up-to-date: /mnt/nova_ssd/workspaces/yolo_ws/install/ultralytics_ros/share/ultralytics_ros/cmake/ultralytics_ros__rosidl_typesupport_introspection_cExport-noconfig.cmake
[0.853s] -- Up-to-date: /mnt/nova_ssd/workspaces/yolo_ws/install/ultralytics_ros/share/ultralytics_ros/cmake/ultralytics_ros__rosidl_typesupport_cExport.cmake
[0.853s] -- Up-to-date: /mnt/nova_ssd/workspaces/yolo_ws/install/ultralytics_ros/share/ultralytics_ros/cmake/ultralytics_ros__rosidl_typesupport_cExport-noconfig.cmake
[0.853s] -- Up-to-date: /mnt/nova_ssd/workspaces/yolo_ws/install/ultralytics_ros/share/ultralytics_ros/cmake/ultralytics_ros__rosidl_typesupport_introspection_cppExport.cmake
[0.853s] -- Up-to-date: /mnt/nova_ssd/workspaces/yolo_ws/install/ultralytics_ros/share/ultralytics_ros/cmake/ultralytics_ros__rosidl_typesupport_introspection_cppExport-noconfig.cmake
[0.853s] -- Up-to-date: /mnt/nova_ssd/workspaces/yolo_ws/install/ultralytics_ros/share/ultralytics_ros/cmake/ultralytics_ros__rosidl_typesupport_cppExport.cmake
[0.853s] -- Up-to-date: /mnt/nova_ssd/workspaces/yolo_ws/install/ultralytics_ros/share/ultralytics_ros/cmake/ultralytics_ros__rosidl_typesupport_cppExport-noconfig.cmake
[0.853s] -- Up-to-date: /mnt/nova_ssd/workspaces/yolo_ws/install/ultralytics_ros/share/ultralytics_ros/cmake/export_ultralytics_ros__rosidl_generator_pyExport.cmake
[0.853s] -- Up-to-date: /mnt/nova_ssd/workspaces/yolo_ws/install/ultralytics_ros/share/ultralytics_ros/cmake/export_ultralytics_ros__rosidl_generator_pyExport-noconfig.cmake
[0.853s] -- Up-to-date: /mnt/nova_ssd/workspaces/yolo_ws/install/ultralytics_ros/share/ultralytics_ros/cmake/rosidl_cmake-extras.cmake
[0.853s] -- Up-to-date: /mnt/nova_ssd/workspaces/yolo_ws/install/ultralytics_ros/share/ultralytics_ros/cmake/ament_cmake_export_dependencies-extras.cmake
[0.853s] -- Up-to-date: /mnt/nova_ssd/workspaces/yolo_ws/install/ultralytics_ros/share/ultralytics_ros/cmake/ament_cmake_export_include_directories-extras.cmake
[0.853s] -- Up-to-date: /mnt/nova_ssd/workspaces/yolo_ws/install/ultralytics_ros/share/ultralytics_ros/cmake/ament_cmake_export_libraries-extras.cmake
[0.854s] -- Up-to-date: /mnt/nova_ssd/workspaces/yolo_ws/install/ultralytics_ros/share/ultralytics_ros/cmake/ament_cmake_export_targets-extras.cmake
[0.854s] -- Up-to-date: /mnt/nova_ssd/workspaces/yolo_ws/install/ultralytics_ros/share/ultralytics_ros/cmake/rosidl_cmake_export_typesupport_targets-extras.cmake
[0.854s] -- Up-to-date: /mnt/nova_ssd/workspaces/yolo_ws/install/ultralytics_ros/share/ultralytics_ros/cmake/rosidl_cmake_export_typesupport_libraries-extras.cmake
[0.854s] -- Up-to-date: /mnt/nova_ssd/workspaces/yolo_ws/install/ultralytics_ros/share/ultralytics_ros/cmake/ultralytics_rosConfig.cmake
[0.854s] -- Up-to-date: /mnt/nova_ssd/workspaces/yolo_ws/install/ultralytics_ros/share/ultralytics_ros/cmake/ultralytics_rosConfig-version.cmake
[0.854s] -- Up-to-date: /mnt/nova_ssd/workspaces/yolo_ws/install/ultralytics_ros/share/ultralytics_ros/package.xml
[0.856s] Invoked command in '/mnt/nova_ssd/workspaces/yolo_ws/build/ultralytics_ros' returned '0': CMAKE_PREFIX_PATH=/mnt/nova_ssd/workspaces/yolo_ws/install/ultralytics_ros:/mnt/nova_ssd/workspaces/navigation/install/dwa_main:/mnt/nova_ssd/workspaces/navigation/install/dstar_main:/mnt/nova_ssd/workspaces/navigation/install/costmap_converter:/mnt/nova_ssd/workspaces/navigation/install/costmap_converter_msgs:/mnt/nova_ssd/workspaces/texttopoint_ws/install/point_publisher_pkg:/mnt/nova_ssd/workspaces/kiss-icp_ws/install/kiss_icp:/mnt/nova_ssd/workspaces/3d_lidar/src/ws_livox/install/livox_ros_driver2:/mnt/nova_ssd/workspaces/scout/install/scout_base:/mnt/nova_ssd/workspaces/ai_reconstruction_ws/install/robot_position_listener:/mnt/nova_ssd/workspaces/ai_reconstruction_ws/install/ai_reconstruction:/mnt/nova_ssd/workspaces/pcl_ws/install/my_package:/mnt/nova_ssd/workspaces/pcl_ws/install/livox_tf:/opt/ros/humble:/mnt/nova_ssd/workspaces/scout/install/ugv_sdk:/mnt/nova_ssd/workspaces/scout/install/scout_msgs:/mnt/nova_ssd/workspaces/scout/install/scout_description:/mnt/nova_ssd/workspaces/octomap_ws/install/octomap_example:/mnt/nova_ssd/workspaces/pcl_ws/install/projected_pcl:/mnt/nova_ssd/workspaces/pcl_ws/install/pointcloud_to_laserscan:/mnt/nova_ssd/workspaces/pcl_ws/install/pcl_object_detection:/mnt/nova_ssd/workspaces/pcl_ws/install/pcl_filter /usr/bin/cmake --install /mnt/nova_ssd/workspaces/yolo_ws/build/ultralytics_ros
